[31-Dec-2022 14:46:59 Asia/Kolkata] PHP Notice:  Undefined index: __user_logid in /var/www/html/erpm/AppCode/nHead.php on line 2
[31-Dec-2022 14:47:02 Asia/Kolkata] PHP Warning:  mysqli_stmt::bind_param(): Number of elements in type definition string doesn't match number of bind variables in /var/www/html/erpm/Controller/ConLog.php on line 464
[31-Dec-2022 14:47:21 Asia/Kolkata] PHP Warning:  mysqli_stmt::bind_param(): Number of elements in type definition string doesn't match number of bind variables in /var/www/html/erpm/Controller/ConLog.php on line 464
[31-Dec-2022 14:47:22 Asia/Kolkata] PHP Notice:  Trying to access array offset on value of type null in /var/www/html/erpm/View/index.php on line 346
[31-Dec-2022 14:47:47 Asia/Kolkata] PHP Notice:  Undefined index: __user_logid in /var/www/html/erpm/AppCode/nHead.php on line 2
[31-Dec-2022 14:48:00 Asia/Kolkata] PHP Warning:  mysqli_stmt::bind_param(): Number of elements in type definition string doesn't match number of bind variables in /var/www/html/erpm/Controller/ConLog.php on line 464
[31-Dec-2022 14:48:01 Asia/Kolkata] PHP Notice:  Trying to access array offset on value of type null in /var/www/html/erpm/View/index.php on line 151
[31-Dec-2022 14:48:01 Asia/Kolkata] PHP Notice:  Trying to access array offset on value of type null in /var/www/html/erpm/View/index.php on line 346
[31-Dec-2022 14:48:01 Asia/Kolkata] PHP Notice:  Trying to access array offset on value of type int in /var/www/html/erpm/AppCode/footer.mpt on line 160
[31-Dec-2022 14:48:09 Asia/Kolkata] PHP Notice:  Trying to access array offset on value of type int in /var/www/html/erpm/AppCode/footer.mpt on line 160
[31-Dec-2022 14:48:50 Asia/Kolkata] PHP Notice:  Trying to access array offset on value of type int in /var/www/html/erpm/AppCode/footer.mpt on line 160
[31-Dec-2022 14:49:21 Asia/Kolkata] PHP Notice:  Trying to access array offset on value of type int in /var/www/html/erpm/AppCode/footer.mpt on line 160
[31-Dec-2022 14:51:43 Asia/Kolkata] PHP Notice:  Undefined index: Emp1 in /var/www/html/erpm/Controller/getCommentDownTime.php on line 8
[31-Dec-2022 14:52:39 Asia/Kolkata] PHP Notice:  Trying to access array offset on value of type int in /var/www/html/erpm/AppCode/footer.mpt on line 160
[31-Dec-2022 14:59:07 Asia/Kolkata] PHP Notice:  Undefined index: __user_logid in /var/www/html/erpm/AppCode/nHead.php on line 2
[31-Dec-2022 14:59:09 Asia/Kolkata] PHP Warning:  mysqli_stmt::bind_param(): Number of elements in type definition string doesn't match number of bind variables in /var/www/html/erpm/Controller/ConLog.php on line 464
[31-Dec-2022 14:59:10 Asia/Kolkata] PHP Notice:  Trying to access array offset on value of type null in /var/www/html/erpm/View/index.php on line 346
[31-Dec-2022 14:59:14 Asia/Kolkata] PHP Notice:  Undefined variable: row in /var/www/html/erpm/View/site_master.php on line 512
[31-Dec-2022 14:59:14 Asia/Kolkata] PHP Notice:  Trying to access array offset on value of type null in /var/www/html/erpm/View/site_master.php on line 512
[31-Dec-2022 14:59:14 Asia/Kolkata] PHP Notice:  Undefined variable: row in /var/www/html/erpm/View/site_master.php on line 514
[31-Dec-2022 14:59:14 Asia/Kolkata] PHP Notice:  Trying to access array offset on value of type null in /var/www/html/erpm/View/site_master.php on line 514
[31-Dec-2022 14:59:14 Asia/Kolkata] PHP Notice:  Undefined variable: row in /var/www/html/erpm/View/site_master.php on line 512
[31-Dec-2022 14:59:14 Asia/Kolkata] PHP Notice:  Trying to access array offset on value of type null in /var/www/html/erpm/View/site_master.php on line 512
[31-Dec-2022 14:59:14 Asia/Kolkata] PHP Notice:  Undefined variable: row in /var/www/html/erpm/View/site_master.php on line 514
[31-Dec-2022 14:59:14 Asia/Kolkata] PHP Notice:  Trying to access array offset on value of type null in /var/www/html/erpm/View/site_master.php on line 514
[31-Dec-2022 14:59:14 Asia/Kolkata] PHP Notice:  Undefined variable: row in /var/www/html/erpm/View/site_master.php on line 512
[31-Dec-2022 14:59:14 Asia/Kolkata] PHP Notice:  Trying to access array offset on value of type null in /var/www/html/erpm/View/site_master.php on line 512
[31-Dec-2022 14:59:14 Asia/Kolkata] PHP Notice:  Undefined variable: row in /var/www/html/erpm/View/site_master.php on line 514
[31-Dec-2022 14:59:14 Asia/Kolkata] PHP Notice:  Trying to access array offset on value of type null in /var/www/html/erpm/View/site_master.php on line 514
[31-Dec-2022 14:59:14 Asia/Kolkata] PHP Notice:  Undefined variable: row in /var/www/html/erpm/View/site_master.php on line 512
[31-Dec-2022 14:59:14 Asia/Kolkata] PHP Notice:  Trying to access array offset on value of type null in /var/www/html/erpm/View/site_master.php on line 512
[31-Dec-2022 14:59:14 Asia/Kolkata] PHP Notice:  Undefined variable: row in /var/www/html/erpm/View/site_master.php on line 514
[31-Dec-2022 14:59:14 Asia/Kolkata] PHP Notice:  Trying to access array offset on value of type null in /var/www/html/erpm/View/site_master.php on line 514
[31-Dec-2022 14:59:14 Asia/Kolkata] PHP Notice:  Undefined variable: row in /var/www/html/erpm/View/site_master.php on line 512
[31-Dec-2022 14:59:14 Asia/Kolkata] PHP Notice:  Trying to access array offset on value of type null in /var/www/html/erpm/View/site_master.php on line 512
[31-Dec-2022 14:59:14 Asia/Kolkata] PHP Notice:  Undefined variable: row in /var/www/html/erpm/View/site_master.php on line 514
[31-Dec-2022 14:59:14 Asia/Kolkata] PHP Notice:  Trying to access array offset on value of type null in /var/www/html/erpm/View/site_master.php on line 514
[31-Dec-2022 14:59:14 Asia/Kolkata] PHP Notice:  Undefined variable: row in /var/www/html/erpm/View/site_master.php on line 512
[31-Dec-2022 14:59:14 Asia/Kolkata] PHP Notice:  Trying to access array offset on value of type null in /var/www/html/erpm/View/site_master.php on line 512
[31-Dec-2022 14:59:14 Asia/Kolkata] PHP Notice:  Undefined variable: row in /var/www/html/erpm/View/site_master.php on line 514
[31-Dec-2022 14:59:14 Asia/Kolkata] PHP Notice:  Trying to access array offset on value of type null in /var/www/html/erpm/View/site_master.php on line 514
[31-Dec-2022 14:59:14 Asia/Kolkata] PHP Notice:  Undefined variable: row in /var/www/html/erpm/View/site_master.php on line 512
[31-Dec-2022 14:59:14 Asia/Kolkata] PHP Notice:  Trying to access array offset on value of type null in /var/www/html/erpm/View/site_master.php on line 512
[31-Dec-2022 14:59:14 Asia/Kolkata] PHP Notice:  Undefined variable: row in /var/www/html/erpm/View/site_master.php on line 514
[31-Dec-2022 14:59:14 Asia/Kolkata] PHP Notice:  Trying to access array offset on value of type null in /var/www/html/erpm/View/site_master.php on line 514
[31-Dec-2022 14:59:31 Asia/Kolkata] PHP Warning:  Invalid argument supplied for foreach() in /var/www/html/erpm/View/site_master.php on line 139
[31-Dec-2022 14:59:31 Asia/Kolkata] PHP Warning:  A non-numeric value encountered in /var/www/html/erpm/View/site_master.php on line 147
[31-Dec-2022 14:59:31 Asia/Kolkata] PHP Notice:  Undefined variable: row in /var/www/html/erpm/View/site_master.php on line 512
[31-Dec-2022 14:59:31 Asia/Kolkata] PHP Notice:  Trying to access array offset on value of type null in /var/www/html/erpm/View/site_master.php on line 512
[31-Dec-2022 14:59:31 Asia/Kolkata] PHP Notice:  Undefined variable: row in /var/www/html/erpm/View/site_master.php on line 514
[31-Dec-2022 14:59:31 Asia/Kolkata] PHP Notice:  Trying to access array offset on value of type null in /var/www/html/erpm/View/site_master.php on line 514
[31-Dec-2022 14:59:31 Asia/Kolkata] PHP Notice:  Undefined variable: row in /var/www/html/erpm/View/site_master.php on line 512
[31-Dec-2022 14:59:31 Asia/Kolkata] PHP Notice:  Trying to access array offset on value of type null in /var/www/html/erpm/View/site_master.php on line 512
[31-Dec-2022 14:59:31 Asia/Kolkata] PHP Notice:  Undefined variable: row in /var/www/html/erpm/View/site_master.php on line 514
[31-Dec-2022 14:59:31 Asia/Kolkata] PHP Notice:  Trying to access array offset on value of type null in /var/www/html/erpm/View/site_master.php on line 514
[31-Dec-2022 14:59:31 Asia/Kolkata] PHP Notice:  Undefined variable: row in /var/www/html/erpm/View/site_master.php on line 512
[31-Dec-2022 14:59:31 Asia/Kolkata] PHP Notice:  Trying to access array offset on value of type null in /var/www/html/erpm/View/site_master.php on line 512
[31-Dec-2022 14:59:31 Asia/Kolkata] PHP Notice:  Undefined variable: row in /var/www/html/erpm/View/site_master.php on line 514
[31-Dec-2022 14:59:31 Asia/Kolkata] PHP Notice:  Trying to access array offset on value of type null in /var/www/html/erpm/View/site_master.php on line 514
[31-Dec-2022 14:59:31 Asia/Kolkata] PHP Notice:  Undefined variable: row in /var/www/html/erpm/View/site_master.php on line 512
[31-Dec-2022 14:59:31 Asia/Kolkata] PHP Notice:  Trying to access array offset on value of type null in /var/www/html/erpm/View/site_master.php on line 512
[31-Dec-2022 14:59:31 Asia/Kolkata] PHP Notice:  Undefined variable: row in /var/www/html/erpm/View/site_master.php on line 514
[31-Dec-2022 14:59:31 Asia/Kolkata] PHP Notice:  Trying to access array offset on value of type null in /var/www/html/erpm/View/site_master.php on line 514
[31-Dec-2022 14:59:31 Asia/Kolkata] PHP Notice:  Undefined variable: row in /var/www/html/erpm/View/site_master.php on line 512
[31-Dec-2022 14:59:31 Asia/Kolkata] PHP Notice:  Trying to access array offset on value of type null in /var/www/html/erpm/View/site_master.php on line 512
[31-Dec-2022 14:59:31 Asia/Kolkata] PHP Notice:  Undefined variable: row in /var/www/html/erpm/View/site_master.php on line 514
[31-Dec-2022 14:59:31 Asia/Kolkata] PHP Notice:  Trying to access array offset on value of type null in /var/www/html/erpm/View/site_master.php on line 514
[31-Dec-2022 14:59:31 Asia/Kolkata] PHP Notice:  Undefined variable: row in /var/www/html/erpm/View/site_master.php on line 512
[31-Dec-2022 14:59:31 Asia/Kolkata] PHP Notice:  Trying to access array offset on value of type null in /var/www/html/erpm/View/site_master.php on line 512
[31-Dec-2022 14:59:31 Asia/Kolkata] PHP Notice:  Undefined variable: row in /var/www/html/erpm/View/site_master.php on line 514
[31-Dec-2022 14:59:31 Asia/Kolkata] PHP Notice:  Trying to access array offset on value of type null in /var/www/html/erpm/View/site_master.php on line 514
[31-Dec-2022 14:59:31 Asia/Kolkata] PHP Notice:  Undefined variable: row in /var/www/html/erpm/View/site_master.php on line 512
[31-Dec-2022 14:59:31 Asia/Kolkata] PHP Notice:  Trying to access array offset on value of type null in /var/www/html/erpm/View/site_master.php on line 512
[31-Dec-2022 14:59:31 Asia/Kolkata] PHP Notice:  Undefined variable: row in /var/www/html/erpm/View/site_master.php on line 514
[31-Dec-2022 14:59:31 Asia/Kolkata] PHP Notice:  Trying to access array offset on value of type null in /var/www/html/erpm/View/site_master.php on line 514
