[11-Jan-2023 16:00:34 Asia/Kolkata] PHP Warning:  mysqli_stmt::bind_param(): Number of elements in type definition string doesn't match number of bind variables in /var/www/html/erpm/Controller/ConLog.php on line 464
[11-Jan-2023 16:00:35 Asia/Kolkata] PHP Notice:  Trying to access array offset on value of type null in /var/www/html/erpm/View/index.php on line 346
[11-Jan-2023 16:00:42 Asia/Kolkata] PHP Notice:  Undefined index: req in /var/www/html/erpm/View/add_leave.php on line 412
[11-Jan-2023 16:00:42 Asia/Kolkata] PHP Notice:  Undefined index: req in /var/www/html/erpm/View/add_leave.php on line 416
[11-Jan-2023 16:00:42 Asia/Kolkata] PHP Notice:  Undefined variable: leave_Level in /var/www/html/erpm/View/add_leave.php on line 904
[11-Jan-2023 16:01:11 Asia/Kolkata] PHP Notice:  Undefined index: req in /var/www/html/erpm/View/add_leave.php on line 412
[11-Jan-2023 16:01:11 Asia/Kolkata] PHP Notice:  Undefined index: req in /var/www/html/erpm/View/add_leave.php on line 416
[11-Jan-2023 16:01:11 Asia/Kolkata] PHP Notice:  Undefined variable: leave_Level in /var/www/html/erpm/View/add_leave.php on line 904
[11-Jan-2023 16:01:35 Asia/Kolkata] PHP Warning:  Cannot modify header information - headers already sent by (output started at /var/www/html/erpm/AppCode/head.mpt:15) in /var/www/html/erpm/View/team_msg.php on line 21
[11-Jan-2023 16:03:01 Asia/Kolkata] PHP Warning:  mysqli_stmt::bind_param(): Number of elements in type definition string doesn't match number of bind variables in /var/www/html/erpm/Controller/ConLog.php on line 464
[11-Jan-2023 16:06:09 Asia/Kolkata] PHP Notice:  Undefined index: __user_logid in /var/www/html/erpm/AppCode/nHead.php on line 2
[11-Jan-2023 16:06:11 Asia/Kolkata] PHP Warning:  mysqli_stmt::bind_param(): Number of elements in type definition string doesn't match number of bind variables in /var/www/html/erpm/Controller/ConLog.php on line 464
[11-Jan-2023 16:06:11 Asia/Kolkata] PHP Warning:  Use of undefined constant EMS_CenterName - assumed 'EMS_CenterName' (this will throw an Error in a future version of PHP) in /var/www/html/erpm/Controller/ConLog.php on line 470
[11-Jan-2023 16:06:11 Asia/Kolkata] PHP Warning:  Use of undefined constant EMAIL_HOST - assumed 'EMAIL_HOST' (this will throw an Error in a future version of PHP) in /var/www/html/erpm/Controller/ConLog.php on line 473
[11-Jan-2023 16:06:11 Asia/Kolkata] PHP Warning:  Use of undefined constant EMAIL_AUTH - assumed 'EMAIL_AUTH' (this will throw an Error in a future version of PHP) in /var/www/html/erpm/Controller/ConLog.php on line 474
[11-Jan-2023 16:06:11 Asia/Kolkata] PHP Warning:  Use of undefined constant EMAIL_USER - assumed 'EMAIL_USER' (this will throw an Error in a future version of PHP) in /var/www/html/erpm/Controller/ConLog.php on line 475
[11-Jan-2023 16:06:11 Asia/Kolkata] PHP Warning:  Use of undefined constant EMAIL_PASS - assumed 'EMAIL_PASS' (this will throw an Error in a future version of PHP) in /var/www/html/erpm/Controller/ConLog.php on line 476
[11-Jan-2023 16:06:11 Asia/Kolkata] PHP Warning:  Use of undefined constant EMAIL_SMTPSecure - assumed 'EMAIL_SMTPSecure' (this will throw an Error in a future version of PHP) in /var/www/html/erpm/Controller/ConLog.php on line 477
[11-Jan-2023 16:06:11 Asia/Kolkata] PHP Warning:  Use of undefined constant EMAIL_PORT - assumed 'EMAIL_PORT' (this will throw an Error in a future version of PHP) in /var/www/html/erpm/Controller/ConLog.php on line 478
[11-Jan-2023 16:06:11 Asia/Kolkata] PHP Warning:  Use of undefined constant EMAIL_FROM - assumed 'EMAIL_FROM' (this will throw an Error in a future version of PHP) in /var/www/html/erpm/Controller/ConLog.php on line 479
[11-Jan-2023 16:06:11 Asia/Kolkata] PHP Warning:  Use of undefined constant EMS_CenterName - assumed 'EMS_CenterName' (this will throw an Error in a future version of PHP) in /var/www/html/erpm/Controller/ConLog.php on line 482
[11-Jan-2023 16:10:53 Asia/Kolkata] PHP Notice:  Undefined index: txt_Type_Upload in /var/www/html/erpm/View/upload_consult_data.php on line 100
[11-Jan-2023 16:11:37 Asia/Kolkata] PHP Notice:  Undefined index: txt_Type_Upload in /var/www/html/erpm/View/upload_consult_data.php on line 100
[11-Jan-2023 16:12:25 Asia/Kolkata] PHP Notice:  Trying to access array offset on value of type int in /var/www/html/erpm/AppData/lib/PHPExcel/Cell/DefaultValueBinder.php on line 86
[11-Jan-2023 16:12:25 Asia/Kolkata] PHP Notice:  Trying to access array offset on value of type int in /var/www/html/erpm/AppData/lib/PHPExcel/Cell/DefaultValueBinder.php on line 86
[11-Jan-2023 16:12:25 Asia/Kolkata] PHP Notice:  Undefined index: txt_Type_Upload in /var/www/html/erpm/View/upload_consult_data.php on line 100
[11-Jan-2023 16:12:46 Asia/Kolkata] PHP Notice:  Trying to access array offset on value of type int in /var/www/html/erpm/AppData/lib/PHPExcel/Cell/DefaultValueBinder.php on line 86
[11-Jan-2023 16:12:46 Asia/Kolkata] PHP Notice:  Trying to access array offset on value of type int in /var/www/html/erpm/AppData/lib/PHPExcel/Cell/DefaultValueBinder.php on line 86
[11-Jan-2023 16:12:46 Asia/Kolkata] PHP Notice:  Undefined index: txt_Type_Upload in /var/www/html/erpm/View/upload_consult_data.php on line 100
[11-Jan-2023 16:15:25 Asia/Kolkata] PHP Notice:  Undefined variable: emp_mail in /var/www/html/erpm/View/employee_serach.php on line 347
[11-Jan-2023 16:15:35 Asia/Kolkata] PHP Notice:  Undefined index: location in /var/www/html/erpm/View/save_personal.php on line 27
[11-Jan-2023 16:15:35 Asia/Kolkata] PHP Notice:  Undefined index: txt_Personal_First in /var/www/html/erpm/View/save_personal.php on line 110
[11-Jan-2023 16:15:35 Asia/Kolkata] PHP Notice:  Undefined index: EmployeeID in /var/www/html/erpm/View/save_personal.php on line 111
[11-Jan-2023 16:15:35 Asia/Kolkata] PHP Notice:  Undefined index: intid in /var/www/html/erpm/View/save_personal.php on line 120
[11-Jan-2023 16:15:46 Asia/Kolkata] PHP Notice:  Undefined offset: 3 in /var/www/html/erpm/View/save_infra.php on line 212
[11-Jan-2023 16:15:46 Asia/Kolkata] PHP Notice:  Undefined offset: 4 in /var/www/html/erpm/View/save_infra.php on line 213
[11-Jan-2023 16:15:46 Asia/Kolkata] PHP Notice:  Undefined offset: 5 in /var/www/html/erpm/View/save_infra.php on line 214
[11-Jan-2023 16:15:46 Asia/Kolkata] PHP Notice:  Undefined offset: 6 in /var/www/html/erpm/View/save_infra.php on line 215
[11-Jan-2023 16:15:46 Asia/Kolkata] PHP Notice:  Undefined offset: 7 in /var/www/html/erpm/View/save_infra.php on line 216
[11-Jan-2023 16:15:46 Asia/Kolkata] PHP Notice:  Undefined offset: 8 in /var/www/html/erpm/View/save_infra.php on line 217
[11-Jan-2023 16:15:46 Asia/Kolkata] PHP Notice:  Undefined offset: 9 in /var/www/html/erpm/View/save_infra.php on line 218
[11-Jan-2023 16:15:46 Asia/Kolkata] PHP Notice:  Undefined offset: 10 in /var/www/html/erpm/View/save_infra.php on line 219
[11-Jan-2023 16:15:46 Asia/Kolkata] PHP Notice:  Undefined offset: 11 in /var/www/html/erpm/View/save_infra.php on line 220
[11-Jan-2023 16:16:08 Asia/Kolkata] PHP Notice:  Undefined index: txt_dateMonth in /var/www/html/erpm/View/team_atnd.php on line 32
[11-Jan-2023 16:16:11 Asia/Kolkata] PHP Notice:  Trying to access array offset on value of type null in /var/www/html/erpm/View/team_atnd.php on line 247
[11-Jan-2023 16:16:11 Asia/Kolkata] PHP Notice:  Trying to access array offset on value of type null in /var/www/html/erpm/View/team_atnd.php on line 319
[11-Jan-2023 16:17:07 Asia/Kolkata] PHP Deprecated:  Array and string offset access syntax with curly braces is deprecated in /var/www/html/erpm/AppData/lib/PHPExcel/Reader/Excel5.php on line 1862
[11-Jan-2023 16:17:07 Asia/Kolkata] PHP Deprecated:  Array and string offset access syntax with curly braces is deprecated in /var/www/html/erpm/AppData/lib/PHPExcel/Reader/Excel5.php on line 1921
[11-Jan-2023 16:17:07 Asia/Kolkata] PHP Deprecated:  Array and string offset access syntax with curly braces is deprecated in /var/www/html/erpm/AppData/lib/PHPExcel/Reader/Excel5.php on line 2060
[11-Jan-2023 16:17:07 Asia/Kolkata] PHP Deprecated:  Array and string offset access syntax with curly braces is deprecated in /var/www/html/erpm/AppData/lib/PHPExcel/Reader/Excel5.php on line 2085
[11-Jan-2023 16:17:07 Asia/Kolkata] PHP Deprecated:  Array and string offset access syntax with curly braces is deprecated in /var/www/html/erpm/AppData/lib/PHPExcel/Reader/Excel5.php on line 2095
[11-Jan-2023 16:17:07 Asia/Kolkata] PHP Deprecated:  Array and string offset access syntax with curly braces is deprecated in /var/www/html/erpm/AppData/lib/PHPExcel/Reader/Excel5.php on line 2113
[11-Jan-2023 16:17:07 Asia/Kolkata] PHP Deprecated:  Array and string offset access syntax with curly braces is deprecated in /var/www/html/erpm/AppData/lib/PHPExcel/Reader/Excel5.php on line 2126
[11-Jan-2023 16:17:07 Asia/Kolkata] PHP Deprecated:  Array and string offset access syntax with curly braces is deprecated in /var/www/html/erpm/AppData/lib/PHPExcel/Reader/Excel5.php on line 2130
[11-Jan-2023 16:17:07 Asia/Kolkata] PHP Deprecated:  Array and string offset access syntax with curly braces is deprecated in /var/www/html/erpm/AppData/lib/PHPExcel/Reader/Excel5.php on line 2212
[11-Jan-2023 16:17:07 Asia/Kolkata] PHP Deprecated:  Array and string offset access syntax with curly braces is deprecated in /var/www/html/erpm/AppData/lib/PHPExcel/Reader/Excel5.php on line 2336
[11-Jan-2023 16:17:07 Asia/Kolkata] PHP Deprecated:  Array and string offset access syntax with curly braces is deprecated in /var/www/html/erpm/AppData/lib/PHPExcel/Reader/Excel5.php on line 2336
[11-Jan-2023 16:17:07 Asia/Kolkata] PHP Deprecated:  Array and string offset access syntax with curly braces is deprecated in /var/www/html/erpm/AppData/lib/PHPExcel/Reader/Excel5.php on line 2336
[11-Jan-2023 16:17:07 Asia/Kolkata] PHP Deprecated:  Array and string offset access syntax with curly braces is deprecated in /var/www/html/erpm/AppData/lib/PHPExcel/Reader/Excel5.php on line 2352
[11-Jan-2023 16:17:07 Asia/Kolkata] PHP Deprecated:  Array and string offset access syntax with curly braces is deprecated in /var/www/html/erpm/AppData/lib/PHPExcel/Reader/Excel5.php on line 2352
[11-Jan-2023 16:17:07 Asia/Kolkata] PHP Deprecated:  Array and string offset access syntax with curly braces is deprecated in /var/www/html/erpm/AppData/lib/PHPExcel/Reader/Excel5.php on line 2352
[11-Jan-2023 16:17:07 Asia/Kolkata] PHP Deprecated:  Array and string offset access syntax with curly braces is deprecated in /var/www/html/erpm/AppData/lib/PHPExcel/Reader/Excel5.php on line 2368
[11-Jan-2023 16:17:07 Asia/Kolkata] PHP Deprecated:  Array and string offset access syntax with curly braces is deprecated in /var/www/html/erpm/AppData/lib/PHPExcel/Reader/Excel5.php on line 2368
[11-Jan-2023 16:17:07 Asia/Kolkata] PHP Deprecated:  Array and string offset access syntax with curly braces is deprecated in /var/www/html/erpm/AppData/lib/PHPExcel/Reader/Excel5.php on line 2368
[11-Jan-2023 16:17:07 Asia/Kolkata] PHP Deprecated:  Array and string offset access syntax with curly braces is deprecated in /var/www/html/erpm/AppData/lib/PHPExcel/Reader/Excel5.php on line 2384
[11-Jan-2023 16:17:07 Asia/Kolkata] PHP Deprecated:  Array and string offset access syntax with curly braces is deprecated in /var/www/html/erpm/AppData/lib/PHPExcel/Reader/Excel5.php on line 2384
[11-Jan-2023 16:17:07 Asia/Kolkata] PHP Deprecated:  Array and string offset access syntax with curly braces is deprecated in /var/www/html/erpm/AppData/lib/PHPExcel/Reader/Excel5.php on line 2384
[11-Jan-2023 16:17:07 Asia/Kolkata] PHP Deprecated:  Array and string offset access syntax with curly braces is deprecated in /var/www/html/erpm/AppData/lib/PHPExcel/Reader/Excel5.php on line 2400
[11-Jan-2023 16:17:07 Asia/Kolkata] PHP Deprecated:  Array and string offset access syntax with curly braces is deprecated in /var/www/html/erpm/AppData/lib/PHPExcel/Reader/Excel5.php on line 2400
[11-Jan-2023 16:17:07 Asia/Kolkata] PHP Deprecated:  Array and string offset access syntax with curly braces is deprecated in /var/www/html/erpm/AppData/lib/PHPExcel/Reader/Excel5.php on line 2400
[11-Jan-2023 16:17:07 Asia/Kolkata] PHP Deprecated:  Array and string offset access syntax with curly braces is deprecated in /var/www/html/erpm/AppData/lib/PHPExcel/Reader/Excel5.php on line 2416
[11-Jan-2023 16:17:07 Asia/Kolkata] PHP Deprecated:  Array and string offset access syntax with curly braces is deprecated in /var/www/html/erpm/AppData/lib/PHPExcel/Reader/Excel5.php on line 2416
[11-Jan-2023 16:17:07 Asia/Kolkata] PHP Deprecated:  Array and string offset access syntax with curly braces is deprecated in /var/www/html/erpm/AppData/lib/PHPExcel/Reader/Excel5.php on line 2416
[11-Jan-2023 16:17:07 Asia/Kolkata] PHP Deprecated:  Array and string offset access syntax with curly braces is deprecated in /var/www/html/erpm/AppData/lib/PHPExcel/Reader/Excel5.php on line 2432
[11-Jan-2023 16:17:07 Asia/Kolkata] PHP Deprecated:  Array and string offset access syntax with curly braces is deprecated in /var/www/html/erpm/AppData/lib/PHPExcel/Reader/Excel5.php on line 2432
[11-Jan-2023 16:17:07 Asia/Kolkata] PHP Deprecated:  Array and string offset access syntax with curly braces is deprecated in /var/www/html/erpm/AppData/lib/PHPExcel/Reader/Excel5.php on line 2432
[11-Jan-2023 16:17:07 Asia/Kolkata] PHP Deprecated:  Array and string offset access syntax with curly braces is deprecated in /var/www/html/erpm/AppData/lib/PHPExcel/Reader/Excel5.php on line 2448
[11-Jan-2023 16:17:07 Asia/Kolkata] PHP Deprecated:  Array and string offset access syntax with curly braces is deprecated in /var/www/html/erpm/AppData/lib/PHPExcel/Reader/Excel5.php on line 2448
[11-Jan-2023 16:17:07 Asia/Kolkata] PHP Deprecated:  Array and string offset access syntax with curly braces is deprecated in /var/www/html/erpm/AppData/lib/PHPExcel/Reader/Excel5.php on line 2448
[11-Jan-2023 16:17:07 Asia/Kolkata] PHP Deprecated:  Array and string offset access syntax with curly braces is deprecated in /var/www/html/erpm/AppData/lib/PHPExcel/Reader/Excel5.php on line 2490
[11-Jan-2023 16:17:07 Asia/Kolkata] PHP Deprecated:  Array and string offset access syntax with curly braces is deprecated in /var/www/html/erpm/AppData/lib/PHPExcel/Reader/Excel5.php on line 2557
[11-Jan-2023 16:17:07 Asia/Kolkata] PHP Deprecated:  Array and string offset access syntax with curly braces is deprecated in /var/www/html/erpm/AppData/lib/PHPExcel/Reader/Excel5.php on line 2565
[11-Jan-2023 16:17:07 Asia/Kolkata] PHP Deprecated:  Array and string offset access syntax with curly braces is deprecated in /var/www/html/erpm/AppData/lib/PHPExcel/Reader/Excel5.php on line 2744
[11-Jan-2023 16:17:07 Asia/Kolkata] PHP Deprecated:  Array and string offset access syntax with curly braces is deprecated in /var/www/html/erpm/AppData/lib/PHPExcel/Reader/Excel5.php on line 2828
[11-Jan-2023 16:17:07 Asia/Kolkata] PHP Deprecated:  Array and string offset access syntax with curly braces is deprecated in /var/www/html/erpm/AppData/lib/PHPExcel/Reader/Excel5.php on line 2897
[11-Jan-2023 16:17:07 Asia/Kolkata] PHP Deprecated:  Array and string offset access syntax with curly braces is deprecated in /var/www/html/erpm/AppData/lib/PHPExcel/Reader/Excel5.php on line 2921
[11-Jan-2023 16:17:07 Asia/Kolkata] PHP Deprecated:  Array and string offset access syntax with curly braces is deprecated in /var/www/html/erpm/AppData/lib/PHPExcel/Reader/Excel5.php on line 3820
[11-Jan-2023 16:17:07 Asia/Kolkata] PHP Deprecated:  Array and string offset access syntax with curly braces is deprecated in /var/www/html/erpm/AppData/lib/PHPExcel/Reader/Excel5.php on line 3844
[11-Jan-2023 16:17:07 Asia/Kolkata] PHP Deprecated:  Array and string offset access syntax with curly braces is deprecated in /var/www/html/erpm/AppData/lib/PHPExcel/Reader/Excel5.php on line 3845
[11-Jan-2023 16:17:07 Asia/Kolkata] PHP Deprecated:  Array and string offset access syntax with curly braces is deprecated in /var/www/html/erpm/AppData/lib/PHPExcel/Reader/Excel5.php on line 3846
[11-Jan-2023 16:17:07 Asia/Kolkata] PHP Deprecated:  Array and string offset access syntax with curly braces is deprecated in /var/www/html/erpm/AppData/lib/PHPExcel/Reader/Excel5.php on line 3860
[11-Jan-2023 16:17:07 Asia/Kolkata] PHP Deprecated:  Array and string offset access syntax with curly braces is deprecated in /var/www/html/erpm/AppData/lib/PHPExcel/Reader/Excel5.php on line 3861
[11-Jan-2023 16:17:07 Asia/Kolkata] PHP Deprecated:  Array and string offset access syntax with curly braces is deprecated in /var/www/html/erpm/AppData/lib/PHPExcel/Reader/Excel5.php on line 3862
[11-Jan-2023 16:17:07 Asia/Kolkata] PHP Deprecated:  Array and string offset access syntax with curly braces is deprecated in /var/www/html/erpm/AppData/lib/PHPExcel/Reader/Excel5.php on line 3866
[11-Jan-2023 16:17:07 Asia/Kolkata] PHP Deprecated:  Array and string offset access syntax with curly braces is deprecated in /var/www/html/erpm/AppData/lib/PHPExcel/Reader/Excel5.php on line 3868
[11-Jan-2023 16:17:07 Asia/Kolkata] PHP Deprecated:  Array and string offset access syntax with curly braces is deprecated in /var/www/html/erpm/AppData/lib/PHPExcel/Reader/Excel5.php on line 3869
[11-Jan-2023 16:17:07 Asia/Kolkata] PHP Deprecated:  Array and string offset access syntax with curly braces is deprecated in /var/www/html/erpm/AppData/lib/PHPExcel/Reader/Excel5.php on line 3870
[11-Jan-2023 16:17:07 Asia/Kolkata] PHP Deprecated:  Array and string offset access syntax with curly braces is deprecated in /var/www/html/erpm/AppData/lib/PHPExcel/Reader/Excel5.php on line 3874
[11-Jan-2023 16:17:07 Asia/Kolkata] PHP Deprecated:  Array and string offset access syntax with curly braces is deprecated in /var/www/html/erpm/AppData/lib/PHPExcel/Reader/Excel5.php on line 3876
[11-Jan-2023 16:17:07 Asia/Kolkata] PHP Deprecated:  Array and string offset access syntax with curly braces is deprecated in /var/www/html/erpm/AppData/lib/PHPExcel/Reader/Excel5.php on line 3877
[11-Jan-2023 16:17:07 Asia/Kolkata] PHP Deprecated:  Array and string offset access syntax with curly braces is deprecated in /var/www/html/erpm/AppData/lib/PHPExcel/Reader/Excel5.php on line 3878
[11-Jan-2023 16:17:07 Asia/Kolkata] PHP Deprecated:  Array and string offset access syntax with curly braces is deprecated in /var/www/html/erpm/AppData/lib/PHPExcel/Reader/Excel5.php on line 3946
[11-Jan-2023 16:17:07 Asia/Kolkata] PHP Deprecated:  Array and string offset access syntax with curly braces is deprecated in /var/www/html/erpm/AppData/lib/PHPExcel/Reader/Excel5.php on line 4013
[11-Jan-2023 16:17:07 Asia/Kolkata] PHP Deprecated:  Array and string offset access syntax with curly braces is deprecated in /var/www/html/erpm/AppData/lib/PHPExcel/Reader/Excel5.php on line 4016
[11-Jan-2023 16:17:07 Asia/Kolkata] PHP Deprecated:  Array and string offset access syntax with curly braces is deprecated in /var/www/html/erpm/AppData/lib/PHPExcel/Reader/Excel5.php on line 4394
[11-Jan-2023 16:17:07 Asia/Kolkata] PHP Deprecated:  Array and string offset access syntax with curly braces is deprecated in /var/www/html/erpm/AppData/lib/PHPExcel/Reader/Excel5.php on line 4546
[11-Jan-2023 16:17:07 Asia/Kolkata] PHP Deprecated:  Array and string offset access syntax with curly braces is deprecated in /var/www/html/erpm/AppData/lib/PHPExcel/Reader/Excel5.php on line 4548
[11-Jan-2023 16:17:07 Asia/Kolkata] PHP Deprecated:  Array and string offset access syntax with curly braces is deprecated in /var/www/html/erpm/AppData/lib/PHPExcel/Reader/Excel5.php on line 6093
[11-Jan-2023 16:17:07 Asia/Kolkata] PHP Deprecated:  Array and string offset access syntax with curly braces is deprecated in /var/www/html/erpm/AppData/lib/PHPExcel/Reader/Excel5.php on line 6096
[11-Jan-2023 16:17:07 Asia/Kolkata] PHP Deprecated:  Array and string offset access syntax with curly braces is deprecated in /var/www/html/erpm/AppData/lib/PHPExcel/Reader/Excel5.php on line 6503
[11-Jan-2023 16:17:07 Asia/Kolkata] PHP Deprecated:  Array and string offset access syntax with curly braces is deprecated in /var/www/html/erpm/AppData/lib/PHPExcel/Reader/Excel5.php on line 6506
[11-Jan-2023 16:17:07 Asia/Kolkata] PHP Deprecated:  Array and string offset access syntax with curly braces is deprecated in /var/www/html/erpm/AppData/lib/PHPExcel/Reader/Excel5.php on line 6509
[11-Jan-2023 16:17:07 Asia/Kolkata] PHP Deprecated:  Array and string offset access syntax with curly braces is deprecated in /var/www/html/erpm/AppData/lib/PHPExcel/Reader/Excel2003XML.php on line 702
[11-Jan-2023 16:17:07 Asia/Kolkata] PHP Deprecated:  Array and string offset access syntax with curly braces is deprecated in /var/www/html/erpm/AppData/lib/PHPExcel/Reader/Excel2003XML.php on line 707
[11-Jan-2023 16:17:07 Asia/Kolkata] PHP Deprecated:  Array and string offset access syntax with curly braces is deprecated in /var/www/html/erpm/AppData/lib/PHPExcel/Reader/SYLK.php on line 171
[11-Jan-2023 16:17:07 Asia/Kolkata] PHP Deprecated:  Array and string offset access syntax with curly braces is deprecated in /var/www/html/erpm/AppData/lib/PHPExcel/Reader/SYLK.php on line 260
[11-Jan-2023 16:17:07 Asia/Kolkata] PHP Deprecated:  Array and string offset access syntax with curly braces is deprecated in /var/www/html/erpm/AppData/lib/PHPExcel/Reader/SYLK.php on line 270
[11-Jan-2023 16:17:07 Asia/Kolkata] PHP Deprecated:  Array and string offset access syntax with curly braces is deprecated in /var/www/html/erpm/AppData/lib/PHPExcel/Reader/SYLK.php on line 294
[11-Jan-2023 16:17:07 Asia/Kolkata] PHP Deprecated:  Array and string offset access syntax with curly braces is deprecated in /var/www/html/erpm/AppData/lib/PHPExcel/Reader/SYLK.php on line 322
[11-Jan-2023 16:17:07 Asia/Kolkata] PHP Deprecated:  Array and string offset access syntax with curly braces is deprecated in /var/www/html/erpm/AppData/lib/PHPExcel/Reader/SYLK.php on line 327
[11-Jan-2023 16:17:07 Asia/Kolkata] PHP Deprecated:  Array and string offset access syntax with curly braces is deprecated in /var/www/html/erpm/AppData/lib/PHPExcel/Reader/SYLK.php on line 355
[11-Jan-2023 16:17:07 Asia/Kolkata] PHP Deprecated:  Array and string offset access syntax with curly braces is deprecated in /var/www/html/erpm/AppData/lib/PHPExcel/Reader/SYLK.php on line 368
[11-Jan-2023 16:17:07 Asia/Kolkata] PHP Deprecated:  Array and string offset access syntax with curly braces is deprecated in /var/www/html/erpm/AppData/lib/PHPExcel/Reader/SYLK.php on line 411
[11-Jan-2023 16:17:07 Asia/Kolkata] PHP Notice:  Undefined index: txt_Type_Upload in /var/www/html/erpm/View/upload_consult_data.php on line 100
[11-Jan-2023 16:18:45 Asia/Kolkata] PHP Warning:  mysqli_stmt::bind_param(): Number of elements in type definition string doesn't match number of bind variables in /var/www/html/erpm/Controller/ConLog.php on line 464
[11-Jan-2023 16:18:46 Asia/Kolkata] PHP Notice:  Trying to access array offset on value of type null in /var/www/html/erpm/View/index.php on line 346
[11-Jan-2023 16:19:08 Asia/Kolkata] PHP Notice:  Undefined index: clientName in /var/www/html/erpm/View/rpt_Atnd_new.php on line 219
[11-Jan-2023 16:19:08 Asia/Kolkata] PHP Notice:  Undefined index: txt_dateMonth in /var/www/html/erpm/View/rpt_Atnd_new.php on line 225
[11-Jan-2023 16:19:08 Asia/Kolkata] PHP Notice:  Undefined variable: monthCount in /var/www/html/erpm/View/rpt_Atnd_new.php on line 230
[11-Jan-2023 16:19:08 Asia/Kolkata] PHP Notice:  Undefined variable: monthCount in /var/www/html/erpm/View/rpt_Atnd_new.php on line 232
[11-Jan-2023 16:19:58 Asia/Kolkata] PHP Warning:  mysqli_stmt::bind_param(): Number of elements in type definition string doesn't match number of bind variables in /var/www/html/erpm/Controller/ConLog.php on line 464
[11-Jan-2023 16:19:58 Asia/Kolkata] PHP Warning:  Use of undefined constant EMS_CenterName - assumed 'EMS_CenterName' (this will throw an Error in a future version of PHP) in /var/www/html/erpm/Controller/ConLog.php on line 470
[11-Jan-2023 16:19:58 Asia/Kolkata] PHP Warning:  Use of undefined constant EMAIL_HOST - assumed 'EMAIL_HOST' (this will throw an Error in a future version of PHP) in /var/www/html/erpm/Controller/ConLog.php on line 473
[11-Jan-2023 16:19:58 Asia/Kolkata] PHP Warning:  Use of undefined constant EMAIL_AUTH - assumed 'EMAIL_AUTH' (this will throw an Error in a future version of PHP) in /var/www/html/erpm/Controller/ConLog.php on line 474
[11-Jan-2023 16:19:58 Asia/Kolkata] PHP Warning:  Use of undefined constant EMAIL_USER - assumed 'EMAIL_USER' (this will throw an Error in a future version of PHP) in /var/www/html/erpm/Controller/ConLog.php on line 475
[11-Jan-2023 16:19:58 Asia/Kolkata] PHP Warning:  Use of undefined constant EMAIL_PASS - assumed 'EMAIL_PASS' (this will throw an Error in a future version of PHP) in /var/www/html/erpm/Controller/ConLog.php on line 476
[11-Jan-2023 16:19:58 Asia/Kolkata] PHP Warning:  Use of undefined constant EMAIL_SMTPSecure - assumed 'EMAIL_SMTPSecure' (this will throw an Error in a future version of PHP) in /var/www/html/erpm/Controller/ConLog.php on line 477
[11-Jan-2023 16:19:58 Asia/Kolkata] PHP Warning:  Use of undefined constant EMAIL_PORT - assumed 'EMAIL_PORT' (this will throw an Error in a future version of PHP) in /var/www/html/erpm/Controller/ConLog.php on line 478
[11-Jan-2023 16:19:58 Asia/Kolkata] PHP Warning:  Use of undefined constant EMAIL_FROM - assumed 'EMAIL_FROM' (this will throw an Error in a future version of PHP) in /var/www/html/erpm/Controller/ConLog.php on line 479
[11-Jan-2023 16:19:58 Asia/Kolkata] PHP Warning:  Use of undefined constant EMS_CenterName - assumed 'EMS_CenterName' (this will throw an Error in a future version of PHP) in /var/www/html/erpm/Controller/ConLog.php on line 482
[11-Jan-2023 16:20:14 Asia/Kolkata] PHP Notice:  Undefined index: cm_id in /var/www/html/erpm/View/manage_consultancy.php on line 235
[11-Jan-2023 16:20:14 Asia/Kolkata] PHP Notice:  Undefined index: client_id in /var/www/html/erpm/View/manage_consultancy.php on line 240
[11-Jan-2023 16:20:14 Asia/Kolkata] PHP Notice:  Undefined index: sub_process in /var/www/html/erpm/View/manage_consultancy.php on line 240
[11-Jan-2023 16:20:14 Asia/Kolkata] PHP Notice:  Undefined index: cm_id in /var/www/html/erpm/View/manage_consultancy.php on line 240
[11-Jan-2023 16:20:14 Asia/Kolkata] PHP Notice:  Undefined index: Client_info in /var/www/html/erpm/View/manage_consultancy.php on line 240
[11-Jan-2023 16:20:14 Asia/Kolkata] PHP Notice:  Undefined index: cm_id in /var/www/html/erpm/View/manage_consultancy.php on line 235
[11-Jan-2023 16:20:14 Asia/Kolkata] PHP Notice:  Undefined index: client_id in /var/www/html/erpm/View/manage_consultancy.php on line 240
[11-Jan-2023 16:20:14 Asia/Kolkata] PHP Notice:  Undefined index: sub_process in /var/www/html/erpm/View/manage_consultancy.php on line 240
[11-Jan-2023 16:20:14 Asia/Kolkata] PHP Notice:  Undefined index: cm_id in /var/www/html/erpm/View/manage_consultancy.php on line 240
[11-Jan-2023 16:20:14 Asia/Kolkata] PHP Notice:  Undefined index: Client_info in /var/www/html/erpm/View/manage_consultancy.php on line 240
[11-Jan-2023 16:20:14 Asia/Kolkata] PHP Notice:  Undefined index: cm_id in /var/www/html/erpm/View/manage_consultancy.php on line 235
[11-Jan-2023 16:20:14 Asia/Kolkata] PHP Notice:  Undefined index: client_id in /var/www/html/erpm/View/manage_consultancy.php on line 240
[11-Jan-2023 16:20:14 Asia/Kolkata] PHP Notice:  Undefined index: sub_process in /var/www/html/erpm/View/manage_consultancy.php on line 240
[11-Jan-2023 16:20:14 Asia/Kolkata] PHP Notice:  Undefined index: cm_id in /var/www/html/erpm/View/manage_consultancy.php on line 240
[11-Jan-2023 16:20:14 Asia/Kolkata] PHP Notice:  Undefined index: Client_info in /var/www/html/erpm/View/manage_consultancy.php on line 240
[11-Jan-2023 16:20:14 Asia/Kolkata] PHP Notice:  Undefined index: cm_id in /var/www/html/erpm/View/manage_consultancy.php on line 235
[11-Jan-2023 16:20:14 Asia/Kolkata] PHP Notice:  Undefined index: client_id in /var/www/html/erpm/View/manage_consultancy.php on line 240
[11-Jan-2023 16:20:14 Asia/Kolkata] PHP Notice:  Undefined index: sub_process in /var/www/html/erpm/View/manage_consultancy.php on line 240
[11-Jan-2023 16:20:14 Asia/Kolkata] PHP Notice:  Undefined index: cm_id in /var/www/html/erpm/View/manage_consultancy.php on line 240
[11-Jan-2023 16:20:14 Asia/Kolkata] PHP Notice:  Undefined index: Client_info in /var/www/html/erpm/View/manage_consultancy.php on line 240
[11-Jan-2023 16:20:14 Asia/Kolkata] PHP Notice:  Undefined index: cm_id in /var/www/html/erpm/View/manage_consultancy.php on line 235
[11-Jan-2023 16:20:14 Asia/Kolkata] PHP Notice:  Undefined index: client_id in /var/www/html/erpm/View/manage_consultancy.php on line 240
[11-Jan-2023 16:20:14 Asia/Kolkata] PHP Notice:  Undefined index: sub_process in /var/www/html/erpm/View/manage_consultancy.php on line 240
[11-Jan-2023 16:20:14 Asia/Kolkata] PHP Notice:  Undefined index: cm_id in /var/www/html/erpm/View/manage_consultancy.php on line 240
[11-Jan-2023 16:20:14 Asia/Kolkata] PHP Notice:  Undefined index: Client_info in /var/www/html/erpm/View/manage_consultancy.php on line 240
[11-Jan-2023 16:20:14 Asia/Kolkata] PHP Notice:  Undefined index: cm_id in /var/www/html/erpm/View/manage_consultancy.php on line 235
[11-Jan-2023 16:20:14 Asia/Kolkata] PHP Notice:  Undefined index: client_id in /var/www/html/erpm/View/manage_consultancy.php on line 240
[11-Jan-2023 16:20:14 Asia/Kolkata] PHP Notice:  Undefined index: sub_process in /var/www/html/erpm/View/manage_consultancy.php on line 240
[11-Jan-2023 16:20:14 Asia/Kolkata] PHP Notice:  Undefined index: cm_id in /var/www/html/erpm/View/manage_consultancy.php on line 240
[11-Jan-2023 16:20:14 Asia/Kolkata] PHP Notice:  Undefined index: Client_info in /var/www/html/erpm/View/manage_consultancy.php on line 240
[11-Jan-2023 16:20:14 Asia/Kolkata] PHP Notice:  Undefined index: cm_id in /var/www/html/erpm/View/manage_consultancy.php on line 235
[11-Jan-2023 16:20:14 Asia/Kolkata] PHP Notice:  Undefined index: client_id in /var/www/html/erpm/View/manage_consultancy.php on line 240
[11-Jan-2023 16:20:14 Asia/Kolkata] PHP Notice:  Undefined index: sub_process in /var/www/html/erpm/View/manage_consultancy.php on line 240
[11-Jan-2023 16:20:14 Asia/Kolkata] PHP Notice:  Undefined index: cm_id in /var/www/html/erpm/View/manage_consultancy.php on line 240
[11-Jan-2023 16:20:14 Asia/Kolkata] PHP Notice:  Undefined index: Client_info in /var/www/html/erpm/View/manage_consultancy.php on line 240
[11-Jan-2023 16:20:14 Asia/Kolkata] PHP Notice:  Undefined index: cm_id in /var/www/html/erpm/View/manage_consultancy.php on line 235
[11-Jan-2023 16:20:14 Asia/Kolkata] PHP Notice:  Undefined index: client_id in /var/www/html/erpm/View/manage_consultancy.php on line 240
[11-Jan-2023 16:20:14 Asia/Kolkata] PHP Notice:  Undefined index: sub_process in /var/www/html/erpm/View/manage_consultancy.php on line 240
[11-Jan-2023 16:20:14 Asia/Kolkata] PHP Notice:  Undefined index: cm_id in /var/www/html/erpm/View/manage_consultancy.php on line 240
[11-Jan-2023 16:20:14 Asia/Kolkata] PHP Notice:  Undefined index: Client_info in /var/www/html/erpm/View/manage_consultancy.php on line 240
[11-Jan-2023 16:20:14 Asia/Kolkata] PHP Notice:  Undefined index: cm_id in /var/www/html/erpm/View/manage_consultancy.php on line 235
[11-Jan-2023 16:20:14 Asia/Kolkata] PHP Notice:  Undefined index: client_id in /var/www/html/erpm/View/manage_consultancy.php on line 240
[11-Jan-2023 16:20:14 Asia/Kolkata] PHP Notice:  Undefined index: sub_process in /var/www/html/erpm/View/manage_consultancy.php on line 240
[11-Jan-2023 16:20:14 Asia/Kolkata] PHP Notice:  Undefined index: cm_id in /var/www/html/erpm/View/manage_consultancy.php on line 240
[11-Jan-2023 16:20:14 Asia/Kolkata] PHP Notice:  Undefined index: Client_info in /var/www/html/erpm/View/manage_consultancy.php on line 240
[11-Jan-2023 16:22:03 Asia/Kolkata] PHP Notice:  Trying to access array offset on value of type null in /var/www/html/erpm/View/index.php on line 346
[11-Jan-2023 16:22:20 Asia/Kolkata] PHP Notice:  Undefined offset: 3 in /var/www/html/erpm/View/save_infra.php on line 212
[11-Jan-2023 16:22:20 Asia/Kolkata] PHP Notice:  Undefined offset: 4 in /var/www/html/erpm/View/save_infra.php on line 213
[11-Jan-2023 16:22:20 Asia/Kolkata] PHP Notice:  Undefined offset: 5 in /var/www/html/erpm/View/save_infra.php on line 214
[11-Jan-2023 16:22:20 Asia/Kolkata] PHP Notice:  Undefined offset: 6 in /var/www/html/erpm/View/save_infra.php on line 215
[11-Jan-2023 16:22:20 Asia/Kolkata] PHP Notice:  Undefined offset: 7 in /var/www/html/erpm/View/save_infra.php on line 216
[11-Jan-2023 16:22:20 Asia/Kolkata] PHP Notice:  Undefined offset: 8 in /var/www/html/erpm/View/save_infra.php on line 217
[11-Jan-2023 16:22:20 Asia/Kolkata] PHP Notice:  Undefined offset: 9 in /var/www/html/erpm/View/save_infra.php on line 218
[11-Jan-2023 16:22:20 Asia/Kolkata] PHP Notice:  Undefined offset: 10 in /var/www/html/erpm/View/save_infra.php on line 219
[11-Jan-2023 16:22:20 Asia/Kolkata] PHP Notice:  Undefined offset: 11 in /var/www/html/erpm/View/save_infra.php on line 220
[11-Jan-2023 16:22:34 Asia/Kolkata] PHP Notice:  Undefined offset: 3 in /var/www/html/erpm/View/save_infra.php on line 212
[11-Jan-2023 16:22:34 Asia/Kolkata] PHP Notice:  Undefined offset: 4 in /var/www/html/erpm/View/save_infra.php on line 213
[11-Jan-2023 16:22:34 Asia/Kolkata] PHP Notice:  Undefined offset: 5 in /var/www/html/erpm/View/save_infra.php on line 214
[11-Jan-2023 16:22:34 Asia/Kolkata] PHP Notice:  Undefined offset: 6 in /var/www/html/erpm/View/save_infra.php on line 215
[11-Jan-2023 16:22:34 Asia/Kolkata] PHP Notice:  Undefined offset: 7 in /var/www/html/erpm/View/save_infra.php on line 216
[11-Jan-2023 16:22:34 Asia/Kolkata] PHP Notice:  Undefined offset: 8 in /var/www/html/erpm/View/save_infra.php on line 217
[11-Jan-2023 16:22:34 Asia/Kolkata] PHP Notice:  Undefined offset: 9 in /var/www/html/erpm/View/save_infra.php on line 218
[11-Jan-2023 16:22:34 Asia/Kolkata] PHP Notice:  Undefined offset: 10 in /var/www/html/erpm/View/save_infra.php on line 219
[11-Jan-2023 16:22:34 Asia/Kolkata] PHP Notice:  Undefined offset: 11 in /var/www/html/erpm/View/save_infra.php on line 220
[11-Jan-2023 16:24:30 Asia/Kolkata] PHP Notice:  Trying to access array offset on value of type null in /var/www/html/erpm/View/index.php on line 346
[11-Jan-2023 16:24:30 Asia/Kolkata] PHP Notice:  Only variables should be passed by reference in /var/www/html/erpm/View/ref_registration1.php on line 50
[11-Jan-2023 16:24:30 Asia/Kolkata] PHP Warning:  mysqli_stmt::bind_param(): Number of elements in type definition string doesn't match number of bind variables in /var/www/html/erpm/View/ref_registration1.php on line 50
[11-Jan-2023 16:24:45 Asia/Kolkata] PHP Notice:  Undefined index: __user_logid in /var/www/html/erpm/AppCode/nHead.php on line 2
[11-Jan-2023 16:24:48 Asia/Kolkata] PHP Notice:  Undefined index: __user_logid in /var/www/html/erpm/AppCode/nHead.php on line 2
[11-Jan-2023 16:28:12 Asia/Kolkata] PHP Notice:  Undefined index: emp_status in /var/www/html/erpm/View/rpt_Roster.php on line 241
[11-Jan-2023 16:28:12 Asia/Kolkata] PHP Notice:  Undefined index: emp_status in /var/www/html/erpm/View/rpt_Roster.php on line 245
[11-Jan-2023 16:30:24 Asia/Kolkata] PHP Notice:  Trying to access array offset on value of type null in /var/www/html/erpm/View/index.php on line 346
[11-Jan-2023 16:30:24 Asia/Kolkata] PHP Notice:  Only variables should be passed by reference in /var/www/html/erpm/View/ref_registration1.php on line 50
[11-Jan-2023 16:30:24 Asia/Kolkata] PHP Warning:  mysqli_stmt::bind_param(): Number of elements in type definition string doesn't match number of bind variables in /var/www/html/erpm/View/ref_registration1.php on line 50
[11-Jan-2023 16:31:04 Asia/Kolkata] PHP Notice:  Undefined index: __user_logid in /var/www/html/erpm/AppCode/nHead.php on line 2
[11-Jan-2023 16:31:10 Asia/Kolkata] PHP Warning:  mysqli_stmt::bind_param(): Number of elements in type definition string doesn't match number of bind variables in /var/www/html/erpm/Controller/ConLog.php on line 464
[11-Jan-2023 16:31:10 Asia/Kolkata] PHP Warning:  Use of undefined constant EMS_CenterName - assumed 'EMS_CenterName' (this will throw an Error in a future version of PHP) in /var/www/html/erpm/Controller/ConLog.php on line 470
[11-Jan-2023 16:31:10 Asia/Kolkata] PHP Warning:  Use of undefined constant EMAIL_HOST - assumed 'EMAIL_HOST' (this will throw an Error in a future version of PHP) in /var/www/html/erpm/Controller/ConLog.php on line 473
[11-Jan-2023 16:31:10 Asia/Kolkata] PHP Warning:  Use of undefined constant EMAIL_AUTH - assumed 'EMAIL_AUTH' (this will throw an Error in a future version of PHP) in /var/www/html/erpm/Controller/ConLog.php on line 474
[11-Jan-2023 16:31:10 Asia/Kolkata] PHP Warning:  Use of undefined constant EMAIL_USER - assumed 'EMAIL_USER' (this will throw an Error in a future version of PHP) in /var/www/html/erpm/Controller/ConLog.php on line 475
[11-Jan-2023 16:31:10 Asia/Kolkata] PHP Warning:  Use of undefined constant EMAIL_PASS - assumed 'EMAIL_PASS' (this will throw an Error in a future version of PHP) in /var/www/html/erpm/Controller/ConLog.php on line 476
[11-Jan-2023 16:31:10 Asia/Kolkata] PHP Warning:  Use of undefined constant EMAIL_SMTPSecure - assumed 'EMAIL_SMTPSecure' (this will throw an Error in a future version of PHP) in /var/www/html/erpm/Controller/ConLog.php on line 477
[11-Jan-2023 16:31:10 Asia/Kolkata] PHP Warning:  Use of undefined constant EMAIL_PORT - assumed 'EMAIL_PORT' (this will throw an Error in a future version of PHP) in /var/www/html/erpm/Controller/ConLog.php on line 478
[11-Jan-2023 16:31:10 Asia/Kolkata] PHP Warning:  Use of undefined constant EMAIL_FROM - assumed 'EMAIL_FROM' (this will throw an Error in a future version of PHP) in /var/www/html/erpm/Controller/ConLog.php on line 479
[11-Jan-2023 16:31:10 Asia/Kolkata] PHP Warning:  Use of undefined constant EMS_CenterName - assumed 'EMS_CenterName' (this will throw an Error in a future version of PHP) in /var/www/html/erpm/Controller/ConLog.php on line 482
