[28-Sep-2023 12:15:36 Asia/Kolkata] PHP Warning:  Undefined array key "__user_logid" in D:\wamp64\www\emsdemo\AppCode\nHead.php on line 2
[28-Sep-2023 12:15:36 Asia/Kolkata] PHP Stack trace:
[28-Sep-2023 12:15:36 Asia/Kolkata] PHP   1. {main}() D:\wamp64\www\emsdemo\View\rpt_ref_register.php:0
[28-Sep-2023 12:15:36 Asia/Kolkata] PHP   2. require() D:\wamp64\www\emsdemo\View\rpt_ref_register.php:6
[28-Sep-2023 12:15:44 Asia/Kolkata] PHP Warning:  Undefined array key "__nda_decl" in D:\wamp64\www\emsdemo\View\index.php on line 132
[28-Sep-2023 12:15:44 Asia/Kolkata] PHP Stack trace:
[28-Sep-2023 12:15:44 Asia/Kolkata] PHP   1. {main}() D:\wamp64\www\emsdemo\View\index.php:0
[28-Sep-2023 12:15:44 Asia/Kolkata] PHP Warning:  Undefined array key "__isms_decl" in D:\wamp64\www\emsdemo\View\index.php on line 137
[28-Sep-2023 12:15:44 Asia/Kolkata] PHP Stack trace:
[28-Sep-2023 12:15:44 Asia/Kolkata] PHP   1. {main}() D:\wamp64\www\emsdemo\View\index.php:0
[28-Sep-2023 12:15:44 Asia/Kolkata] PHP Warning:  Undefined array key "__asset_decl" in D:\wamp64\www\emsdemo\View\index.php on line 141
[28-Sep-2023 12:15:44 Asia/Kolkata] PHP Stack trace:
[28-Sep-2023 12:15:44 Asia/Kolkata] PHP   1. {main}() D:\wamp64\www\emsdemo\View\index.php:0
[28-Sep-2023 12:15:45 Asia/Kolkata] PHP Warning:  Undefined variable $induction_popup_flag in D:\wamp64\www\emsdemo\View\index.php on line 436
[28-Sep-2023 12:15:45 Asia/Kolkata] PHP Stack trace:
[28-Sep-2023 12:15:45 Asia/Kolkata] PHP   1. {main}() D:\wamp64\www\emsdemo\View\index.php:0
[28-Sep-2023 12:15:45 Asia/Kolkata] PHP Warning:  Undefined array key 0 in D:\wamp64\www\emsdemo\View\index.php on line 495
[28-Sep-2023 12:15:45 Asia/Kolkata] PHP Stack trace:
[28-Sep-2023 12:15:45 Asia/Kolkata] PHP   1. {main}() D:\wamp64\www\emsdemo\View\index.php:0
[28-Sep-2023 12:15:45 Asia/Kolkata] PHP Warning:  Trying to access array offset on value of type null in D:\wamp64\www\emsdemo\View\index.php on line 495
[28-Sep-2023 12:15:45 Asia/Kolkata] PHP Stack trace:
[28-Sep-2023 12:15:45 Asia/Kolkata] PHP   1. {main}() D:\wamp64\www\emsdemo\View\index.php:0
[28-Sep-2023 12:15:45 Asia/Kolkata] PHP Warning:  Undefined array key "__AppraisalMonth" in D:\wamp64\www\emsdemo\View\index.php on line 528
[28-Sep-2023 12:15:45 Asia/Kolkata] PHP Stack trace:
[28-Sep-2023 12:15:45 Asia/Kolkata] PHP   1. {main}() D:\wamp64\www\emsdemo\View\index.php:0
[28-Sep-2023 12:15:45 Asia/Kolkata] PHP Deprecated:  stripslashes(): Passing null to parameter #1 ($string) of type string is deprecated in D:\wamp64\www\emsdemo\Config\init.php on line 122
[28-Sep-2023 12:15:45 Asia/Kolkata] PHP Stack trace:
[28-Sep-2023 12:15:45 Asia/Kolkata] PHP   1. {main}() D:\wamp64\www\emsdemo\View\index.php:0
[28-Sep-2023 12:15:45 Asia/Kolkata] PHP   2. clean($data = NULL) D:\wamp64\www\emsdemo\View\index.php:528
[28-Sep-2023 12:15:45 Asia/Kolkata] PHP   3. stripslashes($string = NULL) D:\wamp64\www\emsdemo\Config\init.php:122
[28-Sep-2023 12:15:45 Asia/Kolkata] PHP Warning:  Trying to access array offset on value of type null in D:\wamp64\www\emsdemo\View\index.php on line 536
[28-Sep-2023 12:15:45 Asia/Kolkata] PHP Stack trace:
[28-Sep-2023 12:15:45 Asia/Kolkata] PHP   1. {main}() D:\wamp64\www\emsdemo\View\index.php:0
[28-Sep-2023 12:15:46 Asia/Kolkata] PHP Warning:  Undefined variable $induction_popup_flag in D:\wamp64\www\emsdemo\View\index.php on line 1226
[28-Sep-2023 12:15:46 Asia/Kolkata] PHP Stack trace:
[28-Sep-2023 12:15:46 Asia/Kolkata] PHP   1. {main}() D:\wamp64\www\emsdemo\View\index.php:0
[28-Sep-2023 12:15:46 Asia/Kolkata] PHP Warning:  Undefined array key "param" in D:\wamp64\www\emsdemo\View\index.php on line 1240
[28-Sep-2023 12:15:46 Asia/Kolkata] PHP Stack trace:
[28-Sep-2023 12:15:46 Asia/Kolkata] PHP   1. {main}() D:\wamp64\www\emsdemo\View\index.php:0
[28-Sep-2023 12:24:44 Asia/Kolkata] PHP Fatal error:  Uncaught TypeError: count(): Argument #1 ($value) must be of type Countable|array, null given in D:\wamp64\www\emsdemo\View\rpt_ref_register.php:191
Stack trace:
#0 {main}
  thrown in D:\wamp64\www\emsdemo\View\rpt_ref_register.php on line 191
[28-Sep-2023 12:24:50 Asia/Kolkata] PHP Fatal error:  Uncaught TypeError: count(): Argument #1 ($value) must be of type Countable|array, null given in D:\wamp64\www\emsdemo\View\rpt_ref_register.php:191
Stack trace:
#0 {main}
  thrown in D:\wamp64\www\emsdemo\View\rpt_ref_register.php on line 191
[28-Sep-2023 12:24:56 Asia/Kolkata] PHP Fatal error:  Uncaught TypeError: count(): Argument #1 ($value) must be of type Countable|array, null given in D:\wamp64\www\emsdemo\View\rpt_ref_register.php:191
Stack trace:
#0 {main}
  thrown in D:\wamp64\www\emsdemo\View\rpt_ref_register.php on line 191
[28-Sep-2023 12:27:13 Asia/Kolkata] PHP Fatal error:  Uncaught TypeError: count(): Argument #1 ($value) must be of type Countable|array, null given in D:\wamp64\www\emsdemo\View\rpt_ref_register.php:191
Stack trace:
#0 {main}
  thrown in D:\wamp64\www\emsdemo\View\rpt_ref_register.php on line 191
[28-Sep-2023 12:27:24 Asia/Kolkata] PHP Warning:  Undefined array key "__nda_decl" in D:\wamp64\www\emsdemo\View\index.php on line 132
[28-Sep-2023 12:27:24 Asia/Kolkata] PHP Stack trace:
[28-Sep-2023 12:27:24 Asia/Kolkata] PHP   1. {main}() D:\wamp64\www\emsdemo\View\index.php:0
[28-Sep-2023 12:27:24 Asia/Kolkata] PHP Warning:  Undefined array key "__isms_decl" in D:\wamp64\www\emsdemo\View\index.php on line 137
[28-Sep-2023 12:27:24 Asia/Kolkata] PHP Stack trace:
[28-Sep-2023 12:27:24 Asia/Kolkata] PHP   1. {main}() D:\wamp64\www\emsdemo\View\index.php:0
[28-Sep-2023 12:27:24 Asia/Kolkata] PHP Warning:  Undefined array key "__asset_decl" in D:\wamp64\www\emsdemo\View\index.php on line 141
[28-Sep-2023 12:27:24 Asia/Kolkata] PHP Stack trace:
[28-Sep-2023 12:27:24 Asia/Kolkata] PHP   1. {main}() D:\wamp64\www\emsdemo\View\index.php:0
[28-Sep-2023 12:27:24 Asia/Kolkata] PHP Warning:  Undefined variable $induction_popup_flag in D:\wamp64\www\emsdemo\View\index.php on line 436
[28-Sep-2023 12:27:24 Asia/Kolkata] PHP Stack trace:
[28-Sep-2023 12:27:24 Asia/Kolkata] PHP   1. {main}() D:\wamp64\www\emsdemo\View\index.php:0
[28-Sep-2023 12:27:24 Asia/Kolkata] PHP Warning:  Undefined array key 0 in D:\wamp64\www\emsdemo\View\index.php on line 495
[28-Sep-2023 12:27:24 Asia/Kolkata] PHP Stack trace:
[28-Sep-2023 12:27:24 Asia/Kolkata] PHP   1. {main}() D:\wamp64\www\emsdemo\View\index.php:0
[28-Sep-2023 12:27:24 Asia/Kolkata] PHP Warning:  Trying to access array offset on value of type null in D:\wamp64\www\emsdemo\View\index.php on line 495
[28-Sep-2023 12:27:24 Asia/Kolkata] PHP Stack trace:
[28-Sep-2023 12:27:24 Asia/Kolkata] PHP   1. {main}() D:\wamp64\www\emsdemo\View\index.php:0
[28-Sep-2023 12:27:25 Asia/Kolkata] PHP Warning:  Undefined array key "__AppraisalMonth" in D:\wamp64\www\emsdemo\View\index.php on line 528
[28-Sep-2023 12:27:25 Asia/Kolkata] PHP Stack trace:
[28-Sep-2023 12:27:25 Asia/Kolkata] PHP   1. {main}() D:\wamp64\www\emsdemo\View\index.php:0
[28-Sep-2023 12:27:25 Asia/Kolkata] PHP Deprecated:  stripslashes(): Passing null to parameter #1 ($string) of type string is deprecated in D:\wamp64\www\emsdemo\Config\init.php on line 122
[28-Sep-2023 12:27:25 Asia/Kolkata] PHP Stack trace:
[28-Sep-2023 12:27:25 Asia/Kolkata] PHP   1. {main}() D:\wamp64\www\emsdemo\View\index.php:0
[28-Sep-2023 12:27:25 Asia/Kolkata] PHP   2. clean($data = NULL) D:\wamp64\www\emsdemo\View\index.php:528
[28-Sep-2023 12:27:25 Asia/Kolkata] PHP   3. stripslashes($string = NULL) D:\wamp64\www\emsdemo\Config\init.php:122
[28-Sep-2023 12:27:25 Asia/Kolkata] PHP Warning:  Trying to access array offset on value of type null in D:\wamp64\www\emsdemo\View\index.php on line 536
[28-Sep-2023 12:27:25 Asia/Kolkata] PHP Stack trace:
[28-Sep-2023 12:27:25 Asia/Kolkata] PHP   1. {main}() D:\wamp64\www\emsdemo\View\index.php:0
[28-Sep-2023 12:27:26 Asia/Kolkata] PHP Warning:  Undefined variable $induction_popup_flag in D:\wamp64\www\emsdemo\View\index.php on line 1226
[28-Sep-2023 12:27:26 Asia/Kolkata] PHP Stack trace:
[28-Sep-2023 12:27:26 Asia/Kolkata] PHP   1. {main}() D:\wamp64\www\emsdemo\View\index.php:0
[28-Sep-2023 12:27:26 Asia/Kolkata] PHP Warning:  Undefined array key "param" in D:\wamp64\www\emsdemo\View\index.php on line 1240
[28-Sep-2023 12:27:26 Asia/Kolkata] PHP Stack trace:
[28-Sep-2023 12:27:26 Asia/Kolkata] PHP   1. {main}() D:\wamp64\www\emsdemo\View\index.php:0
[28-Sep-2023 12:35:43 Asia/Kolkata] PHP Warning:  Undefined array key "__nda_decl" in D:\wamp64\www\emsdemo\View\index.php on line 132
[28-Sep-2023 12:35:43 Asia/Kolkata] PHP Stack trace:
[28-Sep-2023 12:35:43 Asia/Kolkata] PHP   1. {main}() D:\wamp64\www\emsdemo\View\index.php:0
[28-Sep-2023 12:35:43 Asia/Kolkata] PHP Warning:  Undefined array key "__isms_decl" in D:\wamp64\www\emsdemo\View\index.php on line 137
[28-Sep-2023 12:35:43 Asia/Kolkata] PHP Stack trace:
[28-Sep-2023 12:35:43 Asia/Kolkata] PHP   1. {main}() D:\wamp64\www\emsdemo\View\index.php:0
[28-Sep-2023 12:35:43 Asia/Kolkata] PHP Warning:  Undefined array key "__asset_decl" in D:\wamp64\www\emsdemo\View\index.php on line 141
[28-Sep-2023 12:35:43 Asia/Kolkata] PHP Stack trace:
[28-Sep-2023 12:35:43 Asia/Kolkata] PHP   1. {main}() D:\wamp64\www\emsdemo\View\index.php:0
[28-Sep-2023 12:35:44 Asia/Kolkata] PHP Warning:  Undefined variable $induction_popup_flag in D:\wamp64\www\emsdemo\View\index.php on line 436
[28-Sep-2023 12:35:44 Asia/Kolkata] PHP Stack trace:
[28-Sep-2023 12:35:44 Asia/Kolkata] PHP   1. {main}() D:\wamp64\www\emsdemo\View\index.php:0
[28-Sep-2023 12:35:44 Asia/Kolkata] PHP Warning:  Undefined array key 0 in D:\wamp64\www\emsdemo\View\index.php on line 495
[28-Sep-2023 12:35:44 Asia/Kolkata] PHP Stack trace:
[28-Sep-2023 12:35:44 Asia/Kolkata] PHP   1. {main}() D:\wamp64\www\emsdemo\View\index.php:0
[28-Sep-2023 12:35:44 Asia/Kolkata] PHP Warning:  Trying to access array offset on value of type null in D:\wamp64\www\emsdemo\View\index.php on line 495
[28-Sep-2023 12:35:44 Asia/Kolkata] PHP Stack trace:
[28-Sep-2023 12:35:44 Asia/Kolkata] PHP   1. {main}() D:\wamp64\www\emsdemo\View\index.php:0
[28-Sep-2023 12:35:44 Asia/Kolkata] PHP Warning:  Undefined array key "__AppraisalMonth" in D:\wamp64\www\emsdemo\View\index.php on line 528
[28-Sep-2023 12:35:44 Asia/Kolkata] PHP Stack trace:
[28-Sep-2023 12:35:44 Asia/Kolkata] PHP   1. {main}() D:\wamp64\www\emsdemo\View\index.php:0
[28-Sep-2023 12:35:44 Asia/Kolkata] PHP Deprecated:  stripslashes(): Passing null to parameter #1 ($string) of type string is deprecated in D:\wamp64\www\emsdemo\Config\init.php on line 122
[28-Sep-2023 12:35:44 Asia/Kolkata] PHP Stack trace:
[28-Sep-2023 12:35:44 Asia/Kolkata] PHP   1. {main}() D:\wamp64\www\emsdemo\View\index.php:0
[28-Sep-2023 12:35:44 Asia/Kolkata] PHP   2. clean($data = NULL) D:\wamp64\www\emsdemo\View\index.php:528
[28-Sep-2023 12:35:44 Asia/Kolkata] PHP   3. stripslashes($string = NULL) D:\wamp64\www\emsdemo\Config\init.php:122
[28-Sep-2023 12:35:44 Asia/Kolkata] PHP Warning:  Trying to access array offset on value of type null in D:\wamp64\www\emsdemo\View\index.php on line 536
[28-Sep-2023 12:35:44 Asia/Kolkata] PHP Stack trace:
[28-Sep-2023 12:35:44 Asia/Kolkata] PHP   1. {main}() D:\wamp64\www\emsdemo\View\index.php:0
[28-Sep-2023 12:35:45 Asia/Kolkata] PHP Warning:  Undefined variable $induction_popup_flag in D:\wamp64\www\emsdemo\View\index.php on line 1226
[28-Sep-2023 12:35:45 Asia/Kolkata] PHP Stack trace:
[28-Sep-2023 12:35:45 Asia/Kolkata] PHP   1. {main}() D:\wamp64\www\emsdemo\View\index.php:0
[28-Sep-2023 12:35:45 Asia/Kolkata] PHP Warning:  Undefined array key "param" in D:\wamp64\www\emsdemo\View\index.php on line 1240
[28-Sep-2023 12:35:45 Asia/Kolkata] PHP Stack trace:
[28-Sep-2023 12:35:45 Asia/Kolkata] PHP   1. {main}() D:\wamp64\www\emsdemo\View\index.php:0
[28-Sep-2023 12:36:08 Asia/Kolkata] PHP Warning:  Undefined array key "__nda_decl" in D:\wamp64\www\emsdemo\View\index.php on line 132
[28-Sep-2023 12:36:08 Asia/Kolkata] PHP Stack trace:
[28-Sep-2023 12:36:08 Asia/Kolkata] PHP   1. {main}() D:\wamp64\www\emsdemo\View\index.php:0
[28-Sep-2023 12:36:08 Asia/Kolkata] PHP Warning:  Undefined array key "__isms_decl" in D:\wamp64\www\emsdemo\View\index.php on line 137
[28-Sep-2023 12:36:08 Asia/Kolkata] PHP Stack trace:
[28-Sep-2023 12:36:08 Asia/Kolkata] PHP   1. {main}() D:\wamp64\www\emsdemo\View\index.php:0
[28-Sep-2023 12:36:08 Asia/Kolkata] PHP Warning:  Undefined array key "__asset_decl" in D:\wamp64\www\emsdemo\View\index.php on line 141
[28-Sep-2023 12:36:08 Asia/Kolkata] PHP Stack trace:
[28-Sep-2023 12:36:08 Asia/Kolkata] PHP   1. {main}() D:\wamp64\www\emsdemo\View\index.php:0
[28-Sep-2023 12:36:09 Asia/Kolkata] PHP Warning:  Undefined variable $induction_popup_flag in D:\wamp64\www\emsdemo\View\index.php on line 436
[28-Sep-2023 12:36:09 Asia/Kolkata] PHP Stack trace:
[28-Sep-2023 12:36:09 Asia/Kolkata] PHP   1. {main}() D:\wamp64\www\emsdemo\View\index.php:0
[28-Sep-2023 12:36:09 Asia/Kolkata] PHP Warning:  Undefined array key 0 in D:\wamp64\www\emsdemo\View\index.php on line 495
[28-Sep-2023 12:36:09 Asia/Kolkata] PHP Stack trace:
[28-Sep-2023 12:36:09 Asia/Kolkata] PHP   1. {main}() D:\wamp64\www\emsdemo\View\index.php:0
[28-Sep-2023 12:36:09 Asia/Kolkata] PHP Warning:  Trying to access array offset on value of type null in D:\wamp64\www\emsdemo\View\index.php on line 495
[28-Sep-2023 12:36:09 Asia/Kolkata] PHP Stack trace:
[28-Sep-2023 12:36:09 Asia/Kolkata] PHP   1. {main}() D:\wamp64\www\emsdemo\View\index.php:0
[28-Sep-2023 12:36:09 Asia/Kolkata] PHP Warning:  Undefined array key "__AppraisalMonth" in D:\wamp64\www\emsdemo\View\index.php on line 528
[28-Sep-2023 12:36:09 Asia/Kolkata] PHP Stack trace:
[28-Sep-2023 12:36:09 Asia/Kolkata] PHP   1. {main}() D:\wamp64\www\emsdemo\View\index.php:0
[28-Sep-2023 12:36:09 Asia/Kolkata] PHP Deprecated:  stripslashes(): Passing null to parameter #1 ($string) of type string is deprecated in D:\wamp64\www\emsdemo\Config\init.php on line 122
[28-Sep-2023 12:36:09 Asia/Kolkata] PHP Stack trace:
[28-Sep-2023 12:36:09 Asia/Kolkata] PHP   1. {main}() D:\wamp64\www\emsdemo\View\index.php:0
[28-Sep-2023 12:36:09 Asia/Kolkata] PHP   2. clean($data = NULL) D:\wamp64\www\emsdemo\View\index.php:528
[28-Sep-2023 12:36:09 Asia/Kolkata] PHP   3. stripslashes($string = NULL) D:\wamp64\www\emsdemo\Config\init.php:122
[28-Sep-2023 12:36:09 Asia/Kolkata] PHP Warning:  Trying to access array offset on value of type null in D:\wamp64\www\emsdemo\View\index.php on line 536
[28-Sep-2023 12:36:09 Asia/Kolkata] PHP Stack trace:
[28-Sep-2023 12:36:09 Asia/Kolkata] PHP   1. {main}() D:\wamp64\www\emsdemo\View\index.php:0
[28-Sep-2023 12:36:10 Asia/Kolkata] PHP Warning:  Undefined variable $induction_popup_flag in D:\wamp64\www\emsdemo\View\index.php on line 1226
[28-Sep-2023 12:36:10 Asia/Kolkata] PHP Stack trace:
[28-Sep-2023 12:36:10 Asia/Kolkata] PHP   1. {main}() D:\wamp64\www\emsdemo\View\index.php:0
[28-Sep-2023 12:36:10 Asia/Kolkata] PHP Warning:  Undefined array key "param" in D:\wamp64\www\emsdemo\View\index.php on line 1240
[28-Sep-2023 12:36:10 Asia/Kolkata] PHP Stack trace:
[28-Sep-2023 12:36:10 Asia/Kolkata] PHP   1. {main}() D:\wamp64\www\emsdemo\View\index.php:0
[28-Sep-2023 12:37:23 Asia/Kolkata] PHP Warning:  Undefined array key "__nda_decl" in D:\wamp64\www\emsdemo\View\index.php on line 132
[28-Sep-2023 12:37:23 Asia/Kolkata] PHP Stack trace:
[28-Sep-2023 12:37:23 Asia/Kolkata] PHP   1. {main}() D:\wamp64\www\emsdemo\View\index.php:0
[28-Sep-2023 12:37:23 Asia/Kolkata] PHP Warning:  Undefined array key "__isms_decl" in D:\wamp64\www\emsdemo\View\index.php on line 137
[28-Sep-2023 12:37:23 Asia/Kolkata] PHP Stack trace:
[28-Sep-2023 12:37:23 Asia/Kolkata] PHP   1. {main}() D:\wamp64\www\emsdemo\View\index.php:0
[28-Sep-2023 12:37:23 Asia/Kolkata] PHP Warning:  Undefined array key "__asset_decl" in D:\wamp64\www\emsdemo\View\index.php on line 141
[28-Sep-2023 12:37:23 Asia/Kolkata] PHP Stack trace:
[28-Sep-2023 12:37:23 Asia/Kolkata] PHP   1. {main}() D:\wamp64\www\emsdemo\View\index.php:0
[28-Sep-2023 12:37:23 Asia/Kolkata] PHP Warning:  Undefined variable $induction_popup_flag in D:\wamp64\www\emsdemo\View\index.php on line 436
[28-Sep-2023 12:37:23 Asia/Kolkata] PHP Stack trace:
[28-Sep-2023 12:37:23 Asia/Kolkata] PHP   1. {main}() D:\wamp64\www\emsdemo\View\index.php:0
[28-Sep-2023 12:37:23 Asia/Kolkata] PHP Warning:  Undefined array key 0 in D:\wamp64\www\emsdemo\View\index.php on line 495
[28-Sep-2023 12:37:23 Asia/Kolkata] PHP Stack trace:
[28-Sep-2023 12:37:23 Asia/Kolkata] PHP   1. {main}() D:\wamp64\www\emsdemo\View\index.php:0
[28-Sep-2023 12:37:23 Asia/Kolkata] PHP Warning:  Trying to access array offset on value of type null in D:\wamp64\www\emsdemo\View\index.php on line 495
[28-Sep-2023 12:37:23 Asia/Kolkata] PHP Stack trace:
[28-Sep-2023 12:37:23 Asia/Kolkata] PHP   1. {main}() D:\wamp64\www\emsdemo\View\index.php:0
[28-Sep-2023 12:37:24 Asia/Kolkata] PHP Warning:  Undefined array key "__AppraisalMonth" in D:\wamp64\www\emsdemo\View\index.php on line 528
[28-Sep-2023 12:37:24 Asia/Kolkata] PHP Stack trace:
[28-Sep-2023 12:37:24 Asia/Kolkata] PHP   1. {main}() D:\wamp64\www\emsdemo\View\index.php:0
[28-Sep-2023 12:37:24 Asia/Kolkata] PHP Deprecated:  stripslashes(): Passing null to parameter #1 ($string) of type string is deprecated in D:\wamp64\www\emsdemo\Config\init.php on line 122
[28-Sep-2023 12:37:24 Asia/Kolkata] PHP Stack trace:
[28-Sep-2023 12:37:24 Asia/Kolkata] PHP   1. {main}() D:\wamp64\www\emsdemo\View\index.php:0
[28-Sep-2023 12:37:24 Asia/Kolkata] PHP   2. clean($data = NULL) D:\wamp64\www\emsdemo\View\index.php:528
[28-Sep-2023 12:37:24 Asia/Kolkata] PHP   3. stripslashes($string = NULL) D:\wamp64\www\emsdemo\Config\init.php:122
[28-Sep-2023 12:37:24 Asia/Kolkata] PHP Warning:  Trying to access array offset on value of type null in D:\wamp64\www\emsdemo\View\index.php on line 536
[28-Sep-2023 12:37:24 Asia/Kolkata] PHP Stack trace:
[28-Sep-2023 12:37:24 Asia/Kolkata] PHP   1. {main}() D:\wamp64\www\emsdemo\View\index.php:0
[28-Sep-2023 12:37:25 Asia/Kolkata] PHP Warning:  Undefined variable $induction_popup_flag in D:\wamp64\www\emsdemo\View\index.php on line 1226
[28-Sep-2023 12:37:25 Asia/Kolkata] PHP Stack trace:
[28-Sep-2023 12:37:25 Asia/Kolkata] PHP   1. {main}() D:\wamp64\www\emsdemo\View\index.php:0
[28-Sep-2023 12:37:25 Asia/Kolkata] PHP Warning:  Undefined array key "param" in D:\wamp64\www\emsdemo\View\index.php on line 1240
[28-Sep-2023 12:37:25 Asia/Kolkata] PHP Stack trace:
[28-Sep-2023 12:37:25 Asia/Kolkata] PHP   1. {main}() D:\wamp64\www\emsdemo\View\index.php:0
[28-Sep-2023 12:59:34 Asia/Kolkata] PHP Warning:  Undefined array key "__user_logid" in D:\wamp64\www\emsdemo\AppCode\nHead.php on line 2
[28-Sep-2023 12:59:34 Asia/Kolkata] PHP Stack trace:
[28-Sep-2023 12:59:34 Asia/Kolkata] PHP   1. {main}() D:\wamp64\www\emsdemo\View\rpt_ref_register.php:0
[28-Sep-2023 12:59:34 Asia/Kolkata] PHP   2. require() D:\wamp64\www\emsdemo\View\rpt_ref_register.php:6
[28-Sep-2023 12:59:55 Asia/Kolkata] PHP Warning:  Undefined array key "__nda_decl" in D:\wamp64\www\emsdemo\View\index.php on line 132
[28-Sep-2023 12:59:55 Asia/Kolkata] PHP Stack trace:
[28-Sep-2023 12:59:55 Asia/Kolkata] PHP   1. {main}() D:\wamp64\www\emsdemo\View\index.php:0
[28-Sep-2023 12:59:55 Asia/Kolkata] PHP Warning:  Undefined array key "__isms_decl" in D:\wamp64\www\emsdemo\View\index.php on line 137
[28-Sep-2023 12:59:55 Asia/Kolkata] PHP Stack trace:
[28-Sep-2023 12:59:55 Asia/Kolkata] PHP   1. {main}() D:\wamp64\www\emsdemo\View\index.php:0
[28-Sep-2023 12:59:55 Asia/Kolkata] PHP Warning:  Undefined array key "__asset_decl" in D:\wamp64\www\emsdemo\View\index.php on line 141
[28-Sep-2023 12:59:55 Asia/Kolkata] PHP Stack trace:
[28-Sep-2023 12:59:55 Asia/Kolkata] PHP   1. {main}() D:\wamp64\www\emsdemo\View\index.php:0
[28-Sep-2023 12:59:57 Asia/Kolkata] PHP Warning:  Undefined variable $induction_popup_flag in D:\wamp64\www\emsdemo\View\index.php on line 436
[28-Sep-2023 12:59:57 Asia/Kolkata] PHP Stack trace:
[28-Sep-2023 12:59:57 Asia/Kolkata] PHP   1. {main}() D:\wamp64\www\emsdemo\View\index.php:0
[28-Sep-2023 12:59:57 Asia/Kolkata] PHP Warning:  Undefined array key 0 in D:\wamp64\www\emsdemo\View\index.php on line 495
[28-Sep-2023 12:59:57 Asia/Kolkata] PHP Stack trace:
[28-Sep-2023 12:59:57 Asia/Kolkata] PHP   1. {main}() D:\wamp64\www\emsdemo\View\index.php:0
[28-Sep-2023 12:59:57 Asia/Kolkata] PHP Warning:  Trying to access array offset on value of type null in D:\wamp64\www\emsdemo\View\index.php on line 495
[28-Sep-2023 12:59:57 Asia/Kolkata] PHP Stack trace:
[28-Sep-2023 12:59:57 Asia/Kolkata] PHP   1. {main}() D:\wamp64\www\emsdemo\View\index.php:0
[28-Sep-2023 12:59:58 Asia/Kolkata] PHP Warning:  Undefined array key "__AppraisalMonth" in D:\wamp64\www\emsdemo\View\index.php on line 528
[28-Sep-2023 12:59:58 Asia/Kolkata] PHP Stack trace:
[28-Sep-2023 12:59:58 Asia/Kolkata] PHP   1. {main}() D:\wamp64\www\emsdemo\View\index.php:0
[28-Sep-2023 12:59:58 Asia/Kolkata] PHP Deprecated:  stripslashes(): Passing null to parameter #1 ($string) of type string is deprecated in D:\wamp64\www\emsdemo\Config\init.php on line 122
[28-Sep-2023 12:59:58 Asia/Kolkata] PHP Stack trace:
[28-Sep-2023 12:59:58 Asia/Kolkata] PHP   1. {main}() D:\wamp64\www\emsdemo\View\index.php:0
[28-Sep-2023 12:59:58 Asia/Kolkata] PHP   2. clean($data = NULL) D:\wamp64\www\emsdemo\View\index.php:528
[28-Sep-2023 12:59:58 Asia/Kolkata] PHP   3. stripslashes($string = NULL) D:\wamp64\www\emsdemo\Config\init.php:122
[28-Sep-2023 12:59:58 Asia/Kolkata] PHP Warning:  Trying to access array offset on value of type null in D:\wamp64\www\emsdemo\View\index.php on line 536
[28-Sep-2023 12:59:58 Asia/Kolkata] PHP Stack trace:
[28-Sep-2023 12:59:58 Asia/Kolkata] PHP   1. {main}() D:\wamp64\www\emsdemo\View\index.php:0
[28-Sep-2023 13:00:00 Asia/Kolkata] PHP Warning:  Undefined variable $induction_popup_flag in D:\wamp64\www\emsdemo\View\index.php on line 1226
[28-Sep-2023 13:00:00 Asia/Kolkata] PHP Stack trace:
[28-Sep-2023 13:00:00 Asia/Kolkata] PHP   1. {main}() D:\wamp64\www\emsdemo\View\index.php:0
[28-Sep-2023 13:00:00 Asia/Kolkata] PHP Warning:  Undefined array key "param" in D:\wamp64\www\emsdemo\View\index.php on line 1240
[28-Sep-2023 13:00:00 Asia/Kolkata] PHP Stack trace:
[28-Sep-2023 13:00:00 Asia/Kolkata] PHP   1. {main}() D:\wamp64\www\emsdemo\View\index.php:0
