[26-Sep-2023 11:08:45 Asia/Kolkata] PHP Notice:  Undefined index: __user_logid in D:\wamp64\www\emsdemo\AppCode\nHead.php on line 2
[26-Sep-2023 11:08:45 Asia/Kolkata] PHP Stack trace:
[26-Sep-2023 11:08:45 Asia/Kolkata] PHP   1. {main}() D:\wamp64\www\emsdemo\View\Appraisal_Master.php:0
[26-Sep-2023 11:08:45 Asia/Kolkata] PHP   2. require() D:\wamp64\www\emsdemo\View\Appraisal_Master.php:9
[26-Sep-2023 11:08:53 Asia/Kolkata] PHP Notice:  Undefined index: __nda_decl in D:\wamp64\www\emsdemo\View\index.php on line 132
[26-Sep-2023 11:08:53 Asia/Kolkata] PHP Stack trace:
[26-Sep-2023 11:08:53 Asia/Kolkata] PHP   1. {main}() D:\wamp64\www\emsdemo\View\index.php:0
[26-Sep-2023 11:08:53 Asia/Kolkata] PHP Notice:  Undefined index: __isms_decl in D:\wamp64\www\emsdemo\View\index.php on line 137
[26-Sep-2023 11:08:53 Asia/Kolkata] PHP Stack trace:
[26-Sep-2023 11:08:53 Asia/Kolkata] PHP   1. {main}() D:\wamp64\www\emsdemo\View\index.php:0
[26-Sep-2023 11:08:53 Asia/Kolkata] PHP Notice:  Undefined index: __asset_decl in D:\wamp64\www\emsdemo\View\index.php on line 141
[26-Sep-2023 11:08:53 Asia/Kolkata] PHP Stack trace:
[26-Sep-2023 11:08:53 Asia/Kolkata] PHP   1. {main}() D:\wamp64\www\emsdemo\View\index.php:0
[26-Sep-2023 11:08:54 Asia/Kolkata] PHP Notice:  Undefined variable: induction_popup_flag in D:\wamp64\www\emsdemo\View\index.php on line 436
[26-Sep-2023 11:08:54 Asia/Kolkata] PHP Stack trace:
[26-Sep-2023 11:08:54 Asia/Kolkata] PHP   1. {main}() D:\wamp64\www\emsdemo\View\index.php:0
[26-Sep-2023 11:08:54 Asia/Kolkata] PHP Notice:  Undefined offset: 0 in D:\wamp64\www\emsdemo\View\index.php on line 495
[26-Sep-2023 11:08:54 Asia/Kolkata] PHP Stack trace:
[26-Sep-2023 11:08:54 Asia/Kolkata] PHP   1. {main}() D:\wamp64\www\emsdemo\View\index.php:0
[26-Sep-2023 11:08:54 Asia/Kolkata] PHP Notice:  Trying to access array offset on value of type null in D:\wamp64\www\emsdemo\View\index.php on line 495
[26-Sep-2023 11:08:54 Asia/Kolkata] PHP Stack trace:
[26-Sep-2023 11:08:54 Asia/Kolkata] PHP   1. {main}() D:\wamp64\www\emsdemo\View\index.php:0
[26-Sep-2023 11:08:55 Asia/Kolkata] PHP Notice:  Undefined index: __AppraisalMonth in D:\wamp64\www\emsdemo\View\index.php on line 528
[26-Sep-2023 11:08:55 Asia/Kolkata] PHP Stack trace:
[26-Sep-2023 11:08:55 Asia/Kolkata] PHP   1. {main}() D:\wamp64\www\emsdemo\View\index.php:0
[26-Sep-2023 11:08:55 Asia/Kolkata] PHP Notice:  Trying to access array offset on value of type null in D:\wamp64\www\emsdemo\View\index.php on line 536
[26-Sep-2023 11:08:55 Asia/Kolkata] PHP Stack trace:
[26-Sep-2023 11:08:55 Asia/Kolkata] PHP   1. {main}() D:\wamp64\www\emsdemo\View\index.php:0
[26-Sep-2023 11:08:56 Asia/Kolkata] PHP Notice:  Undefined variable: induction_popup_flag in D:\wamp64\www\emsdemo\View\index.php on line 1226
[26-Sep-2023 11:08:56 Asia/Kolkata] PHP Stack trace:
[26-Sep-2023 11:08:56 Asia/Kolkata] PHP   1. {main}() D:\wamp64\www\emsdemo\View\index.php:0
[26-Sep-2023 11:08:56 Asia/Kolkata] PHP Notice:  Undefined index: param in D:\wamp64\www\emsdemo\View\index.php on line 1240
[26-Sep-2023 11:08:56 Asia/Kolkata] PHP Stack trace:
[26-Sep-2023 11:08:56 Asia/Kolkata] PHP   1. {main}() D:\wamp64\www\emsdemo\View\index.php:0
[26-Sep-2023 11:09:20 Asia/Kolkata] PHP Notice:  Undefined index: __nda_decl in D:\wamp64\www\emsdemo\View\index.php on line 132
[26-Sep-2023 11:09:20 Asia/Kolkata] PHP Stack trace:
[26-Sep-2023 11:09:20 Asia/Kolkata] PHP   1. {main}() D:\wamp64\www\emsdemo\View\index.php:0
[26-Sep-2023 11:09:20 Asia/Kolkata] PHP Notice:  Undefined index: __isms_decl in D:\wamp64\www\emsdemo\View\index.php on line 137
[26-Sep-2023 11:09:20 Asia/Kolkata] PHP Stack trace:
[26-Sep-2023 11:09:20 Asia/Kolkata] PHP   1. {main}() D:\wamp64\www\emsdemo\View\index.php:0
[26-Sep-2023 11:09:20 Asia/Kolkata] PHP Notice:  Undefined index: __asset_decl in D:\wamp64\www\emsdemo\View\index.php on line 141
[26-Sep-2023 11:09:20 Asia/Kolkata] PHP Stack trace:
[26-Sep-2023 11:09:20 Asia/Kolkata] PHP   1. {main}() D:\wamp64\www\emsdemo\View\index.php:0
[26-Sep-2023 11:09:21 Asia/Kolkata] PHP Notice:  Undefined variable: induction_popup_flag in D:\wamp64\www\emsdemo\View\index.php on line 436
[26-Sep-2023 11:09:21 Asia/Kolkata] PHP Stack trace:
[26-Sep-2023 11:09:21 Asia/Kolkata] PHP   1. {main}() D:\wamp64\www\emsdemo\View\index.php:0
[26-Sep-2023 11:09:21 Asia/Kolkata] PHP Notice:  Undefined offset: 0 in D:\wamp64\www\emsdemo\View\index.php on line 495
[26-Sep-2023 11:09:21 Asia/Kolkata] PHP Stack trace:
[26-Sep-2023 11:09:21 Asia/Kolkata] PHP   1. {main}() D:\wamp64\www\emsdemo\View\index.php:0
[26-Sep-2023 11:09:21 Asia/Kolkata] PHP Notice:  Trying to access array offset on value of type null in D:\wamp64\www\emsdemo\View\index.php on line 495
[26-Sep-2023 11:09:21 Asia/Kolkata] PHP Stack trace:
[26-Sep-2023 11:09:21 Asia/Kolkata] PHP   1. {main}() D:\wamp64\www\emsdemo\View\index.php:0
[26-Sep-2023 11:09:22 Asia/Kolkata] PHP Notice:  Undefined index: __AppraisalMonth in D:\wamp64\www\emsdemo\View\index.php on line 528
[26-Sep-2023 11:09:22 Asia/Kolkata] PHP Stack trace:
[26-Sep-2023 11:09:22 Asia/Kolkata] PHP   1. {main}() D:\wamp64\www\emsdemo\View\index.php:0
[26-Sep-2023 11:09:22 Asia/Kolkata] PHP Notice:  Trying to access array offset on value of type null in D:\wamp64\www\emsdemo\View\index.php on line 536
[26-Sep-2023 11:09:22 Asia/Kolkata] PHP Stack trace:
[26-Sep-2023 11:09:22 Asia/Kolkata] PHP   1. {main}() D:\wamp64\www\emsdemo\View\index.php:0
[26-Sep-2023 11:09:23 Asia/Kolkata] PHP Notice:  Undefined variable: induction_popup_flag in D:\wamp64\www\emsdemo\View\index.php on line 1226
[26-Sep-2023 11:09:23 Asia/Kolkata] PHP Stack trace:
[26-Sep-2023 11:09:23 Asia/Kolkata] PHP   1. {main}() D:\wamp64\www\emsdemo\View\index.php:0
[26-Sep-2023 11:09:23 Asia/Kolkata] PHP Notice:  Undefined index: param in D:\wamp64\www\emsdemo\View\index.php on line 1240
[26-Sep-2023 11:09:23 Asia/Kolkata] PHP Stack trace:
[26-Sep-2023 11:09:23 Asia/Kolkata] PHP   1. {main}() D:\wamp64\www\emsdemo\View\index.php:0
[26-Sep-2023 11:10:52 Asia/Kolkata] PHP Notice:  Undefined index: __nda_decl in D:\wamp64\www\emsdemo\View\index.php on line 132
[26-Sep-2023 11:10:52 Asia/Kolkata] PHP Stack trace:
[26-Sep-2023 11:10:52 Asia/Kolkata] PHP   1. {main}() D:\wamp64\www\emsdemo\View\index.php:0
[26-Sep-2023 11:10:52 Asia/Kolkata] PHP Notice:  Undefined index: __isms_decl in D:\wamp64\www\emsdemo\View\index.php on line 137
[26-Sep-2023 11:10:52 Asia/Kolkata] PHP Stack trace:
[26-Sep-2023 11:10:52 Asia/Kolkata] PHP   1. {main}() D:\wamp64\www\emsdemo\View\index.php:0
[26-Sep-2023 11:10:52 Asia/Kolkata] PHP Notice:  Undefined index: __asset_decl in D:\wamp64\www\emsdemo\View\index.php on line 141
[26-Sep-2023 11:10:52 Asia/Kolkata] PHP Stack trace:
[26-Sep-2023 11:10:52 Asia/Kolkata] PHP   1. {main}() D:\wamp64\www\emsdemo\View\index.php:0
[26-Sep-2023 11:10:53 Asia/Kolkata] PHP Notice:  Undefined variable: induction_popup_flag in D:\wamp64\www\emsdemo\View\index.php on line 436
[26-Sep-2023 11:10:53 Asia/Kolkata] PHP Stack trace:
[26-Sep-2023 11:10:53 Asia/Kolkata] PHP   1. {main}() D:\wamp64\www\emsdemo\View\index.php:0
[26-Sep-2023 11:10:53 Asia/Kolkata] PHP Notice:  Undefined offset: 0 in D:\wamp64\www\emsdemo\View\index.php on line 495
[26-Sep-2023 11:10:53 Asia/Kolkata] PHP Stack trace:
[26-Sep-2023 11:10:53 Asia/Kolkata] PHP   1. {main}() D:\wamp64\www\emsdemo\View\index.php:0
[26-Sep-2023 11:10:53 Asia/Kolkata] PHP Notice:  Trying to access array offset on value of type null in D:\wamp64\www\emsdemo\View\index.php on line 495
[26-Sep-2023 11:10:53 Asia/Kolkata] PHP Stack trace:
[26-Sep-2023 11:10:53 Asia/Kolkata] PHP   1. {main}() D:\wamp64\www\emsdemo\View\index.php:0
[26-Sep-2023 11:10:53 Asia/Kolkata] PHP Notice:  Undefined index: __AppraisalMonth in D:\wamp64\www\emsdemo\View\index.php on line 528
[26-Sep-2023 11:10:53 Asia/Kolkata] PHP Stack trace:
[26-Sep-2023 11:10:53 Asia/Kolkata] PHP   1. {main}() D:\wamp64\www\emsdemo\View\index.php:0
[26-Sep-2023 11:10:53 Asia/Kolkata] PHP Notice:  Trying to access array offset on value of type null in D:\wamp64\www\emsdemo\View\index.php on line 536
[26-Sep-2023 11:10:53 Asia/Kolkata] PHP Stack trace:
[26-Sep-2023 11:10:53 Asia/Kolkata] PHP   1. {main}() D:\wamp64\www\emsdemo\View\index.php:0
[26-Sep-2023 11:10:54 Asia/Kolkata] PHP Notice:  Undefined variable: induction_popup_flag in D:\wamp64\www\emsdemo\View\index.php on line 1226
[26-Sep-2023 11:10:54 Asia/Kolkata] PHP Stack trace:
[26-Sep-2023 11:10:54 Asia/Kolkata] PHP   1. {main}() D:\wamp64\www\emsdemo\View\index.php:0
[26-Sep-2023 11:10:54 Asia/Kolkata] PHP Notice:  Undefined index: param in D:\wamp64\www\emsdemo\View\index.php on line 1240
[26-Sep-2023 11:10:54 Asia/Kolkata] PHP Stack trace:
[26-Sep-2023 11:10:54 Asia/Kolkata] PHP   1. {main}() D:\wamp64\www\emsdemo\View\index.php:0
