[21-Jan-2023 17:03:12 Asia/Kolkata] PHP Warning:  Undefined variable $gen_prefix in C:\wamp64\www\emsdemo\View\bajaj_finance_decl.php on line 200
[21-Jan-2023 17:03:12 Asia/Kolkata] PHP Stack trace:
[21-Jan-2023 17:03:12 Asia/Kolkata] PHP   1. {main}() C:\wamp64\www\emsdemo\View\bajaj_finance_decl.php:0
[21-Jan-2023 17:04:28 Asia/Kolkata] PHP Warning:  Undefined variable $gen_prefix in C:\wamp64\www\emsdemo\View\bajaj_finance_decl.php on line 200
[21-Jan-2023 17:04:28 Asia/Kolkata] PHP Stack trace:
[21-Jan-2023 17:04:28 Asia/Kolkata] PHP   1. {main}() C:\wamp64\www\emsdemo\View\bajaj_finance_decl.php:0
[21-Jan-2023 17:05:25 Asia/Kolkata] PHP Warning:  Undefined variable $gen_prefix in C:\wamp64\www\emsdemo\View\bajaj_finance_decl.php on line 200
[21-Jan-2023 17:05:25 Asia/Kolkata] PHP Stack trace:
[21-Jan-2023 17:05:25 Asia/Kolkata] PHP   1. {main}() C:\wamp64\www\emsdemo\View\bajaj_finance_decl.php:0
[21-Jan-2023 17:05:47 Asia/Kolkata] PHP Warning:  Undefined variable $gen_prefix in C:\wamp64\www\emsdemo\View\bajaj_finance_decl.php on line 200
[21-Jan-2023 17:05:47 Asia/Kolkata] PHP Stack trace:
[21-Jan-2023 17:05:47 Asia/Kolkata] PHP   1. {main}() C:\wamp64\www\emsdemo\View\bajaj_finance_decl.php:0
[21-Jan-2023 17:06:30 Asia/Kolkata] PHP Warning:  Undefined variable $gen_prefix in C:\wamp64\www\emsdemo\View\bajaj_finance_decl.php on line 194
[21-Jan-2023 17:06:30 Asia/Kolkata] PHP Stack trace:
[21-Jan-2023 17:06:30 Asia/Kolkata] PHP   1. {main}() C:\wamp64\www\emsdemo\View\bajaj_finance_decl.php:0
[21-Jan-2023 17:08:59 Asia/Kolkata] PHP Warning:  Undefined variable $gen_prefix in C:\wamp64\www\emsdemo\View\bajaj_finance_decl.php on line 193
[21-Jan-2023 17:08:59 Asia/Kolkata] PHP Stack trace:
[21-Jan-2023 17:08:59 Asia/Kolkata] PHP   1. {main}() C:\wamp64\www\emsdemo\View\bajaj_finance_decl.php:0
[21-Jan-2023 17:09:42 Asia/Kolkata] PHP Warning:  Undefined variable $gen_prefix in C:\wamp64\www\emsdemo\View\bajaj_finance_decl.php on line 193
[21-Jan-2023 17:09:42 Asia/Kolkata] PHP Stack trace:
[21-Jan-2023 17:09:42 Asia/Kolkata] PHP   1. {main}() C:\wamp64\www\emsdemo\View\bajaj_finance_decl.php:0
[21-Jan-2023 17:10:34 Asia/Kolkata] PHP Warning:  Undefined variable $gen_prefix in C:\wamp64\www\emsdemo\View\bajaj_finance_decl.php on line 199
[21-Jan-2023 17:10:34 Asia/Kolkata] PHP Stack trace:
[21-Jan-2023 17:10:34 Asia/Kolkata] PHP   1. {main}() C:\wamp64\www\emsdemo\View\bajaj_finance_decl.php:0
[21-Jan-2023 17:42:53 Asia/Kolkata] PHP Fatal error:  Array and string offset access syntax with curly braces is no longer supported in C:\wamp64\www\emsdemo\TCPDF\tcpdf.php on line 16899
[21-Jan-2023 17:42:53 Asia/Kolkata] PHP Stack trace:
[21-Jan-2023 17:42:53 Asia/Kolkata] PHP   1. {main}() C:\wamp64\www\emsdemo\Controller\getbajaj_finance_decl.php:0
[21-Jan-2023 17:43:07 Asia/Kolkata] PHP Fatal error:  Array and string offset access syntax with curly braces is no longer supported in C:\wamp64\www\emsdemo\TCPDF\tcpdf.php on line 16899
[21-Jan-2023 17:43:07 Asia/Kolkata] PHP Stack trace:
[21-Jan-2023 17:43:07 Asia/Kolkata] PHP   1. {main}() C:\wamp64\www\emsdemo\Controller\getbajaj_finance_decl.php:0
[21-Jan-2023 17:50:22 Asia/Kolkata] PHP Fatal error:  Uncaught Error: Class "TCPDF" not found in C:\wamp64\www\emsdemo\Controller\getbajaj_finance_decl.php:171
Stack trace:
#0 {main}
  thrown in C:\wamp64\www\emsdemo\Controller\getbajaj_finance_decl.php on line 171
[21-Jan-2023 17:50:47 Asia/Kolkata] PHP Fatal error:  Uncaught Error: Class "TCPDF" not found in C:\wamp64\www\emsdemo\Controller\getbajaj_finance_decl.php:171
Stack trace:
#0 {main}
  thrown in C:\wamp64\www\emsdemo\Controller\getbajaj_finance_decl.php on line 171
[21-Jan-2023 17:54:00 Asia/Kolkata] PHP Fatal error:  Uncaught Error: Class "TCPDF" not found in C:\wamp64\www\emsdemo\Controller\getbajaj_finance_decl.php:171
Stack trace:
#0 {main}
  thrown in C:\wamp64\www\emsdemo\Controller\getbajaj_finance_decl.php on line 171
[21-Jan-2023 17:54:07 Asia/Kolkata] PHP Fatal error:  Array and string offset access syntax with curly braces is no longer supported in C:\wamp64\www\emsdemo\TCPDF\tcpdf.php on line 16899
[21-Jan-2023 17:54:07 Asia/Kolkata] PHP Stack trace:
[21-Jan-2023 17:54:07 Asia/Kolkata] PHP   1. {main}() C:\wamp64\www\emsdemo\Controller\getbajaj_finance_decl.php:0
[21-Jan-2023 17:54:12 Asia/Kolkata] PHP Fatal error:  Array and string offset access syntax with curly braces is no longer supported in C:\wamp64\www\emsdemo\TCPDF\tcpdf.php on line 16899
[21-Jan-2023 17:54:12 Asia/Kolkata] PHP Stack trace:
[21-Jan-2023 17:54:12 Asia/Kolkata] PHP   1. {main}() C:\wamp64\www\emsdemo\Controller\getbajaj_finance_decl.php:0
[21-Jan-2023 17:54:14 Asia/Kolkata] PHP Fatal error:  Array and string offset access syntax with curly braces is no longer supported in C:\wamp64\www\emsdemo\TCPDF\tcpdf.php on line 16899
[21-Jan-2023 17:54:14 Asia/Kolkata] PHP Stack trace:
[21-Jan-2023 17:54:14 Asia/Kolkata] PHP   1. {main}() C:\wamp64\www\emsdemo\Controller\getbajaj_finance_decl.php:0
[21-Jan-2023 17:54:14 Asia/Kolkata] PHP Fatal error:  Array and string offset access syntax with curly braces is no longer supported in C:\wamp64\www\emsdemo\TCPDF\tcpdf.php on line 16899
[21-Jan-2023 17:54:14 Asia/Kolkata] PHP Stack trace:
[21-Jan-2023 17:54:14 Asia/Kolkata] PHP   1. {main}() C:\wamp64\www\emsdemo\Controller\getbajaj_finance_decl.php:0
[21-Jan-2023 17:54:15 Asia/Kolkata] PHP Fatal error:  Array and string offset access syntax with curly braces is no longer supported in C:\wamp64\www\emsdemo\TCPDF\tcpdf.php on line 16899
[21-Jan-2023 17:54:15 Asia/Kolkata] PHP Stack trace:
[21-Jan-2023 17:54:15 Asia/Kolkata] PHP   1. {main}() C:\wamp64\www\emsdemo\Controller\getbajaj_finance_decl.php:0
[21-Jan-2023 17:54:15 Asia/Kolkata] PHP Fatal error:  Array and string offset access syntax with curly braces is no longer supported in C:\wamp64\www\emsdemo\TCPDF\tcpdf.php on line 16899
[21-Jan-2023 17:54:15 Asia/Kolkata] PHP Stack trace:
[21-Jan-2023 17:54:15 Asia/Kolkata] PHP   1. {main}() C:\wamp64\www\emsdemo\Controller\getbajaj_finance_decl.php:0
[21-Jan-2023 17:54:15 Asia/Kolkata] PHP Fatal error:  Array and string offset access syntax with curly braces is no longer supported in C:\wamp64\www\emsdemo\TCPDF\tcpdf.php on line 16899
[21-Jan-2023 17:54:15 Asia/Kolkata] PHP Stack trace:
[21-Jan-2023 17:54:15 Asia/Kolkata] PHP   1. {main}() C:\wamp64\www\emsdemo\Controller\getbajaj_finance_decl.php:0
[21-Jan-2023 17:54:16 Asia/Kolkata] PHP Fatal error:  Array and string offset access syntax with curly braces is no longer supported in C:\wamp64\www\emsdemo\TCPDF\tcpdf.php on line 16899
[21-Jan-2023 17:54:16 Asia/Kolkata] PHP Stack trace:
[21-Jan-2023 17:54:16 Asia/Kolkata] PHP   1. {main}() C:\wamp64\www\emsdemo\Controller\getbajaj_finance_decl.php:0
[21-Jan-2023 17:54:16 Asia/Kolkata] PHP Fatal error:  Array and string offset access syntax with curly braces is no longer supported in C:\wamp64\www\emsdemo\TCPDF\tcpdf.php on line 16899
[21-Jan-2023 17:54:16 Asia/Kolkata] PHP Stack trace:
[21-Jan-2023 17:54:16 Asia/Kolkata] PHP   1. {main}() C:\wamp64\www\emsdemo\Controller\getbajaj_finance_decl.php:0
[21-Jan-2023 17:54:16 Asia/Kolkata] PHP Fatal error:  Array and string offset access syntax with curly braces is no longer supported in C:\wamp64\www\emsdemo\TCPDF\tcpdf.php on line 16899
[21-Jan-2023 17:54:16 Asia/Kolkata] PHP Stack trace:
[21-Jan-2023 17:54:16 Asia/Kolkata] PHP   1. {main}() C:\wamp64\www\emsdemo\Controller\getbajaj_finance_decl.php:0
[21-Jan-2023 17:54:16 Asia/Kolkata] PHP Fatal error:  Array and string offset access syntax with curly braces is no longer supported in C:\wamp64\www\emsdemo\TCPDF\tcpdf.php on line 16899
[21-Jan-2023 17:54:16 Asia/Kolkata] PHP Stack trace:
[21-Jan-2023 17:54:16 Asia/Kolkata] PHP   1. {main}() C:\wamp64\www\emsdemo\Controller\getbajaj_finance_decl.php:0
[21-Jan-2023 17:54:17 Asia/Kolkata] PHP Fatal error:  Array and string offset access syntax with curly braces is no longer supported in C:\wamp64\www\emsdemo\TCPDF\tcpdf.php on line 16899
[21-Jan-2023 17:54:17 Asia/Kolkata] PHP Stack trace:
[21-Jan-2023 17:54:17 Asia/Kolkata] PHP   1. {main}() C:\wamp64\www\emsdemo\Controller\getbajaj_finance_decl.php:0
[21-Jan-2023 17:54:17 Asia/Kolkata] PHP Fatal error:  Array and string offset access syntax with curly braces is no longer supported in C:\wamp64\www\emsdemo\TCPDF\tcpdf.php on line 16899
[21-Jan-2023 17:54:17 Asia/Kolkata] PHP Stack trace:
[21-Jan-2023 17:54:17 Asia/Kolkata] PHP   1. {main}() C:\wamp64\www\emsdemo\Controller\getbajaj_finance_decl.php:0
[21-Jan-2023 17:54:17 Asia/Kolkata] PHP Fatal error:  Array and string offset access syntax with curly braces is no longer supported in C:\wamp64\www\emsdemo\TCPDF\tcpdf.php on line 16899
[21-Jan-2023 17:54:17 Asia/Kolkata] PHP Stack trace:
[21-Jan-2023 17:54:17 Asia/Kolkata] PHP   1. {main}() C:\wamp64\www\emsdemo\Controller\getbajaj_finance_decl.php:0
[21-Jan-2023 17:54:17 Asia/Kolkata] PHP Fatal error:  Array and string offset access syntax with curly braces is no longer supported in C:\wamp64\www\emsdemo\TCPDF\tcpdf.php on line 16899
[21-Jan-2023 17:54:17 Asia/Kolkata] PHP Stack trace:
[21-Jan-2023 17:54:17 Asia/Kolkata] PHP   1. {main}() C:\wamp64\www\emsdemo\Controller\getbajaj_finance_decl.php:0
[21-Jan-2023 17:54:17 Asia/Kolkata] PHP Fatal error:  Array and string offset access syntax with curly braces is no longer supported in C:\wamp64\www\emsdemo\TCPDF\tcpdf.php on line 16899
[21-Jan-2023 17:54:17 Asia/Kolkata] PHP Stack trace:
[21-Jan-2023 17:54:17 Asia/Kolkata] PHP   1. {main}() C:\wamp64\www\emsdemo\Controller\getbajaj_finance_decl.php:0
[21-Jan-2023 17:54:18 Asia/Kolkata] PHP Fatal error:  Array and string offset access syntax with curly braces is no longer supported in C:\wamp64\www\emsdemo\TCPDF\tcpdf.php on line 16899
[21-Jan-2023 17:54:18 Asia/Kolkata] PHP Stack trace:
[21-Jan-2023 17:54:18 Asia/Kolkata] PHP   1. {main}() C:\wamp64\www\emsdemo\Controller\getbajaj_finance_decl.php:0
[21-Jan-2023 17:54:18 Asia/Kolkata] PHP Fatal error:  Array and string offset access syntax with curly braces is no longer supported in C:\wamp64\www\emsdemo\TCPDF\tcpdf.php on line 16899
[21-Jan-2023 17:54:18 Asia/Kolkata] PHP Stack trace:
[21-Jan-2023 17:54:18 Asia/Kolkata] PHP   1. {main}() C:\wamp64\www\emsdemo\Controller\getbajaj_finance_decl.php:0
[21-Jan-2023 17:54:18 Asia/Kolkata] PHP Fatal error:  Array and string offset access syntax with curly braces is no longer supported in C:\wamp64\www\emsdemo\TCPDF\tcpdf.php on line 16899
[21-Jan-2023 17:54:18 Asia/Kolkata] PHP Stack trace:
[21-Jan-2023 17:54:18 Asia/Kolkata] PHP   1. {main}() C:\wamp64\www\emsdemo\Controller\getbajaj_finance_decl.php:0
[21-Jan-2023 17:54:18 Asia/Kolkata] PHP Fatal error:  Array and string offset access syntax with curly braces is no longer supported in C:\wamp64\www\emsdemo\TCPDF\tcpdf.php on line 16899
[21-Jan-2023 17:54:18 Asia/Kolkata] PHP Stack trace:
[21-Jan-2023 17:54:19 Asia/Kolkata] PHP   1. {main}() C:\wamp64\www\emsdemo\Controller\getbajaj_finance_decl.php:0
[21-Jan-2023 17:55:07 Asia/Kolkata] PHP Fatal error:  Array and string offset access syntax with curly braces is no longer supported in C:\wamp64\www\emsdemo\TCPDF\tcpdf.php on line 16899
[21-Jan-2023 17:55:07 Asia/Kolkata] PHP Stack trace:
[21-Jan-2023 17:55:07 Asia/Kolkata] PHP   1. {main}() C:\wamp64\www\emsdemo\Controller\getbajaj_finance_decl.php:0
