[11-Feb-2023 11:06:53 Asia/Kolkata] PHP Notice:  Undefined index: to in C:\wamp64\www\emsdemo\View\calcRange.php on line 42
[11-Feb-2023 11:06:53 Asia/Kolkata] PHP Stack trace:
[11-Feb-2023 11:06:53 Asia/Kolkata] PHP   1. {main}() C:\wamp64\www\emsdemo\View\calcRange.php:0
[11-Feb-2023 11:06:55 Asia/Kolkata] PHP Notice:  Object of class mysqli_result could not be converted to int in C:\wamp64\www\emsdemo\View\calcRange.php on line 412
[11-Feb-2023 11:06:55 Asia/Kolkata] PHP Stack trace:
[11-Feb-2023 11:06:55 Asia/Kolkata] PHP   1. {main}() C:\wamp64\www\emsdemo\View\calcRange.php:0
[11-Feb-2023 11:06:55 Asia/Kolkata] PHP   2. BioMetric->__construct($EmployeeID = 'CE12102224', $DateFrom = '2023-02-10', $DateTo = '2023-02-10', $Emd_des = 'Manager', $Emp_status = 6, $emp_dod = NULL, $emp_module = '2010-12-06 00:00:00') C:\wamp64\www\emsdemo\View\calcRange.php:2358
[11-Feb-2023 11:06:55 Asia/Kolkata] PHP Notice:  Undefined index: 2023-02-10 in C:\wamp64\www\emsdemo\View\calcRange.php on line 583
[11-Feb-2023 11:06:55 Asia/Kolkata] PHP Stack trace:
[11-Feb-2023 11:06:55 Asia/Kolkata] PHP   1. {main}() C:\wamp64\www\emsdemo\View\calcRange.php:0
[11-Feb-2023 11:06:55 Asia/Kolkata] PHP   2. BioMetric->__construct($EmployeeID = 'CE12102224', $DateFrom = '2023-02-10', $DateTo = '2023-02-10', $Emd_des = 'Manager', $Emp_status = 6, $emp_dod = NULL, $emp_module = '2010-12-06 00:00:00') C:\wamp64\www\emsdemo\View\calcRange.php:2358
[11-Feb-2023 11:06:55 Asia/Kolkata] PHP   3. BioMetric->__calculation_for_day($__date = '2023-02-10', $__EmpID = 'CE12102224', $__des = 'Manager', $__status = 6) C:\wamp64\www\emsdemo\View\calcRange.php:558
[11-Feb-2023 11:06:55 Asia/Kolkata] PHP Notice:  Undefined index: 2023-02-10 in C:\wamp64\www\emsdemo\View\calcRange.php on line 932
[11-Feb-2023 11:06:55 Asia/Kolkata] PHP Stack trace:
[11-Feb-2023 11:06:55 Asia/Kolkata] PHP   1. {main}() C:\wamp64\www\emsdemo\View\calcRange.php:0
[11-Feb-2023 11:06:55 Asia/Kolkata] PHP   2. BioMetric->__construct($EmployeeID = 'CE12102224', $DateFrom = '2023-02-10', $DateTo = '2023-02-10', $Emd_des = 'Manager', $Emp_status = 6, $emp_dod = NULL, $emp_module = '2010-12-06 00:00:00') C:\wamp64\www\emsdemo\View\calcRange.php:2358
[11-Feb-2023 11:06:55 Asia/Kolkata] PHP   3. BioMetric->__calculation_for_day($__date = '2023-02-10', $__EmpID = 'CE12102224', $__des = 'Manager', $__status = 6) C:\wamp64\www\emsdemo\View\calcRange.php:558
[11-Feb-2023 11:06:55 Asia/Kolkata] PHP Notice:  Undefined index: 2023-02-10 in C:\wamp64\www\emsdemo\View\calcRange.php on line 1225
[11-Feb-2023 11:06:55 Asia/Kolkata] PHP Stack trace:
[11-Feb-2023 11:06:55 Asia/Kolkata] PHP   1. {main}() C:\wamp64\www\emsdemo\View\calcRange.php:0
[11-Feb-2023 11:06:55 Asia/Kolkata] PHP   2. BioMetric->__construct($EmployeeID = 'CE12102224', $DateFrom = '2023-02-10', $DateTo = '2023-02-10', $Emd_des = 'Manager', $Emp_status = 6, $emp_dod = NULL, $emp_module = '2010-12-06 00:00:00') C:\wamp64\www\emsdemo\View\calcRange.php:2358
[11-Feb-2023 11:06:55 Asia/Kolkata] PHP   3. BioMetric->__calculation_for_day($__date = '2023-02-10', $__EmpID = 'CE12102224', $__des = 'Manager', $__status = 6) C:\wamp64\www\emsdemo\View\calcRange.php:558
[11-Feb-2023 11:06:57 Asia/Kolkata] PHP Notice:  Array to string conversion in C:\wamp64\www\emsdemo\View\calcRange.php on line 1559
[11-Feb-2023 11:06:57 Asia/Kolkata] PHP Stack trace:
[11-Feb-2023 11:06:57 Asia/Kolkata] PHP   1. {main}() C:\wamp64\www\emsdemo\View\calcRange.php:0
[11-Feb-2023 11:06:57 Asia/Kolkata] PHP   2. BioMetric->__construct($EmployeeID = 'CE12102224', $DateFrom = '2023-02-10', $DateTo = '2023-02-10', $Emd_des = 'Manager', $Emp_status = 6, $emp_dod = NULL, $emp_module = '2010-12-06 00:00:00') C:\wamp64\www\emsdemo\View\calcRange.php:2358
[11-Feb-2023 11:06:57 Asia/Kolkata] PHP   3. BioMetric->__calculation_for_day($__date = '2023-02-10', $__EmpID = 'CE12102224', $__des = 'Manager', $__status = 6) C:\wamp64\www\emsdemo\View\calcRange.php:558
[11-Feb-2023 11:06:58 Asia/Kolkata] PHP Notice:  Trying to access array offset on value of type null in C:\wamp64\www\emsdemo\View\index.php on line 356
[11-Feb-2023 11:06:58 Asia/Kolkata] PHP Stack trace:
[11-Feb-2023 11:06:58 Asia/Kolkata] PHP   1. {main}() C:\wamp64\www\emsdemo\View\index.php:0
