[22-Sep-2023 15:38:06 Asia/Kolkata] PHP Warning:  Undefined array key "__user_logid" in D:\wamp64\www\emsdemo\AppCode\nHead.php on line 2
[22-Sep-2023 15:38:06 Asia/Kolkata] PHP Stack trace:
[22-Sep-2023 15:38:06 Asia/Kolkata] PHP   1. {main}() D:\wamp64\www\emsdemo\View\manage_report_module.php:0
[22-Sep-2023 15:38:06 Asia/Kolkata] PHP   2. require() D:\wamp64\www\emsdemo\View\manage_report_module.php:9
[22-Sep-2023 15:38:19 Asia/Kolkata] PHP Warning:  Undefined array key "__nda_decl" in D:\wamp64\www\emsdemo\View\index.php on line 132
[22-Sep-2023 15:38:19 Asia/Kolkata] PHP Stack trace:
[22-Sep-2023 15:38:19 Asia/Kolkata] PHP   1. {main}() D:\wamp64\www\emsdemo\View\index.php:0
[22-Sep-2023 15:38:19 Asia/Kolkata] PHP Warning:  Undefined array key "__isms_decl" in D:\wamp64\www\emsdemo\View\index.php on line 137
[22-Sep-2023 15:38:19 Asia/Kolkata] PHP Stack trace:
[22-Sep-2023 15:38:19 Asia/Kolkata] PHP   1. {main}() D:\wamp64\www\emsdemo\View\index.php:0
[22-Sep-2023 15:38:19 Asia/Kolkata] PHP Warning:  Undefined array key "__asset_decl" in D:\wamp64\www\emsdemo\View\index.php on line 141
[22-Sep-2023 15:38:19 Asia/Kolkata] PHP Stack trace:
[22-Sep-2023 15:38:19 Asia/Kolkata] PHP   1. {main}() D:\wamp64\www\emsdemo\View\index.php:0
[22-Sep-2023 15:38:20 Asia/Kolkata] PHP Warning:  Undefined variable $induction_popup_flag in D:\wamp64\www\emsdemo\View\index.php on line 436
[22-Sep-2023 15:38:20 Asia/Kolkata] PHP Stack trace:
[22-Sep-2023 15:38:20 Asia/Kolkata] PHP   1. {main}() D:\wamp64\www\emsdemo\View\index.php:0
[22-Sep-2023 15:38:20 Asia/Kolkata] PHP Warning:  Undefined array key 0 in D:\wamp64\www\emsdemo\View\index.php on line 495
[22-Sep-2023 15:38:20 Asia/Kolkata] PHP Stack trace:
[22-Sep-2023 15:38:20 Asia/Kolkata] PHP   1. {main}() D:\wamp64\www\emsdemo\View\index.php:0
[22-Sep-2023 15:38:20 Asia/Kolkata] PHP Warning:  Trying to access array offset on value of type null in D:\wamp64\www\emsdemo\View\index.php on line 495
[22-Sep-2023 15:38:20 Asia/Kolkata] PHP Stack trace:
[22-Sep-2023 15:38:20 Asia/Kolkata] PHP   1. {main}() D:\wamp64\www\emsdemo\View\index.php:0
[22-Sep-2023 15:38:21 Asia/Kolkata] PHP Warning:  Undefined array key "__AppraisalMonth" in D:\wamp64\www\emsdemo\View\index.php on line 528
[22-Sep-2023 15:38:21 Asia/Kolkata] PHP Stack trace:
[22-Sep-2023 15:38:21 Asia/Kolkata] PHP   1. {main}() D:\wamp64\www\emsdemo\View\index.php:0
[22-Sep-2023 15:38:21 Asia/Kolkata] PHP Deprecated:  stripslashes(): Passing null to parameter #1 ($string) of type string is deprecated in D:\wamp64\www\emsdemo\Config\init.php on line 122
[22-Sep-2023 15:38:21 Asia/Kolkata] PHP Stack trace:
[22-Sep-2023 15:38:21 Asia/Kolkata] PHP   1. {main}() D:\wamp64\www\emsdemo\View\index.php:0
[22-Sep-2023 15:38:21 Asia/Kolkata] PHP   2. clean($data = NULL) D:\wamp64\www\emsdemo\View\index.php:528
[22-Sep-2023 15:38:21 Asia/Kolkata] PHP   3. stripslashes($string = NULL) D:\wamp64\www\emsdemo\Config\init.php:122
[22-Sep-2023 15:38:21 Asia/Kolkata] PHP Warning:  Trying to access array offset on value of type null in D:\wamp64\www\emsdemo\View\index.php on line 536
[22-Sep-2023 15:38:21 Asia/Kolkata] PHP Stack trace:
[22-Sep-2023 15:38:21 Asia/Kolkata] PHP   1. {main}() D:\wamp64\www\emsdemo\View\index.php:0
[22-Sep-2023 15:38:23 Asia/Kolkata] PHP Warning:  Undefined variable $induction_popup_flag in D:\wamp64\www\emsdemo\View\index.php on line 1226
[22-Sep-2023 15:38:23 Asia/Kolkata] PHP Stack trace:
[22-Sep-2023 15:38:23 Asia/Kolkata] PHP   1. {main}() D:\wamp64\www\emsdemo\View\index.php:0
[22-Sep-2023 15:38:23 Asia/Kolkata] PHP Warning:  Undefined array key "param" in D:\wamp64\www\emsdemo\View\index.php on line 1240
[22-Sep-2023 15:38:23 Asia/Kolkata] PHP Stack trace:
[22-Sep-2023 15:38:23 Asia/Kolkata] PHP   1. {main}() D:\wamp64\www\emsdemo\View\index.php:0
[22-Sep-2023 15:38:40 Asia/Kolkata] PHP Warning:  Undefined variable $selected in D:\wamp64\www\emsdemo\View\dropdown.php on line 34
[22-Sep-2023 15:38:40 Asia/Kolkata] PHP Stack trace:
[22-Sep-2023 15:38:40 Asia/Kolkata] PHP   1. {main}() D:\wamp64\www\emsdemo\View\dropdown.php:0
[22-Sep-2023 15:38:40 Asia/Kolkata] PHP Warning:  Undefined variable $selected in D:\wamp64\www\emsdemo\View\dropdown.php on line 34
[22-Sep-2023 15:38:40 Asia/Kolkata] PHP Stack trace:
[22-Sep-2023 15:38:40 Asia/Kolkata] PHP   1. {main}() D:\wamp64\www\emsdemo\View\dropdown.php:0
[22-Sep-2023 15:38:40 Asia/Kolkata] PHP Warning:  Undefined variable $selected in D:\wamp64\www\emsdemo\View\dropdown.php on line 34
[22-Sep-2023 15:38:40 Asia/Kolkata] PHP Stack trace:
[22-Sep-2023 15:38:40 Asia/Kolkata] PHP   1. {main}() D:\wamp64\www\emsdemo\View\dropdown.php:0
[22-Sep-2023 15:38:40 Asia/Kolkata] PHP Warning:  Undefined variable $selected in D:\wamp64\www\emsdemo\View\dropdown.php on line 34
[22-Sep-2023 15:38:40 Asia/Kolkata] PHP Stack trace:
[22-Sep-2023 15:38:40 Asia/Kolkata] PHP   1. {main}() D:\wamp64\www\emsdemo\View\dropdown.php:0
[22-Sep-2023 15:38:40 Asia/Kolkata] PHP Warning:  Undefined variable $selected in D:\wamp64\www\emsdemo\View\dropdown.php on line 34
[22-Sep-2023 15:38:40 Asia/Kolkata] PHP Stack trace:
[22-Sep-2023 15:38:40 Asia/Kolkata] PHP   1. {main}() D:\wamp64\www\emsdemo\View\dropdown.php:0
[22-Sep-2023 15:38:40 Asia/Kolkata] PHP Warning:  Undefined variable $selected in D:\wamp64\www\emsdemo\View\dropdown.php on line 34
[22-Sep-2023 15:38:40 Asia/Kolkata] PHP Stack trace:
[22-Sep-2023 15:38:40 Asia/Kolkata] PHP   1. {main}() D:\wamp64\www\emsdemo\View\dropdown.php:0
[22-Sep-2023 15:38:40 Asia/Kolkata] PHP Warning:  Undefined variable $selected in D:\wamp64\www\emsdemo\View\dropdown.php on line 34
[22-Sep-2023 15:38:40 Asia/Kolkata] PHP Stack trace:
[22-Sep-2023 15:38:40 Asia/Kolkata] PHP   1. {main}() D:\wamp64\www\emsdemo\View\dropdown.php:0
[22-Sep-2023 15:38:40 Asia/Kolkata] PHP Warning:  Undefined variable $selected in D:\wamp64\www\emsdemo\View\dropdown.php on line 34
[22-Sep-2023 15:38:40 Asia/Kolkata] PHP Stack trace:
[22-Sep-2023 15:38:40 Asia/Kolkata] PHP   1. {main}() D:\wamp64\www\emsdemo\View\dropdown.php:0
[22-Sep-2023 15:38:40 Asia/Kolkata] PHP Warning:  Undefined variable $selected in D:\wamp64\www\emsdemo\View\dropdown.php on line 34
[22-Sep-2023 15:38:40 Asia/Kolkata] PHP Stack trace:
[22-Sep-2023 15:38:40 Asia/Kolkata] PHP   1. {main}() D:\wamp64\www\emsdemo\View\dropdown.php:0
[22-Sep-2023 15:38:40 Asia/Kolkata] PHP Warning:  Undefined variable $selected in D:\wamp64\www\emsdemo\View\dropdown.php on line 34
[22-Sep-2023 15:38:40 Asia/Kolkata] PHP Stack trace:
[22-Sep-2023 15:38:40 Asia/Kolkata] PHP   1. {main}() D:\wamp64\www\emsdemo\View\dropdown.php:0
[22-Sep-2023 15:38:40 Asia/Kolkata] PHP Warning:  Undefined variable $selected in D:\wamp64\www\emsdemo\View\dropdown.php on line 34
[22-Sep-2023 15:38:40 Asia/Kolkata] PHP Stack trace:
[22-Sep-2023 15:38:40 Asia/Kolkata] PHP   1. {main}() D:\wamp64\www\emsdemo\View\dropdown.php:0
[22-Sep-2023 15:38:40 Asia/Kolkata] PHP Warning:  Undefined variable $selected in D:\wamp64\www\emsdemo\View\dropdown.php on line 34
[22-Sep-2023 15:38:40 Asia/Kolkata] PHP Stack trace:
[22-Sep-2023 15:38:40 Asia/Kolkata] PHP   1. {main}() D:\wamp64\www\emsdemo\View\dropdown.php:0
[22-Sep-2023 15:38:40 Asia/Kolkata] PHP Warning:  Undefined variable $selected in D:\wamp64\www\emsdemo\View\dropdown.php on line 34
[22-Sep-2023 15:38:40 Asia/Kolkata] PHP Stack trace:
[22-Sep-2023 15:38:40 Asia/Kolkata] PHP   1. {main}() D:\wamp64\www\emsdemo\View\dropdown.php:0
[22-Sep-2023 15:38:40 Asia/Kolkata] PHP Warning:  Undefined variable $selected in D:\wamp64\www\emsdemo\View\dropdown.php on line 34
[22-Sep-2023 15:38:40 Asia/Kolkata] PHP Stack trace:
[22-Sep-2023 15:38:40 Asia/Kolkata] PHP   1. {main}() D:\wamp64\www\emsdemo\View\dropdown.php:0
[22-Sep-2023 15:38:40 Asia/Kolkata] PHP Warning:  Undefined variable $selected in D:\wamp64\www\emsdemo\View\dropdown.php on line 34
[22-Sep-2023 15:38:40 Asia/Kolkata] PHP Stack trace:
[22-Sep-2023 15:38:40 Asia/Kolkata] PHP   1. {main}() D:\wamp64\www\emsdemo\View\dropdown.php:0
[22-Sep-2023 15:38:40 Asia/Kolkata] PHP Warning:  Undefined variable $selected in D:\wamp64\www\emsdemo\View\dropdown.php on line 34
[22-Sep-2023 15:38:40 Asia/Kolkata] PHP Stack trace:
[22-Sep-2023 15:38:40 Asia/Kolkata] PHP   1. {main}() D:\wamp64\www\emsdemo\View\dropdown.php:0
[22-Sep-2023 15:38:40 Asia/Kolkata] PHP Warning:  Undefined variable $selected in D:\wamp64\www\emsdemo\View\dropdown.php on line 34
[22-Sep-2023 15:38:40 Asia/Kolkata] PHP Stack trace:
[22-Sep-2023 15:38:40 Asia/Kolkata] PHP   1. {main}() D:\wamp64\www\emsdemo\View\dropdown.php:0
[22-Sep-2023 15:38:40 Asia/Kolkata] PHP Warning:  Undefined variable $selected in D:\wamp64\www\emsdemo\View\dropdown.php on line 34
[22-Sep-2023 15:38:40 Asia/Kolkata] PHP Stack trace:
[22-Sep-2023 15:38:40 Asia/Kolkata] PHP   1. {main}() D:\wamp64\www\emsdemo\View\dropdown.php:0
[22-Sep-2023 15:38:40 Asia/Kolkata] PHP Warning:  Undefined variable $selected in D:\wamp64\www\emsdemo\View\dropdown.php on line 34
[22-Sep-2023 15:38:40 Asia/Kolkata] PHP Stack trace:
[22-Sep-2023 15:38:40 Asia/Kolkata] PHP   1. {main}() D:\wamp64\www\emsdemo\View\dropdown.php:0
[22-Sep-2023 15:38:40 Asia/Kolkata] PHP Warning:  Undefined variable $selected in D:\wamp64\www\emsdemo\View\dropdown.php on line 34
[22-Sep-2023 15:38:40 Asia/Kolkata] PHP Stack trace:
[22-Sep-2023 15:38:40 Asia/Kolkata] PHP   1. {main}() D:\wamp64\www\emsdemo\View\dropdown.php:0
[22-Sep-2023 15:38:40 Asia/Kolkata] PHP Warning:  Undefined variable $selected in D:\wamp64\www\emsdemo\View\dropdown.php on line 34
[22-Sep-2023 15:38:40 Asia/Kolkata] PHP Stack trace:
[22-Sep-2023 15:38:40 Asia/Kolkata] PHP   1. {main}() D:\wamp64\www\emsdemo\View\dropdown.php:0
[22-Sep-2023 15:38:40 Asia/Kolkata] PHP Warning:  Undefined variable $selected in D:\wamp64\www\emsdemo\View\dropdown.php on line 34
[22-Sep-2023 15:38:40 Asia/Kolkata] PHP Stack trace:
[22-Sep-2023 15:38:40 Asia/Kolkata] PHP   1. {main}() D:\wamp64\www\emsdemo\View\dropdown.php:0
[22-Sep-2023 15:38:40 Asia/Kolkata] PHP Warning:  Undefined variable $selected in D:\wamp64\www\emsdemo\View\dropdown.php on line 34
[22-Sep-2023 15:38:40 Asia/Kolkata] PHP Stack trace:
[22-Sep-2023 15:38:40 Asia/Kolkata] PHP   1. {main}() D:\wamp64\www\emsdemo\View\dropdown.php:0
[22-Sep-2023 15:38:40 Asia/Kolkata] PHP Warning:  Undefined variable $selected in D:\wamp64\www\emsdemo\View\dropdown.php on line 34
[22-Sep-2023 15:38:40 Asia/Kolkata] PHP Stack trace:
[22-Sep-2023 15:38:40 Asia/Kolkata] PHP   1. {main}() D:\wamp64\www\emsdemo\View\dropdown.php:0
[22-Sep-2023 15:38:40 Asia/Kolkata] PHP Warning:  Undefined variable $selected in D:\wamp64\www\emsdemo\View\dropdown.php on line 34
[22-Sep-2023 15:38:40 Asia/Kolkata] PHP Stack trace:
[22-Sep-2023 15:38:40 Asia/Kolkata] PHP   1. {main}() D:\wamp64\www\emsdemo\View\dropdown.php:0
[22-Sep-2023 15:38:40 Asia/Kolkata] PHP Warning:  Undefined variable $selected in D:\wamp64\www\emsdemo\View\dropdown.php on line 34
[22-Sep-2023 15:38:40 Asia/Kolkata] PHP Stack trace:
[22-Sep-2023 15:38:40 Asia/Kolkata] PHP   1. {main}() D:\wamp64\www\emsdemo\View\dropdown.php:0
[22-Sep-2023 15:38:40 Asia/Kolkata] PHP Warning:  Undefined variable $selected in D:\wamp64\www\emsdemo\View\dropdown.php on line 34
[22-Sep-2023 15:38:40 Asia/Kolkata] PHP Stack trace:
[22-Sep-2023 15:38:40 Asia/Kolkata] PHP   1. {main}() D:\wamp64\www\emsdemo\View\dropdown.php:0
[22-Sep-2023 15:38:40 Asia/Kolkata] PHP Warning:  Undefined variable $selected in D:\wamp64\www\emsdemo\View\dropdown.php on line 34
[22-Sep-2023 15:38:40 Asia/Kolkata] PHP Stack trace:
[22-Sep-2023 15:38:40 Asia/Kolkata] PHP   1. {main}() D:\wamp64\www\emsdemo\View\dropdown.php:0
[22-Sep-2023 15:38:40 Asia/Kolkata] PHP Warning:  Undefined variable $selected in D:\wamp64\www\emsdemo\View\dropdown.php on line 34
[22-Sep-2023 15:38:40 Asia/Kolkata] PHP Stack trace:
[22-Sep-2023 15:38:40 Asia/Kolkata] PHP   1. {main}() D:\wamp64\www\emsdemo\View\dropdown.php:0
[22-Sep-2023 15:38:40 Asia/Kolkata] PHP Warning:  Undefined variable $selected in D:\wamp64\www\emsdemo\View\dropdown.php on line 34
[22-Sep-2023 15:38:40 Asia/Kolkata] PHP Stack trace:
[22-Sep-2023 15:38:40 Asia/Kolkata] PHP   1. {main}() D:\wamp64\www\emsdemo\View\dropdown.php:0
[22-Sep-2023 15:38:40 Asia/Kolkata] PHP Warning:  Undefined variable $selected in D:\wamp64\www\emsdemo\View\dropdown.php on line 34
[22-Sep-2023 15:38:40 Asia/Kolkata] PHP Stack trace:
[22-Sep-2023 15:38:40 Asia/Kolkata] PHP   1. {main}() D:\wamp64\www\emsdemo\View\dropdown.php:0
[22-Sep-2023 15:38:40 Asia/Kolkata] PHP Warning:  Undefined variable $selected in D:\wamp64\www\emsdemo\View\dropdown.php on line 34
[22-Sep-2023 15:38:40 Asia/Kolkata] PHP Stack trace:
[22-Sep-2023 15:38:40 Asia/Kolkata] PHP   1. {main}() D:\wamp64\www\emsdemo\View\dropdown.php:0
[22-Sep-2023 15:38:40 Asia/Kolkata] PHP Warning:  Undefined variable $selected in D:\wamp64\www\emsdemo\View\dropdown.php on line 34
[22-Sep-2023 15:38:40 Asia/Kolkata] PHP Stack trace:
[22-Sep-2023 15:38:40 Asia/Kolkata] PHP   1. {main}() D:\wamp64\www\emsdemo\View\dropdown.php:0
[22-Sep-2023 15:38:40 Asia/Kolkata] PHP Warning:  Undefined variable $selected in D:\wamp64\www\emsdemo\View\dropdown.php on line 34
[22-Sep-2023 15:38:40 Asia/Kolkata] PHP Stack trace:
[22-Sep-2023 15:38:40 Asia/Kolkata] PHP   1. {main}() D:\wamp64\www\emsdemo\View\dropdown.php:0
[22-Sep-2023 15:38:40 Asia/Kolkata] PHP Warning:  Undefined variable $selected in D:\wamp64\www\emsdemo\View\dropdown.php on line 34
[22-Sep-2023 15:38:40 Asia/Kolkata] PHP Stack trace:
[22-Sep-2023 15:38:40 Asia/Kolkata] PHP   1. {main}() D:\wamp64\www\emsdemo\View\dropdown.php:0
[22-Sep-2023 15:38:40 Asia/Kolkata] PHP Warning:  Undefined variable $selected in D:\wamp64\www\emsdemo\View\dropdown.php on line 34
[22-Sep-2023 15:38:40 Asia/Kolkata] PHP Stack trace:
[22-Sep-2023 15:38:40 Asia/Kolkata] PHP   1. {main}() D:\wamp64\www\emsdemo\View\dropdown.php:0
[22-Sep-2023 15:38:40 Asia/Kolkata] PHP Warning:  Undefined variable $selected in D:\wamp64\www\emsdemo\View\dropdown.php on line 34
[22-Sep-2023 15:38:40 Asia/Kolkata] PHP Stack trace:
[22-Sep-2023 15:38:40 Asia/Kolkata] PHP   1. {main}() D:\wamp64\www\emsdemo\View\dropdown.php:0
[22-Sep-2023 15:38:40 Asia/Kolkata] PHP Warning:  Undefined variable $selected in D:\wamp64\www\emsdemo\View\dropdown.php on line 34
[22-Sep-2023 15:38:40 Asia/Kolkata] PHP Stack trace:
[22-Sep-2023 15:38:40 Asia/Kolkata] PHP   1. {main}() D:\wamp64\www\emsdemo\View\dropdown.php:0
[22-Sep-2023 15:38:40 Asia/Kolkata] PHP Warning:  Undefined variable $selected in D:\wamp64\www\emsdemo\View\dropdown.php on line 34
[22-Sep-2023 15:38:40 Asia/Kolkata] PHP Stack trace:
[22-Sep-2023 15:38:40 Asia/Kolkata] PHP   1. {main}() D:\wamp64\www\emsdemo\View\dropdown.php:0
[22-Sep-2023 15:38:40 Asia/Kolkata] PHP Warning:  Undefined variable $selected in D:\wamp64\www\emsdemo\View\dropdown.php on line 34
[22-Sep-2023 15:38:40 Asia/Kolkata] PHP Stack trace:
[22-Sep-2023 15:38:40 Asia/Kolkata] PHP   1. {main}() D:\wamp64\www\emsdemo\View\dropdown.php:0
[22-Sep-2023 15:38:40 Asia/Kolkata] PHP Warning:  Undefined variable $selected in D:\wamp64\www\emsdemo\View\dropdown.php on line 34
[22-Sep-2023 15:38:40 Asia/Kolkata] PHP Stack trace:
[22-Sep-2023 15:38:40 Asia/Kolkata] PHP   1. {main}() D:\wamp64\www\emsdemo\View\dropdown.php:0
[22-Sep-2023 15:38:40 Asia/Kolkata] PHP Warning:  Undefined variable $selected in D:\wamp64\www\emsdemo\View\dropdown.php on line 34
[22-Sep-2023 15:38:40 Asia/Kolkata] PHP Stack trace:
[22-Sep-2023 15:38:40 Asia/Kolkata] PHP   1. {main}() D:\wamp64\www\emsdemo\View\dropdown.php:0
[22-Sep-2023 15:38:40 Asia/Kolkata] PHP Warning:  Undefined variable $selected in D:\wamp64\www\emsdemo\View\dropdown.php on line 34
[22-Sep-2023 15:38:40 Asia/Kolkata] PHP Stack trace:
[22-Sep-2023 15:38:40 Asia/Kolkata] PHP   1. {main}() D:\wamp64\www\emsdemo\View\dropdown.php:0
[22-Sep-2023 15:38:40 Asia/Kolkata] PHP Warning:  Undefined variable $selected in D:\wamp64\www\emsdemo\View\dropdown.php on line 34
[22-Sep-2023 15:38:40 Asia/Kolkata] PHP Stack trace:
[22-Sep-2023 15:38:40 Asia/Kolkata] PHP   1. {main}() D:\wamp64\www\emsdemo\View\dropdown.php:0
[22-Sep-2023 15:38:40 Asia/Kolkata] PHP Warning:  Undefined variable $selected in D:\wamp64\www\emsdemo\View\dropdown.php on line 34
[22-Sep-2023 15:38:40 Asia/Kolkata] PHP Stack trace:
[22-Sep-2023 15:38:40 Asia/Kolkata] PHP   1. {main}() D:\wamp64\www\emsdemo\View\dropdown.php:0
[22-Sep-2023 15:38:40 Asia/Kolkata] PHP Warning:  Undefined variable $selected in D:\wamp64\www\emsdemo\View\dropdown.php on line 34
[22-Sep-2023 15:38:40 Asia/Kolkata] PHP Stack trace:
[22-Sep-2023 15:38:40 Asia/Kolkata] PHP   1. {main}() D:\wamp64\www\emsdemo\View\dropdown.php:0
[22-Sep-2023 15:38:40 Asia/Kolkata] PHP Warning:  Undefined variable $selected in D:\wamp64\www\emsdemo\View\dropdown.php on line 34
[22-Sep-2023 15:38:40 Asia/Kolkata] PHP Stack trace:
[22-Sep-2023 15:38:40 Asia/Kolkata] PHP   1. {main}() D:\wamp64\www\emsdemo\View\dropdown.php:0
[22-Sep-2023 15:38:40 Asia/Kolkata] PHP Warning:  Undefined variable $selected in D:\wamp64\www\emsdemo\View\dropdown.php on line 34
[22-Sep-2023 15:38:40 Asia/Kolkata] PHP Stack trace:
[22-Sep-2023 15:38:40 Asia/Kolkata] PHP   1. {main}() D:\wamp64\www\emsdemo\View\dropdown.php:0
[22-Sep-2023 15:38:40 Asia/Kolkata] PHP Warning:  Undefined variable $selected in D:\wamp64\www\emsdemo\View\dropdown.php on line 34
[22-Sep-2023 15:38:40 Asia/Kolkata] PHP Stack trace:
[22-Sep-2023 15:38:40 Asia/Kolkata] PHP   1. {main}() D:\wamp64\www\emsdemo\View\dropdown.php:0
[22-Sep-2023 15:38:40 Asia/Kolkata] PHP Warning:  Undefined variable $selected in D:\wamp64\www\emsdemo\View\dropdown.php on line 34
[22-Sep-2023 15:38:40 Asia/Kolkata] PHP Stack trace:
[22-Sep-2023 15:38:40 Asia/Kolkata] PHP   1. {main}() D:\wamp64\www\emsdemo\View\dropdown.php:0
[22-Sep-2023 15:38:40 Asia/Kolkata] PHP Warning:  Undefined variable $selected in D:\wamp64\www\emsdemo\View\dropdown.php on line 34
[22-Sep-2023 15:38:40 Asia/Kolkata] PHP Stack trace:
[22-Sep-2023 15:38:40 Asia/Kolkata] PHP   1. {main}() D:\wamp64\www\emsdemo\View\dropdown.php:0
[22-Sep-2023 15:38:40 Asia/Kolkata] PHP Warning:  Undefined variable $selected in D:\wamp64\www\emsdemo\View\dropdown.php on line 34
[22-Sep-2023 15:38:40 Asia/Kolkata] PHP Stack trace:
[22-Sep-2023 15:38:40 Asia/Kolkata] PHP   1. {main}() D:\wamp64\www\emsdemo\View\dropdown.php:0
[22-Sep-2023 15:38:40 Asia/Kolkata] PHP Warning:  Undefined variable $selected in D:\wamp64\www\emsdemo\View\dropdown.php on line 34
[22-Sep-2023 15:38:40 Asia/Kolkata] PHP Stack trace:
[22-Sep-2023 15:38:40 Asia/Kolkata] PHP   1. {main}() D:\wamp64\www\emsdemo\View\dropdown.php:0
[22-Sep-2023 15:38:40 Asia/Kolkata] PHP Warning:  Undefined variable $selected in D:\wamp64\www\emsdemo\View\dropdown.php on line 34
[22-Sep-2023 15:38:40 Asia/Kolkata] PHP Stack trace:
[22-Sep-2023 15:38:40 Asia/Kolkata] PHP   1. {main}() D:\wamp64\www\emsdemo\View\dropdown.php:0
[22-Sep-2023 15:38:40 Asia/Kolkata] PHP Warning:  Undefined variable $selected in D:\wamp64\www\emsdemo\View\dropdown.php on line 34
[22-Sep-2023 15:38:40 Asia/Kolkata] PHP Stack trace:
[22-Sep-2023 15:38:40 Asia/Kolkata] PHP   1. {main}() D:\wamp64\www\emsdemo\View\dropdown.php:0
[22-Sep-2023 15:38:40 Asia/Kolkata] PHP Warning:  Undefined variable $selected in D:\wamp64\www\emsdemo\View\dropdown.php on line 34
[22-Sep-2023 15:38:40 Asia/Kolkata] PHP Stack trace:
[22-Sep-2023 15:38:40 Asia/Kolkata] PHP   1. {main}() D:\wamp64\www\emsdemo\View\dropdown.php:0
[22-Sep-2023 15:38:40 Asia/Kolkata] PHP Warning:  Undefined variable $selected in D:\wamp64\www\emsdemo\View\dropdown.php on line 34
[22-Sep-2023 15:38:40 Asia/Kolkata] PHP Stack trace:
[22-Sep-2023 15:38:40 Asia/Kolkata] PHP   1. {main}() D:\wamp64\www\emsdemo\View\dropdown.php:0
[22-Sep-2023 15:38:40 Asia/Kolkata] PHP Warning:  Undefined variable $selected in D:\wamp64\www\emsdemo\View\dropdown.php on line 34
[22-Sep-2023 15:38:40 Asia/Kolkata] PHP Stack trace:
[22-Sep-2023 15:38:40 Asia/Kolkata] PHP   1. {main}() D:\wamp64\www\emsdemo\View\dropdown.php:0
[22-Sep-2023 15:38:40 Asia/Kolkata] PHP Warning:  Undefined variable $selected in D:\wamp64\www\emsdemo\View\dropdown.php on line 34
[22-Sep-2023 15:38:40 Asia/Kolkata] PHP Stack trace:
[22-Sep-2023 15:38:40 Asia/Kolkata] PHP   1. {main}() D:\wamp64\www\emsdemo\View\dropdown.php:0
[22-Sep-2023 15:38:40 Asia/Kolkata] PHP Warning:  Undefined variable $selected in D:\wamp64\www\emsdemo\View\dropdown.php on line 34
[22-Sep-2023 15:38:40 Asia/Kolkata] PHP Stack trace:
[22-Sep-2023 15:38:40 Asia/Kolkata] PHP   1. {main}() D:\wamp64\www\emsdemo\View\dropdown.php:0
[22-Sep-2023 15:38:40 Asia/Kolkata] PHP Warning:  Undefined variable $selected in D:\wamp64\www\emsdemo\View\dropdown.php on line 34
[22-Sep-2023 15:38:40 Asia/Kolkata] PHP Stack trace:
[22-Sep-2023 15:38:40 Asia/Kolkata] PHP   1. {main}() D:\wamp64\www\emsdemo\View\dropdown.php:0
[22-Sep-2023 15:38:40 Asia/Kolkata] PHP Warning:  Undefined variable $selected in D:\wamp64\www\emsdemo\View\dropdown.php on line 34
[22-Sep-2023 15:38:40 Asia/Kolkata] PHP Stack trace:
[22-Sep-2023 15:38:40 Asia/Kolkata] PHP   1. {main}() D:\wamp64\www\emsdemo\View\dropdown.php:0
[22-Sep-2023 15:38:40 Asia/Kolkata] PHP Warning:  Undefined variable $selected in D:\wamp64\www\emsdemo\View\dropdown.php on line 34
[22-Sep-2023 15:38:40 Asia/Kolkata] PHP Stack trace:
[22-Sep-2023 15:38:40 Asia/Kolkata] PHP   1. {main}() D:\wamp64\www\emsdemo\View\dropdown.php:0
[22-Sep-2023 15:38:40 Asia/Kolkata] PHP Warning:  Undefined variable $selected in D:\wamp64\www\emsdemo\View\dropdown.php on line 34
[22-Sep-2023 15:38:40 Asia/Kolkata] PHP Stack trace:
[22-Sep-2023 15:38:40 Asia/Kolkata] PHP   1. {main}() D:\wamp64\www\emsdemo\View\dropdown.php:0
[22-Sep-2023 15:38:40 Asia/Kolkata] PHP Warning:  Undefined variable $selected in D:\wamp64\www\emsdemo\View\dropdown.php on line 34
[22-Sep-2023 15:38:40 Asia/Kolkata] PHP Stack trace:
[22-Sep-2023 15:38:40 Asia/Kolkata] PHP   1. {main}() D:\wamp64\www\emsdemo\View\dropdown.php:0
[22-Sep-2023 15:38:40 Asia/Kolkata] PHP Warning:  Undefined variable $selected in D:\wamp64\www\emsdemo\View\dropdown.php on line 34
[22-Sep-2023 15:38:40 Asia/Kolkata] PHP Stack trace:
[22-Sep-2023 15:38:40 Asia/Kolkata] PHP   1. {main}() D:\wamp64\www\emsdemo\View\dropdown.php:0
[22-Sep-2023 15:38:40 Asia/Kolkata] PHP Warning:  Undefined variable $selected in D:\wamp64\www\emsdemo\View\dropdown.php on line 34
[22-Sep-2023 15:38:40 Asia/Kolkata] PHP Stack trace:
[22-Sep-2023 15:38:40 Asia/Kolkata] PHP   1. {main}() D:\wamp64\www\emsdemo\View\dropdown.php:0
[22-Sep-2023 15:38:40 Asia/Kolkata] PHP Warning:  Undefined variable $selected in D:\wamp64\www\emsdemo\View\dropdown.php on line 34
[22-Sep-2023 15:38:40 Asia/Kolkata] PHP Stack trace:
[22-Sep-2023 15:38:40 Asia/Kolkata] PHP   1. {main}() D:\wamp64\www\emsdemo\View\dropdown.php:0
[22-Sep-2023 15:38:40 Asia/Kolkata] PHP Warning:  Undefined variable $selected in D:\wamp64\www\emsdemo\View\dropdown.php on line 34
[22-Sep-2023 15:38:40 Asia/Kolkata] PHP Stack trace:
[22-Sep-2023 15:38:40 Asia/Kolkata] PHP   1. {main}() D:\wamp64\www\emsdemo\View\dropdown.php:0
[22-Sep-2023 15:38:40 Asia/Kolkata] PHP Warning:  Undefined variable $selected in D:\wamp64\www\emsdemo\View\dropdown.php on line 34
[22-Sep-2023 15:38:40 Asia/Kolkata] PHP Stack trace:
[22-Sep-2023 15:38:40 Asia/Kolkata] PHP   1. {main}() D:\wamp64\www\emsdemo\View\dropdown.php:0
[22-Sep-2023 15:38:40 Asia/Kolkata] PHP Warning:  Undefined variable $selected in D:\wamp64\www\emsdemo\View\dropdown.php on line 34
[22-Sep-2023 15:38:40 Asia/Kolkata] PHP Stack trace:
[22-Sep-2023 15:38:40 Asia/Kolkata] PHP   1. {main}() D:\wamp64\www\emsdemo\View\dropdown.php:0
[22-Sep-2023 15:38:40 Asia/Kolkata] PHP Warning:  Undefined variable $selected in D:\wamp64\www\emsdemo\View\dropdown.php on line 34
[22-Sep-2023 15:38:40 Asia/Kolkata] PHP Stack trace:
[22-Sep-2023 15:38:40 Asia/Kolkata] PHP   1. {main}() D:\wamp64\www\emsdemo\View\dropdown.php:0
[22-Sep-2023 15:38:40 Asia/Kolkata] PHP Warning:  Undefined variable $selected in D:\wamp64\www\emsdemo\View\dropdown.php on line 34
[22-Sep-2023 15:38:40 Asia/Kolkata] PHP Stack trace:
[22-Sep-2023 15:38:40 Asia/Kolkata] PHP   1. {main}() D:\wamp64\www\emsdemo\View\dropdown.php:0
[22-Sep-2023 15:38:40 Asia/Kolkata] PHP Warning:  Undefined variable $selected in D:\wamp64\www\emsdemo\View\dropdown.php on line 34
[22-Sep-2023 15:38:40 Asia/Kolkata] PHP Stack trace:
[22-Sep-2023 15:38:40 Asia/Kolkata] PHP   1. {main}() D:\wamp64\www\emsdemo\View\dropdown.php:0
[22-Sep-2023 15:38:40 Asia/Kolkata] PHP Warning:  Undefined variable $selected in D:\wamp64\www\emsdemo\View\dropdown.php on line 34
[22-Sep-2023 15:38:40 Asia/Kolkata] PHP Stack trace:
[22-Sep-2023 15:38:40 Asia/Kolkata] PHP   1. {main}() D:\wamp64\www\emsdemo\View\dropdown.php:0
[22-Sep-2023 15:38:40 Asia/Kolkata] PHP Warning:  Undefined variable $selected in D:\wamp64\www\emsdemo\View\dropdown.php on line 34
[22-Sep-2023 15:38:40 Asia/Kolkata] PHP Stack trace:
[22-Sep-2023 15:38:40 Asia/Kolkata] PHP   1. {main}() D:\wamp64\www\emsdemo\View\dropdown.php:0
[22-Sep-2023 15:38:40 Asia/Kolkata] PHP Warning:  Undefined variable $selected in D:\wamp64\www\emsdemo\View\dropdown.php on line 34
[22-Sep-2023 15:38:40 Asia/Kolkata] PHP Stack trace:
[22-Sep-2023 15:38:40 Asia/Kolkata] PHP   1. {main}() D:\wamp64\www\emsdemo\View\dropdown.php:0
[22-Sep-2023 15:38:40 Asia/Kolkata] PHP Warning:  Undefined variable $selected in D:\wamp64\www\emsdemo\View\dropdown.php on line 34
[22-Sep-2023 15:38:40 Asia/Kolkata] PHP Stack trace:
[22-Sep-2023 15:38:40 Asia/Kolkata] PHP   1. {main}() D:\wamp64\www\emsdemo\View\dropdown.php:0
[22-Sep-2023 15:38:40 Asia/Kolkata] PHP Warning:  Undefined variable $selected in D:\wamp64\www\emsdemo\View\dropdown.php on line 34
[22-Sep-2023 15:38:40 Asia/Kolkata] PHP Stack trace:
[22-Sep-2023 15:38:40 Asia/Kolkata] PHP   1. {main}() D:\wamp64\www\emsdemo\View\dropdown.php:0
[22-Sep-2023 15:38:40 Asia/Kolkata] PHP Warning:  Undefined variable $selected in D:\wamp64\www\emsdemo\View\dropdown.php on line 34
[22-Sep-2023 15:38:40 Asia/Kolkata] PHP Stack trace:
[22-Sep-2023 15:38:40 Asia/Kolkata] PHP   1. {main}() D:\wamp64\www\emsdemo\View\dropdown.php:0
[22-Sep-2023 15:38:40 Asia/Kolkata] PHP Warning:  Undefined variable $selected in D:\wamp64\www\emsdemo\View\dropdown.php on line 34
[22-Sep-2023 15:38:40 Asia/Kolkata] PHP Stack trace:
[22-Sep-2023 15:38:40 Asia/Kolkata] PHP   1. {main}() D:\wamp64\www\emsdemo\View\dropdown.php:0
[22-Sep-2023 15:38:40 Asia/Kolkata] PHP Warning:  Undefined variable $selected in D:\wamp64\www\emsdemo\View\dropdown.php on line 34
[22-Sep-2023 15:38:40 Asia/Kolkata] PHP Stack trace:
[22-Sep-2023 15:38:40 Asia/Kolkata] PHP   1. {main}() D:\wamp64\www\emsdemo\View\dropdown.php:0
[22-Sep-2023 15:38:40 Asia/Kolkata] PHP Warning:  Undefined variable $selected in D:\wamp64\www\emsdemo\View\dropdown.php on line 34
[22-Sep-2023 15:38:40 Asia/Kolkata] PHP Stack trace:
[22-Sep-2023 15:38:40 Asia/Kolkata] PHP   1. {main}() D:\wamp64\www\emsdemo\View\dropdown.php:0
[22-Sep-2023 15:38:40 Asia/Kolkata] PHP Warning:  Undefined variable $selected in D:\wamp64\www\emsdemo\View\dropdown.php on line 34
[22-Sep-2023 15:38:40 Asia/Kolkata] PHP Stack trace:
[22-Sep-2023 15:38:40 Asia/Kolkata] PHP   1. {main}() D:\wamp64\www\emsdemo\View\dropdown.php:0
[22-Sep-2023 15:38:40 Asia/Kolkata] PHP Warning:  Undefined variable $selected in D:\wamp64\www\emsdemo\View\dropdown.php on line 34
[22-Sep-2023 15:38:40 Asia/Kolkata] PHP Stack trace:
[22-Sep-2023 15:38:40 Asia/Kolkata] PHP   1. {main}() D:\wamp64\www\emsdemo\View\dropdown.php:0
[22-Sep-2023 15:38:40 Asia/Kolkata] PHP Warning:  Undefined variable $selected in D:\wamp64\www\emsdemo\View\dropdown.php on line 34
[22-Sep-2023 15:38:40 Asia/Kolkata] PHP Stack trace:
[22-Sep-2023 15:38:40 Asia/Kolkata] PHP   1. {main}() D:\wamp64\www\emsdemo\View\dropdown.php:0
[22-Sep-2023 15:38:40 Asia/Kolkata] PHP Warning:  Undefined variable $selected in D:\wamp64\www\emsdemo\View\dropdown.php on line 34
[22-Sep-2023 15:38:40 Asia/Kolkata] PHP Stack trace:
[22-Sep-2023 15:38:40 Asia/Kolkata] PHP   1. {main}() D:\wamp64\www\emsdemo\View\dropdown.php:0
[22-Sep-2023 15:38:40 Asia/Kolkata] PHP Warning:  Undefined variable $selected in D:\wamp64\www\emsdemo\View\dropdown.php on line 34
[22-Sep-2023 15:38:40 Asia/Kolkata] PHP Stack trace:
[22-Sep-2023 15:38:40 Asia/Kolkata] PHP   1. {main}() D:\wamp64\www\emsdemo\View\dropdown.php:0
[22-Sep-2023 15:38:40 Asia/Kolkata] PHP Warning:  Undefined variable $selected in D:\wamp64\www\emsdemo\View\dropdown.php on line 34
[22-Sep-2023 15:38:40 Asia/Kolkata] PHP Stack trace:
[22-Sep-2023 15:38:40 Asia/Kolkata] PHP   1. {main}() D:\wamp64\www\emsdemo\View\dropdown.php:0
[22-Sep-2023 15:38:40 Asia/Kolkata] PHP Warning:  Undefined variable $selected in D:\wamp64\www\emsdemo\View\dropdown.php on line 34
[22-Sep-2023 15:38:40 Asia/Kolkata] PHP Stack trace:
[22-Sep-2023 15:38:40 Asia/Kolkata] PHP   1. {main}() D:\wamp64\www\emsdemo\View\dropdown.php:0
[22-Sep-2023 15:38:40 Asia/Kolkata] PHP Warning:  Undefined variable $selected in D:\wamp64\www\emsdemo\View\dropdown.php on line 34
[22-Sep-2023 15:38:40 Asia/Kolkata] PHP Stack trace:
[22-Sep-2023 15:38:40 Asia/Kolkata] PHP   1. {main}() D:\wamp64\www\emsdemo\View\dropdown.php:0
[22-Sep-2023 15:38:40 Asia/Kolkata] PHP Warning:  Undefined variable $selected in D:\wamp64\www\emsdemo\View\dropdown.php on line 34
[22-Sep-2023 15:38:40 Asia/Kolkata] PHP Stack trace:
[22-Sep-2023 15:38:40 Asia/Kolkata] PHP   1. {main}() D:\wamp64\www\emsdemo\View\dropdown.php:0
[22-Sep-2023 15:38:40 Asia/Kolkata] PHP Warning:  Undefined variable $selected in D:\wamp64\www\emsdemo\View\dropdown.php on line 34
[22-Sep-2023 15:38:40 Asia/Kolkata] PHP Stack trace:
[22-Sep-2023 15:38:40 Asia/Kolkata] PHP   1. {main}() D:\wamp64\www\emsdemo\View\dropdown.php:0
[22-Sep-2023 15:38:40 Asia/Kolkata] PHP Warning:  Undefined variable $selected in D:\wamp64\www\emsdemo\View\dropdown.php on line 34
[22-Sep-2023 15:38:40 Asia/Kolkata] PHP Stack trace:
[22-Sep-2023 15:38:40 Asia/Kolkata] PHP   1. {main}() D:\wamp64\www\emsdemo\View\dropdown.php:0
[22-Sep-2023 15:38:40 Asia/Kolkata] PHP Warning:  Undefined variable $selected in D:\wamp64\www\emsdemo\View\dropdown.php on line 34
[22-Sep-2023 15:38:40 Asia/Kolkata] PHP Stack trace:
[22-Sep-2023 15:38:40 Asia/Kolkata] PHP   1. {main}() D:\wamp64\www\emsdemo\View\dropdown.php:0
[22-Sep-2023 15:38:40 Asia/Kolkata] PHP Warning:  Undefined variable $selected in D:\wamp64\www\emsdemo\View\dropdown.php on line 34
[22-Sep-2023 15:38:40 Asia/Kolkata] PHP Stack trace:
[22-Sep-2023 15:38:40 Asia/Kolkata] PHP   1. {main}() D:\wamp64\www\emsdemo\View\dropdown.php:0
[22-Sep-2023 15:38:40 Asia/Kolkata] PHP Warning:  Undefined variable $selected in D:\wamp64\www\emsdemo\View\dropdown.php on line 34
[22-Sep-2023 15:38:40 Asia/Kolkata] PHP Stack trace:
[22-Sep-2023 15:38:40 Asia/Kolkata] PHP   1. {main}() D:\wamp64\www\emsdemo\View\dropdown.php:0
[22-Sep-2023 15:38:40 Asia/Kolkata] PHP Warning:  Undefined variable $selected in D:\wamp64\www\emsdemo\View\dropdown.php on line 34
[22-Sep-2023 15:38:40 Asia/Kolkata] PHP Stack trace:
[22-Sep-2023 15:38:40 Asia/Kolkata] PHP   1. {main}() D:\wamp64\www\emsdemo\View\dropdown.php:0
[22-Sep-2023 15:38:40 Asia/Kolkata] PHP Warning:  Undefined variable $selected in D:\wamp64\www\emsdemo\View\dropdown.php on line 34
[22-Sep-2023 15:38:40 Asia/Kolkata] PHP Stack trace:
[22-Sep-2023 15:38:40 Asia/Kolkata] PHP   1. {main}() D:\wamp64\www\emsdemo\View\dropdown.php:0
[22-Sep-2023 15:38:40 Asia/Kolkata] PHP Warning:  Undefined variable $selected in D:\wamp64\www\emsdemo\View\dropdown.php on line 34
[22-Sep-2023 15:38:40 Asia/Kolkata] PHP Stack trace:
[22-Sep-2023 15:38:40 Asia/Kolkata] PHP   1. {main}() D:\wamp64\www\emsdemo\View\dropdown.php:0
[22-Sep-2023 15:38:40 Asia/Kolkata] PHP Warning:  Undefined variable $selected in D:\wamp64\www\emsdemo\View\dropdown.php on line 34
[22-Sep-2023 15:38:40 Asia/Kolkata] PHP Stack trace:
[22-Sep-2023 15:38:40 Asia/Kolkata] PHP   1. {main}() D:\wamp64\www\emsdemo\View\dropdown.php:0
[22-Sep-2023 15:38:40 Asia/Kolkata] PHP Warning:  Undefined variable $selected in D:\wamp64\www\emsdemo\View\dropdown.php on line 34
[22-Sep-2023 15:38:40 Asia/Kolkata] PHP Stack trace:
[22-Sep-2023 15:38:40 Asia/Kolkata] PHP   1. {main}() D:\wamp64\www\emsdemo\View\dropdown.php:0
[22-Sep-2023 15:38:40 Asia/Kolkata] PHP Warning:  Undefined variable $selected in D:\wamp64\www\emsdemo\View\dropdown.php on line 34
[22-Sep-2023 15:38:40 Asia/Kolkata] PHP Stack trace:
[22-Sep-2023 15:38:40 Asia/Kolkata] PHP   1. {main}() D:\wamp64\www\emsdemo\View\dropdown.php:0
[22-Sep-2023 15:38:40 Asia/Kolkata] PHP Warning:  Undefined variable $selected in D:\wamp64\www\emsdemo\View\dropdown.php on line 34
[22-Sep-2023 15:38:40 Asia/Kolkata] PHP Stack trace:
[22-Sep-2023 15:38:40 Asia/Kolkata] PHP   1. {main}() D:\wamp64\www\emsdemo\View\dropdown.php:0
[22-Sep-2023 15:38:40 Asia/Kolkata] PHP Warning:  Undefined variable $selected in D:\wamp64\www\emsdemo\View\dropdown.php on line 34
[22-Sep-2023 15:38:40 Asia/Kolkata] PHP Stack trace:
[22-Sep-2023 15:38:40 Asia/Kolkata] PHP   1. {main}() D:\wamp64\www\emsdemo\View\dropdown.php:0
[22-Sep-2023 15:38:40 Asia/Kolkata] PHP Warning:  Undefined variable $selected in D:\wamp64\www\emsdemo\View\dropdown.php on line 34
[22-Sep-2023 15:38:40 Asia/Kolkata] PHP Stack trace:
[22-Sep-2023 15:38:40 Asia/Kolkata] PHP   1. {main}() D:\wamp64\www\emsdemo\View\dropdown.php:0
[22-Sep-2023 15:38:40 Asia/Kolkata] PHP Warning:  Undefined variable $selected in D:\wamp64\www\emsdemo\View\dropdown.php on line 34
[22-Sep-2023 15:38:40 Asia/Kolkata] PHP Stack trace:
[22-Sep-2023 15:38:40 Asia/Kolkata] PHP   1. {main}() D:\wamp64\www\emsdemo\View\dropdown.php:0
[22-Sep-2023 15:38:40 Asia/Kolkata] PHP Warning:  Undefined variable $selected in D:\wamp64\www\emsdemo\View\dropdown.php on line 34
[22-Sep-2023 15:38:40 Asia/Kolkata] PHP Stack trace:
[22-Sep-2023 15:38:40 Asia/Kolkata] PHP   1. {main}() D:\wamp64\www\emsdemo\View\dropdown.php:0
[22-Sep-2023 15:38:40 Asia/Kolkata] PHP Warning:  Undefined variable $selected in D:\wamp64\www\emsdemo\View\dropdown.php on line 34
[22-Sep-2023 15:38:40 Asia/Kolkata] PHP Stack trace:
[22-Sep-2023 15:38:40 Asia/Kolkata] PHP   1. {main}() D:\wamp64\www\emsdemo\View\dropdown.php:0
[22-Sep-2023 15:38:40 Asia/Kolkata] PHP Warning:  Undefined variable $selected in D:\wamp64\www\emsdemo\View\dropdown.php on line 34
[22-Sep-2023 15:38:40 Asia/Kolkata] PHP Stack trace:
[22-Sep-2023 15:38:40 Asia/Kolkata] PHP   1. {main}() D:\wamp64\www\emsdemo\View\dropdown.php:0
[22-Sep-2023 15:38:40 Asia/Kolkata] PHP Warning:  Undefined variable $selected in D:\wamp64\www\emsdemo\View\dropdown.php on line 34
[22-Sep-2023 15:38:40 Asia/Kolkata] PHP Stack trace:
[22-Sep-2023 15:38:40 Asia/Kolkata] PHP   1. {main}() D:\wamp64\www\emsdemo\View\dropdown.php:0
[22-Sep-2023 15:38:40 Asia/Kolkata] PHP Warning:  Undefined variable $selected in D:\wamp64\www\emsdemo\View\dropdown.php on line 34
[22-Sep-2023 15:38:40 Asia/Kolkata] PHP Stack trace:
[22-Sep-2023 15:38:40 Asia/Kolkata] PHP   1. {main}() D:\wamp64\www\emsdemo\View\dropdown.php:0
[22-Sep-2023 15:38:40 Asia/Kolkata] PHP Warning:  Undefined variable $selected in D:\wamp64\www\emsdemo\View\dropdown.php on line 34
[22-Sep-2023 15:38:40 Asia/Kolkata] PHP Stack trace:
[22-Sep-2023 15:38:40 Asia/Kolkata] PHP   1. {main}() D:\wamp64\www\emsdemo\View\dropdown.php:0
[22-Sep-2023 15:38:40 Asia/Kolkata] PHP Warning:  Undefined variable $selected in D:\wamp64\www\emsdemo\View\dropdown.php on line 34
[22-Sep-2023 15:38:40 Asia/Kolkata] PHP Stack trace:
[22-Sep-2023 15:38:40 Asia/Kolkata] PHP   1. {main}() D:\wamp64\www\emsdemo\View\dropdown.php:0
[22-Sep-2023 15:38:40 Asia/Kolkata] PHP Warning:  Undefined variable $selected in D:\wamp64\www\emsdemo\View\dropdown.php on line 34
[22-Sep-2023 15:38:40 Asia/Kolkata] PHP Stack trace:
[22-Sep-2023 15:38:40 Asia/Kolkata] PHP   1. {main}() D:\wamp64\www\emsdemo\View\dropdown.php:0
[22-Sep-2023 15:38:40 Asia/Kolkata] PHP Warning:  Undefined variable $selected in D:\wamp64\www\emsdemo\View\dropdown.php on line 34
[22-Sep-2023 15:38:40 Asia/Kolkata] PHP Stack trace:
[22-Sep-2023 15:38:40 Asia/Kolkata] PHP   1. {main}() D:\wamp64\www\emsdemo\View\dropdown.php:0
[22-Sep-2023 15:38:40 Asia/Kolkata] PHP Warning:  Undefined variable $selected in D:\wamp64\www\emsdemo\View\dropdown.php on line 34
[22-Sep-2023 15:38:40 Asia/Kolkata] PHP Stack trace:
[22-Sep-2023 15:38:40 Asia/Kolkata] PHP   1. {main}() D:\wamp64\www\emsdemo\View\dropdown.php:0
[22-Sep-2023 15:38:40 Asia/Kolkata] PHP Warning:  Undefined variable $selected in D:\wamp64\www\emsdemo\View\dropdown.php on line 34
[22-Sep-2023 15:38:40 Asia/Kolkata] PHP Stack trace:
[22-Sep-2023 15:38:40 Asia/Kolkata] PHP   1. {main}() D:\wamp64\www\emsdemo\View\dropdown.php:0
[22-Sep-2023 15:38:40 Asia/Kolkata] PHP Warning:  Undefined variable $selected in D:\wamp64\www\emsdemo\View\dropdown.php on line 34
[22-Sep-2023 15:38:40 Asia/Kolkata] PHP Stack trace:
[22-Sep-2023 15:38:40 Asia/Kolkata] PHP   1. {main}() D:\wamp64\www\emsdemo\View\dropdown.php:0
[22-Sep-2023 15:38:40 Asia/Kolkata] PHP Warning:  Undefined variable $selected in D:\wamp64\www\emsdemo\View\dropdown.php on line 34
[22-Sep-2023 15:38:40 Asia/Kolkata] PHP Stack trace:
[22-Sep-2023 15:38:40 Asia/Kolkata] PHP   1. {main}() D:\wamp64\www\emsdemo\View\dropdown.php:0
[22-Sep-2023 15:38:40 Asia/Kolkata] PHP Warning:  Undefined variable $selected in D:\wamp64\www\emsdemo\View\dropdown.php on line 34
[22-Sep-2023 15:38:40 Asia/Kolkata] PHP Stack trace:
[22-Sep-2023 15:38:40 Asia/Kolkata] PHP   1. {main}() D:\wamp64\www\emsdemo\View\dropdown.php:0
[22-Sep-2023 15:38:40 Asia/Kolkata] PHP Warning:  Undefined variable $selected in D:\wamp64\www\emsdemo\View\dropdown.php on line 34
[22-Sep-2023 15:38:40 Asia/Kolkata] PHP Stack trace:
[22-Sep-2023 15:38:40 Asia/Kolkata] PHP   1. {main}() D:\wamp64\www\emsdemo\View\dropdown.php:0
[22-Sep-2023 15:38:40 Asia/Kolkata] PHP Warning:  Undefined variable $selected in D:\wamp64\www\emsdemo\View\dropdown.php on line 34
[22-Sep-2023 15:38:40 Asia/Kolkata] PHP Stack trace:
[22-Sep-2023 15:38:40 Asia/Kolkata] PHP   1. {main}() D:\wamp64\www\emsdemo\View\dropdown.php:0
[22-Sep-2023 15:38:40 Asia/Kolkata] PHP Warning:  Undefined variable $selected in D:\wamp64\www\emsdemo\View\dropdown.php on line 34
[22-Sep-2023 15:38:40 Asia/Kolkata] PHP Stack trace:
[22-Sep-2023 15:38:40 Asia/Kolkata] PHP   1. {main}() D:\wamp64\www\emsdemo\View\dropdown.php:0
[22-Sep-2023 15:38:40 Asia/Kolkata] PHP Warning:  Undefined variable $selected in D:\wamp64\www\emsdemo\View\dropdown.php on line 34
[22-Sep-2023 15:38:40 Asia/Kolkata] PHP Stack trace:
[22-Sep-2023 15:38:40 Asia/Kolkata] PHP   1. {main}() D:\wamp64\www\emsdemo\View\dropdown.php:0
[22-Sep-2023 15:38:40 Asia/Kolkata] PHP Warning:  Undefined variable $selected in D:\wamp64\www\emsdemo\View\dropdown.php on line 34
[22-Sep-2023 15:38:40 Asia/Kolkata] PHP Stack trace:
[22-Sep-2023 15:38:40 Asia/Kolkata] PHP   1. {main}() D:\wamp64\www\emsdemo\View\dropdown.php:0
[22-Sep-2023 15:38:40 Asia/Kolkata] PHP Warning:  Undefined variable $selected in D:\wamp64\www\emsdemo\View\dropdown.php on line 34
[22-Sep-2023 15:38:40 Asia/Kolkata] PHP Stack trace:
[22-Sep-2023 15:38:40 Asia/Kolkata] PHP   1. {main}() D:\wamp64\www\emsdemo\View\dropdown.php:0
[22-Sep-2023 15:38:40 Asia/Kolkata] PHP Warning:  Undefined variable $selected in D:\wamp64\www\emsdemo\View\dropdown.php on line 34
[22-Sep-2023 15:38:40 Asia/Kolkata] PHP Stack trace:
[22-Sep-2023 15:38:40 Asia/Kolkata] PHP   1. {main}() D:\wamp64\www\emsdemo\View\dropdown.php:0
[22-Sep-2023 15:38:40 Asia/Kolkata] PHP Warning:  Undefined variable $selected in D:\wamp64\www\emsdemo\View\dropdown.php on line 34
[22-Sep-2023 15:38:40 Asia/Kolkata] PHP Stack trace:
[22-Sep-2023 15:38:40 Asia/Kolkata] PHP   1. {main}() D:\wamp64\www\emsdemo\View\dropdown.php:0
[22-Sep-2023 15:38:40 Asia/Kolkata] PHP Warning:  Undefined variable $selected in D:\wamp64\www\emsdemo\View\dropdown.php on line 34
[22-Sep-2023 15:38:40 Asia/Kolkata] PHP Stack trace:
[22-Sep-2023 15:38:40 Asia/Kolkata] PHP   1. {main}() D:\wamp64\www\emsdemo\View\dropdown.php:0
[22-Sep-2023 15:38:40 Asia/Kolkata] PHP Warning:  Undefined variable $selected in D:\wamp64\www\emsdemo\View\dropdown.php on line 34
[22-Sep-2023 15:38:40 Asia/Kolkata] PHP Stack trace:
[22-Sep-2023 15:38:40 Asia/Kolkata] PHP   1. {main}() D:\wamp64\www\emsdemo\View\dropdown.php:0
[22-Sep-2023 15:38:40 Asia/Kolkata] PHP Warning:  Undefined variable $selected in D:\wamp64\www\emsdemo\View\dropdown.php on line 34
[22-Sep-2023 15:38:40 Asia/Kolkata] PHP Stack trace:
[22-Sep-2023 15:38:40 Asia/Kolkata] PHP   1. {main}() D:\wamp64\www\emsdemo\View\dropdown.php:0
[22-Sep-2023 15:38:40 Asia/Kolkata] PHP Warning:  Undefined variable $selected in D:\wamp64\www\emsdemo\View\dropdown.php on line 34
[22-Sep-2023 15:38:40 Asia/Kolkata] PHP Stack trace:
[22-Sep-2023 15:38:40 Asia/Kolkata] PHP   1. {main}() D:\wamp64\www\emsdemo\View\dropdown.php:0
[22-Sep-2023 15:38:40 Asia/Kolkata] PHP Warning:  Undefined variable $selected in D:\wamp64\www\emsdemo\View\dropdown.php on line 34
[22-Sep-2023 15:38:40 Asia/Kolkata] PHP Stack trace:
[22-Sep-2023 15:38:40 Asia/Kolkata] PHP   1. {main}() D:\wamp64\www\emsdemo\View\dropdown.php:0
[22-Sep-2023 15:38:40 Asia/Kolkata] PHP Warning:  Undefined variable $selected in D:\wamp64\www\emsdemo\View\dropdown.php on line 34
[22-Sep-2023 15:38:40 Asia/Kolkata] PHP Stack trace:
[22-Sep-2023 15:38:40 Asia/Kolkata] PHP   1. {main}() D:\wamp64\www\emsdemo\View\dropdown.php:0
[22-Sep-2023 15:38:40 Asia/Kolkata] PHP Warning:  Undefined variable $selected in D:\wamp64\www\emsdemo\View\dropdown.php on line 34
[22-Sep-2023 15:38:40 Asia/Kolkata] PHP Stack trace:
[22-Sep-2023 15:38:40 Asia/Kolkata] PHP   1. {main}() D:\wamp64\www\emsdemo\View\dropdown.php:0
[22-Sep-2023 15:38:40 Asia/Kolkata] PHP Warning:  Undefined variable $selected in D:\wamp64\www\emsdemo\View\dropdown.php on line 34
[22-Sep-2023 15:38:40 Asia/Kolkata] PHP Stack trace:
[22-Sep-2023 15:38:40 Asia/Kolkata] PHP   1. {main}() D:\wamp64\www\emsdemo\View\dropdown.php:0
[22-Sep-2023 15:38:40 Asia/Kolkata] PHP Warning:  Undefined variable $selected in D:\wamp64\www\emsdemo\View\dropdown.php on line 34
[22-Sep-2023 15:38:40 Asia/Kolkata] PHP Stack trace:
[22-Sep-2023 15:38:40 Asia/Kolkata] PHP   1. {main}() D:\wamp64\www\emsdemo\View\dropdown.php:0
[22-Sep-2023 15:38:40 Asia/Kolkata] PHP Warning:  Undefined variable $selected in D:\wamp64\www\emsdemo\View\dropdown.php on line 34
[22-Sep-2023 15:38:40 Asia/Kolkata] PHP Stack trace:
[22-Sep-2023 15:38:40 Asia/Kolkata] PHP   1. {main}() D:\wamp64\www\emsdemo\View\dropdown.php:0
[22-Sep-2023 15:38:40 Asia/Kolkata] PHP Warning:  Undefined variable $selected in D:\wamp64\www\emsdemo\View\dropdown.php on line 34
[22-Sep-2023 15:38:40 Asia/Kolkata] PHP Stack trace:
[22-Sep-2023 15:38:40 Asia/Kolkata] PHP   1. {main}() D:\wamp64\www\emsdemo\View\dropdown.php:0
[22-Sep-2023 15:38:40 Asia/Kolkata] PHP Warning:  Undefined variable $selected in D:\wamp64\www\emsdemo\View\dropdown.php on line 34
[22-Sep-2023 15:38:40 Asia/Kolkata] PHP Stack trace:
[22-Sep-2023 15:38:40 Asia/Kolkata] PHP   1. {main}() D:\wamp64\www\emsdemo\View\dropdown.php:0
[22-Sep-2023 15:38:40 Asia/Kolkata] PHP Warning:  Undefined variable $selected in D:\wamp64\www\emsdemo\View\dropdown.php on line 34
[22-Sep-2023 15:38:40 Asia/Kolkata] PHP Stack trace:
[22-Sep-2023 15:38:40 Asia/Kolkata] PHP   1. {main}() D:\wamp64\www\emsdemo\View\dropdown.php:0
[22-Sep-2023 15:38:40 Asia/Kolkata] PHP Warning:  Undefined variable $selected in D:\wamp64\www\emsdemo\View\dropdown.php on line 34
[22-Sep-2023 15:38:40 Asia/Kolkata] PHP Stack trace:
[22-Sep-2023 15:38:40 Asia/Kolkata] PHP   1. {main}() D:\wamp64\www\emsdemo\View\dropdown.php:0
[22-Sep-2023 15:38:40 Asia/Kolkata] PHP Warning:  Undefined variable $selected in D:\wamp64\www\emsdemo\View\dropdown.php on line 34
[22-Sep-2023 15:38:40 Asia/Kolkata] PHP Stack trace:
[22-Sep-2023 15:38:40 Asia/Kolkata] PHP   1. {main}() D:\wamp64\www\emsdemo\View\dropdown.php:0
[22-Sep-2023 15:38:40 Asia/Kolkata] PHP Warning:  Undefined variable $selected in D:\wamp64\www\emsdemo\View\dropdown.php on line 34
[22-Sep-2023 15:38:40 Asia/Kolkata] PHP Stack trace:
[22-Sep-2023 15:38:40 Asia/Kolkata] PHP   1. {main}() D:\wamp64\www\emsdemo\View\dropdown.php:0
[22-Sep-2023 15:38:40 Asia/Kolkata] PHP Warning:  Undefined variable $selected in D:\wamp64\www\emsdemo\View\dropdown.php on line 34
[22-Sep-2023 15:38:40 Asia/Kolkata] PHP Stack trace:
[22-Sep-2023 15:38:40 Asia/Kolkata] PHP   1. {main}() D:\wamp64\www\emsdemo\View\dropdown.php:0
[22-Sep-2023 15:38:40 Asia/Kolkata] PHP Warning:  Undefined variable $selected in D:\wamp64\www\emsdemo\View\dropdown.php on line 34
[22-Sep-2023 15:38:40 Asia/Kolkata] PHP Stack trace:
[22-Sep-2023 15:38:40 Asia/Kolkata] PHP   1. {main}() D:\wamp64\www\emsdemo\View\dropdown.php:0
[22-Sep-2023 15:38:40 Asia/Kolkata] PHP Warning:  Undefined variable $selected in D:\wamp64\www\emsdemo\View\dropdown.php on line 34
[22-Sep-2023 15:38:40 Asia/Kolkata] PHP Stack trace:
[22-Sep-2023 15:38:40 Asia/Kolkata] PHP   1. {main}() D:\wamp64\www\emsdemo\View\dropdown.php:0
[22-Sep-2023 15:38:40 Asia/Kolkata] PHP Warning:  Undefined variable $selected in D:\wamp64\www\emsdemo\View\dropdown.php on line 34
[22-Sep-2023 15:38:40 Asia/Kolkata] PHP Stack trace:
[22-Sep-2023 15:38:40 Asia/Kolkata] PHP   1. {main}() D:\wamp64\www\emsdemo\View\dropdown.php:0
[22-Sep-2023 15:38:40 Asia/Kolkata] PHP Warning:  Undefined variable $selected in D:\wamp64\www\emsdemo\View\dropdown.php on line 34
[22-Sep-2023 15:38:40 Asia/Kolkata] PHP Stack trace:
[22-Sep-2023 15:38:40 Asia/Kolkata] PHP   1. {main}() D:\wamp64\www\emsdemo\View\dropdown.php:0
[22-Sep-2023 15:38:40 Asia/Kolkata] PHP Warning:  Undefined variable $selected in D:\wamp64\www\emsdemo\View\dropdown.php on line 34
[22-Sep-2023 15:38:40 Asia/Kolkata] PHP Stack trace:
[22-Sep-2023 15:38:40 Asia/Kolkata] PHP   1. {main}() D:\wamp64\www\emsdemo\View\dropdown.php:0
[22-Sep-2023 15:38:40 Asia/Kolkata] PHP Warning:  Undefined variable $selected in D:\wamp64\www\emsdemo\View\dropdown.php on line 34
[22-Sep-2023 15:38:40 Asia/Kolkata] PHP Stack trace:
[22-Sep-2023 15:38:40 Asia/Kolkata] PHP   1. {main}() D:\wamp64\www\emsdemo\View\dropdown.php:0
[22-Sep-2023 15:38:40 Asia/Kolkata] PHP Warning:  Undefined variable $selected in D:\wamp64\www\emsdemo\View\dropdown.php on line 34
[22-Sep-2023 15:38:40 Asia/Kolkata] PHP Stack trace:
[22-Sep-2023 15:38:40 Asia/Kolkata] PHP   1. {main}() D:\wamp64\www\emsdemo\View\dropdown.php:0
[22-Sep-2023 15:38:40 Asia/Kolkata] PHP Warning:  Undefined variable $selected in D:\wamp64\www\emsdemo\View\dropdown.php on line 34
[22-Sep-2023 15:38:40 Asia/Kolkata] PHP Stack trace:
[22-Sep-2023 15:38:40 Asia/Kolkata] PHP   1. {main}() D:\wamp64\www\emsdemo\View\dropdown.php:0
[22-Sep-2023 15:38:40 Asia/Kolkata] PHP Warning:  Undefined variable $selected in D:\wamp64\www\emsdemo\View\dropdown.php on line 34
[22-Sep-2023 15:38:40 Asia/Kolkata] PHP Stack trace:
[22-Sep-2023 15:38:40 Asia/Kolkata] PHP   1. {main}() D:\wamp64\www\emsdemo\View\dropdown.php:0
[22-Sep-2023 15:38:40 Asia/Kolkata] PHP Warning:  Undefined variable $selected in D:\wamp64\www\emsdemo\View\dropdown.php on line 34
[22-Sep-2023 15:38:40 Asia/Kolkata] PHP Stack trace:
[22-Sep-2023 15:38:40 Asia/Kolkata] PHP   1. {main}() D:\wamp64\www\emsdemo\View\dropdown.php:0
[22-Sep-2023 15:38:40 Asia/Kolkata] PHP Warning:  Undefined variable $selected in D:\wamp64\www\emsdemo\View\dropdown.php on line 34
[22-Sep-2023 15:38:40 Asia/Kolkata] PHP Stack trace:
[22-Sep-2023 15:38:40 Asia/Kolkata] PHP   1. {main}() D:\wamp64\www\emsdemo\View\dropdown.php:0
[22-Sep-2023 15:38:40 Asia/Kolkata] PHP Warning:  Undefined variable $selected in D:\wamp64\www\emsdemo\View\dropdown.php on line 34
[22-Sep-2023 15:38:40 Asia/Kolkata] PHP Stack trace:
[22-Sep-2023 15:38:40 Asia/Kolkata] PHP   1. {main}() D:\wamp64\www\emsdemo\View\dropdown.php:0
[22-Sep-2023 15:38:40 Asia/Kolkata] PHP Warning:  Undefined variable $selected in D:\wamp64\www\emsdemo\View\dropdown.php on line 34
[22-Sep-2023 15:38:40 Asia/Kolkata] PHP Stack trace:
[22-Sep-2023 15:38:40 Asia/Kolkata] PHP   1. {main}() D:\wamp64\www\emsdemo\View\dropdown.php:0
[22-Sep-2023 15:38:40 Asia/Kolkata] PHP Warning:  Undefined variable $selected in D:\wamp64\www\emsdemo\View\dropdown.php on line 34
[22-Sep-2023 15:38:40 Asia/Kolkata] PHP Stack trace:
[22-Sep-2023 15:38:40 Asia/Kolkata] PHP   1. {main}() D:\wamp64\www\emsdemo\View\dropdown.php:0
[22-Sep-2023 15:38:40 Asia/Kolkata] PHP Warning:  Undefined variable $selected in D:\wamp64\www\emsdemo\View\dropdown.php on line 34
[22-Sep-2023 15:38:40 Asia/Kolkata] PHP Stack trace:
[22-Sep-2023 15:38:40 Asia/Kolkata] PHP   1. {main}() D:\wamp64\www\emsdemo\View\dropdown.php:0
[22-Sep-2023 15:38:40 Asia/Kolkata] PHP Warning:  Undefined variable $selected in D:\wamp64\www\emsdemo\View\dropdown.php on line 34
[22-Sep-2023 15:38:40 Asia/Kolkata] PHP Stack trace:
[22-Sep-2023 15:38:40 Asia/Kolkata] PHP   1. {main}() D:\wamp64\www\emsdemo\View\dropdown.php:0
[22-Sep-2023 15:38:40 Asia/Kolkata] PHP Warning:  Undefined variable $selected in D:\wamp64\www\emsdemo\View\dropdown.php on line 34
[22-Sep-2023 15:38:40 Asia/Kolkata] PHP Stack trace:
[22-Sep-2023 15:38:40 Asia/Kolkata] PHP   1. {main}() D:\wamp64\www\emsdemo\View\dropdown.php:0
[22-Sep-2023 15:38:40 Asia/Kolkata] PHP Warning:  Undefined variable $selected in D:\wamp64\www\emsdemo\View\dropdown.php on line 34
[22-Sep-2023 15:38:40 Asia/Kolkata] PHP Stack trace:
[22-Sep-2023 15:38:40 Asia/Kolkata] PHP   1. {main}() D:\wamp64\www\emsdemo\View\dropdown.php:0
[22-Sep-2023 15:38:40 Asia/Kolkata] PHP Warning:  Undefined variable $selected in D:\wamp64\www\emsdemo\View\dropdown.php on line 34
[22-Sep-2023 15:38:40 Asia/Kolkata] PHP Stack trace:
[22-Sep-2023 15:38:40 Asia/Kolkata] PHP   1. {main}() D:\wamp64\www\emsdemo\View\dropdown.php:0
[22-Sep-2023 15:38:40 Asia/Kolkata] PHP Warning:  Undefined variable $selected in D:\wamp64\www\emsdemo\View\dropdown.php on line 34
[22-Sep-2023 15:38:40 Asia/Kolkata] PHP Stack trace:
[22-Sep-2023 15:38:40 Asia/Kolkata] PHP   1. {main}() D:\wamp64\www\emsdemo\View\dropdown.php:0
[22-Sep-2023 15:38:40 Asia/Kolkata] PHP Warning:  Undefined variable $selected in D:\wamp64\www\emsdemo\View\dropdown.php on line 34
[22-Sep-2023 15:38:40 Asia/Kolkata] PHP Stack trace:
[22-Sep-2023 15:38:40 Asia/Kolkata] PHP   1. {main}() D:\wamp64\www\emsdemo\View\dropdown.php:0
[22-Sep-2023 15:38:40 Asia/Kolkata] PHP Warning:  Undefined variable $selected in D:\wamp64\www\emsdemo\View\dropdown.php on line 34
[22-Sep-2023 15:38:40 Asia/Kolkata] PHP Stack trace:
[22-Sep-2023 15:38:40 Asia/Kolkata] PHP   1. {main}() D:\wamp64\www\emsdemo\View\dropdown.php:0
[22-Sep-2023 15:38:40 Asia/Kolkata] PHP Warning:  Undefined variable $selected in D:\wamp64\www\emsdemo\View\dropdown.php on line 34
[22-Sep-2023 15:38:40 Asia/Kolkata] PHP Stack trace:
[22-Sep-2023 15:38:40 Asia/Kolkata] PHP   1. {main}() D:\wamp64\www\emsdemo\View\dropdown.php:0
[22-Sep-2023 15:38:40 Asia/Kolkata] PHP Warning:  Undefined variable $selected in D:\wamp64\www\emsdemo\View\dropdown.php on line 34
[22-Sep-2023 15:38:40 Asia/Kolkata] PHP Stack trace:
[22-Sep-2023 15:38:40 Asia/Kolkata] PHP   1. {main}() D:\wamp64\www\emsdemo\View\dropdown.php:0
[22-Sep-2023 15:38:40 Asia/Kolkata] PHP Warning:  Undefined variable $selected in D:\wamp64\www\emsdemo\View\dropdown.php on line 34
[22-Sep-2023 15:38:40 Asia/Kolkata] PHP Stack trace:
[22-Sep-2023 15:38:40 Asia/Kolkata] PHP   1. {main}() D:\wamp64\www\emsdemo\View\dropdown.php:0
[22-Sep-2023 15:38:40 Asia/Kolkata] PHP Warning:  Undefined variable $selected in D:\wamp64\www\emsdemo\View\dropdown.php on line 34
[22-Sep-2023 15:38:40 Asia/Kolkata] PHP Stack trace:
[22-Sep-2023 15:38:40 Asia/Kolkata] PHP   1. {main}() D:\wamp64\www\emsdemo\View\dropdown.php:0
[22-Sep-2023 15:38:40 Asia/Kolkata] PHP Warning:  Undefined variable $selected in D:\wamp64\www\emsdemo\View\dropdown.php on line 34
[22-Sep-2023 15:38:40 Asia/Kolkata] PHP Stack trace:
[22-Sep-2023 15:38:40 Asia/Kolkata] PHP   1. {main}() D:\wamp64\www\emsdemo\View\dropdown.php:0
[22-Sep-2023 15:38:40 Asia/Kolkata] PHP Warning:  Undefined variable $selected in D:\wamp64\www\emsdemo\View\dropdown.php on line 34
[22-Sep-2023 15:38:40 Asia/Kolkata] PHP Stack trace:
[22-Sep-2023 15:38:40 Asia/Kolkata] PHP   1. {main}() D:\wamp64\www\emsdemo\View\dropdown.php:0
[22-Sep-2023 15:38:40 Asia/Kolkata] PHP Warning:  Undefined variable $selected in D:\wamp64\www\emsdemo\View\dropdown.php on line 34
[22-Sep-2023 15:38:40 Asia/Kolkata] PHP Stack trace:
[22-Sep-2023 15:38:40 Asia/Kolkata] PHP   1. {main}() D:\wamp64\www\emsdemo\View\dropdown.php:0
[22-Sep-2023 15:38:40 Asia/Kolkata] PHP Warning:  Undefined variable $selected in D:\wamp64\www\emsdemo\View\dropdown.php on line 34
[22-Sep-2023 15:38:40 Asia/Kolkata] PHP Stack trace:
[22-Sep-2023 15:38:40 Asia/Kolkata] PHP   1. {main}() D:\wamp64\www\emsdemo\View\dropdown.php:0
[22-Sep-2023 15:38:40 Asia/Kolkata] PHP Warning:  Undefined variable $selected in D:\wamp64\www\emsdemo\View\dropdown.php on line 34
[22-Sep-2023 15:38:40 Asia/Kolkata] PHP Stack trace:
[22-Sep-2023 15:38:40 Asia/Kolkata] PHP   1. {main}() D:\wamp64\www\emsdemo\View\dropdown.php:0
[22-Sep-2023 15:38:40 Asia/Kolkata] PHP Warning:  Undefined variable $selected in D:\wamp64\www\emsdemo\View\dropdown.php on line 34
[22-Sep-2023 15:38:40 Asia/Kolkata] PHP Stack trace:
[22-Sep-2023 15:38:40 Asia/Kolkata] PHP   1. {main}() D:\wamp64\www\emsdemo\View\dropdown.php:0
[22-Sep-2023 15:38:40 Asia/Kolkata] PHP Warning:  Undefined variable $selected in D:\wamp64\www\emsdemo\View\dropdown.php on line 34
[22-Sep-2023 15:38:40 Asia/Kolkata] PHP Stack trace:
[22-Sep-2023 15:38:40 Asia/Kolkata] PHP   1. {main}() D:\wamp64\www\emsdemo\View\dropdown.php:0
[22-Sep-2023 15:38:40 Asia/Kolkata] PHP Warning:  Undefined variable $selected in D:\wamp64\www\emsdemo\View\dropdown.php on line 34
[22-Sep-2023 15:38:40 Asia/Kolkata] PHP Stack trace:
[22-Sep-2023 15:38:40 Asia/Kolkata] PHP   1. {main}() D:\wamp64\www\emsdemo\View\dropdown.php:0
[22-Sep-2023 15:38:40 Asia/Kolkata] PHP Warning:  Undefined variable $selected in D:\wamp64\www\emsdemo\View\dropdown.php on line 34
[22-Sep-2023 15:38:40 Asia/Kolkata] PHP Stack trace:
[22-Sep-2023 15:38:40 Asia/Kolkata] PHP   1. {main}() D:\wamp64\www\emsdemo\View\dropdown.php:0
[22-Sep-2023 15:38:40 Asia/Kolkata] PHP Warning:  Undefined variable $selected in D:\wamp64\www\emsdemo\View\dropdown.php on line 34
[22-Sep-2023 15:38:40 Asia/Kolkata] PHP Stack trace:
[22-Sep-2023 15:38:40 Asia/Kolkata] PHP   1. {main}() D:\wamp64\www\emsdemo\View\dropdown.php:0
[22-Sep-2023 15:38:40 Asia/Kolkata] PHP Warning:  Undefined variable $selected in D:\wamp64\www\emsdemo\View\dropdown.php on line 34
[22-Sep-2023 15:38:40 Asia/Kolkata] PHP Stack trace:
[22-Sep-2023 15:38:40 Asia/Kolkata] PHP   1. {main}() D:\wamp64\www\emsdemo\View\dropdown.php:0
[22-Sep-2023 15:38:40 Asia/Kolkata] PHP Warning:  Undefined variable $selected in D:\wamp64\www\emsdemo\View\dropdown.php on line 34
[22-Sep-2023 15:38:40 Asia/Kolkata] PHP Stack trace:
[22-Sep-2023 15:38:40 Asia/Kolkata] PHP   1. {main}() D:\wamp64\www\emsdemo\View\dropdown.php:0
[22-Sep-2023 15:38:40 Asia/Kolkata] PHP Warning:  Undefined variable $selected in D:\wamp64\www\emsdemo\View\dropdown.php on line 34
[22-Sep-2023 15:38:40 Asia/Kolkata] PHP Stack trace:
[22-Sep-2023 15:38:40 Asia/Kolkata] PHP   1. {main}() D:\wamp64\www\emsdemo\View\dropdown.php:0
[22-Sep-2023 15:38:40 Asia/Kolkata] PHP Warning:  Undefined variable $selected in D:\wamp64\www\emsdemo\View\dropdown.php on line 34
[22-Sep-2023 15:38:40 Asia/Kolkata] PHP Stack trace:
[22-Sep-2023 15:38:40 Asia/Kolkata] PHP   1. {main}() D:\wamp64\www\emsdemo\View\dropdown.php:0
[22-Sep-2023 15:38:40 Asia/Kolkata] PHP Warning:  Undefined variable $selected in D:\wamp64\www\emsdemo\View\dropdown.php on line 34
[22-Sep-2023 15:38:40 Asia/Kolkata] PHP Stack trace:
[22-Sep-2023 15:38:40 Asia/Kolkata] PHP   1. {main}() D:\wamp64\www\emsdemo\View\dropdown.php:0
[22-Sep-2023 15:38:40 Asia/Kolkata] PHP Warning:  Undefined variable $selected in D:\wamp64\www\emsdemo\View\dropdown.php on line 34
[22-Sep-2023 15:38:40 Asia/Kolkata] PHP Stack trace:
[22-Sep-2023 15:38:40 Asia/Kolkata] PHP   1. {main}() D:\wamp64\www\emsdemo\View\dropdown.php:0
[22-Sep-2023 15:38:40 Asia/Kolkata] PHP Warning:  Undefined variable $selected in D:\wamp64\www\emsdemo\View\dropdown.php on line 34
[22-Sep-2023 15:38:40 Asia/Kolkata] PHP Stack trace:
[22-Sep-2023 15:38:40 Asia/Kolkata] PHP   1. {main}() D:\wamp64\www\emsdemo\View\dropdown.php:0
[22-Sep-2023 15:38:40 Asia/Kolkata] PHP Warning:  Undefined variable $selected in D:\wamp64\www\emsdemo\View\dropdown.php on line 34
[22-Sep-2023 15:38:40 Asia/Kolkata] PHP Stack trace:
[22-Sep-2023 15:38:40 Asia/Kolkata] PHP   1. {main}() D:\wamp64\www\emsdemo\View\dropdown.php:0
[22-Sep-2023 15:38:40 Asia/Kolkata] PHP Warning:  Undefined variable $selected in D:\wamp64\www\emsdemo\View\dropdown.php on line 34
[22-Sep-2023 15:38:40 Asia/Kolkata] PHP Stack trace:
[22-Sep-2023 15:38:40 Asia/Kolkata] PHP   1. {main}() D:\wamp64\www\emsdemo\View\dropdown.php:0
[22-Sep-2023 15:38:40 Asia/Kolkata] PHP Warning:  Undefined variable $selected in D:\wamp64\www\emsdemo\View\dropdown.php on line 34
[22-Sep-2023 15:38:40 Asia/Kolkata] PHP Stack trace:
[22-Sep-2023 15:38:40 Asia/Kolkata] PHP   1. {main}() D:\wamp64\www\emsdemo\View\dropdown.php:0
[22-Sep-2023 15:38:40 Asia/Kolkata] PHP Warning:  Undefined variable $selected in D:\wamp64\www\emsdemo\View\dropdown.php on line 34
[22-Sep-2023 15:38:40 Asia/Kolkata] PHP Stack trace:
[22-Sep-2023 15:38:40 Asia/Kolkata] PHP   1. {main}() D:\wamp64\www\emsdemo\View\dropdown.php:0
[22-Sep-2023 15:38:40 Asia/Kolkata] PHP Warning:  Undefined variable $selected in D:\wamp64\www\emsdemo\View\dropdown.php on line 34
[22-Sep-2023 15:38:40 Asia/Kolkata] PHP Stack trace:
[22-Sep-2023 15:38:40 Asia/Kolkata] PHP   1. {main}() D:\wamp64\www\emsdemo\View\dropdown.php:0
[22-Sep-2023 15:38:40 Asia/Kolkata] PHP Warning:  Undefined variable $selected in D:\wamp64\www\emsdemo\View\dropdown.php on line 34
[22-Sep-2023 15:38:40 Asia/Kolkata] PHP Stack trace:
[22-Sep-2023 15:38:40 Asia/Kolkata] PHP   1. {main}() D:\wamp64\www\emsdemo\View\dropdown.php:0
[22-Sep-2023 15:38:40 Asia/Kolkata] PHP Warning:  Undefined variable $selected in D:\wamp64\www\emsdemo\View\dropdown.php on line 34
[22-Sep-2023 15:38:40 Asia/Kolkata] PHP Stack trace:
[22-Sep-2023 15:38:40 Asia/Kolkata] PHP   1. {main}() D:\wamp64\www\emsdemo\View\dropdown.php:0
[22-Sep-2023 15:38:40 Asia/Kolkata] PHP Warning:  Undefined variable $selected in D:\wamp64\www\emsdemo\View\dropdown.php on line 34
[22-Sep-2023 15:38:40 Asia/Kolkata] PHP Stack trace:
[22-Sep-2023 15:38:40 Asia/Kolkata] PHP   1. {main}() D:\wamp64\www\emsdemo\View\dropdown.php:0
[22-Sep-2023 15:38:40 Asia/Kolkata] PHP Warning:  Undefined variable $selected in D:\wamp64\www\emsdemo\View\dropdown.php on line 34
[22-Sep-2023 15:38:40 Asia/Kolkata] PHP Stack trace:
[22-Sep-2023 15:38:40 Asia/Kolkata] PHP   1. {main}() D:\wamp64\www\emsdemo\View\dropdown.php:0
[22-Sep-2023 15:38:40 Asia/Kolkata] PHP Warning:  Undefined variable $selected in D:\wamp64\www\emsdemo\View\dropdown.php on line 34
[22-Sep-2023 15:38:40 Asia/Kolkata] PHP Stack trace:
[22-Sep-2023 15:38:40 Asia/Kolkata] PHP   1. {main}() D:\wamp64\www\emsdemo\View\dropdown.php:0
[22-Sep-2023 15:38:40 Asia/Kolkata] PHP Warning:  Undefined variable $selected in D:\wamp64\www\emsdemo\View\dropdown.php on line 34
[22-Sep-2023 15:38:40 Asia/Kolkata] PHP Stack trace:
[22-Sep-2023 15:38:40 Asia/Kolkata] PHP   1. {main}() D:\wamp64\www\emsdemo\View\dropdown.php:0
[22-Sep-2023 15:38:40 Asia/Kolkata] PHP Warning:  Undefined variable $selected in D:\wamp64\www\emsdemo\View\dropdown.php on line 34
[22-Sep-2023 15:38:40 Asia/Kolkata] PHP Stack trace:
[22-Sep-2023 15:38:40 Asia/Kolkata] PHP   1. {main}() D:\wamp64\www\emsdemo\View\dropdown.php:0
[22-Sep-2023 15:38:40 Asia/Kolkata] PHP Warning:  Undefined variable $selected in D:\wamp64\www\emsdemo\View\dropdown.php on line 34
[22-Sep-2023 15:38:40 Asia/Kolkata] PHP Stack trace:
[22-Sep-2023 15:38:40 Asia/Kolkata] PHP   1. {main}() D:\wamp64\www\emsdemo\View\dropdown.php:0
[22-Sep-2023 15:38:40 Asia/Kolkata] PHP Warning:  Undefined variable $selected in D:\wamp64\www\emsdemo\View\dropdown.php on line 34
[22-Sep-2023 15:38:40 Asia/Kolkata] PHP Stack trace:
[22-Sep-2023 15:38:40 Asia/Kolkata] PHP   1. {main}() D:\wamp64\www\emsdemo\View\dropdown.php:0
[22-Sep-2023 15:38:40 Asia/Kolkata] PHP Warning:  Undefined variable $selected in D:\wamp64\www\emsdemo\View\dropdown.php on line 34
[22-Sep-2023 15:38:40 Asia/Kolkata] PHP Stack trace:
[22-Sep-2023 15:38:40 Asia/Kolkata] PHP   1. {main}() D:\wamp64\www\emsdemo\View\dropdown.php:0
[22-Sep-2023 15:38:40 Asia/Kolkata] PHP Warning:  Undefined variable $selected in D:\wamp64\www\emsdemo\View\dropdown.php on line 34
[22-Sep-2023 15:38:40 Asia/Kolkata] PHP Stack trace:
[22-Sep-2023 15:38:40 Asia/Kolkata] PHP   1. {main}() D:\wamp64\www\emsdemo\View\dropdown.php:0
[22-Sep-2023 15:38:40 Asia/Kolkata] PHP Warning:  Undefined variable $selected in D:\wamp64\www\emsdemo\View\dropdown.php on line 34
[22-Sep-2023 15:38:40 Asia/Kolkata] PHP Stack trace:
[22-Sep-2023 15:38:40 Asia/Kolkata] PHP   1. {main}() D:\wamp64\www\emsdemo\View\dropdown.php:0
[22-Sep-2023 15:38:40 Asia/Kolkata] PHP Warning:  Undefined variable $selected in D:\wamp64\www\emsdemo\View\dropdown.php on line 34
[22-Sep-2023 15:38:40 Asia/Kolkata] PHP Stack trace:
[22-Sep-2023 15:38:40 Asia/Kolkata] PHP   1. {main}() D:\wamp64\www\emsdemo\View\dropdown.php:0
[22-Sep-2023 15:38:40 Asia/Kolkata] PHP Warning:  Undefined variable $selected in D:\wamp64\www\emsdemo\View\dropdown.php on line 34
[22-Sep-2023 15:38:40 Asia/Kolkata] PHP Stack trace:
[22-Sep-2023 15:38:40 Asia/Kolkata] PHP   1. {main}() D:\wamp64\www\emsdemo\View\dropdown.php:0
[22-Sep-2023 15:38:40 Asia/Kolkata] PHP Warning:  Undefined variable $selected in D:\wamp64\www\emsdemo\View\dropdown.php on line 34
[22-Sep-2023 15:38:40 Asia/Kolkata] PHP Stack trace:
[22-Sep-2023 15:38:40 Asia/Kolkata] PHP   1. {main}() D:\wamp64\www\emsdemo\View\dropdown.php:0
[22-Sep-2023 15:38:40 Asia/Kolkata] PHP Warning:  Undefined variable $selected in D:\wamp64\www\emsdemo\View\dropdown.php on line 34
[22-Sep-2023 15:38:40 Asia/Kolkata] PHP Stack trace:
[22-Sep-2023 15:38:40 Asia/Kolkata] PHP   1. {main}() D:\wamp64\www\emsdemo\View\dropdown.php:0
[22-Sep-2023 15:38:40 Asia/Kolkata] PHP Warning:  Undefined variable $selected in D:\wamp64\www\emsdemo\View\dropdown.php on line 34
[22-Sep-2023 15:38:40 Asia/Kolkata] PHP Stack trace:
[22-Sep-2023 15:38:40 Asia/Kolkata] PHP   1. {main}() D:\wamp64\www\emsdemo\View\dropdown.php:0
[22-Sep-2023 15:38:40 Asia/Kolkata] PHP Warning:  Undefined variable $selected in D:\wamp64\www\emsdemo\View\dropdown.php on line 34
[22-Sep-2023 15:38:40 Asia/Kolkata] PHP Stack trace:
[22-Sep-2023 15:38:40 Asia/Kolkata] PHP   1. {main}() D:\wamp64\www\emsdemo\View\dropdown.php:0
[22-Sep-2023 15:38:40 Asia/Kolkata] PHP Warning:  Undefined variable $selected in D:\wamp64\www\emsdemo\View\dropdown.php on line 34
[22-Sep-2023 15:38:40 Asia/Kolkata] PHP Stack trace:
[22-Sep-2023 15:38:40 Asia/Kolkata] PHP   1. {main}() D:\wamp64\www\emsdemo\View\dropdown.php:0
[22-Sep-2023 15:38:40 Asia/Kolkata] PHP Warning:  Undefined variable $selected in D:\wamp64\www\emsdemo\View\dropdown.php on line 34
[22-Sep-2023 15:38:40 Asia/Kolkata] PHP Stack trace:
[22-Sep-2023 15:38:40 Asia/Kolkata] PHP   1. {main}() D:\wamp64\www\emsdemo\View\dropdown.php:0
[22-Sep-2023 15:38:40 Asia/Kolkata] PHP Warning:  Undefined variable $selected in D:\wamp64\www\emsdemo\View\dropdown.php on line 34
[22-Sep-2023 15:38:40 Asia/Kolkata] PHP Stack trace:
[22-Sep-2023 15:38:40 Asia/Kolkata] PHP   1. {main}() D:\wamp64\www\emsdemo\View\dropdown.php:0
[22-Sep-2023 15:38:40 Asia/Kolkata] PHP Warning:  Undefined variable $selected in D:\wamp64\www\emsdemo\View\dropdown.php on line 34
[22-Sep-2023 15:38:40 Asia/Kolkata] PHP Stack trace:
[22-Sep-2023 15:38:40 Asia/Kolkata] PHP   1. {main}() D:\wamp64\www\emsdemo\View\dropdown.php:0
[22-Sep-2023 15:38:40 Asia/Kolkata] PHP Warning:  Undefined variable $selected in D:\wamp64\www\emsdemo\View\dropdown.php on line 34
[22-Sep-2023 15:38:40 Asia/Kolkata] PHP Stack trace:
[22-Sep-2023 15:38:40 Asia/Kolkata] PHP   1. {main}() D:\wamp64\www\emsdemo\View\dropdown.php:0
[22-Sep-2023 15:38:40 Asia/Kolkata] PHP Warning:  Undefined variable $selected in D:\wamp64\www\emsdemo\View\dropdown.php on line 34
[22-Sep-2023 15:38:40 Asia/Kolkata] PHP Stack trace:
[22-Sep-2023 15:38:40 Asia/Kolkata] PHP   1. {main}() D:\wamp64\www\emsdemo\View\dropdown.php:0
[22-Sep-2023 15:38:40 Asia/Kolkata] PHP Warning:  Undefined variable $selected in D:\wamp64\www\emsdemo\View\dropdown.php on line 34
[22-Sep-2023 15:38:40 Asia/Kolkata] PHP Stack trace:
[22-Sep-2023 15:38:40 Asia/Kolkata] PHP   1. {main}() D:\wamp64\www\emsdemo\View\dropdown.php:0
[22-Sep-2023 15:38:40 Asia/Kolkata] PHP Warning:  Undefined variable $selected in D:\wamp64\www\emsdemo\View\dropdown.php on line 34
[22-Sep-2023 15:38:40 Asia/Kolkata] PHP Stack trace:
[22-Sep-2023 15:38:40 Asia/Kolkata] PHP   1. {main}() D:\wamp64\www\emsdemo\View\dropdown.php:0
[22-Sep-2023 15:38:40 Asia/Kolkata] PHP Warning:  Undefined variable $selected in D:\wamp64\www\emsdemo\View\dropdown.php on line 34
[22-Sep-2023 15:38:40 Asia/Kolkata] PHP Stack trace:
[22-Sep-2023 15:38:40 Asia/Kolkata] PHP   1. {main}() D:\wamp64\www\emsdemo\View\dropdown.php:0
[22-Sep-2023 15:38:40 Asia/Kolkata] PHP Warning:  Undefined variable $selected in D:\wamp64\www\emsdemo\View\dropdown.php on line 34
[22-Sep-2023 15:38:40 Asia/Kolkata] PHP Stack trace:
[22-Sep-2023 15:38:40 Asia/Kolkata] PHP   1. {main}() D:\wamp64\www\emsdemo\View\dropdown.php:0
[22-Sep-2023 15:38:40 Asia/Kolkata] PHP Warning:  Undefined variable $selected in D:\wamp64\www\emsdemo\View\dropdown.php on line 34
[22-Sep-2023 15:38:40 Asia/Kolkata] PHP Stack trace:
[22-Sep-2023 15:38:40 Asia/Kolkata] PHP   1. {main}() D:\wamp64\www\emsdemo\View\dropdown.php:0
[22-Sep-2023 15:38:40 Asia/Kolkata] PHP Warning:  Undefined variable $selected in D:\wamp64\www\emsdemo\View\dropdown.php on line 34
[22-Sep-2023 15:38:40 Asia/Kolkata] PHP Stack trace:
[22-Sep-2023 15:38:40 Asia/Kolkata] PHP   1. {main}() D:\wamp64\www\emsdemo\View\dropdown.php:0
[22-Sep-2023 15:38:40 Asia/Kolkata] PHP Warning:  Undefined variable $selected in D:\wamp64\www\emsdemo\View\dropdown.php on line 34
[22-Sep-2023 15:38:40 Asia/Kolkata] PHP Stack trace:
[22-Sep-2023 15:38:40 Asia/Kolkata] PHP   1. {main}() D:\wamp64\www\emsdemo\View\dropdown.php:0
[22-Sep-2023 15:38:40 Asia/Kolkata] PHP Warning:  Undefined variable $selected in D:\wamp64\www\emsdemo\View\dropdown.php on line 34
[22-Sep-2023 15:38:40 Asia/Kolkata] PHP Stack trace:
[22-Sep-2023 15:38:40 Asia/Kolkata] PHP   1. {main}() D:\wamp64\www\emsdemo\View\dropdown.php:0
[22-Sep-2023 15:38:40 Asia/Kolkata] PHP Warning:  Undefined variable $selected in D:\wamp64\www\emsdemo\View\dropdown.php on line 34
[22-Sep-2023 15:38:40 Asia/Kolkata] PHP Stack trace:
[22-Sep-2023 15:38:40 Asia/Kolkata] PHP   1. {main}() D:\wamp64\www\emsdemo\View\dropdown.php:0
[22-Sep-2023 15:38:40 Asia/Kolkata] PHP Warning:  Undefined variable $selected in D:\wamp64\www\emsdemo\View\dropdown.php on line 34
[22-Sep-2023 15:38:40 Asia/Kolkata] PHP Stack trace:
[22-Sep-2023 15:38:40 Asia/Kolkata] PHP   1. {main}() D:\wamp64\www\emsdemo\View\dropdown.php:0
[22-Sep-2023 15:38:40 Asia/Kolkata] PHP Warning:  Undefined variable $selected in D:\wamp64\www\emsdemo\View\dropdown.php on line 34
[22-Sep-2023 15:38:40 Asia/Kolkata] PHP Stack trace:
[22-Sep-2023 15:38:40 Asia/Kolkata] PHP   1. {main}() D:\wamp64\www\emsdemo\View\dropdown.php:0
[22-Sep-2023 15:38:40 Asia/Kolkata] PHP Warning:  Undefined variable $selected in D:\wamp64\www\emsdemo\View\dropdown.php on line 34
[22-Sep-2023 15:38:40 Asia/Kolkata] PHP Stack trace:
[22-Sep-2023 15:38:40 Asia/Kolkata] PHP   1. {main}() D:\wamp64\www\emsdemo\View\dropdown.php:0
[22-Sep-2023 15:38:40 Asia/Kolkata] PHP Warning:  Undefined variable $selected in D:\wamp64\www\emsdemo\View\dropdown.php on line 34
[22-Sep-2023 15:38:40 Asia/Kolkata] PHP Stack trace:
[22-Sep-2023 15:38:40 Asia/Kolkata] PHP   1. {main}() D:\wamp64\www\emsdemo\View\dropdown.php:0
[22-Sep-2023 15:38:40 Asia/Kolkata] PHP Warning:  Undefined variable $selected in D:\wamp64\www\emsdemo\View\dropdown.php on line 34
[22-Sep-2023 15:38:40 Asia/Kolkata] PHP Stack trace:
[22-Sep-2023 15:38:40 Asia/Kolkata] PHP   1. {main}() D:\wamp64\www\emsdemo\View\dropdown.php:0
[22-Sep-2023 15:38:40 Asia/Kolkata] PHP Warning:  Undefined variable $selected in D:\wamp64\www\emsdemo\View\dropdown.php on line 34
[22-Sep-2023 15:38:40 Asia/Kolkata] PHP Stack trace:
[22-Sep-2023 15:38:40 Asia/Kolkata] PHP   1. {main}() D:\wamp64\www\emsdemo\View\dropdown.php:0
[22-Sep-2023 15:38:40 Asia/Kolkata] PHP Warning:  Undefined variable $selected in D:\wamp64\www\emsdemo\View\dropdown.php on line 34
[22-Sep-2023 15:38:40 Asia/Kolkata] PHP Stack trace:
[22-Sep-2023 15:38:40 Asia/Kolkata] PHP   1. {main}() D:\wamp64\www\emsdemo\View\dropdown.php:0
[22-Sep-2023 15:38:40 Asia/Kolkata] PHP Warning:  Undefined variable $selected in D:\wamp64\www\emsdemo\View\dropdown.php on line 34
[22-Sep-2023 15:38:40 Asia/Kolkata] PHP Stack trace:
[22-Sep-2023 15:38:40 Asia/Kolkata] PHP   1. {main}() D:\wamp64\www\emsdemo\View\dropdown.php:0
[22-Sep-2023 15:38:40 Asia/Kolkata] PHP Warning:  Undefined variable $selected in D:\wamp64\www\emsdemo\View\dropdown.php on line 34
[22-Sep-2023 15:38:40 Asia/Kolkata] PHP Stack trace:
[22-Sep-2023 15:38:40 Asia/Kolkata] PHP   1. {main}() D:\wamp64\www\emsdemo\View\dropdown.php:0
[22-Sep-2023 15:38:40 Asia/Kolkata] PHP Warning:  Undefined variable $selected in D:\wamp64\www\emsdemo\View\dropdown.php on line 34
[22-Sep-2023 15:38:40 Asia/Kolkata] PHP Stack trace:
[22-Sep-2023 15:38:40 Asia/Kolkata] PHP   1. {main}() D:\wamp64\www\emsdemo\View\dropdown.php:0
[22-Sep-2023 15:38:40 Asia/Kolkata] PHP Warning:  Undefined variable $selected in D:\wamp64\www\emsdemo\View\dropdown.php on line 34
[22-Sep-2023 15:38:40 Asia/Kolkata] PHP Stack trace:
[22-Sep-2023 15:38:40 Asia/Kolkata] PHP   1. {main}() D:\wamp64\www\emsdemo\View\dropdown.php:0
[22-Sep-2023 15:38:40 Asia/Kolkata] PHP Warning:  Undefined variable $selected in D:\wamp64\www\emsdemo\View\dropdown.php on line 34
[22-Sep-2023 15:38:40 Asia/Kolkata] PHP Stack trace:
[22-Sep-2023 15:38:40 Asia/Kolkata] PHP   1. {main}() D:\wamp64\www\emsdemo\View\dropdown.php:0
[22-Sep-2023 15:38:40 Asia/Kolkata] PHP Warning:  Undefined variable $selected in D:\wamp64\www\emsdemo\View\dropdown.php on line 34
[22-Sep-2023 15:38:40 Asia/Kolkata] PHP Stack trace:
[22-Sep-2023 15:38:40 Asia/Kolkata] PHP   1. {main}() D:\wamp64\www\emsdemo\View\dropdown.php:0
[22-Sep-2023 15:38:40 Asia/Kolkata] PHP Warning:  Undefined variable $selected in D:\wamp64\www\emsdemo\View\dropdown.php on line 34
[22-Sep-2023 15:38:40 Asia/Kolkata] PHP Stack trace:
[22-Sep-2023 15:38:40 Asia/Kolkata] PHP   1. {main}() D:\wamp64\www\emsdemo\View\dropdown.php:0
[22-Sep-2023 15:38:40 Asia/Kolkata] PHP Warning:  Undefined variable $selected in D:\wamp64\www\emsdemo\View\dropdown.php on line 34
[22-Sep-2023 15:38:40 Asia/Kolkata] PHP Stack trace:
[22-Sep-2023 15:38:40 Asia/Kolkata] PHP   1. {main}() D:\wamp64\www\emsdemo\View\dropdown.php:0
[22-Sep-2023 15:38:40 Asia/Kolkata] PHP Warning:  Undefined variable $selected in D:\wamp64\www\emsdemo\View\dropdown.php on line 34
[22-Sep-2023 15:38:40 Asia/Kolkata] PHP Stack trace:
[22-Sep-2023 15:38:40 Asia/Kolkata] PHP   1. {main}() D:\wamp64\www\emsdemo\View\dropdown.php:0
[22-Sep-2023 15:38:40 Asia/Kolkata] PHP Warning:  Undefined variable $selected in D:\wamp64\www\emsdemo\View\dropdown.php on line 34
[22-Sep-2023 15:38:40 Asia/Kolkata] PHP Stack trace:
[22-Sep-2023 15:38:40 Asia/Kolkata] PHP   1. {main}() D:\wamp64\www\emsdemo\View\dropdown.php:0
[22-Sep-2023 15:38:40 Asia/Kolkata] PHP Warning:  Undefined variable $selected in D:\wamp64\www\emsdemo\View\dropdown.php on line 34
[22-Sep-2023 15:38:40 Asia/Kolkata] PHP Stack trace:
[22-Sep-2023 15:38:40 Asia/Kolkata] PHP   1. {main}() D:\wamp64\www\emsdemo\View\dropdown.php:0
[22-Sep-2023 15:38:40 Asia/Kolkata] PHP Warning:  Undefined variable $selected in D:\wamp64\www\emsdemo\View\dropdown.php on line 34
[22-Sep-2023 15:38:40 Asia/Kolkata] PHP Stack trace:
[22-Sep-2023 15:38:40 Asia/Kolkata] PHP   1. {main}() D:\wamp64\www\emsdemo\View\dropdown.php:0
[22-Sep-2023 15:38:40 Asia/Kolkata] PHP Warning:  Undefined variable $selected in D:\wamp64\www\emsdemo\View\dropdown.php on line 34
[22-Sep-2023 15:38:40 Asia/Kolkata] PHP Stack trace:
[22-Sep-2023 15:38:40 Asia/Kolkata] PHP   1. {main}() D:\wamp64\www\emsdemo\View\dropdown.php:0
[22-Sep-2023 15:38:40 Asia/Kolkata] PHP Warning:  Undefined variable $selected in D:\wamp64\www\emsdemo\View\dropdown.php on line 34
[22-Sep-2023 15:38:40 Asia/Kolkata] PHP Stack trace:
[22-Sep-2023 15:38:40 Asia/Kolkata] PHP   1. {main}() D:\wamp64\www\emsdemo\View\dropdown.php:0
[22-Sep-2023 15:38:40 Asia/Kolkata] PHP Warning:  Undefined variable $selected in D:\wamp64\www\emsdemo\View\dropdown.php on line 34
[22-Sep-2023 15:38:40 Asia/Kolkata] PHP Stack trace:
[22-Sep-2023 15:38:40 Asia/Kolkata] PHP   1. {main}() D:\wamp64\www\emsdemo\View\dropdown.php:0
[22-Sep-2023 15:38:40 Asia/Kolkata] PHP Warning:  Undefined variable $selected in D:\wamp64\www\emsdemo\View\dropdown.php on line 34
[22-Sep-2023 15:38:40 Asia/Kolkata] PHP Stack trace:
[22-Sep-2023 15:38:40 Asia/Kolkata] PHP   1. {main}() D:\wamp64\www\emsdemo\View\dropdown.php:0
[22-Sep-2023 15:38:40 Asia/Kolkata] PHP Warning:  Undefined variable $selected in D:\wamp64\www\emsdemo\View\dropdown.php on line 34
[22-Sep-2023 15:38:40 Asia/Kolkata] PHP Stack trace:
[22-Sep-2023 15:38:40 Asia/Kolkata] PHP   1. {main}() D:\wamp64\www\emsdemo\View\dropdown.php:0
[22-Sep-2023 15:38:40 Asia/Kolkata] PHP Warning:  Undefined variable $selected in D:\wamp64\www\emsdemo\View\dropdown.php on line 34
[22-Sep-2023 15:38:40 Asia/Kolkata] PHP Stack trace:
[22-Sep-2023 15:38:40 Asia/Kolkata] PHP   1. {main}() D:\wamp64\www\emsdemo\View\dropdown.php:0
[22-Sep-2023 15:38:40 Asia/Kolkata] PHP Warning:  Undefined variable $selected in D:\wamp64\www\emsdemo\View\dropdown.php on line 34
[22-Sep-2023 15:38:40 Asia/Kolkata] PHP Stack trace:
[22-Sep-2023 15:38:40 Asia/Kolkata] PHP   1. {main}() D:\wamp64\www\emsdemo\View\dropdown.php:0
[22-Sep-2023 15:38:40 Asia/Kolkata] PHP Warning:  Undefined variable $selected in D:\wamp64\www\emsdemo\View\dropdown.php on line 34
[22-Sep-2023 15:38:40 Asia/Kolkata] PHP Stack trace:
[22-Sep-2023 15:38:40 Asia/Kolkata] PHP   1. {main}() D:\wamp64\www\emsdemo\View\dropdown.php:0
[22-Sep-2023 15:38:40 Asia/Kolkata] PHP Warning:  Undefined variable $selected in D:\wamp64\www\emsdemo\View\dropdown.php on line 34
[22-Sep-2023 15:38:40 Asia/Kolkata] PHP Stack trace:
[22-Sep-2023 15:38:40 Asia/Kolkata] PHP   1. {main}() D:\wamp64\www\emsdemo\View\dropdown.php:0
[22-Sep-2023 15:38:40 Asia/Kolkata] PHP Warning:  Undefined variable $selected in D:\wamp64\www\emsdemo\View\dropdown.php on line 34
[22-Sep-2023 15:38:40 Asia/Kolkata] PHP Stack trace:
[22-Sep-2023 15:38:40 Asia/Kolkata] PHP   1. {main}() D:\wamp64\www\emsdemo\View\dropdown.php:0
[22-Sep-2023 15:38:40 Asia/Kolkata] PHP Warning:  Undefined variable $selected in D:\wamp64\www\emsdemo\View\dropdown.php on line 34
[22-Sep-2023 15:38:40 Asia/Kolkata] PHP Stack trace:
[22-Sep-2023 15:38:40 Asia/Kolkata] PHP   1. {main}() D:\wamp64\www\emsdemo\View\dropdown.php:0
[22-Sep-2023 15:38:40 Asia/Kolkata] PHP Warning:  Undefined variable $selected in D:\wamp64\www\emsdemo\View\dropdown.php on line 34
[22-Sep-2023 15:38:40 Asia/Kolkata] PHP Stack trace:
[22-Sep-2023 15:38:40 Asia/Kolkata] PHP   1. {main}() D:\wamp64\www\emsdemo\View\dropdown.php:0
[22-Sep-2023 15:38:40 Asia/Kolkata] PHP Warning:  Undefined variable $selected in D:\wamp64\www\emsdemo\View\dropdown.php on line 34
[22-Sep-2023 15:38:40 Asia/Kolkata] PHP Stack trace:
[22-Sep-2023 15:38:40 Asia/Kolkata] PHP   1. {main}() D:\wamp64\www\emsdemo\View\dropdown.php:0
[22-Sep-2023 15:38:40 Asia/Kolkata] PHP Warning:  Undefined variable $selected in D:\wamp64\www\emsdemo\View\dropdown.php on line 34
[22-Sep-2023 15:38:40 Asia/Kolkata] PHP Stack trace:
[22-Sep-2023 15:38:40 Asia/Kolkata] PHP   1. {main}() D:\wamp64\www\emsdemo\View\dropdown.php:0
[22-Sep-2023 15:38:40 Asia/Kolkata] PHP Warning:  Undefined variable $selected in D:\wamp64\www\emsdemo\View\dropdown.php on line 34
[22-Sep-2023 15:38:40 Asia/Kolkata] PHP Stack trace:
[22-Sep-2023 15:38:40 Asia/Kolkata] PHP   1. {main}() D:\wamp64\www\emsdemo\View\dropdown.php:0
[22-Sep-2023 15:38:40 Asia/Kolkata] PHP Warning:  Undefined variable $selected in D:\wamp64\www\emsdemo\View\dropdown.php on line 34
[22-Sep-2023 15:38:40 Asia/Kolkata] PHP Stack trace:
[22-Sep-2023 15:38:40 Asia/Kolkata] PHP   1. {main}() D:\wamp64\www\emsdemo\View\dropdown.php:0
[22-Sep-2023 15:38:40 Asia/Kolkata] PHP Warning:  Undefined variable $selected in D:\wamp64\www\emsdemo\View\dropdown.php on line 34
[22-Sep-2023 15:38:40 Asia/Kolkata] PHP Stack trace:
[22-Sep-2023 15:38:40 Asia/Kolkata] PHP   1. {main}() D:\wamp64\www\emsdemo\View\dropdown.php:0
[22-Sep-2023 15:38:40 Asia/Kolkata] PHP Warning:  Undefined variable $selected in D:\wamp64\www\emsdemo\View\dropdown.php on line 34
[22-Sep-2023 15:38:40 Asia/Kolkata] PHP Stack trace:
[22-Sep-2023 15:38:40 Asia/Kolkata] PHP   1. {main}() D:\wamp64\www\emsdemo\View\dropdown.php:0
[22-Sep-2023 15:38:40 Asia/Kolkata] PHP Warning:  Undefined variable $selected in D:\wamp64\www\emsdemo\View\dropdown.php on line 34
[22-Sep-2023 15:38:40 Asia/Kolkata] PHP Stack trace:
[22-Sep-2023 15:38:40 Asia/Kolkata] PHP   1. {main}() D:\wamp64\www\emsdemo\View\dropdown.php:0
[22-Sep-2023 15:38:40 Asia/Kolkata] PHP Warning:  Undefined variable $selected in D:\wamp64\www\emsdemo\View\dropdown.php on line 34
[22-Sep-2023 15:38:40 Asia/Kolkata] PHP Stack trace:
[22-Sep-2023 15:38:40 Asia/Kolkata] PHP   1. {main}() D:\wamp64\www\emsdemo\View\dropdown.php:0
[22-Sep-2023 15:38:40 Asia/Kolkata] PHP Warning:  Undefined variable $selected in D:\wamp64\www\emsdemo\View\dropdown.php on line 34
[22-Sep-2023 15:38:40 Asia/Kolkata] PHP Stack trace:
[22-Sep-2023 15:38:40 Asia/Kolkata] PHP   1. {main}() D:\wamp64\www\emsdemo\View\dropdown.php:0
[22-Sep-2023 15:38:40 Asia/Kolkata] PHP Warning:  Undefined variable $selected in D:\wamp64\www\emsdemo\View\dropdown.php on line 34
[22-Sep-2023 15:38:40 Asia/Kolkata] PHP Stack trace:
[22-Sep-2023 15:38:40 Asia/Kolkata] PHP   1. {main}() D:\wamp64\www\emsdemo\View\dropdown.php:0
[22-Sep-2023 15:38:40 Asia/Kolkata] PHP Warning:  Undefined variable $selected in D:\wamp64\www\emsdemo\View\dropdown.php on line 34
[22-Sep-2023 15:38:40 Asia/Kolkata] PHP Stack trace:
[22-Sep-2023 15:38:40 Asia/Kolkata] PHP   1. {main}() D:\wamp64\www\emsdemo\View\dropdown.php:0
[22-Sep-2023 15:38:40 Asia/Kolkata] PHP Warning:  Undefined variable $selected in D:\wamp64\www\emsdemo\View\dropdown.php on line 34
[22-Sep-2023 15:38:40 Asia/Kolkata] PHP Stack trace:
[22-Sep-2023 15:38:40 Asia/Kolkata] PHP   1. {main}() D:\wamp64\www\emsdemo\View\dropdown.php:0
[22-Sep-2023 15:38:40 Asia/Kolkata] PHP Warning:  Undefined variable $selected in D:\wamp64\www\emsdemo\View\dropdown.php on line 34
[22-Sep-2023 15:38:40 Asia/Kolkata] PHP Stack trace:
[22-Sep-2023 15:38:40 Asia/Kolkata] PHP   1. {main}() D:\wamp64\www\emsdemo\View\dropdown.php:0
[22-Sep-2023 15:38:40 Asia/Kolkata] PHP Warning:  Undefined variable $selected in D:\wamp64\www\emsdemo\View\dropdown.php on line 34
[22-Sep-2023 15:38:40 Asia/Kolkata] PHP Stack trace:
[22-Sep-2023 15:38:40 Asia/Kolkata] PHP   1. {main}() D:\wamp64\www\emsdemo\View\dropdown.php:0
[22-Sep-2023 15:38:40 Asia/Kolkata] PHP Warning:  Undefined variable $selected in D:\wamp64\www\emsdemo\View\dropdown.php on line 34
[22-Sep-2023 15:38:40 Asia/Kolkata] PHP Stack trace:
[22-Sep-2023 15:38:40 Asia/Kolkata] PHP   1. {main}() D:\wamp64\www\emsdemo\View\dropdown.php:0
[22-Sep-2023 15:38:40 Asia/Kolkata] PHP Warning:  Undefined variable $selected in D:\wamp64\www\emsdemo\View\dropdown.php on line 34
[22-Sep-2023 15:38:40 Asia/Kolkata] PHP Stack trace:
[22-Sep-2023 15:38:40 Asia/Kolkata] PHP   1. {main}() D:\wamp64\www\emsdemo\View\dropdown.php:0
[22-Sep-2023 15:38:40 Asia/Kolkata] PHP Warning:  Undefined variable $selected in D:\wamp64\www\emsdemo\View\dropdown.php on line 34
[22-Sep-2023 15:38:40 Asia/Kolkata] PHP Stack trace:
[22-Sep-2023 15:38:40 Asia/Kolkata] PHP   1. {main}() D:\wamp64\www\emsdemo\View\dropdown.php:0
[22-Sep-2023 15:38:40 Asia/Kolkata] PHP Warning:  Undefined variable $selected in D:\wamp64\www\emsdemo\View\dropdown.php on line 34
[22-Sep-2023 15:38:40 Asia/Kolkata] PHP Stack trace:
[22-Sep-2023 15:38:40 Asia/Kolkata] PHP   1. {main}() D:\wamp64\www\emsdemo\View\dropdown.php:0
[22-Sep-2023 15:38:40 Asia/Kolkata] PHP Warning:  Undefined variable $selected in D:\wamp64\www\emsdemo\View\dropdown.php on line 34
[22-Sep-2023 15:38:40 Asia/Kolkata] PHP Stack trace:
[22-Sep-2023 15:38:40 Asia/Kolkata] PHP   1. {main}() D:\wamp64\www\emsdemo\View\dropdown.php:0
[22-Sep-2023 15:38:40 Asia/Kolkata] PHP Warning:  Undefined variable $selected in D:\wamp64\www\emsdemo\View\dropdown.php on line 34
[22-Sep-2023 15:38:40 Asia/Kolkata] PHP Stack trace:
[22-Sep-2023 15:38:40 Asia/Kolkata] PHP   1. {main}() D:\wamp64\www\emsdemo\View\dropdown.php:0
[22-Sep-2023 15:38:40 Asia/Kolkata] PHP Warning:  Undefined variable $selected in D:\wamp64\www\emsdemo\View\dropdown.php on line 34
[22-Sep-2023 15:38:40 Asia/Kolkata] PHP Stack trace:
[22-Sep-2023 15:38:40 Asia/Kolkata] PHP   1. {main}() D:\wamp64\www\emsdemo\View\dropdown.php:0
[22-Sep-2023 15:38:40 Asia/Kolkata] PHP Warning:  Undefined variable $selected in D:\wamp64\www\emsdemo\View\dropdown.php on line 34
[22-Sep-2023 15:38:40 Asia/Kolkata] PHP Stack trace:
[22-Sep-2023 15:38:40 Asia/Kolkata] PHP   1. {main}() D:\wamp64\www\emsdemo\View\dropdown.php:0
[22-Sep-2023 15:38:40 Asia/Kolkata] PHP Warning:  Undefined variable $selected in D:\wamp64\www\emsdemo\View\dropdown.php on line 34
[22-Sep-2023 15:38:40 Asia/Kolkata] PHP Stack trace:
[22-Sep-2023 15:38:40 Asia/Kolkata] PHP   1. {main}() D:\wamp64\www\emsdemo\View\dropdown.php:0
[22-Sep-2023 15:38:40 Asia/Kolkata] PHP Warning:  Undefined variable $selected in D:\wamp64\www\emsdemo\View\dropdown.php on line 34
[22-Sep-2023 15:38:40 Asia/Kolkata] PHP Stack trace:
[22-Sep-2023 15:38:40 Asia/Kolkata] PHP   1. {main}() D:\wamp64\www\emsdemo\View\dropdown.php:0
[22-Sep-2023 15:38:40 Asia/Kolkata] PHP Warning:  Undefined variable $selected in D:\wamp64\www\emsdemo\View\dropdown.php on line 34
[22-Sep-2023 15:38:40 Asia/Kolkata] PHP Stack trace:
[22-Sep-2023 15:38:40 Asia/Kolkata] PHP   1. {main}() D:\wamp64\www\emsdemo\View\dropdown.php:0
[22-Sep-2023 15:38:40 Asia/Kolkata] PHP Warning:  Undefined variable $selected in D:\wamp64\www\emsdemo\View\dropdown.php on line 34
[22-Sep-2023 15:38:40 Asia/Kolkata] PHP Stack trace:
[22-Sep-2023 15:38:40 Asia/Kolkata] PHP   1. {main}() D:\wamp64\www\emsdemo\View\dropdown.php:0
[22-Sep-2023 15:38:40 Asia/Kolkata] PHP Warning:  Undefined variable $selected in D:\wamp64\www\emsdemo\View\dropdown.php on line 34
[22-Sep-2023 15:38:40 Asia/Kolkata] PHP Stack trace:
[22-Sep-2023 15:38:40 Asia/Kolkata] PHP   1. {main}() D:\wamp64\www\emsdemo\View\dropdown.php:0
[22-Sep-2023 15:38:40 Asia/Kolkata] PHP Warning:  Undefined variable $selected in D:\wamp64\www\emsdemo\View\dropdown.php on line 34
[22-Sep-2023 15:38:40 Asia/Kolkata] PHP Stack trace:
[22-Sep-2023 15:38:40 Asia/Kolkata] PHP   1. {main}() D:\wamp64\www\emsdemo\View\dropdown.php:0
[22-Sep-2023 15:38:40 Asia/Kolkata] PHP Warning:  Undefined variable $selected in D:\wamp64\www\emsdemo\View\dropdown.php on line 34
[22-Sep-2023 15:38:40 Asia/Kolkata] PHP Stack trace:
[22-Sep-2023 15:38:40 Asia/Kolkata] PHP   1. {main}() D:\wamp64\www\emsdemo\View\dropdown.php:0
[22-Sep-2023 15:38:40 Asia/Kolkata] PHP Warning:  Undefined variable $selected in D:\wamp64\www\emsdemo\View\dropdown.php on line 34
[22-Sep-2023 15:38:40 Asia/Kolkata] PHP Stack trace:
[22-Sep-2023 15:38:40 Asia/Kolkata] PHP   1. {main}() D:\wamp64\www\emsdemo\View\dropdown.php:0
[22-Sep-2023 15:38:40 Asia/Kolkata] PHP Warning:  Undefined variable $selected in D:\wamp64\www\emsdemo\View\dropdown.php on line 34
[22-Sep-2023 15:38:40 Asia/Kolkata] PHP Stack trace:
[22-Sep-2023 15:38:40 Asia/Kolkata] PHP   1. {main}() D:\wamp64\www\emsdemo\View\dropdown.php:0
[22-Sep-2023 15:38:40 Asia/Kolkata] PHP Warning:  Undefined variable $selected in D:\wamp64\www\emsdemo\View\dropdown.php on line 34
[22-Sep-2023 15:38:40 Asia/Kolkata] PHP Stack trace:
[22-Sep-2023 15:38:40 Asia/Kolkata] PHP   1. {main}() D:\wamp64\www\emsdemo\View\dropdown.php:0
[22-Sep-2023 15:38:40 Asia/Kolkata] PHP Warning:  Undefined variable $selected in D:\wamp64\www\emsdemo\View\dropdown.php on line 34
[22-Sep-2023 15:38:40 Asia/Kolkata] PHP Stack trace:
[22-Sep-2023 15:38:40 Asia/Kolkata] PHP   1. {main}() D:\wamp64\www\emsdemo\View\dropdown.php:0
[22-Sep-2023 15:38:40 Asia/Kolkata] PHP Warning:  Undefined variable $selected in D:\wamp64\www\emsdemo\View\dropdown.php on line 34
[22-Sep-2023 15:38:40 Asia/Kolkata] PHP Stack trace:
[22-Sep-2023 15:38:40 Asia/Kolkata] PHP   1. {main}() D:\wamp64\www\emsdemo\View\dropdown.php:0
[22-Sep-2023 15:38:40 Asia/Kolkata] PHP Warning:  Undefined variable $selected in D:\wamp64\www\emsdemo\View\dropdown.php on line 34
[22-Sep-2023 15:38:40 Asia/Kolkata] PHP Stack trace:
[22-Sep-2023 15:38:40 Asia/Kolkata] PHP   1. {main}() D:\wamp64\www\emsdemo\View\dropdown.php:0
[22-Sep-2023 15:38:40 Asia/Kolkata] PHP Warning:  Undefined variable $selected in D:\wamp64\www\emsdemo\View\dropdown.php on line 34
[22-Sep-2023 15:38:40 Asia/Kolkata] PHP Stack trace:
[22-Sep-2023 15:38:40 Asia/Kolkata] PHP   1. {main}() D:\wamp64\www\emsdemo\View\dropdown.php:0
[22-Sep-2023 15:38:40 Asia/Kolkata] PHP Warning:  Undefined variable $selected in D:\wamp64\www\emsdemo\View\dropdown.php on line 34
[22-Sep-2023 15:38:40 Asia/Kolkata] PHP Stack trace:
[22-Sep-2023 15:38:40 Asia/Kolkata] PHP   1. {main}() D:\wamp64\www\emsdemo\View\dropdown.php:0
[22-Sep-2023 15:38:40 Asia/Kolkata] PHP Warning:  Undefined variable $selected in D:\wamp64\www\emsdemo\View\dropdown.php on line 34
[22-Sep-2023 15:38:40 Asia/Kolkata] PHP Stack trace:
[22-Sep-2023 15:38:40 Asia/Kolkata] PHP   1. {main}() D:\wamp64\www\emsdemo\View\dropdown.php:0
[22-Sep-2023 15:38:40 Asia/Kolkata] PHP Warning:  Undefined variable $selected in D:\wamp64\www\emsdemo\View\dropdown.php on line 34
[22-Sep-2023 15:38:40 Asia/Kolkata] PHP Stack trace:
[22-Sep-2023 15:38:40 Asia/Kolkata] PHP   1. {main}() D:\wamp64\www\emsdemo\View\dropdown.php:0
[22-Sep-2023 15:38:40 Asia/Kolkata] PHP Warning:  Undefined variable $selected in D:\wamp64\www\emsdemo\View\dropdown.php on line 34
[22-Sep-2023 15:38:40 Asia/Kolkata] PHP Stack trace:
[22-Sep-2023 15:38:40 Asia/Kolkata] PHP   1. {main}() D:\wamp64\www\emsdemo\View\dropdown.php:0
[22-Sep-2023 15:38:40 Asia/Kolkata] PHP Warning:  Undefined variable $selected in D:\wamp64\www\emsdemo\View\dropdown.php on line 34
[22-Sep-2023 15:38:40 Asia/Kolkata] PHP Stack trace:
[22-Sep-2023 15:38:40 Asia/Kolkata] PHP   1. {main}() D:\wamp64\www\emsdemo\View\dropdown.php:0
[22-Sep-2023 15:38:40 Asia/Kolkata] PHP Warning:  Undefined variable $selected in D:\wamp64\www\emsdemo\View\dropdown.php on line 34
[22-Sep-2023 15:38:40 Asia/Kolkata] PHP Stack trace:
[22-Sep-2023 15:38:40 Asia/Kolkata] PHP   1. {main}() D:\wamp64\www\emsdemo\View\dropdown.php:0
[22-Sep-2023 15:38:40 Asia/Kolkata] PHP Warning:  Undefined variable $selected in D:\wamp64\www\emsdemo\View\dropdown.php on line 34
[22-Sep-2023 15:38:40 Asia/Kolkata] PHP Stack trace:
[22-Sep-2023 15:38:40 Asia/Kolkata] PHP   1. {main}() D:\wamp64\www\emsdemo\View\dropdown.php:0
[22-Sep-2023 15:38:40 Asia/Kolkata] PHP Warning:  Undefined variable $selected in D:\wamp64\www\emsdemo\View\dropdown.php on line 34
[22-Sep-2023 15:38:40 Asia/Kolkata] PHP Stack trace:
[22-Sep-2023 15:38:40 Asia/Kolkata] PHP   1. {main}() D:\wamp64\www\emsdemo\View\dropdown.php:0
[22-Sep-2023 15:38:40 Asia/Kolkata] PHP Warning:  Undefined variable $selected in D:\wamp64\www\emsdemo\View\dropdown.php on line 34
[22-Sep-2023 15:38:40 Asia/Kolkata] PHP Stack trace:
[22-Sep-2023 15:38:40 Asia/Kolkata] PHP   1. {main}() D:\wamp64\www\emsdemo\View\dropdown.php:0
[22-Sep-2023 15:38:40 Asia/Kolkata] PHP Warning:  Undefined variable $selected in D:\wamp64\www\emsdemo\View\dropdown.php on line 34
[22-Sep-2023 15:38:40 Asia/Kolkata] PHP Stack trace:
[22-Sep-2023 15:38:40 Asia/Kolkata] PHP   1. {main}() D:\wamp64\www\emsdemo\View\dropdown.php:0
[22-Sep-2023 15:38:40 Asia/Kolkata] PHP Warning:  Undefined variable $selected in D:\wamp64\www\emsdemo\View\dropdown.php on line 34
[22-Sep-2023 15:38:40 Asia/Kolkata] PHP Stack trace:
[22-Sep-2023 15:38:40 Asia/Kolkata] PHP   1. {main}() D:\wamp64\www\emsdemo\View\dropdown.php:0
[22-Sep-2023 15:38:40 Asia/Kolkata] PHP Warning:  Undefined variable $selected in D:\wamp64\www\emsdemo\View\dropdown.php on line 34
[22-Sep-2023 15:38:40 Asia/Kolkata] PHP Stack trace:
[22-Sep-2023 15:38:40 Asia/Kolkata] PHP   1. {main}() D:\wamp64\www\emsdemo\View\dropdown.php:0
[22-Sep-2023 15:38:40 Asia/Kolkata] PHP Warning:  Undefined variable $selected in D:\wamp64\www\emsdemo\View\dropdown.php on line 34
[22-Sep-2023 15:38:40 Asia/Kolkata] PHP Stack trace:
[22-Sep-2023 15:38:40 Asia/Kolkata] PHP   1. {main}() D:\wamp64\www\emsdemo\View\dropdown.php:0
[22-Sep-2023 15:38:40 Asia/Kolkata] PHP Warning:  Undefined variable $selected in D:\wamp64\www\emsdemo\View\dropdown.php on line 34
[22-Sep-2023 15:38:40 Asia/Kolkata] PHP Stack trace:
[22-Sep-2023 15:38:40 Asia/Kolkata] PHP   1. {main}() D:\wamp64\www\emsdemo\View\dropdown.php:0
[22-Sep-2023 15:38:40 Asia/Kolkata] PHP Warning:  Undefined variable $selected in D:\wamp64\www\emsdemo\View\dropdown.php on line 34
[22-Sep-2023 15:38:40 Asia/Kolkata] PHP Stack trace:
[22-Sep-2023 15:38:40 Asia/Kolkata] PHP   1. {main}() D:\wamp64\www\emsdemo\View\dropdown.php:0
[22-Sep-2023 15:38:40 Asia/Kolkata] PHP Warning:  Undefined variable $selected in D:\wamp64\www\emsdemo\View\dropdown.php on line 34
[22-Sep-2023 15:38:40 Asia/Kolkata] PHP Stack trace:
[22-Sep-2023 15:38:40 Asia/Kolkata] PHP   1. {main}() D:\wamp64\www\emsdemo\View\dropdown.php:0
[22-Sep-2023 15:38:40 Asia/Kolkata] PHP Warning:  Undefined variable $selected in D:\wamp64\www\emsdemo\View\dropdown.php on line 34
[22-Sep-2023 15:38:40 Asia/Kolkata] PHP Stack trace:
[22-Sep-2023 15:38:40 Asia/Kolkata] PHP   1. {main}() D:\wamp64\www\emsdemo\View\dropdown.php:0
