[08-Feb-2023 11:01:35 Asia/Kolkata] PHP Warning:  Trying to access array offset on value of type null in C:\wamp64\www\emsdemo\View\index.php on line 356
[08-Feb-2023 11:01:35 Asia/Kolkata] PHP Stack trace:
[08-Feb-2023 11:01:35 Asia/Kolkata] PHP   1. {main}() C:\wamp64\www\emsdemo\View\index.php:0
[08-Feb-2023 11:02:17 Asia/Kolkata] PHP Warning:  Undefined array key "clientName" in C:\wamp64\www\emsdemo\View\rpt_Atnd_new.php on line 219
[08-Feb-2023 11:02:17 Asia/Kolkata] PHP Stack trace:
[08-Feb-2023 11:02:17 Asia/Kolkata] PHP   1. {main}() C:\wamp64\www\emsdemo\View\rpt_Atnd_new.php:0
[08-Feb-2023 11:02:17 Asia/Kolkata] PHP Warning:  Undefined array key "txt_dateMonth" in C:\wamp64\www\emsdemo\View\rpt_Atnd_new.php on line 225
[08-Feb-2023 11:02:17 Asia/Kolkata] PHP Stack trace:
[08-Feb-2023 11:02:17 Asia/Kolkata] PHP   1. {main}() C:\wamp64\www\emsdemo\View\rpt_Atnd_new.php:0
[08-Feb-2023 11:02:17 Asia/Kolkata] PHP Warning:  Undefined variable $monthCount in C:\wamp64\www\emsdemo\View\rpt_Atnd_new.php on line 230
[08-Feb-2023 11:02:17 Asia/Kolkata] PHP Stack trace:
[08-Feb-2023 11:02:17 Asia/Kolkata] PHP   1. {main}() C:\wamp64\www\emsdemo\View\rpt_Atnd_new.php:0
[08-Feb-2023 11:02:17 Asia/Kolkata] PHP Warning:  Undefined variable $monthCount in C:\wamp64\www\emsdemo\View\rpt_Atnd_new.php on line 232
[08-Feb-2023 11:02:17 Asia/Kolkata] PHP Stack trace:
[08-Feb-2023 11:02:17 Asia/Kolkata] PHP   1. {main}() C:\wamp64\www\emsdemo\View\rpt_Atnd_new.php:0
[08-Feb-2023 11:04:10 Asia/Kolkata] PHP Warning:  mysqli_connect(): (HY000/1045): Access denied for user 'localhost'@'182.75.225.83' (using password: YES) in C:\wamp64\www\emsdemo\View\textExport.php on line 5
[08-Feb-2023 11:04:10 Asia/Kolkata] PHP Stack trace:
[08-Feb-2023 11:04:10 Asia/Kolkata] PHP   1. {main}() C:\wamp64\www\emsdemo\View\textExport.php:0
[08-Feb-2023 11:04:10 Asia/Kolkata] PHP   2. mysqli_connect($hostname = '45.79.125.127', $username = 'localhost', $password = 'asg@rd#123', $database = 'ems') C:\wamp64\www\emsdemo\View\textExport.php:5
[08-Feb-2023 11:04:10 Asia/Kolkata] PHP Fatal error:  Uncaught TypeError: mysqli_query(): Argument #1 ($mysql) must be of type mysqli, bool given in C:\wamp64\www\emsdemo\View\textExport.php:56
Stack trace:
#0 C:\wamp64\www\emsdemo\View\textExport.php(56): mysqli_query(false, 'call sp_get_atn...')
#1 {main}
  thrown in C:\wamp64\www\emsdemo\View\textExport.php on line 56
[08-Feb-2023 11:04:22 Asia/Kolkata] PHP Warning:  Trying to access array offset on value of type null in C:\wamp64\www\emsdemo\View\index.php on line 356
[08-Feb-2023 11:04:22 Asia/Kolkata] PHP Stack trace:
[08-Feb-2023 11:04:22 Asia/Kolkata] PHP   1. {main}() C:\wamp64\www\emsdemo\View\index.php:0
[08-Feb-2023 11:04:36 Asia/Kolkata] PHP Warning:  Undefined array key "clientName" in C:\wamp64\www\emsdemo\View\rpt_Atnd_new.php on line 219
[08-Feb-2023 11:04:36 Asia/Kolkata] PHP Stack trace:
[08-Feb-2023 11:04:36 Asia/Kolkata] PHP   1. {main}() C:\wamp64\www\emsdemo\View\rpt_Atnd_new.php:0
[08-Feb-2023 11:04:36 Asia/Kolkata] PHP Warning:  Undefined array key "txt_dateMonth" in C:\wamp64\www\emsdemo\View\rpt_Atnd_new.php on line 225
[08-Feb-2023 11:04:36 Asia/Kolkata] PHP Stack trace:
[08-Feb-2023 11:04:36 Asia/Kolkata] PHP   1. {main}() C:\wamp64\www\emsdemo\View\rpt_Atnd_new.php:0
[08-Feb-2023 11:04:36 Asia/Kolkata] PHP Warning:  Undefined variable $monthCount in C:\wamp64\www\emsdemo\View\rpt_Atnd_new.php on line 230
[08-Feb-2023 11:04:36 Asia/Kolkata] PHP Stack trace:
[08-Feb-2023 11:04:36 Asia/Kolkata] PHP   1. {main}() C:\wamp64\www\emsdemo\View\rpt_Atnd_new.php:0
[08-Feb-2023 11:04:36 Asia/Kolkata] PHP Warning:  Undefined variable $monthCount in C:\wamp64\www\emsdemo\View\rpt_Atnd_new.php on line 232
[08-Feb-2023 11:04:36 Asia/Kolkata] PHP Stack trace:
[08-Feb-2023 11:04:36 Asia/Kolkata] PHP   1. {main}() C:\wamp64\www\emsdemo\View\rpt_Atnd_new.php:0
[08-Feb-2023 11:04:53 Asia/Kolkata] PHP Warning:  mysqli_connect(): (HY000/1045): Access denied for user 'localhost'@'182.75.225.83' (using password: YES) in C:\wamp64\www\emsdemo\View\textExport.php on line 5
[08-Feb-2023 11:04:53 Asia/Kolkata] PHP Stack trace:
[08-Feb-2023 11:04:53 Asia/Kolkata] PHP   1. {main}() C:\wamp64\www\emsdemo\View\textExport.php:0
[08-Feb-2023 11:04:53 Asia/Kolkata] PHP   2. mysqli_connect($hostname = '45.79.125.127', $username = 'localhost', $password = 'asg@rd#123', $database = 'ems') C:\wamp64\www\emsdemo\View\textExport.php:5
[08-Feb-2023 11:04:54 Asia/Kolkata] PHP Fatal error:  Uncaught TypeError: mysqli_query(): Argument #1 ($mysql) must be of type mysqli, bool given in C:\wamp64\www\emsdemo\View\textExport.php:56
Stack trace:
#0 C:\wamp64\www\emsdemo\View\textExport.php(56): mysqli_query(false, 'call sp_get_atn...')
#1 {main}
  thrown in C:\wamp64\www\emsdemo\View\textExport.php on line 56
[08-Feb-2023 11:05:17 Asia/Kolkata] PHP Warning:  mysqli_connect(): (HY000/1045): Access denied for user 'localhost'@'182.75.225.83' (using password: YES) in C:\wamp64\www\emsdemo\View\textExport.php on line 5
[08-Feb-2023 11:05:17 Asia/Kolkata] PHP Stack trace:
[08-Feb-2023 11:05:17 Asia/Kolkata] PHP   1. {main}() C:\wamp64\www\emsdemo\View\textExport.php:0
[08-Feb-2023 11:05:17 Asia/Kolkata] PHP   2. mysqli_connect($hostname = '45.79.125.127', $username = 'localhost', $password = 'asg@rd#123', $database = 'ems') C:\wamp64\www\emsdemo\View\textExport.php:5
[08-Feb-2023 11:05:17 Asia/Kolkata] PHP Fatal error:  Uncaught TypeError: mysqli_query(): Argument #1 ($mysql) must be of type mysqli, bool given in C:\wamp64\www\emsdemo\View\textExport.php:56
Stack trace:
#0 C:\wamp64\www\emsdemo\View\textExport.php(56): mysqli_query(false, 'call sp_get_atn...')
#1 {main}
  thrown in C:\wamp64\www\emsdemo\View\textExport.php on line 56
[08-Feb-2023 11:07:57 Asia/Kolkata] PHP Warning:  Undefined array key "clientName" in C:\wamp64\www\emsdemo\View\rpt_Atnd_new.php on line 219
[08-Feb-2023 11:07:57 Asia/Kolkata] PHP Stack trace:
[08-Feb-2023 11:07:57 Asia/Kolkata] PHP   1. {main}() C:\wamp64\www\emsdemo\View\rpt_Atnd_new.php:0
[08-Feb-2023 11:07:57 Asia/Kolkata] PHP Warning:  Undefined array key "txt_dateMonth" in C:\wamp64\www\emsdemo\View\rpt_Atnd_new.php on line 225
[08-Feb-2023 11:07:57 Asia/Kolkata] PHP Stack trace:
[08-Feb-2023 11:07:57 Asia/Kolkata] PHP   1. {main}() C:\wamp64\www\emsdemo\View\rpt_Atnd_new.php:0
[08-Feb-2023 11:07:57 Asia/Kolkata] PHP Warning:  Undefined variable $monthCount in C:\wamp64\www\emsdemo\View\rpt_Atnd_new.php on line 230
[08-Feb-2023 11:07:57 Asia/Kolkata] PHP Stack trace:
[08-Feb-2023 11:07:57 Asia/Kolkata] PHP   1. {main}() C:\wamp64\www\emsdemo\View\rpt_Atnd_new.php:0
[08-Feb-2023 11:07:57 Asia/Kolkata] PHP Warning:  Undefined variable $monthCount in C:\wamp64\www\emsdemo\View\rpt_Atnd_new.php on line 232
[08-Feb-2023 11:07:57 Asia/Kolkata] PHP Stack trace:
[08-Feb-2023 11:07:57 Asia/Kolkata] PHP   1. {main}() C:\wamp64\www\emsdemo\View\rpt_Atnd_new.php:0
[08-Feb-2023 11:09:32 Asia/Kolkata] PHP Warning:  Undefined array key "clientName" in C:\wamp64\www\emsdemo\View\rpt_Atnd_new.php on line 219
[08-Feb-2023 11:09:32 Asia/Kolkata] PHP Stack trace:
[08-Feb-2023 11:09:32 Asia/Kolkata] PHP   1. {main}() C:\wamp64\www\emsdemo\View\rpt_Atnd_new.php:0
[08-Feb-2023 11:09:32 Asia/Kolkata] PHP Warning:  Undefined array key "txt_dateMonth" in C:\wamp64\www\emsdemo\View\rpt_Atnd_new.php on line 225
[08-Feb-2023 11:09:32 Asia/Kolkata] PHP Stack trace:
[08-Feb-2023 11:09:32 Asia/Kolkata] PHP   1. {main}() C:\wamp64\www\emsdemo\View\rpt_Atnd_new.php:0
[08-Feb-2023 11:09:32 Asia/Kolkata] PHP Warning:  Undefined variable $monthCount in C:\wamp64\www\emsdemo\View\rpt_Atnd_new.php on line 230
[08-Feb-2023 11:09:32 Asia/Kolkata] PHP Stack trace:
[08-Feb-2023 11:09:32 Asia/Kolkata] PHP   1. {main}() C:\wamp64\www\emsdemo\View\rpt_Atnd_new.php:0
[08-Feb-2023 11:09:32 Asia/Kolkata] PHP Warning:  Undefined variable $monthCount in C:\wamp64\www\emsdemo\View\rpt_Atnd_new.php on line 232
[08-Feb-2023 11:09:32 Asia/Kolkata] PHP Stack trace:
[08-Feb-2023 11:09:32 Asia/Kolkata] PHP   1. {main}() C:\wamp64\www\emsdemo\View\rpt_Atnd_new.php:0
[08-Feb-2023 11:10:24 Asia/Kolkata] PHP Warning:  Undefined array key "clientName" in C:\wamp64\www\emsdemo\View\rpt_Atnd_new.php on line 219
[08-Feb-2023 11:10:24 Asia/Kolkata] PHP Stack trace:
[08-Feb-2023 11:10:24 Asia/Kolkata] PHP   1. {main}() C:\wamp64\www\emsdemo\View\rpt_Atnd_new.php:0
[08-Feb-2023 11:10:24 Asia/Kolkata] PHP Warning:  Undefined array key "txt_dateMonth" in C:\wamp64\www\emsdemo\View\rpt_Atnd_new.php on line 225
[08-Feb-2023 11:10:24 Asia/Kolkata] PHP Stack trace:
[08-Feb-2023 11:10:24 Asia/Kolkata] PHP   1. {main}() C:\wamp64\www\emsdemo\View\rpt_Atnd_new.php:0
[08-Feb-2023 11:10:24 Asia/Kolkata] PHP Warning:  Undefined variable $monthCount in C:\wamp64\www\emsdemo\View\rpt_Atnd_new.php on line 230
[08-Feb-2023 11:10:24 Asia/Kolkata] PHP Stack trace:
[08-Feb-2023 11:10:24 Asia/Kolkata] PHP   1. {main}() C:\wamp64\www\emsdemo\View\rpt_Atnd_new.php:0
[08-Feb-2023 11:10:24 Asia/Kolkata] PHP Warning:  Undefined variable $monthCount in C:\wamp64\www\emsdemo\View\rpt_Atnd_new.php on line 232
[08-Feb-2023 11:10:24 Asia/Kolkata] PHP Stack trace:
[08-Feb-2023 11:10:24 Asia/Kolkata] PHP   1. {main}() C:\wamp64\www\emsdemo\View\rpt_Atnd_new.php:0
[08-Feb-2023 11:11:20 Asia/Kolkata] PHP Warning:  Undefined array key "clientName" in C:\wamp64\www\emsdemo\View\rpt_Atnd_new.php on line 219
[08-Feb-2023 11:11:20 Asia/Kolkata] PHP Stack trace:
[08-Feb-2023 11:11:20 Asia/Kolkata] PHP   1. {main}() C:\wamp64\www\emsdemo\View\rpt_Atnd_new.php:0
[08-Feb-2023 11:11:20 Asia/Kolkata] PHP Warning:  Undefined array key "txt_dateMonth" in C:\wamp64\www\emsdemo\View\rpt_Atnd_new.php on line 225
[08-Feb-2023 11:11:20 Asia/Kolkata] PHP Stack trace:
[08-Feb-2023 11:11:20 Asia/Kolkata] PHP   1. {main}() C:\wamp64\www\emsdemo\View\rpt_Atnd_new.php:0
[08-Feb-2023 11:11:20 Asia/Kolkata] PHP Warning:  Undefined variable $monthCount in C:\wamp64\www\emsdemo\View\rpt_Atnd_new.php on line 230
[08-Feb-2023 11:11:20 Asia/Kolkata] PHP Stack trace:
[08-Feb-2023 11:11:20 Asia/Kolkata] PHP   1. {main}() C:\wamp64\www\emsdemo\View\rpt_Atnd_new.php:0
[08-Feb-2023 11:11:20 Asia/Kolkata] PHP Warning:  Undefined variable $monthCount in C:\wamp64\www\emsdemo\View\rpt_Atnd_new.php on line 232
[08-Feb-2023 11:11:20 Asia/Kolkata] PHP Stack trace:
[08-Feb-2023 11:11:20 Asia/Kolkata] PHP   1. {main}() C:\wamp64\www\emsdemo\View\rpt_Atnd_new.php:0
