[12-Jan-2023 12:03:47 Asia/Kolkata] PHP Warning:  mysqli_stmt::bind_param(): Number of elements in type definition string doesn't match number of bind variables in /var/www/html/erpm/Controller/ConLog.php on line 464
[12-Jan-2023 12:03:49 Asia/Kolkata] PHP Notice:  Trying to access array offset on value of type null in /var/www/html/erpm/View/index.php on line 346
[12-Jan-2023 12:15:51 Asia/Kolkata] PHP Notice:  Undefined index: __user_logid in /var/www/html/erpm/AppCode/nHead.php on line 2
[12-Jan-2023 12:15:55 Asia/Kolkata] PHP Warning:  mysqli_stmt::bind_param(): Number of elements in type definition string doesn't match number of bind variables in /var/www/html/erpm/Controller/ConLog.php on line 464
[12-Jan-2023 12:15:55 Asia/Kolkata] PHP Notice:  Trying to access array offset on value of type null in /var/www/html/erpm/View/index.php on line 346
[12-Jan-2023 12:15:58 Asia/Kolkata] PHP Notice:  Undefined index: EmployeeID in /var/www/html/erpm/View/welcome_mail_template.php on line 16
[12-Jan-2023 12:16:11 Asia/Kolkata] PHP Warning:  mysqli_stmt::bind_param(): Number of elements in type definition string doesn't match number of bind variables in /var/www/html/erpm/Controller/ConLog.php on line 464
[12-Jan-2023 12:16:11 Asia/Kolkata] PHP Notice:  Trying to access array offset on value of type null in /var/www/html/erpm/View/index.php on line 346
[12-Jan-2023 12:17:49 Asia/Kolkata] PHP Notice:  Undefined index: __user_logid in /var/www/html/erpm/AppCode/nHead.php on line 2
[12-Jan-2023 12:20:32 Asia/Kolkata] PHP Warning:  mysqli_stmt::bind_param(): Number of elements in type definition string doesn't match number of bind variables in /var/www/html/erpm/Controller/ConLog.php on line 464
[12-Jan-2023 12:20:32 Asia/Kolkata] PHP Notice:  Trying to access array offset on value of type null in /var/www/html/erpm/View/index.php on line 346
[12-Jan-2023 12:29:49 Asia/Kolkata] PHP Notice:  Undefined index: EmployeeID in /var/www/html/erpm/View/welcome_mail_template.php on line 16
[12-Jan-2023 12:29:52 Asia/Kolkata] PHP Notice:  Undefined index: cm_id in /var/www/html/erpm/View/manage_consultancy.php on line 235
[12-Jan-2023 12:29:52 Asia/Kolkata] PHP Notice:  Undefined index: client_id in /var/www/html/erpm/View/manage_consultancy.php on line 240
[12-Jan-2023 12:29:52 Asia/Kolkata] PHP Notice:  Undefined index: sub_process in /var/www/html/erpm/View/manage_consultancy.php on line 240
[12-Jan-2023 12:29:52 Asia/Kolkata] PHP Notice:  Undefined index: cm_id in /var/www/html/erpm/View/manage_consultancy.php on line 240
[12-Jan-2023 12:29:52 Asia/Kolkata] PHP Notice:  Undefined index: Client_info in /var/www/html/erpm/View/manage_consultancy.php on line 240
[12-Jan-2023 12:29:52 Asia/Kolkata] PHP Notice:  Undefined index: cm_id in /var/www/html/erpm/View/manage_consultancy.php on line 235
[12-Jan-2023 12:29:52 Asia/Kolkata] PHP Notice:  Undefined index: client_id in /var/www/html/erpm/View/manage_consultancy.php on line 240
[12-Jan-2023 12:29:52 Asia/Kolkata] PHP Notice:  Undefined index: sub_process in /var/www/html/erpm/View/manage_consultancy.php on line 240
[12-Jan-2023 12:29:52 Asia/Kolkata] PHP Notice:  Undefined index: cm_id in /var/www/html/erpm/View/manage_consultancy.php on line 240
[12-Jan-2023 12:29:52 Asia/Kolkata] PHP Notice:  Undefined index: Client_info in /var/www/html/erpm/View/manage_consultancy.php on line 240
[12-Jan-2023 12:29:52 Asia/Kolkata] PHP Notice:  Undefined index: cm_id in /var/www/html/erpm/View/manage_consultancy.php on line 235
[12-Jan-2023 12:29:52 Asia/Kolkata] PHP Notice:  Undefined index: client_id in /var/www/html/erpm/View/manage_consultancy.php on line 240
[12-Jan-2023 12:29:52 Asia/Kolkata] PHP Notice:  Undefined index: sub_process in /var/www/html/erpm/View/manage_consultancy.php on line 240
[12-Jan-2023 12:29:52 Asia/Kolkata] PHP Notice:  Undefined index: cm_id in /var/www/html/erpm/View/manage_consultancy.php on line 240
[12-Jan-2023 12:29:52 Asia/Kolkata] PHP Notice:  Undefined index: Client_info in /var/www/html/erpm/View/manage_consultancy.php on line 240
[12-Jan-2023 12:29:52 Asia/Kolkata] PHP Notice:  Undefined index: cm_id in /var/www/html/erpm/View/manage_consultancy.php on line 235
[12-Jan-2023 12:29:52 Asia/Kolkata] PHP Notice:  Undefined index: client_id in /var/www/html/erpm/View/manage_consultancy.php on line 240
[12-Jan-2023 12:29:52 Asia/Kolkata] PHP Notice:  Undefined index: sub_process in /var/www/html/erpm/View/manage_consultancy.php on line 240
[12-Jan-2023 12:29:52 Asia/Kolkata] PHP Notice:  Undefined index: cm_id in /var/www/html/erpm/View/manage_consultancy.php on line 240
[12-Jan-2023 12:29:52 Asia/Kolkata] PHP Notice:  Undefined index: Client_info in /var/www/html/erpm/View/manage_consultancy.php on line 240
[12-Jan-2023 12:29:52 Asia/Kolkata] PHP Notice:  Undefined index: cm_id in /var/www/html/erpm/View/manage_consultancy.php on line 235
[12-Jan-2023 12:29:52 Asia/Kolkata] PHP Notice:  Undefined index: client_id in /var/www/html/erpm/View/manage_consultancy.php on line 240
[12-Jan-2023 12:29:52 Asia/Kolkata] PHP Notice:  Undefined index: sub_process in /var/www/html/erpm/View/manage_consultancy.php on line 240
[12-Jan-2023 12:29:52 Asia/Kolkata] PHP Notice:  Undefined index: cm_id in /var/www/html/erpm/View/manage_consultancy.php on line 240
[12-Jan-2023 12:29:52 Asia/Kolkata] PHP Notice:  Undefined index: Client_info in /var/www/html/erpm/View/manage_consultancy.php on line 240
[12-Jan-2023 12:29:52 Asia/Kolkata] PHP Notice:  Undefined index: cm_id in /var/www/html/erpm/View/manage_consultancy.php on line 235
[12-Jan-2023 12:29:52 Asia/Kolkata] PHP Notice:  Undefined index: client_id in /var/www/html/erpm/View/manage_consultancy.php on line 240
[12-Jan-2023 12:29:52 Asia/Kolkata] PHP Notice:  Undefined index: sub_process in /var/www/html/erpm/View/manage_consultancy.php on line 240
[12-Jan-2023 12:29:52 Asia/Kolkata] PHP Notice:  Undefined index: cm_id in /var/www/html/erpm/View/manage_consultancy.php on line 240
[12-Jan-2023 12:29:52 Asia/Kolkata] PHP Notice:  Undefined index: Client_info in /var/www/html/erpm/View/manage_consultancy.php on line 240
[12-Jan-2023 12:29:52 Asia/Kolkata] PHP Notice:  Undefined index: cm_id in /var/www/html/erpm/View/manage_consultancy.php on line 235
[12-Jan-2023 12:29:52 Asia/Kolkata] PHP Notice:  Undefined index: client_id in /var/www/html/erpm/View/manage_consultancy.php on line 240
[12-Jan-2023 12:29:52 Asia/Kolkata] PHP Notice:  Undefined index: sub_process in /var/www/html/erpm/View/manage_consultancy.php on line 240
[12-Jan-2023 12:29:52 Asia/Kolkata] PHP Notice:  Undefined index: cm_id in /var/www/html/erpm/View/manage_consultancy.php on line 240
[12-Jan-2023 12:29:52 Asia/Kolkata] PHP Notice:  Undefined index: Client_info in /var/www/html/erpm/View/manage_consultancy.php on line 240
[12-Jan-2023 12:29:52 Asia/Kolkata] PHP Notice:  Undefined index: cm_id in /var/www/html/erpm/View/manage_consultancy.php on line 235
[12-Jan-2023 12:29:52 Asia/Kolkata] PHP Notice:  Undefined index: client_id in /var/www/html/erpm/View/manage_consultancy.php on line 240
[12-Jan-2023 12:29:52 Asia/Kolkata] PHP Notice:  Undefined index: sub_process in /var/www/html/erpm/View/manage_consultancy.php on line 240
[12-Jan-2023 12:29:52 Asia/Kolkata] PHP Notice:  Undefined index: cm_id in /var/www/html/erpm/View/manage_consultancy.php on line 240
[12-Jan-2023 12:29:52 Asia/Kolkata] PHP Notice:  Undefined index: Client_info in /var/www/html/erpm/View/manage_consultancy.php on line 240
[12-Jan-2023 12:29:52 Asia/Kolkata] PHP Notice:  Undefined index: cm_id in /var/www/html/erpm/View/manage_consultancy.php on line 235
[12-Jan-2023 12:29:52 Asia/Kolkata] PHP Notice:  Undefined index: client_id in /var/www/html/erpm/View/manage_consultancy.php on line 240
[12-Jan-2023 12:29:52 Asia/Kolkata] PHP Notice:  Undefined index: sub_process in /var/www/html/erpm/View/manage_consultancy.php on line 240
[12-Jan-2023 12:29:52 Asia/Kolkata] PHP Notice:  Undefined index: cm_id in /var/www/html/erpm/View/manage_consultancy.php on line 240
[12-Jan-2023 12:29:52 Asia/Kolkata] PHP Notice:  Undefined index: Client_info in /var/www/html/erpm/View/manage_consultancy.php on line 240
[12-Jan-2023 12:30:10 Asia/Kolkata] PHP Notice:  Undefined index: __user_logid in /var/www/html/erpm/AppCode/nHead.php on line 2
[12-Jan-2023 12:30:54 Asia/Kolkata] PHP Notice:  Undefined index: cm_id in /var/www/html/erpm/View/manage_consultancy.php on line 235
[12-Jan-2023 12:30:54 Asia/Kolkata] PHP Notice:  Undefined index: client_id in /var/www/html/erpm/View/manage_consultancy.php on line 240
[12-Jan-2023 12:30:54 Asia/Kolkata] PHP Notice:  Undefined index: sub_process in /var/www/html/erpm/View/manage_consultancy.php on line 240
[12-Jan-2023 12:30:54 Asia/Kolkata] PHP Notice:  Undefined index: cm_id in /var/www/html/erpm/View/manage_consultancy.php on line 240
[12-Jan-2023 12:30:54 Asia/Kolkata] PHP Notice:  Undefined index: Client_info in /var/www/html/erpm/View/manage_consultancy.php on line 240
[12-Jan-2023 12:30:54 Asia/Kolkata] PHP Notice:  Undefined index: cm_id in /var/www/html/erpm/View/manage_consultancy.php on line 235
[12-Jan-2023 12:30:54 Asia/Kolkata] PHP Notice:  Undefined index: client_id in /var/www/html/erpm/View/manage_consultancy.php on line 240
[12-Jan-2023 12:30:54 Asia/Kolkata] PHP Notice:  Undefined index: sub_process in /var/www/html/erpm/View/manage_consultancy.php on line 240
[12-Jan-2023 12:30:54 Asia/Kolkata] PHP Notice:  Undefined index: cm_id in /var/www/html/erpm/View/manage_consultancy.php on line 240
[12-Jan-2023 12:30:54 Asia/Kolkata] PHP Notice:  Undefined index: Client_info in /var/www/html/erpm/View/manage_consultancy.php on line 240
[12-Jan-2023 12:30:54 Asia/Kolkata] PHP Notice:  Undefined index: cm_id in /var/www/html/erpm/View/manage_consultancy.php on line 235
[12-Jan-2023 12:30:54 Asia/Kolkata] PHP Notice:  Undefined index: client_id in /var/www/html/erpm/View/manage_consultancy.php on line 240
[12-Jan-2023 12:30:54 Asia/Kolkata] PHP Notice:  Undefined index: sub_process in /var/www/html/erpm/View/manage_consultancy.php on line 240
[12-Jan-2023 12:30:54 Asia/Kolkata] PHP Notice:  Undefined index: cm_id in /var/www/html/erpm/View/manage_consultancy.php on line 240
[12-Jan-2023 12:30:54 Asia/Kolkata] PHP Notice:  Undefined index: Client_info in /var/www/html/erpm/View/manage_consultancy.php on line 240
[12-Jan-2023 12:30:54 Asia/Kolkata] PHP Notice:  Undefined index: cm_id in /var/www/html/erpm/View/manage_consultancy.php on line 235
[12-Jan-2023 12:30:54 Asia/Kolkata] PHP Notice:  Undefined index: client_id in /var/www/html/erpm/View/manage_consultancy.php on line 240
[12-Jan-2023 12:30:54 Asia/Kolkata] PHP Notice:  Undefined index: sub_process in /var/www/html/erpm/View/manage_consultancy.php on line 240
[12-Jan-2023 12:30:54 Asia/Kolkata] PHP Notice:  Undefined index: cm_id in /var/www/html/erpm/View/manage_consultancy.php on line 240
[12-Jan-2023 12:30:54 Asia/Kolkata] PHP Notice:  Undefined index: Client_info in /var/www/html/erpm/View/manage_consultancy.php on line 240
[12-Jan-2023 12:30:54 Asia/Kolkata] PHP Notice:  Undefined index: cm_id in /var/www/html/erpm/View/manage_consultancy.php on line 235
[12-Jan-2023 12:30:54 Asia/Kolkata] PHP Notice:  Undefined index: client_id in /var/www/html/erpm/View/manage_consultancy.php on line 240
[12-Jan-2023 12:30:54 Asia/Kolkata] PHP Notice:  Undefined index: sub_process in /var/www/html/erpm/View/manage_consultancy.php on line 240
[12-Jan-2023 12:30:54 Asia/Kolkata] PHP Notice:  Undefined index: cm_id in /var/www/html/erpm/View/manage_consultancy.php on line 240
[12-Jan-2023 12:30:54 Asia/Kolkata] PHP Notice:  Undefined index: Client_info in /var/www/html/erpm/View/manage_consultancy.php on line 240
[12-Jan-2023 12:30:54 Asia/Kolkata] PHP Notice:  Undefined index: cm_id in /var/www/html/erpm/View/manage_consultancy.php on line 235
[12-Jan-2023 12:30:54 Asia/Kolkata] PHP Notice:  Undefined index: client_id in /var/www/html/erpm/View/manage_consultancy.php on line 240
[12-Jan-2023 12:30:54 Asia/Kolkata] PHP Notice:  Undefined index: sub_process in /var/www/html/erpm/View/manage_consultancy.php on line 240
[12-Jan-2023 12:30:54 Asia/Kolkata] PHP Notice:  Undefined index: cm_id in /var/www/html/erpm/View/manage_consultancy.php on line 240
[12-Jan-2023 12:30:54 Asia/Kolkata] PHP Notice:  Undefined index: Client_info in /var/www/html/erpm/View/manage_consultancy.php on line 240
[12-Jan-2023 12:30:54 Asia/Kolkata] PHP Notice:  Undefined index: cm_id in /var/www/html/erpm/View/manage_consultancy.php on line 235
[12-Jan-2023 12:30:54 Asia/Kolkata] PHP Notice:  Undefined index: client_id in /var/www/html/erpm/View/manage_consultancy.php on line 240
[12-Jan-2023 12:30:54 Asia/Kolkata] PHP Notice:  Undefined index: sub_process in /var/www/html/erpm/View/manage_consultancy.php on line 240
[12-Jan-2023 12:30:54 Asia/Kolkata] PHP Notice:  Undefined index: cm_id in /var/www/html/erpm/View/manage_consultancy.php on line 240
[12-Jan-2023 12:30:54 Asia/Kolkata] PHP Notice:  Undefined index: Client_info in /var/www/html/erpm/View/manage_consultancy.php on line 240
[12-Jan-2023 12:30:54 Asia/Kolkata] PHP Notice:  Undefined index: cm_id in /var/www/html/erpm/View/manage_consultancy.php on line 235
[12-Jan-2023 12:30:54 Asia/Kolkata] PHP Notice:  Undefined index: client_id in /var/www/html/erpm/View/manage_consultancy.php on line 240
[12-Jan-2023 12:30:54 Asia/Kolkata] PHP Notice:  Undefined index: sub_process in /var/www/html/erpm/View/manage_consultancy.php on line 240
[12-Jan-2023 12:30:54 Asia/Kolkata] PHP Notice:  Undefined index: cm_id in /var/www/html/erpm/View/manage_consultancy.php on line 240
[12-Jan-2023 12:30:54 Asia/Kolkata] PHP Notice:  Undefined index: Client_info in /var/www/html/erpm/View/manage_consultancy.php on line 240
[12-Jan-2023 12:30:54 Asia/Kolkata] PHP Notice:  Undefined index: cm_id in /var/www/html/erpm/View/manage_consultancy.php on line 235
[12-Jan-2023 12:30:54 Asia/Kolkata] PHP Notice:  Undefined index: client_id in /var/www/html/erpm/View/manage_consultancy.php on line 240
[12-Jan-2023 12:30:54 Asia/Kolkata] PHP Notice:  Undefined index: sub_process in /var/www/html/erpm/View/manage_consultancy.php on line 240
[12-Jan-2023 12:30:54 Asia/Kolkata] PHP Notice:  Undefined index: cm_id in /var/www/html/erpm/View/manage_consultancy.php on line 240
[12-Jan-2023 12:30:54 Asia/Kolkata] PHP Notice:  Undefined index: Client_info in /var/www/html/erpm/View/manage_consultancy.php on line 240
[12-Jan-2023 12:31:55 Asia/Kolkata] PHP Notice:  Undefined index: cm_id in /var/www/html/erpm/View/manage_consultancy.php on line 235
[12-Jan-2023 12:31:55 Asia/Kolkata] PHP Notice:  Undefined index: client_id in /var/www/html/erpm/View/manage_consultancy.php on line 240
[12-Jan-2023 12:31:55 Asia/Kolkata] PHP Notice:  Undefined index: sub_process in /var/www/html/erpm/View/manage_consultancy.php on line 240
[12-Jan-2023 12:31:55 Asia/Kolkata] PHP Notice:  Undefined index: cm_id in /var/www/html/erpm/View/manage_consultancy.php on line 240
[12-Jan-2023 12:31:55 Asia/Kolkata] PHP Notice:  Undefined index: Client_info in /var/www/html/erpm/View/manage_consultancy.php on line 240
[12-Jan-2023 12:31:55 Asia/Kolkata] PHP Notice:  Undefined index: cm_id in /var/www/html/erpm/View/manage_consultancy.php on line 235
[12-Jan-2023 12:31:55 Asia/Kolkata] PHP Notice:  Undefined index: client_id in /var/www/html/erpm/View/manage_consultancy.php on line 240
[12-Jan-2023 12:31:55 Asia/Kolkata] PHP Notice:  Undefined index: sub_process in /var/www/html/erpm/View/manage_consultancy.php on line 240
[12-Jan-2023 12:31:55 Asia/Kolkata] PHP Notice:  Undefined index: cm_id in /var/www/html/erpm/View/manage_consultancy.php on line 240
[12-Jan-2023 12:31:55 Asia/Kolkata] PHP Notice:  Undefined index: Client_info in /var/www/html/erpm/View/manage_consultancy.php on line 240
[12-Jan-2023 12:31:55 Asia/Kolkata] PHP Notice:  Undefined index: cm_id in /var/www/html/erpm/View/manage_consultancy.php on line 235
[12-Jan-2023 12:31:55 Asia/Kolkata] PHP Notice:  Undefined index: client_id in /var/www/html/erpm/View/manage_consultancy.php on line 240
[12-Jan-2023 12:31:55 Asia/Kolkata] PHP Notice:  Undefined index: sub_process in /var/www/html/erpm/View/manage_consultancy.php on line 240
[12-Jan-2023 12:31:55 Asia/Kolkata] PHP Notice:  Undefined index: cm_id in /var/www/html/erpm/View/manage_consultancy.php on line 240
[12-Jan-2023 12:31:55 Asia/Kolkata] PHP Notice:  Undefined index: Client_info in /var/www/html/erpm/View/manage_consultancy.php on line 240
[12-Jan-2023 12:31:55 Asia/Kolkata] PHP Notice:  Undefined index: cm_id in /var/www/html/erpm/View/manage_consultancy.php on line 235
[12-Jan-2023 12:31:55 Asia/Kolkata] PHP Notice:  Undefined index: client_id in /var/www/html/erpm/View/manage_consultancy.php on line 240
[12-Jan-2023 12:31:55 Asia/Kolkata] PHP Notice:  Undefined index: sub_process in /var/www/html/erpm/View/manage_consultancy.php on line 240
[12-Jan-2023 12:31:55 Asia/Kolkata] PHP Notice:  Undefined index: cm_id in /var/www/html/erpm/View/manage_consultancy.php on line 240
[12-Jan-2023 12:31:55 Asia/Kolkata] PHP Notice:  Undefined index: Client_info in /var/www/html/erpm/View/manage_consultancy.php on line 240
[12-Jan-2023 12:31:55 Asia/Kolkata] PHP Notice:  Undefined index: cm_id in /var/www/html/erpm/View/manage_consultancy.php on line 235
[12-Jan-2023 12:31:55 Asia/Kolkata] PHP Notice:  Undefined index: client_id in /var/www/html/erpm/View/manage_consultancy.php on line 240
[12-Jan-2023 12:31:55 Asia/Kolkata] PHP Notice:  Undefined index: sub_process in /var/www/html/erpm/View/manage_consultancy.php on line 240
[12-Jan-2023 12:31:55 Asia/Kolkata] PHP Notice:  Undefined index: cm_id in /var/www/html/erpm/View/manage_consultancy.php on line 240
[12-Jan-2023 12:31:55 Asia/Kolkata] PHP Notice:  Undefined index: Client_info in /var/www/html/erpm/View/manage_consultancy.php on line 240
[12-Jan-2023 12:31:55 Asia/Kolkata] PHP Notice:  Undefined index: cm_id in /var/www/html/erpm/View/manage_consultancy.php on line 235
[12-Jan-2023 12:31:55 Asia/Kolkata] PHP Notice:  Undefined index: client_id in /var/www/html/erpm/View/manage_consultancy.php on line 240
[12-Jan-2023 12:31:55 Asia/Kolkata] PHP Notice:  Undefined index: sub_process in /var/www/html/erpm/View/manage_consultancy.php on line 240
[12-Jan-2023 12:31:55 Asia/Kolkata] PHP Notice:  Undefined index: cm_id in /var/www/html/erpm/View/manage_consultancy.php on line 240
[12-Jan-2023 12:31:55 Asia/Kolkata] PHP Notice:  Undefined index: Client_info in /var/www/html/erpm/View/manage_consultancy.php on line 240
[12-Jan-2023 12:31:55 Asia/Kolkata] PHP Notice:  Undefined index: cm_id in /var/www/html/erpm/View/manage_consultancy.php on line 235
[12-Jan-2023 12:31:55 Asia/Kolkata] PHP Notice:  Undefined index: client_id in /var/www/html/erpm/View/manage_consultancy.php on line 240
[12-Jan-2023 12:31:55 Asia/Kolkata] PHP Notice:  Undefined index: sub_process in /var/www/html/erpm/View/manage_consultancy.php on line 240
[12-Jan-2023 12:31:55 Asia/Kolkata] PHP Notice:  Undefined index: cm_id in /var/www/html/erpm/View/manage_consultancy.php on line 240
[12-Jan-2023 12:31:55 Asia/Kolkata] PHP Notice:  Undefined index: Client_info in /var/www/html/erpm/View/manage_consultancy.php on line 240
[12-Jan-2023 12:31:55 Asia/Kolkata] PHP Notice:  Undefined index: cm_id in /var/www/html/erpm/View/manage_consultancy.php on line 235
[12-Jan-2023 12:31:55 Asia/Kolkata] PHP Notice:  Undefined index: client_id in /var/www/html/erpm/View/manage_consultancy.php on line 240
[12-Jan-2023 12:31:55 Asia/Kolkata] PHP Notice:  Undefined index: sub_process in /var/www/html/erpm/View/manage_consultancy.php on line 240
[12-Jan-2023 12:31:55 Asia/Kolkata] PHP Notice:  Undefined index: cm_id in /var/www/html/erpm/View/manage_consultancy.php on line 240
[12-Jan-2023 12:31:55 Asia/Kolkata] PHP Notice:  Undefined index: Client_info in /var/www/html/erpm/View/manage_consultancy.php on line 240
[12-Jan-2023 12:31:55 Asia/Kolkata] PHP Notice:  Undefined index: cm_id in /var/www/html/erpm/View/manage_consultancy.php on line 235
[12-Jan-2023 12:31:55 Asia/Kolkata] PHP Notice:  Undefined index: client_id in /var/www/html/erpm/View/manage_consultancy.php on line 240
[12-Jan-2023 12:31:55 Asia/Kolkata] PHP Notice:  Undefined index: sub_process in /var/www/html/erpm/View/manage_consultancy.php on line 240
[12-Jan-2023 12:31:55 Asia/Kolkata] PHP Notice:  Undefined index: cm_id in /var/www/html/erpm/View/manage_consultancy.php on line 240
[12-Jan-2023 12:31:55 Asia/Kolkata] PHP Notice:  Undefined index: Client_info in /var/www/html/erpm/View/manage_consultancy.php on line 240
[12-Jan-2023 12:32:25 Asia/Kolkata] PHP Warning:  mysqli_stmt::bind_param(): Number of elements in type definition string doesn't match number of bind variables in /var/www/html/erpm/Controller/ConLog.php on line 464
[12-Jan-2023 12:32:25 Asia/Kolkata] PHP Warning:  Use of undefined constant EMS_CenterName - assumed 'EMS_CenterName' (this will throw an Error in a future version of PHP) in /var/www/html/erpm/Controller/ConLog.php on line 470
[12-Jan-2023 12:32:25 Asia/Kolkata] PHP Warning:  Use of undefined constant EMAIL_HOST - assumed 'EMAIL_HOST' (this will throw an Error in a future version of PHP) in /var/www/html/erpm/Controller/ConLog.php on line 473
[12-Jan-2023 12:32:25 Asia/Kolkata] PHP Warning:  Use of undefined constant EMAIL_AUTH - assumed 'EMAIL_AUTH' (this will throw an Error in a future version of PHP) in /var/www/html/erpm/Controller/ConLog.php on line 474
[12-Jan-2023 12:32:25 Asia/Kolkata] PHP Warning:  Use of undefined constant EMAIL_USER - assumed 'EMAIL_USER' (this will throw an Error in a future version of PHP) in /var/www/html/erpm/Controller/ConLog.php on line 475
[12-Jan-2023 12:32:25 Asia/Kolkata] PHP Warning:  Use of undefined constant EMAIL_PASS - assumed 'EMAIL_PASS' (this will throw an Error in a future version of PHP) in /var/www/html/erpm/Controller/ConLog.php on line 476
[12-Jan-2023 12:32:25 Asia/Kolkata] PHP Warning:  Use of undefined constant EMAIL_SMTPSecure - assumed 'EMAIL_SMTPSecure' (this will throw an Error in a future version of PHP) in /var/www/html/erpm/Controller/ConLog.php on line 477
[12-Jan-2023 12:32:25 Asia/Kolkata] PHP Warning:  Use of undefined constant EMAIL_PORT - assumed 'EMAIL_PORT' (this will throw an Error in a future version of PHP) in /var/www/html/erpm/Controller/ConLog.php on line 478
[12-Jan-2023 12:32:25 Asia/Kolkata] PHP Warning:  Use of undefined constant EMAIL_FROM - assumed 'EMAIL_FROM' (this will throw an Error in a future version of PHP) in /var/www/html/erpm/Controller/ConLog.php on line 479
[12-Jan-2023 12:32:25 Asia/Kolkata] PHP Warning:  Use of undefined constant EMS_CenterName - assumed 'EMS_CenterName' (this will throw an Error in a future version of PHP) in /var/www/html/erpm/Controller/ConLog.php on line 482
[12-Jan-2023 12:32:37 Asia/Kolkata] PHP Notice:  Undefined index: cm_id in /var/www/html/erpm/View/manage_consultancy.php on line 235
[12-Jan-2023 12:32:37 Asia/Kolkata] PHP Notice:  Undefined index: client_id in /var/www/html/erpm/View/manage_consultancy.php on line 240
[12-Jan-2023 12:32:37 Asia/Kolkata] PHP Notice:  Undefined index: sub_process in /var/www/html/erpm/View/manage_consultancy.php on line 240
[12-Jan-2023 12:32:37 Asia/Kolkata] PHP Notice:  Undefined index: cm_id in /var/www/html/erpm/View/manage_consultancy.php on line 240
[12-Jan-2023 12:32:37 Asia/Kolkata] PHP Notice:  Undefined index: Client_info in /var/www/html/erpm/View/manage_consultancy.php on line 240
[12-Jan-2023 12:32:37 Asia/Kolkata] PHP Notice:  Undefined index: cm_id in /var/www/html/erpm/View/manage_consultancy.php on line 235
[12-Jan-2023 12:32:37 Asia/Kolkata] PHP Notice:  Undefined index: client_id in /var/www/html/erpm/View/manage_consultancy.php on line 240
[12-Jan-2023 12:32:37 Asia/Kolkata] PHP Notice:  Undefined index: sub_process in /var/www/html/erpm/View/manage_consultancy.php on line 240
[12-Jan-2023 12:32:37 Asia/Kolkata] PHP Notice:  Undefined index: cm_id in /var/www/html/erpm/View/manage_consultancy.php on line 240
[12-Jan-2023 12:32:37 Asia/Kolkata] PHP Notice:  Undefined index: Client_info in /var/www/html/erpm/View/manage_consultancy.php on line 240
[12-Jan-2023 12:32:37 Asia/Kolkata] PHP Notice:  Undefined index: cm_id in /var/www/html/erpm/View/manage_consultancy.php on line 235
[12-Jan-2023 12:32:37 Asia/Kolkata] PHP Notice:  Undefined index: client_id in /var/www/html/erpm/View/manage_consultancy.php on line 240
[12-Jan-2023 12:32:37 Asia/Kolkata] PHP Notice:  Undefined index: sub_process in /var/www/html/erpm/View/manage_consultancy.php on line 240
[12-Jan-2023 12:32:37 Asia/Kolkata] PHP Notice:  Undefined index: cm_id in /var/www/html/erpm/View/manage_consultancy.php on line 240
[12-Jan-2023 12:32:37 Asia/Kolkata] PHP Notice:  Undefined index: Client_info in /var/www/html/erpm/View/manage_consultancy.php on line 240
[12-Jan-2023 12:32:37 Asia/Kolkata] PHP Notice:  Undefined index: cm_id in /var/www/html/erpm/View/manage_consultancy.php on line 235
[12-Jan-2023 12:32:37 Asia/Kolkata] PHP Notice:  Undefined index: client_id in /var/www/html/erpm/View/manage_consultancy.php on line 240
[12-Jan-2023 12:32:37 Asia/Kolkata] PHP Notice:  Undefined index: sub_process in /var/www/html/erpm/View/manage_consultancy.php on line 240
[12-Jan-2023 12:32:37 Asia/Kolkata] PHP Notice:  Undefined index: cm_id in /var/www/html/erpm/View/manage_consultancy.php on line 240
[12-Jan-2023 12:32:37 Asia/Kolkata] PHP Notice:  Undefined index: Client_info in /var/www/html/erpm/View/manage_consultancy.php on line 240
[12-Jan-2023 12:32:37 Asia/Kolkata] PHP Notice:  Undefined index: cm_id in /var/www/html/erpm/View/manage_consultancy.php on line 235
[12-Jan-2023 12:32:37 Asia/Kolkata] PHP Notice:  Undefined index: client_id in /var/www/html/erpm/View/manage_consultancy.php on line 240
[12-Jan-2023 12:32:37 Asia/Kolkata] PHP Notice:  Undefined index: sub_process in /var/www/html/erpm/View/manage_consultancy.php on line 240
[12-Jan-2023 12:32:37 Asia/Kolkata] PHP Notice:  Undefined index: cm_id in /var/www/html/erpm/View/manage_consultancy.php on line 240
[12-Jan-2023 12:32:37 Asia/Kolkata] PHP Notice:  Undefined index: Client_info in /var/www/html/erpm/View/manage_consultancy.php on line 240
[12-Jan-2023 12:32:37 Asia/Kolkata] PHP Notice:  Undefined index: cm_id in /var/www/html/erpm/View/manage_consultancy.php on line 235
[12-Jan-2023 12:32:37 Asia/Kolkata] PHP Notice:  Undefined index: client_id in /var/www/html/erpm/View/manage_consultancy.php on line 240
[12-Jan-2023 12:32:37 Asia/Kolkata] PHP Notice:  Undefined index: sub_process in /var/www/html/erpm/View/manage_consultancy.php on line 240
[12-Jan-2023 12:32:37 Asia/Kolkata] PHP Notice:  Undefined index: cm_id in /var/www/html/erpm/View/manage_consultancy.php on line 240
[12-Jan-2023 12:32:37 Asia/Kolkata] PHP Notice:  Undefined index: Client_info in /var/www/html/erpm/View/manage_consultancy.php on line 240
[12-Jan-2023 12:32:37 Asia/Kolkata] PHP Notice:  Undefined index: cm_id in /var/www/html/erpm/View/manage_consultancy.php on line 235
[12-Jan-2023 12:32:37 Asia/Kolkata] PHP Notice:  Undefined index: client_id in /var/www/html/erpm/View/manage_consultancy.php on line 240
[12-Jan-2023 12:32:37 Asia/Kolkata] PHP Notice:  Undefined index: sub_process in /var/www/html/erpm/View/manage_consultancy.php on line 240
[12-Jan-2023 12:32:37 Asia/Kolkata] PHP Notice:  Undefined index: cm_id in /var/www/html/erpm/View/manage_consultancy.php on line 240
[12-Jan-2023 12:32:37 Asia/Kolkata] PHP Notice:  Undefined index: Client_info in /var/www/html/erpm/View/manage_consultancy.php on line 240
[12-Jan-2023 12:32:37 Asia/Kolkata] PHP Notice:  Undefined index: cm_id in /var/www/html/erpm/View/manage_consultancy.php on line 235
[12-Jan-2023 12:32:37 Asia/Kolkata] PHP Notice:  Undefined index: client_id in /var/www/html/erpm/View/manage_consultancy.php on line 240
[12-Jan-2023 12:32:37 Asia/Kolkata] PHP Notice:  Undefined index: sub_process in /var/www/html/erpm/View/manage_consultancy.php on line 240
[12-Jan-2023 12:32:37 Asia/Kolkata] PHP Notice:  Undefined index: cm_id in /var/www/html/erpm/View/manage_consultancy.php on line 240
[12-Jan-2023 12:32:37 Asia/Kolkata] PHP Notice:  Undefined index: Client_info in /var/www/html/erpm/View/manage_consultancy.php on line 240
[12-Jan-2023 12:32:37 Asia/Kolkata] PHP Notice:  Undefined index: cm_id in /var/www/html/erpm/View/manage_consultancy.php on line 235
[12-Jan-2023 12:32:37 Asia/Kolkata] PHP Notice:  Undefined index: client_id in /var/www/html/erpm/View/manage_consultancy.php on line 240
[12-Jan-2023 12:32:37 Asia/Kolkata] PHP Notice:  Undefined index: sub_process in /var/www/html/erpm/View/manage_consultancy.php on line 240
[12-Jan-2023 12:32:37 Asia/Kolkata] PHP Notice:  Undefined index: cm_id in /var/www/html/erpm/View/manage_consultancy.php on line 240
[12-Jan-2023 12:32:37 Asia/Kolkata] PHP Notice:  Undefined index: Client_info in /var/www/html/erpm/View/manage_consultancy.php on line 240
[12-Jan-2023 12:32:52 Asia/Kolkata] PHP Warning:  mysqli_stmt::bind_param(): Number of elements in type definition string doesn't match number of bind variables in /var/www/html/erpm/Controller/ConLog.php on line 464
[12-Jan-2023 12:32:52 Asia/Kolkata] PHP Notice:  Trying to access array offset on value of type null in /var/www/html/erpm/View/index.php on line 346
[12-Jan-2023 12:32:58 Asia/Kolkata] PHP Notice:  Undefined index: cm_id in /var/www/html/erpm/View/manage_consultancy.php on line 235
[12-Jan-2023 12:32:58 Asia/Kolkata] PHP Notice:  Undefined index: client_id in /var/www/html/erpm/View/manage_consultancy.php on line 240
[12-Jan-2023 12:32:58 Asia/Kolkata] PHP Notice:  Undefined index: sub_process in /var/www/html/erpm/View/manage_consultancy.php on line 240
[12-Jan-2023 12:32:58 Asia/Kolkata] PHP Notice:  Undefined index: cm_id in /var/www/html/erpm/View/manage_consultancy.php on line 240
[12-Jan-2023 12:32:58 Asia/Kolkata] PHP Notice:  Undefined index: Client_info in /var/www/html/erpm/View/manage_consultancy.php on line 240
[12-Jan-2023 12:32:58 Asia/Kolkata] PHP Notice:  Undefined index: cm_id in /var/www/html/erpm/View/manage_consultancy.php on line 235
[12-Jan-2023 12:32:58 Asia/Kolkata] PHP Notice:  Undefined index: client_id in /var/www/html/erpm/View/manage_consultancy.php on line 240
[12-Jan-2023 12:32:58 Asia/Kolkata] PHP Notice:  Undefined index: sub_process in /var/www/html/erpm/View/manage_consultancy.php on line 240
[12-Jan-2023 12:32:58 Asia/Kolkata] PHP Notice:  Undefined index: cm_id in /var/www/html/erpm/View/manage_consultancy.php on line 240
[12-Jan-2023 12:32:58 Asia/Kolkata] PHP Notice:  Undefined index: Client_info in /var/www/html/erpm/View/manage_consultancy.php on line 240
[12-Jan-2023 12:32:58 Asia/Kolkata] PHP Notice:  Undefined index: cm_id in /var/www/html/erpm/View/manage_consultancy.php on line 235
[12-Jan-2023 12:32:58 Asia/Kolkata] PHP Notice:  Undefined index: client_id in /var/www/html/erpm/View/manage_consultancy.php on line 240
[12-Jan-2023 12:32:58 Asia/Kolkata] PHP Notice:  Undefined index: sub_process in /var/www/html/erpm/View/manage_consultancy.php on line 240
[12-Jan-2023 12:32:58 Asia/Kolkata] PHP Notice:  Undefined index: cm_id in /var/www/html/erpm/View/manage_consultancy.php on line 240
[12-Jan-2023 12:32:58 Asia/Kolkata] PHP Notice:  Undefined index: Client_info in /var/www/html/erpm/View/manage_consultancy.php on line 240
[12-Jan-2023 12:32:58 Asia/Kolkata] PHP Notice:  Undefined index: cm_id in /var/www/html/erpm/View/manage_consultancy.php on line 235
[12-Jan-2023 12:32:58 Asia/Kolkata] PHP Notice:  Undefined index: client_id in /var/www/html/erpm/View/manage_consultancy.php on line 240
[12-Jan-2023 12:32:58 Asia/Kolkata] PHP Notice:  Undefined index: sub_process in /var/www/html/erpm/View/manage_consultancy.php on line 240
[12-Jan-2023 12:32:58 Asia/Kolkata] PHP Notice:  Undefined index: cm_id in /var/www/html/erpm/View/manage_consultancy.php on line 240
[12-Jan-2023 12:32:58 Asia/Kolkata] PHP Notice:  Undefined index: Client_info in /var/www/html/erpm/View/manage_consultancy.php on line 240
[12-Jan-2023 12:32:58 Asia/Kolkata] PHP Notice:  Undefined index: cm_id in /var/www/html/erpm/View/manage_consultancy.php on line 235
[12-Jan-2023 12:32:58 Asia/Kolkata] PHP Notice:  Undefined index: client_id in /var/www/html/erpm/View/manage_consultancy.php on line 240
[12-Jan-2023 12:32:58 Asia/Kolkata] PHP Notice:  Undefined index: sub_process in /var/www/html/erpm/View/manage_consultancy.php on line 240
[12-Jan-2023 12:32:58 Asia/Kolkata] PHP Notice:  Undefined index: cm_id in /var/www/html/erpm/View/manage_consultancy.php on line 240
[12-Jan-2023 12:32:58 Asia/Kolkata] PHP Notice:  Undefined index: Client_info in /var/www/html/erpm/View/manage_consultancy.php on line 240
[12-Jan-2023 12:32:58 Asia/Kolkata] PHP Notice:  Undefined index: cm_id in /var/www/html/erpm/View/manage_consultancy.php on line 235
[12-Jan-2023 12:32:58 Asia/Kolkata] PHP Notice:  Undefined index: client_id in /var/www/html/erpm/View/manage_consultancy.php on line 240
[12-Jan-2023 12:32:58 Asia/Kolkata] PHP Notice:  Undefined index: sub_process in /var/www/html/erpm/View/manage_consultancy.php on line 240
[12-Jan-2023 12:32:58 Asia/Kolkata] PHP Notice:  Undefined index: cm_id in /var/www/html/erpm/View/manage_consultancy.php on line 240
[12-Jan-2023 12:32:58 Asia/Kolkata] PHP Notice:  Undefined index: Client_info in /var/www/html/erpm/View/manage_consultancy.php on line 240
[12-Jan-2023 12:32:58 Asia/Kolkata] PHP Notice:  Undefined index: cm_id in /var/www/html/erpm/View/manage_consultancy.php on line 235
[12-Jan-2023 12:32:58 Asia/Kolkata] PHP Notice:  Undefined index: client_id in /var/www/html/erpm/View/manage_consultancy.php on line 240
[12-Jan-2023 12:32:58 Asia/Kolkata] PHP Notice:  Undefined index: sub_process in /var/www/html/erpm/View/manage_consultancy.php on line 240
[12-Jan-2023 12:32:58 Asia/Kolkata] PHP Notice:  Undefined index: cm_id in /var/www/html/erpm/View/manage_consultancy.php on line 240
[12-Jan-2023 12:32:58 Asia/Kolkata] PHP Notice:  Undefined index: Client_info in /var/www/html/erpm/View/manage_consultancy.php on line 240
[12-Jan-2023 12:32:58 Asia/Kolkata] PHP Notice:  Undefined index: cm_id in /var/www/html/erpm/View/manage_consultancy.php on line 235
[12-Jan-2023 12:32:58 Asia/Kolkata] PHP Notice:  Undefined index: client_id in /var/www/html/erpm/View/manage_consultancy.php on line 240
[12-Jan-2023 12:32:58 Asia/Kolkata] PHP Notice:  Undefined index: sub_process in /var/www/html/erpm/View/manage_consultancy.php on line 240
[12-Jan-2023 12:32:58 Asia/Kolkata] PHP Notice:  Undefined index: cm_id in /var/www/html/erpm/View/manage_consultancy.php on line 240
[12-Jan-2023 12:32:58 Asia/Kolkata] PHP Notice:  Undefined index: Client_info in /var/www/html/erpm/View/manage_consultancy.php on line 240
[12-Jan-2023 12:32:58 Asia/Kolkata] PHP Notice:  Undefined index: cm_id in /var/www/html/erpm/View/manage_consultancy.php on line 235
[12-Jan-2023 12:32:58 Asia/Kolkata] PHP Notice:  Undefined index: client_id in /var/www/html/erpm/View/manage_consultancy.php on line 240
[12-Jan-2023 12:32:58 Asia/Kolkata] PHP Notice:  Undefined index: sub_process in /var/www/html/erpm/View/manage_consultancy.php on line 240
[12-Jan-2023 12:32:58 Asia/Kolkata] PHP Notice:  Undefined index: cm_id in /var/www/html/erpm/View/manage_consultancy.php on line 240
[12-Jan-2023 12:32:58 Asia/Kolkata] PHP Notice:  Undefined index: Client_info in /var/www/html/erpm/View/manage_consultancy.php on line 240
[12-Jan-2023 12:33:08 Asia/Kolkata] PHP Notice:  Undefined index: cm_id in /var/www/html/erpm/View/manage_consultancy.php on line 235
[12-Jan-2023 12:33:08 Asia/Kolkata] PHP Notice:  Undefined index: client_id in /var/www/html/erpm/View/manage_consultancy.php on line 240
[12-Jan-2023 12:33:08 Asia/Kolkata] PHP Notice:  Undefined index: sub_process in /var/www/html/erpm/View/manage_consultancy.php on line 240
[12-Jan-2023 12:33:08 Asia/Kolkata] PHP Notice:  Undefined index: cm_id in /var/www/html/erpm/View/manage_consultancy.php on line 240
[12-Jan-2023 12:33:08 Asia/Kolkata] PHP Notice:  Undefined index: Client_info in /var/www/html/erpm/View/manage_consultancy.php on line 240
[12-Jan-2023 12:33:08 Asia/Kolkata] PHP Notice:  Undefined index: cm_id in /var/www/html/erpm/View/manage_consultancy.php on line 235
[12-Jan-2023 12:33:08 Asia/Kolkata] PHP Notice:  Undefined index: client_id in /var/www/html/erpm/View/manage_consultancy.php on line 240
[12-Jan-2023 12:33:08 Asia/Kolkata] PHP Notice:  Undefined index: sub_process in /var/www/html/erpm/View/manage_consultancy.php on line 240
[12-Jan-2023 12:33:08 Asia/Kolkata] PHP Notice:  Undefined index: cm_id in /var/www/html/erpm/View/manage_consultancy.php on line 240
[12-Jan-2023 12:33:08 Asia/Kolkata] PHP Notice:  Undefined index: Client_info in /var/www/html/erpm/View/manage_consultancy.php on line 240
[12-Jan-2023 12:33:08 Asia/Kolkata] PHP Notice:  Undefined index: cm_id in /var/www/html/erpm/View/manage_consultancy.php on line 235
[12-Jan-2023 12:33:08 Asia/Kolkata] PHP Notice:  Undefined index: client_id in /var/www/html/erpm/View/manage_consultancy.php on line 240
[12-Jan-2023 12:33:08 Asia/Kolkata] PHP Notice:  Undefined index: sub_process in /var/www/html/erpm/View/manage_consultancy.php on line 240
[12-Jan-2023 12:33:08 Asia/Kolkata] PHP Notice:  Undefined index: cm_id in /var/www/html/erpm/View/manage_consultancy.php on line 240
[12-Jan-2023 12:33:08 Asia/Kolkata] PHP Notice:  Undefined index: Client_info in /var/www/html/erpm/View/manage_consultancy.php on line 240
[12-Jan-2023 12:33:08 Asia/Kolkata] PHP Notice:  Undefined index: cm_id in /var/www/html/erpm/View/manage_consultancy.php on line 235
[12-Jan-2023 12:33:08 Asia/Kolkata] PHP Notice:  Undefined index: client_id in /var/www/html/erpm/View/manage_consultancy.php on line 240
[12-Jan-2023 12:33:08 Asia/Kolkata] PHP Notice:  Undefined index: sub_process in /var/www/html/erpm/View/manage_consultancy.php on line 240
[12-Jan-2023 12:33:08 Asia/Kolkata] PHP Notice:  Undefined index: cm_id in /var/www/html/erpm/View/manage_consultancy.php on line 240
[12-Jan-2023 12:33:08 Asia/Kolkata] PHP Notice:  Undefined index: Client_info in /var/www/html/erpm/View/manage_consultancy.php on line 240
[12-Jan-2023 12:33:08 Asia/Kolkata] PHP Notice:  Undefined index: cm_id in /var/www/html/erpm/View/manage_consultancy.php on line 235
[12-Jan-2023 12:33:08 Asia/Kolkata] PHP Notice:  Undefined index: client_id in /var/www/html/erpm/View/manage_consultancy.php on line 240
[12-Jan-2023 12:33:08 Asia/Kolkata] PHP Notice:  Undefined index: sub_process in /var/www/html/erpm/View/manage_consultancy.php on line 240
[12-Jan-2023 12:33:08 Asia/Kolkata] PHP Notice:  Undefined index: cm_id in /var/www/html/erpm/View/manage_consultancy.php on line 240
[12-Jan-2023 12:33:08 Asia/Kolkata] PHP Notice:  Undefined index: Client_info in /var/www/html/erpm/View/manage_consultancy.php on line 240
[12-Jan-2023 12:33:08 Asia/Kolkata] PHP Notice:  Undefined index: cm_id in /var/www/html/erpm/View/manage_consultancy.php on line 235
[12-Jan-2023 12:33:08 Asia/Kolkata] PHP Notice:  Undefined index: client_id in /var/www/html/erpm/View/manage_consultancy.php on line 240
[12-Jan-2023 12:33:08 Asia/Kolkata] PHP Notice:  Undefined index: sub_process in /var/www/html/erpm/View/manage_consultancy.php on line 240
[12-Jan-2023 12:33:08 Asia/Kolkata] PHP Notice:  Undefined index: cm_id in /var/www/html/erpm/View/manage_consultancy.php on line 240
[12-Jan-2023 12:33:08 Asia/Kolkata] PHP Notice:  Undefined index: Client_info in /var/www/html/erpm/View/manage_consultancy.php on line 240
[12-Jan-2023 12:33:08 Asia/Kolkata] PHP Notice:  Undefined index: cm_id in /var/www/html/erpm/View/manage_consultancy.php on line 235
[12-Jan-2023 12:33:08 Asia/Kolkata] PHP Notice:  Undefined index: client_id in /var/www/html/erpm/View/manage_consultancy.php on line 240
[12-Jan-2023 12:33:08 Asia/Kolkata] PHP Notice:  Undefined index: sub_process in /var/www/html/erpm/View/manage_consultancy.php on line 240
[12-Jan-2023 12:33:08 Asia/Kolkata] PHP Notice:  Undefined index: cm_id in /var/www/html/erpm/View/manage_consultancy.php on line 240
[12-Jan-2023 12:33:08 Asia/Kolkata] PHP Notice:  Undefined index: Client_info in /var/www/html/erpm/View/manage_consultancy.php on line 240
[12-Jan-2023 12:33:08 Asia/Kolkata] PHP Notice:  Undefined index: cm_id in /var/www/html/erpm/View/manage_consultancy.php on line 235
[12-Jan-2023 12:33:08 Asia/Kolkata] PHP Notice:  Undefined index: client_id in /var/www/html/erpm/View/manage_consultancy.php on line 240
[12-Jan-2023 12:33:08 Asia/Kolkata] PHP Notice:  Undefined index: sub_process in /var/www/html/erpm/View/manage_consultancy.php on line 240
[12-Jan-2023 12:33:08 Asia/Kolkata] PHP Notice:  Undefined index: cm_id in /var/www/html/erpm/View/manage_consultancy.php on line 240
[12-Jan-2023 12:33:08 Asia/Kolkata] PHP Notice:  Undefined index: Client_info in /var/www/html/erpm/View/manage_consultancy.php on line 240
[12-Jan-2023 12:33:08 Asia/Kolkata] PHP Notice:  Undefined index: cm_id in /var/www/html/erpm/View/manage_consultancy.php on line 235
[12-Jan-2023 12:33:08 Asia/Kolkata] PHP Notice:  Undefined index: client_id in /var/www/html/erpm/View/manage_consultancy.php on line 240
[12-Jan-2023 12:33:08 Asia/Kolkata] PHP Notice:  Undefined index: sub_process in /var/www/html/erpm/View/manage_consultancy.php on line 240
[12-Jan-2023 12:33:08 Asia/Kolkata] PHP Notice:  Undefined index: cm_id in /var/www/html/erpm/View/manage_consultancy.php on line 240
[12-Jan-2023 12:33:08 Asia/Kolkata] PHP Notice:  Undefined index: Client_info in /var/www/html/erpm/View/manage_consultancy.php on line 240
[12-Jan-2023 12:33:57 Asia/Kolkata] PHP Warning:  mysqli_stmt::bind_param(): Number of elements in type definition string doesn't match number of bind variables in /var/www/html/erpm/Controller/ConLog.php on line 464
[12-Jan-2023 12:33:58 Asia/Kolkata] PHP Notice:  Trying to access array offset on value of type null in /var/www/html/erpm/View/index.php on line 346
[12-Jan-2023 12:34:09 Asia/Kolkata] PHP Notice:  Undefined index: cm_id in /var/www/html/erpm/View/manage_consultancy.php on line 235
[12-Jan-2023 12:34:09 Asia/Kolkata] PHP Notice:  Undefined index: client_id in /var/www/html/erpm/View/manage_consultancy.php on line 240
[12-Jan-2023 12:34:09 Asia/Kolkata] PHP Notice:  Undefined index: sub_process in /var/www/html/erpm/View/manage_consultancy.php on line 240
[12-Jan-2023 12:34:09 Asia/Kolkata] PHP Notice:  Undefined index: cm_id in /var/www/html/erpm/View/manage_consultancy.php on line 240
[12-Jan-2023 12:34:09 Asia/Kolkata] PHP Notice:  Undefined index: Client_info in /var/www/html/erpm/View/manage_consultancy.php on line 240
[12-Jan-2023 12:34:09 Asia/Kolkata] PHP Notice:  Undefined index: cm_id in /var/www/html/erpm/View/manage_consultancy.php on line 235
[12-Jan-2023 12:34:09 Asia/Kolkata] PHP Notice:  Undefined index: client_id in /var/www/html/erpm/View/manage_consultancy.php on line 240
[12-Jan-2023 12:34:09 Asia/Kolkata] PHP Notice:  Undefined index: sub_process in /var/www/html/erpm/View/manage_consultancy.php on line 240
[12-Jan-2023 12:34:09 Asia/Kolkata] PHP Notice:  Undefined index: cm_id in /var/www/html/erpm/View/manage_consultancy.php on line 240
[12-Jan-2023 12:34:09 Asia/Kolkata] PHP Notice:  Undefined index: Client_info in /var/www/html/erpm/View/manage_consultancy.php on line 240
[12-Jan-2023 12:34:09 Asia/Kolkata] PHP Notice:  Undefined index: cm_id in /var/www/html/erpm/View/manage_consultancy.php on line 235
[12-Jan-2023 12:34:09 Asia/Kolkata] PHP Notice:  Undefined index: client_id in /var/www/html/erpm/View/manage_consultancy.php on line 240
[12-Jan-2023 12:34:09 Asia/Kolkata] PHP Notice:  Undefined index: sub_process in /var/www/html/erpm/View/manage_consultancy.php on line 240
[12-Jan-2023 12:34:09 Asia/Kolkata] PHP Notice:  Undefined index: cm_id in /var/www/html/erpm/View/manage_consultancy.php on line 240
[12-Jan-2023 12:34:09 Asia/Kolkata] PHP Notice:  Undefined index: Client_info in /var/www/html/erpm/View/manage_consultancy.php on line 240
[12-Jan-2023 12:34:09 Asia/Kolkata] PHP Notice:  Undefined index: cm_id in /var/www/html/erpm/View/manage_consultancy.php on line 235
[12-Jan-2023 12:34:09 Asia/Kolkata] PHP Notice:  Undefined index: client_id in /var/www/html/erpm/View/manage_consultancy.php on line 240
[12-Jan-2023 12:34:09 Asia/Kolkata] PHP Notice:  Undefined index: sub_process in /var/www/html/erpm/View/manage_consultancy.php on line 240
[12-Jan-2023 12:34:09 Asia/Kolkata] PHP Notice:  Undefined index: cm_id in /var/www/html/erpm/View/manage_consultancy.php on line 240
[12-Jan-2023 12:34:09 Asia/Kolkata] PHP Notice:  Undefined index: Client_info in /var/www/html/erpm/View/manage_consultancy.php on line 240
[12-Jan-2023 12:34:09 Asia/Kolkata] PHP Notice:  Undefined index: cm_id in /var/www/html/erpm/View/manage_consultancy.php on line 235
[12-Jan-2023 12:34:09 Asia/Kolkata] PHP Notice:  Undefined index: client_id in /var/www/html/erpm/View/manage_consultancy.php on line 240
[12-Jan-2023 12:34:09 Asia/Kolkata] PHP Notice:  Undefined index: sub_process in /var/www/html/erpm/View/manage_consultancy.php on line 240
[12-Jan-2023 12:34:09 Asia/Kolkata] PHP Notice:  Undefined index: cm_id in /var/www/html/erpm/View/manage_consultancy.php on line 240
[12-Jan-2023 12:34:09 Asia/Kolkata] PHP Notice:  Undefined index: Client_info in /var/www/html/erpm/View/manage_consultancy.php on line 240
[12-Jan-2023 12:34:09 Asia/Kolkata] PHP Notice:  Undefined index: cm_id in /var/www/html/erpm/View/manage_consultancy.php on line 235
[12-Jan-2023 12:34:09 Asia/Kolkata] PHP Notice:  Undefined index: client_id in /var/www/html/erpm/View/manage_consultancy.php on line 240
[12-Jan-2023 12:34:09 Asia/Kolkata] PHP Notice:  Undefined index: sub_process in /var/www/html/erpm/View/manage_consultancy.php on line 240
[12-Jan-2023 12:34:09 Asia/Kolkata] PHP Notice:  Undefined index: cm_id in /var/www/html/erpm/View/manage_consultancy.php on line 240
[12-Jan-2023 12:34:09 Asia/Kolkata] PHP Notice:  Undefined index: Client_info in /var/www/html/erpm/View/manage_consultancy.php on line 240
[12-Jan-2023 12:34:09 Asia/Kolkata] PHP Notice:  Undefined index: cm_id in /var/www/html/erpm/View/manage_consultancy.php on line 235
[12-Jan-2023 12:34:09 Asia/Kolkata] PHP Notice:  Undefined index: client_id in /var/www/html/erpm/View/manage_consultancy.php on line 240
[12-Jan-2023 12:34:09 Asia/Kolkata] PHP Notice:  Undefined index: sub_process in /var/www/html/erpm/View/manage_consultancy.php on line 240
[12-Jan-2023 12:34:09 Asia/Kolkata] PHP Notice:  Undefined index: cm_id in /var/www/html/erpm/View/manage_consultancy.php on line 240
[12-Jan-2023 12:34:09 Asia/Kolkata] PHP Notice:  Undefined index: Client_info in /var/www/html/erpm/View/manage_consultancy.php on line 240
[12-Jan-2023 12:34:09 Asia/Kolkata] PHP Notice:  Undefined index: cm_id in /var/www/html/erpm/View/manage_consultancy.php on line 235
[12-Jan-2023 12:34:09 Asia/Kolkata] PHP Notice:  Undefined index: client_id in /var/www/html/erpm/View/manage_consultancy.php on line 240
[12-Jan-2023 12:34:09 Asia/Kolkata] PHP Notice:  Undefined index: sub_process in /var/www/html/erpm/View/manage_consultancy.php on line 240
[12-Jan-2023 12:34:09 Asia/Kolkata] PHP Notice:  Undefined index: cm_id in /var/www/html/erpm/View/manage_consultancy.php on line 240
[12-Jan-2023 12:34:09 Asia/Kolkata] PHP Notice:  Undefined index: Client_info in /var/www/html/erpm/View/manage_consultancy.php on line 240
[12-Jan-2023 12:34:09 Asia/Kolkata] PHP Notice:  Undefined index: cm_id in /var/www/html/erpm/View/manage_consultancy.php on line 235
[12-Jan-2023 12:34:09 Asia/Kolkata] PHP Notice:  Undefined index: client_id in /var/www/html/erpm/View/manage_consultancy.php on line 240
[12-Jan-2023 12:34:09 Asia/Kolkata] PHP Notice:  Undefined index: sub_process in /var/www/html/erpm/View/manage_consultancy.php on line 240
[12-Jan-2023 12:34:09 Asia/Kolkata] PHP Notice:  Undefined index: cm_id in /var/www/html/erpm/View/manage_consultancy.php on line 240
[12-Jan-2023 12:34:09 Asia/Kolkata] PHP Notice:  Undefined index: Client_info in /var/www/html/erpm/View/manage_consultancy.php on line 240
[12-Jan-2023 12:35:05 Asia/Kolkata] PHP Warning:  mysqli_stmt::bind_param(): Number of elements in type definition string doesn't match number of bind variables in /var/www/html/erpm/Controller/ConLog.php on line 464
[12-Jan-2023 12:35:05 Asia/Kolkata] PHP Notice:  Trying to access array offset on value of type null in /var/www/html/erpm/View/index.php on line 346
[12-Jan-2023 12:35:49 Asia/Kolkata] PHP Notice:  Undefined index: cm_id in /var/www/html/erpm/View/manage_consultancy.php on line 235
[12-Jan-2023 12:35:49 Asia/Kolkata] PHP Notice:  Undefined index: client_id in /var/www/html/erpm/View/manage_consultancy.php on line 240
[12-Jan-2023 12:35:49 Asia/Kolkata] PHP Notice:  Undefined index: sub_process in /var/www/html/erpm/View/manage_consultancy.php on line 240
[12-Jan-2023 12:35:49 Asia/Kolkata] PHP Notice:  Undefined index: cm_id in /var/www/html/erpm/View/manage_consultancy.php on line 240
[12-Jan-2023 12:35:49 Asia/Kolkata] PHP Notice:  Undefined index: Client_info in /var/www/html/erpm/View/manage_consultancy.php on line 240
[12-Jan-2023 12:35:49 Asia/Kolkata] PHP Notice:  Undefined index: cm_id in /var/www/html/erpm/View/manage_consultancy.php on line 235
[12-Jan-2023 12:35:49 Asia/Kolkata] PHP Notice:  Undefined index: client_id in /var/www/html/erpm/View/manage_consultancy.php on line 240
[12-Jan-2023 12:35:49 Asia/Kolkata] PHP Notice:  Undefined index: sub_process in /var/www/html/erpm/View/manage_consultancy.php on line 240
[12-Jan-2023 12:35:49 Asia/Kolkata] PHP Notice:  Undefined index: cm_id in /var/www/html/erpm/View/manage_consultancy.php on line 240
[12-Jan-2023 12:35:49 Asia/Kolkata] PHP Notice:  Undefined index: Client_info in /var/www/html/erpm/View/manage_consultancy.php on line 240
[12-Jan-2023 12:35:49 Asia/Kolkata] PHP Notice:  Undefined index: cm_id in /var/www/html/erpm/View/manage_consultancy.php on line 235
[12-Jan-2023 12:35:49 Asia/Kolkata] PHP Notice:  Undefined index: client_id in /var/www/html/erpm/View/manage_consultancy.php on line 240
[12-Jan-2023 12:35:49 Asia/Kolkata] PHP Notice:  Undefined index: sub_process in /var/www/html/erpm/View/manage_consultancy.php on line 240
[12-Jan-2023 12:35:49 Asia/Kolkata] PHP Notice:  Undefined index: cm_id in /var/www/html/erpm/View/manage_consultancy.php on line 240
[12-Jan-2023 12:35:49 Asia/Kolkata] PHP Notice:  Undefined index: Client_info in /var/www/html/erpm/View/manage_consultancy.php on line 240
[12-Jan-2023 12:35:49 Asia/Kolkata] PHP Notice:  Undefined index: cm_id in /var/www/html/erpm/View/manage_consultancy.php on line 235
[12-Jan-2023 12:35:49 Asia/Kolkata] PHP Notice:  Undefined index: client_id in /var/www/html/erpm/View/manage_consultancy.php on line 240
[12-Jan-2023 12:35:49 Asia/Kolkata] PHP Notice:  Undefined index: sub_process in /var/www/html/erpm/View/manage_consultancy.php on line 240
[12-Jan-2023 12:35:49 Asia/Kolkata] PHP Notice:  Undefined index: cm_id in /var/www/html/erpm/View/manage_consultancy.php on line 240
[12-Jan-2023 12:35:49 Asia/Kolkata] PHP Notice:  Undefined index: Client_info in /var/www/html/erpm/View/manage_consultancy.php on line 240
[12-Jan-2023 12:35:49 Asia/Kolkata] PHP Notice:  Undefined index: cm_id in /var/www/html/erpm/View/manage_consultancy.php on line 235
[12-Jan-2023 12:35:49 Asia/Kolkata] PHP Notice:  Undefined index: client_id in /var/www/html/erpm/View/manage_consultancy.php on line 240
[12-Jan-2023 12:35:49 Asia/Kolkata] PHP Notice:  Undefined index: sub_process in /var/www/html/erpm/View/manage_consultancy.php on line 240
[12-Jan-2023 12:35:49 Asia/Kolkata] PHP Notice:  Undefined index: cm_id in /var/www/html/erpm/View/manage_consultancy.php on line 240
[12-Jan-2023 12:35:49 Asia/Kolkata] PHP Notice:  Undefined index: Client_info in /var/www/html/erpm/View/manage_consultancy.php on line 240
[12-Jan-2023 12:35:49 Asia/Kolkata] PHP Notice:  Undefined index: cm_id in /var/www/html/erpm/View/manage_consultancy.php on line 235
[12-Jan-2023 12:35:49 Asia/Kolkata] PHP Notice:  Undefined index: client_id in /var/www/html/erpm/View/manage_consultancy.php on line 240
[12-Jan-2023 12:35:49 Asia/Kolkata] PHP Notice:  Undefined index: sub_process in /var/www/html/erpm/View/manage_consultancy.php on line 240
[12-Jan-2023 12:35:49 Asia/Kolkata] PHP Notice:  Undefined index: cm_id in /var/www/html/erpm/View/manage_consultancy.php on line 240
[12-Jan-2023 12:35:49 Asia/Kolkata] PHP Notice:  Undefined index: Client_info in /var/www/html/erpm/View/manage_consultancy.php on line 240
[12-Jan-2023 12:35:49 Asia/Kolkata] PHP Notice:  Undefined index: cm_id in /var/www/html/erpm/View/manage_consultancy.php on line 235
[12-Jan-2023 12:35:49 Asia/Kolkata] PHP Notice:  Undefined index: client_id in /var/www/html/erpm/View/manage_consultancy.php on line 240
[12-Jan-2023 12:35:49 Asia/Kolkata] PHP Notice:  Undefined index: sub_process in /var/www/html/erpm/View/manage_consultancy.php on line 240
[12-Jan-2023 12:35:49 Asia/Kolkata] PHP Notice:  Undefined index: cm_id in /var/www/html/erpm/View/manage_consultancy.php on line 240
[12-Jan-2023 12:35:49 Asia/Kolkata] PHP Notice:  Undefined index: Client_info in /var/www/html/erpm/View/manage_consultancy.php on line 240
[12-Jan-2023 12:35:49 Asia/Kolkata] PHP Notice:  Undefined index: cm_id in /var/www/html/erpm/View/manage_consultancy.php on line 235
[12-Jan-2023 12:35:49 Asia/Kolkata] PHP Notice:  Undefined index: client_id in /var/www/html/erpm/View/manage_consultancy.php on line 240
[12-Jan-2023 12:35:49 Asia/Kolkata] PHP Notice:  Undefined index: sub_process in /var/www/html/erpm/View/manage_consultancy.php on line 240
[12-Jan-2023 12:35:49 Asia/Kolkata] PHP Notice:  Undefined index: cm_id in /var/www/html/erpm/View/manage_consultancy.php on line 240
[12-Jan-2023 12:35:49 Asia/Kolkata] PHP Notice:  Undefined index: Client_info in /var/www/html/erpm/View/manage_consultancy.php on line 240
[12-Jan-2023 12:35:49 Asia/Kolkata] PHP Notice:  Undefined index: cm_id in /var/www/html/erpm/View/manage_consultancy.php on line 235
[12-Jan-2023 12:35:49 Asia/Kolkata] PHP Notice:  Undefined index: client_id in /var/www/html/erpm/View/manage_consultancy.php on line 240
[12-Jan-2023 12:35:49 Asia/Kolkata] PHP Notice:  Undefined index: sub_process in /var/www/html/erpm/View/manage_consultancy.php on line 240
[12-Jan-2023 12:35:49 Asia/Kolkata] PHP Notice:  Undefined index: cm_id in /var/www/html/erpm/View/manage_consultancy.php on line 240
[12-Jan-2023 12:35:49 Asia/Kolkata] PHP Notice:  Undefined index: Client_info in /var/www/html/erpm/View/manage_consultancy.php on line 240
[12-Jan-2023 12:39:46 Asia/Kolkata] PHP Notice:  Trying to access array offset on value of type null in /var/www/html/erpm/View/index.php on line 346
[12-Jan-2023 12:43:24 Asia/Kolkata] PHP Warning:  mysqli_stmt::bind_param(): Number of elements in type definition string doesn't match number of bind variables in /var/www/html/erpm/Controller/ConLog.php on line 464
[12-Jan-2023 12:43:24 Asia/Kolkata] PHP Warning:  Use of undefined constant EMS_CenterName - assumed 'EMS_CenterName' (this will throw an Error in a future version of PHP) in /var/www/html/erpm/Controller/ConLog.php on line 470
[12-Jan-2023 12:43:24 Asia/Kolkata] PHP Warning:  Use of undefined constant EMAIL_HOST - assumed 'EMAIL_HOST' (this will throw an Error in a future version of PHP) in /var/www/html/erpm/Controller/ConLog.php on line 473
[12-Jan-2023 12:43:24 Asia/Kolkata] PHP Warning:  Use of undefined constant EMAIL_AUTH - assumed 'EMAIL_AUTH' (this will throw an Error in a future version of PHP) in /var/www/html/erpm/Controller/ConLog.php on line 474
[12-Jan-2023 12:43:24 Asia/Kolkata] PHP Warning:  Use of undefined constant EMAIL_USER - assumed 'EMAIL_USER' (this will throw an Error in a future version of PHP) in /var/www/html/erpm/Controller/ConLog.php on line 475
[12-Jan-2023 12:43:24 Asia/Kolkata] PHP Warning:  Use of undefined constant EMAIL_PASS - assumed 'EMAIL_PASS' (this will throw an Error in a future version of PHP) in /var/www/html/erpm/Controller/ConLog.php on line 476
[12-Jan-2023 12:43:24 Asia/Kolkata] PHP Warning:  Use of undefined constant EMAIL_SMTPSecure - assumed 'EMAIL_SMTPSecure' (this will throw an Error in a future version of PHP) in /var/www/html/erpm/Controller/ConLog.php on line 477
[12-Jan-2023 12:43:24 Asia/Kolkata] PHP Warning:  Use of undefined constant EMAIL_PORT - assumed 'EMAIL_PORT' (this will throw an Error in a future version of PHP) in /var/www/html/erpm/Controller/ConLog.php on line 478
[12-Jan-2023 12:43:24 Asia/Kolkata] PHP Warning:  Use of undefined constant EMAIL_FROM - assumed 'EMAIL_FROM' (this will throw an Error in a future version of PHP) in /var/www/html/erpm/Controller/ConLog.php on line 479
[12-Jan-2023 12:43:24 Asia/Kolkata] PHP Warning:  Use of undefined constant EMS_CenterName - assumed 'EMS_CenterName' (this will throw an Error in a future version of PHP) in /var/www/html/erpm/Controller/ConLog.php on line 482
[12-Jan-2023 12:44:40 Asia/Kolkata] PHP Warning:  mysqli_stmt::bind_param(): Number of elements in type definition string doesn't match number of bind variables in /var/www/html/erpm/Controller/ConLog.php on line 464
[12-Jan-2023 12:44:40 Asia/Kolkata] PHP Notice:  Trying to access array offset on value of type null in /var/www/html/erpm/View/index.php on line 346
[12-Jan-2023 12:45:21 Asia/Kolkata] PHP Notice:  Undefined index: __user_logid in /var/www/html/erpm/AppCode/nHead.php on line 2
[12-Jan-2023 12:48:01 Asia/Kolkata] PHP Notice:  Undefined index: location in /var/www/html/erpm/View/save_personal.php on line 27
[12-Jan-2023 12:48:01 Asia/Kolkata] PHP Notice:  Undefined index: txt_Personal_First in /var/www/html/erpm/View/save_personal.php on line 110
[12-Jan-2023 12:48:01 Asia/Kolkata] PHP Notice:  Undefined index: EmployeeID in /var/www/html/erpm/View/save_personal.php on line 111
[12-Jan-2023 12:48:01 Asia/Kolkata] PHP Notice:  Undefined index: intid in /var/www/html/erpm/View/save_personal.php on line 120
[12-Jan-2023 12:48:33 Asia/Kolkata] PHP Warning:  move_uploaded_file(../Images/payload.php.jpg): failed to open stream: Permission denied in /var/www/html/erpm/View/save_personal.php on line 240
[12-Jan-2023 12:48:33 Asia/Kolkata] PHP Warning:  move_uploaded_file(): Unable to move '/tmp/phpmfkNsT' to '../Images/payload.php.jpg' in /var/www/html/erpm/View/save_personal.php on line 240
[12-Jan-2023 12:49:19 Asia/Kolkata] PHP Warning:  move_uploaded_file(../Images/payload.php.jpg): failed to open stream: Permission denied in /var/www/html/erpm/View/save_personal.php on line 240
[12-Jan-2023 12:49:19 Asia/Kolkata] PHP Warning:  move_uploaded_file(): Unable to move '/tmp/phpceTUW2' to '../Images/payload.php.jpg' in /var/www/html/erpm/View/save_personal.php on line 240
[12-Jan-2023 12:51:08 Asia/Kolkata] PHP Warning:  move_uploaded_file(../Images/payload.php.jpg): failed to open stream: Permission denied in /var/www/html/erpm/View/save_personal.php on line 240
[12-Jan-2023 12:51:08 Asia/Kolkata] PHP Warning:  move_uploaded_file(): Unable to move '/tmp/phphFLorg' to '../Images/payload.php.jpg' in /var/www/html/erpm/View/save_personal.php on line 240
[12-Jan-2023 12:51:11 Asia/Kolkata] PHP Notice:  Undefined index: cm_id in /var/www/html/erpm/View/manage_consultancy.php on line 235
[12-Jan-2023 12:51:11 Asia/Kolkata] PHP Notice:  Undefined index: client_id in /var/www/html/erpm/View/manage_consultancy.php on line 240
[12-Jan-2023 12:51:11 Asia/Kolkata] PHP Notice:  Undefined index: sub_process in /var/www/html/erpm/View/manage_consultancy.php on line 240
[12-Jan-2023 12:51:11 Asia/Kolkata] PHP Notice:  Undefined index: cm_id in /var/www/html/erpm/View/manage_consultancy.php on line 240
[12-Jan-2023 12:51:11 Asia/Kolkata] PHP Notice:  Undefined index: Client_info in /var/www/html/erpm/View/manage_consultancy.php on line 240
[12-Jan-2023 12:51:11 Asia/Kolkata] PHP Notice:  Undefined index: cm_id in /var/www/html/erpm/View/manage_consultancy.php on line 235
[12-Jan-2023 12:51:11 Asia/Kolkata] PHP Notice:  Undefined index: client_id in /var/www/html/erpm/View/manage_consultancy.php on line 240
[12-Jan-2023 12:51:11 Asia/Kolkata] PHP Notice:  Undefined index: sub_process in /var/www/html/erpm/View/manage_consultancy.php on line 240
[12-Jan-2023 12:51:11 Asia/Kolkata] PHP Notice:  Undefined index: cm_id in /var/www/html/erpm/View/manage_consultancy.php on line 240
[12-Jan-2023 12:51:11 Asia/Kolkata] PHP Notice:  Undefined index: Client_info in /var/www/html/erpm/View/manage_consultancy.php on line 240
[12-Jan-2023 12:51:11 Asia/Kolkata] PHP Notice:  Undefined index: cm_id in /var/www/html/erpm/View/manage_consultancy.php on line 235
[12-Jan-2023 12:51:11 Asia/Kolkata] PHP Notice:  Undefined index: client_id in /var/www/html/erpm/View/manage_consultancy.php on line 240
[12-Jan-2023 12:51:11 Asia/Kolkata] PHP Notice:  Undefined index: sub_process in /var/www/html/erpm/View/manage_consultancy.php on line 240
[12-Jan-2023 12:51:11 Asia/Kolkata] PHP Notice:  Undefined index: cm_id in /var/www/html/erpm/View/manage_consultancy.php on line 240
[12-Jan-2023 12:51:11 Asia/Kolkata] PHP Notice:  Undefined index: Client_info in /var/www/html/erpm/View/manage_consultancy.php on line 240
[12-Jan-2023 12:51:11 Asia/Kolkata] PHP Notice:  Undefined index: cm_id in /var/www/html/erpm/View/manage_consultancy.php on line 235
[12-Jan-2023 12:51:11 Asia/Kolkata] PHP Notice:  Undefined index: client_id in /var/www/html/erpm/View/manage_consultancy.php on line 240
[12-Jan-2023 12:51:11 Asia/Kolkata] PHP Notice:  Undefined index: sub_process in /var/www/html/erpm/View/manage_consultancy.php on line 240
[12-Jan-2023 12:51:11 Asia/Kolkata] PHP Notice:  Undefined index: cm_id in /var/www/html/erpm/View/manage_consultancy.php on line 240
[12-Jan-2023 12:51:11 Asia/Kolkata] PHP Notice:  Undefined index: Client_info in /var/www/html/erpm/View/manage_consultancy.php on line 240
[12-Jan-2023 12:51:11 Asia/Kolkata] PHP Notice:  Undefined index: cm_id in /var/www/html/erpm/View/manage_consultancy.php on line 235
[12-Jan-2023 12:51:11 Asia/Kolkata] PHP Notice:  Undefined index: client_id in /var/www/html/erpm/View/manage_consultancy.php on line 240
[12-Jan-2023 12:51:11 Asia/Kolkata] PHP Notice:  Undefined index: sub_process in /var/www/html/erpm/View/manage_consultancy.php on line 240
[12-Jan-2023 12:51:11 Asia/Kolkata] PHP Notice:  Undefined index: cm_id in /var/www/html/erpm/View/manage_consultancy.php on line 240
[12-Jan-2023 12:51:11 Asia/Kolkata] PHP Notice:  Undefined index: Client_info in /var/www/html/erpm/View/manage_consultancy.php on line 240
[12-Jan-2023 12:51:11 Asia/Kolkata] PHP Notice:  Undefined index: cm_id in /var/www/html/erpm/View/manage_consultancy.php on line 235
[12-Jan-2023 12:51:11 Asia/Kolkata] PHP Notice:  Undefined index: client_id in /var/www/html/erpm/View/manage_consultancy.php on line 240
[12-Jan-2023 12:51:11 Asia/Kolkata] PHP Notice:  Undefined index: sub_process in /var/www/html/erpm/View/manage_consultancy.php on line 240
[12-Jan-2023 12:51:11 Asia/Kolkata] PHP Notice:  Undefined index: cm_id in /var/www/html/erpm/View/manage_consultancy.php on line 240
[12-Jan-2023 12:51:11 Asia/Kolkata] PHP Notice:  Undefined index: Client_info in /var/www/html/erpm/View/manage_consultancy.php on line 240
[12-Jan-2023 12:51:11 Asia/Kolkata] PHP Notice:  Undefined index: cm_id in /var/www/html/erpm/View/manage_consultancy.php on line 235
[12-Jan-2023 12:51:11 Asia/Kolkata] PHP Notice:  Undefined index: client_id in /var/www/html/erpm/View/manage_consultancy.php on line 240
[12-Jan-2023 12:51:11 Asia/Kolkata] PHP Notice:  Undefined index: sub_process in /var/www/html/erpm/View/manage_consultancy.php on line 240
[12-Jan-2023 12:51:11 Asia/Kolkata] PHP Notice:  Undefined index: cm_id in /var/www/html/erpm/View/manage_consultancy.php on line 240
[12-Jan-2023 12:51:11 Asia/Kolkata] PHP Notice:  Undefined index: Client_info in /var/www/html/erpm/View/manage_consultancy.php on line 240
[12-Jan-2023 12:51:11 Asia/Kolkata] PHP Notice:  Undefined index: cm_id in /var/www/html/erpm/View/manage_consultancy.php on line 235
[12-Jan-2023 12:51:11 Asia/Kolkata] PHP Notice:  Undefined index: client_id in /var/www/html/erpm/View/manage_consultancy.php on line 240
[12-Jan-2023 12:51:11 Asia/Kolkata] PHP Notice:  Undefined index: sub_process in /var/www/html/erpm/View/manage_consultancy.php on line 240
[12-Jan-2023 12:51:11 Asia/Kolkata] PHP Notice:  Undefined index: cm_id in /var/www/html/erpm/View/manage_consultancy.php on line 240
[12-Jan-2023 12:51:11 Asia/Kolkata] PHP Notice:  Undefined index: Client_info in /var/www/html/erpm/View/manage_consultancy.php on line 240
[12-Jan-2023 12:51:11 Asia/Kolkata] PHP Notice:  Undefined index: cm_id in /var/www/html/erpm/View/manage_consultancy.php on line 235
[12-Jan-2023 12:51:11 Asia/Kolkata] PHP Notice:  Undefined index: client_id in /var/www/html/erpm/View/manage_consultancy.php on line 240
[12-Jan-2023 12:51:11 Asia/Kolkata] PHP Notice:  Undefined index: sub_process in /var/www/html/erpm/View/manage_consultancy.php on line 240
[12-Jan-2023 12:51:11 Asia/Kolkata] PHP Notice:  Undefined index: cm_id in /var/www/html/erpm/View/manage_consultancy.php on line 240
[12-Jan-2023 12:51:11 Asia/Kolkata] PHP Notice:  Undefined index: Client_info in /var/www/html/erpm/View/manage_consultancy.php on line 240
[12-Jan-2023 12:51:16 Asia/Kolkata] PHP Notice:  Undefined index: cm_id in /var/www/html/erpm/View/manage_consultancy.php on line 235
[12-Jan-2023 12:51:16 Asia/Kolkata] PHP Notice:  Undefined index: client_id in /var/www/html/erpm/View/manage_consultancy.php on line 240
[12-Jan-2023 12:51:16 Asia/Kolkata] PHP Notice:  Undefined index: sub_process in /var/www/html/erpm/View/manage_consultancy.php on line 240
[12-Jan-2023 12:51:16 Asia/Kolkata] PHP Notice:  Undefined index: cm_id in /var/www/html/erpm/View/manage_consultancy.php on line 240
[12-Jan-2023 12:51:16 Asia/Kolkata] PHP Notice:  Undefined index: Client_info in /var/www/html/erpm/View/manage_consultancy.php on line 240
[12-Jan-2023 12:51:16 Asia/Kolkata] PHP Notice:  Undefined index: cm_id in /var/www/html/erpm/View/manage_consultancy.php on line 235
[12-Jan-2023 12:51:16 Asia/Kolkata] PHP Notice:  Undefined index: client_id in /var/www/html/erpm/View/manage_consultancy.php on line 240
[12-Jan-2023 12:51:16 Asia/Kolkata] PHP Notice:  Undefined index: sub_process in /var/www/html/erpm/View/manage_consultancy.php on line 240
[12-Jan-2023 12:51:16 Asia/Kolkata] PHP Notice:  Undefined index: cm_id in /var/www/html/erpm/View/manage_consultancy.php on line 240
[12-Jan-2023 12:51:16 Asia/Kolkata] PHP Notice:  Undefined index: Client_info in /var/www/html/erpm/View/manage_consultancy.php on line 240
[12-Jan-2023 12:51:16 Asia/Kolkata] PHP Notice:  Undefined index: cm_id in /var/www/html/erpm/View/manage_consultancy.php on line 235
[12-Jan-2023 12:51:16 Asia/Kolkata] PHP Notice:  Undefined index: client_id in /var/www/html/erpm/View/manage_consultancy.php on line 240
[12-Jan-2023 12:51:16 Asia/Kolkata] PHP Notice:  Undefined index: sub_process in /var/www/html/erpm/View/manage_consultancy.php on line 240
[12-Jan-2023 12:51:16 Asia/Kolkata] PHP Notice:  Undefined index: cm_id in /var/www/html/erpm/View/manage_consultancy.php on line 240
[12-Jan-2023 12:51:16 Asia/Kolkata] PHP Notice:  Undefined index: Client_info in /var/www/html/erpm/View/manage_consultancy.php on line 240
[12-Jan-2023 12:51:16 Asia/Kolkata] PHP Notice:  Undefined index: cm_id in /var/www/html/erpm/View/manage_consultancy.php on line 235
[12-Jan-2023 12:51:16 Asia/Kolkata] PHP Notice:  Undefined index: client_id in /var/www/html/erpm/View/manage_consultancy.php on line 240
[12-Jan-2023 12:51:16 Asia/Kolkata] PHP Notice:  Undefined index: sub_process in /var/www/html/erpm/View/manage_consultancy.php on line 240
[12-Jan-2023 12:51:16 Asia/Kolkata] PHP Notice:  Undefined index: cm_id in /var/www/html/erpm/View/manage_consultancy.php on line 240
[12-Jan-2023 12:51:16 Asia/Kolkata] PHP Notice:  Undefined index: Client_info in /var/www/html/erpm/View/manage_consultancy.php on line 240
[12-Jan-2023 12:51:16 Asia/Kolkata] PHP Notice:  Undefined index: cm_id in /var/www/html/erpm/View/manage_consultancy.php on line 235
[12-Jan-2023 12:51:16 Asia/Kolkata] PHP Notice:  Undefined index: client_id in /var/www/html/erpm/View/manage_consultancy.php on line 240
[12-Jan-2023 12:51:16 Asia/Kolkata] PHP Notice:  Undefined index: sub_process in /var/www/html/erpm/View/manage_consultancy.php on line 240
[12-Jan-2023 12:51:16 Asia/Kolkata] PHP Notice:  Undefined index: cm_id in /var/www/html/erpm/View/manage_consultancy.php on line 240
[12-Jan-2023 12:51:16 Asia/Kolkata] PHP Notice:  Undefined index: Client_info in /var/www/html/erpm/View/manage_consultancy.php on line 240
[12-Jan-2023 12:51:16 Asia/Kolkata] PHP Notice:  Undefined index: cm_id in /var/www/html/erpm/View/manage_consultancy.php on line 235
[12-Jan-2023 12:51:16 Asia/Kolkata] PHP Notice:  Undefined index: client_id in /var/www/html/erpm/View/manage_consultancy.php on line 240
[12-Jan-2023 12:51:16 Asia/Kolkata] PHP Notice:  Undefined index: sub_process in /var/www/html/erpm/View/manage_consultancy.php on line 240
[12-Jan-2023 12:51:16 Asia/Kolkata] PHP Notice:  Undefined index: cm_id in /var/www/html/erpm/View/manage_consultancy.php on line 240
[12-Jan-2023 12:51:16 Asia/Kolkata] PHP Notice:  Undefined index: Client_info in /var/www/html/erpm/View/manage_consultancy.php on line 240
[12-Jan-2023 12:51:16 Asia/Kolkata] PHP Notice:  Undefined index: cm_id in /var/www/html/erpm/View/manage_consultancy.php on line 235
[12-Jan-2023 12:51:16 Asia/Kolkata] PHP Notice:  Undefined index: client_id in /var/www/html/erpm/View/manage_consultancy.php on line 240
[12-Jan-2023 12:51:16 Asia/Kolkata] PHP Notice:  Undefined index: sub_process in /var/www/html/erpm/View/manage_consultancy.php on line 240
[12-Jan-2023 12:51:16 Asia/Kolkata] PHP Notice:  Undefined index: cm_id in /var/www/html/erpm/View/manage_consultancy.php on line 240
[12-Jan-2023 12:51:16 Asia/Kolkata] PHP Notice:  Undefined index: Client_info in /var/www/html/erpm/View/manage_consultancy.php on line 240
[12-Jan-2023 12:51:16 Asia/Kolkata] PHP Notice:  Undefined index: cm_id in /var/www/html/erpm/View/manage_consultancy.php on line 235
[12-Jan-2023 12:51:16 Asia/Kolkata] PHP Notice:  Undefined index: client_id in /var/www/html/erpm/View/manage_consultancy.php on line 240
[12-Jan-2023 12:51:16 Asia/Kolkata] PHP Notice:  Undefined index: sub_process in /var/www/html/erpm/View/manage_consultancy.php on line 240
[12-Jan-2023 12:51:16 Asia/Kolkata] PHP Notice:  Undefined index: cm_id in /var/www/html/erpm/View/manage_consultancy.php on line 240
[12-Jan-2023 12:51:16 Asia/Kolkata] PHP Notice:  Undefined index: Client_info in /var/www/html/erpm/View/manage_consultancy.php on line 240
[12-Jan-2023 12:51:16 Asia/Kolkata] PHP Notice:  Undefined index: cm_id in /var/www/html/erpm/View/manage_consultancy.php on line 235
[12-Jan-2023 12:51:16 Asia/Kolkata] PHP Notice:  Undefined index: client_id in /var/www/html/erpm/View/manage_consultancy.php on line 240
[12-Jan-2023 12:51:16 Asia/Kolkata] PHP Notice:  Undefined index: sub_process in /var/www/html/erpm/View/manage_consultancy.php on line 240
[12-Jan-2023 12:51:16 Asia/Kolkata] PHP Notice:  Undefined index: cm_id in /var/www/html/erpm/View/manage_consultancy.php on line 240
[12-Jan-2023 12:51:16 Asia/Kolkata] PHP Notice:  Undefined index: Client_info in /var/www/html/erpm/View/manage_consultancy.php on line 240
[12-Jan-2023 12:51:19 Asia/Kolkata] PHP Notice:  Trying to access array offset on value of type null in /var/www/html/erpm/View/index.php on line 346
[12-Jan-2023 12:59:50 Asia/Kolkata] PHP Notice:  Undefined index: cm_id in /var/www/html/erpm/View/manage_consultancy.php on line 235
[12-Jan-2023 12:59:50 Asia/Kolkata] PHP Notice:  Undefined index: client_id in /var/www/html/erpm/View/manage_consultancy.php on line 240
[12-Jan-2023 12:59:50 Asia/Kolkata] PHP Notice:  Undefined index: sub_process in /var/www/html/erpm/View/manage_consultancy.php on line 240
[12-Jan-2023 12:59:50 Asia/Kolkata] PHP Notice:  Undefined index: cm_id in /var/www/html/erpm/View/manage_consultancy.php on line 240
[12-Jan-2023 12:59:50 Asia/Kolkata] PHP Notice:  Undefined index: Client_info in /var/www/html/erpm/View/manage_consultancy.php on line 240
[12-Jan-2023 12:59:50 Asia/Kolkata] PHP Notice:  Undefined index: cm_id in /var/www/html/erpm/View/manage_consultancy.php on line 235
[12-Jan-2023 12:59:50 Asia/Kolkata] PHP Notice:  Undefined index: client_id in /var/www/html/erpm/View/manage_consultancy.php on line 240
[12-Jan-2023 12:59:50 Asia/Kolkata] PHP Notice:  Undefined index: sub_process in /var/www/html/erpm/View/manage_consultancy.php on line 240
[12-Jan-2023 12:59:50 Asia/Kolkata] PHP Notice:  Undefined index: cm_id in /var/www/html/erpm/View/manage_consultancy.php on line 240
[12-Jan-2023 12:59:50 Asia/Kolkata] PHP Notice:  Undefined index: Client_info in /var/www/html/erpm/View/manage_consultancy.php on line 240
[12-Jan-2023 12:59:50 Asia/Kolkata] PHP Notice:  Undefined index: cm_id in /var/www/html/erpm/View/manage_consultancy.php on line 235
[12-Jan-2023 12:59:50 Asia/Kolkata] PHP Notice:  Undefined index: client_id in /var/www/html/erpm/View/manage_consultancy.php on line 240
[12-Jan-2023 12:59:50 Asia/Kolkata] PHP Notice:  Undefined index: sub_process in /var/www/html/erpm/View/manage_consultancy.php on line 240
[12-Jan-2023 12:59:50 Asia/Kolkata] PHP Notice:  Undefined index: cm_id in /var/www/html/erpm/View/manage_consultancy.php on line 240
[12-Jan-2023 12:59:50 Asia/Kolkata] PHP Notice:  Undefined index: Client_info in /var/www/html/erpm/View/manage_consultancy.php on line 240
[12-Jan-2023 12:59:50 Asia/Kolkata] PHP Notice:  Undefined index: cm_id in /var/www/html/erpm/View/manage_consultancy.php on line 235
[12-Jan-2023 12:59:50 Asia/Kolkata] PHP Notice:  Undefined index: client_id in /var/www/html/erpm/View/manage_consultancy.php on line 240
[12-Jan-2023 12:59:50 Asia/Kolkata] PHP Notice:  Undefined index: sub_process in /var/www/html/erpm/View/manage_consultancy.php on line 240
[12-Jan-2023 12:59:50 Asia/Kolkata] PHP Notice:  Undefined index: cm_id in /var/www/html/erpm/View/manage_consultancy.php on line 240
[12-Jan-2023 12:59:50 Asia/Kolkata] PHP Notice:  Undefined index: Client_info in /var/www/html/erpm/View/manage_consultancy.php on line 240
[12-Jan-2023 12:59:50 Asia/Kolkata] PHP Notice:  Undefined index: cm_id in /var/www/html/erpm/View/manage_consultancy.php on line 235
[12-Jan-2023 12:59:50 Asia/Kolkata] PHP Notice:  Undefined index: client_id in /var/www/html/erpm/View/manage_consultancy.php on line 240
[12-Jan-2023 12:59:50 Asia/Kolkata] PHP Notice:  Undefined index: sub_process in /var/www/html/erpm/View/manage_consultancy.php on line 240
[12-Jan-2023 12:59:50 Asia/Kolkata] PHP Notice:  Undefined index: cm_id in /var/www/html/erpm/View/manage_consultancy.php on line 240
[12-Jan-2023 12:59:50 Asia/Kolkata] PHP Notice:  Undefined index: Client_info in /var/www/html/erpm/View/manage_consultancy.php on line 240
[12-Jan-2023 12:59:50 Asia/Kolkata] PHP Notice:  Undefined index: cm_id in /var/www/html/erpm/View/manage_consultancy.php on line 235
[12-Jan-2023 12:59:50 Asia/Kolkata] PHP Notice:  Undefined index: client_id in /var/www/html/erpm/View/manage_consultancy.php on line 240
[12-Jan-2023 12:59:50 Asia/Kolkata] PHP Notice:  Undefined index: sub_process in /var/www/html/erpm/View/manage_consultancy.php on line 240
[12-Jan-2023 12:59:50 Asia/Kolkata] PHP Notice:  Undefined index: cm_id in /var/www/html/erpm/View/manage_consultancy.php on line 240
[12-Jan-2023 12:59:50 Asia/Kolkata] PHP Notice:  Undefined index: Client_info in /var/www/html/erpm/View/manage_consultancy.php on line 240
[12-Jan-2023 12:59:50 Asia/Kolkata] PHP Notice:  Undefined index: cm_id in /var/www/html/erpm/View/manage_consultancy.php on line 235
[12-Jan-2023 12:59:50 Asia/Kolkata] PHP Notice:  Undefined index: client_id in /var/www/html/erpm/View/manage_consultancy.php on line 240
[12-Jan-2023 12:59:50 Asia/Kolkata] PHP Notice:  Undefined index: sub_process in /var/www/html/erpm/View/manage_consultancy.php on line 240
[12-Jan-2023 12:59:50 Asia/Kolkata] PHP Notice:  Undefined index: cm_id in /var/www/html/erpm/View/manage_consultancy.php on line 240
[12-Jan-2023 12:59:50 Asia/Kolkata] PHP Notice:  Undefined index: Client_info in /var/www/html/erpm/View/manage_consultancy.php on line 240
[12-Jan-2023 12:59:50 Asia/Kolkata] PHP Notice:  Undefined index: cm_id in /var/www/html/erpm/View/manage_consultancy.php on line 235
[12-Jan-2023 12:59:50 Asia/Kolkata] PHP Notice:  Undefined index: client_id in /var/www/html/erpm/View/manage_consultancy.php on line 240
[12-Jan-2023 12:59:50 Asia/Kolkata] PHP Notice:  Undefined index: sub_process in /var/www/html/erpm/View/manage_consultancy.php on line 240
[12-Jan-2023 12:59:50 Asia/Kolkata] PHP Notice:  Undefined index: cm_id in /var/www/html/erpm/View/manage_consultancy.php on line 240
[12-Jan-2023 12:59:50 Asia/Kolkata] PHP Notice:  Undefined index: Client_info in /var/www/html/erpm/View/manage_consultancy.php on line 240
[12-Jan-2023 12:59:50 Asia/Kolkata] PHP Notice:  Undefined index: cm_id in /var/www/html/erpm/View/manage_consultancy.php on line 235
[12-Jan-2023 12:59:50 Asia/Kolkata] PHP Notice:  Undefined index: client_id in /var/www/html/erpm/View/manage_consultancy.php on line 240
[12-Jan-2023 12:59:50 Asia/Kolkata] PHP Notice:  Undefined index: sub_process in /var/www/html/erpm/View/manage_consultancy.php on line 240
[12-Jan-2023 12:59:50 Asia/Kolkata] PHP Notice:  Undefined index: cm_id in /var/www/html/erpm/View/manage_consultancy.php on line 240
[12-Jan-2023 12:59:50 Asia/Kolkata] PHP Notice:  Undefined index: Client_info in /var/www/html/erpm/View/manage_consultancy.php on line 240
