[29-Dec-2022 15:01:29 Asia/Kolkata] PHP Notice:  Undefined variable: row in /var/www/html/erpm/View/site_master.php on line 262
[29-Dec-2022 15:01:29 Asia/Kolkata] PHP Notice:  Trying to access array offset on value of type null in /var/www/html/erpm/View/site_master.php on line 262
[29-Dec-2022 15:01:29 Asia/Kolkata] PHP Notice:  Undefined variable: row in /var/www/html/erpm/View/site_master.php on line 264
[29-Dec-2022 15:01:29 Asia/Kolkata] PHP Notice:  Trying to access array offset on value of type null in /var/www/html/erpm/View/site_master.php on line 264
[29-Dec-2022 15:01:29 Asia/Kolkata] PHP Notice:  Undefined variable: row in /var/www/html/erpm/View/site_master.php on line 262
[29-Dec-2022 15:01:29 Asia/Kolkata] PHP Notice:  Trying to access array offset on value of type null in /var/www/html/erpm/View/site_master.php on line 262
[29-Dec-2022 15:01:29 Asia/Kolkata] PHP Notice:  Undefined variable: row in /var/www/html/erpm/View/site_master.php on line 264
[29-Dec-2022 15:01:29 Asia/Kolkata] PHP Notice:  Trying to access array offset on value of type null in /var/www/html/erpm/View/site_master.php on line 264
[29-Dec-2022 15:01:51 Asia/Kolkata] PHP Notice:  Undefined variable: row in /var/www/html/erpm/View/site_master.php on line 262
[29-Dec-2022 15:01:51 Asia/Kolkata] PHP Notice:  Trying to access array offset on value of type null in /var/www/html/erpm/View/site_master.php on line 262
[29-Dec-2022 15:01:51 Asia/Kolkata] PHP Notice:  Undefined variable: row in /var/www/html/erpm/View/site_master.php on line 264
[29-Dec-2022 15:01:51 Asia/Kolkata] PHP Notice:  Trying to access array offset on value of type null in /var/www/html/erpm/View/site_master.php on line 264
[29-Dec-2022 15:01:51 Asia/Kolkata] PHP Notice:  Undefined variable: row in /var/www/html/erpm/View/site_master.php on line 262
[29-Dec-2022 15:01:51 Asia/Kolkata] PHP Notice:  Trying to access array offset on value of type null in /var/www/html/erpm/View/site_master.php on line 262
[29-Dec-2022 15:01:51 Asia/Kolkata] PHP Notice:  Undefined variable: row in /var/www/html/erpm/View/site_master.php on line 264
[29-Dec-2022 15:01:51 Asia/Kolkata] PHP Notice:  Trying to access array offset on value of type null in /var/www/html/erpm/View/site_master.php on line 264
[29-Dec-2022 15:04:57 Asia/Kolkata] PHP Notice:  Undefined index: __user_logid in /var/www/html/erpm/AppCode/nHead.php on line 2
[29-Dec-2022 15:05:00 Asia/Kolkata] PHP Warning:  mysqli_stmt::bind_param(): Number of elements in type definition string doesn't match number of bind variables in /var/www/html/erpm/Controller/ConLog.php on line 464
[29-Dec-2022 15:05:00 Asia/Kolkata] PHP Warning:  Use of undefined constant EMS_CenterName - assumed 'EMS_CenterName' (this will throw an Error in a future version of PHP) in /var/www/html/erpm/Controller/ConLog.php on line 470
[29-Dec-2022 15:05:00 Asia/Kolkata] PHP Warning:  Use of undefined constant EMAIL_HOST - assumed 'EMAIL_HOST' (this will throw an Error in a future version of PHP) in /var/www/html/erpm/Controller/ConLog.php on line 473
[29-Dec-2022 15:05:00 Asia/Kolkata] PHP Warning:  Use of undefined constant EMAIL_AUTH - assumed 'EMAIL_AUTH' (this will throw an Error in a future version of PHP) in /var/www/html/erpm/Controller/ConLog.php on line 474
[29-Dec-2022 15:05:00 Asia/Kolkata] PHP Warning:  Use of undefined constant EMAIL_USER - assumed 'EMAIL_USER' (this will throw an Error in a future version of PHP) in /var/www/html/erpm/Controller/ConLog.php on line 475
[29-Dec-2022 15:05:00 Asia/Kolkata] PHP Warning:  Use of undefined constant EMAIL_PASS - assumed 'EMAIL_PASS' (this will throw an Error in a future version of PHP) in /var/www/html/erpm/Controller/ConLog.php on line 476
[29-Dec-2022 15:05:00 Asia/Kolkata] PHP Warning:  Use of undefined constant EMAIL_SMTPSecure - assumed 'EMAIL_SMTPSecure' (this will throw an Error in a future version of PHP) in /var/www/html/erpm/Controller/ConLog.php on line 477
[29-Dec-2022 15:05:00 Asia/Kolkata] PHP Warning:  Use of undefined constant EMAIL_PORT - assumed 'EMAIL_PORT' (this will throw an Error in a future version of PHP) in /var/www/html/erpm/Controller/ConLog.php on line 478
[29-Dec-2022 15:05:00 Asia/Kolkata] PHP Warning:  Use of undefined constant EMAIL_FROM - assumed 'EMAIL_FROM' (this will throw an Error in a future version of PHP) in /var/www/html/erpm/Controller/ConLog.php on line 479
[29-Dec-2022 15:05:00 Asia/Kolkata] PHP Warning:  Use of undefined constant EMS_CenterName - assumed 'EMS_CenterName' (this will throw an Error in a future version of PHP) in /var/www/html/erpm/Controller/ConLog.php on line 482
[29-Dec-2022 15:05:02 Asia/Kolkata] PHP Notice:  Trying to access array offset on value of type null in /var/www/html/erpm/View/index.php on line 346
[29-Dec-2022 15:10:34 Asia/Kolkata] PHP Notice:  Undefined index: __user_logid in /var/www/html/erpm/AppCode/nHead.php on line 2
[29-Dec-2022 15:10:36 Asia/Kolkata] PHP Warning:  mysqli_stmt::bind_param(): Number of elements in type definition string doesn't match number of bind variables in /var/www/html/erpm/Controller/ConLog.php on line 464
[29-Dec-2022 15:10:36 Asia/Kolkata] PHP Warning:  Use of undefined constant EMS_CenterName - assumed 'EMS_CenterName' (this will throw an Error in a future version of PHP) in /var/www/html/erpm/Controller/ConLog.php on line 470
[29-Dec-2022 15:10:36 Asia/Kolkata] PHP Warning:  Use of undefined constant EMAIL_HOST - assumed 'EMAIL_HOST' (this will throw an Error in a future version of PHP) in /var/www/html/erpm/Controller/ConLog.php on line 473
[29-Dec-2022 15:10:36 Asia/Kolkata] PHP Warning:  Use of undefined constant EMAIL_AUTH - assumed 'EMAIL_AUTH' (this will throw an Error in a future version of PHP) in /var/www/html/erpm/Controller/ConLog.php on line 474
[29-Dec-2022 15:10:36 Asia/Kolkata] PHP Warning:  Use of undefined constant EMAIL_USER - assumed 'EMAIL_USER' (this will throw an Error in a future version of PHP) in /var/www/html/erpm/Controller/ConLog.php on line 475
[29-Dec-2022 15:10:36 Asia/Kolkata] PHP Warning:  Use of undefined constant EMAIL_PASS - assumed 'EMAIL_PASS' (this will throw an Error in a future version of PHP) in /var/www/html/erpm/Controller/ConLog.php on line 476
[29-Dec-2022 15:10:36 Asia/Kolkata] PHP Warning:  Use of undefined constant EMAIL_SMTPSecure - assumed 'EMAIL_SMTPSecure' (this will throw an Error in a future version of PHP) in /var/www/html/erpm/Controller/ConLog.php on line 477
[29-Dec-2022 15:10:36 Asia/Kolkata] PHP Warning:  Use of undefined constant EMAIL_PORT - assumed 'EMAIL_PORT' (this will throw an Error in a future version of PHP) in /var/www/html/erpm/Controller/ConLog.php on line 478
[29-Dec-2022 15:10:36 Asia/Kolkata] PHP Warning:  Use of undefined constant EMAIL_FROM - assumed 'EMAIL_FROM' (this will throw an Error in a future version of PHP) in /var/www/html/erpm/Controller/ConLog.php on line 479
[29-Dec-2022 15:10:36 Asia/Kolkata] PHP Warning:  Use of undefined constant EMS_CenterName - assumed 'EMS_CenterName' (this will throw an Error in a future version of PHP) in /var/www/html/erpm/Controller/ConLog.php on line 482
[29-Dec-2022 15:10:39 Asia/Kolkata] PHP Notice:  Trying to access array offset on value of type null in /var/www/html/erpm/View/index.php on line 346
[29-Dec-2022 15:12:10 Asia/Kolkata] PHP Fatal error:  Uncaught Error: Class 'PHPMailer' not found in /var/www/html/erpm/View/check_issue.php:337
Stack trace:
#0 {main}
  thrown in /var/www/html/erpm/View/check_issue.php on line 337
[29-Dec-2022 15:16:03 Asia/Kolkata] PHP Notice:  Undefined index: __user_logid in /var/www/html/erpm/AppCode/nHead.php on line 2
[29-Dec-2022 15:16:06 Asia/Kolkata] PHP Warning:  mysqli_stmt::bind_param(): Number of elements in type definition string doesn't match number of bind variables in /var/www/html/erpm/Controller/ConLog.php on line 464
[29-Dec-2022 15:16:06 Asia/Kolkata] PHP Warning:  Use of undefined constant EMS_CenterName - assumed 'EMS_CenterName' (this will throw an Error in a future version of PHP) in /var/www/html/erpm/Controller/ConLog.php on line 470
[29-Dec-2022 15:16:06 Asia/Kolkata] PHP Warning:  Use of undefined constant EMAIL_HOST - assumed 'EMAIL_HOST' (this will throw an Error in a future version of PHP) in /var/www/html/erpm/Controller/ConLog.php on line 473
[29-Dec-2022 15:16:06 Asia/Kolkata] PHP Warning:  Use of undefined constant EMAIL_AUTH - assumed 'EMAIL_AUTH' (this will throw an Error in a future version of PHP) in /var/www/html/erpm/Controller/ConLog.php on line 474
[29-Dec-2022 15:16:06 Asia/Kolkata] PHP Warning:  Use of undefined constant EMAIL_USER - assumed 'EMAIL_USER' (this will throw an Error in a future version of PHP) in /var/www/html/erpm/Controller/ConLog.php on line 475
[29-Dec-2022 15:16:06 Asia/Kolkata] PHP Warning:  Use of undefined constant EMAIL_PASS - assumed 'EMAIL_PASS' (this will throw an Error in a future version of PHP) in /var/www/html/erpm/Controller/ConLog.php on line 476
[29-Dec-2022 15:16:06 Asia/Kolkata] PHP Warning:  Use of undefined constant EMAIL_SMTPSecure - assumed 'EMAIL_SMTPSecure' (this will throw an Error in a future version of PHP) in /var/www/html/erpm/Controller/ConLog.php on line 477
[29-Dec-2022 15:16:06 Asia/Kolkata] PHP Warning:  Use of undefined constant EMAIL_PORT - assumed 'EMAIL_PORT' (this will throw an Error in a future version of PHP) in /var/www/html/erpm/Controller/ConLog.php on line 478
[29-Dec-2022 15:16:06 Asia/Kolkata] PHP Warning:  Use of undefined constant EMAIL_FROM - assumed 'EMAIL_FROM' (this will throw an Error in a future version of PHP) in /var/www/html/erpm/Controller/ConLog.php on line 479
[29-Dec-2022 15:16:06 Asia/Kolkata] PHP Warning:  Use of undefined constant EMS_CenterName - assumed 'EMS_CenterName' (this will throw an Error in a future version of PHP) in /var/www/html/erpm/Controller/ConLog.php on line 482
[29-Dec-2022 15:16:07 Asia/Kolkata] PHP Notice:  Trying to access array offset on value of type null in /var/www/html/erpm/View/index.php on line 346
[29-Dec-2022 15:18:02 Asia/Kolkata] PHP Notice:  Undefined index: __user_logid in /var/www/html/erpm/AppCode/nHead.php on line 2
[29-Dec-2022 15:18:10 Asia/Kolkata] PHP Warning:  mysqli_stmt::bind_param(): Number of elements in type definition string doesn't match number of bind variables in /var/www/html/erpm/Controller/ConLog.php on line 464
[29-Dec-2022 15:18:11 Asia/Kolkata] PHP Notice:  Trying to access array offset on value of type null in /var/www/html/erpm/View/index.php on line 346
[29-Dec-2022 15:18:15 Asia/Kolkata] PHP Notice:  Undefined variable: row in /var/www/html/erpm/View/site_master.php on line 262
[29-Dec-2022 15:18:15 Asia/Kolkata] PHP Notice:  Trying to access array offset on value of type null in /var/www/html/erpm/View/site_master.php on line 262
[29-Dec-2022 15:18:15 Asia/Kolkata] PHP Notice:  Undefined variable: row in /var/www/html/erpm/View/site_master.php on line 264
[29-Dec-2022 15:18:15 Asia/Kolkata] PHP Notice:  Trying to access array offset on value of type null in /var/www/html/erpm/View/site_master.php on line 264
[29-Dec-2022 15:18:15 Asia/Kolkata] PHP Notice:  Undefined variable: row in /var/www/html/erpm/View/site_master.php on line 262
[29-Dec-2022 15:18:15 Asia/Kolkata] PHP Notice:  Trying to access array offset on value of type null in /var/www/html/erpm/View/site_master.php on line 262
[29-Dec-2022 15:18:15 Asia/Kolkata] PHP Notice:  Undefined variable: row in /var/www/html/erpm/View/site_master.php on line 264
[29-Dec-2022 15:18:15 Asia/Kolkata] PHP Notice:  Trying to access array offset on value of type null in /var/www/html/erpm/View/site_master.php on line 264
[29-Dec-2022 15:19:45 Asia/Kolkata] PHP Notice:  Undefined variable: row in /var/www/html/erpm/View/site_master.php on line 262
[29-Dec-2022 15:19:45 Asia/Kolkata] PHP Notice:  Trying to access array offset on value of type null in /var/www/html/erpm/View/site_master.php on line 262
[29-Dec-2022 15:19:45 Asia/Kolkata] PHP Notice:  Undefined variable: row in /var/www/html/erpm/View/site_master.php on line 264
[29-Dec-2022 15:19:45 Asia/Kolkata] PHP Notice:  Trying to access array offset on value of type null in /var/www/html/erpm/View/site_master.php on line 264
[29-Dec-2022 15:19:45 Asia/Kolkata] PHP Notice:  Undefined variable: row in /var/www/html/erpm/View/site_master.php on line 262
[29-Dec-2022 15:19:45 Asia/Kolkata] PHP Notice:  Trying to access array offset on value of type null in /var/www/html/erpm/View/site_master.php on line 262
[29-Dec-2022 15:19:45 Asia/Kolkata] PHP Notice:  Undefined variable: row in /var/www/html/erpm/View/site_master.php on line 264
[29-Dec-2022 15:19:45 Asia/Kolkata] PHP Notice:  Trying to access array offset on value of type null in /var/www/html/erpm/View/site_master.php on line 264
[29-Dec-2022 15:21:47 Asia/Kolkata] PHP Notice:  Undefined variable: row in /var/www/html/erpm/View/site_master.php on line 262
[29-Dec-2022 15:21:47 Asia/Kolkata] PHP Notice:  Trying to access array offset on value of type null in /var/www/html/erpm/View/site_master.php on line 262
[29-Dec-2022 15:21:47 Asia/Kolkata] PHP Notice:  Undefined variable: row in /var/www/html/erpm/View/site_master.php on line 264
[29-Dec-2022 15:21:47 Asia/Kolkata] PHP Notice:  Trying to access array offset on value of type null in /var/www/html/erpm/View/site_master.php on line 264
[29-Dec-2022 15:21:47 Asia/Kolkata] PHP Notice:  Undefined variable: row in /var/www/html/erpm/View/site_master.php on line 262
[29-Dec-2022 15:21:47 Asia/Kolkata] PHP Notice:  Trying to access array offset on value of type null in /var/www/html/erpm/View/site_master.php on line 262
[29-Dec-2022 15:21:47 Asia/Kolkata] PHP Notice:  Undefined variable: row in /var/www/html/erpm/View/site_master.php on line 264
[29-Dec-2022 15:21:47 Asia/Kolkata] PHP Notice:  Trying to access array offset on value of type null in /var/www/html/erpm/View/site_master.php on line 264
[29-Dec-2022 15:21:50 Asia/Kolkata] PHP Notice:  Undefined variable: value in /var/www/html/erpm/Controller/site_seat_controller.php on line 30
[29-Dec-2022 15:21:50 Asia/Kolkata] PHP Notice:  Trying to access array offset on value of type null in /var/www/html/erpm/Controller/site_seat_controller.php on line 30
[29-Dec-2022 15:21:50 Asia/Kolkata] PHP Notice:  Undefined variable: i in /var/www/html/erpm/Controller/site_seat_controller.php on line 31
[29-Dec-2022 15:21:50 Asia/Kolkata] PHP Notice:  Undefined variable: value in /var/www/html/erpm/Controller/site_seat_controller.php on line 32
[29-Dec-2022 15:21:50 Asia/Kolkata] PHP Notice:  Trying to access array offset on value of type null in /var/www/html/erpm/Controller/site_seat_controller.php on line 32
[29-Dec-2022 15:21:50 Asia/Kolkata] PHP Notice:  Undefined variable: value in /var/www/html/erpm/Controller/site_seat_controller.php on line 33
[29-Dec-2022 15:21:50 Asia/Kolkata] PHP Notice:  Trying to access array offset on value of type null in /var/www/html/erpm/Controller/site_seat_controller.php on line 33
[29-Dec-2022 15:21:50 Asia/Kolkata] PHP Notice:  Undefined variable: value in /var/www/html/erpm/Controller/site_seat_controller.php on line 34
[29-Dec-2022 15:21:50 Asia/Kolkata] PHP Notice:  Trying to access array offset on value of type null in /var/www/html/erpm/Controller/site_seat_controller.php on line 34
[29-Dec-2022 15:21:50 Asia/Kolkata] PHP Notice:  Undefined variable: value in /var/www/html/erpm/Controller/site_seat_controller.php on line 35
[29-Dec-2022 15:21:50 Asia/Kolkata] PHP Notice:  Trying to access array offset on value of type null in /var/www/html/erpm/Controller/site_seat_controller.php on line 35
[29-Dec-2022 15:21:50 Asia/Kolkata] PHP Notice:  Undefined variable: value in /var/www/html/erpm/Controller/site_seat_controller.php on line 37
[29-Dec-2022 15:21:50 Asia/Kolkata] PHP Notice:  Trying to access array offset on value of type null in /var/www/html/erpm/Controller/site_seat_controller.php on line 37
[29-Dec-2022 15:21:50 Asia/Kolkata] PHP Notice:  Undefined variable: value in /var/www/html/erpm/Controller/site_seat_controller.php on line 37
[29-Dec-2022 15:21:50 Asia/Kolkata] PHP Notice:  Trying to access array offset on value of type null in /var/www/html/erpm/Controller/site_seat_controller.php on line 37
[29-Dec-2022 15:21:50 Asia/Kolkata] PHP Notice:  Undefined variable: value in /var/www/html/erpm/Controller/site_seat_controller.php on line 37
[29-Dec-2022 15:21:50 Asia/Kolkata] PHP Notice:  Trying to access array offset on value of type null in /var/www/html/erpm/Controller/site_seat_controller.php on line 37
[29-Dec-2022 15:21:50 Asia/Kolkata] PHP Notice:  Undefined variable: value in /var/www/html/erpm/Controller/site_seat_controller.php on line 37
[29-Dec-2022 15:21:50 Asia/Kolkata] PHP Notice:  Trying to access array offset on value of type null in /var/www/html/erpm/Controller/site_seat_controller.php on line 37
[29-Dec-2022 15:21:50 Asia/Kolkata] PHP Notice:  Undefined variable: value in /var/www/html/erpm/Controller/site_seat_controller.php on line 37
[29-Dec-2022 15:21:50 Asia/Kolkata] PHP Notice:  Trying to access array offset on value of type null in /var/www/html/erpm/Controller/site_seat_controller.php on line 37
[29-Dec-2022 15:21:50 Asia/Kolkata] PHP Notice:  Undefined variable: value in /var/www/html/erpm/Controller/site_seat_controller.php on line 37
[29-Dec-2022 15:21:50 Asia/Kolkata] PHP Notice:  Trying to access array offset on value of type null in /var/www/html/erpm/Controller/site_seat_controller.php on line 37
[29-Dec-2022 15:22:33 Asia/Kolkata] PHP Notice:  Undefined variable: row in /var/www/html/erpm/View/site_master.php on line 262
[29-Dec-2022 15:22:33 Asia/Kolkata] PHP Notice:  Trying to access array offset on value of type null in /var/www/html/erpm/View/site_master.php on line 262
[29-Dec-2022 15:22:33 Asia/Kolkata] PHP Notice:  Undefined variable: row in /var/www/html/erpm/View/site_master.php on line 264
[29-Dec-2022 15:22:33 Asia/Kolkata] PHP Notice:  Trying to access array offset on value of type null in /var/www/html/erpm/View/site_master.php on line 264
[29-Dec-2022 15:22:33 Asia/Kolkata] PHP Notice:  Undefined variable: row in /var/www/html/erpm/View/site_master.php on line 262
[29-Dec-2022 15:22:33 Asia/Kolkata] PHP Notice:  Trying to access array offset on value of type null in /var/www/html/erpm/View/site_master.php on line 262
[29-Dec-2022 15:22:33 Asia/Kolkata] PHP Notice:  Undefined variable: row in /var/www/html/erpm/View/site_master.php on line 264
[29-Dec-2022 15:22:33 Asia/Kolkata] PHP Notice:  Trying to access array offset on value of type null in /var/www/html/erpm/View/site_master.php on line 264
[29-Dec-2022 15:22:35 Asia/Kolkata] PHP Notice:  Undefined variable: value in /var/www/html/erpm/Controller/site_seat_controller.php on line 31
[29-Dec-2022 15:22:35 Asia/Kolkata] PHP Notice:  Trying to access array offset on value of type null in /var/www/html/erpm/Controller/site_seat_controller.php on line 31
[29-Dec-2022 15:22:35 Asia/Kolkata] PHP Notice:  Undefined variable: value in /var/www/html/erpm/Controller/site_seat_controller.php on line 33
[29-Dec-2022 15:22:35 Asia/Kolkata] PHP Notice:  Trying to access array offset on value of type null in /var/www/html/erpm/Controller/site_seat_controller.php on line 33
[29-Dec-2022 15:22:35 Asia/Kolkata] PHP Notice:  Undefined variable: value in /var/www/html/erpm/Controller/site_seat_controller.php on line 34
[29-Dec-2022 15:22:35 Asia/Kolkata] PHP Notice:  Trying to access array offset on value of type null in /var/www/html/erpm/Controller/site_seat_controller.php on line 34
[29-Dec-2022 15:22:35 Asia/Kolkata] PHP Notice:  Undefined variable: value in /var/www/html/erpm/Controller/site_seat_controller.php on line 35
[29-Dec-2022 15:22:35 Asia/Kolkata] PHP Notice:  Trying to access array offset on value of type null in /var/www/html/erpm/Controller/site_seat_controller.php on line 35
[29-Dec-2022 15:22:35 Asia/Kolkata] PHP Notice:  Undefined variable: value in /var/www/html/erpm/Controller/site_seat_controller.php on line 36
[29-Dec-2022 15:22:35 Asia/Kolkata] PHP Notice:  Trying to access array offset on value of type null in /var/www/html/erpm/Controller/site_seat_controller.php on line 36
[29-Dec-2022 15:22:35 Asia/Kolkata] PHP Notice:  Undefined variable: value in /var/www/html/erpm/Controller/site_seat_controller.php on line 38
[29-Dec-2022 15:22:35 Asia/Kolkata] PHP Notice:  Trying to access array offset on value of type null in /var/www/html/erpm/Controller/site_seat_controller.php on line 38
[29-Dec-2022 15:22:35 Asia/Kolkata] PHP Notice:  Undefined variable: value in /var/www/html/erpm/Controller/site_seat_controller.php on line 38
[29-Dec-2022 15:22:35 Asia/Kolkata] PHP Notice:  Trying to access array offset on value of type null in /var/www/html/erpm/Controller/site_seat_controller.php on line 38
[29-Dec-2022 15:22:35 Asia/Kolkata] PHP Notice:  Undefined variable: value in /var/www/html/erpm/Controller/site_seat_controller.php on line 38
[29-Dec-2022 15:22:35 Asia/Kolkata] PHP Notice:  Trying to access array offset on value of type null in /var/www/html/erpm/Controller/site_seat_controller.php on line 38
[29-Dec-2022 15:22:35 Asia/Kolkata] PHP Notice:  Undefined variable: value in /var/www/html/erpm/Controller/site_seat_controller.php on line 38
[29-Dec-2022 15:22:35 Asia/Kolkata] PHP Notice:  Trying to access array offset on value of type null in /var/www/html/erpm/Controller/site_seat_controller.php on line 38
[29-Dec-2022 15:22:35 Asia/Kolkata] PHP Notice:  Undefined variable: value in /var/www/html/erpm/Controller/site_seat_controller.php on line 38
[29-Dec-2022 15:22:35 Asia/Kolkata] PHP Notice:  Trying to access array offset on value of type null in /var/www/html/erpm/Controller/site_seat_controller.php on line 38
[29-Dec-2022 15:22:35 Asia/Kolkata] PHP Notice:  Undefined variable: value in /var/www/html/erpm/Controller/site_seat_controller.php on line 38
[29-Dec-2022 15:22:35 Asia/Kolkata] PHP Notice:  Trying to access array offset on value of type null in /var/www/html/erpm/Controller/site_seat_controller.php on line 38
[29-Dec-2022 15:22:36 Asia/Kolkata] PHP Notice:  Undefined index: __user_logid in /var/www/html/erpm/AppCode/nHead.php on line 2
[29-Dec-2022 15:22:40 Asia/Kolkata] PHP Warning:  mysqli_stmt::bind_param(): Number of elements in type definition string doesn't match number of bind variables in /var/www/html/erpm/Controller/ConLog.php on line 464
[29-Dec-2022 15:22:40 Asia/Kolkata] PHP Warning:  Use of undefined constant EMS_CenterName - assumed 'EMS_CenterName' (this will throw an Error in a future version of PHP) in /var/www/html/erpm/Controller/ConLog.php on line 470
[29-Dec-2022 15:22:40 Asia/Kolkata] PHP Warning:  Use of undefined constant EMAIL_HOST - assumed 'EMAIL_HOST' (this will throw an Error in a future version of PHP) in /var/www/html/erpm/Controller/ConLog.php on line 473
[29-Dec-2022 15:22:40 Asia/Kolkata] PHP Warning:  Use of undefined constant EMAIL_AUTH - assumed 'EMAIL_AUTH' (this will throw an Error in a future version of PHP) in /var/www/html/erpm/Controller/ConLog.php on line 474
[29-Dec-2022 15:22:40 Asia/Kolkata] PHP Warning:  Use of undefined constant EMAIL_USER - assumed 'EMAIL_USER' (this will throw an Error in a future version of PHP) in /var/www/html/erpm/Controller/ConLog.php on line 475
[29-Dec-2022 15:22:40 Asia/Kolkata] PHP Warning:  Use of undefined constant EMAIL_PASS - assumed 'EMAIL_PASS' (this will throw an Error in a future version of PHP) in /var/www/html/erpm/Controller/ConLog.php on line 476
[29-Dec-2022 15:22:40 Asia/Kolkata] PHP Warning:  Use of undefined constant EMAIL_SMTPSecure - assumed 'EMAIL_SMTPSecure' (this will throw an Error in a future version of PHP) in /var/www/html/erpm/Controller/ConLog.php on line 477
[29-Dec-2022 15:22:40 Asia/Kolkata] PHP Warning:  Use of undefined constant EMAIL_PORT - assumed 'EMAIL_PORT' (this will throw an Error in a future version of PHP) in /var/www/html/erpm/Controller/ConLog.php on line 478
[29-Dec-2022 15:22:40 Asia/Kolkata] PHP Warning:  Use of undefined constant EMAIL_FROM - assumed 'EMAIL_FROM' (this will throw an Error in a future version of PHP) in /var/www/html/erpm/Controller/ConLog.php on line 479
[29-Dec-2022 15:22:40 Asia/Kolkata] PHP Warning:  Use of undefined constant EMS_CenterName - assumed 'EMS_CenterName' (this will throw an Error in a future version of PHP) in /var/www/html/erpm/Controller/ConLog.php on line 482
[29-Dec-2022 15:22:42 Asia/Kolkata] PHP Notice:  Trying to access array offset on value of type null in /var/www/html/erpm/View/index.php on line 346
[29-Dec-2022 15:24:01 Asia/Kolkata] PHP Notice:  Undefined index: __user_logid in /var/www/html/erpm/AppCode/nHead.php on line 2
[29-Dec-2022 15:24:03 Asia/Kolkata] PHP Warning:  mysqli_stmt::bind_param(): Number of elements in type definition string doesn't match number of bind variables in /var/www/html/erpm/Controller/ConLog.php on line 464
[29-Dec-2022 15:24:03 Asia/Kolkata] PHP Notice:  Trying to access array offset on value of type null in /var/www/html/erpm/View/index.php on line 346
[29-Dec-2022 15:24:07 Asia/Kolkata] PHP Notice:  Undefined variable: row in /var/www/html/erpm/View/site_master.php on line 262
[29-Dec-2022 15:24:07 Asia/Kolkata] PHP Notice:  Trying to access array offset on value of type null in /var/www/html/erpm/View/site_master.php on line 262
[29-Dec-2022 15:24:07 Asia/Kolkata] PHP Notice:  Undefined variable: row in /var/www/html/erpm/View/site_master.php on line 264
[29-Dec-2022 15:24:07 Asia/Kolkata] PHP Notice:  Trying to access array offset on value of type null in /var/www/html/erpm/View/site_master.php on line 264
[29-Dec-2022 15:24:07 Asia/Kolkata] PHP Notice:  Undefined variable: row in /var/www/html/erpm/View/site_master.php on line 262
[29-Dec-2022 15:24:07 Asia/Kolkata] PHP Notice:  Trying to access array offset on value of type null in /var/www/html/erpm/View/site_master.php on line 262
[29-Dec-2022 15:24:07 Asia/Kolkata] PHP Notice:  Undefined variable: row in /var/www/html/erpm/View/site_master.php on line 264
[29-Dec-2022 15:24:07 Asia/Kolkata] PHP Notice:  Trying to access array offset on value of type null in /var/www/html/erpm/View/site_master.php on line 264
[29-Dec-2022 15:24:23 Asia/Kolkata] PHP Notice:  Undefined variable: row in /var/www/html/erpm/View/site_master.php on line 262
[29-Dec-2022 15:24:23 Asia/Kolkata] PHP Notice:  Trying to access array offset on value of type null in /var/www/html/erpm/View/site_master.php on line 262
[29-Dec-2022 15:24:23 Asia/Kolkata] PHP Notice:  Undefined variable: row in /var/www/html/erpm/View/site_master.php on line 264
[29-Dec-2022 15:24:23 Asia/Kolkata] PHP Notice:  Trying to access array offset on value of type null in /var/www/html/erpm/View/site_master.php on line 264
[29-Dec-2022 15:24:23 Asia/Kolkata] PHP Notice:  Undefined variable: row in /var/www/html/erpm/View/site_master.php on line 262
[29-Dec-2022 15:24:23 Asia/Kolkata] PHP Notice:  Trying to access array offset on value of type null in /var/www/html/erpm/View/site_master.php on line 262
[29-Dec-2022 15:24:23 Asia/Kolkata] PHP Notice:  Undefined variable: row in /var/www/html/erpm/View/site_master.php on line 264
[29-Dec-2022 15:24:23 Asia/Kolkata] PHP Notice:  Trying to access array offset on value of type null in /var/www/html/erpm/View/site_master.php on line 264
[29-Dec-2022 15:24:39 Asia/Kolkata] PHP Notice:  Undefined variable: row in /var/www/html/erpm/View/site_master.php on line 262
[29-Dec-2022 15:24:39 Asia/Kolkata] PHP Notice:  Trying to access array offset on value of type null in /var/www/html/erpm/View/site_master.php on line 262
[29-Dec-2022 15:24:39 Asia/Kolkata] PHP Notice:  Undefined variable: row in /var/www/html/erpm/View/site_master.php on line 264
[29-Dec-2022 15:24:39 Asia/Kolkata] PHP Notice:  Trying to access array offset on value of type null in /var/www/html/erpm/View/site_master.php on line 264
[29-Dec-2022 15:24:39 Asia/Kolkata] PHP Notice:  Undefined variable: row in /var/www/html/erpm/View/site_master.php on line 262
[29-Dec-2022 15:24:39 Asia/Kolkata] PHP Notice:  Trying to access array offset on value of type null in /var/www/html/erpm/View/site_master.php on line 262
[29-Dec-2022 15:24:39 Asia/Kolkata] PHP Notice:  Undefined variable: row in /var/www/html/erpm/View/site_master.php on line 264
[29-Dec-2022 15:24:39 Asia/Kolkata] PHP Notice:  Trying to access array offset on value of type null in /var/www/html/erpm/View/site_master.php on line 264
[29-Dec-2022 15:27:08 Asia/Kolkata] PHP Notice:  Undefined variable: row in /var/www/html/erpm/View/site_master.php on line 262
[29-Dec-2022 15:27:08 Asia/Kolkata] PHP Notice:  Trying to access array offset on value of type null in /var/www/html/erpm/View/site_master.php on line 262
[29-Dec-2022 15:27:08 Asia/Kolkata] PHP Notice:  Undefined variable: row in /var/www/html/erpm/View/site_master.php on line 264
[29-Dec-2022 15:27:08 Asia/Kolkata] PHP Notice:  Trying to access array offset on value of type null in /var/www/html/erpm/View/site_master.php on line 264
[29-Dec-2022 15:27:08 Asia/Kolkata] PHP Notice:  Undefined variable: row in /var/www/html/erpm/View/site_master.php on line 262
[29-Dec-2022 15:27:08 Asia/Kolkata] PHP Notice:  Trying to access array offset on value of type null in /var/www/html/erpm/View/site_master.php on line 262
[29-Dec-2022 15:27:08 Asia/Kolkata] PHP Notice:  Undefined variable: row in /var/www/html/erpm/View/site_master.php on line 264
[29-Dec-2022 15:27:08 Asia/Kolkata] PHP Notice:  Trying to access array offset on value of type null in /var/www/html/erpm/View/site_master.php on line 264
[29-Dec-2022 15:27:19 Asia/Kolkata] PHP Notice:  Undefined variable: row in /var/www/html/erpm/View/site_master.php on line 262
[29-Dec-2022 15:27:19 Asia/Kolkata] PHP Notice:  Trying to access array offset on value of type null in /var/www/html/erpm/View/site_master.php on line 262
[29-Dec-2022 15:27:19 Asia/Kolkata] PHP Notice:  Undefined variable: row in /var/www/html/erpm/View/site_master.php on line 264
[29-Dec-2022 15:27:19 Asia/Kolkata] PHP Notice:  Trying to access array offset on value of type null in /var/www/html/erpm/View/site_master.php on line 264
[29-Dec-2022 15:27:19 Asia/Kolkata] PHP Notice:  Undefined variable: row in /var/www/html/erpm/View/site_master.php on line 262
[29-Dec-2022 15:27:19 Asia/Kolkata] PHP Notice:  Trying to access array offset on value of type null in /var/www/html/erpm/View/site_master.php on line 262
[29-Dec-2022 15:27:19 Asia/Kolkata] PHP Notice:  Undefined variable: row in /var/www/html/erpm/View/site_master.php on line 264
[29-Dec-2022 15:27:19 Asia/Kolkata] PHP Notice:  Trying to access array offset on value of type null in /var/www/html/erpm/View/site_master.php on line 264
[29-Dec-2022 15:28:00 Asia/Kolkata] PHP Notice:  Undefined variable: row in /var/www/html/erpm/View/site_master.php on line 262
[29-Dec-2022 15:28:00 Asia/Kolkata] PHP Notice:  Trying to access array offset on value of type null in /var/www/html/erpm/View/site_master.php on line 262
[29-Dec-2022 15:28:00 Asia/Kolkata] PHP Notice:  Undefined variable: row in /var/www/html/erpm/View/site_master.php on line 264
[29-Dec-2022 15:28:00 Asia/Kolkata] PHP Notice:  Trying to access array offset on value of type null in /var/www/html/erpm/View/site_master.php on line 264
[29-Dec-2022 15:28:00 Asia/Kolkata] PHP Notice:  Undefined variable: row in /var/www/html/erpm/View/site_master.php on line 262
[29-Dec-2022 15:28:00 Asia/Kolkata] PHP Notice:  Trying to access array offset on value of type null in /var/www/html/erpm/View/site_master.php on line 262
[29-Dec-2022 15:28:00 Asia/Kolkata] PHP Notice:  Undefined variable: row in /var/www/html/erpm/View/site_master.php on line 264
[29-Dec-2022 15:28:00 Asia/Kolkata] PHP Notice:  Trying to access array offset on value of type null in /var/www/html/erpm/View/site_master.php on line 264
[29-Dec-2022 15:28:08 Asia/Kolkata] PHP Notice:  Undefined variable: row in /var/www/html/erpm/View/site_master.php on line 262
[29-Dec-2022 15:28:08 Asia/Kolkata] PHP Notice:  Trying to access array offset on value of type null in /var/www/html/erpm/View/site_master.php on line 262
[29-Dec-2022 15:28:08 Asia/Kolkata] PHP Notice:  Undefined variable: row in /var/www/html/erpm/View/site_master.php on line 264
[29-Dec-2022 15:28:08 Asia/Kolkata] PHP Notice:  Trying to access array offset on value of type null in /var/www/html/erpm/View/site_master.php on line 264
[29-Dec-2022 15:28:08 Asia/Kolkata] PHP Notice:  Undefined variable: row in /var/www/html/erpm/View/site_master.php on line 262
[29-Dec-2022 15:28:08 Asia/Kolkata] PHP Notice:  Trying to access array offset on value of type null in /var/www/html/erpm/View/site_master.php on line 262
[29-Dec-2022 15:28:08 Asia/Kolkata] PHP Notice:  Undefined variable: row in /var/www/html/erpm/View/site_master.php on line 264
[29-Dec-2022 15:28:08 Asia/Kolkata] PHP Notice:  Trying to access array offset on value of type null in /var/www/html/erpm/View/site_master.php on line 264
[29-Dec-2022 15:28:41 Asia/Kolkata] PHP Notice:  Undefined index: __user_logid in /var/www/html/erpm/AppCode/nHead.php on line 2
[29-Dec-2022 15:28:43 Asia/Kolkata] PHP Warning:  mysqli_stmt::bind_param(): Number of elements in type definition string doesn't match number of bind variables in /var/www/html/erpm/Controller/ConLog.php on line 464
[29-Dec-2022 15:28:43 Asia/Kolkata] PHP Warning:  Use of undefined constant EMS_CenterName - assumed 'EMS_CenterName' (this will throw an Error in a future version of PHP) in /var/www/html/erpm/Controller/ConLog.php on line 470
[29-Dec-2022 15:28:43 Asia/Kolkata] PHP Warning:  Use of undefined constant EMAIL_HOST - assumed 'EMAIL_HOST' (this will throw an Error in a future version of PHP) in /var/www/html/erpm/Controller/ConLog.php on line 473
[29-Dec-2022 15:28:43 Asia/Kolkata] PHP Warning:  Use of undefined constant EMAIL_AUTH - assumed 'EMAIL_AUTH' (this will throw an Error in a future version of PHP) in /var/www/html/erpm/Controller/ConLog.php on line 474
[29-Dec-2022 15:28:43 Asia/Kolkata] PHP Warning:  Use of undefined constant EMAIL_USER - assumed 'EMAIL_USER' (this will throw an Error in a future version of PHP) in /var/www/html/erpm/Controller/ConLog.php on line 475
[29-Dec-2022 15:28:43 Asia/Kolkata] PHP Warning:  Use of undefined constant EMAIL_PASS - assumed 'EMAIL_PASS' (this will throw an Error in a future version of PHP) in /var/www/html/erpm/Controller/ConLog.php on line 476
[29-Dec-2022 15:28:43 Asia/Kolkata] PHP Warning:  Use of undefined constant EMAIL_SMTPSecure - assumed 'EMAIL_SMTPSecure' (this will throw an Error in a future version of PHP) in /var/www/html/erpm/Controller/ConLog.php on line 477
[29-Dec-2022 15:28:43 Asia/Kolkata] PHP Warning:  Use of undefined constant EMAIL_PORT - assumed 'EMAIL_PORT' (this will throw an Error in a future version of PHP) in /var/www/html/erpm/Controller/ConLog.php on line 478
[29-Dec-2022 15:28:43 Asia/Kolkata] PHP Warning:  Use of undefined constant EMAIL_FROM - assumed 'EMAIL_FROM' (this will throw an Error in a future version of PHP) in /var/www/html/erpm/Controller/ConLog.php on line 479
[29-Dec-2022 15:28:43 Asia/Kolkata] PHP Warning:  Use of undefined constant EMS_CenterName - assumed 'EMS_CenterName' (this will throw an Error in a future version of PHP) in /var/www/html/erpm/Controller/ConLog.php on line 482
[29-Dec-2022 15:28:45 Asia/Kolkata] PHP Notice:  Trying to access array offset on value of type null in /var/www/html/erpm/View/index.php on line 346
[29-Dec-2022 15:29:48 Asia/Kolkata] PHP Notice:  Undefined variable: _cm_id in /var/www/html/erpm/View/client_ref_master_VH.php on line 103
[29-Dec-2022 15:29:48 Asia/Kolkata] PHP Notice:  Undefined variable: _RefAmount in /var/www/html/erpm/View/client_ref_master_VH.php on line 103
[29-Dec-2022 15:30:35 Asia/Kolkata] PHP Notice:  Undefined variable: _cm_id in /var/www/html/erpm/View/client_ref_master_VH.php on line 103
[29-Dec-2022 15:30:35 Asia/Kolkata] PHP Notice:  Undefined variable: _RefAmount in /var/www/html/erpm/View/client_ref_master_VH.php on line 103
[29-Dec-2022 15:30:53 Asia/Kolkata] PHP Notice:  Undefined index: __user_logid in /var/www/html/erpm/AppCode/nHead.php on line 2
[29-Dec-2022 15:30:55 Asia/Kolkata] PHP Warning:  mysqli_stmt::bind_param(): Number of elements in type definition string doesn't match number of bind variables in /var/www/html/erpm/Controller/ConLog.php on line 464
[29-Dec-2022 15:30:56 Asia/Kolkata] PHP Notice:  Trying to access array offset on value of type null in /var/www/html/erpm/View/index.php on line 346
[29-Dec-2022 15:30:59 Asia/Kolkata] PHP Notice:  Undefined variable: row in /var/www/html/erpm/View/site_master.php on line 264
[29-Dec-2022 15:30:59 Asia/Kolkata] PHP Notice:  Trying to access array offset on value of type null in /var/www/html/erpm/View/site_master.php on line 264
[29-Dec-2022 15:30:59 Asia/Kolkata] PHP Notice:  Undefined variable: row in /var/www/html/erpm/View/site_master.php on line 266
[29-Dec-2022 15:30:59 Asia/Kolkata] PHP Notice:  Trying to access array offset on value of type null in /var/www/html/erpm/View/site_master.php on line 266
[29-Dec-2022 15:30:59 Asia/Kolkata] PHP Notice:  Undefined variable: row in /var/www/html/erpm/View/site_master.php on line 264
[29-Dec-2022 15:30:59 Asia/Kolkata] PHP Notice:  Trying to access array offset on value of type null in /var/www/html/erpm/View/site_master.php on line 264
[29-Dec-2022 15:30:59 Asia/Kolkata] PHP Notice:  Undefined variable: row in /var/www/html/erpm/View/site_master.php on line 266
[29-Dec-2022 15:30:59 Asia/Kolkata] PHP Notice:  Trying to access array offset on value of type null in /var/www/html/erpm/View/site_master.php on line 266
[29-Dec-2022 15:31:08 Asia/Kolkata] PHP Notice:  Undefined variable: row in /var/www/html/erpm/View/site_master.php on line 264
[29-Dec-2022 15:31:08 Asia/Kolkata] PHP Notice:  Trying to access array offset on value of type null in /var/www/html/erpm/View/site_master.php on line 264
[29-Dec-2022 15:31:08 Asia/Kolkata] PHP Notice:  Undefined variable: row in /var/www/html/erpm/View/site_master.php on line 266
[29-Dec-2022 15:31:08 Asia/Kolkata] PHP Notice:  Trying to access array offset on value of type null in /var/www/html/erpm/View/site_master.php on line 266
[29-Dec-2022 15:31:08 Asia/Kolkata] PHP Notice:  Undefined variable: row in /var/www/html/erpm/View/site_master.php on line 264
[29-Dec-2022 15:31:08 Asia/Kolkata] PHP Notice:  Trying to access array offset on value of type null in /var/www/html/erpm/View/site_master.php on line 264
[29-Dec-2022 15:31:08 Asia/Kolkata] PHP Notice:  Undefined variable: row in /var/www/html/erpm/View/site_master.php on line 266
[29-Dec-2022 15:31:08 Asia/Kolkata] PHP Notice:  Trying to access array offset on value of type null in /var/www/html/erpm/View/site_master.php on line 266
[29-Dec-2022 15:31:29 Asia/Kolkata] PHP Notice:  Undefined variable: row in /var/www/html/erpm/View/site_master.php on line 265
[29-Dec-2022 15:31:29 Asia/Kolkata] PHP Notice:  Trying to access array offset on value of type null in /var/www/html/erpm/View/site_master.php on line 265
[29-Dec-2022 15:31:29 Asia/Kolkata] PHP Notice:  Undefined variable: row in /var/www/html/erpm/View/site_master.php on line 267
[29-Dec-2022 15:31:29 Asia/Kolkata] PHP Notice:  Trying to access array offset on value of type null in /var/www/html/erpm/View/site_master.php on line 267
[29-Dec-2022 15:31:29 Asia/Kolkata] PHP Notice:  Undefined variable: row in /var/www/html/erpm/View/site_master.php on line 265
[29-Dec-2022 15:31:29 Asia/Kolkata] PHP Notice:  Trying to access array offset on value of type null in /var/www/html/erpm/View/site_master.php on line 265
[29-Dec-2022 15:31:29 Asia/Kolkata] PHP Notice:  Undefined variable: row in /var/www/html/erpm/View/site_master.php on line 267
[29-Dec-2022 15:31:29 Asia/Kolkata] PHP Notice:  Trying to access array offset on value of type null in /var/www/html/erpm/View/site_master.php on line 267
[29-Dec-2022 15:33:55 Asia/Kolkata] PHP Notice:  Undefined variable: row in /var/www/html/erpm/View/site_master.php on line 265
[29-Dec-2022 15:33:55 Asia/Kolkata] PHP Notice:  Trying to access array offset on value of type null in /var/www/html/erpm/View/site_master.php on line 265
[29-Dec-2022 15:33:55 Asia/Kolkata] PHP Notice:  Undefined variable: row in /var/www/html/erpm/View/site_master.php on line 267
[29-Dec-2022 15:33:55 Asia/Kolkata] PHP Notice:  Trying to access array offset on value of type null in /var/www/html/erpm/View/site_master.php on line 267
[29-Dec-2022 15:33:55 Asia/Kolkata] PHP Notice:  Undefined variable: row in /var/www/html/erpm/View/site_master.php on line 265
[29-Dec-2022 15:33:55 Asia/Kolkata] PHP Notice:  Trying to access array offset on value of type null in /var/www/html/erpm/View/site_master.php on line 265
[29-Dec-2022 15:33:55 Asia/Kolkata] PHP Notice:  Undefined variable: row in /var/www/html/erpm/View/site_master.php on line 267
[29-Dec-2022 15:33:55 Asia/Kolkata] PHP Notice:  Trying to access array offset on value of type null in /var/www/html/erpm/View/site_master.php on line 267
[29-Dec-2022 15:33:57 Asia/Kolkata] PHP Notice:  Undefined variable: row in /var/www/html/erpm/View/site_master.php on line 265
[29-Dec-2022 15:33:57 Asia/Kolkata] PHP Notice:  Trying to access array offset on value of type null in /var/www/html/erpm/View/site_master.php on line 265
[29-Dec-2022 15:33:57 Asia/Kolkata] PHP Notice:  Undefined variable: row in /var/www/html/erpm/View/site_master.php on line 267
[29-Dec-2022 15:33:57 Asia/Kolkata] PHP Notice:  Trying to access array offset on value of type null in /var/www/html/erpm/View/site_master.php on line 267
[29-Dec-2022 15:33:57 Asia/Kolkata] PHP Notice:  Undefined variable: row in /var/www/html/erpm/View/site_master.php on line 265
[29-Dec-2022 15:33:57 Asia/Kolkata] PHP Notice:  Trying to access array offset on value of type null in /var/www/html/erpm/View/site_master.php on line 265
[29-Dec-2022 15:33:57 Asia/Kolkata] PHP Notice:  Undefined variable: row in /var/www/html/erpm/View/site_master.php on line 267
[29-Dec-2022 15:33:57 Asia/Kolkata] PHP Notice:  Trying to access array offset on value of type null in /var/www/html/erpm/View/site_master.php on line 267
[29-Dec-2022 15:34:04 Asia/Kolkata] PHP Notice:  Undefined index: __user_logid in /var/www/html/erpm/AppCode/nHead.php on line 2
[29-Dec-2022 15:34:07 Asia/Kolkata] PHP Warning:  mysqli_stmt::bind_param(): Number of elements in type definition string doesn't match number of bind variables in /var/www/html/erpm/Controller/ConLog.php on line 464
[29-Dec-2022 15:34:07 Asia/Kolkata] PHP Warning:  Use of undefined constant EMS_CenterName - assumed 'EMS_CenterName' (this will throw an Error in a future version of PHP) in /var/www/html/erpm/Controller/ConLog.php on line 470
[29-Dec-2022 15:34:07 Asia/Kolkata] PHP Warning:  Use of undefined constant EMAIL_HOST - assumed 'EMAIL_HOST' (this will throw an Error in a future version of PHP) in /var/www/html/erpm/Controller/ConLog.php on line 473
[29-Dec-2022 15:34:07 Asia/Kolkata] PHP Warning:  Use of undefined constant EMAIL_AUTH - assumed 'EMAIL_AUTH' (this will throw an Error in a future version of PHP) in /var/www/html/erpm/Controller/ConLog.php on line 474
[29-Dec-2022 15:34:07 Asia/Kolkata] PHP Warning:  Use of undefined constant EMAIL_USER - assumed 'EMAIL_USER' (this will throw an Error in a future version of PHP) in /var/www/html/erpm/Controller/ConLog.php on line 475
[29-Dec-2022 15:34:07 Asia/Kolkata] PHP Warning:  Use of undefined constant EMAIL_PASS - assumed 'EMAIL_PASS' (this will throw an Error in a future version of PHP) in /var/www/html/erpm/Controller/ConLog.php on line 476
[29-Dec-2022 15:34:07 Asia/Kolkata] PHP Warning:  Use of undefined constant EMAIL_SMTPSecure - assumed 'EMAIL_SMTPSecure' (this will throw an Error in a future version of PHP) in /var/www/html/erpm/Controller/ConLog.php on line 477
[29-Dec-2022 15:34:07 Asia/Kolkata] PHP Warning:  Use of undefined constant EMAIL_PORT - assumed 'EMAIL_PORT' (this will throw an Error in a future version of PHP) in /var/www/html/erpm/Controller/ConLog.php on line 478
[29-Dec-2022 15:34:07 Asia/Kolkata] PHP Warning:  Use of undefined constant EMAIL_FROM - assumed 'EMAIL_FROM' (this will throw an Error in a future version of PHP) in /var/www/html/erpm/Controller/ConLog.php on line 479
[29-Dec-2022 15:34:07 Asia/Kolkata] PHP Warning:  Use of undefined constant EMS_CenterName - assumed 'EMS_CenterName' (this will throw an Error in a future version of PHP) in /var/www/html/erpm/Controller/ConLog.php on line 482
[29-Dec-2022 15:34:09 Asia/Kolkata] PHP Notice:  Trying to access array offset on value of type null in /var/www/html/erpm/View/index.php on line 346
[29-Dec-2022 15:34:21 Asia/Kolkata] PHP Notice:  Undefined variable: row in /var/www/html/erpm/View/site_master.php on line 265
[29-Dec-2022 15:34:21 Asia/Kolkata] PHP Notice:  Trying to access array offset on value of type null in /var/www/html/erpm/View/site_master.php on line 265
[29-Dec-2022 15:34:21 Asia/Kolkata] PHP Notice:  Undefined variable: row in /var/www/html/erpm/View/site_master.php on line 267
[29-Dec-2022 15:34:21 Asia/Kolkata] PHP Notice:  Trying to access array offset on value of type null in /var/www/html/erpm/View/site_master.php on line 267
[29-Dec-2022 15:34:21 Asia/Kolkata] PHP Notice:  Undefined variable: row in /var/www/html/erpm/View/site_master.php on line 265
[29-Dec-2022 15:34:21 Asia/Kolkata] PHP Notice:  Trying to access array offset on value of type null in /var/www/html/erpm/View/site_master.php on line 265
[29-Dec-2022 15:34:21 Asia/Kolkata] PHP Notice:  Undefined variable: row in /var/www/html/erpm/View/site_master.php on line 267
[29-Dec-2022 15:34:21 Asia/Kolkata] PHP Notice:  Trying to access array offset on value of type null in /var/www/html/erpm/View/site_master.php on line 267
[29-Dec-2022 15:34:40 Asia/Kolkata] PHP Notice:  Undefined variable: row in /var/www/html/erpm/View/site_master.php on line 265
[29-Dec-2022 15:34:40 Asia/Kolkata] PHP Notice:  Trying to access array offset on value of type null in /var/www/html/erpm/View/site_master.php on line 265
[29-Dec-2022 15:34:40 Asia/Kolkata] PHP Notice:  Undefined variable: row in /var/www/html/erpm/View/site_master.php on line 267
[29-Dec-2022 15:34:40 Asia/Kolkata] PHP Notice:  Trying to access array offset on value of type null in /var/www/html/erpm/View/site_master.php on line 267
[29-Dec-2022 15:34:40 Asia/Kolkata] PHP Notice:  Undefined variable: row in /var/www/html/erpm/View/site_master.php on line 265
[29-Dec-2022 15:34:40 Asia/Kolkata] PHP Notice:  Trying to access array offset on value of type null in /var/www/html/erpm/View/site_master.php on line 265
[29-Dec-2022 15:34:40 Asia/Kolkata] PHP Notice:  Undefined variable: row in /var/www/html/erpm/View/site_master.php on line 267
[29-Dec-2022 15:34:40 Asia/Kolkata] PHP Notice:  Trying to access array offset on value of type null in /var/www/html/erpm/View/site_master.php on line 267
[29-Dec-2022 15:34:46 Asia/Kolkata] PHP Notice:  Undefined variable: row in /var/www/html/erpm/View/site_master.php on line 265
[29-Dec-2022 15:34:46 Asia/Kolkata] PHP Notice:  Trying to access array offset on value of type null in /var/www/html/erpm/View/site_master.php on line 265
[29-Dec-2022 15:34:46 Asia/Kolkata] PHP Notice:  Undefined variable: row in /var/www/html/erpm/View/site_master.php on line 267
[29-Dec-2022 15:34:46 Asia/Kolkata] PHP Notice:  Trying to access array offset on value of type null in /var/www/html/erpm/View/site_master.php on line 267
[29-Dec-2022 15:34:46 Asia/Kolkata] PHP Notice:  Undefined variable: row in /var/www/html/erpm/View/site_master.php on line 265
[29-Dec-2022 15:34:46 Asia/Kolkata] PHP Notice:  Trying to access array offset on value of type null in /var/www/html/erpm/View/site_master.php on line 265
[29-Dec-2022 15:34:46 Asia/Kolkata] PHP Notice:  Undefined variable: row in /var/www/html/erpm/View/site_master.php on line 267
[29-Dec-2022 15:34:46 Asia/Kolkata] PHP Notice:  Trying to access array offset on value of type null in /var/www/html/erpm/View/site_master.php on line 267
[29-Dec-2022 15:35:03 Asia/Kolkata] PHP Notice:  Undefined variable: _cm_id in /var/www/html/erpm/View/client_ref_VH.php on line 97
[29-Dec-2022 15:35:03 Asia/Kolkata] PHP Notice:  Undefined variable: _RefAmount in /var/www/html/erpm/View/client_ref_VH.php on line 97
[29-Dec-2022 15:35:04 Asia/Kolkata] PHP Notice:  Undefined variable: row in /var/www/html/erpm/View/site_master.php on line 265
[29-Dec-2022 15:35:04 Asia/Kolkata] PHP Notice:  Trying to access array offset on value of type null in /var/www/html/erpm/View/site_master.php on line 265
[29-Dec-2022 15:35:04 Asia/Kolkata] PHP Notice:  Undefined variable: row in /var/www/html/erpm/View/site_master.php on line 267
[29-Dec-2022 15:35:04 Asia/Kolkata] PHP Notice:  Trying to access array offset on value of type null in /var/www/html/erpm/View/site_master.php on line 267
[29-Dec-2022 15:35:04 Asia/Kolkata] PHP Notice:  Undefined variable: row in /var/www/html/erpm/View/site_master.php on line 265
[29-Dec-2022 15:35:04 Asia/Kolkata] PHP Notice:  Trying to access array offset on value of type null in /var/www/html/erpm/View/site_master.php on line 265
[29-Dec-2022 15:35:04 Asia/Kolkata] PHP Notice:  Undefined variable: row in /var/www/html/erpm/View/site_master.php on line 267
[29-Dec-2022 15:35:04 Asia/Kolkata] PHP Notice:  Trying to access array offset on value of type null in /var/www/html/erpm/View/site_master.php on line 267
[29-Dec-2022 15:35:14 Asia/Kolkata] PHP Notice:  Undefined variable: row in /var/www/html/erpm/View/site_master.php on line 265
[29-Dec-2022 15:35:14 Asia/Kolkata] PHP Notice:  Trying to access array offset on value of type null in /var/www/html/erpm/View/site_master.php on line 265
[29-Dec-2022 15:35:14 Asia/Kolkata] PHP Notice:  Undefined variable: row in /var/www/html/erpm/View/site_master.php on line 267
[29-Dec-2022 15:35:14 Asia/Kolkata] PHP Notice:  Trying to access array offset on value of type null in /var/www/html/erpm/View/site_master.php on line 267
[29-Dec-2022 15:35:14 Asia/Kolkata] PHP Notice:  Undefined variable: row in /var/www/html/erpm/View/site_master.php on line 265
[29-Dec-2022 15:35:14 Asia/Kolkata] PHP Notice:  Trying to access array offset on value of type null in /var/www/html/erpm/View/site_master.php on line 265
[29-Dec-2022 15:35:14 Asia/Kolkata] PHP Notice:  Undefined variable: row in /var/www/html/erpm/View/site_master.php on line 267
[29-Dec-2022 15:35:14 Asia/Kolkata] PHP Notice:  Trying to access array offset on value of type null in /var/www/html/erpm/View/site_master.php on line 267
[29-Dec-2022 15:35:55 Asia/Kolkata] PHP Notice:  Undefined index: __user_logid in /var/www/html/erpm/AppCode/nHead.php on line 2
[29-Dec-2022 15:35:57 Asia/Kolkata] PHP Warning:  mysqli_stmt::bind_param(): Number of elements in type definition string doesn't match number of bind variables in /var/www/html/erpm/Controller/ConLog.php on line 464
[29-Dec-2022 15:35:57 Asia/Kolkata] PHP Notice:  Trying to access array offset on value of type null in /var/www/html/erpm/View/index.php on line 346
[29-Dec-2022 15:36:04 Asia/Kolkata] PHP Notice:  Undefined variable: row in /var/www/html/erpm/View/site_master.php on line 265
[29-Dec-2022 15:36:04 Asia/Kolkata] PHP Notice:  Trying to access array offset on value of type null in /var/www/html/erpm/View/site_master.php on line 265
[29-Dec-2022 15:36:04 Asia/Kolkata] PHP Notice:  Undefined variable: row in /var/www/html/erpm/View/site_master.php on line 267
[29-Dec-2022 15:36:04 Asia/Kolkata] PHP Notice:  Trying to access array offset on value of type null in /var/www/html/erpm/View/site_master.php on line 267
[29-Dec-2022 15:36:04 Asia/Kolkata] PHP Notice:  Undefined variable: row in /var/www/html/erpm/View/site_master.php on line 265
[29-Dec-2022 15:36:04 Asia/Kolkata] PHP Notice:  Trying to access array offset on value of type null in /var/www/html/erpm/View/site_master.php on line 265
[29-Dec-2022 15:36:04 Asia/Kolkata] PHP Notice:  Undefined variable: row in /var/www/html/erpm/View/site_master.php on line 267
[29-Dec-2022 15:36:04 Asia/Kolkata] PHP Notice:  Trying to access array offset on value of type null in /var/www/html/erpm/View/site_master.php on line 267
[29-Dec-2022 15:36:18 Asia/Kolkata] PHP Notice:  Undefined variable: _cm_id in /var/www/html/erpm/View/client_ref_VH.php on line 97
[29-Dec-2022 15:36:18 Asia/Kolkata] PHP Notice:  Undefined variable: _RefAmount in /var/www/html/erpm/View/client_ref_VH.php on line 97
[29-Dec-2022 15:38:48 Asia/Kolkata] PHP Notice:  Undefined variable: row in /var/www/html/erpm/View/site_master.php on line 265
[29-Dec-2022 15:38:48 Asia/Kolkata] PHP Notice:  Trying to access array offset on value of type null in /var/www/html/erpm/View/site_master.php on line 265
[29-Dec-2022 15:38:48 Asia/Kolkata] PHP Notice:  Undefined variable: row in /var/www/html/erpm/View/site_master.php on line 267
[29-Dec-2022 15:38:48 Asia/Kolkata] PHP Notice:  Trying to access array offset on value of type null in /var/www/html/erpm/View/site_master.php on line 267
[29-Dec-2022 15:38:48 Asia/Kolkata] PHP Notice:  Undefined variable: row in /var/www/html/erpm/View/site_master.php on line 265
[29-Dec-2022 15:38:48 Asia/Kolkata] PHP Notice:  Trying to access array offset on value of type null in /var/www/html/erpm/View/site_master.php on line 265
[29-Dec-2022 15:38:48 Asia/Kolkata] PHP Notice:  Undefined variable: row in /var/www/html/erpm/View/site_master.php on line 267
[29-Dec-2022 15:38:48 Asia/Kolkata] PHP Notice:  Trying to access array offset on value of type null in /var/www/html/erpm/View/site_master.php on line 267
[29-Dec-2022 15:38:53 Asia/Kolkata] PHP Notice:  Undefined variable: _cm_id in /var/www/html/erpm/View/client_ref_VH.php on line 97
[29-Dec-2022 15:38:53 Asia/Kolkata] PHP Notice:  Undefined variable: _RefAmount in /var/www/html/erpm/View/client_ref_VH.php on line 97
[29-Dec-2022 15:38:57 Asia/Kolkata] PHP Notice:  Undefined variable: row in /var/www/html/erpm/View/site_master.php on line 265
[29-Dec-2022 15:38:57 Asia/Kolkata] PHP Notice:  Trying to access array offset on value of type null in /var/www/html/erpm/View/site_master.php on line 265
[29-Dec-2022 15:38:57 Asia/Kolkata] PHP Notice:  Undefined variable: row in /var/www/html/erpm/View/site_master.php on line 267
[29-Dec-2022 15:38:57 Asia/Kolkata] PHP Notice:  Trying to access array offset on value of type null in /var/www/html/erpm/View/site_master.php on line 267
[29-Dec-2022 15:38:57 Asia/Kolkata] PHP Notice:  Undefined variable: row in /var/www/html/erpm/View/site_master.php on line 265
[29-Dec-2022 15:38:57 Asia/Kolkata] PHP Notice:  Trying to access array offset on value of type null in /var/www/html/erpm/View/site_master.php on line 265
[29-Dec-2022 15:38:57 Asia/Kolkata] PHP Notice:  Undefined variable: row in /var/www/html/erpm/View/site_master.php on line 267
[29-Dec-2022 15:38:57 Asia/Kolkata] PHP Notice:  Trying to access array offset on value of type null in /var/www/html/erpm/View/site_master.php on line 267
[29-Dec-2022 15:39:07 Asia/Kolkata] PHP Notice:  Undefined variable: row in /var/www/html/erpm/View/site_master.php on line 265
[29-Dec-2022 15:39:07 Asia/Kolkata] PHP Notice:  Trying to access array offset on value of type null in /var/www/html/erpm/View/site_master.php on line 265
[29-Dec-2022 15:39:07 Asia/Kolkata] PHP Notice:  Undefined variable: row in /var/www/html/erpm/View/site_master.php on line 267
[29-Dec-2022 15:39:07 Asia/Kolkata] PHP Notice:  Trying to access array offset on value of type null in /var/www/html/erpm/View/site_master.php on line 267
[29-Dec-2022 15:39:07 Asia/Kolkata] PHP Notice:  Undefined variable: row in /var/www/html/erpm/View/site_master.php on line 265
[29-Dec-2022 15:39:07 Asia/Kolkata] PHP Notice:  Trying to access array offset on value of type null in /var/www/html/erpm/View/site_master.php on line 265
[29-Dec-2022 15:39:07 Asia/Kolkata] PHP Notice:  Undefined variable: row in /var/www/html/erpm/View/site_master.php on line 267
[29-Dec-2022 15:39:07 Asia/Kolkata] PHP Notice:  Trying to access array offset on value of type null in /var/www/html/erpm/View/site_master.php on line 267
[29-Dec-2022 15:39:17 Asia/Kolkata] PHP Notice:  Undefined index: __user_logid in /var/www/html/erpm/AppCode/nHead.php on line 2
[29-Dec-2022 15:39:20 Asia/Kolkata] PHP Warning:  mysqli_stmt::bind_param(): Number of elements in type definition string doesn't match number of bind variables in /var/www/html/erpm/Controller/ConLog.php on line 464
[29-Dec-2022 15:39:20 Asia/Kolkata] PHP Warning:  Use of undefined constant EMS_CenterName - assumed 'EMS_CenterName' (this will throw an Error in a future version of PHP) in /var/www/html/erpm/Controller/ConLog.php on line 470
[29-Dec-2022 15:39:20 Asia/Kolkata] PHP Warning:  Use of undefined constant EMAIL_HOST - assumed 'EMAIL_HOST' (this will throw an Error in a future version of PHP) in /var/www/html/erpm/Controller/ConLog.php on line 473
[29-Dec-2022 15:39:20 Asia/Kolkata] PHP Warning:  Use of undefined constant EMAIL_AUTH - assumed 'EMAIL_AUTH' (this will throw an Error in a future version of PHP) in /var/www/html/erpm/Controller/ConLog.php on line 474
[29-Dec-2022 15:39:20 Asia/Kolkata] PHP Warning:  Use of undefined constant EMAIL_USER - assumed 'EMAIL_USER' (this will throw an Error in a future version of PHP) in /var/www/html/erpm/Controller/ConLog.php on line 475
[29-Dec-2022 15:39:20 Asia/Kolkata] PHP Warning:  Use of undefined constant EMAIL_PASS - assumed 'EMAIL_PASS' (this will throw an Error in a future version of PHP) in /var/www/html/erpm/Controller/ConLog.php on line 476
[29-Dec-2022 15:39:20 Asia/Kolkata] PHP Warning:  Use of undefined constant EMAIL_SMTPSecure - assumed 'EMAIL_SMTPSecure' (this will throw an Error in a future version of PHP) in /var/www/html/erpm/Controller/ConLog.php on line 477
[29-Dec-2022 15:39:20 Asia/Kolkata] PHP Warning:  Use of undefined constant EMAIL_PORT - assumed 'EMAIL_PORT' (this will throw an Error in a future version of PHP) in /var/www/html/erpm/Controller/ConLog.php on line 478
[29-Dec-2022 15:39:20 Asia/Kolkata] PHP Warning:  Use of undefined constant EMAIL_FROM - assumed 'EMAIL_FROM' (this will throw an Error in a future version of PHP) in /var/www/html/erpm/Controller/ConLog.php on line 479
[29-Dec-2022 15:39:20 Asia/Kolkata] PHP Warning:  Use of undefined constant EMS_CenterName - assumed 'EMS_CenterName' (this will throw an Error in a future version of PHP) in /var/www/html/erpm/Controller/ConLog.php on line 482
[29-Dec-2022 15:39:22 Asia/Kolkata] PHP Notice:  Trying to access array offset on value of type null in /var/www/html/erpm/View/index.php on line 346
[29-Dec-2022 15:42:05 Asia/Kolkata] PHP Notice:  Undefined index: __user_logid in /var/www/html/erpm/AppCode/nHead.php on line 2
[29-Dec-2022 15:42:06 Asia/Kolkata] PHP Warning:  mysqli_stmt::bind_param(): Number of elements in type definition string doesn't match number of bind variables in /var/www/html/erpm/Controller/ConLog.php on line 464
[29-Dec-2022 15:42:07 Asia/Kolkata] PHP Notice:  Trying to access array offset on value of type null in /var/www/html/erpm/View/index.php on line 346
[29-Dec-2022 15:42:10 Asia/Kolkata] PHP Notice:  Undefined variable: row in /var/www/html/erpm/View/site_master.php on line 265
[29-Dec-2022 15:42:10 Asia/Kolkata] PHP Notice:  Trying to access array offset on value of type null in /var/www/html/erpm/View/site_master.php on line 265
[29-Dec-2022 15:42:10 Asia/Kolkata] PHP Notice:  Undefined variable: row in /var/www/html/erpm/View/site_master.php on line 267
[29-Dec-2022 15:42:10 Asia/Kolkata] PHP Notice:  Trying to access array offset on value of type null in /var/www/html/erpm/View/site_master.php on line 267
[29-Dec-2022 15:42:10 Asia/Kolkata] PHP Notice:  Undefined variable: row in /var/www/html/erpm/View/site_master.php on line 265
[29-Dec-2022 15:42:10 Asia/Kolkata] PHP Notice:  Trying to access array offset on value of type null in /var/www/html/erpm/View/site_master.php on line 265
[29-Dec-2022 15:42:10 Asia/Kolkata] PHP Notice:  Undefined variable: row in /var/www/html/erpm/View/site_master.php on line 267
[29-Dec-2022 15:42:10 Asia/Kolkata] PHP Notice:  Trying to access array offset on value of type null in /var/www/html/erpm/View/site_master.php on line 267
[29-Dec-2022 15:45:14 Asia/Kolkata] PHP Notice:  Undefined variable: row in /var/www/html/erpm/View/site_master.php on line 265
[29-Dec-2022 15:45:14 Asia/Kolkata] PHP Notice:  Trying to access array offset on value of type null in /var/www/html/erpm/View/site_master.php on line 265
[29-Dec-2022 15:45:14 Asia/Kolkata] PHP Notice:  Undefined variable: row in /var/www/html/erpm/View/site_master.php on line 267
[29-Dec-2022 15:45:14 Asia/Kolkata] PHP Notice:  Trying to access array offset on value of type null in /var/www/html/erpm/View/site_master.php on line 267
[29-Dec-2022 15:45:14 Asia/Kolkata] PHP Notice:  Undefined variable: row in /var/www/html/erpm/View/site_master.php on line 265
[29-Dec-2022 15:45:14 Asia/Kolkata] PHP Notice:  Trying to access array offset on value of type null in /var/www/html/erpm/View/site_master.php on line 265
[29-Dec-2022 15:45:14 Asia/Kolkata] PHP Notice:  Undefined variable: row in /var/www/html/erpm/View/site_master.php on line 267
[29-Dec-2022 15:45:14 Asia/Kolkata] PHP Notice:  Trying to access array offset on value of type null in /var/www/html/erpm/View/site_master.php on line 267
[29-Dec-2022 15:46:23 Asia/Kolkata] PHP Notice:  Undefined variable: row in /var/www/html/erpm/View/site_master.php on line 265
[29-Dec-2022 15:46:23 Asia/Kolkata] PHP Notice:  Trying to access array offset on value of type null in /var/www/html/erpm/View/site_master.php on line 265
[29-Dec-2022 15:46:23 Asia/Kolkata] PHP Notice:  Undefined variable: row in /var/www/html/erpm/View/site_master.php on line 267
[29-Dec-2022 15:46:23 Asia/Kolkata] PHP Notice:  Trying to access array offset on value of type null in /var/www/html/erpm/View/site_master.php on line 267
[29-Dec-2022 15:46:23 Asia/Kolkata] PHP Notice:  Undefined variable: row in /var/www/html/erpm/View/site_master.php on line 265
[29-Dec-2022 15:46:23 Asia/Kolkata] PHP Notice:  Trying to access array offset on value of type null in /var/www/html/erpm/View/site_master.php on line 265
[29-Dec-2022 15:46:23 Asia/Kolkata] PHP Notice:  Undefined variable: row in /var/www/html/erpm/View/site_master.php on line 267
[29-Dec-2022 15:46:23 Asia/Kolkata] PHP Notice:  Trying to access array offset on value of type null in /var/www/html/erpm/View/site_master.php on line 267
[29-Dec-2022 15:47:26 Asia/Kolkata] PHP Notice:  Undefined index: __user_logid in /var/www/html/erpm/AppCode/nHead.php on line 2
[29-Dec-2022 15:47:28 Asia/Kolkata] PHP Warning:  mysqli_stmt::bind_param(): Number of elements in type definition string doesn't match number of bind variables in /var/www/html/erpm/Controller/ConLog.php on line 464
[29-Dec-2022 15:47:29 Asia/Kolkata] PHP Notice:  Trying to access array offset on value of type null in /var/www/html/erpm/View/index.php on line 346
[29-Dec-2022 15:47:29 Asia/Kolkata] PHP Notice:  Undefined index: __user_logid in /var/www/html/erpm/AppCode/nHead.php on line 2
[29-Dec-2022 15:47:33 Asia/Kolkata] PHP Notice:  Undefined variable: row in /var/www/html/erpm/View/site_master.php on line 265
[29-Dec-2022 15:47:33 Asia/Kolkata] PHP Notice:  Trying to access array offset on value of type null in /var/www/html/erpm/View/site_master.php on line 265
[29-Dec-2022 15:47:33 Asia/Kolkata] PHP Notice:  Undefined variable: row in /var/www/html/erpm/View/site_master.php on line 267
[29-Dec-2022 15:47:33 Asia/Kolkata] PHP Notice:  Trying to access array offset on value of type null in /var/www/html/erpm/View/site_master.php on line 267
[29-Dec-2022 15:47:33 Asia/Kolkata] PHP Notice:  Undefined variable: row in /var/www/html/erpm/View/site_master.php on line 265
[29-Dec-2022 15:47:33 Asia/Kolkata] PHP Notice:  Trying to access array offset on value of type null in /var/www/html/erpm/View/site_master.php on line 265
[29-Dec-2022 15:47:33 Asia/Kolkata] PHP Notice:  Undefined variable: row in /var/www/html/erpm/View/site_master.php on line 267
[29-Dec-2022 15:47:33 Asia/Kolkata] PHP Notice:  Trying to access array offset on value of type null in /var/www/html/erpm/View/site_master.php on line 267
[29-Dec-2022 15:47:42 Asia/Kolkata] PHP Warning:  mysqli_stmt::bind_param(): Number of elements in type definition string doesn't match number of bind variables in /var/www/html/erpm/Controller/ConLog.php on line 464
[29-Dec-2022 15:47:42 Asia/Kolkata] PHP Warning:  Use of undefined constant EMS_CenterName - assumed 'EMS_CenterName' (this will throw an Error in a future version of PHP) in /var/www/html/erpm/Controller/ConLog.php on line 470
[29-Dec-2022 15:47:42 Asia/Kolkata] PHP Warning:  Use of undefined constant EMAIL_HOST - assumed 'EMAIL_HOST' (this will throw an Error in a future version of PHP) in /var/www/html/erpm/Controller/ConLog.php on line 473
[29-Dec-2022 15:47:42 Asia/Kolkata] PHP Warning:  Use of undefined constant EMAIL_AUTH - assumed 'EMAIL_AUTH' (this will throw an Error in a future version of PHP) in /var/www/html/erpm/Controller/ConLog.php on line 474
[29-Dec-2022 15:47:42 Asia/Kolkata] PHP Warning:  Use of undefined constant EMAIL_USER - assumed 'EMAIL_USER' (this will throw an Error in a future version of PHP) in /var/www/html/erpm/Controller/ConLog.php on line 475
[29-Dec-2022 15:47:42 Asia/Kolkata] PHP Warning:  Use of undefined constant EMAIL_PASS - assumed 'EMAIL_PASS' (this will throw an Error in a future version of PHP) in /var/www/html/erpm/Controller/ConLog.php on line 476
[29-Dec-2022 15:47:42 Asia/Kolkata] PHP Warning:  Use of undefined constant EMAIL_SMTPSecure - assumed 'EMAIL_SMTPSecure' (this will throw an Error in a future version of PHP) in /var/www/html/erpm/Controller/ConLog.php on line 477
[29-Dec-2022 15:47:42 Asia/Kolkata] PHP Warning:  Use of undefined constant EMAIL_PORT - assumed 'EMAIL_PORT' (this will throw an Error in a future version of PHP) in /var/www/html/erpm/Controller/ConLog.php on line 478
[29-Dec-2022 15:47:42 Asia/Kolkata] PHP Warning:  Use of undefined constant EMAIL_FROM - assumed 'EMAIL_FROM' (this will throw an Error in a future version of PHP) in /var/www/html/erpm/Controller/ConLog.php on line 479
[29-Dec-2022 15:47:42 Asia/Kolkata] PHP Warning:  Use of undefined constant EMS_CenterName - assumed 'EMS_CenterName' (this will throw an Error in a future version of PHP) in /var/www/html/erpm/Controller/ConLog.php on line 482
[29-Dec-2022 15:47:44 Asia/Kolkata] PHP Notice:  Trying to access array offset on value of type null in /var/www/html/erpm/View/index.php on line 346
[29-Dec-2022 15:48:57 Asia/Kolkata] PHP Notice:  Undefined variable: row in /var/www/html/erpm/View/site_master.php on line 265
[29-Dec-2022 15:48:57 Asia/Kolkata] PHP Notice:  Trying to access array offset on value of type null in /var/www/html/erpm/View/site_master.php on line 265
[29-Dec-2022 15:48:57 Asia/Kolkata] PHP Notice:  Undefined variable: row in /var/www/html/erpm/View/site_master.php on line 267
[29-Dec-2022 15:48:57 Asia/Kolkata] PHP Notice:  Trying to access array offset on value of type null in /var/www/html/erpm/View/site_master.php on line 267
[29-Dec-2022 15:48:57 Asia/Kolkata] PHP Notice:  Undefined variable: row in /var/www/html/erpm/View/site_master.php on line 265
[29-Dec-2022 15:48:57 Asia/Kolkata] PHP Notice:  Trying to access array offset on value of type null in /var/www/html/erpm/View/site_master.php on line 265
[29-Dec-2022 15:48:57 Asia/Kolkata] PHP Notice:  Undefined variable: row in /var/www/html/erpm/View/site_master.php on line 267
[29-Dec-2022 15:48:57 Asia/Kolkata] PHP Notice:  Trying to access array offset on value of type null in /var/www/html/erpm/View/site_master.php on line 267
[29-Dec-2022 15:49:24 Asia/Kolkata] PHP Notice:  Undefined variable: row in /var/www/html/erpm/View/site_master.php on line 265
[29-Dec-2022 15:49:24 Asia/Kolkata] PHP Notice:  Trying to access array offset on value of type null in /var/www/html/erpm/View/site_master.php on line 265
[29-Dec-2022 15:49:24 Asia/Kolkata] PHP Notice:  Undefined variable: row in /var/www/html/erpm/View/site_master.php on line 267
[29-Dec-2022 15:49:24 Asia/Kolkata] PHP Notice:  Trying to access array offset on value of type null in /var/www/html/erpm/View/site_master.php on line 267
[29-Dec-2022 15:49:24 Asia/Kolkata] PHP Notice:  Undefined variable: row in /var/www/html/erpm/View/site_master.php on line 265
[29-Dec-2022 15:49:24 Asia/Kolkata] PHP Notice:  Trying to access array offset on value of type null in /var/www/html/erpm/View/site_master.php on line 265
[29-Dec-2022 15:49:24 Asia/Kolkata] PHP Notice:  Undefined variable: row in /var/www/html/erpm/View/site_master.php on line 267
[29-Dec-2022 15:49:24 Asia/Kolkata] PHP Notice:  Trying to access array offset on value of type null in /var/www/html/erpm/View/site_master.php on line 267
