[25-Sep-2023 17:26:26 Asia/Kolkata] PHP Warning:  Undefined array key "__user_logid" in D:\wamp64\www\emsdemo\AppCode\nHead.php on line 2
[25-Sep-2023 17:26:26 Asia/Kolkata] PHP Stack trace:
[25-Sep-2023 17:26:26 Asia/Kolkata] PHP   1. {main}() D:\wamp64\www\emsdemo\View\manage_report_module.php:0
[25-Sep-2023 17:26:26 Asia/Kolkata] PHP   2. require() D:\wamp64\www\emsdemo\View\manage_report_module.php:9
[25-Sep-2023 17:26:44 Asia/Kolkata] PHP Warning:  Undefined array key "__nda_decl" in D:\wamp64\www\emsdemo\View\index.php on line 132
[25-Sep-2023 17:26:44 Asia/Kolkata] PHP Stack trace:
[25-Sep-2023 17:26:44 Asia/Kolkata] PHP   1. {main}() D:\wamp64\www\emsdemo\View\index.php:0
[25-Sep-2023 17:26:44 Asia/Kolkata] PHP Warning:  Undefined array key "__isms_decl" in D:\wamp64\www\emsdemo\View\index.php on line 137
[25-Sep-2023 17:26:44 Asia/Kolkata] PHP Stack trace:
[25-Sep-2023 17:26:44 Asia/Kolkata] PHP   1. {main}() D:\wamp64\www\emsdemo\View\index.php:0
[25-Sep-2023 17:26:44 Asia/Kolkata] PHP Warning:  Undefined array key "__asset_decl" in D:\wamp64\www\emsdemo\View\index.php on line 141
[25-Sep-2023 17:26:44 Asia/Kolkata] PHP Stack trace:
[25-Sep-2023 17:26:44 Asia/Kolkata] PHP   1. {main}() D:\wamp64\www\emsdemo\View\index.php:0
[25-Sep-2023 17:26:45 Asia/Kolkata] PHP Warning:  Undefined variable $induction_popup_flag in D:\wamp64\www\emsdemo\View\index.php on line 436
[25-Sep-2023 17:26:45 Asia/Kolkata] PHP Stack trace:
[25-Sep-2023 17:26:45 Asia/Kolkata] PHP   1. {main}() D:\wamp64\www\emsdemo\View\index.php:0
[25-Sep-2023 17:26:46 Asia/Kolkata] PHP Warning:  Undefined array key 0 in D:\wamp64\www\emsdemo\View\index.php on line 495
[25-Sep-2023 17:26:46 Asia/Kolkata] PHP Stack trace:
[25-Sep-2023 17:26:46 Asia/Kolkata] PHP   1. {main}() D:\wamp64\www\emsdemo\View\index.php:0
[25-Sep-2023 17:26:46 Asia/Kolkata] PHP Warning:  Trying to access array offset on value of type null in D:\wamp64\www\emsdemo\View\index.php on line 495
[25-Sep-2023 17:26:46 Asia/Kolkata] PHP Stack trace:
[25-Sep-2023 17:26:46 Asia/Kolkata] PHP   1. {main}() D:\wamp64\www\emsdemo\View\index.php:0
[25-Sep-2023 17:26:47 Asia/Kolkata] PHP Warning:  Undefined array key "__AppraisalMonth" in D:\wamp64\www\emsdemo\View\index.php on line 528
[25-Sep-2023 17:26:47 Asia/Kolkata] PHP Stack trace:
[25-Sep-2023 17:26:47 Asia/Kolkata] PHP   1. {main}() D:\wamp64\www\emsdemo\View\index.php:0
[25-Sep-2023 17:26:47 Asia/Kolkata] PHP Deprecated:  stripslashes(): Passing null to parameter #1 ($string) of type string is deprecated in D:\wamp64\www\emsdemo\Config\init.php on line 122
[25-Sep-2023 17:26:47 Asia/Kolkata] PHP Stack trace:
[25-Sep-2023 17:26:47 Asia/Kolkata] PHP   1. {main}() D:\wamp64\www\emsdemo\View\index.php:0
[25-Sep-2023 17:26:47 Asia/Kolkata] PHP   2. clean($data = NULL) D:\wamp64\www\emsdemo\View\index.php:528
[25-Sep-2023 17:26:47 Asia/Kolkata] PHP   3. stripslashes($string = NULL) D:\wamp64\www\emsdemo\Config\init.php:122
[25-Sep-2023 17:26:47 Asia/Kolkata] PHP Warning:  Trying to access array offset on value of type null in D:\wamp64\www\emsdemo\View\index.php on line 536
[25-Sep-2023 17:26:47 Asia/Kolkata] PHP Stack trace:
[25-Sep-2023 17:26:47 Asia/Kolkata] PHP   1. {main}() D:\wamp64\www\emsdemo\View\index.php:0
[25-Sep-2023 17:26:50 Asia/Kolkata] PHP Warning:  Undefined variable $induction_popup_flag in D:\wamp64\www\emsdemo\View\index.php on line 1226
[25-Sep-2023 17:26:50 Asia/Kolkata] PHP Stack trace:
[25-Sep-2023 17:26:50 Asia/Kolkata] PHP   1. {main}() D:\wamp64\www\emsdemo\View\index.php:0
[25-Sep-2023 17:26:50 Asia/Kolkata] PHP Warning:  Undefined array key "param" in D:\wamp64\www\emsdemo\View\index.php on line 1240
[25-Sep-2023 17:26:50 Asia/Kolkata] PHP Stack trace:
[25-Sep-2023 17:26:50 Asia/Kolkata] PHP   1. {main}() D:\wamp64\www\emsdemo\View\index.php:0
[25-Sep-2023 17:27:09 Asia/Kolkata] PHP Warning:  Undefined variable $selected in D:\wamp64\www\emsdemo\View\dropdown.php on line 34
[25-Sep-2023 17:27:09 Asia/Kolkata] PHP Stack trace:
[25-Sep-2023 17:27:09 Asia/Kolkata] PHP   1. {main}() D:\wamp64\www\emsdemo\View\dropdown.php:0
[25-Sep-2023 17:27:09 Asia/Kolkata] PHP Warning:  Undefined variable $selected in D:\wamp64\www\emsdemo\View\dropdown.php on line 34
[25-Sep-2023 17:27:09 Asia/Kolkata] PHP Stack trace:
[25-Sep-2023 17:27:09 Asia/Kolkata] PHP   1. {main}() D:\wamp64\www\emsdemo\View\dropdown.php:0
[25-Sep-2023 17:27:09 Asia/Kolkata] PHP Warning:  Undefined variable $selected in D:\wamp64\www\emsdemo\View\dropdown.php on line 34
[25-Sep-2023 17:27:09 Asia/Kolkata] PHP Stack trace:
[25-Sep-2023 17:27:09 Asia/Kolkata] PHP   1. {main}() D:\wamp64\www\emsdemo\View\dropdown.php:0
[25-Sep-2023 17:27:09 Asia/Kolkata] PHP Warning:  Undefined variable $selected in D:\wamp64\www\emsdemo\View\dropdown.php on line 34
[25-Sep-2023 17:27:09 Asia/Kolkata] PHP Stack trace:
[25-Sep-2023 17:27:09 Asia/Kolkata] PHP   1. {main}() D:\wamp64\www\emsdemo\View\dropdown.php:0
[25-Sep-2023 17:27:09 Asia/Kolkata] PHP Warning:  Undefined variable $selected in D:\wamp64\www\emsdemo\View\dropdown.php on line 34
[25-Sep-2023 17:27:09 Asia/Kolkata] PHP Stack trace:
[25-Sep-2023 17:27:09 Asia/Kolkata] PHP   1. {main}() D:\wamp64\www\emsdemo\View\dropdown.php:0
[25-Sep-2023 17:27:09 Asia/Kolkata] PHP Warning:  Undefined variable $selected in D:\wamp64\www\emsdemo\View\dropdown.php on line 34
[25-Sep-2023 17:27:09 Asia/Kolkata] PHP Stack trace:
[25-Sep-2023 17:27:09 Asia/Kolkata] PHP   1. {main}() D:\wamp64\www\emsdemo\View\dropdown.php:0
[25-Sep-2023 17:27:09 Asia/Kolkata] PHP Warning:  Undefined variable $selected in D:\wamp64\www\emsdemo\View\dropdown.php on line 34
[25-Sep-2023 17:27:09 Asia/Kolkata] PHP Stack trace:
[25-Sep-2023 17:27:09 Asia/Kolkata] PHP   1. {main}() D:\wamp64\www\emsdemo\View\dropdown.php:0
[25-Sep-2023 17:27:09 Asia/Kolkata] PHP Warning:  Undefined variable $selected in D:\wamp64\www\emsdemo\View\dropdown.php on line 34
[25-Sep-2023 17:27:09 Asia/Kolkata] PHP Stack trace:
[25-Sep-2023 17:27:09 Asia/Kolkata] PHP   1. {main}() D:\wamp64\www\emsdemo\View\dropdown.php:0
[25-Sep-2023 17:27:09 Asia/Kolkata] PHP Warning:  Undefined variable $selected in D:\wamp64\www\emsdemo\View\dropdown.php on line 34
[25-Sep-2023 17:27:09 Asia/Kolkata] PHP Stack trace:
[25-Sep-2023 17:27:09 Asia/Kolkata] PHP   1. {main}() D:\wamp64\www\emsdemo\View\dropdown.php:0
[25-Sep-2023 17:27:09 Asia/Kolkata] PHP Warning:  Undefined variable $selected in D:\wamp64\www\emsdemo\View\dropdown.php on line 34
[25-Sep-2023 17:27:09 Asia/Kolkata] PHP Stack trace:
[25-Sep-2023 17:27:09 Asia/Kolkata] PHP   1. {main}() D:\wamp64\www\emsdemo\View\dropdown.php:0
[25-Sep-2023 17:27:09 Asia/Kolkata] PHP Warning:  Undefined variable $selected in D:\wamp64\www\emsdemo\View\dropdown.php on line 34
[25-Sep-2023 17:27:09 Asia/Kolkata] PHP Stack trace:
[25-Sep-2023 17:27:09 Asia/Kolkata] PHP   1. {main}() D:\wamp64\www\emsdemo\View\dropdown.php:0
[25-Sep-2023 17:27:09 Asia/Kolkata] PHP Warning:  Undefined variable $selected in D:\wamp64\www\emsdemo\View\dropdown.php on line 34
[25-Sep-2023 17:27:09 Asia/Kolkata] PHP Stack trace:
[25-Sep-2023 17:27:09 Asia/Kolkata] PHP   1. {main}() D:\wamp64\www\emsdemo\View\dropdown.php:0
[25-Sep-2023 17:27:09 Asia/Kolkata] PHP Warning:  Undefined variable $selected in D:\wamp64\www\emsdemo\View\dropdown.php on line 34
[25-Sep-2023 17:27:09 Asia/Kolkata] PHP Stack trace:
[25-Sep-2023 17:27:09 Asia/Kolkata] PHP   1. {main}() D:\wamp64\www\emsdemo\View\dropdown.php:0
[25-Sep-2023 17:27:09 Asia/Kolkata] PHP Warning:  Undefined variable $selected in D:\wamp64\www\emsdemo\View\dropdown.php on line 34
[25-Sep-2023 17:27:09 Asia/Kolkata] PHP Stack trace:
[25-Sep-2023 17:27:09 Asia/Kolkata] PHP   1. {main}() D:\wamp64\www\emsdemo\View\dropdown.php:0
[25-Sep-2023 17:27:09 Asia/Kolkata] PHP Warning:  Undefined variable $selected in D:\wamp64\www\emsdemo\View\dropdown.php on line 34
[25-Sep-2023 17:27:09 Asia/Kolkata] PHP Stack trace:
[25-Sep-2023 17:27:09 Asia/Kolkata] PHP   1. {main}() D:\wamp64\www\emsdemo\View\dropdown.php:0
[25-Sep-2023 17:27:09 Asia/Kolkata] PHP Warning:  Undefined variable $selected in D:\wamp64\www\emsdemo\View\dropdown.php on line 34
[25-Sep-2023 17:27:09 Asia/Kolkata] PHP Stack trace:
[25-Sep-2023 17:27:09 Asia/Kolkata] PHP   1. {main}() D:\wamp64\www\emsdemo\View\dropdown.php:0
[25-Sep-2023 17:27:09 Asia/Kolkata] PHP Warning:  Undefined variable $selected in D:\wamp64\www\emsdemo\View\dropdown.php on line 34
[25-Sep-2023 17:27:09 Asia/Kolkata] PHP Stack trace:
[25-Sep-2023 17:27:09 Asia/Kolkata] PHP   1. {main}() D:\wamp64\www\emsdemo\View\dropdown.php:0
[25-Sep-2023 17:27:09 Asia/Kolkata] PHP Warning:  Undefined variable $selected in D:\wamp64\www\emsdemo\View\dropdown.php on line 34
[25-Sep-2023 17:27:09 Asia/Kolkata] PHP Stack trace:
[25-Sep-2023 17:27:09 Asia/Kolkata] PHP   1. {main}() D:\wamp64\www\emsdemo\View\dropdown.php:0
[25-Sep-2023 17:27:09 Asia/Kolkata] PHP Warning:  Undefined variable $selected in D:\wamp64\www\emsdemo\View\dropdown.php on line 34
[25-Sep-2023 17:27:09 Asia/Kolkata] PHP Stack trace:
[25-Sep-2023 17:27:09 Asia/Kolkata] PHP   1. {main}() D:\wamp64\www\emsdemo\View\dropdown.php:0
[25-Sep-2023 17:27:09 Asia/Kolkata] PHP Warning:  Undefined variable $selected in D:\wamp64\www\emsdemo\View\dropdown.php on line 34
[25-Sep-2023 17:27:09 Asia/Kolkata] PHP Stack trace:
[25-Sep-2023 17:27:09 Asia/Kolkata] PHP   1. {main}() D:\wamp64\www\emsdemo\View\dropdown.php:0
[25-Sep-2023 17:27:09 Asia/Kolkata] PHP Warning:  Undefined variable $selected in D:\wamp64\www\emsdemo\View\dropdown.php on line 34
[25-Sep-2023 17:27:09 Asia/Kolkata] PHP Stack trace:
[25-Sep-2023 17:27:09 Asia/Kolkata] PHP   1. {main}() D:\wamp64\www\emsdemo\View\dropdown.php:0
[25-Sep-2023 17:27:09 Asia/Kolkata] PHP Warning:  Undefined variable $selected in D:\wamp64\www\emsdemo\View\dropdown.php on line 34
[25-Sep-2023 17:27:09 Asia/Kolkata] PHP Stack trace:
[25-Sep-2023 17:27:09 Asia/Kolkata] PHP   1. {main}() D:\wamp64\www\emsdemo\View\dropdown.php:0
[25-Sep-2023 17:27:09 Asia/Kolkata] PHP Warning:  Undefined variable $selected in D:\wamp64\www\emsdemo\View\dropdown.php on line 34
[25-Sep-2023 17:27:09 Asia/Kolkata] PHP Stack trace:
[25-Sep-2023 17:27:09 Asia/Kolkata] PHP   1. {main}() D:\wamp64\www\emsdemo\View\dropdown.php:0
[25-Sep-2023 17:27:09 Asia/Kolkata] PHP Warning:  Undefined variable $selected in D:\wamp64\www\emsdemo\View\dropdown.php on line 34
[25-Sep-2023 17:27:09 Asia/Kolkata] PHP Stack trace:
[25-Sep-2023 17:27:09 Asia/Kolkata] PHP   1. {main}() D:\wamp64\www\emsdemo\View\dropdown.php:0
[25-Sep-2023 17:27:09 Asia/Kolkata] PHP Warning:  Undefined variable $selected in D:\wamp64\www\emsdemo\View\dropdown.php on line 34
[25-Sep-2023 17:27:09 Asia/Kolkata] PHP Stack trace:
[25-Sep-2023 17:27:09 Asia/Kolkata] PHP   1. {main}() D:\wamp64\www\emsdemo\View\dropdown.php:0
[25-Sep-2023 17:27:09 Asia/Kolkata] PHP Warning:  Undefined variable $selected in D:\wamp64\www\emsdemo\View\dropdown.php on line 34
[25-Sep-2023 17:27:09 Asia/Kolkata] PHP Stack trace:
[25-Sep-2023 17:27:09 Asia/Kolkata] PHP   1. {main}() D:\wamp64\www\emsdemo\View\dropdown.php:0
[25-Sep-2023 17:27:09 Asia/Kolkata] PHP Warning:  Undefined variable $selected in D:\wamp64\www\emsdemo\View\dropdown.php on line 34
[25-Sep-2023 17:27:09 Asia/Kolkata] PHP Stack trace:
[25-Sep-2023 17:27:09 Asia/Kolkata] PHP   1. {main}() D:\wamp64\www\emsdemo\View\dropdown.php:0
[25-Sep-2023 17:27:09 Asia/Kolkata] PHP Warning:  Undefined variable $selected in D:\wamp64\www\emsdemo\View\dropdown.php on line 34
[25-Sep-2023 17:27:09 Asia/Kolkata] PHP Stack trace:
[25-Sep-2023 17:27:09 Asia/Kolkata] PHP   1. {main}() D:\wamp64\www\emsdemo\View\dropdown.php:0
[25-Sep-2023 17:27:09 Asia/Kolkata] PHP Warning:  Undefined variable $selected in D:\wamp64\www\emsdemo\View\dropdown.php on line 34
[25-Sep-2023 17:27:09 Asia/Kolkata] PHP Stack trace:
[25-Sep-2023 17:27:09 Asia/Kolkata] PHP   1. {main}() D:\wamp64\www\emsdemo\View\dropdown.php:0
[25-Sep-2023 17:27:09 Asia/Kolkata] PHP Warning:  Undefined variable $selected in D:\wamp64\www\emsdemo\View\dropdown.php on line 34
[25-Sep-2023 17:27:09 Asia/Kolkata] PHP Stack trace:
[25-Sep-2023 17:27:09 Asia/Kolkata] PHP   1. {main}() D:\wamp64\www\emsdemo\View\dropdown.php:0
[25-Sep-2023 17:27:09 Asia/Kolkata] PHP Warning:  Undefined variable $selected in D:\wamp64\www\emsdemo\View\dropdown.php on line 34
[25-Sep-2023 17:27:09 Asia/Kolkata] PHP Stack trace:
[25-Sep-2023 17:27:09 Asia/Kolkata] PHP   1. {main}() D:\wamp64\www\emsdemo\View\dropdown.php:0
[25-Sep-2023 17:27:09 Asia/Kolkata] PHP Warning:  Undefined variable $selected in D:\wamp64\www\emsdemo\View\dropdown.php on line 34
[25-Sep-2023 17:27:09 Asia/Kolkata] PHP Stack trace:
[25-Sep-2023 17:27:09 Asia/Kolkata] PHP   1. {main}() D:\wamp64\www\emsdemo\View\dropdown.php:0
[25-Sep-2023 17:27:09 Asia/Kolkata] PHP Warning:  Undefined variable $selected in D:\wamp64\www\emsdemo\View\dropdown.php on line 34
[25-Sep-2023 17:27:09 Asia/Kolkata] PHP Stack trace:
[25-Sep-2023 17:27:09 Asia/Kolkata] PHP   1. {main}() D:\wamp64\www\emsdemo\View\dropdown.php:0
[25-Sep-2023 17:27:09 Asia/Kolkata] PHP Warning:  Undefined variable $selected in D:\wamp64\www\emsdemo\View\dropdown.php on line 34
[25-Sep-2023 17:27:09 Asia/Kolkata] PHP Stack trace:
[25-Sep-2023 17:27:09 Asia/Kolkata] PHP   1. {main}() D:\wamp64\www\emsdemo\View\dropdown.php:0
[25-Sep-2023 17:27:09 Asia/Kolkata] PHP Warning:  Undefined variable $selected in D:\wamp64\www\emsdemo\View\dropdown.php on line 34
[25-Sep-2023 17:27:09 Asia/Kolkata] PHP Stack trace:
[25-Sep-2023 17:27:09 Asia/Kolkata] PHP   1. {main}() D:\wamp64\www\emsdemo\View\dropdown.php:0
[25-Sep-2023 17:27:09 Asia/Kolkata] PHP Warning:  Undefined variable $selected in D:\wamp64\www\emsdemo\View\dropdown.php on line 34
[25-Sep-2023 17:27:09 Asia/Kolkata] PHP Stack trace:
[25-Sep-2023 17:27:09 Asia/Kolkata] PHP   1. {main}() D:\wamp64\www\emsdemo\View\dropdown.php:0
[25-Sep-2023 17:27:09 Asia/Kolkata] PHP Warning:  Undefined variable $selected in D:\wamp64\www\emsdemo\View\dropdown.php on line 34
[25-Sep-2023 17:27:09 Asia/Kolkata] PHP Stack trace:
[25-Sep-2023 17:27:09 Asia/Kolkata] PHP   1. {main}() D:\wamp64\www\emsdemo\View\dropdown.php:0
[25-Sep-2023 17:27:09 Asia/Kolkata] PHP Warning:  Undefined variable $selected in D:\wamp64\www\emsdemo\View\dropdown.php on line 34
[25-Sep-2023 17:27:09 Asia/Kolkata] PHP Stack trace:
[25-Sep-2023 17:27:09 Asia/Kolkata] PHP   1. {main}() D:\wamp64\www\emsdemo\View\dropdown.php:0
[25-Sep-2023 17:27:09 Asia/Kolkata] PHP Warning:  Undefined variable $selected in D:\wamp64\www\emsdemo\View\dropdown.php on line 34
[25-Sep-2023 17:27:09 Asia/Kolkata] PHP Stack trace:
[25-Sep-2023 17:27:09 Asia/Kolkata] PHP   1. {main}() D:\wamp64\www\emsdemo\View\dropdown.php:0
[25-Sep-2023 17:27:09 Asia/Kolkata] PHP Warning:  Undefined variable $selected in D:\wamp64\www\emsdemo\View\dropdown.php on line 34
[25-Sep-2023 17:27:09 Asia/Kolkata] PHP Stack trace:
[25-Sep-2023 17:27:09 Asia/Kolkata] PHP   1. {main}() D:\wamp64\www\emsdemo\View\dropdown.php:0
[25-Sep-2023 17:27:09 Asia/Kolkata] PHP Warning:  Undefined variable $selected in D:\wamp64\www\emsdemo\View\dropdown.php on line 34
[25-Sep-2023 17:27:09 Asia/Kolkata] PHP Stack trace:
[25-Sep-2023 17:27:09 Asia/Kolkata] PHP   1. {main}() D:\wamp64\www\emsdemo\View\dropdown.php:0
[25-Sep-2023 17:27:09 Asia/Kolkata] PHP Warning:  Undefined variable $selected in D:\wamp64\www\emsdemo\View\dropdown.php on line 34
[25-Sep-2023 17:27:09 Asia/Kolkata] PHP Stack trace:
[25-Sep-2023 17:27:09 Asia/Kolkata] PHP   1. {main}() D:\wamp64\www\emsdemo\View\dropdown.php:0
[25-Sep-2023 17:27:09 Asia/Kolkata] PHP Warning:  Undefined variable $selected in D:\wamp64\www\emsdemo\View\dropdown.php on line 34
[25-Sep-2023 17:27:09 Asia/Kolkata] PHP Stack trace:
[25-Sep-2023 17:27:09 Asia/Kolkata] PHP   1. {main}() D:\wamp64\www\emsdemo\View\dropdown.php:0
[25-Sep-2023 17:27:09 Asia/Kolkata] PHP Warning:  Undefined variable $selected in D:\wamp64\www\emsdemo\View\dropdown.php on line 34
[25-Sep-2023 17:27:09 Asia/Kolkata] PHP Stack trace:
[25-Sep-2023 17:27:09 Asia/Kolkata] PHP   1. {main}() D:\wamp64\www\emsdemo\View\dropdown.php:0
[25-Sep-2023 17:27:09 Asia/Kolkata] PHP Warning:  Undefined variable $selected in D:\wamp64\www\emsdemo\View\dropdown.php on line 34
[25-Sep-2023 17:27:09 Asia/Kolkata] PHP Stack trace:
[25-Sep-2023 17:27:09 Asia/Kolkata] PHP   1. {main}() D:\wamp64\www\emsdemo\View\dropdown.php:0
[25-Sep-2023 17:27:09 Asia/Kolkata] PHP Warning:  Undefined variable $selected in D:\wamp64\www\emsdemo\View\dropdown.php on line 34
[25-Sep-2023 17:27:09 Asia/Kolkata] PHP Stack trace:
[25-Sep-2023 17:27:09 Asia/Kolkata] PHP   1. {main}() D:\wamp64\www\emsdemo\View\dropdown.php:0
[25-Sep-2023 17:27:09 Asia/Kolkata] PHP Warning:  Undefined variable $selected in D:\wamp64\www\emsdemo\View\dropdown.php on line 34
[25-Sep-2023 17:27:09 Asia/Kolkata] PHP Stack trace:
[25-Sep-2023 17:27:09 Asia/Kolkata] PHP   1. {main}() D:\wamp64\www\emsdemo\View\dropdown.php:0
[25-Sep-2023 17:27:09 Asia/Kolkata] PHP Warning:  Undefined variable $selected in D:\wamp64\www\emsdemo\View\dropdown.php on line 34
[25-Sep-2023 17:27:09 Asia/Kolkata] PHP Stack trace:
[25-Sep-2023 17:27:09 Asia/Kolkata] PHP   1. {main}() D:\wamp64\www\emsdemo\View\dropdown.php:0
[25-Sep-2023 17:27:09 Asia/Kolkata] PHP Warning:  Undefined variable $selected in D:\wamp64\www\emsdemo\View\dropdown.php on line 34
[25-Sep-2023 17:27:09 Asia/Kolkata] PHP Stack trace:
[25-Sep-2023 17:27:09 Asia/Kolkata] PHP   1. {main}() D:\wamp64\www\emsdemo\View\dropdown.php:0
[25-Sep-2023 17:27:09 Asia/Kolkata] PHP Warning:  Undefined variable $selected in D:\wamp64\www\emsdemo\View\dropdown.php on line 34
[25-Sep-2023 17:27:09 Asia/Kolkata] PHP Stack trace:
[25-Sep-2023 17:27:09 Asia/Kolkata] PHP   1. {main}() D:\wamp64\www\emsdemo\View\dropdown.php:0
[25-Sep-2023 17:27:09 Asia/Kolkata] PHP Warning:  Undefined variable $selected in D:\wamp64\www\emsdemo\View\dropdown.php on line 34
[25-Sep-2023 17:27:09 Asia/Kolkata] PHP Stack trace:
[25-Sep-2023 17:27:09 Asia/Kolkata] PHP   1. {main}() D:\wamp64\www\emsdemo\View\dropdown.php:0
[25-Sep-2023 17:27:09 Asia/Kolkata] PHP Warning:  Undefined variable $selected in D:\wamp64\www\emsdemo\View\dropdown.php on line 34
[25-Sep-2023 17:27:09 Asia/Kolkata] PHP Stack trace:
[25-Sep-2023 17:27:09 Asia/Kolkata] PHP   1. {main}() D:\wamp64\www\emsdemo\View\dropdown.php:0
[25-Sep-2023 17:27:09 Asia/Kolkata] PHP Warning:  Undefined variable $selected in D:\wamp64\www\emsdemo\View\dropdown.php on line 34
[25-Sep-2023 17:27:09 Asia/Kolkata] PHP Stack trace:
[25-Sep-2023 17:27:09 Asia/Kolkata] PHP   1. {main}() D:\wamp64\www\emsdemo\View\dropdown.php:0
[25-Sep-2023 17:27:09 Asia/Kolkata] PHP Warning:  Undefined variable $selected in D:\wamp64\www\emsdemo\View\dropdown.php on line 34
[25-Sep-2023 17:27:09 Asia/Kolkata] PHP Stack trace:
[25-Sep-2023 17:27:09 Asia/Kolkata] PHP   1. {main}() D:\wamp64\www\emsdemo\View\dropdown.php:0
[25-Sep-2023 17:27:09 Asia/Kolkata] PHP Warning:  Undefined variable $selected in D:\wamp64\www\emsdemo\View\dropdown.php on line 34
[25-Sep-2023 17:27:09 Asia/Kolkata] PHP Stack trace:
[25-Sep-2023 17:27:09 Asia/Kolkata] PHP   1. {main}() D:\wamp64\www\emsdemo\View\dropdown.php:0
[25-Sep-2023 17:27:09 Asia/Kolkata] PHP Warning:  Undefined variable $selected in D:\wamp64\www\emsdemo\View\dropdown.php on line 34
[25-Sep-2023 17:27:09 Asia/Kolkata] PHP Stack trace:
[25-Sep-2023 17:27:09 Asia/Kolkata] PHP   1. {main}() D:\wamp64\www\emsdemo\View\dropdown.php:0
[25-Sep-2023 17:27:09 Asia/Kolkata] PHP Warning:  Undefined variable $selected in D:\wamp64\www\emsdemo\View\dropdown.php on line 34
[25-Sep-2023 17:27:09 Asia/Kolkata] PHP Stack trace:
[25-Sep-2023 17:27:09 Asia/Kolkata] PHP   1. {main}() D:\wamp64\www\emsdemo\View\dropdown.php:0
[25-Sep-2023 17:27:09 Asia/Kolkata] PHP Warning:  Undefined variable $selected in D:\wamp64\www\emsdemo\View\dropdown.php on line 34
[25-Sep-2023 17:27:09 Asia/Kolkata] PHP Stack trace:
[25-Sep-2023 17:27:09 Asia/Kolkata] PHP   1. {main}() D:\wamp64\www\emsdemo\View\dropdown.php:0
[25-Sep-2023 17:27:09 Asia/Kolkata] PHP Warning:  Undefined variable $selected in D:\wamp64\www\emsdemo\View\dropdown.php on line 34
[25-Sep-2023 17:27:09 Asia/Kolkata] PHP Stack trace:
[25-Sep-2023 17:27:09 Asia/Kolkata] PHP   1. {main}() D:\wamp64\www\emsdemo\View\dropdown.php:0
[25-Sep-2023 17:27:09 Asia/Kolkata] PHP Warning:  Undefined variable $selected in D:\wamp64\www\emsdemo\View\dropdown.php on line 34
[25-Sep-2023 17:27:09 Asia/Kolkata] PHP Stack trace:
[25-Sep-2023 17:27:09 Asia/Kolkata] PHP   1. {main}() D:\wamp64\www\emsdemo\View\dropdown.php:0
[25-Sep-2023 17:27:09 Asia/Kolkata] PHP Warning:  Undefined variable $selected in D:\wamp64\www\emsdemo\View\dropdown.php on line 34
[25-Sep-2023 17:27:09 Asia/Kolkata] PHP Stack trace:
[25-Sep-2023 17:27:09 Asia/Kolkata] PHP   1. {main}() D:\wamp64\www\emsdemo\View\dropdown.php:0
[25-Sep-2023 17:27:09 Asia/Kolkata] PHP Warning:  Undefined variable $selected in D:\wamp64\www\emsdemo\View\dropdown.php on line 34
[25-Sep-2023 17:27:09 Asia/Kolkata] PHP Stack trace:
[25-Sep-2023 17:27:09 Asia/Kolkata] PHP   1. {main}() D:\wamp64\www\emsdemo\View\dropdown.php:0
[25-Sep-2023 17:27:09 Asia/Kolkata] PHP Warning:  Undefined variable $selected in D:\wamp64\www\emsdemo\View\dropdown.php on line 34
[25-Sep-2023 17:27:09 Asia/Kolkata] PHP Stack trace:
[25-Sep-2023 17:27:09 Asia/Kolkata] PHP   1. {main}() D:\wamp64\www\emsdemo\View\dropdown.php:0
[25-Sep-2023 17:27:09 Asia/Kolkata] PHP Warning:  Undefined variable $selected in D:\wamp64\www\emsdemo\View\dropdown.php on line 34
[25-Sep-2023 17:27:09 Asia/Kolkata] PHP Stack trace:
[25-Sep-2023 17:27:09 Asia/Kolkata] PHP   1. {main}() D:\wamp64\www\emsdemo\View\dropdown.php:0
[25-Sep-2023 17:27:09 Asia/Kolkata] PHP Warning:  Undefined variable $selected in D:\wamp64\www\emsdemo\View\dropdown.php on line 34
[25-Sep-2023 17:27:09 Asia/Kolkata] PHP Stack trace:
[25-Sep-2023 17:27:09 Asia/Kolkata] PHP   1. {main}() D:\wamp64\www\emsdemo\View\dropdown.php:0
[25-Sep-2023 17:27:09 Asia/Kolkata] PHP Warning:  Undefined variable $selected in D:\wamp64\www\emsdemo\View\dropdown.php on line 34
[25-Sep-2023 17:27:09 Asia/Kolkata] PHP Stack trace:
[25-Sep-2023 17:27:09 Asia/Kolkata] PHP   1. {main}() D:\wamp64\www\emsdemo\View\dropdown.php:0
[25-Sep-2023 17:27:09 Asia/Kolkata] PHP Warning:  Undefined variable $selected in D:\wamp64\www\emsdemo\View\dropdown.php on line 34
[25-Sep-2023 17:27:09 Asia/Kolkata] PHP Stack trace:
[25-Sep-2023 17:27:09 Asia/Kolkata] PHP   1. {main}() D:\wamp64\www\emsdemo\View\dropdown.php:0
[25-Sep-2023 17:27:09 Asia/Kolkata] PHP Warning:  Undefined variable $selected in D:\wamp64\www\emsdemo\View\dropdown.php on line 34
[25-Sep-2023 17:27:09 Asia/Kolkata] PHP Stack trace:
[25-Sep-2023 17:27:09 Asia/Kolkata] PHP   1. {main}() D:\wamp64\www\emsdemo\View\dropdown.php:0
[25-Sep-2023 17:27:09 Asia/Kolkata] PHP Warning:  Undefined variable $selected in D:\wamp64\www\emsdemo\View\dropdown.php on line 34
[25-Sep-2023 17:27:09 Asia/Kolkata] PHP Stack trace:
[25-Sep-2023 17:27:09 Asia/Kolkata] PHP   1. {main}() D:\wamp64\www\emsdemo\View\dropdown.php:0
[25-Sep-2023 17:27:09 Asia/Kolkata] PHP Warning:  Undefined variable $selected in D:\wamp64\www\emsdemo\View\dropdown.php on line 34
[25-Sep-2023 17:27:09 Asia/Kolkata] PHP Stack trace:
[25-Sep-2023 17:27:09 Asia/Kolkata] PHP   1. {main}() D:\wamp64\www\emsdemo\View\dropdown.php:0
[25-Sep-2023 17:27:09 Asia/Kolkata] PHP Warning:  Undefined variable $selected in D:\wamp64\www\emsdemo\View\dropdown.php on line 34
[25-Sep-2023 17:27:09 Asia/Kolkata] PHP Stack trace:
[25-Sep-2023 17:27:09 Asia/Kolkata] PHP   1. {main}() D:\wamp64\www\emsdemo\View\dropdown.php:0
[25-Sep-2023 17:27:09 Asia/Kolkata] PHP Warning:  Undefined variable $selected in D:\wamp64\www\emsdemo\View\dropdown.php on line 34
[25-Sep-2023 17:27:09 Asia/Kolkata] PHP Stack trace:
[25-Sep-2023 17:27:09 Asia/Kolkata] PHP   1. {main}() D:\wamp64\www\emsdemo\View\dropdown.php:0
[25-Sep-2023 17:27:09 Asia/Kolkata] PHP Warning:  Undefined variable $selected in D:\wamp64\www\emsdemo\View\dropdown.php on line 34
[25-Sep-2023 17:27:09 Asia/Kolkata] PHP Stack trace:
[25-Sep-2023 17:27:09 Asia/Kolkata] PHP   1. {main}() D:\wamp64\www\emsdemo\View\dropdown.php:0
[25-Sep-2023 17:27:09 Asia/Kolkata] PHP Warning:  Undefined variable $selected in D:\wamp64\www\emsdemo\View\dropdown.php on line 34
[25-Sep-2023 17:27:09 Asia/Kolkata] PHP Stack trace:
[25-Sep-2023 17:27:09 Asia/Kolkata] PHP   1. {main}() D:\wamp64\www\emsdemo\View\dropdown.php:0
[25-Sep-2023 17:27:09 Asia/Kolkata] PHP Warning:  Undefined variable $selected in D:\wamp64\www\emsdemo\View\dropdown.php on line 34
[25-Sep-2023 17:27:09 Asia/Kolkata] PHP Stack trace:
[25-Sep-2023 17:27:09 Asia/Kolkata] PHP   1. {main}() D:\wamp64\www\emsdemo\View\dropdown.php:0
[25-Sep-2023 17:27:09 Asia/Kolkata] PHP Warning:  Undefined variable $selected in D:\wamp64\www\emsdemo\View\dropdown.php on line 34
[25-Sep-2023 17:27:09 Asia/Kolkata] PHP Stack trace:
[25-Sep-2023 17:27:09 Asia/Kolkata] PHP   1. {main}() D:\wamp64\www\emsdemo\View\dropdown.php:0
[25-Sep-2023 17:27:09 Asia/Kolkata] PHP Warning:  Undefined variable $selected in D:\wamp64\www\emsdemo\View\dropdown.php on line 34
[25-Sep-2023 17:27:09 Asia/Kolkata] PHP Stack trace:
[25-Sep-2023 17:27:09 Asia/Kolkata] PHP   1. {main}() D:\wamp64\www\emsdemo\View\dropdown.php:0
[25-Sep-2023 17:27:09 Asia/Kolkata] PHP Warning:  Undefined variable $selected in D:\wamp64\www\emsdemo\View\dropdown.php on line 34
[25-Sep-2023 17:27:09 Asia/Kolkata] PHP Stack trace:
[25-Sep-2023 17:27:09 Asia/Kolkata] PHP   1. {main}() D:\wamp64\www\emsdemo\View\dropdown.php:0
[25-Sep-2023 17:27:09 Asia/Kolkata] PHP Warning:  Undefined variable $selected in D:\wamp64\www\emsdemo\View\dropdown.php on line 34
[25-Sep-2023 17:27:09 Asia/Kolkata] PHP Stack trace:
[25-Sep-2023 17:27:09 Asia/Kolkata] PHP   1. {main}() D:\wamp64\www\emsdemo\View\dropdown.php:0
[25-Sep-2023 17:27:09 Asia/Kolkata] PHP Warning:  Undefined variable $selected in D:\wamp64\www\emsdemo\View\dropdown.php on line 34
[25-Sep-2023 17:27:09 Asia/Kolkata] PHP Stack trace:
[25-Sep-2023 17:27:09 Asia/Kolkata] PHP   1. {main}() D:\wamp64\www\emsdemo\View\dropdown.php:0
[25-Sep-2023 17:27:09 Asia/Kolkata] PHP Warning:  Undefined variable $selected in D:\wamp64\www\emsdemo\View\dropdown.php on line 34
[25-Sep-2023 17:27:09 Asia/Kolkata] PHP Stack trace:
[25-Sep-2023 17:27:09 Asia/Kolkata] PHP   1. {main}() D:\wamp64\www\emsdemo\View\dropdown.php:0
[25-Sep-2023 17:27:09 Asia/Kolkata] PHP Warning:  Undefined variable $selected in D:\wamp64\www\emsdemo\View\dropdown.php on line 34
[25-Sep-2023 17:27:09 Asia/Kolkata] PHP Stack trace:
[25-Sep-2023 17:27:09 Asia/Kolkata] PHP   1. {main}() D:\wamp64\www\emsdemo\View\dropdown.php:0
[25-Sep-2023 17:27:09 Asia/Kolkata] PHP Warning:  Undefined variable $selected in D:\wamp64\www\emsdemo\View\dropdown.php on line 34
[25-Sep-2023 17:27:09 Asia/Kolkata] PHP Stack trace:
[25-Sep-2023 17:27:09 Asia/Kolkata] PHP   1. {main}() D:\wamp64\www\emsdemo\View\dropdown.php:0
[25-Sep-2023 17:27:09 Asia/Kolkata] PHP Warning:  Undefined variable $selected in D:\wamp64\www\emsdemo\View\dropdown.php on line 34
[25-Sep-2023 17:27:09 Asia/Kolkata] PHP Stack trace:
[25-Sep-2023 17:27:09 Asia/Kolkata] PHP   1. {main}() D:\wamp64\www\emsdemo\View\dropdown.php:0
[25-Sep-2023 17:27:09 Asia/Kolkata] PHP Warning:  Undefined variable $selected in D:\wamp64\www\emsdemo\View\dropdown.php on line 34
[25-Sep-2023 17:27:09 Asia/Kolkata] PHP Stack trace:
[25-Sep-2023 17:27:09 Asia/Kolkata] PHP   1. {main}() D:\wamp64\www\emsdemo\View\dropdown.php:0
[25-Sep-2023 17:27:09 Asia/Kolkata] PHP Warning:  Undefined variable $selected in D:\wamp64\www\emsdemo\View\dropdown.php on line 34
[25-Sep-2023 17:27:09 Asia/Kolkata] PHP Stack trace:
[25-Sep-2023 17:27:09 Asia/Kolkata] PHP   1. {main}() D:\wamp64\www\emsdemo\View\dropdown.php:0
[25-Sep-2023 17:27:09 Asia/Kolkata] PHP Warning:  Undefined variable $selected in D:\wamp64\www\emsdemo\View\dropdown.php on line 34
[25-Sep-2023 17:27:09 Asia/Kolkata] PHP Stack trace:
[25-Sep-2023 17:27:09 Asia/Kolkata] PHP   1. {main}() D:\wamp64\www\emsdemo\View\dropdown.php:0
[25-Sep-2023 17:27:09 Asia/Kolkata] PHP Warning:  Undefined variable $selected in D:\wamp64\www\emsdemo\View\dropdown.php on line 34
[25-Sep-2023 17:27:09 Asia/Kolkata] PHP Stack trace:
[25-Sep-2023 17:27:09 Asia/Kolkata] PHP   1. {main}() D:\wamp64\www\emsdemo\View\dropdown.php:0
[25-Sep-2023 17:27:09 Asia/Kolkata] PHP Warning:  Undefined variable $selected in D:\wamp64\www\emsdemo\View\dropdown.php on line 34
[25-Sep-2023 17:27:09 Asia/Kolkata] PHP Stack trace:
[25-Sep-2023 17:27:09 Asia/Kolkata] PHP   1. {main}() D:\wamp64\www\emsdemo\View\dropdown.php:0
[25-Sep-2023 17:27:09 Asia/Kolkata] PHP Warning:  Undefined variable $selected in D:\wamp64\www\emsdemo\View\dropdown.php on line 34
[25-Sep-2023 17:27:09 Asia/Kolkata] PHP Stack trace:
[25-Sep-2023 17:27:09 Asia/Kolkata] PHP   1. {main}() D:\wamp64\www\emsdemo\View\dropdown.php:0
[25-Sep-2023 17:27:09 Asia/Kolkata] PHP Warning:  Undefined variable $selected in D:\wamp64\www\emsdemo\View\dropdown.php on line 34
[25-Sep-2023 17:27:09 Asia/Kolkata] PHP Stack trace:
[25-Sep-2023 17:27:09 Asia/Kolkata] PHP   1. {main}() D:\wamp64\www\emsdemo\View\dropdown.php:0
[25-Sep-2023 17:27:09 Asia/Kolkata] PHP Warning:  Undefined variable $selected in D:\wamp64\www\emsdemo\View\dropdown.php on line 34
[25-Sep-2023 17:27:09 Asia/Kolkata] PHP Stack trace:
[25-Sep-2023 17:27:09 Asia/Kolkata] PHP   1. {main}() D:\wamp64\www\emsdemo\View\dropdown.php:0
[25-Sep-2023 17:27:09 Asia/Kolkata] PHP Warning:  Undefined variable $selected in D:\wamp64\www\emsdemo\View\dropdown.php on line 34
[25-Sep-2023 17:27:09 Asia/Kolkata] PHP Stack trace:
[25-Sep-2023 17:27:09 Asia/Kolkata] PHP   1. {main}() D:\wamp64\www\emsdemo\View\dropdown.php:0
[25-Sep-2023 17:27:09 Asia/Kolkata] PHP Warning:  Undefined variable $selected in D:\wamp64\www\emsdemo\View\dropdown.php on line 34
[25-Sep-2023 17:27:09 Asia/Kolkata] PHP Stack trace:
[25-Sep-2023 17:27:09 Asia/Kolkata] PHP   1. {main}() D:\wamp64\www\emsdemo\View\dropdown.php:0
[25-Sep-2023 17:27:09 Asia/Kolkata] PHP Warning:  Undefined variable $selected in D:\wamp64\www\emsdemo\View\dropdown.php on line 34
[25-Sep-2023 17:27:09 Asia/Kolkata] PHP Stack trace:
[25-Sep-2023 17:27:09 Asia/Kolkata] PHP   1. {main}() D:\wamp64\www\emsdemo\View\dropdown.php:0
[25-Sep-2023 17:27:09 Asia/Kolkata] PHP Warning:  Undefined variable $selected in D:\wamp64\www\emsdemo\View\dropdown.php on line 34
[25-Sep-2023 17:27:09 Asia/Kolkata] PHP Stack trace:
[25-Sep-2023 17:27:09 Asia/Kolkata] PHP   1. {main}() D:\wamp64\www\emsdemo\View\dropdown.php:0
[25-Sep-2023 17:27:09 Asia/Kolkata] PHP Warning:  Undefined variable $selected in D:\wamp64\www\emsdemo\View\dropdown.php on line 34
[25-Sep-2023 17:27:09 Asia/Kolkata] PHP Stack trace:
[25-Sep-2023 17:27:09 Asia/Kolkata] PHP   1. {main}() D:\wamp64\www\emsdemo\View\dropdown.php:0
[25-Sep-2023 17:27:09 Asia/Kolkata] PHP Warning:  Undefined variable $selected in D:\wamp64\www\emsdemo\View\dropdown.php on line 34
[25-Sep-2023 17:27:09 Asia/Kolkata] PHP Stack trace:
[25-Sep-2023 17:27:09 Asia/Kolkata] PHP   1. {main}() D:\wamp64\www\emsdemo\View\dropdown.php:0
[25-Sep-2023 17:27:09 Asia/Kolkata] PHP Warning:  Undefined variable $selected in D:\wamp64\www\emsdemo\View\dropdown.php on line 34
[25-Sep-2023 17:27:09 Asia/Kolkata] PHP Stack trace:
[25-Sep-2023 17:27:09 Asia/Kolkata] PHP   1. {main}() D:\wamp64\www\emsdemo\View\dropdown.php:0
[25-Sep-2023 17:27:09 Asia/Kolkata] PHP Warning:  Undefined variable $selected in D:\wamp64\www\emsdemo\View\dropdown.php on line 34
[25-Sep-2023 17:27:09 Asia/Kolkata] PHP Stack trace:
[25-Sep-2023 17:27:09 Asia/Kolkata] PHP   1. {main}() D:\wamp64\www\emsdemo\View\dropdown.php:0
[25-Sep-2023 17:27:09 Asia/Kolkata] PHP Warning:  Undefined variable $selected in D:\wamp64\www\emsdemo\View\dropdown.php on line 34
[25-Sep-2023 17:27:09 Asia/Kolkata] PHP Stack trace:
[25-Sep-2023 17:27:09 Asia/Kolkata] PHP   1. {main}() D:\wamp64\www\emsdemo\View\dropdown.php:0
[25-Sep-2023 17:27:09 Asia/Kolkata] PHP Warning:  Undefined variable $selected in D:\wamp64\www\emsdemo\View\dropdown.php on line 34
[25-Sep-2023 17:27:09 Asia/Kolkata] PHP Stack trace:
[25-Sep-2023 17:27:09 Asia/Kolkata] PHP   1. {main}() D:\wamp64\www\emsdemo\View\dropdown.php:0
[25-Sep-2023 17:27:09 Asia/Kolkata] PHP Warning:  Undefined variable $selected in D:\wamp64\www\emsdemo\View\dropdown.php on line 34
[25-Sep-2023 17:27:09 Asia/Kolkata] PHP Stack trace:
[25-Sep-2023 17:27:09 Asia/Kolkata] PHP   1. {main}() D:\wamp64\www\emsdemo\View\dropdown.php:0
[25-Sep-2023 17:27:09 Asia/Kolkata] PHP Warning:  Undefined variable $selected in D:\wamp64\www\emsdemo\View\dropdown.php on line 34
[25-Sep-2023 17:27:09 Asia/Kolkata] PHP Stack trace:
[25-Sep-2023 17:27:09 Asia/Kolkata] PHP   1. {main}() D:\wamp64\www\emsdemo\View\dropdown.php:0
[25-Sep-2023 17:27:09 Asia/Kolkata] PHP Warning:  Undefined variable $selected in D:\wamp64\www\emsdemo\View\dropdown.php on line 34
[25-Sep-2023 17:27:09 Asia/Kolkata] PHP Stack trace:
[25-Sep-2023 17:27:09 Asia/Kolkata] PHP   1. {main}() D:\wamp64\www\emsdemo\View\dropdown.php:0
[25-Sep-2023 17:27:09 Asia/Kolkata] PHP Warning:  Undefined variable $selected in D:\wamp64\www\emsdemo\View\dropdown.php on line 34
[25-Sep-2023 17:27:09 Asia/Kolkata] PHP Stack trace:
[25-Sep-2023 17:27:09 Asia/Kolkata] PHP   1. {main}() D:\wamp64\www\emsdemo\View\dropdown.php:0
[25-Sep-2023 17:27:09 Asia/Kolkata] PHP Warning:  Undefined variable $selected in D:\wamp64\www\emsdemo\View\dropdown.php on line 34
[25-Sep-2023 17:27:10 Asia/Kolkata] PHP Stack trace:
[25-Sep-2023 17:27:10 Asia/Kolkata] PHP   1. {main}() D:\wamp64\www\emsdemo\View\dropdown.php:0
[25-Sep-2023 17:27:10 Asia/Kolkata] PHP Warning:  Undefined variable $selected in D:\wamp64\www\emsdemo\View\dropdown.php on line 34
[25-Sep-2023 17:27:10 Asia/Kolkata] PHP Stack trace:
[25-Sep-2023 17:27:10 Asia/Kolkata] PHP   1. {main}() D:\wamp64\www\emsdemo\View\dropdown.php:0
[25-Sep-2023 17:27:10 Asia/Kolkata] PHP Warning:  Undefined variable $selected in D:\wamp64\www\emsdemo\View\dropdown.php on line 34
[25-Sep-2023 17:27:10 Asia/Kolkata] PHP Stack trace:
[25-Sep-2023 17:27:10 Asia/Kolkata] PHP   1. {main}() D:\wamp64\www\emsdemo\View\dropdown.php:0
[25-Sep-2023 17:27:10 Asia/Kolkata] PHP Warning:  Undefined variable $selected in D:\wamp64\www\emsdemo\View\dropdown.php on line 34
[25-Sep-2023 17:27:10 Asia/Kolkata] PHP Stack trace:
[25-Sep-2023 17:27:10 Asia/Kolkata] PHP   1. {main}() D:\wamp64\www\emsdemo\View\dropdown.php:0
[25-Sep-2023 17:27:10 Asia/Kolkata] PHP Warning:  Undefined variable $selected in D:\wamp64\www\emsdemo\View\dropdown.php on line 34
[25-Sep-2023 17:27:10 Asia/Kolkata] PHP Stack trace:
[25-Sep-2023 17:27:10 Asia/Kolkata] PHP   1. {main}() D:\wamp64\www\emsdemo\View\dropdown.php:0
[25-Sep-2023 17:27:10 Asia/Kolkata] PHP Warning:  Undefined variable $selected in D:\wamp64\www\emsdemo\View\dropdown.php on line 34
[25-Sep-2023 17:27:10 Asia/Kolkata] PHP Stack trace:
[25-Sep-2023 17:27:10 Asia/Kolkata] PHP   1. {main}() D:\wamp64\www\emsdemo\View\dropdown.php:0
[25-Sep-2023 17:27:10 Asia/Kolkata] PHP Warning:  Undefined variable $selected in D:\wamp64\www\emsdemo\View\dropdown.php on line 34
[25-Sep-2023 17:27:10 Asia/Kolkata] PHP Stack trace:
[25-Sep-2023 17:27:10 Asia/Kolkata] PHP   1. {main}() D:\wamp64\www\emsdemo\View\dropdown.php:0
[25-Sep-2023 17:27:10 Asia/Kolkata] PHP Warning:  Undefined variable $selected in D:\wamp64\www\emsdemo\View\dropdown.php on line 34
[25-Sep-2023 17:27:10 Asia/Kolkata] PHP Stack trace:
[25-Sep-2023 17:27:10 Asia/Kolkata] PHP   1. {main}() D:\wamp64\www\emsdemo\View\dropdown.php:0
[25-Sep-2023 17:27:10 Asia/Kolkata] PHP Warning:  Undefined variable $selected in D:\wamp64\www\emsdemo\View\dropdown.php on line 34
[25-Sep-2023 17:27:10 Asia/Kolkata] PHP Stack trace:
[25-Sep-2023 17:27:10 Asia/Kolkata] PHP   1. {main}() D:\wamp64\www\emsdemo\View\dropdown.php:0
[25-Sep-2023 17:27:10 Asia/Kolkata] PHP Warning:  Undefined variable $selected in D:\wamp64\www\emsdemo\View\dropdown.php on line 34
[25-Sep-2023 17:27:10 Asia/Kolkata] PHP Stack trace:
[25-Sep-2023 17:27:10 Asia/Kolkata] PHP   1. {main}() D:\wamp64\www\emsdemo\View\dropdown.php:0
[25-Sep-2023 17:27:10 Asia/Kolkata] PHP Warning:  Undefined variable $selected in D:\wamp64\www\emsdemo\View\dropdown.php on line 34
[25-Sep-2023 17:27:10 Asia/Kolkata] PHP Stack trace:
[25-Sep-2023 17:27:10 Asia/Kolkata] PHP   1. {main}() D:\wamp64\www\emsdemo\View\dropdown.php:0
[25-Sep-2023 17:27:10 Asia/Kolkata] PHP Warning:  Undefined variable $selected in D:\wamp64\www\emsdemo\View\dropdown.php on line 34
[25-Sep-2023 17:27:10 Asia/Kolkata] PHP Stack trace:
[25-Sep-2023 17:27:10 Asia/Kolkata] PHP   1. {main}() D:\wamp64\www\emsdemo\View\dropdown.php:0
[25-Sep-2023 17:27:10 Asia/Kolkata] PHP Warning:  Undefined variable $selected in D:\wamp64\www\emsdemo\View\dropdown.php on line 34
[25-Sep-2023 17:27:10 Asia/Kolkata] PHP Stack trace:
[25-Sep-2023 17:27:10 Asia/Kolkata] PHP   1. {main}() D:\wamp64\www\emsdemo\View\dropdown.php:0
[25-Sep-2023 17:27:10 Asia/Kolkata] PHP Warning:  Undefined variable $selected in D:\wamp64\www\emsdemo\View\dropdown.php on line 34
[25-Sep-2023 17:27:10 Asia/Kolkata] PHP Stack trace:
[25-Sep-2023 17:27:10 Asia/Kolkata] PHP   1. {main}() D:\wamp64\www\emsdemo\View\dropdown.php:0
[25-Sep-2023 17:27:10 Asia/Kolkata] PHP Warning:  Undefined variable $selected in D:\wamp64\www\emsdemo\View\dropdown.php on line 34
[25-Sep-2023 17:27:10 Asia/Kolkata] PHP Stack trace:
[25-Sep-2023 17:27:10 Asia/Kolkata] PHP   1. {main}() D:\wamp64\www\emsdemo\View\dropdown.php:0
[25-Sep-2023 17:27:10 Asia/Kolkata] PHP Warning:  Undefined variable $selected in D:\wamp64\www\emsdemo\View\dropdown.php on line 34
[25-Sep-2023 17:27:10 Asia/Kolkata] PHP Stack trace:
[25-Sep-2023 17:27:10 Asia/Kolkata] PHP   1. {main}() D:\wamp64\www\emsdemo\View\dropdown.php:0
[25-Sep-2023 17:27:10 Asia/Kolkata] PHP Warning:  Undefined variable $selected in D:\wamp64\www\emsdemo\View\dropdown.php on line 34
[25-Sep-2023 17:27:10 Asia/Kolkata] PHP Stack trace:
[25-Sep-2023 17:27:10 Asia/Kolkata] PHP   1. {main}() D:\wamp64\www\emsdemo\View\dropdown.php:0
[25-Sep-2023 17:27:10 Asia/Kolkata] PHP Warning:  Undefined variable $selected in D:\wamp64\www\emsdemo\View\dropdown.php on line 34
[25-Sep-2023 17:27:10 Asia/Kolkata] PHP Stack trace:
[25-Sep-2023 17:27:10 Asia/Kolkata] PHP   1. {main}() D:\wamp64\www\emsdemo\View\dropdown.php:0
[25-Sep-2023 17:27:10 Asia/Kolkata] PHP Warning:  Undefined variable $selected in D:\wamp64\www\emsdemo\View\dropdown.php on line 34
[25-Sep-2023 17:27:10 Asia/Kolkata] PHP Stack trace:
[25-Sep-2023 17:27:10 Asia/Kolkata] PHP   1. {main}() D:\wamp64\www\emsdemo\View\dropdown.php:0
[25-Sep-2023 17:27:10 Asia/Kolkata] PHP Warning:  Undefined variable $selected in D:\wamp64\www\emsdemo\View\dropdown.php on line 34
[25-Sep-2023 17:27:10 Asia/Kolkata] PHP Stack trace:
[25-Sep-2023 17:27:10 Asia/Kolkata] PHP   1. {main}() D:\wamp64\www\emsdemo\View\dropdown.php:0
[25-Sep-2023 17:27:10 Asia/Kolkata] PHP Warning:  Undefined variable $selected in D:\wamp64\www\emsdemo\View\dropdown.php on line 34
[25-Sep-2023 17:27:10 Asia/Kolkata] PHP Stack trace:
[25-Sep-2023 17:27:10 Asia/Kolkata] PHP   1. {main}() D:\wamp64\www\emsdemo\View\dropdown.php:0
[25-Sep-2023 17:27:10 Asia/Kolkata] PHP Warning:  Undefined variable $selected in D:\wamp64\www\emsdemo\View\dropdown.php on line 34
[25-Sep-2023 17:27:10 Asia/Kolkata] PHP Stack trace:
[25-Sep-2023 17:27:10 Asia/Kolkata] PHP   1. {main}() D:\wamp64\www\emsdemo\View\dropdown.php:0
[25-Sep-2023 17:27:10 Asia/Kolkata] PHP Warning:  Undefined variable $selected in D:\wamp64\www\emsdemo\View\dropdown.php on line 34
[25-Sep-2023 17:27:10 Asia/Kolkata] PHP Stack trace:
[25-Sep-2023 17:27:10 Asia/Kolkata] PHP   1. {main}() D:\wamp64\www\emsdemo\View\dropdown.php:0
[25-Sep-2023 17:27:10 Asia/Kolkata] PHP Warning:  Undefined variable $selected in D:\wamp64\www\emsdemo\View\dropdown.php on line 34
[25-Sep-2023 17:27:10 Asia/Kolkata] PHP Stack trace:
[25-Sep-2023 17:27:10 Asia/Kolkata] PHP   1. {main}() D:\wamp64\www\emsdemo\View\dropdown.php:0
[25-Sep-2023 17:27:10 Asia/Kolkata] PHP Warning:  Undefined variable $selected in D:\wamp64\www\emsdemo\View\dropdown.php on line 34
[25-Sep-2023 17:27:10 Asia/Kolkata] PHP Stack trace:
[25-Sep-2023 17:27:10 Asia/Kolkata] PHP   1. {main}() D:\wamp64\www\emsdemo\View\dropdown.php:0
[25-Sep-2023 17:27:10 Asia/Kolkata] PHP Warning:  Undefined variable $selected in D:\wamp64\www\emsdemo\View\dropdown.php on line 34
[25-Sep-2023 17:27:10 Asia/Kolkata] PHP Stack trace:
[25-Sep-2023 17:27:10 Asia/Kolkata] PHP   1. {main}() D:\wamp64\www\emsdemo\View\dropdown.php:0
[25-Sep-2023 17:27:10 Asia/Kolkata] PHP Warning:  Undefined variable $selected in D:\wamp64\www\emsdemo\View\dropdown.php on line 34
[25-Sep-2023 17:27:10 Asia/Kolkata] PHP Stack trace:
[25-Sep-2023 17:27:10 Asia/Kolkata] PHP   1. {main}() D:\wamp64\www\emsdemo\View\dropdown.php:0
[25-Sep-2023 17:27:10 Asia/Kolkata] PHP Warning:  Undefined variable $selected in D:\wamp64\www\emsdemo\View\dropdown.php on line 34
[25-Sep-2023 17:27:10 Asia/Kolkata] PHP Stack trace:
[25-Sep-2023 17:27:10 Asia/Kolkata] PHP   1. {main}() D:\wamp64\www\emsdemo\View\dropdown.php:0
[25-Sep-2023 17:27:10 Asia/Kolkata] PHP Warning:  Undefined variable $selected in D:\wamp64\www\emsdemo\View\dropdown.php on line 34
[25-Sep-2023 17:27:10 Asia/Kolkata] PHP Stack trace:
[25-Sep-2023 17:27:10 Asia/Kolkata] PHP   1. {main}() D:\wamp64\www\emsdemo\View\dropdown.php:0
[25-Sep-2023 17:27:10 Asia/Kolkata] PHP Warning:  Undefined variable $selected in D:\wamp64\www\emsdemo\View\dropdown.php on line 34
[25-Sep-2023 17:27:10 Asia/Kolkata] PHP Stack trace:
[25-Sep-2023 17:27:10 Asia/Kolkata] PHP   1. {main}() D:\wamp64\www\emsdemo\View\dropdown.php:0
[25-Sep-2023 17:27:10 Asia/Kolkata] PHP Warning:  Undefined variable $selected in D:\wamp64\www\emsdemo\View\dropdown.php on line 34
[25-Sep-2023 17:27:10 Asia/Kolkata] PHP Stack trace:
[25-Sep-2023 17:27:10 Asia/Kolkata] PHP   1. {main}() D:\wamp64\www\emsdemo\View\dropdown.php:0
[25-Sep-2023 17:27:10 Asia/Kolkata] PHP Warning:  Undefined variable $selected in D:\wamp64\www\emsdemo\View\dropdown.php on line 34
[25-Sep-2023 17:27:10 Asia/Kolkata] PHP Stack trace:
[25-Sep-2023 17:27:10 Asia/Kolkata] PHP   1. {main}() D:\wamp64\www\emsdemo\View\dropdown.php:0
[25-Sep-2023 17:27:10 Asia/Kolkata] PHP Warning:  Undefined variable $selected in D:\wamp64\www\emsdemo\View\dropdown.php on line 34
[25-Sep-2023 17:27:10 Asia/Kolkata] PHP Stack trace:
[25-Sep-2023 17:27:10 Asia/Kolkata] PHP   1. {main}() D:\wamp64\www\emsdemo\View\dropdown.php:0
[25-Sep-2023 17:27:10 Asia/Kolkata] PHP Warning:  Undefined variable $selected in D:\wamp64\www\emsdemo\View\dropdown.php on line 34
[25-Sep-2023 17:27:10 Asia/Kolkata] PHP Stack trace:
[25-Sep-2023 17:27:10 Asia/Kolkata] PHP   1. {main}() D:\wamp64\www\emsdemo\View\dropdown.php:0
[25-Sep-2023 17:27:10 Asia/Kolkata] PHP Warning:  Undefined variable $selected in D:\wamp64\www\emsdemo\View\dropdown.php on line 34
[25-Sep-2023 17:27:10 Asia/Kolkata] PHP Stack trace:
[25-Sep-2023 17:27:10 Asia/Kolkata] PHP   1. {main}() D:\wamp64\www\emsdemo\View\dropdown.php:0
[25-Sep-2023 17:27:10 Asia/Kolkata] PHP Warning:  Undefined variable $selected in D:\wamp64\www\emsdemo\View\dropdown.php on line 34
[25-Sep-2023 17:27:10 Asia/Kolkata] PHP Stack trace:
[25-Sep-2023 17:27:10 Asia/Kolkata] PHP   1. {main}() D:\wamp64\www\emsdemo\View\dropdown.php:0
[25-Sep-2023 17:27:10 Asia/Kolkata] PHP Warning:  Undefined variable $selected in D:\wamp64\www\emsdemo\View\dropdown.php on line 34
[25-Sep-2023 17:27:10 Asia/Kolkata] PHP Stack trace:
[25-Sep-2023 17:27:10 Asia/Kolkata] PHP   1. {main}() D:\wamp64\www\emsdemo\View\dropdown.php:0
[25-Sep-2023 17:27:10 Asia/Kolkata] PHP Warning:  Undefined variable $selected in D:\wamp64\www\emsdemo\View\dropdown.php on line 34
[25-Sep-2023 17:27:10 Asia/Kolkata] PHP Stack trace:
[25-Sep-2023 17:27:10 Asia/Kolkata] PHP   1. {main}() D:\wamp64\www\emsdemo\View\dropdown.php:0
[25-Sep-2023 17:27:10 Asia/Kolkata] PHP Warning:  Undefined variable $selected in D:\wamp64\www\emsdemo\View\dropdown.php on line 34
[25-Sep-2023 17:27:10 Asia/Kolkata] PHP Stack trace:
[25-Sep-2023 17:27:10 Asia/Kolkata] PHP   1. {main}() D:\wamp64\www\emsdemo\View\dropdown.php:0
[25-Sep-2023 17:27:10 Asia/Kolkata] PHP Warning:  Undefined variable $selected in D:\wamp64\www\emsdemo\View\dropdown.php on line 34
[25-Sep-2023 17:27:10 Asia/Kolkata] PHP Stack trace:
[25-Sep-2023 17:27:10 Asia/Kolkata] PHP   1. {main}() D:\wamp64\www\emsdemo\View\dropdown.php:0
[25-Sep-2023 17:27:10 Asia/Kolkata] PHP Warning:  Undefined variable $selected in D:\wamp64\www\emsdemo\View\dropdown.php on line 34
[25-Sep-2023 17:27:10 Asia/Kolkata] PHP Stack trace:
[25-Sep-2023 17:27:10 Asia/Kolkata] PHP   1. {main}() D:\wamp64\www\emsdemo\View\dropdown.php:0
[25-Sep-2023 17:27:10 Asia/Kolkata] PHP Warning:  Undefined variable $selected in D:\wamp64\www\emsdemo\View\dropdown.php on line 34
[25-Sep-2023 17:27:10 Asia/Kolkata] PHP Stack trace:
[25-Sep-2023 17:27:10 Asia/Kolkata] PHP   1. {main}() D:\wamp64\www\emsdemo\View\dropdown.php:0
[25-Sep-2023 17:27:10 Asia/Kolkata] PHP Warning:  Undefined variable $selected in D:\wamp64\www\emsdemo\View\dropdown.php on line 34
[25-Sep-2023 17:27:10 Asia/Kolkata] PHP Stack trace:
[25-Sep-2023 17:27:10 Asia/Kolkata] PHP   1. {main}() D:\wamp64\www\emsdemo\View\dropdown.php:0
[25-Sep-2023 17:27:10 Asia/Kolkata] PHP Warning:  Undefined variable $selected in D:\wamp64\www\emsdemo\View\dropdown.php on line 34
[25-Sep-2023 17:27:10 Asia/Kolkata] PHP Stack trace:
[25-Sep-2023 17:27:10 Asia/Kolkata] PHP   1. {main}() D:\wamp64\www\emsdemo\View\dropdown.php:0
[25-Sep-2023 17:27:10 Asia/Kolkata] PHP Warning:  Undefined variable $selected in D:\wamp64\www\emsdemo\View\dropdown.php on line 34
[25-Sep-2023 17:27:10 Asia/Kolkata] PHP Stack trace:
[25-Sep-2023 17:27:10 Asia/Kolkata] PHP   1. {main}() D:\wamp64\www\emsdemo\View\dropdown.php:0
[25-Sep-2023 17:27:10 Asia/Kolkata] PHP Warning:  Undefined variable $selected in D:\wamp64\www\emsdemo\View\dropdown.php on line 34
[25-Sep-2023 17:27:10 Asia/Kolkata] PHP Stack trace:
[25-Sep-2023 17:27:10 Asia/Kolkata] PHP   1. {main}() D:\wamp64\www\emsdemo\View\dropdown.php:0
[25-Sep-2023 17:27:10 Asia/Kolkata] PHP Warning:  Undefined variable $selected in D:\wamp64\www\emsdemo\View\dropdown.php on line 34
[25-Sep-2023 17:27:10 Asia/Kolkata] PHP Stack trace:
[25-Sep-2023 17:27:10 Asia/Kolkata] PHP   1. {main}() D:\wamp64\www\emsdemo\View\dropdown.php:0
[25-Sep-2023 17:27:10 Asia/Kolkata] PHP Warning:  Undefined variable $selected in D:\wamp64\www\emsdemo\View\dropdown.php on line 34
[25-Sep-2023 17:27:10 Asia/Kolkata] PHP Stack trace:
[25-Sep-2023 17:27:10 Asia/Kolkata] PHP   1. {main}() D:\wamp64\www\emsdemo\View\dropdown.php:0
[25-Sep-2023 17:27:10 Asia/Kolkata] PHP Warning:  Undefined variable $selected in D:\wamp64\www\emsdemo\View\dropdown.php on line 34
[25-Sep-2023 17:27:10 Asia/Kolkata] PHP Stack trace:
[25-Sep-2023 17:27:10 Asia/Kolkata] PHP   1. {main}() D:\wamp64\www\emsdemo\View\dropdown.php:0
[25-Sep-2023 17:27:10 Asia/Kolkata] PHP Warning:  Undefined variable $selected in D:\wamp64\www\emsdemo\View\dropdown.php on line 34
[25-Sep-2023 17:27:10 Asia/Kolkata] PHP Stack trace:
[25-Sep-2023 17:27:10 Asia/Kolkata] PHP   1. {main}() D:\wamp64\www\emsdemo\View\dropdown.php:0
[25-Sep-2023 17:27:10 Asia/Kolkata] PHP Warning:  Undefined variable $selected in D:\wamp64\www\emsdemo\View\dropdown.php on line 34
[25-Sep-2023 17:27:10 Asia/Kolkata] PHP Stack trace:
[25-Sep-2023 17:27:10 Asia/Kolkata] PHP   1. {main}() D:\wamp64\www\emsdemo\View\dropdown.php:0
[25-Sep-2023 17:27:10 Asia/Kolkata] PHP Warning:  Undefined variable $selected in D:\wamp64\www\emsdemo\View\dropdown.php on line 34
[25-Sep-2023 17:27:10 Asia/Kolkata] PHP Stack trace:
[25-Sep-2023 17:27:10 Asia/Kolkata] PHP   1. {main}() D:\wamp64\www\emsdemo\View\dropdown.php:0
[25-Sep-2023 17:27:10 Asia/Kolkata] PHP Warning:  Undefined variable $selected in D:\wamp64\www\emsdemo\View\dropdown.php on line 34
[25-Sep-2023 17:27:10 Asia/Kolkata] PHP Stack trace:
[25-Sep-2023 17:27:10 Asia/Kolkata] PHP   1. {main}() D:\wamp64\www\emsdemo\View\dropdown.php:0
[25-Sep-2023 17:27:10 Asia/Kolkata] PHP Warning:  Undefined variable $selected in D:\wamp64\www\emsdemo\View\dropdown.php on line 34
[25-Sep-2023 17:27:10 Asia/Kolkata] PHP Stack trace:
[25-Sep-2023 17:27:10 Asia/Kolkata] PHP   1. {main}() D:\wamp64\www\emsdemo\View\dropdown.php:0
[25-Sep-2023 17:27:10 Asia/Kolkata] PHP Warning:  Undefined variable $selected in D:\wamp64\www\emsdemo\View\dropdown.php on line 34
[25-Sep-2023 17:27:10 Asia/Kolkata] PHP Stack trace:
[25-Sep-2023 17:27:10 Asia/Kolkata] PHP   1. {main}() D:\wamp64\www\emsdemo\View\dropdown.php:0
[25-Sep-2023 17:27:10 Asia/Kolkata] PHP Warning:  Undefined variable $selected in D:\wamp64\www\emsdemo\View\dropdown.php on line 34
[25-Sep-2023 17:27:10 Asia/Kolkata] PHP Stack trace:
[25-Sep-2023 17:27:10 Asia/Kolkata] PHP   1. {main}() D:\wamp64\www\emsdemo\View\dropdown.php:0
[25-Sep-2023 17:27:10 Asia/Kolkata] PHP Warning:  Undefined variable $selected in D:\wamp64\www\emsdemo\View\dropdown.php on line 34
[25-Sep-2023 17:27:10 Asia/Kolkata] PHP Stack trace:
[25-Sep-2023 17:27:10 Asia/Kolkata] PHP   1. {main}() D:\wamp64\www\emsdemo\View\dropdown.php:0
[25-Sep-2023 17:27:10 Asia/Kolkata] PHP Warning:  Undefined variable $selected in D:\wamp64\www\emsdemo\View\dropdown.php on line 34
[25-Sep-2023 17:27:10 Asia/Kolkata] PHP Stack trace:
[25-Sep-2023 17:27:10 Asia/Kolkata] PHP   1. {main}() D:\wamp64\www\emsdemo\View\dropdown.php:0
[25-Sep-2023 17:27:10 Asia/Kolkata] PHP Warning:  Undefined variable $selected in D:\wamp64\www\emsdemo\View\dropdown.php on line 34
[25-Sep-2023 17:27:10 Asia/Kolkata] PHP Stack trace:
[25-Sep-2023 17:27:10 Asia/Kolkata] PHP   1. {main}() D:\wamp64\www\emsdemo\View\dropdown.php:0
[25-Sep-2023 17:27:10 Asia/Kolkata] PHP Warning:  Undefined variable $selected in D:\wamp64\www\emsdemo\View\dropdown.php on line 34
[25-Sep-2023 17:27:10 Asia/Kolkata] PHP Stack trace:
[25-Sep-2023 17:27:10 Asia/Kolkata] PHP   1. {main}() D:\wamp64\www\emsdemo\View\dropdown.php:0
[25-Sep-2023 17:27:10 Asia/Kolkata] PHP Warning:  Undefined variable $selected in D:\wamp64\www\emsdemo\View\dropdown.php on line 34
[25-Sep-2023 17:27:10 Asia/Kolkata] PHP Stack trace:
[25-Sep-2023 17:27:10 Asia/Kolkata] PHP   1. {main}() D:\wamp64\www\emsdemo\View\dropdown.php:0
[25-Sep-2023 17:27:10 Asia/Kolkata] PHP Warning:  Undefined variable $selected in D:\wamp64\www\emsdemo\View\dropdown.php on line 34
[25-Sep-2023 17:27:10 Asia/Kolkata] PHP Stack trace:
[25-Sep-2023 17:27:10 Asia/Kolkata] PHP   1. {main}() D:\wamp64\www\emsdemo\View\dropdown.php:0
[25-Sep-2023 17:27:10 Asia/Kolkata] PHP Warning:  Undefined variable $selected in D:\wamp64\www\emsdemo\View\dropdown.php on line 34
[25-Sep-2023 17:27:10 Asia/Kolkata] PHP Stack trace:
[25-Sep-2023 17:27:10 Asia/Kolkata] PHP   1. {main}() D:\wamp64\www\emsdemo\View\dropdown.php:0
[25-Sep-2023 17:27:10 Asia/Kolkata] PHP Warning:  Undefined variable $selected in D:\wamp64\www\emsdemo\View\dropdown.php on line 34
[25-Sep-2023 17:27:10 Asia/Kolkata] PHP Stack trace:
[25-Sep-2023 17:27:10 Asia/Kolkata] PHP   1. {main}() D:\wamp64\www\emsdemo\View\dropdown.php:0
[25-Sep-2023 17:27:10 Asia/Kolkata] PHP Warning:  Undefined variable $selected in D:\wamp64\www\emsdemo\View\dropdown.php on line 34
[25-Sep-2023 17:27:10 Asia/Kolkata] PHP Stack trace:
[25-Sep-2023 17:27:10 Asia/Kolkata] PHP   1. {main}() D:\wamp64\www\emsdemo\View\dropdown.php:0
[25-Sep-2023 17:27:10 Asia/Kolkata] PHP Warning:  Undefined variable $selected in D:\wamp64\www\emsdemo\View\dropdown.php on line 34
[25-Sep-2023 17:27:10 Asia/Kolkata] PHP Stack trace:
[25-Sep-2023 17:27:10 Asia/Kolkata] PHP   1. {main}() D:\wamp64\www\emsdemo\View\dropdown.php:0
[25-Sep-2023 17:27:10 Asia/Kolkata] PHP Warning:  Undefined variable $selected in D:\wamp64\www\emsdemo\View\dropdown.php on line 34
[25-Sep-2023 17:27:10 Asia/Kolkata] PHP Stack trace:
[25-Sep-2023 17:27:10 Asia/Kolkata] PHP   1. {main}() D:\wamp64\www\emsdemo\View\dropdown.php:0
[25-Sep-2023 17:27:10 Asia/Kolkata] PHP Warning:  Undefined variable $selected in D:\wamp64\www\emsdemo\View\dropdown.php on line 34
[25-Sep-2023 17:27:10 Asia/Kolkata] PHP Stack trace:
[25-Sep-2023 17:27:10 Asia/Kolkata] PHP   1. {main}() D:\wamp64\www\emsdemo\View\dropdown.php:0
[25-Sep-2023 17:27:10 Asia/Kolkata] PHP Warning:  Undefined variable $selected in D:\wamp64\www\emsdemo\View\dropdown.php on line 34
[25-Sep-2023 17:27:10 Asia/Kolkata] PHP Stack trace:
[25-Sep-2023 17:27:10 Asia/Kolkata] PHP   1. {main}() D:\wamp64\www\emsdemo\View\dropdown.php:0
[25-Sep-2023 17:27:10 Asia/Kolkata] PHP Warning:  Undefined variable $selected in D:\wamp64\www\emsdemo\View\dropdown.php on line 34
[25-Sep-2023 17:27:10 Asia/Kolkata] PHP Stack trace:
[25-Sep-2023 17:27:10 Asia/Kolkata] PHP   1. {main}() D:\wamp64\www\emsdemo\View\dropdown.php:0
[25-Sep-2023 17:27:10 Asia/Kolkata] PHP Warning:  Undefined variable $selected in D:\wamp64\www\emsdemo\View\dropdown.php on line 34
[25-Sep-2023 17:27:10 Asia/Kolkata] PHP Stack trace:
[25-Sep-2023 17:27:10 Asia/Kolkata] PHP   1. {main}() D:\wamp64\www\emsdemo\View\dropdown.php:0
[25-Sep-2023 17:27:10 Asia/Kolkata] PHP Warning:  Undefined variable $selected in D:\wamp64\www\emsdemo\View\dropdown.php on line 34
[25-Sep-2023 17:27:10 Asia/Kolkata] PHP Stack trace:
[25-Sep-2023 17:27:10 Asia/Kolkata] PHP   1. {main}() D:\wamp64\www\emsdemo\View\dropdown.php:0
[25-Sep-2023 17:27:10 Asia/Kolkata] PHP Warning:  Undefined variable $selected in D:\wamp64\www\emsdemo\View\dropdown.php on line 34
[25-Sep-2023 17:27:10 Asia/Kolkata] PHP Stack trace:
[25-Sep-2023 17:27:10 Asia/Kolkata] PHP   1. {main}() D:\wamp64\www\emsdemo\View\dropdown.php:0
[25-Sep-2023 17:27:10 Asia/Kolkata] PHP Warning:  Undefined variable $selected in D:\wamp64\www\emsdemo\View\dropdown.php on line 34
[25-Sep-2023 17:27:10 Asia/Kolkata] PHP Stack trace:
[25-Sep-2023 17:27:10 Asia/Kolkata] PHP   1. {main}() D:\wamp64\www\emsdemo\View\dropdown.php:0
[25-Sep-2023 17:27:10 Asia/Kolkata] PHP Warning:  Undefined variable $selected in D:\wamp64\www\emsdemo\View\dropdown.php on line 34
[25-Sep-2023 17:27:10 Asia/Kolkata] PHP Stack trace:
[25-Sep-2023 17:27:10 Asia/Kolkata] PHP   1. {main}() D:\wamp64\www\emsdemo\View\dropdown.php:0
[25-Sep-2023 17:27:10 Asia/Kolkata] PHP Warning:  Undefined variable $selected in D:\wamp64\www\emsdemo\View\dropdown.php on line 34
[25-Sep-2023 17:27:10 Asia/Kolkata] PHP Stack trace:
[25-Sep-2023 17:27:10 Asia/Kolkata] PHP   1. {main}() D:\wamp64\www\emsdemo\View\dropdown.php:0
[25-Sep-2023 17:27:10 Asia/Kolkata] PHP Warning:  Undefined variable $selected in D:\wamp64\www\emsdemo\View\dropdown.php on line 34
[25-Sep-2023 17:27:10 Asia/Kolkata] PHP Stack trace:
[25-Sep-2023 17:27:10 Asia/Kolkata] PHP   1. {main}() D:\wamp64\www\emsdemo\View\dropdown.php:0
[25-Sep-2023 17:27:10 Asia/Kolkata] PHP Warning:  Undefined variable $selected in D:\wamp64\www\emsdemo\View\dropdown.php on line 34
[25-Sep-2023 17:27:10 Asia/Kolkata] PHP Stack trace:
[25-Sep-2023 17:27:10 Asia/Kolkata] PHP   1. {main}() D:\wamp64\www\emsdemo\View\dropdown.php:0
[25-Sep-2023 17:27:10 Asia/Kolkata] PHP Warning:  Undefined variable $selected in D:\wamp64\www\emsdemo\View\dropdown.php on line 34
[25-Sep-2023 17:27:10 Asia/Kolkata] PHP Stack trace:
[25-Sep-2023 17:27:10 Asia/Kolkata] PHP   1. {main}() D:\wamp64\www\emsdemo\View\dropdown.php:0
[25-Sep-2023 17:27:10 Asia/Kolkata] PHP Warning:  Undefined variable $selected in D:\wamp64\www\emsdemo\View\dropdown.php on line 34
[25-Sep-2023 17:27:10 Asia/Kolkata] PHP Stack trace:
[25-Sep-2023 17:27:10 Asia/Kolkata] PHP   1. {main}() D:\wamp64\www\emsdemo\View\dropdown.php:0
[25-Sep-2023 17:27:10 Asia/Kolkata] PHP Warning:  Undefined variable $selected in D:\wamp64\www\emsdemo\View\dropdown.php on line 34
[25-Sep-2023 17:27:10 Asia/Kolkata] PHP Stack trace:
[25-Sep-2023 17:27:10 Asia/Kolkata] PHP   1. {main}() D:\wamp64\www\emsdemo\View\dropdown.php:0
[25-Sep-2023 17:27:10 Asia/Kolkata] PHP Warning:  Undefined variable $selected in D:\wamp64\www\emsdemo\View\dropdown.php on line 34
[25-Sep-2023 17:27:10 Asia/Kolkata] PHP Stack trace:
[25-Sep-2023 17:27:10 Asia/Kolkata] PHP   1. {main}() D:\wamp64\www\emsdemo\View\dropdown.php:0
[25-Sep-2023 17:27:10 Asia/Kolkata] PHP Warning:  Undefined variable $selected in D:\wamp64\www\emsdemo\View\dropdown.php on line 34
[25-Sep-2023 17:27:10 Asia/Kolkata] PHP Stack trace:
[25-Sep-2023 17:27:10 Asia/Kolkata] PHP   1. {main}() D:\wamp64\www\emsdemo\View\dropdown.php:0
[25-Sep-2023 17:27:10 Asia/Kolkata] PHP Warning:  Undefined variable $selected in D:\wamp64\www\emsdemo\View\dropdown.php on line 34
[25-Sep-2023 17:27:10 Asia/Kolkata] PHP Stack trace:
[25-Sep-2023 17:27:10 Asia/Kolkata] PHP   1. {main}() D:\wamp64\www\emsdemo\View\dropdown.php:0
[25-Sep-2023 17:27:10 Asia/Kolkata] PHP Warning:  Undefined variable $selected in D:\wamp64\www\emsdemo\View\dropdown.php on line 34
[25-Sep-2023 17:27:10 Asia/Kolkata] PHP Stack trace:
[25-Sep-2023 17:27:10 Asia/Kolkata] PHP   1. {main}() D:\wamp64\www\emsdemo\View\dropdown.php:0
[25-Sep-2023 17:27:10 Asia/Kolkata] PHP Warning:  Undefined variable $selected in D:\wamp64\www\emsdemo\View\dropdown.php on line 34
[25-Sep-2023 17:27:10 Asia/Kolkata] PHP Stack trace:
[25-Sep-2023 17:27:10 Asia/Kolkata] PHP   1. {main}() D:\wamp64\www\emsdemo\View\dropdown.php:0
[25-Sep-2023 17:27:10 Asia/Kolkata] PHP Warning:  Undefined variable $selected in D:\wamp64\www\emsdemo\View\dropdown.php on line 34
[25-Sep-2023 17:27:10 Asia/Kolkata] PHP Stack trace:
[25-Sep-2023 17:27:10 Asia/Kolkata] PHP   1. {main}() D:\wamp64\www\emsdemo\View\dropdown.php:0
[25-Sep-2023 17:27:10 Asia/Kolkata] PHP Warning:  Undefined variable $selected in D:\wamp64\www\emsdemo\View\dropdown.php on line 34
[25-Sep-2023 17:27:10 Asia/Kolkata] PHP Stack trace:
[25-Sep-2023 17:27:10 Asia/Kolkata] PHP   1. {main}() D:\wamp64\www\emsdemo\View\dropdown.php:0
[25-Sep-2023 17:27:10 Asia/Kolkata] PHP Warning:  Undefined variable $selected in D:\wamp64\www\emsdemo\View\dropdown.php on line 34
[25-Sep-2023 17:27:10 Asia/Kolkata] PHP Stack trace:
[25-Sep-2023 17:27:10 Asia/Kolkata] PHP   1. {main}() D:\wamp64\www\emsdemo\View\dropdown.php:0
[25-Sep-2023 17:27:10 Asia/Kolkata] PHP Warning:  Undefined variable $selected in D:\wamp64\www\emsdemo\View\dropdown.php on line 34
[25-Sep-2023 17:27:10 Asia/Kolkata] PHP Stack trace:
[25-Sep-2023 17:27:10 Asia/Kolkata] PHP   1. {main}() D:\wamp64\www\emsdemo\View\dropdown.php:0
[25-Sep-2023 17:27:10 Asia/Kolkata] PHP Warning:  Undefined variable $selected in D:\wamp64\www\emsdemo\View\dropdown.php on line 34
[25-Sep-2023 17:27:10 Asia/Kolkata] PHP Stack trace:
[25-Sep-2023 17:27:10 Asia/Kolkata] PHP   1. {main}() D:\wamp64\www\emsdemo\View\dropdown.php:0
[25-Sep-2023 17:27:10 Asia/Kolkata] PHP Warning:  Undefined variable $selected in D:\wamp64\www\emsdemo\View\dropdown.php on line 34
[25-Sep-2023 17:27:10 Asia/Kolkata] PHP Stack trace:
[25-Sep-2023 17:27:10 Asia/Kolkata] PHP   1. {main}() D:\wamp64\www\emsdemo\View\dropdown.php:0
[25-Sep-2023 17:27:10 Asia/Kolkata] PHP Warning:  Undefined variable $selected in D:\wamp64\www\emsdemo\View\dropdown.php on line 34
[25-Sep-2023 17:27:10 Asia/Kolkata] PHP Stack trace:
[25-Sep-2023 17:27:10 Asia/Kolkata] PHP   1. {main}() D:\wamp64\www\emsdemo\View\dropdown.php:0
[25-Sep-2023 17:27:10 Asia/Kolkata] PHP Warning:  Undefined variable $selected in D:\wamp64\www\emsdemo\View\dropdown.php on line 34
[25-Sep-2023 17:27:10 Asia/Kolkata] PHP Stack trace:
[25-Sep-2023 17:27:10 Asia/Kolkata] PHP   1. {main}() D:\wamp64\www\emsdemo\View\dropdown.php:0
[25-Sep-2023 17:27:10 Asia/Kolkata] PHP Warning:  Undefined variable $selected in D:\wamp64\www\emsdemo\View\dropdown.php on line 34
[25-Sep-2023 17:27:10 Asia/Kolkata] PHP Stack trace:
[25-Sep-2023 17:27:10 Asia/Kolkata] PHP   1. {main}() D:\wamp64\www\emsdemo\View\dropdown.php:0
[25-Sep-2023 17:27:10 Asia/Kolkata] PHP Warning:  Undefined variable $selected in D:\wamp64\www\emsdemo\View\dropdown.php on line 34
[25-Sep-2023 17:27:10 Asia/Kolkata] PHP Stack trace:
[25-Sep-2023 17:27:10 Asia/Kolkata] PHP   1. {main}() D:\wamp64\www\emsdemo\View\dropdown.php:0
[25-Sep-2023 17:27:10 Asia/Kolkata] PHP Warning:  Undefined variable $selected in D:\wamp64\www\emsdemo\View\dropdown.php on line 34
[25-Sep-2023 17:27:10 Asia/Kolkata] PHP Stack trace:
[25-Sep-2023 17:27:10 Asia/Kolkata] PHP   1. {main}() D:\wamp64\www\emsdemo\View\dropdown.php:0
[25-Sep-2023 17:27:10 Asia/Kolkata] PHP Warning:  Undefined variable $selected in D:\wamp64\www\emsdemo\View\dropdown.php on line 34
[25-Sep-2023 17:27:10 Asia/Kolkata] PHP Stack trace:
[25-Sep-2023 17:27:10 Asia/Kolkata] PHP   1. {main}() D:\wamp64\www\emsdemo\View\dropdown.php:0
[25-Sep-2023 17:27:10 Asia/Kolkata] PHP Warning:  Undefined variable $selected in D:\wamp64\www\emsdemo\View\dropdown.php on line 34
[25-Sep-2023 17:27:10 Asia/Kolkata] PHP Stack trace:
[25-Sep-2023 17:27:10 Asia/Kolkata] PHP   1. {main}() D:\wamp64\www\emsdemo\View\dropdown.php:0
[25-Sep-2023 17:27:10 Asia/Kolkata] PHP Warning:  Undefined variable $selected in D:\wamp64\www\emsdemo\View\dropdown.php on line 34
[25-Sep-2023 17:27:10 Asia/Kolkata] PHP Stack trace:
[25-Sep-2023 17:27:10 Asia/Kolkata] PHP   1. {main}() D:\wamp64\www\emsdemo\View\dropdown.php:0
[25-Sep-2023 17:27:10 Asia/Kolkata] PHP Warning:  Undefined variable $selected in D:\wamp64\www\emsdemo\View\dropdown.php on line 34
[25-Sep-2023 17:27:10 Asia/Kolkata] PHP Stack trace:
[25-Sep-2023 17:27:10 Asia/Kolkata] PHP   1. {main}() D:\wamp64\www\emsdemo\View\dropdown.php:0
[25-Sep-2023 17:27:10 Asia/Kolkata] PHP Warning:  Undefined variable $selected in D:\wamp64\www\emsdemo\View\dropdown.php on line 34
[25-Sep-2023 17:27:10 Asia/Kolkata] PHP Stack trace:
[25-Sep-2023 17:27:10 Asia/Kolkata] PHP   1. {main}() D:\wamp64\www\emsdemo\View\dropdown.php:0
[25-Sep-2023 17:27:10 Asia/Kolkata] PHP Warning:  Undefined variable $selected in D:\wamp64\www\emsdemo\View\dropdown.php on line 34
[25-Sep-2023 17:27:10 Asia/Kolkata] PHP Stack trace:
[25-Sep-2023 17:27:10 Asia/Kolkata] PHP   1. {main}() D:\wamp64\www\emsdemo\View\dropdown.php:0
[25-Sep-2023 17:27:10 Asia/Kolkata] PHP Warning:  Undefined variable $selected in D:\wamp64\www\emsdemo\View\dropdown.php on line 34
[25-Sep-2023 17:27:10 Asia/Kolkata] PHP Stack trace:
[25-Sep-2023 17:27:10 Asia/Kolkata] PHP   1. {main}() D:\wamp64\www\emsdemo\View\dropdown.php:0
[25-Sep-2023 17:27:10 Asia/Kolkata] PHP Warning:  Undefined variable $selected in D:\wamp64\www\emsdemo\View\dropdown.php on line 34
[25-Sep-2023 17:27:10 Asia/Kolkata] PHP Stack trace:
[25-Sep-2023 17:27:10 Asia/Kolkata] PHP   1. {main}() D:\wamp64\www\emsdemo\View\dropdown.php:0
[25-Sep-2023 17:27:10 Asia/Kolkata] PHP Warning:  Undefined variable $selected in D:\wamp64\www\emsdemo\View\dropdown.php on line 34
[25-Sep-2023 17:27:10 Asia/Kolkata] PHP Stack trace:
[25-Sep-2023 17:27:10 Asia/Kolkata] PHP   1. {main}() D:\wamp64\www\emsdemo\View\dropdown.php:0
[25-Sep-2023 17:27:10 Asia/Kolkata] PHP Warning:  Undefined variable $selected in D:\wamp64\www\emsdemo\View\dropdown.php on line 34
[25-Sep-2023 17:27:10 Asia/Kolkata] PHP Stack trace:
[25-Sep-2023 17:27:10 Asia/Kolkata] PHP   1. {main}() D:\wamp64\www\emsdemo\View\dropdown.php:0
[25-Sep-2023 17:27:10 Asia/Kolkata] PHP Warning:  Undefined variable $selected in D:\wamp64\www\emsdemo\View\dropdown.php on line 34
[25-Sep-2023 17:27:10 Asia/Kolkata] PHP Stack trace:
[25-Sep-2023 17:27:10 Asia/Kolkata] PHP   1. {main}() D:\wamp64\www\emsdemo\View\dropdown.php:0
[25-Sep-2023 17:27:10 Asia/Kolkata] PHP Warning:  Undefined variable $selected in D:\wamp64\www\emsdemo\View\dropdown.php on line 34
[25-Sep-2023 17:27:10 Asia/Kolkata] PHP Stack trace:
[25-Sep-2023 17:27:10 Asia/Kolkata] PHP   1. {main}() D:\wamp64\www\emsdemo\View\dropdown.php:0
[25-Sep-2023 17:27:10 Asia/Kolkata] PHP Warning:  Undefined variable $selected in D:\wamp64\www\emsdemo\View\dropdown.php on line 34
[25-Sep-2023 17:27:10 Asia/Kolkata] PHP Stack trace:
[25-Sep-2023 17:27:10 Asia/Kolkata] PHP   1. {main}() D:\wamp64\www\emsdemo\View\dropdown.php:0
[25-Sep-2023 17:27:10 Asia/Kolkata] PHP Warning:  Undefined variable $selected in D:\wamp64\www\emsdemo\View\dropdown.php on line 34
[25-Sep-2023 17:27:10 Asia/Kolkata] PHP Stack trace:
[25-Sep-2023 17:27:10 Asia/Kolkata] PHP   1. {main}() D:\wamp64\www\emsdemo\View\dropdown.php:0
[25-Sep-2023 17:27:10 Asia/Kolkata] PHP Warning:  Undefined variable $selected in D:\wamp64\www\emsdemo\View\dropdown.php on line 34
[25-Sep-2023 17:27:10 Asia/Kolkata] PHP Stack trace:
[25-Sep-2023 17:27:10 Asia/Kolkata] PHP   1. {main}() D:\wamp64\www\emsdemo\View\dropdown.php:0
[25-Sep-2023 17:27:10 Asia/Kolkata] PHP Warning:  Undefined variable $selected in D:\wamp64\www\emsdemo\View\dropdown.php on line 34
[25-Sep-2023 17:27:10 Asia/Kolkata] PHP Stack trace:
[25-Sep-2023 17:27:10 Asia/Kolkata] PHP   1. {main}() D:\wamp64\www\emsdemo\View\dropdown.php:0
[25-Sep-2023 17:27:10 Asia/Kolkata] PHP Warning:  Undefined variable $selected in D:\wamp64\www\emsdemo\View\dropdown.php on line 34
[25-Sep-2023 17:27:10 Asia/Kolkata] PHP Stack trace:
[25-Sep-2023 17:27:10 Asia/Kolkata] PHP   1. {main}() D:\wamp64\www\emsdemo\View\dropdown.php:0
[25-Sep-2023 17:27:10 Asia/Kolkata] PHP Warning:  Undefined variable $selected in D:\wamp64\www\emsdemo\View\dropdown.php on line 34
[25-Sep-2023 17:27:10 Asia/Kolkata] PHP Stack trace:
[25-Sep-2023 17:27:10 Asia/Kolkata] PHP   1. {main}() D:\wamp64\www\emsdemo\View\dropdown.php:0
[25-Sep-2023 17:27:10 Asia/Kolkata] PHP Warning:  Undefined variable $selected in D:\wamp64\www\emsdemo\View\dropdown.php on line 34
[25-Sep-2023 17:27:10 Asia/Kolkata] PHP Stack trace:
[25-Sep-2023 17:27:10 Asia/Kolkata] PHP   1. {main}() D:\wamp64\www\emsdemo\View\dropdown.php:0
[25-Sep-2023 17:27:10 Asia/Kolkata] PHP Warning:  Undefined variable $selected in D:\wamp64\www\emsdemo\View\dropdown.php on line 34
[25-Sep-2023 17:27:10 Asia/Kolkata] PHP Stack trace:
[25-Sep-2023 17:27:10 Asia/Kolkata] PHP   1. {main}() D:\wamp64\www\emsdemo\View\dropdown.php:0
[25-Sep-2023 17:27:10 Asia/Kolkata] PHP Warning:  Undefined variable $selected in D:\wamp64\www\emsdemo\View\dropdown.php on line 34
[25-Sep-2023 17:27:10 Asia/Kolkata] PHP Stack trace:
[25-Sep-2023 17:27:10 Asia/Kolkata] PHP   1. {main}() D:\wamp64\www\emsdemo\View\dropdown.php:0
[25-Sep-2023 17:27:10 Asia/Kolkata] PHP Warning:  Undefined variable $selected in D:\wamp64\www\emsdemo\View\dropdown.php on line 34
[25-Sep-2023 17:27:10 Asia/Kolkata] PHP Stack trace:
[25-Sep-2023 17:27:10 Asia/Kolkata] PHP   1. {main}() D:\wamp64\www\emsdemo\View\dropdown.php:0
[25-Sep-2023 17:27:10 Asia/Kolkata] PHP Warning:  Undefined variable $selected in D:\wamp64\www\emsdemo\View\dropdown.php on line 34
[25-Sep-2023 17:27:10 Asia/Kolkata] PHP Stack trace:
[25-Sep-2023 17:27:10 Asia/Kolkata] PHP   1. {main}() D:\wamp64\www\emsdemo\View\dropdown.php:0
[25-Sep-2023 17:27:10 Asia/Kolkata] PHP Warning:  Undefined variable $selected in D:\wamp64\www\emsdemo\View\dropdown.php on line 34
[25-Sep-2023 17:27:10 Asia/Kolkata] PHP Stack trace:
[25-Sep-2023 17:27:10 Asia/Kolkata] PHP   1. {main}() D:\wamp64\www\emsdemo\View\dropdown.php:0
[25-Sep-2023 17:27:10 Asia/Kolkata] PHP Warning:  Undefined variable $selected in D:\wamp64\www\emsdemo\View\dropdown.php on line 34
[25-Sep-2023 17:27:10 Asia/Kolkata] PHP Stack trace:
[25-Sep-2023 17:27:10 Asia/Kolkata] PHP   1. {main}() D:\wamp64\www\emsdemo\View\dropdown.php:0
[25-Sep-2023 17:27:10 Asia/Kolkata] PHP Warning:  Undefined variable $selected in D:\wamp64\www\emsdemo\View\dropdown.php on line 34
[25-Sep-2023 17:27:10 Asia/Kolkata] PHP Stack trace:
[25-Sep-2023 17:27:10 Asia/Kolkata] PHP   1. {main}() D:\wamp64\www\emsdemo\View\dropdown.php:0
[25-Sep-2023 17:27:10 Asia/Kolkata] PHP Warning:  Undefined variable $selected in D:\wamp64\www\emsdemo\View\dropdown.php on line 34
[25-Sep-2023 17:27:10 Asia/Kolkata] PHP Stack trace:
[25-Sep-2023 17:27:10 Asia/Kolkata] PHP   1. {main}() D:\wamp64\www\emsdemo\View\dropdown.php:0
[25-Sep-2023 17:27:10 Asia/Kolkata] PHP Warning:  Undefined variable $selected in D:\wamp64\www\emsdemo\View\dropdown.php on line 34
[25-Sep-2023 17:27:10 Asia/Kolkata] PHP Stack trace:
[25-Sep-2023 17:27:10 Asia/Kolkata] PHP   1. {main}() D:\wamp64\www\emsdemo\View\dropdown.php:0
[25-Sep-2023 17:27:10 Asia/Kolkata] PHP Warning:  Undefined variable $selected in D:\wamp64\www\emsdemo\View\dropdown.php on line 34
[25-Sep-2023 17:27:10 Asia/Kolkata] PHP Stack trace:
[25-Sep-2023 17:27:10 Asia/Kolkata] PHP   1. {main}() D:\wamp64\www\emsdemo\View\dropdown.php:0
[25-Sep-2023 17:27:10 Asia/Kolkata] PHP Warning:  Undefined variable $selected in D:\wamp64\www\emsdemo\View\dropdown.php on line 34
[25-Sep-2023 17:27:10 Asia/Kolkata] PHP Stack trace:
[25-Sep-2023 17:27:10 Asia/Kolkata] PHP   1. {main}() D:\wamp64\www\emsdemo\View\dropdown.php:0
[25-Sep-2023 17:27:10 Asia/Kolkata] PHP Warning:  Undefined variable $selected in D:\wamp64\www\emsdemo\View\dropdown.php on line 34
[25-Sep-2023 17:27:10 Asia/Kolkata] PHP Stack trace:
[25-Sep-2023 17:27:10 Asia/Kolkata] PHP   1. {main}() D:\wamp64\www\emsdemo\View\dropdown.php:0
[25-Sep-2023 17:27:10 Asia/Kolkata] PHP Warning:  Undefined variable $selected in D:\wamp64\www\emsdemo\View\dropdown.php on line 34
[25-Sep-2023 17:27:10 Asia/Kolkata] PHP Stack trace:
[25-Sep-2023 17:27:10 Asia/Kolkata] PHP   1. {main}() D:\wamp64\www\emsdemo\View\dropdown.php:0
[25-Sep-2023 17:27:10 Asia/Kolkata] PHP Warning:  Undefined variable $selected in D:\wamp64\www\emsdemo\View\dropdown.php on line 34
[25-Sep-2023 17:27:10 Asia/Kolkata] PHP Stack trace:
[25-Sep-2023 17:27:10 Asia/Kolkata] PHP   1. {main}() D:\wamp64\www\emsdemo\View\dropdown.php:0
[25-Sep-2023 17:27:10 Asia/Kolkata] PHP Warning:  Undefined variable $selected in D:\wamp64\www\emsdemo\View\dropdown.php on line 34
[25-Sep-2023 17:27:10 Asia/Kolkata] PHP Stack trace:
[25-Sep-2023 17:27:10 Asia/Kolkata] PHP   1. {main}() D:\wamp64\www\emsdemo\View\dropdown.php:0
[25-Sep-2023 17:27:10 Asia/Kolkata] PHP Warning:  Undefined variable $selected in D:\wamp64\www\emsdemo\View\dropdown.php on line 34
[25-Sep-2023 17:27:10 Asia/Kolkata] PHP Stack trace:
[25-Sep-2023 17:27:10 Asia/Kolkata] PHP   1. {main}() D:\wamp64\www\emsdemo\View\dropdown.php:0
[25-Sep-2023 17:27:10 Asia/Kolkata] PHP Warning:  Undefined variable $selected in D:\wamp64\www\emsdemo\View\dropdown.php on line 34
[25-Sep-2023 17:27:10 Asia/Kolkata] PHP Stack trace:
[25-Sep-2023 17:27:10 Asia/Kolkata] PHP   1. {main}() D:\wamp64\www\emsdemo\View\dropdown.php:0
[25-Sep-2023 17:27:10 Asia/Kolkata] PHP Warning:  Undefined variable $selected in D:\wamp64\www\emsdemo\View\dropdown.php on line 34
[25-Sep-2023 17:27:10 Asia/Kolkata] PHP Stack trace:
[25-Sep-2023 17:27:10 Asia/Kolkata] PHP   1. {main}() D:\wamp64\www\emsdemo\View\dropdown.php:0
[25-Sep-2023 17:27:10 Asia/Kolkata] PHP Warning:  Undefined variable $selected in D:\wamp64\www\emsdemo\View\dropdown.php on line 34
[25-Sep-2023 17:27:10 Asia/Kolkata] PHP Stack trace:
[25-Sep-2023 17:27:10 Asia/Kolkata] PHP   1. {main}() D:\wamp64\www\emsdemo\View\dropdown.php:0
[25-Sep-2023 17:27:10 Asia/Kolkata] PHP Warning:  Undefined variable $selected in D:\wamp64\www\emsdemo\View\dropdown.php on line 34
[25-Sep-2023 17:27:10 Asia/Kolkata] PHP Stack trace:
[25-Sep-2023 17:27:10 Asia/Kolkata] PHP   1. {main}() D:\wamp64\www\emsdemo\View\dropdown.php:0
[25-Sep-2023 17:27:10 Asia/Kolkata] PHP Warning:  Undefined variable $selected in D:\wamp64\www\emsdemo\View\dropdown.php on line 34
[25-Sep-2023 17:27:10 Asia/Kolkata] PHP Stack trace:
[25-Sep-2023 17:27:10 Asia/Kolkata] PHP   1. {main}() D:\wamp64\www\emsdemo\View\dropdown.php:0
[25-Sep-2023 17:27:10 Asia/Kolkata] PHP Warning:  Undefined variable $selected in D:\wamp64\www\emsdemo\View\dropdown.php on line 34
[25-Sep-2023 17:27:10 Asia/Kolkata] PHP Stack trace:
[25-Sep-2023 17:27:10 Asia/Kolkata] PHP   1. {main}() D:\wamp64\www\emsdemo\View\dropdown.php:0
[25-Sep-2023 17:27:10 Asia/Kolkata] PHP Warning:  Undefined variable $selected in D:\wamp64\www\emsdemo\View\dropdown.php on line 34
[25-Sep-2023 17:27:10 Asia/Kolkata] PHP Stack trace:
[25-Sep-2023 17:27:10 Asia/Kolkata] PHP   1. {main}() D:\wamp64\www\emsdemo\View\dropdown.php:0
[25-Sep-2023 17:27:10 Asia/Kolkata] PHP Warning:  Undefined variable $selected in D:\wamp64\www\emsdemo\View\dropdown.php on line 34
[25-Sep-2023 17:27:10 Asia/Kolkata] PHP Stack trace:
[25-Sep-2023 17:27:10 Asia/Kolkata] PHP   1. {main}() D:\wamp64\www\emsdemo\View\dropdown.php:0
[25-Sep-2023 17:27:10 Asia/Kolkata] PHP Warning:  Undefined variable $selected in D:\wamp64\www\emsdemo\View\dropdown.php on line 34
[25-Sep-2023 17:27:10 Asia/Kolkata] PHP Stack trace:
[25-Sep-2023 17:27:10 Asia/Kolkata] PHP   1. {main}() D:\wamp64\www\emsdemo\View\dropdown.php:0
[25-Sep-2023 17:27:10 Asia/Kolkata] PHP Warning:  Undefined variable $selected in D:\wamp64\www\emsdemo\View\dropdown.php on line 34
[25-Sep-2023 17:27:10 Asia/Kolkata] PHP Stack trace:
[25-Sep-2023 17:27:10 Asia/Kolkata] PHP   1. {main}() D:\wamp64\www\emsdemo\View\dropdown.php:0
[25-Sep-2023 17:27:10 Asia/Kolkata] PHP Warning:  Undefined variable $selected in D:\wamp64\www\emsdemo\View\dropdown.php on line 34
[25-Sep-2023 17:27:10 Asia/Kolkata] PHP Stack trace:
[25-Sep-2023 17:27:10 Asia/Kolkata] PHP   1. {main}() D:\wamp64\www\emsdemo\View\dropdown.php:0
[25-Sep-2023 17:27:10 Asia/Kolkata] PHP Warning:  Undefined variable $selected in D:\wamp64\www\emsdemo\View\dropdown.php on line 34
[25-Sep-2023 17:27:10 Asia/Kolkata] PHP Stack trace:
[25-Sep-2023 17:27:10 Asia/Kolkata] PHP   1. {main}() D:\wamp64\www\emsdemo\View\dropdown.php:0
[25-Sep-2023 17:27:10 Asia/Kolkata] PHP Warning:  Undefined variable $selected in D:\wamp64\www\emsdemo\View\dropdown.php on line 34
[25-Sep-2023 17:27:10 Asia/Kolkata] PHP Stack trace:
[25-Sep-2023 17:27:10 Asia/Kolkata] PHP   1. {main}() D:\wamp64\www\emsdemo\View\dropdown.php:0
[25-Sep-2023 17:27:10 Asia/Kolkata] PHP Warning:  Undefined variable $selected in D:\wamp64\www\emsdemo\View\dropdown.php on line 34
[25-Sep-2023 17:27:10 Asia/Kolkata] PHP Stack trace:
[25-Sep-2023 17:27:10 Asia/Kolkata] PHP   1. {main}() D:\wamp64\www\emsdemo\View\dropdown.php:0
[25-Sep-2023 17:27:10 Asia/Kolkata] PHP Warning:  Undefined variable $selected in D:\wamp64\www\emsdemo\View\dropdown.php on line 34
[25-Sep-2023 17:27:10 Asia/Kolkata] PHP Stack trace:
[25-Sep-2023 17:27:10 Asia/Kolkata] PHP   1. {main}() D:\wamp64\www\emsdemo\View\dropdown.php:0
[25-Sep-2023 17:27:10 Asia/Kolkata] PHP Warning:  Undefined variable $selected in D:\wamp64\www\emsdemo\View\dropdown.php on line 34
[25-Sep-2023 17:27:10 Asia/Kolkata] PHP Stack trace:
[25-Sep-2023 17:27:10 Asia/Kolkata] PHP   1. {main}() D:\wamp64\www\emsdemo\View\dropdown.php:0
[25-Sep-2023 17:27:10 Asia/Kolkata] PHP Warning:  Undefined variable $selected in D:\wamp64\www\emsdemo\View\dropdown.php on line 34
[25-Sep-2023 17:27:10 Asia/Kolkata] PHP Stack trace:
[25-Sep-2023 17:27:10 Asia/Kolkata] PHP   1. {main}() D:\wamp64\www\emsdemo\View\dropdown.php:0
[25-Sep-2023 17:27:10 Asia/Kolkata] PHP Warning:  Undefined variable $selected in D:\wamp64\www\emsdemo\View\dropdown.php on line 34
[25-Sep-2023 17:27:10 Asia/Kolkata] PHP Stack trace:
[25-Sep-2023 17:27:10 Asia/Kolkata] PHP   1. {main}() D:\wamp64\www\emsdemo\View\dropdown.php:0
[25-Sep-2023 17:27:10 Asia/Kolkata] PHP Warning:  Undefined variable $selected in D:\wamp64\www\emsdemo\View\dropdown.php on line 34
[25-Sep-2023 17:27:10 Asia/Kolkata] PHP Stack trace:
[25-Sep-2023 17:27:10 Asia/Kolkata] PHP   1. {main}() D:\wamp64\www\emsdemo\View\dropdown.php:0
[25-Sep-2023 17:27:10 Asia/Kolkata] PHP Warning:  Undefined variable $selected in D:\wamp64\www\emsdemo\View\dropdown.php on line 34
[25-Sep-2023 17:27:10 Asia/Kolkata] PHP Stack trace:
[25-Sep-2023 17:27:10 Asia/Kolkata] PHP   1. {main}() D:\wamp64\www\emsdemo\View\dropdown.php:0
[25-Sep-2023 17:27:10 Asia/Kolkata] PHP Warning:  Undefined variable $selected in D:\wamp64\www\emsdemo\View\dropdown.php on line 34
[25-Sep-2023 17:27:10 Asia/Kolkata] PHP Stack trace:
[25-Sep-2023 17:27:10 Asia/Kolkata] PHP   1. {main}() D:\wamp64\www\emsdemo\View\dropdown.php:0
[25-Sep-2023 17:27:10 Asia/Kolkata] PHP Warning:  Undefined variable $selected in D:\wamp64\www\emsdemo\View\dropdown.php on line 34
[25-Sep-2023 17:27:10 Asia/Kolkata] PHP Stack trace:
[25-Sep-2023 17:27:10 Asia/Kolkata] PHP   1. {main}() D:\wamp64\www\emsdemo\View\dropdown.php:0
[25-Sep-2023 17:27:10 Asia/Kolkata] PHP Warning:  Undefined variable $selected in D:\wamp64\www\emsdemo\View\dropdown.php on line 34
[25-Sep-2023 17:27:10 Asia/Kolkata] PHP Stack trace:
[25-Sep-2023 17:27:10 Asia/Kolkata] PHP   1. {main}() D:\wamp64\www\emsdemo\View\dropdown.php:0
[25-Sep-2023 17:27:10 Asia/Kolkata] PHP Warning:  Undefined variable $selected in D:\wamp64\www\emsdemo\View\dropdown.php on line 34
[25-Sep-2023 17:27:10 Asia/Kolkata] PHP Stack trace:
[25-Sep-2023 17:27:10 Asia/Kolkata] PHP   1. {main}() D:\wamp64\www\emsdemo\View\dropdown.php:0
[25-Sep-2023 17:27:10 Asia/Kolkata] PHP Warning:  Undefined variable $selected in D:\wamp64\www\emsdemo\View\dropdown.php on line 34
[25-Sep-2023 17:27:10 Asia/Kolkata] PHP Stack trace:
[25-Sep-2023 17:27:10 Asia/Kolkata] PHP   1. {main}() D:\wamp64\www\emsdemo\View\dropdown.php:0
[25-Sep-2023 17:27:10 Asia/Kolkata] PHP Warning:  Undefined variable $selected in D:\wamp64\www\emsdemo\View\dropdown.php on line 34
[25-Sep-2023 17:27:10 Asia/Kolkata] PHP Stack trace:
[25-Sep-2023 17:27:10 Asia/Kolkata] PHP   1. {main}() D:\wamp64\www\emsdemo\View\dropdown.php:0
[25-Sep-2023 17:27:10 Asia/Kolkata] PHP Warning:  Undefined variable $selected in D:\wamp64\www\emsdemo\View\dropdown.php on line 34
[25-Sep-2023 17:27:10 Asia/Kolkata] PHP Stack trace:
[25-Sep-2023 17:27:10 Asia/Kolkata] PHP   1. {main}() D:\wamp64\www\emsdemo\View\dropdown.php:0
[25-Sep-2023 17:27:10 Asia/Kolkata] PHP Warning:  Undefined variable $selected in D:\wamp64\www\emsdemo\View\dropdown.php on line 34
[25-Sep-2023 17:27:10 Asia/Kolkata] PHP Stack trace:
[25-Sep-2023 17:27:10 Asia/Kolkata] PHP   1. {main}() D:\wamp64\www\emsdemo\View\dropdown.php:0
[25-Sep-2023 17:27:10 Asia/Kolkata] PHP Warning:  Undefined variable $selected in D:\wamp64\www\emsdemo\View\dropdown.php on line 34
[25-Sep-2023 17:27:10 Asia/Kolkata] PHP Stack trace:
[25-Sep-2023 17:27:10 Asia/Kolkata] PHP   1. {main}() D:\wamp64\www\emsdemo\View\dropdown.php:0
[25-Sep-2023 17:27:10 Asia/Kolkata] PHP Warning:  Undefined variable $selected in D:\wamp64\www\emsdemo\View\dropdown.php on line 34
[25-Sep-2023 17:27:10 Asia/Kolkata] PHP Stack trace:
[25-Sep-2023 17:27:10 Asia/Kolkata] PHP   1. {main}() D:\wamp64\www\emsdemo\View\dropdown.php:0
[25-Sep-2023 17:27:10 Asia/Kolkata] PHP Warning:  Undefined variable $selected in D:\wamp64\www\emsdemo\View\dropdown.php on line 34
[25-Sep-2023 17:27:10 Asia/Kolkata] PHP Stack trace:
[25-Sep-2023 17:27:10 Asia/Kolkata] PHP   1. {main}() D:\wamp64\www\emsdemo\View\dropdown.php:0
[25-Sep-2023 17:27:10 Asia/Kolkata] PHP Warning:  Undefined variable $selected in D:\wamp64\www\emsdemo\View\dropdown.php on line 34
[25-Sep-2023 17:27:10 Asia/Kolkata] PHP Stack trace:
[25-Sep-2023 17:27:10 Asia/Kolkata] PHP   1. {main}() D:\wamp64\www\emsdemo\View\dropdown.php:0
[25-Sep-2023 17:27:10 Asia/Kolkata] PHP Warning:  Undefined variable $selected in D:\wamp64\www\emsdemo\View\dropdown.php on line 34
[25-Sep-2023 17:27:10 Asia/Kolkata] PHP Stack trace:
[25-Sep-2023 17:27:10 Asia/Kolkata] PHP   1. {main}() D:\wamp64\www\emsdemo\View\dropdown.php:0
[25-Sep-2023 17:27:10 Asia/Kolkata] PHP Warning:  Undefined variable $selected in D:\wamp64\www\emsdemo\View\dropdown.php on line 34
[25-Sep-2023 17:27:10 Asia/Kolkata] PHP Stack trace:
[25-Sep-2023 17:27:10 Asia/Kolkata] PHP   1. {main}() D:\wamp64\www\emsdemo\View\dropdown.php:0
[25-Sep-2023 17:27:10 Asia/Kolkata] PHP Warning:  Undefined variable $selected in D:\wamp64\www\emsdemo\View\dropdown.php on line 34
[25-Sep-2023 17:27:10 Asia/Kolkata] PHP Stack trace:
[25-Sep-2023 17:27:10 Asia/Kolkata] PHP   1. {main}() D:\wamp64\www\emsdemo\View\dropdown.php:0
[25-Sep-2023 17:27:10 Asia/Kolkata] PHP Warning:  Undefined variable $selected in D:\wamp64\www\emsdemo\View\dropdown.php on line 34
[25-Sep-2023 17:27:10 Asia/Kolkata] PHP Stack trace:
[25-Sep-2023 17:27:10 Asia/Kolkata] PHP   1. {main}() D:\wamp64\www\emsdemo\View\dropdown.php:0
[25-Sep-2023 17:27:10 Asia/Kolkata] PHP Warning:  Undefined variable $selected in D:\wamp64\www\emsdemo\View\dropdown.php on line 34
[25-Sep-2023 17:27:10 Asia/Kolkata] PHP Stack trace:
[25-Sep-2023 17:27:10 Asia/Kolkata] PHP   1. {main}() D:\wamp64\www\emsdemo\View\dropdown.php:0
[25-Sep-2023 17:27:10 Asia/Kolkata] PHP Warning:  Undefined variable $selected in D:\wamp64\www\emsdemo\View\dropdown.php on line 34
[25-Sep-2023 17:27:10 Asia/Kolkata] PHP Stack trace:
[25-Sep-2023 17:27:10 Asia/Kolkata] PHP   1. {main}() D:\wamp64\www\emsdemo\View\dropdown.php:0
[25-Sep-2023 17:27:10 Asia/Kolkata] PHP Warning:  Undefined variable $selected in D:\wamp64\www\emsdemo\View\dropdown.php on line 34
[25-Sep-2023 17:27:10 Asia/Kolkata] PHP Stack trace:
[25-Sep-2023 17:27:10 Asia/Kolkata] PHP   1. {main}() D:\wamp64\www\emsdemo\View\dropdown.php:0
[25-Sep-2023 17:27:10 Asia/Kolkata] PHP Warning:  Undefined variable $selected in D:\wamp64\www\emsdemo\View\dropdown.php on line 34
[25-Sep-2023 17:27:10 Asia/Kolkata] PHP Stack trace:
[25-Sep-2023 17:27:10 Asia/Kolkata] PHP   1. {main}() D:\wamp64\www\emsdemo\View\dropdown.php:0
[25-Sep-2023 17:27:10 Asia/Kolkata] PHP Warning:  Undefined variable $selected in D:\wamp64\www\emsdemo\View\dropdown.php on line 34
[25-Sep-2023 17:27:10 Asia/Kolkata] PHP Stack trace:
[25-Sep-2023 17:27:10 Asia/Kolkata] PHP   1. {main}() D:\wamp64\www\emsdemo\View\dropdown.php:0
[25-Sep-2023 17:27:10 Asia/Kolkata] PHP Warning:  Undefined variable $selected in D:\wamp64\www\emsdemo\View\dropdown.php on line 34
[25-Sep-2023 17:27:10 Asia/Kolkata] PHP Stack trace:
[25-Sep-2023 17:27:10 Asia/Kolkata] PHP   1. {main}() D:\wamp64\www\emsdemo\View\dropdown.php:0
[25-Sep-2023 17:27:10 Asia/Kolkata] PHP Warning:  Undefined variable $selected in D:\wamp64\www\emsdemo\View\dropdown.php on line 34
[25-Sep-2023 17:27:10 Asia/Kolkata] PHP Stack trace:
[25-Sep-2023 17:27:10 Asia/Kolkata] PHP   1. {main}() D:\wamp64\www\emsdemo\View\dropdown.php:0
[25-Sep-2023 17:27:10 Asia/Kolkata] PHP Warning:  Undefined variable $selected in D:\wamp64\www\emsdemo\View\dropdown.php on line 34
[25-Sep-2023 17:27:10 Asia/Kolkata] PHP Stack trace:
[25-Sep-2023 17:27:10 Asia/Kolkata] PHP   1. {main}() D:\wamp64\www\emsdemo\View\dropdown.php:0
[25-Sep-2023 17:27:10 Asia/Kolkata] PHP Warning:  Undefined variable $selected in D:\wamp64\www\emsdemo\View\dropdown.php on line 34
[25-Sep-2023 17:27:10 Asia/Kolkata] PHP Stack trace:
[25-Sep-2023 17:27:10 Asia/Kolkata] PHP   1. {main}() D:\wamp64\www\emsdemo\View\dropdown.php:0
[25-Sep-2023 17:27:10 Asia/Kolkata] PHP Warning:  Undefined variable $selected in D:\wamp64\www\emsdemo\View\dropdown.php on line 34
[25-Sep-2023 17:27:10 Asia/Kolkata] PHP Stack trace:
[25-Sep-2023 17:27:10 Asia/Kolkata] PHP   1. {main}() D:\wamp64\www\emsdemo\View\dropdown.php:0
[25-Sep-2023 17:27:10 Asia/Kolkata] PHP Warning:  Undefined variable $selected in D:\wamp64\www\emsdemo\View\dropdown.php on line 34
[25-Sep-2023 17:27:10 Asia/Kolkata] PHP Stack trace:
[25-Sep-2023 17:27:10 Asia/Kolkata] PHP   1. {main}() D:\wamp64\www\emsdemo\View\dropdown.php:0
[25-Sep-2023 17:27:10 Asia/Kolkata] PHP Warning:  Undefined variable $selected in D:\wamp64\www\emsdemo\View\dropdown.php on line 34
[25-Sep-2023 17:27:10 Asia/Kolkata] PHP Stack trace:
[25-Sep-2023 17:27:10 Asia/Kolkata] PHP   1. {main}() D:\wamp64\www\emsdemo\View\dropdown.php:0
[25-Sep-2023 17:27:10 Asia/Kolkata] PHP Warning:  Undefined variable $selected in D:\wamp64\www\emsdemo\View\dropdown.php on line 34
[25-Sep-2023 17:27:10 Asia/Kolkata] PHP Stack trace:
[25-Sep-2023 17:27:10 Asia/Kolkata] PHP   1. {main}() D:\wamp64\www\emsdemo\View\dropdown.php:0
[25-Sep-2023 17:27:10 Asia/Kolkata] PHP Warning:  Undefined variable $selected in D:\wamp64\www\emsdemo\View\dropdown.php on line 34
[25-Sep-2023 17:27:10 Asia/Kolkata] PHP Stack trace:
[25-Sep-2023 17:27:10 Asia/Kolkata] PHP   1. {main}() D:\wamp64\www\emsdemo\View\dropdown.php:0
[25-Sep-2023 17:27:10 Asia/Kolkata] PHP Warning:  Undefined variable $selected in D:\wamp64\www\emsdemo\View\dropdown.php on line 34
[25-Sep-2023 17:27:10 Asia/Kolkata] PHP Stack trace:
[25-Sep-2023 17:27:10 Asia/Kolkata] PHP   1. {main}() D:\wamp64\www\emsdemo\View\dropdown.php:0
[25-Sep-2023 17:27:10 Asia/Kolkata] PHP Warning:  Undefined variable $selected in D:\wamp64\www\emsdemo\View\dropdown.php on line 34
[25-Sep-2023 17:27:10 Asia/Kolkata] PHP Stack trace:
[25-Sep-2023 17:27:10 Asia/Kolkata] PHP   1. {main}() D:\wamp64\www\emsdemo\View\dropdown.php:0
[25-Sep-2023 17:27:10 Asia/Kolkata] PHP Warning:  Undefined variable $selected in D:\wamp64\www\emsdemo\View\dropdown.php on line 34
[25-Sep-2023 17:27:10 Asia/Kolkata] PHP Stack trace:
[25-Sep-2023 17:27:10 Asia/Kolkata] PHP   1. {main}() D:\wamp64\www\emsdemo\View\dropdown.php:0
[25-Sep-2023 17:27:10 Asia/Kolkata] PHP Warning:  Undefined variable $selected in D:\wamp64\www\emsdemo\View\dropdown.php on line 34
[25-Sep-2023 17:27:10 Asia/Kolkata] PHP Stack trace:
[25-Sep-2023 17:27:10 Asia/Kolkata] PHP   1. {main}() D:\wamp64\www\emsdemo\View\dropdown.php:0
[25-Sep-2023 17:27:10 Asia/Kolkata] PHP Warning:  Undefined variable $selected in D:\wamp64\www\emsdemo\View\dropdown.php on line 34
[25-Sep-2023 17:27:10 Asia/Kolkata] PHP Stack trace:
[25-Sep-2023 17:27:10 Asia/Kolkata] PHP   1. {main}() D:\wamp64\www\emsdemo\View\dropdown.php:0
[25-Sep-2023 17:27:10 Asia/Kolkata] PHP Warning:  Undefined variable $selected in D:\wamp64\www\emsdemo\View\dropdown.php on line 34
[25-Sep-2023 17:27:10 Asia/Kolkata] PHP Stack trace:
[25-Sep-2023 17:27:10 Asia/Kolkata] PHP   1. {main}() D:\wamp64\www\emsdemo\View\dropdown.php:0
[25-Sep-2023 17:27:10 Asia/Kolkata] PHP Warning:  Undefined variable $selected in D:\wamp64\www\emsdemo\View\dropdown.php on line 34
[25-Sep-2023 17:27:10 Asia/Kolkata] PHP Stack trace:
[25-Sep-2023 17:27:10 Asia/Kolkata] PHP   1. {main}() D:\wamp64\www\emsdemo\View\dropdown.php:0
[25-Sep-2023 17:27:10 Asia/Kolkata] PHP Warning:  Undefined variable $selected in D:\wamp64\www\emsdemo\View\dropdown.php on line 34
[25-Sep-2023 17:27:10 Asia/Kolkata] PHP Stack trace:
[25-Sep-2023 17:27:10 Asia/Kolkata] PHP   1. {main}() D:\wamp64\www\emsdemo\View\dropdown.php:0
[25-Sep-2023 17:27:10 Asia/Kolkata] PHP Warning:  Undefined variable $selected in D:\wamp64\www\emsdemo\View\dropdown.php on line 34
[25-Sep-2023 17:27:10 Asia/Kolkata] PHP Stack trace:
[25-Sep-2023 17:27:10 Asia/Kolkata] PHP   1. {main}() D:\wamp64\www\emsdemo\View\dropdown.php:0
[25-Sep-2023 17:27:10 Asia/Kolkata] PHP Warning:  Undefined variable $selected in D:\wamp64\www\emsdemo\View\dropdown.php on line 34
[25-Sep-2023 17:27:10 Asia/Kolkata] PHP Stack trace:
[25-Sep-2023 17:27:10 Asia/Kolkata] PHP   1. {main}() D:\wamp64\www\emsdemo\View\dropdown.php:0
[25-Sep-2023 17:27:10 Asia/Kolkata] PHP Warning:  Undefined variable $selected in D:\wamp64\www\emsdemo\View\dropdown.php on line 34
[25-Sep-2023 17:27:10 Asia/Kolkata] PHP Stack trace:
[25-Sep-2023 17:27:10 Asia/Kolkata] PHP   1. {main}() D:\wamp64\www\emsdemo\View\dropdown.php:0
[25-Sep-2023 17:27:10 Asia/Kolkata] PHP Warning:  Undefined variable $selected in D:\wamp64\www\emsdemo\View\dropdown.php on line 34
[25-Sep-2023 17:27:10 Asia/Kolkata] PHP Stack trace:
[25-Sep-2023 17:27:10 Asia/Kolkata] PHP   1. {main}() D:\wamp64\www\emsdemo\View\dropdown.php:0
[25-Sep-2023 17:27:10 Asia/Kolkata] PHP Warning:  Undefined variable $selected in D:\wamp64\www\emsdemo\View\dropdown.php on line 34
[25-Sep-2023 17:27:10 Asia/Kolkata] PHP Stack trace:
[25-Sep-2023 17:27:10 Asia/Kolkata] PHP   1. {main}() D:\wamp64\www\emsdemo\View\dropdown.php:0
[25-Sep-2023 17:27:10 Asia/Kolkata] PHP Warning:  Undefined variable $selected in D:\wamp64\www\emsdemo\View\dropdown.php on line 34
[25-Sep-2023 17:27:10 Asia/Kolkata] PHP Stack trace:
[25-Sep-2023 17:27:10 Asia/Kolkata] PHP   1. {main}() D:\wamp64\www\emsdemo\View\dropdown.php:0
[25-Sep-2023 17:27:10 Asia/Kolkata] PHP Warning:  Undefined variable $selected in D:\wamp64\www\emsdemo\View\dropdown.php on line 34
[25-Sep-2023 17:27:10 Asia/Kolkata] PHP Stack trace:
[25-Sep-2023 17:27:10 Asia/Kolkata] PHP   1. {main}() D:\wamp64\www\emsdemo\View\dropdown.php:0
[25-Sep-2023 17:27:10 Asia/Kolkata] PHP Warning:  Undefined variable $selected in D:\wamp64\www\emsdemo\View\dropdown.php on line 34
[25-Sep-2023 17:27:10 Asia/Kolkata] PHP Stack trace:
[25-Sep-2023 17:27:10 Asia/Kolkata] PHP   1. {main}() D:\wamp64\www\emsdemo\View\dropdown.php:0
[25-Sep-2023 17:27:10 Asia/Kolkata] PHP Warning:  Undefined variable $selected in D:\wamp64\www\emsdemo\View\dropdown.php on line 34
[25-Sep-2023 17:27:10 Asia/Kolkata] PHP Stack trace:
[25-Sep-2023 17:27:10 Asia/Kolkata] PHP   1. {main}() D:\wamp64\www\emsdemo\View\dropdown.php:0
[25-Sep-2023 17:27:10 Asia/Kolkata] PHP Warning:  Undefined variable $selected in D:\wamp64\www\emsdemo\View\dropdown.php on line 34
[25-Sep-2023 17:27:10 Asia/Kolkata] PHP Stack trace:
[25-Sep-2023 17:27:10 Asia/Kolkata] PHP   1. {main}() D:\wamp64\www\emsdemo\View\dropdown.php:0
[25-Sep-2023 17:27:10 Asia/Kolkata] PHP Warning:  Undefined variable $selected in D:\wamp64\www\emsdemo\View\dropdown.php on line 34
[25-Sep-2023 17:27:10 Asia/Kolkata] PHP Stack trace:
[25-Sep-2023 17:27:10 Asia/Kolkata] PHP   1. {main}() D:\wamp64\www\emsdemo\View\dropdown.php:0
[25-Sep-2023 17:27:10 Asia/Kolkata] PHP Warning:  Undefined variable $selected in D:\wamp64\www\emsdemo\View\dropdown.php on line 34
[25-Sep-2023 17:27:10 Asia/Kolkata] PHP Stack trace:
[25-Sep-2023 17:27:10 Asia/Kolkata] PHP   1. {main}() D:\wamp64\www\emsdemo\View\dropdown.php:0
[25-Sep-2023 17:27:10 Asia/Kolkata] PHP Warning:  Undefined variable $selected in D:\wamp64\www\emsdemo\View\dropdown.php on line 34
[25-Sep-2023 17:27:10 Asia/Kolkata] PHP Stack trace:
[25-Sep-2023 17:27:10 Asia/Kolkata] PHP   1. {main}() D:\wamp64\www\emsdemo\View\dropdown.php:0
[25-Sep-2023 17:27:10 Asia/Kolkata] PHP Warning:  Undefined variable $selected in D:\wamp64\www\emsdemo\View\dropdown.php on line 34
[25-Sep-2023 17:27:10 Asia/Kolkata] PHP Stack trace:
[25-Sep-2023 17:27:10 Asia/Kolkata] PHP   1. {main}() D:\wamp64\www\emsdemo\View\dropdown.php:0
[25-Sep-2023 17:27:10 Asia/Kolkata] PHP Warning:  Undefined variable $selected in D:\wamp64\www\emsdemo\View\dropdown.php on line 34
[25-Sep-2023 17:27:10 Asia/Kolkata] PHP Stack trace:
[25-Sep-2023 17:27:10 Asia/Kolkata] PHP   1. {main}() D:\wamp64\www\emsdemo\View\dropdown.php:0
[25-Sep-2023 17:27:23 Asia/Kolkata] PHP Warning:  Undefined variable $data in D:\wamp64\www\emsdemo\Controller\autocomplete_employee_active.php on line 17
[25-Sep-2023 17:27:23 Asia/Kolkata] PHP Stack trace:
[25-Sep-2023 17:27:23 Asia/Kolkata] PHP   1. {main}() D:\wamp64\www\emsdemo\Controller\autocomplete_employee_active.php:0
[25-Sep-2023 17:27:24 Asia/Kolkata] PHP Warning:  Undefined variable $data in D:\wamp64\www\emsdemo\Controller\autocomplete_employee_active.php on line 17
[25-Sep-2023 17:27:24 Asia/Kolkata] PHP Stack trace:
[25-Sep-2023 17:27:24 Asia/Kolkata] PHP   1. {main}() D:\wamp64\www\emsdemo\Controller\autocomplete_employee_active.php:0
[25-Sep-2023 17:46:10 Asia/Kolkata] PHP Warning:  Undefined variable $data in D:\wamp64\www\emsdemo\Controller\autocomplete_employee_active.php on line 17
[25-Sep-2023 17:46:10 Asia/Kolkata] PHP Stack trace:
[25-Sep-2023 17:46:10 Asia/Kolkata] PHP   1. {main}() D:\wamp64\www\emsdemo\Controller\autocomplete_employee_active.php:0
[25-Sep-2023 17:46:11 Asia/Kolkata] PHP Warning:  Undefined variable $data in D:\wamp64\www\emsdemo\Controller\autocomplete_employee_active.php on line 17
[25-Sep-2023 17:46:11 Asia/Kolkata] PHP Stack trace:
[25-Sep-2023 17:46:11 Asia/Kolkata] PHP   1. {main}() D:\wamp64\www\emsdemo\Controller\autocomplete_employee_active.php:0
[25-Sep-2023 17:46:13 Asia/Kolkata] PHP Warning:  Undefined variable $data in D:\wamp64\www\emsdemo\Controller\autocomplete_employee_active.php on line 17
[25-Sep-2023 17:46:13 Asia/Kolkata] PHP Stack trace:
[25-Sep-2023 17:46:13 Asia/Kolkata] PHP   1. {main}() D:\wamp64\www\emsdemo\Controller\autocomplete_employee_active.php:0
[25-Sep-2023 17:46:17 Asia/Kolkata] PHP Warning:  Undefined variable $data in D:\wamp64\www\emsdemo\Controller\autocomplete_employee_active.php on line 17
[25-Sep-2023 17:46:17 Asia/Kolkata] PHP Stack trace:
[25-Sep-2023 17:46:17 Asia/Kolkata] PHP   1. {main}() D:\wamp64\www\emsdemo\Controller\autocomplete_employee_active.php:0
