[11-Oct-2023 16:06:47 Asia/Kolkata] PHP Warning:  Undefined array key "__nda_decl" in D:\wamp64\www\emsdemo\View\index.php on line 132
[11-Oct-2023 16:06:47 Asia/Kolkata] PHP Stack trace:
[11-Oct-2023 16:06:47 Asia/Kolkata] PHP   1. {main}() D:\wamp64\www\emsdemo\View\index.php:0
[11-Oct-2023 16:06:47 Asia/Kolkata] PHP Warning:  Undefined array key "__isms_decl" in D:\wamp64\www\emsdemo\View\index.php on line 137
[11-Oct-2023 16:06:47 Asia/Kolkata] PHP Stack trace:
[11-Oct-2023 16:06:47 Asia/Kolkata] PHP   1. {main}() D:\wamp64\www\emsdemo\View\index.php:0
[11-Oct-2023 16:06:47 Asia/Kolkata] PHP Warning:  Undefined array key "__asset_decl" in D:\wamp64\www\emsdemo\View\index.php on line 141
[11-Oct-2023 16:06:47 Asia/Kolkata] PHP Stack trace:
[11-Oct-2023 16:06:47 Asia/Kolkata] PHP   1. {main}() D:\wamp64\www\emsdemo\View\index.php:0
[11-Oct-2023 16:06:48 Asia/Kolkata] PHP Warning:  Undefined variable $induction_popup_flag in D:\wamp64\www\emsdemo\View\index.php on line 436
[11-Oct-2023 16:06:48 Asia/Kolkata] PHP Stack trace:
[11-Oct-2023 16:06:48 Asia/Kolkata] PHP   1. {main}() D:\wamp64\www\emsdemo\View\index.php:0
[11-Oct-2023 16:06:49 Asia/Kolkata] PHP Warning:  Undefined array key 0 in D:\wamp64\www\emsdemo\View\index.php on line 495
[11-Oct-2023 16:06:49 Asia/Kolkata] PHP Stack trace:
[11-Oct-2023 16:06:49 Asia/Kolkata] PHP   1. {main}() D:\wamp64\www\emsdemo\View\index.php:0
[11-Oct-2023 16:06:49 Asia/Kolkata] PHP Warning:  Trying to access array offset on value of type null in D:\wamp64\www\emsdemo\View\index.php on line 495
[11-Oct-2023 16:06:49 Asia/Kolkata] PHP Stack trace:
[11-Oct-2023 16:06:49 Asia/Kolkata] PHP   1. {main}() D:\wamp64\www\emsdemo\View\index.php:0
[11-Oct-2023 16:06:49 Asia/Kolkata] PHP Warning:  Undefined array key "__AppraisalMonth" in D:\wamp64\www\emsdemo\View\index.php on line 528
[11-Oct-2023 16:06:49 Asia/Kolkata] PHP Stack trace:
[11-Oct-2023 16:06:49 Asia/Kolkata] PHP   1. {main}() D:\wamp64\www\emsdemo\View\index.php:0
[11-Oct-2023 16:06:49 Asia/Kolkata] PHP Deprecated:  stripslashes(): Passing null to parameter #1 ($string) of type string is deprecated in D:\wamp64\www\emsdemo\Config\init.php on line 122
[11-Oct-2023 16:06:49 Asia/Kolkata] PHP Stack trace:
[11-Oct-2023 16:06:49 Asia/Kolkata] PHP   1. {main}() D:\wamp64\www\emsdemo\View\index.php:0
[11-Oct-2023 16:06:49 Asia/Kolkata] PHP   2. clean($data = NULL) D:\wamp64\www\emsdemo\View\index.php:528
[11-Oct-2023 16:06:49 Asia/Kolkata] PHP   3. stripslashes($string = NULL) D:\wamp64\www\emsdemo\Config\init.php:122
[11-Oct-2023 16:06:49 Asia/Kolkata] PHP Warning:  Trying to access array offset on value of type null in D:\wamp64\www\emsdemo\View\index.php on line 536
[11-Oct-2023 16:06:49 Asia/Kolkata] PHP Stack trace:
[11-Oct-2023 16:06:49 Asia/Kolkata] PHP   1. {main}() D:\wamp64\www\emsdemo\View\index.php:0
[11-Oct-2023 16:06:50 Asia/Kolkata] PHP Warning:  Undefined variable $induction_popup_flag in D:\wamp64\www\emsdemo\View\index.php on line 1226
[11-Oct-2023 16:06:50 Asia/Kolkata] PHP Stack trace:
[11-Oct-2023 16:06:50 Asia/Kolkata] PHP   1. {main}() D:\wamp64\www\emsdemo\View\index.php:0
[11-Oct-2023 16:06:50 Asia/Kolkata] PHP Warning:  Undefined array key "param" in D:\wamp64\www\emsdemo\View\index.php on line 1240
[11-Oct-2023 16:06:50 Asia/Kolkata] PHP Stack trace:
[11-Oct-2023 16:06:50 Asia/Kolkata] PHP   1. {main}() D:\wamp64\www\emsdemo\View\index.php:0
