[20-Feb-2023 10:06:54 Asia/Kolkata] PHP Warning:  Undefined array key "to" in C:\wamp64\www\emsdemo\View\calcRange.php on line 42
[20-Feb-2023 10:06:54 Asia/Kolkata] PHP Stack trace:
[20-Feb-2023 10:06:54 Asia/Kolkata] PHP   1. {main}() C:\wamp64\www\emsdemo\View\calcRange.php:0
[20-Feb-2023 10:06:57 Asia/Kolkata] PHP Notice:  Object of class mysqli_result could not be converted to int in C:\wamp64\www\emsdemo\View\calcRange.php on line 412
[20-Feb-2023 10:06:57 Asia/Kolkata] PHP Stack trace:
[20-Feb-2023 10:06:57 Asia/Kolkata] PHP   1. {main}() C:\wamp64\www\emsdemo\View\calcRange.php:0
[20-Feb-2023 10:06:57 Asia/Kolkata] PHP   2. BioMetric->__construct($EmployeeID = 'CE12102224', $DateFrom = '2023-02-19', $DateTo = '2023-02-19', $Emd_des = 'Manager', $Emp_status = 6, $emp_dod = NULL, $emp_module = '2010-12-06 00:00:00') C:\wamp64\www\emsdemo\View\calcRange.php:2358
[20-Feb-2023 10:06:57 Asia/Kolkata] PHP Warning:  Undefined array key "2023-02-19" in C:\wamp64\www\emsdemo\View\calcRange.php on line 583
[20-Feb-2023 10:06:57 Asia/Kolkata] PHP Stack trace:
[20-Feb-2023 10:06:57 Asia/Kolkata] PHP   1. {main}() C:\wamp64\www\emsdemo\View\calcRange.php:0
[20-Feb-2023 10:06:57 Asia/Kolkata] PHP   2. BioMetric->__construct($EmployeeID = 'CE12102224', $DateFrom = '2023-02-19', $DateTo = '2023-02-19', $Emd_des = 'Manager', $Emp_status = 6, $emp_dod = NULL, $emp_module = '2010-12-06 00:00:00') C:\wamp64\www\emsdemo\View\calcRange.php:2358
[20-Feb-2023 10:06:57 Asia/Kolkata] PHP   3. BioMetric->__calculation_for_day($__date = '2023-02-19', $__EmpID = 'CE12102224', $__des = 'Manager', $__status = 6) C:\wamp64\www\emsdemo\View\calcRange.php:558
[20-Feb-2023 10:06:57 Asia/Kolkata] PHP Warning:  Undefined array key "2023-02-19" in C:\wamp64\www\emsdemo\View\calcRange.php on line 932
[20-Feb-2023 10:06:57 Asia/Kolkata] PHP Stack trace:
[20-Feb-2023 10:06:57 Asia/Kolkata] PHP   1. {main}() C:\wamp64\www\emsdemo\View\calcRange.php:0
[20-Feb-2023 10:06:57 Asia/Kolkata] PHP   2. BioMetric->__construct($EmployeeID = 'CE12102224', $DateFrom = '2023-02-19', $DateTo = '2023-02-19', $Emd_des = 'Manager', $Emp_status = 6, $emp_dod = NULL, $emp_module = '2010-12-06 00:00:00') C:\wamp64\www\emsdemo\View\calcRange.php:2358
[20-Feb-2023 10:06:57 Asia/Kolkata] PHP   3. BioMetric->__calculation_for_day($__date = '2023-02-19', $__EmpID = 'CE12102224', $__des = 'Manager', $__status = 6) C:\wamp64\www\emsdemo\View\calcRange.php:558
[20-Feb-2023 10:06:57 Asia/Kolkata] PHP Warning:  Undefined array key "2023-02-19" in C:\wamp64\www\emsdemo\View\calcRange.php on line 1225
[20-Feb-2023 10:06:57 Asia/Kolkata] PHP Stack trace:
[20-Feb-2023 10:06:57 Asia/Kolkata] PHP   1. {main}() C:\wamp64\www\emsdemo\View\calcRange.php:0
[20-Feb-2023 10:06:57 Asia/Kolkata] PHP   2. BioMetric->__construct($EmployeeID = 'CE12102224', $DateFrom = '2023-02-19', $DateTo = '2023-02-19', $Emd_des = 'Manager', $Emp_status = 6, $emp_dod = NULL, $emp_module = '2010-12-06 00:00:00') C:\wamp64\www\emsdemo\View\calcRange.php:2358
[20-Feb-2023 10:06:57 Asia/Kolkata] PHP   3. BioMetric->__calculation_for_day($__date = '2023-02-19', $__EmpID = 'CE12102224', $__des = 'Manager', $__status = 6) C:\wamp64\www\emsdemo\View\calcRange.php:558
[20-Feb-2023 10:06:58 Asia/Kolkata] PHP Warning:  Array to string conversion in C:\wamp64\www\emsdemo\View\calcRange.php on line 1559
[20-Feb-2023 10:06:58 Asia/Kolkata] PHP Stack trace:
[20-Feb-2023 10:06:58 Asia/Kolkata] PHP   1. {main}() C:\wamp64\www\emsdemo\View\calcRange.php:0
[20-Feb-2023 10:06:58 Asia/Kolkata] PHP   2. BioMetric->__construct($EmployeeID = 'CE12102224', $DateFrom = '2023-02-19', $DateTo = '2023-02-19', $Emd_des = 'Manager', $Emp_status = 6, $emp_dod = NULL, $emp_module = '2010-12-06 00:00:00') C:\wamp64\www\emsdemo\View\calcRange.php:2358
[20-Feb-2023 10:06:58 Asia/Kolkata] PHP   3. BioMetric->__calculation_for_day($__date = '2023-02-19', $__EmpID = 'CE12102224', $__des = 'Manager', $__status = 6) C:\wamp64\www\emsdemo\View\calcRange.php:558
[20-Feb-2023 10:07:25 Asia/Kolkata] PHP Warning:  Trying to access array offset on value of type null in C:\wamp64\www\emsdemo\View\index.php on line 356
[20-Feb-2023 10:07:25 Asia/Kolkata] PHP Stack trace:
[20-Feb-2023 10:07:25 Asia/Kolkata] PHP   1. {main}() C:\wamp64\www\emsdemo\View\index.php:0
