[25-Jan-2023 10:13:18 Asia/Kolkata] PHP Warning:  Undefined array key "__user_logid" in C:\wamp64\www\emsdemo\AppCode\nHead.php on line 2
[25-Jan-2023 10:13:18 Asia/Kolkata] PHP Stack trace:
[25-Jan-2023 10:13:18 Asia/Kolkata] PHP   1. {main}() C:\wamp64\www\emsdemo\View\update_mobile_alert.php:0
[25-Jan-2023 10:13:18 Asia/Kolkata] PHP   2. require() C:\wamp64\www\emsdemo\View\update_mobile_alert.php:5
[25-Jan-2023 10:17:39 Asia/Kolkata] PHP Warning:  Undefined array key "__user_logid" in C:\wamp64\www\emsdemo\AppCode\nHead.php on line 2
[25-Jan-2023 10:17:39 Asia/Kolkata] PHP Stack trace:
[25-Jan-2023 10:17:39 Asia/Kolkata] PHP   1. {main}() C:\wamp64\www\emsdemo\View\index.php:0
[25-Jan-2023 10:17:39 Asia/Kolkata] PHP   2. require() C:\wamp64\www\emsdemo\View\index.php:14
[25-Jan-2023 10:21:58 Asia/Kolkata] PHP Warning:  Undefined array key "__user_logid" in C:\wamp64\www\emsdemo\AppCode\nHead.php on line 2
[25-Jan-2023 10:21:58 Asia/Kolkata] PHP Stack trace:
[25-Jan-2023 10:21:58 Asia/Kolkata] PHP   1. {main}() C:\wamp64\www\emsdemo\View\index.php:0
[25-Jan-2023 10:21:58 Asia/Kolkata] PHP   2. require() C:\wamp64\www\emsdemo\View\index.php:14
[25-Jan-2023 10:34:31 Asia/Kolkata] PHP Warning:  Undefined array key "__user_logid" in C:\wamp64\www\emsdemo\AppCode\nHead.php on line 2
[25-Jan-2023 10:34:31 Asia/Kolkata] PHP Stack trace:
[25-Jan-2023 10:34:31 Asia/Kolkata] PHP   1. {main}() C:\wamp64\www\emsdemo\View\update_mobile_alert.php:0
[25-Jan-2023 10:34:31 Asia/Kolkata] PHP   2. require() C:\wamp64\www\emsdemo\View\update_mobile_alert.php:5
[25-Jan-2023 10:47:55 Asia/Kolkata] PHP Warning:  Undefined array key "__user_logid" in C:\wamp64\www\emsdemo\AppCode\nHead.php on line 2
[25-Jan-2023 10:47:55 Asia/Kolkata] PHP Stack trace:
[25-Jan-2023 10:47:55 Asia/Kolkata] PHP   1. {main}() C:\wamp64\www\emsdemo\View\update_mobile_alert.php:0
[25-Jan-2023 10:47:55 Asia/Kolkata] PHP   2. require() C:\wamp64\www\emsdemo\View\update_mobile_alert.php:5
[25-Jan-2023 10:48:32 Asia/Kolkata] PHP Warning:  Trying to access array offset on value of type null in C:\wamp64\www\emsdemo\View\index.php on line 355
[25-Jan-2023 10:48:32 Asia/Kolkata] PHP Stack trace:
[25-Jan-2023 10:48:32 Asia/Kolkata] PHP   1. {main}() C:\wamp64\www\emsdemo\View\index.php:0
