[28-Dec-2022 13:01:00 Asia/Kolkata] PHP Notice:  Undefined index: __user_logid in /var/www/html/erpm/AppCode/nHead.php on line 2
[28-Dec-2022 13:01:02 Asia/Kolkata] PHP Warning:  mysqli_stmt::bind_param(): Number of elements in type definition string doesn't match number of bind variables in /var/www/html/erpm/Controller/ConLog.php on line 464
[28-Dec-2022 13:01:02 Asia/Kolkata] PHP Warning:  Use of undefined constant EMS_CenterName - assumed 'EMS_CenterName' (this will throw an Error in a future version of PHP) in /var/www/html/erpm/Controller/ConLog.php on line 470
[28-Dec-2022 13:01:02 Asia/Kolkata] PHP Warning:  Use of undefined constant EMAIL_HOST - assumed 'EMAIL_HOST' (this will throw an Error in a future version of PHP) in /var/www/html/erpm/Controller/ConLog.php on line 473
[28-Dec-2022 13:01:02 Asia/Kolkata] PHP Warning:  Use of undefined constant EMAIL_AUTH - assumed 'EMAIL_AUTH' (this will throw an Error in a future version of PHP) in /var/www/html/erpm/Controller/ConLog.php on line 474
[28-Dec-2022 13:01:02 Asia/Kolkata] PHP Warning:  Use of undefined constant EMAIL_USER - assumed 'EMAIL_USER' (this will throw an Error in a future version of PHP) in /var/www/html/erpm/Controller/ConLog.php on line 475
[28-Dec-2022 13:01:02 Asia/Kolkata] PHP Warning:  Use of undefined constant EMAIL_PASS - assumed 'EMAIL_PASS' (this will throw an Error in a future version of PHP) in /var/www/html/erpm/Controller/ConLog.php on line 476
[28-Dec-2022 13:01:02 Asia/Kolkata] PHP Warning:  Use of undefined constant EMAIL_SMTPSecure - assumed 'EMAIL_SMTPSecure' (this will throw an Error in a future version of PHP) in /var/www/html/erpm/Controller/ConLog.php on line 477
[28-Dec-2022 13:01:02 Asia/Kolkata] PHP Warning:  Use of undefined constant EMAIL_PORT - assumed 'EMAIL_PORT' (this will throw an Error in a future version of PHP) in /var/www/html/erpm/Controller/ConLog.php on line 478
[28-Dec-2022 13:01:02 Asia/Kolkata] PHP Warning:  Use of undefined constant EMAIL_FROM - assumed 'EMAIL_FROM' (this will throw an Error in a future version of PHP) in /var/www/html/erpm/Controller/ConLog.php on line 479
[28-Dec-2022 13:01:02 Asia/Kolkata] PHP Warning:  Use of undefined constant EMS_CenterName - assumed 'EMS_CenterName' (this will throw an Error in a future version of PHP) in /var/www/html/erpm/Controller/ConLog.php on line 482
[28-Dec-2022 13:01:04 Asia/Kolkata] PHP Notice:  Trying to access array offset on value of type null in /var/www/html/erpm/View/index.php on line 346
[28-Dec-2022 13:01:15 Asia/Kolkata] PHP Notice:  Undefined index: __user_logid in /var/www/html/erpm/AppCode/nHead.php on line 2
[28-Dec-2022 13:01:17 Asia/Kolkata] PHP Warning:  mysqli_stmt::bind_param(): Number of elements in type definition string doesn't match number of bind variables in /var/www/html/erpm/Controller/ConLog.php on line 464
[28-Dec-2022 13:01:25 Asia/Kolkata] PHP Deprecated:  implode(): Passing glue string after array is deprecated. Swap the parameters in /var/www/html/erpm/AppData/Class/MysqliDb.php on line 1372
[28-Dec-2022 13:02:13 Asia/Kolkata] PHP Deprecated:  implode(): Passing glue string after array is deprecated. Swap the parameters in /var/www/html/erpm/AppData/Class/MysqliDb.php on line 1372
[28-Dec-2022 13:03:55 Asia/Kolkata] PHP Warning:  mysqli_stmt::bind_param(): Number of elements in type definition string doesn't match number of bind variables in /var/www/html/erpm/Controller/ConLog.php on line 464
[28-Dec-2022 13:03:56 Asia/Kolkata] PHP Notice:  Trying to access array offset on value of type null in /var/www/html/erpm/View/index.php on line 346
[28-Dec-2022 13:08:10 Asia/Kolkata] PHP Notice:  Undefined index: id in /var/www/html/erpm/View/Versant_master.php on line 27
[28-Dec-2022 13:08:10 Asia/Kolkata] PHP Notice:  Undefined index: cm_id in /var/www/html/erpm/View/Versant_master.php on line 31
[28-Dec-2022 13:08:10 Asia/Kolkata] PHP Notice:  Undefined index: cert_name in /var/www/html/erpm/View/Versant_master.php on line 32
[28-Dec-2022 13:08:10 Asia/Kolkata] PHP Notice:  Undefined index: id in /var/www/html/erpm/View/Versant_master.php on line 33
[28-Dec-2022 13:08:10 Asia/Kolkata] PHP Notice:  Undefined index: savemodule in /var/www/html/erpm/View/Versant_master.php on line 64
[28-Dec-2022 13:08:10 Asia/Kolkata] PHP Notice:  Undefined index: id in /var/www/html/erpm/View/Versant_master.php on line 65
[28-Dec-2022 13:08:38 Asia/Kolkata] PHP Notice:  Undefined index: id in /var/www/html/erpm/View/Versant_master.php on line 27
[28-Dec-2022 13:08:38 Asia/Kolkata] PHP Notice:  Undefined index: savemodule in /var/www/html/erpm/View/Versant_master.php on line 64
[28-Dec-2022 13:08:42 Asia/Kolkata] PHP Notice:  Undefined index: __user_logid in /var/www/html/erpm/AppCode/nHead.php on line 2
[28-Dec-2022 13:08:44 Asia/Kolkata] PHP Warning:  mysqli_stmt::bind_param(): Number of elements in type definition string doesn't match number of bind variables in /var/www/html/erpm/Controller/ConLog.php on line 464
[28-Dec-2022 13:10:11 Asia/Kolkata] PHP Notice:  Undefined index: __user_logid in /var/www/html/erpm/AppCode/nHead.php on line 2
[28-Dec-2022 13:10:13 Asia/Kolkata] PHP Warning:  mysqli_stmt::bind_param(): Number of elements in type definition string doesn't match number of bind variables in /var/www/html/erpm/Controller/ConLog.php on line 464
[28-Dec-2022 13:10:13 Asia/Kolkata] PHP Notice:  Trying to access array offset on value of type null in /var/www/html/erpm/View/index.php on line 346
[28-Dec-2022 13:14:03 Asia/Kolkata] PHP Notice:  Undefined index: __user_logid in /var/www/html/erpm/AppCode/nHead.php on line 2
[28-Dec-2022 13:14:05 Asia/Kolkata] PHP Warning:  mysqli_stmt::bind_param(): Number of elements in type definition string doesn't match number of bind variables in /var/www/html/erpm/Controller/ConLog.php on line 464
[28-Dec-2022 13:19:07 Asia/Kolkata] PHP Notice:  Undefined index: __user_logid in /var/www/html/erpm/AppCode/nHead.php on line 2
[28-Dec-2022 13:19:09 Asia/Kolkata] PHP Warning:  mysqli_stmt::bind_param(): Number of elements in type definition string doesn't match number of bind variables in /var/www/html/erpm/Controller/ConLog.php on line 464
[28-Dec-2022 13:24:42 Asia/Kolkata] PHP Notice:  Undefined index: __user_logid in /var/www/html/erpm/AppCode/nHead.php on line 2
[28-Dec-2022 13:24:44 Asia/Kolkata] PHP Warning:  mysqli_stmt::bind_param(): Number of elements in type definition string doesn't match number of bind variables in /var/www/html/erpm/Controller/ConLog.php on line 464
[28-Dec-2022 13:31:06 Asia/Kolkata] PHP Notice:  Undefined index: __user_logid in /var/www/html/erpm/AppCode/nHead.php on line 2
[28-Dec-2022 13:31:09 Asia/Kolkata] PHP Warning:  mysqli_stmt::bind_param(): Number of elements in type definition string doesn't match number of bind variables in /var/www/html/erpm/Controller/ConLog.php on line 464
[28-Dec-2022 13:39:12 Asia/Kolkata] PHP Notice:  Undefined index: __user_logid in /var/www/html/erpm/AppCode/nHead.php on line 2
[28-Dec-2022 13:39:14 Asia/Kolkata] PHP Warning:  mysqli_stmt::bind_param(): Number of elements in type definition string doesn't match number of bind variables in /var/www/html/erpm/Controller/ConLog.php on line 464
[28-Dec-2022 13:45:57 Asia/Kolkata] PHP Notice:  Undefined index: __user_logid in /var/www/html/erpm/AppCode/nHead.php on line 2
[28-Dec-2022 13:45:59 Asia/Kolkata] PHP Warning:  mysqli_stmt::bind_param(): Number of elements in type definition string doesn't match number of bind variables in /var/www/html/erpm/Controller/ConLog.php on line 464
[28-Dec-2022 13:57:00 Asia/Kolkata] PHP Notice:  Undefined index: __user_logid in /var/www/html/erpm/AppCode/nHead.php on line 2
[28-Dec-2022 13:57:02 Asia/Kolkata] PHP Warning:  mysqli_stmt::bind_param(): Number of elements in type definition string doesn't match number of bind variables in /var/www/html/erpm/Controller/ConLog.php on line 464
