[25-Feb-2023 09:42:31 Asia/Kolkata] PHP Warning:  Undefined array key "to" in C:\wamp64\www\emsdemo\View\calcRange.php on line 42
[25-Feb-2023 09:42:31 Asia/Kolkata] PHP Stack trace:
[25-Feb-2023 09:42:31 Asia/Kolkata] PHP   1. {main}() C:\wamp64\www\emsdemo\View\calcRange.php:0
[25-Feb-2023 09:42:35 Asia/Kolkata] PHP Notice:  Object of class mysqli_result could not be converted to int in C:\wamp64\www\emsdemo\View\calcRange.php on line 412
[25-Feb-2023 09:42:35 Asia/Kolkata] PHP Stack trace:
[25-Feb-2023 09:42:35 Asia/Kolkata] PHP   1. {main}() C:\wamp64\www\emsdemo\View\calcRange.php:0
[25-Feb-2023 09:42:35 Asia/Kolkata] PHP   2. BioMetric->__construct($EmployeeID = 'CE10091236', $DateFrom = '2023-02-24', $DateTo = '2023-02-24', $Emd_des = 'Deputy General Manager', $Emp_status = 6, $emp_dod = NULL, $emp_module = '2009-10-12 00:00:00') C:\wamp64\www\emsdemo\View\calcRange.php:2358
[25-Feb-2023 09:42:35 Asia/Kolkata] PHP Warning:  Undefined array key "2023-02-24" in C:\wamp64\www\emsdemo\View\calcRange.php on line 583
[25-Feb-2023 09:42:35 Asia/Kolkata] PHP Stack trace:
[25-Feb-2023 09:42:35 Asia/Kolkata] PHP   1. {main}() C:\wamp64\www\emsdemo\View\calcRange.php:0
[25-Feb-2023 09:42:35 Asia/Kolkata] PHP   2. BioMetric->__construct($EmployeeID = 'CE10091236', $DateFrom = '2023-02-24', $DateTo = '2023-02-24', $Emd_des = 'Deputy General Manager', $Emp_status = 6, $emp_dod = NULL, $emp_module = '2009-10-12 00:00:00') C:\wamp64\www\emsdemo\View\calcRange.php:2358
[25-Feb-2023 09:42:35 Asia/Kolkata] PHP   3. BioMetric->__calculation_for_day($__date = '2023-02-24', $__EmpID = 'CE10091236', $__des = 'Deputy General Manager', $__status = 6) C:\wamp64\www\emsdemo\View\calcRange.php:558
[25-Feb-2023 09:42:35 Asia/Kolkata] PHP Warning:  Undefined array key "2023-02-24" in C:\wamp64\www\emsdemo\View\calcRange.php on line 932
[25-Feb-2023 09:42:35 Asia/Kolkata] PHP Stack trace:
[25-Feb-2023 09:42:35 Asia/Kolkata] PHP   1. {main}() C:\wamp64\www\emsdemo\View\calcRange.php:0
[25-Feb-2023 09:42:35 Asia/Kolkata] PHP   2. BioMetric->__construct($EmployeeID = 'CE10091236', $DateFrom = '2023-02-24', $DateTo = '2023-02-24', $Emd_des = 'Deputy General Manager', $Emp_status = 6, $emp_dod = NULL, $emp_module = '2009-10-12 00:00:00') C:\wamp64\www\emsdemo\View\calcRange.php:2358
[25-Feb-2023 09:42:35 Asia/Kolkata] PHP   3. BioMetric->__calculation_for_day($__date = '2023-02-24', $__EmpID = 'CE10091236', $__des = 'Deputy General Manager', $__status = 6) C:\wamp64\www\emsdemo\View\calcRange.php:558
[25-Feb-2023 09:42:35 Asia/Kolkata] PHP Warning:  Undefined array key "2023-02-24" in C:\wamp64\www\emsdemo\View\calcRange.php on line 1225
[25-Feb-2023 09:42:35 Asia/Kolkata] PHP Stack trace:
[25-Feb-2023 09:42:35 Asia/Kolkata] PHP   1. {main}() C:\wamp64\www\emsdemo\View\calcRange.php:0
[25-Feb-2023 09:42:35 Asia/Kolkata] PHP   2. BioMetric->__construct($EmployeeID = 'CE10091236', $DateFrom = '2023-02-24', $DateTo = '2023-02-24', $Emd_des = 'Deputy General Manager', $Emp_status = 6, $emp_dod = NULL, $emp_module = '2009-10-12 00:00:00') C:\wamp64\www\emsdemo\View\calcRange.php:2358
[25-Feb-2023 09:42:35 Asia/Kolkata] PHP   3. BioMetric->__calculation_for_day($__date = '2023-02-24', $__EmpID = 'CE10091236', $__des = 'Deputy General Manager', $__status = 6) C:\wamp64\www\emsdemo\View\calcRange.php:558
[25-Feb-2023 09:42:37 Asia/Kolkata] PHP Warning:  Array to string conversion in C:\wamp64\www\emsdemo\View\calcRange.php on line 1559
[25-Feb-2023 09:42:37 Asia/Kolkata] PHP Stack trace:
[25-Feb-2023 09:42:37 Asia/Kolkata] PHP   1. {main}() C:\wamp64\www\emsdemo\View\calcRange.php:0
[25-Feb-2023 09:42:37 Asia/Kolkata] PHP   2. BioMetric->__construct($EmployeeID = 'CE10091236', $DateFrom = '2023-02-24', $DateTo = '2023-02-24', $Emd_des = 'Deputy General Manager', $Emp_status = 6, $emp_dod = NULL, $emp_module = '2009-10-12 00:00:00') C:\wamp64\www\emsdemo\View\calcRange.php:2358
[25-Feb-2023 09:42:37 Asia/Kolkata] PHP   3. BioMetric->__calculation_for_day($__date = '2023-02-24', $__EmpID = 'CE10091236', $__des = 'Deputy General Manager', $__status = 6) C:\wamp64\www\emsdemo\View\calcRange.php:558
[25-Feb-2023 09:42:38 Asia/Kolkata] PHP Warning:  Trying to access array offset on value of type null in C:\wamp64\www\emsdemo\View\index.php on line 356
[25-Feb-2023 09:42:38 Asia/Kolkata] PHP Stack trace:
[25-Feb-2023 09:42:38 Asia/Kolkata] PHP   1. {main}() C:\wamp64\www\emsdemo\View\index.php:0
