[03-Jan-2023 17:01:11 Asia/Kolkata] PHP Notice:  Undefined index: action in /var/www/html/erpm/Controller/getFilterData.php on line 6
[03-Jan-2023 17:01:11 Asia/Kolkata] PHP Notice:  Undefined index: location_id in /var/www/html/erpm/Controller/getFilterData.php on line 63
[03-Jan-2023 17:01:11 Asia/Kolkata] PHP Notice:  Undefined index: clientid in /var/www/html/erpm/Controller/getFilterData.php on line 86
[03-Jan-2023 17:01:36 Asia/Kolkata] PHP Warning:  A non-numeric value encountered in /var/www/html/erpm/View/site_master.php on line 148
[03-Jan-2023 17:01:47 Asia/Kolkata] PHP Notice:  Undefined index: action in /var/www/html/erpm/Controller/getFilterData.php on line 6
[03-Jan-2023 17:01:47 Asia/Kolkata] PHP Notice:  Undefined index: location_id in /var/www/html/erpm/Controller/getFilterData.php on line 63
[03-Jan-2023 17:01:47 Asia/Kolkata] PHP Notice:  Undefined index: clientid in /var/www/html/erpm/Controller/getFilterData.php on line 86
[03-Jan-2023 17:02:04 Asia/Kolkata] PHP Warning:  A non-numeric value encountered in /var/www/html/erpm/View/site_master.php on line 148
[03-Jan-2023 17:02:42 Asia/Kolkata] PHP Notice:  Undefined index: action in /var/www/html/erpm/Controller/getFilterData.php on line 6
[03-Jan-2023 17:02:42 Asia/Kolkata] PHP Notice:  Undefined index: location_id in /var/www/html/erpm/Controller/getFilterData.php on line 63
[03-Jan-2023 17:02:42 Asia/Kolkata] PHP Notice:  Undefined index: clientid in /var/www/html/erpm/Controller/getFilterData.php on line 86
[03-Jan-2023 17:02:44 Asia/Kolkata] PHP Notice:  Undefined index: action in /var/www/html/erpm/Controller/getFilterData.php on line 6
[03-Jan-2023 17:02:44 Asia/Kolkata] PHP Notice:  Undefined index: location_id in /var/www/html/erpm/Controller/getFilterData.php on line 63
[03-Jan-2023 17:02:44 Asia/Kolkata] PHP Notice:  Undefined index: clientid in /var/www/html/erpm/Controller/getFilterData.php on line 86
[03-Jan-2023 17:02:44 Asia/Kolkata] PHP Notice:  Undefined index: action in /var/www/html/erpm/Controller/getFilterData.php on line 6
[03-Jan-2023 17:02:44 Asia/Kolkata] PHP Notice:  Undefined index: location_id in /var/www/html/erpm/Controller/getFilterData.php on line 63
[03-Jan-2023 17:02:44 Asia/Kolkata] PHP Notice:  Undefined index: clientid in /var/www/html/erpm/Controller/getFilterData.php on line 86
[03-Jan-2023 17:02:45 Asia/Kolkata] PHP Notice:  Undefined index: action in /var/www/html/erpm/Controller/getFilterData.php on line 6
[03-Jan-2023 17:02:45 Asia/Kolkata] PHP Notice:  Undefined index: location_id in /var/www/html/erpm/Controller/getFilterData.php on line 63
[03-Jan-2023 17:02:45 Asia/Kolkata] PHP Notice:  Undefined index: clientid in /var/www/html/erpm/Controller/getFilterData.php on line 86
[03-Jan-2023 17:03:42 Asia/Kolkata] PHP Notice:  Undefined index: action in /var/www/html/erpm/Controller/getFilterData.php on line 6
[03-Jan-2023 17:03:42 Asia/Kolkata] PHP Notice:  Undefined index: location_id in /var/www/html/erpm/Controller/getFilterData.php on line 63
[03-Jan-2023 17:03:42 Asia/Kolkata] PHP Notice:  Undefined index: clientid in /var/www/html/erpm/Controller/getFilterData.php on line 86
[03-Jan-2023 17:03:45 Asia/Kolkata] PHP Warning:  Cannot modify header information - headers already sent by (output started at /var/www/html/erpm/AppCode/head.mpt:15) in /var/www/html/erpm/View/ijp_action.php on line 19
[03-Jan-2023 17:04:12 Asia/Kolkata] PHP Warning:  A non-numeric value encountered in /var/www/html/erpm/View/site_master.php on line 148
[03-Jan-2023 17:05:12 Asia/Kolkata] PHP Warning:  Cannot modify header information - headers already sent by (output started at /var/www/html/erpm/AppCode/head.mpt:15) in /var/www/html/erpm/View/ijp_action.php on line 19
[03-Jan-2023 17:05:17 Asia/Kolkata] PHP Warning:  Cannot modify header information - headers already sent by (output started at /var/www/html/erpm/AppCode/head.mpt:15) in /var/www/html/erpm/View/ijp_action.php on line 19
[03-Jan-2023 17:05:24 Asia/Kolkata] PHP Warning:  A non-numeric value encountered in /var/www/html/erpm/View/site_master.php on line 148
[03-Jan-2023 17:05:34 Asia/Kolkata] PHP Warning:  Cannot modify header information - headers already sent by (output started at /var/www/html/erpm/AppCode/head.mpt:15) in /var/www/html/erpm/View/ijp_action.php on line 19
[03-Jan-2023 17:06:12 Asia/Kolkata] PHP Notice:  Undefined variable: empid in /var/www/html/erpm/Services/Get_Process_ForReport.php on line 24
[03-Jan-2023 17:06:12 Asia/Kolkata] PHP Notice:  Undefined variable: empid in /var/www/html/erpm/Services/Get_Process_ForReport.php on line 40
[03-Jan-2023 17:06:12 Asia/Kolkata] PHP Notice:  Undefined variable: empid in /var/www/html/erpm/Services/Get_Process_ForReport.php on line 40
[03-Jan-2023 17:06:22 Asia/Kolkata] PHP Warning:  mysqli_stmt::bind_param(): Number of elements in type definition string doesn't match number of bind variables in /var/www/html/erpm/Controller/ConLog.php on line 464
[03-Jan-2023 17:06:23 Asia/Kolkata] PHP Notice:  Undefined index: to in /var/www/html/erpm/View/calcRange.php on line 42
[03-Jan-2023 17:06:24 Asia/Kolkata] PHP Notice:  Object of class mysqli_result could not be converted to int in /var/www/html/erpm/View/calcRange.php on line 412
[03-Jan-2023 17:06:24 Asia/Kolkata] PHP Notice:  Undefined index: 2023-01-02 in /var/www/html/erpm/View/calcRange.php on line 583
[03-Jan-2023 17:06:24 Asia/Kolkata] PHP Notice:  Undefined index: 2023-01-02 in /var/www/html/erpm/View/calcRange.php on line 932
[03-Jan-2023 17:06:24 Asia/Kolkata] PHP Notice:  Undefined index: 2023-01-02 in /var/www/html/erpm/View/calcRange.php on line 1225
[03-Jan-2023 17:06:24 Asia/Kolkata] PHP Notice:  Array to string conversion in /var/www/html/erpm/View/calcRange.php on line 1559
[03-Jan-2023 17:06:25 Asia/Kolkata] PHP Notice:  Trying to access array offset on value of type null in /var/www/html/erpm/View/index.php on line 346
[03-Jan-2023 17:06:35 Asia/Kolkata] PHP Notice:  Undefined variable: post_int in /var/www/html/erpm/View/ijp_action.php on line 96
[03-Jan-2023 17:06:35 Asia/Kolkata] PHP Notice:  Undefined variable: post_int in /var/www/html/erpm/View/ijp_action.php on line 99
[03-Jan-2023 17:11:55 Asia/Kolkata] PHP Notice:  Undefined index: __user_logid in /var/www/html/erpm/AppCode/nHead.php on line 2
[03-Jan-2023 17:12:33 Asia/Kolkata] PHP Warning:  mysqli_stmt::bind_param(): Number of elements in type definition string doesn't match number of bind variables in /var/www/html/erpm/Controller/ConLog.php on line 464
[03-Jan-2023 17:12:33 Asia/Kolkata] PHP Notice:  Trying to access array offset on value of type null in /var/www/html/erpm/View/index.php on line 346
[03-Jan-2023 17:13:33 Asia/Kolkata] PHP Warning:  mysqli_stmt::bind_param(): Number of elements in type definition string doesn't match number of bind variables in /var/www/html/erpm/Controller/ConLog.php on line 464
[03-Jan-2023 17:13:53 Asia/Kolkata] PHP Warning:  mysqli_stmt::bind_param(): Number of elements in type definition string doesn't match number of bind variables in /var/www/html/erpm/Controller/ConLog.php on line 464
[03-Jan-2023 17:13:54 Asia/Kolkata] PHP Notice:  Trying to access array offset on value of type null in /var/www/html/erpm/View/index.php on line 346
[03-Jan-2023 17:14:15 Asia/Kolkata] PHP Notice:  Trying to access array offset on value of type null in /var/www/html/erpm/View/index.php on line 346
[03-Jan-2023 17:14:32 Asia/Kolkata] PHP Notice:  Undefined index: __user_logid in /var/www/html/erpm/AppCode/nHead.php on line 2
[03-Jan-2023 17:15:12 Asia/Kolkata] PHP Warning:  mysqli_stmt::bind_param(): Number of elements in type definition string doesn't match number of bind variables in /var/www/html/erpm/Controller/ConLog.php on line 464
[03-Jan-2023 17:15:15 Asia/Kolkata] PHP Notice:  Undefined index: __user_logid in /var/www/html/erpm/AppCode/nHead.php on line 2
[03-Jan-2023 17:16:40 Asia/Kolkata] PHP Warning:  mysqli_stmt::bind_param(): Number of elements in type definition string doesn't match number of bind variables in /var/www/html/erpm/Controller/ConLog.php on line 464
[03-Jan-2023 17:16:47 Asia/Kolkata] PHP Notice:  Undefined index: to in /var/www/html/erpm/View/calcRange.php on line 42
[03-Jan-2023 17:16:48 Asia/Kolkata] PHP Notice:  Object of class mysqli_result could not be converted to int in /var/www/html/erpm/View/calcRange.php on line 412
[03-Jan-2023 17:16:48 Asia/Kolkata] PHP Notice:  Undefined index: 2023-01-02 in /var/www/html/erpm/View/calcRange.php on line 583
[03-Jan-2023 17:16:48 Asia/Kolkata] PHP Notice:  Undefined index: 2023-01-02 in /var/www/html/erpm/View/calcRange.php on line 932
[03-Jan-2023 17:16:48 Asia/Kolkata] PHP Notice:  Undefined index: 2023-01-02 in /var/www/html/erpm/View/calcRange.php on line 1225
[03-Jan-2023 17:16:48 Asia/Kolkata] PHP Notice:  Array to string conversion in /var/www/html/erpm/View/calcRange.php on line 1559
[03-Jan-2023 17:16:48 Asia/Kolkata] PHP Notice:  Trying to access array offset on value of type null in /var/www/html/erpm/View/index.php on line 346
[03-Jan-2023 17:18:57 Asia/Kolkata] PHP Warning:  mysqli_stmt::bind_param(): Number of elements in type definition string doesn't match number of bind variables in /var/www/html/erpm/Controller/ConLog.php on line 464
[03-Jan-2023 17:19:02 Asia/Kolkata] PHP Notice:  Trying to access array offset on value of type null in /var/www/html/erpm/View/index.php on line 346
[03-Jan-2023 17:19:11 Asia/Kolkata] PHP Notice:  Undefined index: __user_logid in /var/www/html/erpm/AppCode/nHead.php on line 2
[03-Jan-2023 17:20:50 Asia/Kolkata] PHP Notice:  Undefined index: __user_logid in /var/www/html/erpm/AppCode/nHead.php on line 2
[03-Jan-2023 17:21:34 Asia/Kolkata] PHP Warning:  mysqli_stmt::bind_param(): Number of elements in type definition string doesn't match number of bind variables in /var/www/html/erpm/Controller/ConLog.php on line 464
[03-Jan-2023 17:21:34 Asia/Kolkata] PHP Notice:  Trying to access array offset on value of type null in /var/www/html/erpm/View/index.php on line 346
[03-Jan-2023 17:22:04 Asia/Kolkata] PHP Warning:  mysqli_stmt::bind_param(): Number of elements in type definition string doesn't match number of bind variables in /var/www/html/erpm/Controller/ConLog.php on line 464
[03-Jan-2023 17:22:07 Asia/Kolkata] PHP Notice:  Trying to access array offset on value of type null in /var/www/html/erpm/View/index.php on line 346
[03-Jan-2023 17:23:01 Asia/Kolkata] PHP Warning:  mysqli_stmt::bind_param(): Number of elements in type definition string doesn't match number of bind variables in /var/www/html/erpm/Controller/ConLog.php on line 464
[03-Jan-2023 17:23:02 Asia/Kolkata] PHP Notice:  Trying to access array offset on value of type null in /var/www/html/erpm/View/index.php on line 346
[03-Jan-2023 17:24:55 Asia/Kolkata] PHP Notice:  Undefined variable: locationdir in /var/www/html/erpm/View/EmployeInfo.php on line 160
[03-Jan-2023 17:24:55 Asia/Kolkata] PHP Notice:  Trying to access array offset on value of type int in /var/www/html/erpm/View/EmployeInfo.php on line 879
[03-Jan-2023 17:24:55 Asia/Kolkata] PHP Notice:  Trying to access array offset on value of type int in /var/www/html/erpm/View/EmployeInfo.php on line 879
[03-Jan-2023 17:24:55 Asia/Kolkata] PHP Notice:  Trying to access array offset on value of type int in /var/www/html/erpm/View/EmployeInfo.php on line 879
[03-Jan-2023 17:24:55 Asia/Kolkata] PHP Notice:  Undefined variable: imsrc_rrrt in /var/www/html/erpm/View/EmployeInfo.php on line 1367
[03-Jan-2023 17:25:03 Asia/Kolkata] PHP Notice:  Undefined variable: locationdir in /var/www/html/erpm/View/EmployeInfo.php on line 160
[03-Jan-2023 17:25:03 Asia/Kolkata] PHP Notice:  Trying to access array offset on value of type int in /var/www/html/erpm/View/EmployeInfo.php on line 879
[03-Jan-2023 17:25:03 Asia/Kolkata] PHP Notice:  Trying to access array offset on value of type int in /var/www/html/erpm/View/EmployeInfo.php on line 879
[03-Jan-2023 17:25:03 Asia/Kolkata] PHP Notice:  Trying to access array offset on value of type int in /var/www/html/erpm/View/EmployeInfo.php on line 879
[03-Jan-2023 17:25:11 Asia/Kolkata] PHP Notice:  Trying to access array offset on value of type null in /var/www/html/erpm/View/index.php on line 346
[03-Jan-2023 17:25:13 Asia/Kolkata] PHP Notice:  Undefined variable: locationdir in /var/www/html/erpm/View/EmployeInfo.php on line 160
[03-Jan-2023 17:25:13 Asia/Kolkata] PHP Notice:  Trying to access array offset on value of type int in /var/www/html/erpm/View/EmployeInfo.php on line 879
[03-Jan-2023 17:25:13 Asia/Kolkata] PHP Notice:  Trying to access array offset on value of type int in /var/www/html/erpm/View/EmployeInfo.php on line 879
[03-Jan-2023 17:25:13 Asia/Kolkata] PHP Notice:  Trying to access array offset on value of type int in /var/www/html/erpm/View/EmployeInfo.php on line 879
[03-Jan-2023 17:25:13 Asia/Kolkata] PHP Notice:  Undefined variable: imsrc_rrrt in /var/www/html/erpm/View/EmployeInfo.php on line 1367
[03-Jan-2023 17:25:53 Asia/Kolkata] PHP Warning:  mysqli_stmt::bind_param(): Number of elements in type definition string doesn't match number of bind variables in /var/www/html/erpm/Controller/ConLog.php on line 464
[03-Jan-2023 17:25:53 Asia/Kolkata] PHP Notice:  Trying to access array offset on value of type null in /var/www/html/erpm/View/index.php on line 346
[03-Jan-2023 17:26:01 Asia/Kolkata] PHP Warning:  mysqli_stmt::bind_param(): Number of elements in type definition string doesn't match number of bind variables in /var/www/html/erpm/Controller/ConLog.php on line 464
[03-Jan-2023 17:26:01 Asia/Kolkata] PHP Notice:  Trying to access array offset on value of type null in /var/www/html/erpm/View/index.php on line 346
[03-Jan-2023 17:26:02 Asia/Kolkata] PHP Warning:  Cannot modify header information - headers already sent by (output started at /var/www/html/erpm/AppCode/head.mpt:15) in /var/www/html/erpm/View/team_alert_ActiveUsers.php on line 19
[03-Jan-2023 17:26:25 Asia/Kolkata] PHP Notice:  Undefined index: txt_dateFrom in /var/www/html/erpm/View/message-popup.php on line 27
[03-Jan-2023 17:26:25 Asia/Kolkata] PHP Notice:  Undefined index: txt_dateto in /var/www/html/erpm/View/message-popup.php on line 34
[03-Jan-2023 17:26:54 Asia/Kolkata] PHP Warning:  mysqli_stmt::bind_param(): Number of elements in type definition string doesn't match number of bind variables in /var/www/html/erpm/Controller/ConLog.php on line 464
[03-Jan-2023 17:26:54 Asia/Kolkata] PHP Warning:  Use of undefined constant EMS_CenterName - assumed 'EMS_CenterName' (this will throw an Error in a future version of PHP) in /var/www/html/erpm/Controller/ConLog.php on line 470
[03-Jan-2023 17:26:54 Asia/Kolkata] PHP Warning:  Use of undefined constant EMAIL_HOST - assumed 'EMAIL_HOST' (this will throw an Error in a future version of PHP) in /var/www/html/erpm/Controller/ConLog.php on line 473
[03-Jan-2023 17:26:54 Asia/Kolkata] PHP Warning:  Use of undefined constant EMAIL_AUTH - assumed 'EMAIL_AUTH' (this will throw an Error in a future version of PHP) in /var/www/html/erpm/Controller/ConLog.php on line 474
[03-Jan-2023 17:26:54 Asia/Kolkata] PHP Warning:  Use of undefined constant EMAIL_USER - assumed 'EMAIL_USER' (this will throw an Error in a future version of PHP) in /var/www/html/erpm/Controller/ConLog.php on line 475
[03-Jan-2023 17:26:54 Asia/Kolkata] PHP Warning:  Use of undefined constant EMAIL_PASS - assumed 'EMAIL_PASS' (this will throw an Error in a future version of PHP) in /var/www/html/erpm/Controller/ConLog.php on line 476
[03-Jan-2023 17:26:54 Asia/Kolkata] PHP Warning:  Use of undefined constant EMAIL_SMTPSecure - assumed 'EMAIL_SMTPSecure' (this will throw an Error in a future version of PHP) in /var/www/html/erpm/Controller/ConLog.php on line 477
[03-Jan-2023 17:26:54 Asia/Kolkata] PHP Warning:  Use of undefined constant EMAIL_PORT - assumed 'EMAIL_PORT' (this will throw an Error in a future version of PHP) in /var/www/html/erpm/Controller/ConLog.php on line 478
[03-Jan-2023 17:26:54 Asia/Kolkata] PHP Warning:  Use of undefined constant EMAIL_FROM - assumed 'EMAIL_FROM' (this will throw an Error in a future version of PHP) in /var/www/html/erpm/Controller/ConLog.php on line 479
[03-Jan-2023 17:26:54 Asia/Kolkata] PHP Warning:  Use of undefined constant EMS_CenterName - assumed 'EMS_CenterName' (this will throw an Error in a future version of PHP) in /var/www/html/erpm/Controller/ConLog.php on line 482
[03-Jan-2023 17:26:56 Asia/Kolkata] PHP Warning:  Cannot modify header information - headers already sent by (output started at /var/www/html/erpm/AppCode/head.mpt:15) in /var/www/html/erpm/View/team_alert_ActiveUsers.php on line 19
[03-Jan-2023 17:26:56 Asia/Kolkata] PHP Notice:  Trying to access array offset on value of type null in /var/www/html/erpm/View/index.php on line 346
[03-Jan-2023 17:27:12 Asia/Kolkata] PHP Notice:  Undefined index: txt_dateFrom in /var/www/html/erpm/View/message-popup.php on line 27
[03-Jan-2023 17:27:12 Asia/Kolkata] PHP Notice:  Undefined index: txt_dateto in /var/www/html/erpm/View/message-popup.php on line 34
[03-Jan-2023 17:28:19 Asia/Kolkata] PHP Notice:  Undefined index: delid in /var/www/html/erpm/View/manage_email.php on line 30
[03-Jan-2023 17:28:19 Asia/Kolkata] PHP Notice:  Undefined index: email_address in /var/www/html/erpm/View/manage_email.php on line 53
[03-Jan-2023 17:28:19 Asia/Kolkata] PHP Notice:  Undefined index: addbriefing in /var/www/html/erpm/View/manage_email.php on line 54
[03-Jan-2023 17:28:19 Asia/Kolkata] PHP Notice:  Undefined index: savebriefing in /var/www/html/erpm/View/manage_email.php on line 88
[03-Jan-2023 17:28:19 Asia/Kolkata] PHP Notice:  Undefined index: id in /var/www/html/erpm/View/manage_email.php on line 91
[03-Jan-2023 17:29:33 Asia/Kolkata] PHP Notice:  Undefined index: txt_dateFrom in /var/www/html/erpm/View/message-popup.php on line 27
[03-Jan-2023 17:29:33 Asia/Kolkata] PHP Notice:  Undefined index: txt_dateto in /var/www/html/erpm/View/message-popup.php on line 34
[03-Jan-2023 17:30:19 Asia/Kolkata] PHP Notice:  Undefined index: delid in /var/www/html/erpm/View/manage_email.php on line 30
[03-Jan-2023 17:30:19 Asia/Kolkata] PHP Notice:  Undefined index: email_address in /var/www/html/erpm/View/manage_email.php on line 53
[03-Jan-2023 17:30:19 Asia/Kolkata] PHP Notice:  Undefined index: addbriefing in /var/www/html/erpm/View/manage_email.php on line 54
[03-Jan-2023 17:30:19 Asia/Kolkata] PHP Notice:  Undefined index: savebriefing in /var/www/html/erpm/View/manage_email.php on line 88
[03-Jan-2023 17:30:19 Asia/Kolkata] PHP Notice:  Undefined index: id in /var/www/html/erpm/View/manage_email.php on line 91
[03-Jan-2023 17:31:55 Asia/Kolkata] PHP Notice:  Undefined index: delid in /var/www/html/erpm/View/manage_email.php on line 30
[03-Jan-2023 17:31:55 Asia/Kolkata] PHP Notice:  Undefined index: email_address in /var/www/html/erpm/View/manage_email.php on line 53
[03-Jan-2023 17:31:55 Asia/Kolkata] PHP Notice:  Undefined index: addbriefing in /var/www/html/erpm/View/manage_email.php on line 54
[03-Jan-2023 17:31:55 Asia/Kolkata] PHP Notice:  Undefined index: savebriefing in /var/www/html/erpm/View/manage_email.php on line 88
[03-Jan-2023 17:31:55 Asia/Kolkata] PHP Notice:  Undefined index: id in /var/www/html/erpm/View/manage_email.php on line 91
[03-Jan-2023 17:31:55 Asia/Kolkata] PHP Fatal error:  Uncaught Exception: Problem preparing query (call Add_Chat_message('<script>alert('XSS')</script>','bachansingh.rawat@cogenteservices.com','CE03070003','Sachin Siwach')) You have an error in your SQL syntax; check the manual that corresponds to your MySQL server version for the right syntax to use near 'XSS')</script>','bachansingh.rawat@cogenteservices.com','CE03070003','Sachin Siw' at line 1 in /var/www/html/erpm/AppData/Class/MysqliDb.php:1514
Stack trace:
#0 /var/www/html/erpm/AppData/Class/MysqliDb.php(1127): MysqliDb->_prepareQuery()
#1 /var/www/html/erpm/AppData/Class/MysqliDb.php(495): MysqliDb->_buildQuery()
#2 /var/www/html/erpm/AppCode/footer.mpt(488): MysqliDb->query()
#3 /var/www/html/erpm/View/manage_email.php(276): include('/var/www/html/e...')
#4 {main}
  thrown in /var/www/html/erpm/AppData/Class/MysqliDb.php on line 1514
[03-Jan-2023 17:32:01 Asia/Kolkata] PHP Notice:  Undefined index: __user_logid in /var/www/html/erpm/AppCode/nHead.php on line 2
[03-Jan-2023 17:32:15 Asia/Kolkata] PHP Warning:  mysqli_stmt::bind_param(): Number of elements in type definition string doesn't match number of bind variables in /var/www/html/erpm/Controller/ConLog.php on line 464
[03-Jan-2023 17:32:17 Asia/Kolkata] PHP Notice:  Trying to access array offset on value of type null in /var/www/html/erpm/View/index.php on line 346
[03-Jan-2023 17:32:21 Asia/Kolkata] PHP Notice:  Undefined index: txt_dateFrom in /var/www/html/erpm/View/message-popup.php on line 27
[03-Jan-2023 17:32:21 Asia/Kolkata] PHP Notice:  Undefined index: txt_dateto in /var/www/html/erpm/View/message-popup.php on line 34
[03-Jan-2023 17:32:34 Asia/Kolkata] PHP Notice:  Undefined index: txt_dateFrom in /var/www/html/erpm/View/message-popup.php on line 27
[03-Jan-2023 17:32:34 Asia/Kolkata] PHP Notice:  Undefined index: txt_dateto in /var/www/html/erpm/View/message-popup.php on line 34
[03-Jan-2023 17:32:47 Asia/Kolkata] PHP Notice:  Undefined index: delid in /var/www/html/erpm/View/manage_email.php on line 30
[03-Jan-2023 17:32:47 Asia/Kolkata] PHP Notice:  Undefined index: email_address in /var/www/html/erpm/View/manage_email.php on line 53
[03-Jan-2023 17:32:47 Asia/Kolkata] PHP Notice:  Undefined index: addbriefing in /var/www/html/erpm/View/manage_email.php on line 54
[03-Jan-2023 17:32:47 Asia/Kolkata] PHP Notice:  Undefined index: savebriefing in /var/www/html/erpm/View/manage_email.php on line 88
[03-Jan-2023 17:32:47 Asia/Kolkata] PHP Notice:  Undefined index: id in /var/www/html/erpm/View/manage_email.php on line 91
[03-Jan-2023 17:33:26 Asia/Kolkata] PHP Notice:  Undefined index: delid in /var/www/html/erpm/View/manage_email.php on line 30
[03-Jan-2023 17:33:26 Asia/Kolkata] PHP Notice:  Undefined index: email_address in /var/www/html/erpm/View/manage_email.php on line 53
[03-Jan-2023 17:33:26 Asia/Kolkata] PHP Notice:  Undefined index: addbriefing in /var/www/html/erpm/View/manage_email.php on line 54
[03-Jan-2023 17:33:26 Asia/Kolkata] PHP Notice:  Undefined index: savebriefing in /var/www/html/erpm/View/manage_email.php on line 88
[03-Jan-2023 17:33:26 Asia/Kolkata] PHP Notice:  Undefined index: id in /var/www/html/erpm/View/manage_email.php on line 91
[03-Jan-2023 17:33:26 Asia/Kolkata] PHP Fatal error:  Uncaught Exception: Problem preparing query (call Add_Chat_message('<script>alert('XSS')</script>','sachin.siwach@cogenteservices.com','CE10091236','Bachan Singh Rawat')) You have an error in your SQL syntax; check the manual that corresponds to your MySQL server version for the right syntax to use near 'XSS')</script>','sachin.siwach@cogenteservices.com','CE10091236','Bachan Singh R' at line 1 in /var/www/html/erpm/AppData/Class/MysqliDb.php:1514
Stack trace:
#0 /var/www/html/erpm/AppData/Class/MysqliDb.php(1127): MysqliDb->_prepareQuery()
#1 /var/www/html/erpm/AppData/Class/MysqliDb.php(495): MysqliDb->_buildQuery()
#2 /var/www/html/erpm/AppCode/footer.mpt(488): MysqliDb->query()
#3 /var/www/html/erpm/View/manage_email.php(276): include('/var/www/html/e...')
#4 {main}
  thrown in /var/www/html/erpm/AppData/Class/MysqliDb.php on line 1514
[03-Jan-2023 17:33:26 Asia/Kolkata] PHP Fatal error:  Uncaught Exception: Problem preparing query (call Add_Chat_message('<script>alert('XSS')</script>','sachin.siwach@cogenteservices.com','CE10091236','Bachan Singh Rawat')) You have an error in your SQL syntax; check the manual that corresponds to your MySQL server version for the right syntax to use near 'XSS')</script>','sachin.siwach@cogenteservices.com','CE10091236','Bachan Singh R' at line 1 in /var/www/html/erpm/AppData/Class/MysqliDb.php:1514
Stack trace:
#0 /var/www/html/erpm/AppData/Class/MysqliDb.php(1127): MysqliDb->_prepareQuery()
#1 /var/www/html/erpm/AppData/Class/MysqliDb.php(495): MysqliDb->_buildQuery()
#2 /var/www/html/erpm/Controller/sendmsg.php(21): MysqliDb->query()
#3 {main}
  thrown in /var/www/html/erpm/AppData/Class/MysqliDb.php on line 1514
[03-Jan-2023 17:33:44 Asia/Kolkata] PHP Notice:  Undefined index: delid in /var/www/html/erpm/View/manage_email.php on line 30
[03-Jan-2023 17:33:44 Asia/Kolkata] PHP Notice:  Undefined index: email_address in /var/www/html/erpm/View/manage_email.php on line 53
[03-Jan-2023 17:33:44 Asia/Kolkata] PHP Notice:  Undefined index: addbriefing in /var/www/html/erpm/View/manage_email.php on line 54
[03-Jan-2023 17:33:44 Asia/Kolkata] PHP Notice:  Undefined index: savebriefing in /var/www/html/erpm/View/manage_email.php on line 88
[03-Jan-2023 17:33:44 Asia/Kolkata] PHP Notice:  Undefined index: id in /var/www/html/erpm/View/manage_email.php on line 91
[03-Jan-2023 17:33:44 Asia/Kolkata] PHP Fatal error:  Uncaught Exception: Problem preparing query (call Add_Chat_message('<script>alert('XSS')</script>','bachansingh.rawat@cogenteservices.com','CE03070003','Sachin Siwach')) You have an error in your SQL syntax; check the manual that corresponds to your MySQL server version for the right syntax to use near 'XSS')</script>','bachansingh.rawat@cogenteservices.com','CE03070003','Sachin Siw' at line 1 in /var/www/html/erpm/AppData/Class/MysqliDb.php:1514
Stack trace:
#0 /var/www/html/erpm/AppData/Class/MysqliDb.php(1127): MysqliDb->_prepareQuery()
#1 /var/www/html/erpm/AppData/Class/MysqliDb.php(495): MysqliDb->_buildQuery()
#2 /var/www/html/erpm/AppCode/footer.mpt(488): MysqliDb->query()
#3 /var/www/html/erpm/View/manage_email.php(276): include('/var/www/html/e...')
#4 {main}
  thrown in /var/www/html/erpm/AppData/Class/MysqliDb.php on line 1514
[03-Jan-2023 17:33:49 Asia/Kolkata] PHP Notice:  Undefined index: txt_dateFrom in /var/www/html/erpm/View/message-popup.php on line 27
[03-Jan-2023 17:33:49 Asia/Kolkata] PHP Notice:  Undefined index: txt_dateto in /var/www/html/erpm/View/message-popup.php on line 34
[03-Jan-2023 17:34:10 Asia/Kolkata] PHP Warning:  include_once(../Services/sendsms_API1.php): failed to open stream: No such file or directory in /var/www/html/erpm/View/upload_esicard.php on line 11
[03-Jan-2023 17:34:10 Asia/Kolkata] PHP Warning:  include_once(): Failed opening '../Services/sendsms_API1.php' for inclusion (include_path='.:/usr/share/php') in /var/www/html/erpm/View/upload_esicard.php on line 11
[03-Jan-2023 17:34:47 Asia/Kolkata] PHP Warning:  include_once(../Services/sendsms_API1.php): failed to open stream: No such file or directory in /var/www/html/erpm/View/upload_esicard.php on line 11
[03-Jan-2023 17:34:47 Asia/Kolkata] PHP Warning:  include_once(): Failed opening '../Services/sendsms_API1.php' for inclusion (include_path='.:/usr/share/php') in /var/www/html/erpm/View/upload_esicard.php on line 11
[03-Jan-2023 17:35:17 Asia/Kolkata] PHP Warning:  include_once(../Services/sendsms_API1.php): failed to open stream: No such file or directory in /var/www/html/erpm/View/upload_esicard.php on line 11
[03-Jan-2023 17:35:17 Asia/Kolkata] PHP Warning:  include_once(): Failed opening '../Services/sendsms_API1.php' for inclusion (include_path='.:/usr/share/php') in /var/www/html/erpm/View/upload_esicard.php on line 11
[03-Jan-2023 17:35:28 Asia/Kolkata] PHP Notice:  Undefined index: action in /var/www/html/erpm/Controller/getFilterData.php on line 6
[03-Jan-2023 17:35:28 Asia/Kolkata] PHP Notice:  Undefined index: clientid in /var/www/html/erpm/Controller/getFilterData.php on line 86
[03-Jan-2023 17:35:28 Asia/Kolkata] PHP Notice:  Undefined index: processid in /var/www/html/erpm/Controller/getFilterData.php on line 112
[03-Jan-2023 17:43:05 Asia/Kolkata] PHP Notice:  Undefined index: __user_logid in /var/www/html/erpm/AppCode/nHead.php on line 2
[03-Jan-2023 17:43:07 Asia/Kolkata] PHP Warning:  mysqli_stmt::bind_param(): Number of elements in type definition string doesn't match number of bind variables in /var/www/html/erpm/Controller/ConLog.php on line 464
[03-Jan-2023 17:43:08 Asia/Kolkata] PHP Notice:  Trying to access array offset on value of type null in /var/www/html/erpm/View/index.php on line 346
[03-Jan-2023 17:43:26 Asia/Kolkata] PHP Warning:  mysqli_stmt::bind_param(): Number of elements in type definition string doesn't match number of bind variables in /var/www/html/erpm/Controller/ConLog.php on line 464
[03-Jan-2023 17:43:27 Asia/Kolkata] PHP Notice:  Trying to access array offset on value of type null in /var/www/html/erpm/View/index.php on line 346
[03-Jan-2023 17:44:06 Asia/Kolkata] PHP Notice:  Trying to access array offset on value of type null in /var/www/html/erpm/View/index.php on line 346
[03-Jan-2023 17:50:58 Asia/Kolkata] PHP Notice:  Trying to access array offset on value of type null in /var/www/html/erpm/View/index.php on line 346
[03-Jan-2023 17:55:28 Asia/Kolkata] PHP Notice:  Trying to access array offset on value of type null in /var/www/html/erpm/View/index.php on line 346
[03-Jan-2023 17:56:28 Asia/Kolkata] PHP Notice:  Trying to access array offset on value of type null in /var/www/html/erpm/View/index.php on line 346
