[11-Sep-2023 09:14:10 Asia/Kolkata] PHP Warning:  Undefined array key "to" in D:\wamp64\www\emsdemo\View\calcRange.php on line 42
[11-Sep-2023 09:14:10 Asia/Kolkata] PHP Stack trace:
[11-Sep-2023 09:14:10 Asia/Kolkata] PHP   1. {main}() D:\wamp64\www\emsdemo\View\calcRange.php:0
[11-Sep-2023 09:14:12 Asia/Kolkata] PHP Notice:  Object of class mysqli_result could not be converted to int in D:\wamp64\www\emsdemo\View\calcRange.php on line 412
[11-Sep-2023 09:14:12 Asia/Kolkata] PHP Stack trace:
[11-Sep-2023 09:14:12 Asia/Kolkata] PHP   1. {main}() D:\wamp64\www\emsdemo\View\calcRange.php:0
[11-Sep-2023 09:14:12 Asia/Kolkata] PHP   2. BioMetric->__construct($EmployeeID = 'CE03070003', $DateFrom = '2023-09-10', $DateTo = '2023-09-10', $Emd_des = 'General Manager', $Emp_status = 6, $emp_dod = '2004-12-15 00:00:00', $emp_module = '2004-12-15 00:00:00') D:\wamp64\www\emsdemo\View\calcRange.php:2358
[11-Sep-2023 09:14:12 Asia/Kolkata] PHP Warning:  Undefined array key "2023-09-10" in D:\wamp64\www\emsdemo\View\calcRange.php on line 583
[11-Sep-2023 09:14:12 Asia/Kolkata] PHP Stack trace:
[11-Sep-2023 09:14:12 Asia/Kolkata] PHP   1. {main}() D:\wamp64\www\emsdemo\View\calcRange.php:0
[11-Sep-2023 09:14:12 Asia/Kolkata] PHP   2. BioMetric->__construct($EmployeeID = 'CE03070003', $DateFrom = '2023-09-10', $DateTo = '2023-09-10', $Emd_des = 'General Manager', $Emp_status = 6, $emp_dod = '2004-12-15 00:00:00', $emp_module = '2004-12-15 00:00:00') D:\wamp64\www\emsdemo\View\calcRange.php:2358
[11-Sep-2023 09:14:12 Asia/Kolkata] PHP   3. BioMetric->__calculation_for_day($__date = '2023-09-10', $__EmpID = 'CE03070003', $__des = 'General Manager', $__status = 6) D:\wamp64\www\emsdemo\View\calcRange.php:558
[11-Sep-2023 09:14:12 Asia/Kolkata] PHP Warning:  Undefined array key "2023-09-10" in D:\wamp64\www\emsdemo\View\calcRange.php on line 932
[11-Sep-2023 09:14:12 Asia/Kolkata] PHP Stack trace:
[11-Sep-2023 09:14:12 Asia/Kolkata] PHP   1. {main}() D:\wamp64\www\emsdemo\View\calcRange.php:0
[11-Sep-2023 09:14:12 Asia/Kolkata] PHP   2. BioMetric->__construct($EmployeeID = 'CE03070003', $DateFrom = '2023-09-10', $DateTo = '2023-09-10', $Emd_des = 'General Manager', $Emp_status = 6, $emp_dod = '2004-12-15 00:00:00', $emp_module = '2004-12-15 00:00:00') D:\wamp64\www\emsdemo\View\calcRange.php:2358
[11-Sep-2023 09:14:12 Asia/Kolkata] PHP   3. BioMetric->__calculation_for_day($__date = '2023-09-10', $__EmpID = 'CE03070003', $__des = 'General Manager', $__status = 6) D:\wamp64\www\emsdemo\View\calcRange.php:558
[11-Sep-2023 09:14:12 Asia/Kolkata] PHP Warning:  Undefined array key "2023-09-10" in D:\wamp64\www\emsdemo\View\calcRange.php on line 1225
[11-Sep-2023 09:14:12 Asia/Kolkata] PHP Stack trace:
[11-Sep-2023 09:14:12 Asia/Kolkata] PHP   1. {main}() D:\wamp64\www\emsdemo\View\calcRange.php:0
[11-Sep-2023 09:14:12 Asia/Kolkata] PHP   2. BioMetric->__construct($EmployeeID = 'CE03070003', $DateFrom = '2023-09-10', $DateTo = '2023-09-10', $Emd_des = 'General Manager', $Emp_status = 6, $emp_dod = '2004-12-15 00:00:00', $emp_module = '2004-12-15 00:00:00') D:\wamp64\www\emsdemo\View\calcRange.php:2358
[11-Sep-2023 09:14:12 Asia/Kolkata] PHP   3. BioMetric->__calculation_for_day($__date = '2023-09-10', $__EmpID = 'CE03070003', $__des = 'General Manager', $__status = 6) D:\wamp64\www\emsdemo\View\calcRange.php:558
[11-Sep-2023 09:14:12 Asia/Kolkata] PHP Deprecated:  strtotime(): Passing null to parameter #1 ($datetime) of type string is deprecated in D:\wamp64\www\emsdemo\View\calcRange.php on line 1225
[11-Sep-2023 09:14:12 Asia/Kolkata] PHP Stack trace:
[11-Sep-2023 09:14:12 Asia/Kolkata] PHP   1. {main}() D:\wamp64\www\emsdemo\View\calcRange.php:0
[11-Sep-2023 09:14:12 Asia/Kolkata] PHP   2. BioMetric->__construct($EmployeeID = 'CE03070003', $DateFrom = '2023-09-10', $DateTo = '2023-09-10', $Emd_des = 'General Manager', $Emp_status = 6, $emp_dod = '2004-12-15 00:00:00', $emp_module = '2004-12-15 00:00:00') D:\wamp64\www\emsdemo\View\calcRange.php:2358
[11-Sep-2023 09:14:12 Asia/Kolkata] PHP   3. BioMetric->__calculation_for_day($__date = '2023-09-10', $__EmpID = 'CE03070003', $__des = 'General Manager', $__status = 6) D:\wamp64\www\emsdemo\View\calcRange.php:558
[11-Sep-2023 09:14:12 Asia/Kolkata] PHP   4. strtotime($datetime = NULL) D:\wamp64\www\emsdemo\View\calcRange.php:1225
[11-Sep-2023 09:14:13 Asia/Kolkata] PHP Warning:  Array to string conversion in D:\wamp64\www\emsdemo\View\calcRange.php on line 1559
[11-Sep-2023 09:14:13 Asia/Kolkata] PHP Stack trace:
[11-Sep-2023 09:14:13 Asia/Kolkata] PHP   1. {main}() D:\wamp64\www\emsdemo\View\calcRange.php:0
[11-Sep-2023 09:14:13 Asia/Kolkata] PHP   2. BioMetric->__construct($EmployeeID = 'CE03070003', $DateFrom = '2023-09-10', $DateTo = '2023-09-10', $Emd_des = 'General Manager', $Emp_status = 6, $emp_dod = '2004-12-15 00:00:00', $emp_module = '2004-12-15 00:00:00') D:\wamp64\www\emsdemo\View\calcRange.php:2358
[11-Sep-2023 09:14:13 Asia/Kolkata] PHP   3. BioMetric->__calculation_for_day($__date = '2023-09-10', $__EmpID = 'CE03070003', $__des = 'General Manager', $__status = 6) D:\wamp64\www\emsdemo\View\calcRange.php:558
[11-Sep-2023 09:51:54 Asia/Kolkata] PHP Warning:  Undefined array key "__user_logid" in D:\wamp64\www\emsdemo\AppCode\nHead.php on line 2
[11-Sep-2023 09:51:54 Asia/Kolkata] PHP Stack trace:
[11-Sep-2023 09:51:54 Asia/Kolkata] PHP   1. {main}() D:\wamp64\www\emsdemo\View\weekly_ack_covid19_form.php:0
[11-Sep-2023 09:51:54 Asia/Kolkata] PHP   2. require() D:\wamp64\www\emsdemo\View\weekly_ack_covid19_form.php:9
