[14-Jan-2023 09:33:39 Asia/Kolkata] PHP Deprecated:  __autoload() is deprecated, use spl_autoload_register() instead in /var/www/html/erpm/AppData/lib/PHPMailer-master/PHPMailerAutoload.php on line 45
[14-Jan-2023 09:33:39 Asia/Kolkata] PHP Warning:  mysqli_stmt::bind_param(): Number of elements in type definition string doesn't match number of bind variables in /var/www/html/erpm/Controller/ConLog.php on line 464
[14-Jan-2023 09:33:39 Asia/Kolkata] PHP Warning:  Use of undefined constant EMS_CenterName - assumed 'EMS_CenterName' (this will throw an Error in a future version of PHP) in /var/www/html/erpm/Controller/ConLog.php on line 470
[14-Jan-2023 09:33:39 Asia/Kolkata] PHP Warning:  Use of undefined constant EMAIL_HOST - assumed 'EMAIL_HOST' (this will throw an Error in a future version of PHP) in /var/www/html/erpm/Controller/ConLog.php on line 473
[14-Jan-2023 09:33:39 Asia/Kolkata] PHP Warning:  Use of undefined constant EMAIL_AUTH - assumed 'EMAIL_AUTH' (this will throw an Error in a future version of PHP) in /var/www/html/erpm/Controller/ConLog.php on line 474
[14-Jan-2023 09:33:39 Asia/Kolkata] PHP Warning:  Use of undefined constant EMAIL_USER - assumed 'EMAIL_USER' (this will throw an Error in a future version of PHP) in /var/www/html/erpm/Controller/ConLog.php on line 475
[14-Jan-2023 09:33:39 Asia/Kolkata] PHP Warning:  Use of undefined constant EMAIL_PASS - assumed 'EMAIL_PASS' (this will throw an Error in a future version of PHP) in /var/www/html/erpm/Controller/ConLog.php on line 476
[14-Jan-2023 09:33:39 Asia/Kolkata] PHP Warning:  Use of undefined constant EMAIL_SMTPSecure - assumed 'EMAIL_SMTPSecure' (this will throw an Error in a future version of PHP) in /var/www/html/erpm/Controller/ConLog.php on line 477
[14-Jan-2023 09:33:39 Asia/Kolkata] PHP Warning:  Use of undefined constant EMAIL_PORT - assumed 'EMAIL_PORT' (this will throw an Error in a future version of PHP) in /var/www/html/erpm/Controller/ConLog.php on line 478
[14-Jan-2023 09:33:39 Asia/Kolkata] PHP Warning:  Use of undefined constant EMAIL_FROM - assumed 'EMAIL_FROM' (this will throw an Error in a future version of PHP) in /var/www/html/erpm/Controller/ConLog.php on line 479
[14-Jan-2023 09:33:39 Asia/Kolkata] PHP Warning:  Use of undefined constant EMS_CenterName - assumed 'EMS_CenterName' (this will throw an Error in a future version of PHP) in /var/www/html/erpm/Controller/ConLog.php on line 482
[14-Jan-2023 09:57:47 Asia/Kolkata] PHP Notice:  Undefined index: txt_dateFrom in /var/www/html/erpm/View/bgv_docsend_new.php on line 32
[14-Jan-2023 09:57:47 Asia/Kolkata] PHP Notice:  Undefined variable: htmlresp in /var/www/html/erpm/View/bgv_docsend_new.php on line 665
[14-Jan-2023 09:58:07 Asia/Kolkata] PHP Notice:  Undefined variable: htmlresp in /var/www/html/erpm/View/bgv_docsend_new.php on line 665
[14-Jan-2023 09:58:08 Asia/Kolkata] PHP Notice:  Undefined index: __user_logid in /var/www/html/erpm/AppCode/nHead.php on line 2
[14-Jan-2023 09:58:24 Asia/Kolkata] PHP Warning:  mkdir(): File exists in /var/www/html/erpm/View/bgv_docsend_new.php on line 368
[14-Jan-2023 09:58:24 Asia/Kolkata] PHP Warning:  file_get_contents(https://ems.cogentlab.com/erpm/Meerut/Education/INT092022355480_10th.jpg): failed to open stream: HTTP request failed! HTTP/1.1 404 Not Found
 in /var/www/html/erpm/View/bgv_docsend_new.php on line 372
[14-Jan-2023 09:58:24 Asia/Kolkata] PHP Warning:  file_get_contents(https://ems.cogentlab.com/erpm/Meerut/Education/INT092022355480_12th.jpg): failed to open stream: HTTP request failed! HTTP/1.1 404 Not Found
 in /var/www/html/erpm/View/bgv_docsend_new.php on line 372
[14-Jan-2023 09:58:24 Asia/Kolkata] PHP Warning:  file_get_contents(https://ems.cogentlab.com/erpm/Meerut/Education/INT092022355480_graduation.jpg): failed to open stream: HTTP request failed! HTTP/1.1 404 Not Found
 in /var/www/html/erpm/View/bgv_docsend_new.php on line 372
[14-Jan-2023 09:58:24 Asia/Kolkata] PHP Notice:  Undefined variable: htmlresp in /var/www/html/erpm/View/bgv_docsend_new.php on line 665
[14-Jan-2023 09:58:35 Asia/Kolkata] PHP Warning:  mysqli_stmt::bind_param(): Number of elements in type definition string doesn't match number of bind variables in /var/www/html/erpm/Controller/ConLog.php on line 464
[14-Jan-2023 09:58:35 Asia/Kolkata] PHP Warning:  Use of undefined constant EMS_CenterName - assumed 'EMS_CenterName' (this will throw an Error in a future version of PHP) in /var/www/html/erpm/Controller/ConLog.php on line 470
[14-Jan-2023 09:58:35 Asia/Kolkata] PHP Warning:  Use of undefined constant EMAIL_HOST - assumed 'EMAIL_HOST' (this will throw an Error in a future version of PHP) in /var/www/html/erpm/Controller/ConLog.php on line 473
[14-Jan-2023 09:58:35 Asia/Kolkata] PHP Warning:  Use of undefined constant EMAIL_AUTH - assumed 'EMAIL_AUTH' (this will throw an Error in a future version of PHP) in /var/www/html/erpm/Controller/ConLog.php on line 474
[14-Jan-2023 09:58:35 Asia/Kolkata] PHP Warning:  Use of undefined constant EMAIL_USER - assumed 'EMAIL_USER' (this will throw an Error in a future version of PHP) in /var/www/html/erpm/Controller/ConLog.php on line 475
[14-Jan-2023 09:58:35 Asia/Kolkata] PHP Warning:  Use of undefined constant EMAIL_PASS - assumed 'EMAIL_PASS' (this will throw an Error in a future version of PHP) in /var/www/html/erpm/Controller/ConLog.php on line 476
[14-Jan-2023 09:58:35 Asia/Kolkata] PHP Warning:  Use of undefined constant EMAIL_SMTPSecure - assumed 'EMAIL_SMTPSecure' (this will throw an Error in a future version of PHP) in /var/www/html/erpm/Controller/ConLog.php on line 477
[14-Jan-2023 09:58:35 Asia/Kolkata] PHP Warning:  Use of undefined constant EMAIL_PORT - assumed 'EMAIL_PORT' (this will throw an Error in a future version of PHP) in /var/www/html/erpm/Controller/ConLog.php on line 478
[14-Jan-2023 09:58:35 Asia/Kolkata] PHP Warning:  Use of undefined constant EMAIL_FROM - assumed 'EMAIL_FROM' (this will throw an Error in a future version of PHP) in /var/www/html/erpm/Controller/ConLog.php on line 479
[14-Jan-2023 09:58:35 Asia/Kolkata] PHP Warning:  Use of undefined constant EMS_CenterName - assumed 'EMS_CenterName' (this will throw an Error in a future version of PHP) in /var/www/html/erpm/Controller/ConLog.php on line 482
[14-Jan-2023 09:59:36 Asia/Kolkata] PHP Notice:  Undefined variable: htmlresp in /var/www/html/erpm/View/bgv_docsend_new.php on line 665
[14-Jan-2023 09:59:47 Asia/Kolkata] PHP Warning:  mkdir(): File exists in /var/www/html/erpm/View/bgv_docsend_new.php on line 368
[14-Jan-2023 09:59:47 Asia/Kolkata] PHP Warning:  file_get_contents(https://ems.cogentlab.com/erpm/Meerut/Education/INT092022355480_10th.jpg): failed to open stream: HTTP request failed! HTTP/1.1 404 Not Found
 in /var/www/html/erpm/View/bgv_docsend_new.php on line 372
[14-Jan-2023 09:59:47 Asia/Kolkata] PHP Warning:  file_get_contents(https://ems.cogentlab.com/erpm/Meerut/Education/INT092022355480_12th.jpg): failed to open stream: HTTP request failed! HTTP/1.1 404 Not Found
 in /var/www/html/erpm/View/bgv_docsend_new.php on line 372
[14-Jan-2023 09:59:47 Asia/Kolkata] PHP Warning:  file_get_contents(https://ems.cogentlab.com/erpm/Meerut/Education/INT092022355480_graduation.jpg): failed to open stream: HTTP request failed! HTTP/1.1 404 Not Found
 in /var/www/html/erpm/View/bgv_docsend_new.php on line 372
[14-Jan-2023 09:59:47 Asia/Kolkata] PHP Notice:  Undefined variable: htmlresp in /var/www/html/erpm/View/bgv_docsend_new.php on line 665
[14-Jan-2023 09:59:59 Asia/Kolkata] PHP Notice:  Undefined index: txt_dateFrom in /var/www/html/erpm/View/bgv_docsend_new.php on line 32
[14-Jan-2023 09:59:59 Asia/Kolkata] PHP Notice:  Undefined variable: htmlresp in /var/www/html/erpm/View/bgv_docsend_new.php on line 665
