[27-Sep-2023 14:46:31 Asia/Kolkata] PHP Warning:  Undefined array key "__nda_decl" in D:\wamp64\www\emsdemo\View\index.php on line 132
[27-Sep-2023 14:46:31 Asia/Kolkata] PHP Stack trace:
[27-Sep-2023 14:46:31 Asia/Kolkata] PHP   1. {main}() D:\wamp64\www\emsdemo\View\index.php:0
[27-Sep-2023 14:46:31 Asia/Kolkata] PHP Warning:  Undefined array key "__isms_decl" in D:\wamp64\www\emsdemo\View\index.php on line 137
[27-Sep-2023 14:46:31 Asia/Kolkata] PHP Stack trace:
[27-Sep-2023 14:46:31 Asia/Kolkata] PHP   1. {main}() D:\wamp64\www\emsdemo\View\index.php:0
[27-Sep-2023 14:46:31 Asia/Kolkata] PHP Warning:  Undefined array key "__asset_decl" in D:\wamp64\www\emsdemo\View\index.php on line 141
[27-Sep-2023 14:46:31 Asia/Kolkata] PHP Stack trace:
[27-Sep-2023 14:46:31 Asia/Kolkata] PHP   1. {main}() D:\wamp64\www\emsdemo\View\index.php:0
[27-Sep-2023 14:46:33 Asia/Kolkata] PHP Warning:  Undefined variable $induction_popup_flag in D:\wamp64\www\emsdemo\View\index.php on line 436
[27-Sep-2023 14:46:33 Asia/Kolkata] PHP Stack trace:
[27-Sep-2023 14:46:33 Asia/Kolkata] PHP   1. {main}() D:\wamp64\www\emsdemo\View\index.php:0
[27-Sep-2023 14:46:33 Asia/Kolkata] PHP Warning:  Undefined array key 0 in D:\wamp64\www\emsdemo\View\index.php on line 495
[27-Sep-2023 14:46:33 Asia/Kolkata] PHP Stack trace:
[27-Sep-2023 14:46:33 Asia/Kolkata] PHP   1. {main}() D:\wamp64\www\emsdemo\View\index.php:0
[27-Sep-2023 14:46:33 Asia/Kolkata] PHP Warning:  Trying to access array offset on value of type null in D:\wamp64\www\emsdemo\View\index.php on line 495
[27-Sep-2023 14:46:33 Asia/Kolkata] PHP Stack trace:
[27-Sep-2023 14:46:33 Asia/Kolkata] PHP   1. {main}() D:\wamp64\www\emsdemo\View\index.php:0
[27-Sep-2023 14:46:33 Asia/Kolkata] PHP Warning:  Undefined array key "__AppraisalMonth" in D:\wamp64\www\emsdemo\View\index.php on line 528
[27-Sep-2023 14:46:33 Asia/Kolkata] PHP Stack trace:
[27-Sep-2023 14:46:33 Asia/Kolkata] PHP   1. {main}() D:\wamp64\www\emsdemo\View\index.php:0
[27-Sep-2023 14:46:33 Asia/Kolkata] PHP Deprecated:  stripslashes(): Passing null to parameter #1 ($string) of type string is deprecated in D:\wamp64\www\emsdemo\Config\init.php on line 122
[27-Sep-2023 14:46:33 Asia/Kolkata] PHP Stack trace:
[27-Sep-2023 14:46:33 Asia/Kolkata] PHP   1. {main}() D:\wamp64\www\emsdemo\View\index.php:0
[27-Sep-2023 14:46:33 Asia/Kolkata] PHP   2. clean($data = NULL) D:\wamp64\www\emsdemo\View\index.php:528
[27-Sep-2023 14:46:33 Asia/Kolkata] PHP   3. stripslashes($string = NULL) D:\wamp64\www\emsdemo\Config\init.php:122
[27-Sep-2023 14:46:33 Asia/Kolkata] PHP Warning:  Trying to access array offset on value of type null in D:\wamp64\www\emsdemo\View\index.php on line 536
[27-Sep-2023 14:46:33 Asia/Kolkata] PHP Stack trace:
[27-Sep-2023 14:46:33 Asia/Kolkata] PHP   1. {main}() D:\wamp64\www\emsdemo\View\index.php:0
[27-Sep-2023 14:46:34 Asia/Kolkata] PHP Warning:  Undefined variable $induction_popup_flag in D:\wamp64\www\emsdemo\View\index.php on line 1226
[27-Sep-2023 14:46:34 Asia/Kolkata] PHP Stack trace:
[27-Sep-2023 14:46:34 Asia/Kolkata] PHP   1. {main}() D:\wamp64\www\emsdemo\View\index.php:0
[27-Sep-2023 14:46:34 Asia/Kolkata] PHP Warning:  Undefined array key "param" in D:\wamp64\www\emsdemo\View\index.php on line 1240
[27-Sep-2023 14:46:34 Asia/Kolkata] PHP Stack trace:
[27-Sep-2023 14:46:34 Asia/Kolkata] PHP   1. {main}() D:\wamp64\www\emsdemo\View\index.php:0
[27-Sep-2023 14:47:59 Asia/Kolkata] PHP Fatal error:  Uncaught TypeError: count(): Argument #1 ($value) must be of type Countable|array, null given in D:\wamp64\www\emsdemo\View\rpt_ref_register.php:169
Stack trace:
#0 {main}
  thrown in D:\wamp64\www\emsdemo\View\rpt_ref_register.php on line 169
[27-Sep-2023 14:48:55 Asia/Kolkata] PHP Fatal error:  Uncaught TypeError: count(): Argument #1 ($value) must be of type Countable|array, null given in D:\wamp64\www\emsdemo\View\rpt_ref_register.php:169
Stack trace:
#0 {main}
  thrown in D:\wamp64\www\emsdemo\View\rpt_ref_register.php on line 169
