[22-Feb-2023 17:57:58 Asia/Kolkata] PHP Warning:  Undefined array key "to" in C:\wamp64\www\emsdemo\View\calcRange.php on line 42
[22-Feb-2023 17:57:58 Asia/Kolkata] PHP Stack trace:
[22-Feb-2023 17:57:58 Asia/Kolkata] PHP   1. {main}() C:\wamp64\www\emsdemo\View\calcRange.php:0
[22-Feb-2023 17:58:01 Asia/Kolkata] PHP Notice:  Object of class mysqli_result could not be converted to int in C:\wamp64\www\emsdemo\View\calcRange.php on line 412
[22-Feb-2023 17:58:01 Asia/Kolkata] PHP Stack trace:
[22-Feb-2023 17:58:01 Asia/Kolkata] PHP   1. {main}() C:\wamp64\www\emsdemo\View\calcRange.php:0
[22-Feb-2023 17:58:01 Asia/Kolkata] PHP   2. BioMetric->__construct($EmployeeID = 'CE12102224', $DateFrom = '2023-02-21', $DateTo = '2023-02-21', $Emd_des = 'Manager', $Emp_status = 6, $emp_dod = NULL, $emp_module = '2010-12-06 00:00:00') C:\wamp64\www\emsdemo\View\calcRange.php:2358
[22-Feb-2023 17:58:01 Asia/Kolkata] PHP Warning:  Undefined array key "2023-02-21" in C:\wamp64\www\emsdemo\View\calcRange.php on line 583
[22-Feb-2023 17:58:01 Asia/Kolkata] PHP Stack trace:
[22-Feb-2023 17:58:01 Asia/Kolkata] PHP   1. {main}() C:\wamp64\www\emsdemo\View\calcRange.php:0
[22-Feb-2023 17:58:01 Asia/Kolkata] PHP   2. BioMetric->__construct($EmployeeID = 'CE12102224', $DateFrom = '2023-02-21', $DateTo = '2023-02-21', $Emd_des = 'Manager', $Emp_status = 6, $emp_dod = NULL, $emp_module = '2010-12-06 00:00:00') C:\wamp64\www\emsdemo\View\calcRange.php:2358
[22-Feb-2023 17:58:01 Asia/Kolkata] PHP   3. BioMetric->__calculation_for_day($__date = '2023-02-21', $__EmpID = 'CE12102224', $__des = 'Manager', $__status = 6) C:\wamp64\www\emsdemo\View\calcRange.php:558
[22-Feb-2023 17:58:01 Asia/Kolkata] PHP Warning:  Undefined array key "2023-02-21" in C:\wamp64\www\emsdemo\View\calcRange.php on line 932
[22-Feb-2023 17:58:01 Asia/Kolkata] PHP Stack trace:
[22-Feb-2023 17:58:01 Asia/Kolkata] PHP   1. {main}() C:\wamp64\www\emsdemo\View\calcRange.php:0
[22-Feb-2023 17:58:01 Asia/Kolkata] PHP   2. BioMetric->__construct($EmployeeID = 'CE12102224', $DateFrom = '2023-02-21', $DateTo = '2023-02-21', $Emd_des = 'Manager', $Emp_status = 6, $emp_dod = NULL, $emp_module = '2010-12-06 00:00:00') C:\wamp64\www\emsdemo\View\calcRange.php:2358
[22-Feb-2023 17:58:01 Asia/Kolkata] PHP   3. BioMetric->__calculation_for_day($__date = '2023-02-21', $__EmpID = 'CE12102224', $__des = 'Manager', $__status = 6) C:\wamp64\www\emsdemo\View\calcRange.php:558
[22-Feb-2023 17:58:01 Asia/Kolkata] PHP Warning:  Undefined array key "2023-02-21" in C:\wamp64\www\emsdemo\View\calcRange.php on line 1225
[22-Feb-2023 17:58:01 Asia/Kolkata] PHP Stack trace:
[22-Feb-2023 17:58:01 Asia/Kolkata] PHP   1. {main}() C:\wamp64\www\emsdemo\View\calcRange.php:0
[22-Feb-2023 17:58:01 Asia/Kolkata] PHP   2. BioMetric->__construct($EmployeeID = 'CE12102224', $DateFrom = '2023-02-21', $DateTo = '2023-02-21', $Emd_des = 'Manager', $Emp_status = 6, $emp_dod = NULL, $emp_module = '2010-12-06 00:00:00') C:\wamp64\www\emsdemo\View\calcRange.php:2358
[22-Feb-2023 17:58:01 Asia/Kolkata] PHP   3. BioMetric->__calculation_for_day($__date = '2023-02-21', $__EmpID = 'CE12102224', $__des = 'Manager', $__status = 6) C:\wamp64\www\emsdemo\View\calcRange.php:558
[22-Feb-2023 17:58:02 Asia/Kolkata] PHP Warning:  Array to string conversion in C:\wamp64\www\emsdemo\View\calcRange.php on line 1559
[22-Feb-2023 17:58:02 Asia/Kolkata] PHP Stack trace:
[22-Feb-2023 17:58:02 Asia/Kolkata] PHP   1. {main}() C:\wamp64\www\emsdemo\View\calcRange.php:0
[22-Feb-2023 17:58:02 Asia/Kolkata] PHP   2. BioMetric->__construct($EmployeeID = 'CE12102224', $DateFrom = '2023-02-21', $DateTo = '2023-02-21', $Emd_des = 'Manager', $Emp_status = 6, $emp_dod = NULL, $emp_module = '2010-12-06 00:00:00') C:\wamp64\www\emsdemo\View\calcRange.php:2358
[22-Feb-2023 17:58:02 Asia/Kolkata] PHP   3. BioMetric->__calculation_for_day($__date = '2023-02-21', $__EmpID = 'CE12102224', $__des = 'Manager', $__status = 6) C:\wamp64\www\emsdemo\View\calcRange.php:558
[22-Feb-2023 17:58:03 Asia/Kolkata] PHP Warning:  Trying to access array offset on value of type null in C:\wamp64\www\emsdemo\View\index.php on line 356
[22-Feb-2023 17:58:03 Asia/Kolkata] PHP Stack trace:
[22-Feb-2023 17:58:03 Asia/Kolkata] PHP   1. {main}() C:\wamp64\www\emsdemo\View\index.php:0
[22-Feb-2023 17:58:15 Asia/Kolkata] PHP Warning:  Undefined array key "travel_date" in C:\wamp64\www\emsdemo\View\expenses.php on line 60
[22-Feb-2023 17:58:15 Asia/Kolkata] PHP Stack trace:
[22-Feb-2023 17:58:15 Asia/Kolkata] PHP   1. {main}() C:\wamp64\www\emsdemo\View\expenses.php:0
[22-Feb-2023 17:58:15 Asia/Kolkata] PHP Warning:  Undefined array key "placeFrom" in C:\wamp64\www\emsdemo\View\expenses.php on line 61
[22-Feb-2023 17:58:15 Asia/Kolkata] PHP Stack trace:
[22-Feb-2023 17:58:15 Asia/Kolkata] PHP   1. {main}() C:\wamp64\www\emsdemo\View\expenses.php:0
[22-Feb-2023 17:58:15 Asia/Kolkata] PHP Warning:  Undefined array key "placeTO" in C:\wamp64\www\emsdemo\View\expenses.php on line 62
[22-Feb-2023 17:58:15 Asia/Kolkata] PHP Stack trace:
[22-Feb-2023 17:58:15 Asia/Kolkata] PHP   1. {main}() C:\wamp64\www\emsdemo\View\expenses.php:0
[22-Feb-2023 17:58:16 Asia/Kolkata] PHP Warning:  Undefined array key "modeOftravel" in C:\wamp64\www\emsdemo\View\expenses.php on line 63
[22-Feb-2023 17:58:16 Asia/Kolkata] PHP Stack trace:
[22-Feb-2023 17:58:16 Asia/Kolkata] PHP   1. {main}() C:\wamp64\www\emsdemo\View\expenses.php:0
[22-Feb-2023 17:58:16 Asia/Kolkata] PHP Warning:  Undefined array key "receipt_no" in C:\wamp64\www\emsdemo\View\expenses.php on line 66
[22-Feb-2023 17:58:16 Asia/Kolkata] PHP Stack trace:
[22-Feb-2023 17:58:16 Asia/Kolkata] PHP   1. {main}() C:\wamp64\www\emsdemo\View\expenses.php:0
[22-Feb-2023 17:58:16 Asia/Kolkata] PHP Warning:  Undefined array key "remarks" in C:\wamp64\www\emsdemo\View\expenses.php on line 68
[22-Feb-2023 17:58:16 Asia/Kolkata] PHP Stack trace:
[22-Feb-2023 17:58:16 Asia/Kolkata] PHP   1. {main}() C:\wamp64\www\emsdemo\View\expenses.php:0
[22-Feb-2023 17:58:16 Asia/Kolkata] PHP Warning:  Undefined array key "returnDate" in C:\wamp64\www\emsdemo\View\expenses.php on line 74
[22-Feb-2023 17:58:16 Asia/Kolkata] PHP Stack trace:
[22-Feb-2023 17:58:16 Asia/Kolkata] PHP   1. {main}() C:\wamp64\www\emsdemo\View\expenses.php:0
[22-Feb-2023 17:58:16 Asia/Kolkata] PHP Warning:  Undefined array key "car_km" in C:\wamp64\www\emsdemo\View\expenses.php on line 75
[22-Feb-2023 17:58:16 Asia/Kolkata] PHP Stack trace:
[22-Feb-2023 17:58:16 Asia/Kolkata] PHP   1. {main}() C:\wamp64\www\emsdemo\View\expenses.php:0
[22-Feb-2023 17:58:23 Asia/Kolkata] PHP Warning:  Undefined array key "travel_date" in C:\wamp64\www\emsdemo\View\expenses.php on line 60
[22-Feb-2023 17:58:23 Asia/Kolkata] PHP Stack trace:
[22-Feb-2023 17:58:23 Asia/Kolkata] PHP   1. {main}() C:\wamp64\www\emsdemo\View\expenses.php:0
[22-Feb-2023 17:58:23 Asia/Kolkata] PHP Warning:  Undefined array key "placeFrom" in C:\wamp64\www\emsdemo\View\expenses.php on line 61
[22-Feb-2023 17:58:23 Asia/Kolkata] PHP Stack trace:
[22-Feb-2023 17:58:23 Asia/Kolkata] PHP   1. {main}() C:\wamp64\www\emsdemo\View\expenses.php:0
[22-Feb-2023 17:58:23 Asia/Kolkata] PHP Warning:  Undefined array key "placeTO" in C:\wamp64\www\emsdemo\View\expenses.php on line 62
[22-Feb-2023 17:58:23 Asia/Kolkata] PHP Stack trace:
[22-Feb-2023 17:58:23 Asia/Kolkata] PHP   1. {main}() C:\wamp64\www\emsdemo\View\expenses.php:0
[22-Feb-2023 17:58:23 Asia/Kolkata] PHP Warning:  Undefined array key "modeOftravel" in C:\wamp64\www\emsdemo\View\expenses.php on line 63
[22-Feb-2023 17:58:23 Asia/Kolkata] PHP Stack trace:
[22-Feb-2023 17:58:23 Asia/Kolkata] PHP   1. {main}() C:\wamp64\www\emsdemo\View\expenses.php:0
[22-Feb-2023 17:58:23 Asia/Kolkata] PHP Warning:  Undefined array key "receipt_no" in C:\wamp64\www\emsdemo\View\expenses.php on line 66
[22-Feb-2023 17:58:23 Asia/Kolkata] PHP Stack trace:
[22-Feb-2023 17:58:23 Asia/Kolkata] PHP   1. {main}() C:\wamp64\www\emsdemo\View\expenses.php:0
[22-Feb-2023 17:58:23 Asia/Kolkata] PHP Warning:  Undefined array key "remarks" in C:\wamp64\www\emsdemo\View\expenses.php on line 68
[22-Feb-2023 17:58:23 Asia/Kolkata] PHP Stack trace:
[22-Feb-2023 17:58:23 Asia/Kolkata] PHP   1. {main}() C:\wamp64\www\emsdemo\View\expenses.php:0
[22-Feb-2023 17:58:24 Asia/Kolkata] PHP Warning:  Undefined array key "returnDate" in C:\wamp64\www\emsdemo\View\expenses.php on line 74
[22-Feb-2023 17:58:24 Asia/Kolkata] PHP Stack trace:
[22-Feb-2023 17:58:24 Asia/Kolkata] PHP   1. {main}() C:\wamp64\www\emsdemo\View\expenses.php:0
[22-Feb-2023 17:58:24 Asia/Kolkata] PHP Warning:  Undefined array key "car_km" in C:\wamp64\www\emsdemo\View\expenses.php on line 75
[22-Feb-2023 17:58:24 Asia/Kolkata] PHP Stack trace:
[22-Feb-2023 17:58:24 Asia/Kolkata] PHP   1. {main}() C:\wamp64\www\emsdemo\View\expenses.php:0
