[22-Sep-2023 18:03:12 Asia/Kolkata] PHP Notice:  Undefined index: __nda_decl in D:\wamp64\www\emsdemo\View\index.php on line 132
[22-Sep-2023 18:03:12 Asia/Kolkata] PHP Stack trace:
[22-Sep-2023 18:03:12 Asia/Kolkata] PHP   1. {main}() D:\wamp64\www\emsdemo\View\index.php:0
[22-Sep-2023 18:03:12 Asia/Kolkata] PHP Notice:  Undefined index: __isms_decl in D:\wamp64\www\emsdemo\View\index.php on line 137
[22-Sep-2023 18:03:12 Asia/Kolkata] PHP Stack trace:
[22-Sep-2023 18:03:12 Asia/Kolkata] PHP   1. {main}() D:\wamp64\www\emsdemo\View\index.php:0
[22-Sep-2023 18:03:12 Asia/Kolkata] PHP Notice:  Undefined index: __asset_decl in D:\wamp64\www\emsdemo\View\index.php on line 141
[22-Sep-2023 18:03:12 Asia/Kolkata] PHP Stack trace:
[22-Sep-2023 18:03:12 Asia/Kolkata] PHP   1. {main}() D:\wamp64\www\emsdemo\View\index.php:0
[22-Sep-2023 18:03:13 Asia/Kolkata] PHP Notice:  Undefined variable: induction_popup_flag in D:\wamp64\www\emsdemo\View\index.php on line 436
[22-Sep-2023 18:03:13 Asia/Kolkata] PHP Stack trace:
[22-Sep-2023 18:03:13 Asia/Kolkata] PHP   1. {main}() D:\wamp64\www\emsdemo\View\index.php:0
[22-Sep-2023 18:03:13 Asia/Kolkata] PHP Notice:  Undefined offset: 0 in D:\wamp64\www\emsdemo\View\index.php on line 495
[22-Sep-2023 18:03:13 Asia/Kolkata] PHP Stack trace:
[22-Sep-2023 18:03:13 Asia/Kolkata] PHP   1. {main}() D:\wamp64\www\emsdemo\View\index.php:0
[22-Sep-2023 18:03:13 Asia/Kolkata] PHP Notice:  Trying to access array offset on value of type null in D:\wamp64\www\emsdemo\View\index.php on line 495
[22-Sep-2023 18:03:13 Asia/Kolkata] PHP Stack trace:
[22-Sep-2023 18:03:13 Asia/Kolkata] PHP   1. {main}() D:\wamp64\www\emsdemo\View\index.php:0
[22-Sep-2023 18:03:13 Asia/Kolkata] PHP Notice:  Undefined index: __AppraisalMonth in D:\wamp64\www\emsdemo\View\index.php on line 528
[22-Sep-2023 18:03:13 Asia/Kolkata] PHP Stack trace:
[22-Sep-2023 18:03:13 Asia/Kolkata] PHP   1. {main}() D:\wamp64\www\emsdemo\View\index.php:0
[22-Sep-2023 18:03:13 Asia/Kolkata] PHP Notice:  Trying to access array offset on value of type null in D:\wamp64\www\emsdemo\View\index.php on line 536
[22-Sep-2023 18:03:13 Asia/Kolkata] PHP Stack trace:
[22-Sep-2023 18:03:13 Asia/Kolkata] PHP   1. {main}() D:\wamp64\www\emsdemo\View\index.php:0
[22-Sep-2023 18:03:15 Asia/Kolkata] PHP Notice:  Undefined variable: induction_popup_flag in D:\wamp64\www\emsdemo\View\index.php on line 1226
[22-Sep-2023 18:03:15 Asia/Kolkata] PHP Stack trace:
[22-Sep-2023 18:03:15 Asia/Kolkata] PHP   1. {main}() D:\wamp64\www\emsdemo\View\index.php:0
[22-Sep-2023 18:03:15 Asia/Kolkata] PHP Notice:  Undefined index: param in D:\wamp64\www\emsdemo\View\index.php on line 1240
[22-Sep-2023 18:03:15 Asia/Kolkata] PHP Stack trace:
[22-Sep-2023 18:03:15 Asia/Kolkata] PHP   1. {main}() D:\wamp64\www\emsdemo\View\index.php:0
[22-Sep-2023 18:03:32 Asia/Kolkata] PHP Deprecated:  Array and string offset access syntax with curly braces is deprecated in D:\wamp64\www\emsdemo\AppData\lib\PHPExcel\Shared\String.php on line 529
[22-Sep-2023 18:03:32 Asia/Kolkata] PHP Stack trace:
[22-Sep-2023 18:03:32 Asia/Kolkata] PHP   1. {main}() D:\wamp64\www\emsdemo\View\module_master_new.php:0
[22-Sep-2023 18:03:32 Asia/Kolkata] PHP   2. require_once() D:\wamp64\www\emsdemo\View\module_master_new.php:10
[22-Sep-2023 18:03:32 Asia/Kolkata] PHP   3. require() D:\wamp64\www\emsdemo\AppData\lib\PHPExcel\IOFactory.php:35
[22-Sep-2023 18:03:32 Asia/Kolkata] PHP   4. spl_autoload_call($class_name = 'PHPExcel_Shared_String') D:\wamp64\www\emsdemo\AppData\lib\PHPExcel\Autoloader.php:36
[22-Sep-2023 18:03:32 Asia/Kolkata] PHP   5. PHPExcel_Autoloader::Load($pClassName = 'PHPExcel_Shared_String') D:\wamp64\www\emsdemo\AppData\lib\PHPExcel\Autoloader.php:36
[22-Sep-2023 18:03:32 Asia/Kolkata] PHP Deprecated:  Array and string offset access syntax with curly braces is deprecated in D:\wamp64\www\emsdemo\AppData\lib\PHPExcel\Shared\String.php on line 530
[22-Sep-2023 18:03:32 Asia/Kolkata] PHP Stack trace:
[22-Sep-2023 18:03:32 Asia/Kolkata] PHP   1. {main}() D:\wamp64\www\emsdemo\View\module_master_new.php:0
[22-Sep-2023 18:03:32 Asia/Kolkata] PHP   2. require_once() D:\wamp64\www\emsdemo\View\module_master_new.php:10
[22-Sep-2023 18:03:32 Asia/Kolkata] PHP   3. require() D:\wamp64\www\emsdemo\AppData\lib\PHPExcel\IOFactory.php:35
[22-Sep-2023 18:03:32 Asia/Kolkata] PHP   4. spl_autoload_call($class_name = 'PHPExcel_Shared_String') D:\wamp64\www\emsdemo\AppData\lib\PHPExcel\Autoloader.php:36
[22-Sep-2023 18:03:32 Asia/Kolkata] PHP   5. PHPExcel_Autoloader::Load($pClassName = 'PHPExcel_Shared_String') D:\wamp64\www\emsdemo\AppData\lib\PHPExcel\Autoloader.php:36
[22-Sep-2023 18:03:32 Asia/Kolkata] PHP Deprecated:  Array and string offset access syntax with curly braces is deprecated in D:\wamp64\www\emsdemo\AppData\lib\PHPExcel\Shared\String.php on line 536
[22-Sep-2023 18:03:32 Asia/Kolkata] PHP Stack trace:
[22-Sep-2023 18:03:32 Asia/Kolkata] PHP   1. {main}() D:\wamp64\www\emsdemo\View\module_master_new.php:0
[22-Sep-2023 18:03:32 Asia/Kolkata] PHP   2. require_once() D:\wamp64\www\emsdemo\View\module_master_new.php:10
[22-Sep-2023 18:03:32 Asia/Kolkata] PHP   3. require() D:\wamp64\www\emsdemo\AppData\lib\PHPExcel\IOFactory.php:35
[22-Sep-2023 18:03:32 Asia/Kolkata] PHP   4. spl_autoload_call($class_name = 'PHPExcel_Shared_String') D:\wamp64\www\emsdemo\AppData\lib\PHPExcel\Autoloader.php:36
[22-Sep-2023 18:03:32 Asia/Kolkata] PHP   5. PHPExcel_Autoloader::Load($pClassName = 'PHPExcel_Shared_String') D:\wamp64\www\emsdemo\AppData\lib\PHPExcel\Autoloader.php:36
[22-Sep-2023 18:03:32 Asia/Kolkata] PHP Deprecated:  Array and string offset access syntax with curly braces is deprecated in D:\wamp64\www\emsdemo\AppData\lib\PHPExcel\Shared\String.php on line 536
[22-Sep-2023 18:03:32 Asia/Kolkata] PHP Stack trace:
[22-Sep-2023 18:03:32 Asia/Kolkata] PHP   1. {main}() D:\wamp64\www\emsdemo\View\module_master_new.php:0
[22-Sep-2023 18:03:32 Asia/Kolkata] PHP   2. require_once() D:\wamp64\www\emsdemo\View\module_master_new.php:10
[22-Sep-2023 18:03:32 Asia/Kolkata] PHP   3. require() D:\wamp64\www\emsdemo\AppData\lib\PHPExcel\IOFactory.php:35
[22-Sep-2023 18:03:32 Asia/Kolkata] PHP   4. spl_autoload_call($class_name = 'PHPExcel_Shared_String') D:\wamp64\www\emsdemo\AppData\lib\PHPExcel\Autoloader.php:36
[22-Sep-2023 18:03:32 Asia/Kolkata] PHP   5. PHPExcel_Autoloader::Load($pClassName = 'PHPExcel_Shared_String') D:\wamp64\www\emsdemo\AppData\lib\PHPExcel\Autoloader.php:36
[22-Sep-2023 18:03:32 Asia/Kolkata] PHP Deprecated:  Array and string offset access syntax with curly braces is deprecated in D:\wamp64\www\emsdemo\AppData\lib\PHPExcel\Shared\String.php on line 537
[22-Sep-2023 18:03:32 Asia/Kolkata] PHP Stack trace:
[22-Sep-2023 18:03:32 Asia/Kolkata] PHP   1. {main}() D:\wamp64\www\emsdemo\View\module_master_new.php:0
[22-Sep-2023 18:03:32 Asia/Kolkata] PHP   2. require_once() D:\wamp64\www\emsdemo\View\module_master_new.php:10
[22-Sep-2023 18:03:32 Asia/Kolkata] PHP   3. require() D:\wamp64\www\emsdemo\AppData\lib\PHPExcel\IOFactory.php:35
[22-Sep-2023 18:03:32 Asia/Kolkata] PHP   4. spl_autoload_call($class_name = 'PHPExcel_Shared_String') D:\wamp64\www\emsdemo\AppData\lib\PHPExcel\Autoloader.php:36
[22-Sep-2023 18:03:32 Asia/Kolkata] PHP   5. PHPExcel_Autoloader::Load($pClassName = 'PHPExcel_Shared_String') D:\wamp64\www\emsdemo\AppData\lib\PHPExcel\Autoloader.php:36
[22-Sep-2023 18:03:32 Asia/Kolkata] PHP Deprecated:  Array and string offset access syntax with curly braces is deprecated in D:\wamp64\www\emsdemo\AppData\lib\PHPExcel\Shared\String.php on line 537
[22-Sep-2023 18:03:32 Asia/Kolkata] PHP Stack trace:
[22-Sep-2023 18:03:32 Asia/Kolkata] PHP   1. {main}() D:\wamp64\www\emsdemo\View\module_master_new.php:0
[22-Sep-2023 18:03:32 Asia/Kolkata] PHP   2. require_once() D:\wamp64\www\emsdemo\View\module_master_new.php:10
[22-Sep-2023 18:03:32 Asia/Kolkata] PHP   3. require() D:\wamp64\www\emsdemo\AppData\lib\PHPExcel\IOFactory.php:35
[22-Sep-2023 18:03:32 Asia/Kolkata] PHP   4. spl_autoload_call($class_name = 'PHPExcel_Shared_String') D:\wamp64\www\emsdemo\AppData\lib\PHPExcel\Autoloader.php:36
[22-Sep-2023 18:03:32 Asia/Kolkata] PHP   5. PHPExcel_Autoloader::Load($pClassName = 'PHPExcel_Shared_String') D:\wamp64\www\emsdemo\AppData\lib\PHPExcel\Autoloader.php:36
[22-Sep-2023 18:03:32 Asia/Kolkata] PHP Notice:  Undefined variable: classvarr in D:\wamp64\www\emsdemo\View\module_master_new.php on line 331
[22-Sep-2023 18:03:32 Asia/Kolkata] PHP Stack trace:
[22-Sep-2023 18:03:32 Asia/Kolkata] PHP   1. {main}() D:\wamp64\www\emsdemo\View\module_master_new.php:0
[22-Sep-2023 18:03:32 Asia/Kolkata] PHP Notice:  Undefined variable: id in D:\wamp64\www\emsdemo\View\module_master_new.php on line 473
[22-Sep-2023 18:03:32 Asia/Kolkata] PHP Stack trace:
[22-Sep-2023 18:03:32 Asia/Kolkata] PHP   1. {main}() D:\wamp64\www\emsdemo\View\module_master_new.php:0
[22-Sep-2023 18:03:40 Asia/Kolkata] PHP Notice:  Undefined variable: classvarr in D:\wamp64\www\emsdemo\View\module_master_new.php on line 331
[22-Sep-2023 18:03:40 Asia/Kolkata] PHP Stack trace:
[22-Sep-2023 18:03:40 Asia/Kolkata] PHP   1. {main}() D:\wamp64\www\emsdemo\View\module_master_new.php:0
[22-Sep-2023 18:03:40 Asia/Kolkata] PHP Notice:  Undefined variable: id in D:\wamp64\www\emsdemo\View\module_master_new.php on line 473
[22-Sep-2023 18:03:40 Asia/Kolkata] PHP Stack trace:
[22-Sep-2023 18:03:40 Asia/Kolkata] PHP   1. {main}() D:\wamp64\www\emsdemo\View\module_master_new.php:0
[22-Sep-2023 18:03:57 Asia/Kolkata] PHP Notice:  Undefined variable: classvarr in D:\wamp64\www\emsdemo\View\module_master_new.php on line 331
[22-Sep-2023 18:03:57 Asia/Kolkata] PHP Stack trace:
[22-Sep-2023 18:03:57 Asia/Kolkata] PHP   1. {main}() D:\wamp64\www\emsdemo\View\module_master_new.php:0
[22-Sep-2023 18:03:57 Asia/Kolkata] PHP Notice:  Undefined variable: id in D:\wamp64\www\emsdemo\View\module_master_new.php on line 473
[22-Sep-2023 18:03:57 Asia/Kolkata] PHP Stack trace:
[22-Sep-2023 18:03:57 Asia/Kolkata] PHP   1. {main}() D:\wamp64\www\emsdemo\View\module_master_new.php:0
[22-Sep-2023 18:04:08 Asia/Kolkata] PHP Notice:  Undefined variable: classvarr in D:\wamp64\www\emsdemo\View\module_master_new.php on line 331
[22-Sep-2023 18:04:08 Asia/Kolkata] PHP Stack trace:
[22-Sep-2023 18:04:08 Asia/Kolkata] PHP   1. {main}() D:\wamp64\www\emsdemo\View\module_master_new.php:0
[22-Sep-2023 18:04:08 Asia/Kolkata] PHP Notice:  Undefined variable: id in D:\wamp64\www\emsdemo\View\module_master_new.php on line 473
[22-Sep-2023 18:04:08 Asia/Kolkata] PHP Stack trace:
[22-Sep-2023 18:04:08 Asia/Kolkata] PHP   1. {main}() D:\wamp64\www\emsdemo\View\module_master_new.php:0
[22-Sep-2023 18:04:24 Asia/Kolkata] PHP Notice:  Undefined variable: classvarr in D:\wamp64\www\emsdemo\View\module_master_new.php on line 331
[22-Sep-2023 18:04:24 Asia/Kolkata] PHP Stack trace:
[22-Sep-2023 18:04:24 Asia/Kolkata] PHP   1. {main}() D:\wamp64\www\emsdemo\View\module_master_new.php:0
[22-Sep-2023 18:04:25 Asia/Kolkata] PHP Notice:  Undefined variable: id in D:\wamp64\www\emsdemo\View\module_master_new.php on line 473
[22-Sep-2023 18:04:25 Asia/Kolkata] PHP Stack trace:
[22-Sep-2023 18:04:25 Asia/Kolkata] PHP   1. {main}() D:\wamp64\www\emsdemo\View\module_master_new.php:0
[22-Sep-2023 18:04:35 Asia/Kolkata] PHP Notice:  Undefined variable: classvarr in D:\wamp64\www\emsdemo\View\module_master_new.php on line 331
[22-Sep-2023 18:04:35 Asia/Kolkata] PHP Stack trace:
[22-Sep-2023 18:04:35 Asia/Kolkata] PHP   1. {main}() D:\wamp64\www\emsdemo\View\module_master_new.php:0
[22-Sep-2023 18:04:35 Asia/Kolkata] PHP Notice:  Undefined variable: id in D:\wamp64\www\emsdemo\View\module_master_new.php on line 473
[22-Sep-2023 18:04:35 Asia/Kolkata] PHP Stack trace:
[22-Sep-2023 18:04:35 Asia/Kolkata] PHP   1. {main}() D:\wamp64\www\emsdemo\View\module_master_new.php:0
