[30-Dec-2022 13:00:49 Asia/Kolkata] PHP Notice:  Undefined index: from_date in /var/www/html/erpm/View/ClientToClientMoveReport.php on line 106
[30-Dec-2022 13:00:49 Asia/Kolkata] PHP Notice:  Undefined index: to_date in /var/www/html/erpm/View/ClientToClientMoveReport.php on line 115
[30-Dec-2022 13:00:49 Asia/Kolkata] PHP Notice:  Undefined index: from_date in /var/www/html/erpm/View/ClientToClientMoveReport.php on line 139
[30-Dec-2022 13:01:20 Asia/Kolkata] PHP Notice:  Undefined index: from_date in /var/www/html/erpm/View/ClientToClientMoveReport.php on line 106
[30-Dec-2022 13:01:20 Asia/Kolkata] PHP Notice:  Undefined index: to_date in /var/www/html/erpm/View/ClientToClientMoveReport.php on line 115
[30-Dec-2022 13:02:07 Asia/Kolkata] PHP Notice:  Undefined index: from_date in /var/www/html/erpm/View/ClientToClientMoveReport.php on line 106
[30-Dec-2022 13:02:07 Asia/Kolkata] PHP Notice:  Undefined index: to_date in /var/www/html/erpm/View/ClientToClientMoveReport.php on line 115
[30-Dec-2022 13:02:07 Asia/Kolkata] PHP Notice:  Undefined index: from_date in /var/www/html/erpm/View/ClientToClientMoveReport.php on line 139
[30-Dec-2022 13:02:32 Asia/Kolkata] PHP Notice:  Undefined variable: row in /var/www/html/erpm/View/site_master.php on line 316
[30-Dec-2022 13:02:32 Asia/Kolkata] PHP Notice:  Trying to access array offset on value of type null in /var/www/html/erpm/View/site_master.php on line 316
[30-Dec-2022 13:02:32 Asia/Kolkata] PHP Notice:  Undefined variable: row in /var/www/html/erpm/View/site_master.php on line 318
[30-Dec-2022 13:02:32 Asia/Kolkata] PHP Notice:  Trying to access array offset on value of type null in /var/www/html/erpm/View/site_master.php on line 318
[30-Dec-2022 13:02:32 Asia/Kolkata] PHP Notice:  Undefined variable: row in /var/www/html/erpm/View/site_master.php on line 316
[30-Dec-2022 13:02:32 Asia/Kolkata] PHP Notice:  Trying to access array offset on value of type null in /var/www/html/erpm/View/site_master.php on line 316
[30-Dec-2022 13:02:32 Asia/Kolkata] PHP Notice:  Undefined variable: row in /var/www/html/erpm/View/site_master.php on line 318
[30-Dec-2022 13:02:32 Asia/Kolkata] PHP Notice:  Trying to access array offset on value of type null in /var/www/html/erpm/View/site_master.php on line 318
[30-Dec-2022 13:03:57 Asia/Kolkata] PHP Notice:  Undefined variable: row in /var/www/html/erpm/View/site_master.php on line 316
[30-Dec-2022 13:03:57 Asia/Kolkata] PHP Notice:  Trying to access array offset on value of type null in /var/www/html/erpm/View/site_master.php on line 316
[30-Dec-2022 13:03:57 Asia/Kolkata] PHP Notice:  Undefined variable: row in /var/www/html/erpm/View/site_master.php on line 318
[30-Dec-2022 13:03:57 Asia/Kolkata] PHP Notice:  Trying to access array offset on value of type null in /var/www/html/erpm/View/site_master.php on line 318
[30-Dec-2022 13:03:57 Asia/Kolkata] PHP Notice:  Undefined variable: row in /var/www/html/erpm/View/site_master.php on line 316
[30-Dec-2022 13:03:57 Asia/Kolkata] PHP Notice:  Trying to access array offset on value of type null in /var/www/html/erpm/View/site_master.php on line 316
[30-Dec-2022 13:03:57 Asia/Kolkata] PHP Notice:  Undefined variable: row in /var/www/html/erpm/View/site_master.php on line 318
[30-Dec-2022 13:03:57 Asia/Kolkata] PHP Notice:  Trying to access array offset on value of type null in /var/www/html/erpm/View/site_master.php on line 318
[30-Dec-2022 13:04:45 Asia/Kolkata] PHP Notice:  Undefined variable: row in /var/www/html/erpm/View/site_master.php on line 316
[30-Dec-2022 13:04:45 Asia/Kolkata] PHP Notice:  Trying to access array offset on value of type null in /var/www/html/erpm/View/site_master.php on line 316
[30-Dec-2022 13:04:45 Asia/Kolkata] PHP Notice:  Undefined variable: row in /var/www/html/erpm/View/site_master.php on line 318
[30-Dec-2022 13:04:45 Asia/Kolkata] PHP Notice:  Trying to access array offset on value of type null in /var/www/html/erpm/View/site_master.php on line 318
[30-Dec-2022 13:04:45 Asia/Kolkata] PHP Notice:  Undefined variable: row in /var/www/html/erpm/View/site_master.php on line 316
[30-Dec-2022 13:04:45 Asia/Kolkata] PHP Notice:  Trying to access array offset on value of type null in /var/www/html/erpm/View/site_master.php on line 316
[30-Dec-2022 13:04:45 Asia/Kolkata] PHP Notice:  Undefined variable: row in /var/www/html/erpm/View/site_master.php on line 318
[30-Dec-2022 13:04:45 Asia/Kolkata] PHP Notice:  Trying to access array offset on value of type null in /var/www/html/erpm/View/site_master.php on line 318
[30-Dec-2022 13:04:56 Asia/Kolkata] PHP Notice:  Undefined variable: row in /var/www/html/erpm/View/site_master.php on line 316
[30-Dec-2022 13:04:56 Asia/Kolkata] PHP Notice:  Trying to access array offset on value of type null in /var/www/html/erpm/View/site_master.php on line 316
[30-Dec-2022 13:04:56 Asia/Kolkata] PHP Notice:  Undefined variable: row in /var/www/html/erpm/View/site_master.php on line 318
[30-Dec-2022 13:04:56 Asia/Kolkata] PHP Notice:  Trying to access array offset on value of type null in /var/www/html/erpm/View/site_master.php on line 318
[30-Dec-2022 13:04:56 Asia/Kolkata] PHP Notice:  Undefined variable: row in /var/www/html/erpm/View/site_master.php on line 316
[30-Dec-2022 13:04:56 Asia/Kolkata] PHP Notice:  Trying to access array offset on value of type null in /var/www/html/erpm/View/site_master.php on line 316
[30-Dec-2022 13:04:56 Asia/Kolkata] PHP Notice:  Undefined variable: row in /var/www/html/erpm/View/site_master.php on line 318
[30-Dec-2022 13:04:56 Asia/Kolkata] PHP Notice:  Trying to access array offset on value of type null in /var/www/html/erpm/View/site_master.php on line 318
[30-Dec-2022 13:05:04 Asia/Kolkata] PHP Notice:  Undefined variable: row in /var/www/html/erpm/View/site_master.php on line 316
[30-Dec-2022 13:05:04 Asia/Kolkata] PHP Notice:  Trying to access array offset on value of type null in /var/www/html/erpm/View/site_master.php on line 316
[30-Dec-2022 13:05:04 Asia/Kolkata] PHP Notice:  Undefined variable: row in /var/www/html/erpm/View/site_master.php on line 318
[30-Dec-2022 13:05:04 Asia/Kolkata] PHP Notice:  Trying to access array offset on value of type null in /var/www/html/erpm/View/site_master.php on line 318
[30-Dec-2022 13:05:04 Asia/Kolkata] PHP Notice:  Undefined variable: row in /var/www/html/erpm/View/site_master.php on line 316
[30-Dec-2022 13:05:04 Asia/Kolkata] PHP Notice:  Trying to access array offset on value of type null in /var/www/html/erpm/View/site_master.php on line 316
[30-Dec-2022 13:05:04 Asia/Kolkata] PHP Notice:  Undefined variable: row in /var/www/html/erpm/View/site_master.php on line 318
[30-Dec-2022 13:05:04 Asia/Kolkata] PHP Notice:  Trying to access array offset on value of type null in /var/www/html/erpm/View/site_master.php on line 318
[30-Dec-2022 13:05:16 Asia/Kolkata] PHP Notice:  Undefined variable: row in /var/www/html/erpm/View/site_master.php on line 316
[30-Dec-2022 13:05:16 Asia/Kolkata] PHP Notice:  Trying to access array offset on value of type null in /var/www/html/erpm/View/site_master.php on line 316
[30-Dec-2022 13:05:16 Asia/Kolkata] PHP Notice:  Undefined variable: row in /var/www/html/erpm/View/site_master.php on line 318
[30-Dec-2022 13:05:16 Asia/Kolkata] PHP Notice:  Trying to access array offset on value of type null in /var/www/html/erpm/View/site_master.php on line 318
[30-Dec-2022 13:05:16 Asia/Kolkata] PHP Notice:  Undefined variable: row in /var/www/html/erpm/View/site_master.php on line 316
[30-Dec-2022 13:05:16 Asia/Kolkata] PHP Notice:  Trying to access array offset on value of type null in /var/www/html/erpm/View/site_master.php on line 316
[30-Dec-2022 13:05:16 Asia/Kolkata] PHP Notice:  Undefined variable: row in /var/www/html/erpm/View/site_master.php on line 318
[30-Dec-2022 13:05:16 Asia/Kolkata] PHP Notice:  Trying to access array offset on value of type null in /var/www/html/erpm/View/site_master.php on line 318
[30-Dec-2022 13:05:45 Asia/Kolkata] PHP Notice:  Undefined index: __user_logid in /var/www/html/erpm/AppCode/nHead.php on line 2
[30-Dec-2022 13:05:47 Asia/Kolkata] PHP Warning:  mysqli_stmt::bind_param(): Number of elements in type definition string doesn't match number of bind variables in /var/www/html/erpm/Controller/ConLog.php on line 464
[30-Dec-2022 13:05:47 Asia/Kolkata] PHP Warning:  Use of undefined constant EMS_CenterName - assumed 'EMS_CenterName' (this will throw an Error in a future version of PHP) in /var/www/html/erpm/Controller/ConLog.php on line 470
[30-Dec-2022 13:05:47 Asia/Kolkata] PHP Warning:  Use of undefined constant EMAIL_HOST - assumed 'EMAIL_HOST' (this will throw an Error in a future version of PHP) in /var/www/html/erpm/Controller/ConLog.php on line 473
[30-Dec-2022 13:05:47 Asia/Kolkata] PHP Warning:  Use of undefined constant EMAIL_AUTH - assumed 'EMAIL_AUTH' (this will throw an Error in a future version of PHP) in /var/www/html/erpm/Controller/ConLog.php on line 474
[30-Dec-2022 13:05:47 Asia/Kolkata] PHP Warning:  Use of undefined constant EMAIL_USER - assumed 'EMAIL_USER' (this will throw an Error in a future version of PHP) in /var/www/html/erpm/Controller/ConLog.php on line 475
[30-Dec-2022 13:05:47 Asia/Kolkata] PHP Warning:  Use of undefined constant EMAIL_PASS - assumed 'EMAIL_PASS' (this will throw an Error in a future version of PHP) in /var/www/html/erpm/Controller/ConLog.php on line 476
[30-Dec-2022 13:05:47 Asia/Kolkata] PHP Warning:  Use of undefined constant EMAIL_SMTPSecure - assumed 'EMAIL_SMTPSecure' (this will throw an Error in a future version of PHP) in /var/www/html/erpm/Controller/ConLog.php on line 477
[30-Dec-2022 13:05:47 Asia/Kolkata] PHP Warning:  Use of undefined constant EMAIL_PORT - assumed 'EMAIL_PORT' (this will throw an Error in a future version of PHP) in /var/www/html/erpm/Controller/ConLog.php on line 478
[30-Dec-2022 13:05:47 Asia/Kolkata] PHP Warning:  Use of undefined constant EMAIL_FROM - assumed 'EMAIL_FROM' (this will throw an Error in a future version of PHP) in /var/www/html/erpm/Controller/ConLog.php on line 479
[30-Dec-2022 13:05:47 Asia/Kolkata] PHP Warning:  Use of undefined constant EMS_CenterName - assumed 'EMS_CenterName' (this will throw an Error in a future version of PHP) in /var/www/html/erpm/Controller/ConLog.php on line 482
[30-Dec-2022 13:05:49 Asia/Kolkata] PHP Notice:  Trying to access array offset on value of type null in /var/www/html/erpm/View/index.php on line 346
[30-Dec-2022 13:05:57 Asia/Kolkata] PHP Notice:  Undefined index: from_date in /var/www/html/erpm/View/ClientToClientMoveReport.php on line 106
[30-Dec-2022 13:05:57 Asia/Kolkata] PHP Notice:  Undefined index: to_date in /var/www/html/erpm/View/ClientToClientMoveReport.php on line 115
[30-Dec-2022 13:05:57 Asia/Kolkata] PHP Notice:  Undefined index: from_date in /var/www/html/erpm/View/ClientToClientMoveReport.php on line 139
[30-Dec-2022 13:06:31 Asia/Kolkata] PHP Notice:  Undefined index: __user_logid in /var/www/html/erpm/AppCode/nHead.php on line 2
[30-Dec-2022 13:06:38 Asia/Kolkata] PHP Warning:  mysqli_stmt::bind_param(): Number of elements in type definition string doesn't match number of bind variables in /var/www/html/erpm/Controller/ConLog.php on line 464
[30-Dec-2022 13:06:38 Asia/Kolkata] PHP Notice:  Trying to access array offset on value of type null in /var/www/html/erpm/View/index.php on line 346
[30-Dec-2022 13:06:46 Asia/Kolkata] PHP Notice:  Undefined variable: row in /var/www/html/erpm/View/site_master.php on line 316
[30-Dec-2022 13:06:46 Asia/Kolkata] PHP Notice:  Trying to access array offset on value of type null in /var/www/html/erpm/View/site_master.php on line 316
[30-Dec-2022 13:06:46 Asia/Kolkata] PHP Notice:  Undefined variable: row in /var/www/html/erpm/View/site_master.php on line 318
[30-Dec-2022 13:06:46 Asia/Kolkata] PHP Notice:  Trying to access array offset on value of type null in /var/www/html/erpm/View/site_master.php on line 318
[30-Dec-2022 13:06:46 Asia/Kolkata] PHP Notice:  Undefined variable: row in /var/www/html/erpm/View/site_master.php on line 316
[30-Dec-2022 13:06:46 Asia/Kolkata] PHP Notice:  Trying to access array offset on value of type null in /var/www/html/erpm/View/site_master.php on line 316
[30-Dec-2022 13:06:46 Asia/Kolkata] PHP Notice:  Undefined variable: row in /var/www/html/erpm/View/site_master.php on line 318
[30-Dec-2022 13:06:46 Asia/Kolkata] PHP Notice:  Trying to access array offset on value of type null in /var/www/html/erpm/View/site_master.php on line 318
[30-Dec-2022 13:06:55 Asia/Kolkata] PHP Notice:  Undefined index: from_date in /var/www/html/erpm/View/ClientToClientMoveReport.php on line 106
[30-Dec-2022 13:06:55 Asia/Kolkata] PHP Notice:  Undefined index: to_date in /var/www/html/erpm/View/ClientToClientMoveReport.php on line 115
[30-Dec-2022 13:06:55 Asia/Kolkata] PHP Notice:  Undefined index: from_date in /var/www/html/erpm/View/ClientToClientMoveReport.php on line 139
[30-Dec-2022 13:06:55 Asia/Kolkata] PHP Notice:  Undefined index: to_date in /var/www/html/erpm/View/ClientToClientMoveReport.php on line 140
[30-Dec-2022 13:07:27 Asia/Kolkata] PHP Notice:  Undefined index: from_date in /var/www/html/erpm/View/ClientToClientMoveReport.php on line 106
[30-Dec-2022 13:07:27 Asia/Kolkata] PHP Notice:  Undefined index: to_date in /var/www/html/erpm/View/ClientToClientMoveReport.php on line 115
[30-Dec-2022 13:07:57 Asia/Kolkata] PHP Notice:  Undefined index: from_date in /var/www/html/erpm/View/ClientToClientMoveReport.php on line 106
[30-Dec-2022 13:07:57 Asia/Kolkata] PHP Notice:  Undefined index: to_date in /var/www/html/erpm/View/ClientToClientMoveReport.php on line 115
[30-Dec-2022 13:15:50 Asia/Kolkata] PHP Fatal error:  Uncaught Exception: Problem preparing query (call save_consultancy("A2Z HR Consultant","Shubhangi","8800196323","Amit Kumarssssss","CE03070003","95")) Incorrect number of arguments for PROCEDURE ems.save_consultancy; expected 7, got 6 in /var/www/html/erpm/AppData/Class/MysqliDb.php:1514
Stack trace:
#0 /var/www/html/erpm/AppData/Class/MysqliDb.php(414): MysqliDb->_prepareQuery()
#1 /var/www/html/erpm/View/consultancy_master.php(80): MysqliDb->rawQuery()
#2 {main}
  thrown in /var/www/html/erpm/AppData/Class/MysqliDb.php on line 1514
[30-Dec-2022 13:17:12 Asia/Kolkata] PHP Fatal error:  Uncaught Exception: Problem preparing query (call save_consultancy("A2Z HR Consultant","Shubhangi","8800196323","Amit Kumarssssss","CE03070003","95")) Incorrect number of arguments for PROCEDURE ems.save_consultancy; expected 7, got 6 in /var/www/html/erpm/AppData/Class/MysqliDb.php:1514
Stack trace:
#0 /var/www/html/erpm/AppData/Class/MysqliDb.php(414): MysqliDb->_prepareQuery()
#1 /var/www/html/erpm/View/consultancy_master.php(79): MysqliDb->rawQuery()
#2 {main}
  thrown in /var/www/html/erpm/AppData/Class/MysqliDb.php on line 1514
[30-Dec-2022 13:17:32 Asia/Kolkata] PHP Fatal error:  Uncaught Exception: Problem preparing query (call save_consultancy("A2Z HR Consultant","Shubhangi","8800196323","Amit Kumarssssss","CE03070003","95")) Incorrect number of arguments for PROCEDURE ems.save_consultancy; expected 7, got 6 in /var/www/html/erpm/AppData/Class/MysqliDb.php:1514
Stack trace:
#0 /var/www/html/erpm/AppData/Class/MysqliDb.php(414): MysqliDb->_prepareQuery()
#1 /var/www/html/erpm/View/consultancy_master.php(79): MysqliDb->rawQuery()
#2 {main}
  thrown in /var/www/html/erpm/AppData/Class/MysqliDb.php on line 1514
[30-Dec-2022 13:18:15 Asia/Kolkata] PHP Fatal error:  Uncaught Exception: Problem preparing query (call save_consultancy("A2Z HR Consultant","Shubhangi","8800196323","Amit Kumarssssss","CE03070003","95")) Incorrect number of arguments for PROCEDURE ems.save_consultancy; expected 7, got 6 in /var/www/html/erpm/AppData/Class/MysqliDb.php:1514
Stack trace:
#0 /var/www/html/erpm/AppData/Class/MysqliDb.php(414): MysqliDb->_prepareQuery()
#1 /var/www/html/erpm/View/consultancy_master.php(79): MysqliDb->rawQuery()
#2 {main}
  thrown in /var/www/html/erpm/AppData/Class/MysqliDb.php on line 1514
[30-Dec-2022 13:18:49 Asia/Kolkata] PHP Fatal error:  Uncaught Exception: Problem preparing query (call save_consultancy("A2Z HR Consultant","Shubhangi","8800196323","Amit Kumarssssss","CE03070003","95")) Incorrect number of arguments for PROCEDURE ems.save_consultancy; expected 7, got 6 in /var/www/html/erpm/AppData/Class/MysqliDb.php:1514
Stack trace:
#0 /var/www/html/erpm/AppData/Class/MysqliDb.php(414): MysqliDb->_prepareQuery()
#1 /var/www/html/erpm/View/consultancy_master.php(80): MysqliDb->rawQuery()
#2 {main}
  thrown in /var/www/html/erpm/AppData/Class/MysqliDb.php on line 1514
[30-Dec-2022 13:19:22 Asia/Kolkata] PHP Fatal error:  Uncaught Exception: Problem preparing query (call save_consultancy("A2Z HR Consultant","Shubhangi","8800196323","Amit Kumarssssss","CE03070003","95")) Incorrect number of arguments for PROCEDURE ems.save_consultancy; expected 7, got 6 in /var/www/html/erpm/AppData/Class/MysqliDb.php:1514
Stack trace:
#0 /var/www/html/erpm/AppData/Class/MysqliDb.php(1127): MysqliDb->_prepareQuery()
#1 /var/www/html/erpm/AppData/Class/MysqliDb.php(495): MysqliDb->_buildQuery()
#2 /var/www/html/erpm/View/consultancy_master.php(79): MysqliDb->query()
#3 {main}
  thrown in /var/www/html/erpm/AppData/Class/MysqliDb.php on line 1514
[30-Dec-2022 13:19:40 Asia/Kolkata] PHP Fatal error:  Uncaught Exception: Problem preparing query (call save_consultancy("A2Z HR Consultant","Shubhangi","8800196323","Amit Kumarssssss","CE03070003","95")) Incorrect number of arguments for PROCEDURE ems.save_consultancy; expected 7, got 6 in /var/www/html/erpm/AppData/Class/MysqliDb.php:1514
Stack trace:
#0 /var/www/html/erpm/AppData/Class/MysqliDb.php(414): MysqliDb->_prepareQuery()
#1 /var/www/html/erpm/View/consultancy_master.php(79): MysqliDb->rawQuery()
#2 {main}
  thrown in /var/www/html/erpm/AppData/Class/MysqliDb.php on line 1514
[30-Dec-2022 13:23:31 Asia/Kolkata] PHP Fatal error:  Uncaught Exception: Problem preparing query (call add_consultancy("aaaaaaa","aaaaaaaaaaa","1234444444","aaaaaaaaa","CE03070003")) Incorrect number of arguments for PROCEDURE ems.add_consultancy; expected 6, got 5 in /var/www/html/erpm/AppData/Class/MysqliDb.php:1514
Stack trace:
#0 /var/www/html/erpm/AppData/Class/MysqliDb.php(414): MysqliDb->_prepareQuery()
#1 /var/www/html/erpm/View/consultancy_master.php(42): MysqliDb->rawQuery()
#2 {main}
  thrown in /var/www/html/erpm/AppData/Class/MysqliDb.php on line 1514
