[30-Jan-2023 11:54:17 Asia/Kolkata] PHP Warning:  Undefined array key "__user_logid" in C:\wamp64\www\emsdemo\AppCode\nHead.php on line 2
[30-Jan-2023 11:54:17 Asia/Kolkata] PHP Stack trace:
[30-Jan-2023 11:54:17 Asia/Kolkata] PHP   1. {main}() C:\wamp64\www\emsdemo\View\index.php:0
[30-Jan-2023 11:54:17 Asia/Kolkata] PHP   2. require() C:\wamp64\www\emsdemo\View\index.php:14
[30-Jan-2023 11:55:08 Asia/Kolkata] PHP Warning:  Undefined array key "to" in C:\wamp64\www\emsdemo\View\calcRange.php on line 42
[30-Jan-2023 11:55:08 Asia/Kolkata] PHP Stack trace:
[30-Jan-2023 11:55:08 Asia/Kolkata] PHP   1. {main}() C:\wamp64\www\emsdemo\View\calcRange.php:0
[30-Jan-2023 11:55:12 Asia/Kolkata] PHP Notice:  Object of class mysqli_result could not be converted to int in C:\wamp64\www\emsdemo\View\calcRange.php on line 412
[30-Jan-2023 11:55:12 Asia/Kolkata] PHP Stack trace:
[30-Jan-2023 11:55:12 Asia/Kolkata] PHP   1. {main}() C:\wamp64\www\emsdemo\View\calcRange.php:0
[30-Jan-2023 11:55:12 Asia/Kolkata] PHP   2. BioMetric->__construct($EmployeeID = 'CE10091236', $DateFrom = '2023-01-29', $DateTo = '2023-01-29', $Emd_des = 'Deputy General Manager', $Emp_status = 6, $emp_dod = NULL, $emp_module = '2009-10-12 00:00:00') C:\wamp64\www\emsdemo\View\calcRange.php:2358
[30-Jan-2023 11:55:12 Asia/Kolkata] PHP Warning:  Undefined array key "2023-01-29" in C:\wamp64\www\emsdemo\View\calcRange.php on line 583
[30-Jan-2023 11:55:12 Asia/Kolkata] PHP Stack trace:
[30-Jan-2023 11:55:12 Asia/Kolkata] PHP   1. {main}() C:\wamp64\www\emsdemo\View\calcRange.php:0
[30-Jan-2023 11:55:12 Asia/Kolkata] PHP   2. BioMetric->__construct($EmployeeID = 'CE10091236', $DateFrom = '2023-01-29', $DateTo = '2023-01-29', $Emd_des = 'Deputy General Manager', $Emp_status = 6, $emp_dod = NULL, $emp_module = '2009-10-12 00:00:00') C:\wamp64\www\emsdemo\View\calcRange.php:2358
[30-Jan-2023 11:55:12 Asia/Kolkata] PHP   3. BioMetric->__calculation_for_day($__date = '2023-01-29', $__EmpID = 'CE10091236', $__des = 'Deputy General Manager', $__status = 6) C:\wamp64\www\emsdemo\View\calcRange.php:558
[30-Jan-2023 11:55:12 Asia/Kolkata] PHP Warning:  Undefined array key "2023-01-29" in C:\wamp64\www\emsdemo\View\calcRange.php on line 932
[30-Jan-2023 11:55:12 Asia/Kolkata] PHP Stack trace:
[30-Jan-2023 11:55:12 Asia/Kolkata] PHP   1. {main}() C:\wamp64\www\emsdemo\View\calcRange.php:0
[30-Jan-2023 11:55:12 Asia/Kolkata] PHP   2. BioMetric->__construct($EmployeeID = 'CE10091236', $DateFrom = '2023-01-29', $DateTo = '2023-01-29', $Emd_des = 'Deputy General Manager', $Emp_status = 6, $emp_dod = NULL, $emp_module = '2009-10-12 00:00:00') C:\wamp64\www\emsdemo\View\calcRange.php:2358
[30-Jan-2023 11:55:12 Asia/Kolkata] PHP   3. BioMetric->__calculation_for_day($__date = '2023-01-29', $__EmpID = 'CE10091236', $__des = 'Deputy General Manager', $__status = 6) C:\wamp64\www\emsdemo\View\calcRange.php:558
[30-Jan-2023 11:55:12 Asia/Kolkata] PHP Warning:  Undefined array key "2023-01-29" in C:\wamp64\www\emsdemo\View\calcRange.php on line 1225
[30-Jan-2023 11:55:12 Asia/Kolkata] PHP Stack trace:
[30-Jan-2023 11:55:12 Asia/Kolkata] PHP   1. {main}() C:\wamp64\www\emsdemo\View\calcRange.php:0
[30-Jan-2023 11:55:12 Asia/Kolkata] PHP   2. BioMetric->__construct($EmployeeID = 'CE10091236', $DateFrom = '2023-01-29', $DateTo = '2023-01-29', $Emd_des = 'Deputy General Manager', $Emp_status = 6, $emp_dod = NULL, $emp_module = '2009-10-12 00:00:00') C:\wamp64\www\emsdemo\View\calcRange.php:2358
[30-Jan-2023 11:55:12 Asia/Kolkata] PHP   3. BioMetric->__calculation_for_day($__date = '2023-01-29', $__EmpID = 'CE10091236', $__des = 'Deputy General Manager', $__status = 6) C:\wamp64\www\emsdemo\View\calcRange.php:558
[30-Jan-2023 11:55:13 Asia/Kolkata] PHP Warning:  Array to string conversion in C:\wamp64\www\emsdemo\View\calcRange.php on line 1559
[30-Jan-2023 11:55:13 Asia/Kolkata] PHP Stack trace:
[30-Jan-2023 11:55:13 Asia/Kolkata] PHP   1. {main}() C:\wamp64\www\emsdemo\View\calcRange.php:0
[30-Jan-2023 11:55:13 Asia/Kolkata] PHP   2. BioMetric->__construct($EmployeeID = 'CE10091236', $DateFrom = '2023-01-29', $DateTo = '2023-01-29', $Emd_des = 'Deputy General Manager', $Emp_status = 6, $emp_dod = NULL, $emp_module = '2009-10-12 00:00:00') C:\wamp64\www\emsdemo\View\calcRange.php:2358
[30-Jan-2023 11:55:13 Asia/Kolkata] PHP   3. BioMetric->__calculation_for_day($__date = '2023-01-29', $__EmpID = 'CE10091236', $__des = 'Deputy General Manager', $__status = 6) C:\wamp64\www\emsdemo\View\calcRange.php:558
[30-Jan-2023 11:56:38 Asia/Kolkata] PHP Warning:  Trying to access array offset on value of type null in C:\wamp64\www\emsdemo\View\index.php on line 356
[30-Jan-2023 11:56:38 Asia/Kolkata] PHP Stack trace:
[30-Jan-2023 11:56:38 Asia/Kolkata] PHP   1. {main}() C:\wamp64\www\emsdemo\View\index.php:0
