[21-Feb-2023 11:35:48 Asia/Kolkata] PHP Warning:  Undefined array key "__user_logid" in C:\wamp64\www\emsdemo\AppCode\nHead.php on line 2
[21-Feb-2023 11:35:48 Asia/Kolkata] PHP Stack trace:
[21-Feb-2023 11:35:48 Asia/Kolkata] PHP   1. {main}() C:\wamp64\www\emsdemo\View\rpt_AttendanceTrack.php:0
[21-Feb-2023 11:35:48 Asia/Kolkata] PHP   2. require() C:\wamp64\www\emsdemo\View\rpt_AttendanceTrack.php:9
[21-Feb-2023 11:36:07 Asia/Kolkata] PHP Warning:  Undefined array key "txt_dateFrom" in C:\wamp64\www\emsdemo\View\message-popup.php on line 28
[21-Feb-2023 11:36:07 Asia/Kolkata] PHP Stack trace:
[21-Feb-2023 11:36:07 Asia/Kolkata] PHP   1. {main}() C:\wamp64\www\emsdemo\View\message-popup.php:0
[21-Feb-2023 11:36:07 Asia/Kolkata] PHP Warning:  Undefined array key "txt_dateto" in C:\wamp64\www\emsdemo\View\message-popup.php on line 29
[21-Feb-2023 11:36:07 Asia/Kolkata] PHP Stack trace:
[21-Feb-2023 11:36:07 Asia/Kolkata] PHP   1. {main}() C:\wamp64\www\emsdemo\View\message-popup.php:0
[21-Feb-2023 11:36:26 Asia/Kolkata] PHP Warning:  Trying to access array offset on value of type null in C:\wamp64\www\emsdemo\View\index.php on line 356
[21-Feb-2023 11:36:26 Asia/Kolkata] PHP Stack trace:
[21-Feb-2023 11:36:26 Asia/Kolkata] PHP   1. {main}() C:\wamp64\www\emsdemo\View\index.php:0
[21-Feb-2023 11:37:00 Asia/Kolkata] PHP Fatal error:  Uncaught Error: mysqli_stmt::bind_param(): Argument #3 cannot be passed by reference in C:\wamp64\www\emsdemo\View\rpt_AttendanceTrack.php:417
Stack trace:
#0 {main}
  thrown in C:\wamp64\www\emsdemo\View\rpt_AttendanceTrack.php on line 417
[21-Feb-2023 11:38:57 Asia/Kolkata] PHP Fatal error:  Uncaught Error: mysqli_stmt::bind_param(): Argument #3 cannot be passed by reference in C:\wamp64\www\emsdemo\View\rpt_AttendanceTrack.php:417
Stack trace:
#0 {main}
  thrown in C:\wamp64\www\emsdemo\View\rpt_AttendanceTrack.php on line 417
[21-Feb-2023 11:39:25 Asia/Kolkata] PHP Warning:  Undefined array key "__user_logid" in C:\wamp64\www\emsdemo\AppCode\nHead.php on line 2
[21-Feb-2023 11:39:25 Asia/Kolkata] PHP Stack trace:
[21-Feb-2023 11:39:25 Asia/Kolkata] PHP   1. {main}() C:\wamp64\www\emsdemo\View\rpt_AttendanceTrack.php:0
[21-Feb-2023 11:39:25 Asia/Kolkata] PHP   2. require() C:\wamp64\www\emsdemo\View\rpt_AttendanceTrack.php:9
[21-Feb-2023 11:56:39 Asia/Kolkata] PHP Fatal error:  Uncaught Error: mysqli_stmt::bind_param(): Argument #3 cannot be passed by reference in C:\wamp64\www\emsdemo\View\rpt_AttendanceTrack.php:417
Stack trace:
#0 {main}
  thrown in C:\wamp64\www\emsdemo\View\rpt_AttendanceTrack.php on line 417
[21-Feb-2023 11:56:44 Asia/Kolkata] PHP Warning:  Undefined array key "__user_logid" in C:\wamp64\www\emsdemo\AppCode\nHead.php on line 2
[21-Feb-2023 11:56:44 Asia/Kolkata] PHP Stack trace:
[21-Feb-2023 11:56:44 Asia/Kolkata] PHP   1. {main}() C:\wamp64\www\emsdemo\View\rpt_AttendanceTrack.php:0
[21-Feb-2023 11:56:44 Asia/Kolkata] PHP   2. require() C:\wamp64\www\emsdemo\View\rpt_AttendanceTrack.php:9
[21-Feb-2023 11:59:20 Asia/Kolkata] PHP Fatal error:  Uncaught Error: mysqli_stmt::bind_param(): Argument #3 cannot be passed by reference in C:\wamp64\www\emsdemo\View\rpt_AttendanceTrack.php:421
Stack trace:
#0 {main}
  thrown in C:\wamp64\www\emsdemo\View\rpt_AttendanceTrack.php on line 421
