[28-Sep-2023 15:00:17 Asia/Kolkata] PHP Warning:  Undefined array key "__user_logid" in D:\wamp64\www\emsdemo\AppCode\nHead.php on line 2
[28-Sep-2023 15:00:17 Asia/Kolkata] PHP Stack trace:
[28-Sep-2023 15:00:17 Asia/Kolkata] PHP   1. {main}() D:\wamp64\www\emsdemo\View\rpt_ref_register.php:0
[28-Sep-2023 15:00:17 Asia/Kolkata] PHP   2. require() D:\wamp64\www\emsdemo\View\rpt_ref_register.php:6
[28-Sep-2023 15:00:37 Asia/Kolkata] PHP Warning:  Undefined array key "__nda_decl" in D:\wamp64\www\emsdemo\View\index.php on line 132
[28-Sep-2023 15:00:37 Asia/Kolkata] PHP Stack trace:
[28-Sep-2023 15:00:37 Asia/Kolkata] PHP   1. {main}() D:\wamp64\www\emsdemo\View\index.php:0
[28-Sep-2023 15:00:37 Asia/Kolkata] PHP Warning:  Undefined array key "__isms_decl" in D:\wamp64\www\emsdemo\View\index.php on line 137
[28-Sep-2023 15:00:37 Asia/Kolkata] PHP Stack trace:
[28-Sep-2023 15:00:37 Asia/Kolkata] PHP   1. {main}() D:\wamp64\www\emsdemo\View\index.php:0
[28-Sep-2023 15:00:37 Asia/Kolkata] PHP Warning:  Undefined array key "__asset_decl" in D:\wamp64\www\emsdemo\View\index.php on line 141
[28-Sep-2023 15:00:37 Asia/Kolkata] PHP Stack trace:
[28-Sep-2023 15:00:37 Asia/Kolkata] PHP   1. {main}() D:\wamp64\www\emsdemo\View\index.php:0
[28-Sep-2023 15:00:39 Asia/Kolkata] PHP Warning:  Undefined variable $induction_popup_flag in D:\wamp64\www\emsdemo\View\index.php on line 436
[28-Sep-2023 15:00:39 Asia/Kolkata] PHP Stack trace:
[28-Sep-2023 15:00:39 Asia/Kolkata] PHP   1. {main}() D:\wamp64\www\emsdemo\View\index.php:0
[28-Sep-2023 15:00:39 Asia/Kolkata] PHP Warning:  Undefined array key 0 in D:\wamp64\www\emsdemo\View\index.php on line 495
[28-Sep-2023 15:00:39 Asia/Kolkata] PHP Stack trace:
[28-Sep-2023 15:00:39 Asia/Kolkata] PHP   1. {main}() D:\wamp64\www\emsdemo\View\index.php:0
[28-Sep-2023 15:00:39 Asia/Kolkata] PHP Warning:  Trying to access array offset on value of type null in D:\wamp64\www\emsdemo\View\index.php on line 495
[28-Sep-2023 15:00:39 Asia/Kolkata] PHP Stack trace:
[28-Sep-2023 15:00:39 Asia/Kolkata] PHP   1. {main}() D:\wamp64\www\emsdemo\View\index.php:0
[28-Sep-2023 15:00:40 Asia/Kolkata] PHP Warning:  Undefined array key "__AppraisalMonth" in D:\wamp64\www\emsdemo\View\index.php on line 528
[28-Sep-2023 15:00:40 Asia/Kolkata] PHP Stack trace:
[28-Sep-2023 15:00:40 Asia/Kolkata] PHP   1. {main}() D:\wamp64\www\emsdemo\View\index.php:0
[28-Sep-2023 15:00:40 Asia/Kolkata] PHP Deprecated:  stripslashes(): Passing null to parameter #1 ($string) of type string is deprecated in D:\wamp64\www\emsdemo\Config\init.php on line 122
[28-Sep-2023 15:00:40 Asia/Kolkata] PHP Stack trace:
[28-Sep-2023 15:00:40 Asia/Kolkata] PHP   1. {main}() D:\wamp64\www\emsdemo\View\index.php:0
[28-Sep-2023 15:00:40 Asia/Kolkata] PHP   2. clean($data = NULL) D:\wamp64\www\emsdemo\View\index.php:528
[28-Sep-2023 15:00:40 Asia/Kolkata] PHP   3. stripslashes($string = NULL) D:\wamp64\www\emsdemo\Config\init.php:122
[28-Sep-2023 15:00:40 Asia/Kolkata] PHP Warning:  Trying to access array offset on value of type null in D:\wamp64\www\emsdemo\View\index.php on line 536
[28-Sep-2023 15:00:40 Asia/Kolkata] PHP Stack trace:
[28-Sep-2023 15:00:40 Asia/Kolkata] PHP   1. {main}() D:\wamp64\www\emsdemo\View\index.php:0
[28-Sep-2023 15:00:46 Asia/Kolkata] PHP Warning:  Undefined variable $induction_popup_flag in D:\wamp64\www\emsdemo\View\index.php on line 1226
[28-Sep-2023 15:00:46 Asia/Kolkata] PHP Stack trace:
[28-Sep-2023 15:00:46 Asia/Kolkata] PHP   1. {main}() D:\wamp64\www\emsdemo\View\index.php:0
[28-Sep-2023 15:00:46 Asia/Kolkata] PHP Warning:  Undefined array key "param" in D:\wamp64\www\emsdemo\View\index.php on line 1240
[28-Sep-2023 15:00:46 Asia/Kolkata] PHP Stack trace:
[28-Sep-2023 15:00:46 Asia/Kolkata] PHP   1. {main}() D:\wamp64\www\emsdemo\View\index.php:0
[28-Sep-2023 15:08:38 Asia/Kolkata] PHP Fatal error:  Array and string offset access syntax with curly braces is no longer supported in D:\wamp64\www\emsdemo\AppData\lib\PHPExcel\Shared\String.php on line 529
[28-Sep-2023 15:08:38 Asia/Kolkata] PHP Stack trace:
[28-Sep-2023 15:08:38 Asia/Kolkata] PHP   1. {main}() D:\wamp64\www\emsdemo\View\exc_calc.php:0
[28-Sep-2023 15:08:38 Asia/Kolkata] PHP   2. require_once() D:\wamp64\www\emsdemo\View\exc_calc.php:10
[28-Sep-2023 15:08:38 Asia/Kolkata] PHP   3. require() D:\wamp64\www\emsdemo\AppData\lib\PHPExcel\IOFactory.php:35
[28-Sep-2023 15:08:38 Asia/Kolkata] PHP   4. PHPExcel_Autoloader::Load($pClassName = 'PHPExcel_Shared_String') D:\wamp64\www\emsdemo\AppData\lib\PHPExcel\Autoloader.php:36
[28-Sep-2023 15:24:28 Asia/Kolkata] PHP Warning:  Undefined array key "__nda_decl" in D:\wamp64\www\emsdemo\View\index.php on line 132
[28-Sep-2023 15:24:28 Asia/Kolkata] PHP Stack trace:
[28-Sep-2023 15:24:28 Asia/Kolkata] PHP   1. {main}() D:\wamp64\www\emsdemo\View\index.php:0
[28-Sep-2023 15:24:28 Asia/Kolkata] PHP Warning:  Undefined array key "__isms_decl" in D:\wamp64\www\emsdemo\View\index.php on line 137
[28-Sep-2023 15:24:28 Asia/Kolkata] PHP Stack trace:
[28-Sep-2023 15:24:28 Asia/Kolkata] PHP   1. {main}() D:\wamp64\www\emsdemo\View\index.php:0
[28-Sep-2023 15:24:28 Asia/Kolkata] PHP Warning:  Undefined array key "__asset_decl" in D:\wamp64\www\emsdemo\View\index.php on line 141
[28-Sep-2023 15:24:28 Asia/Kolkata] PHP Stack trace:
[28-Sep-2023 15:24:28 Asia/Kolkata] PHP   1. {main}() D:\wamp64\www\emsdemo\View\index.php:0
[28-Sep-2023 15:24:29 Asia/Kolkata] PHP Warning:  Undefined variable $induction_popup_flag in D:\wamp64\www\emsdemo\View\index.php on line 436
[28-Sep-2023 15:24:29 Asia/Kolkata] PHP Stack trace:
[28-Sep-2023 15:24:29 Asia/Kolkata] PHP   1. {main}() D:\wamp64\www\emsdemo\View\index.php:0
[28-Sep-2023 15:24:29 Asia/Kolkata] PHP Warning:  Undefined array key 0 in D:\wamp64\www\emsdemo\View\index.php on line 495
[28-Sep-2023 15:24:29 Asia/Kolkata] PHP Stack trace:
[28-Sep-2023 15:24:29 Asia/Kolkata] PHP   1. {main}() D:\wamp64\www\emsdemo\View\index.php:0
[28-Sep-2023 15:24:29 Asia/Kolkata] PHP Warning:  Trying to access array offset on value of type null in D:\wamp64\www\emsdemo\View\index.php on line 495
[28-Sep-2023 15:24:29 Asia/Kolkata] PHP Stack trace:
[28-Sep-2023 15:24:29 Asia/Kolkata] PHP   1. {main}() D:\wamp64\www\emsdemo\View\index.php:0
[28-Sep-2023 15:24:29 Asia/Kolkata] PHP Warning:  Undefined array key "__AppraisalMonth" in D:\wamp64\www\emsdemo\View\index.php on line 528
[28-Sep-2023 15:24:29 Asia/Kolkata] PHP Stack trace:
[28-Sep-2023 15:24:29 Asia/Kolkata] PHP   1. {main}() D:\wamp64\www\emsdemo\View\index.php:0
[28-Sep-2023 15:24:29 Asia/Kolkata] PHP Deprecated:  stripslashes(): Passing null to parameter #1 ($string) of type string is deprecated in D:\wamp64\www\emsdemo\Config\init.php on line 122
[28-Sep-2023 15:24:29 Asia/Kolkata] PHP Stack trace:
[28-Sep-2023 15:24:29 Asia/Kolkata] PHP   1. {main}() D:\wamp64\www\emsdemo\View\index.php:0
[28-Sep-2023 15:24:29 Asia/Kolkata] PHP   2. clean($data = NULL) D:\wamp64\www\emsdemo\View\index.php:528
[28-Sep-2023 15:24:29 Asia/Kolkata] PHP   3. stripslashes($string = NULL) D:\wamp64\www\emsdemo\Config\init.php:122
[28-Sep-2023 15:24:30 Asia/Kolkata] PHP Warning:  Trying to access array offset on value of type null in D:\wamp64\www\emsdemo\View\index.php on line 536
[28-Sep-2023 15:24:30 Asia/Kolkata] PHP Stack trace:
[28-Sep-2023 15:24:30 Asia/Kolkata] PHP   1. {main}() D:\wamp64\www\emsdemo\View\index.php:0
[28-Sep-2023 15:24:31 Asia/Kolkata] PHP Warning:  Undefined variable $induction_popup_flag in D:\wamp64\www\emsdemo\View\index.php on line 1226
[28-Sep-2023 15:24:31 Asia/Kolkata] PHP Stack trace:
[28-Sep-2023 15:24:31 Asia/Kolkata] PHP   1. {main}() D:\wamp64\www\emsdemo\View\index.php:0
[28-Sep-2023 15:24:31 Asia/Kolkata] PHP Warning:  Undefined array key "param" in D:\wamp64\www\emsdemo\View\index.php on line 1240
[28-Sep-2023 15:24:31 Asia/Kolkata] PHP Stack trace:
[28-Sep-2023 15:24:31 Asia/Kolkata] PHP   1. {main}() D:\wamp64\www\emsdemo\View\index.php:0
[28-Sep-2023 15:56:28 Asia/Kolkata] PHP Warning:  Undefined array key "__user_logid" in D:\wamp64\www\emsdemo\AppCode\nHead.php on line 2
[28-Sep-2023 15:56:28 Asia/Kolkata] PHP Stack trace:
[28-Sep-2023 15:56:28 Asia/Kolkata] PHP   1. {main}() D:\wamp64\www\emsdemo\View\new_client_master.php:0
[28-Sep-2023 15:56:28 Asia/Kolkata] PHP   2. require() D:\wamp64\www\emsdemo\View\new_client_master.php:9
[28-Sep-2023 15:56:39 Asia/Kolkata] PHP Warning:  Undefined array key "__nda_decl" in D:\wamp64\www\emsdemo\View\index.php on line 132
[28-Sep-2023 15:56:39 Asia/Kolkata] PHP Stack trace:
[28-Sep-2023 15:56:39 Asia/Kolkata] PHP   1. {main}() D:\wamp64\www\emsdemo\View\index.php:0
[28-Sep-2023 15:56:39 Asia/Kolkata] PHP Warning:  Undefined array key "__isms_decl" in D:\wamp64\www\emsdemo\View\index.php on line 137
[28-Sep-2023 15:56:39 Asia/Kolkata] PHP Stack trace:
[28-Sep-2023 15:56:39 Asia/Kolkata] PHP   1. {main}() D:\wamp64\www\emsdemo\View\index.php:0
[28-Sep-2023 15:56:39 Asia/Kolkata] PHP Warning:  Undefined array key "__asset_decl" in D:\wamp64\www\emsdemo\View\index.php on line 141
[28-Sep-2023 15:56:39 Asia/Kolkata] PHP Stack trace:
[28-Sep-2023 15:56:39 Asia/Kolkata] PHP   1. {main}() D:\wamp64\www\emsdemo\View\index.php:0
[28-Sep-2023 15:56:40 Asia/Kolkata] PHP Warning:  Undefined variable $induction_popup_flag in D:\wamp64\www\emsdemo\View\index.php on line 436
[28-Sep-2023 15:56:40 Asia/Kolkata] PHP Stack trace:
[28-Sep-2023 15:56:40 Asia/Kolkata] PHP   1. {main}() D:\wamp64\www\emsdemo\View\index.php:0
[28-Sep-2023 15:56:40 Asia/Kolkata] PHP Warning:  Undefined array key 0 in D:\wamp64\www\emsdemo\View\index.php on line 495
[28-Sep-2023 15:56:40 Asia/Kolkata] PHP Stack trace:
[28-Sep-2023 15:56:40 Asia/Kolkata] PHP   1. {main}() D:\wamp64\www\emsdemo\View\index.php:0
[28-Sep-2023 15:56:40 Asia/Kolkata] PHP Warning:  Trying to access array offset on value of type null in D:\wamp64\www\emsdemo\View\index.php on line 495
[28-Sep-2023 15:56:40 Asia/Kolkata] PHP Stack trace:
[28-Sep-2023 15:56:40 Asia/Kolkata] PHP   1. {main}() D:\wamp64\www\emsdemo\View\index.php:0
[28-Sep-2023 15:56:40 Asia/Kolkata] PHP Warning:  Undefined array key "__AppraisalMonth" in D:\wamp64\www\emsdemo\View\index.php on line 528
[28-Sep-2023 15:56:40 Asia/Kolkata] PHP Stack trace:
[28-Sep-2023 15:56:40 Asia/Kolkata] PHP   1. {main}() D:\wamp64\www\emsdemo\View\index.php:0
[28-Sep-2023 15:56:40 Asia/Kolkata] PHP Deprecated:  stripslashes(): Passing null to parameter #1 ($string) of type string is deprecated in D:\wamp64\www\emsdemo\Config\init.php on line 122
[28-Sep-2023 15:56:40 Asia/Kolkata] PHP Stack trace:
[28-Sep-2023 15:56:40 Asia/Kolkata] PHP   1. {main}() D:\wamp64\www\emsdemo\View\index.php:0
[28-Sep-2023 15:56:40 Asia/Kolkata] PHP   2. clean($data = NULL) D:\wamp64\www\emsdemo\View\index.php:528
[28-Sep-2023 15:56:40 Asia/Kolkata] PHP   3. stripslashes($string = NULL) D:\wamp64\www\emsdemo\Config\init.php:122
[28-Sep-2023 15:56:40 Asia/Kolkata] PHP Warning:  Trying to access array offset on value of type null in D:\wamp64\www\emsdemo\View\index.php on line 536
[28-Sep-2023 15:56:40 Asia/Kolkata] PHP Stack trace:
[28-Sep-2023 15:56:40 Asia/Kolkata] PHP   1. {main}() D:\wamp64\www\emsdemo\View\index.php:0
[28-Sep-2023 15:56:41 Asia/Kolkata] PHP Warning:  Undefined variable $induction_popup_flag in D:\wamp64\www\emsdemo\View\index.php on line 1226
[28-Sep-2023 15:56:41 Asia/Kolkata] PHP Stack trace:
[28-Sep-2023 15:56:41 Asia/Kolkata] PHP   1. {main}() D:\wamp64\www\emsdemo\View\index.php:0
[28-Sep-2023 15:56:41 Asia/Kolkata] PHP Warning:  Undefined array key "param" in D:\wamp64\www\emsdemo\View\index.php on line 1240
[28-Sep-2023 15:56:41 Asia/Kolkata] PHP Stack trace:
[28-Sep-2023 15:56:41 Asia/Kolkata] PHP   1. {main}() D:\wamp64\www\emsdemo\View\index.php:0
