[12-Jan-2023 10:00:02 Asia/Kolkata] PHP Notice:  Undefined index: txt_dateMonth in /var/www/html/erpm/View/team_atnd.php on line 32
[12-Jan-2023 10:00:06 Asia/Kolkata] PHP Notice:  Trying to access array offset on value of type null in /var/www/html/erpm/View/team_atnd.php on line 247
[12-Jan-2023 10:00:06 Asia/Kolkata] PHP Notice:  Trying to access array offset on value of type null in /var/www/html/erpm/View/team_atnd.php on line 319
[12-Jan-2023 10:00:40 Asia/Kolkata] PHP Warning:  mysqli_stmt::bind_param(): Number of elements in type definition string doesn't match number of bind variables in /var/www/html/erpm/Controller/ConLog.php on line 464
[12-Jan-2023 10:00:40 Asia/Kolkata] PHP Warning:  Use of undefined constant EMS_CenterName - assumed 'EMS_CenterName' (this will throw an Error in a future version of PHP) in /var/www/html/erpm/Controller/ConLog.php on line 470
[12-Jan-2023 10:00:40 Asia/Kolkata] PHP Warning:  Use of undefined constant EMAIL_HOST - assumed 'EMAIL_HOST' (this will throw an Error in a future version of PHP) in /var/www/html/erpm/Controller/ConLog.php on line 473
[12-Jan-2023 10:00:40 Asia/Kolkata] PHP Warning:  Use of undefined constant EMAIL_AUTH - assumed 'EMAIL_AUTH' (this will throw an Error in a future version of PHP) in /var/www/html/erpm/Controller/ConLog.php on line 474
[12-Jan-2023 10:00:40 Asia/Kolkata] PHP Warning:  Use of undefined constant EMAIL_USER - assumed 'EMAIL_USER' (this will throw an Error in a future version of PHP) in /var/www/html/erpm/Controller/ConLog.php on line 475
[12-Jan-2023 10:00:40 Asia/Kolkata] PHP Warning:  Use of undefined constant EMAIL_PASS - assumed 'EMAIL_PASS' (this will throw an Error in a future version of PHP) in /var/www/html/erpm/Controller/ConLog.php on line 476
[12-Jan-2023 10:00:40 Asia/Kolkata] PHP Warning:  Use of undefined constant EMAIL_SMTPSecure - assumed 'EMAIL_SMTPSecure' (this will throw an Error in a future version of PHP) in /var/www/html/erpm/Controller/ConLog.php on line 477
[12-Jan-2023 10:00:40 Asia/Kolkata] PHP Warning:  Use of undefined constant EMAIL_PORT - assumed 'EMAIL_PORT' (this will throw an Error in a future version of PHP) in /var/www/html/erpm/Controller/ConLog.php on line 478
[12-Jan-2023 10:00:40 Asia/Kolkata] PHP Warning:  Use of undefined constant EMAIL_FROM - assumed 'EMAIL_FROM' (this will throw an Error in a future version of PHP) in /var/www/html/erpm/Controller/ConLog.php on line 479
[12-Jan-2023 10:00:40 Asia/Kolkata] PHP Warning:  Use of undefined constant EMS_CenterName - assumed 'EMS_CenterName' (this will throw an Error in a future version of PHP) in /var/www/html/erpm/Controller/ConLog.php on line 482
[12-Jan-2023 10:02:44 Asia/Kolkata] PHP Deprecated:  Array and string offset access syntax with curly braces is deprecated in /var/www/html/erpm/AppData/lib/PHPExcel/Shared/String.php on line 529
[12-Jan-2023 10:02:44 Asia/Kolkata] PHP Deprecated:  Array and string offset access syntax with curly braces is deprecated in /var/www/html/erpm/AppData/lib/PHPExcel/Shared/String.php on line 530
[12-Jan-2023 10:02:44 Asia/Kolkata] PHP Deprecated:  Array and string offset access syntax with curly braces is deprecated in /var/www/html/erpm/AppData/lib/PHPExcel/Shared/String.php on line 536
[12-Jan-2023 10:02:44 Asia/Kolkata] PHP Deprecated:  Array and string offset access syntax with curly braces is deprecated in /var/www/html/erpm/AppData/lib/PHPExcel/Shared/String.php on line 536
[12-Jan-2023 10:02:44 Asia/Kolkata] PHP Deprecated:  Array and string offset access syntax with curly braces is deprecated in /var/www/html/erpm/AppData/lib/PHPExcel/Shared/String.php on line 537
[12-Jan-2023 10:02:44 Asia/Kolkata] PHP Deprecated:  Array and string offset access syntax with curly braces is deprecated in /var/www/html/erpm/AppData/lib/PHPExcel/Shared/String.php on line 537
[12-Jan-2023 10:03:12 Asia/Kolkata] PHP Notice:  Undefined index: revoke in /var/www/html/erpm/View/alert_module.php on line 13
[12-Jan-2023 10:03:55 Asia/Kolkata] PHP Notice:  Undefined index: revoke in /var/www/html/erpm/View/alert_module.php on line 13
[12-Jan-2023 10:03:56 Asia/Kolkata] PHP Fatal error:  Uncaught Exception: Problem preparing query (call Add_Chat_message('<script>alert('XSS')</script>','CE0821939593','CE03070003','Sachin Siwach')) You have an error in your SQL syntax; check the manual that corresponds to your MySQL server version for the right syntax to use near 'XSS')</script>','CE0821939593','CE03070003','Sachin Siwach')' at line 1 in /var/www/html/erpm/AppData/Class/MysqliDb.php:1514
Stack trace:
#0 /var/www/html/erpm/AppData/Class/MysqliDb.php(1127): MysqliDb->_prepareQuery()
#1 /var/www/html/erpm/AppData/Class/MysqliDb.php(495): MysqliDb->_buildQuery()
#2 /var/www/html/erpm/AppCode/footer.mpt(488): MysqliDb->query()
#3 /var/www/html/erpm/View/alert_module.php(168): include('/var/www/html/e...')
#4 {main}
  thrown in /var/www/html/erpm/AppData/Class/MysqliDb.php on line 1514
[12-Jan-2023 10:04:53 Asia/Kolkata] PHP Warning:  mysqli_stmt::bind_param(): Number of elements in type definition string doesn't match number of bind variables in /var/www/html/erpm/Controller/ConLog.php on line 464
[12-Jan-2023 10:04:54 Asia/Kolkata] PHP Notice:  Trying to access array offset on value of type null in /var/www/html/erpm/View/index.php on line 346
[12-Jan-2023 10:05:24 Asia/Kolkata] PHP Notice:  Undefined index: req in /var/www/html/erpm/View/add_leave.php on line 412
[12-Jan-2023 10:05:24 Asia/Kolkata] PHP Notice:  Undefined index: req in /var/www/html/erpm/View/add_leave.php on line 416
[12-Jan-2023 10:05:24 Asia/Kolkata] PHP Notice:  Undefined variable: leave_Level in /var/www/html/erpm/View/add_leave.php on line 904
[12-Jan-2023 10:05:27 Asia/Kolkata] PHP Notice:  Undefined index: req in /var/www/html/erpm/View/add_leave.php on line 412
[12-Jan-2023 10:05:27 Asia/Kolkata] PHP Notice:  Undefined index: req in /var/www/html/erpm/View/add_leave.php on line 416
[12-Jan-2023 10:05:27 Asia/Kolkata] PHP Notice:  Undefined variable: leave_Level in /var/www/html/erpm/View/add_leave.php on line 904
[12-Jan-2023 10:06:22 Asia/Kolkata] PHP Warning:  Cannot modify header information - headers already sent by (output started at /var/www/html/erpm/AppCode/head.mpt:15) in /var/www/html/erpm/View/team_msg_report.php on line 22
[12-Jan-2023 10:06:31 Asia/Kolkata] PHP Notice:  Undefined variable: locationdir in /var/www/html/erpm/View/EmployeInfo.php on line 160
[12-Jan-2023 10:06:32 Asia/Kolkata] PHP Notice:  Trying to access array offset on value of type int in /var/www/html/erpm/View/EmployeInfo.php on line 879
[12-Jan-2023 10:06:32 Asia/Kolkata] PHP Notice:  Trying to access array offset on value of type int in /var/www/html/erpm/View/EmployeInfo.php on line 879
[12-Jan-2023 10:06:32 Asia/Kolkata] PHP Notice:  Trying to access array offset on value of type int in /var/www/html/erpm/View/EmployeInfo.php on line 879
[12-Jan-2023 10:06:32 Asia/Kolkata] PHP Notice:  Undefined variable: locationdir in /var/www/html/erpm/View/EmployeInfo.php on line 160
[12-Jan-2023 10:06:33 Asia/Kolkata] PHP Notice:  Trying to access array offset on value of type int in /var/www/html/erpm/View/EmployeInfo.php on line 879
[12-Jan-2023 10:06:33 Asia/Kolkata] PHP Notice:  Trying to access array offset on value of type int in /var/www/html/erpm/View/EmployeInfo.php on line 879
[12-Jan-2023 10:06:33 Asia/Kolkata] PHP Notice:  Trying to access array offset on value of type int in /var/www/html/erpm/View/EmployeInfo.php on line 879
[12-Jan-2023 10:06:39 Asia/Kolkata] PHP Warning:  Cannot modify header information - headers already sent by (output started at /var/www/html/erpm/AppCode/head.mpt:15) in /var/www/html/erpm/View/team_alert_ActiveUsers.php on line 19
[12-Jan-2023 10:06:44 Asia/Kolkata] PHP Notice:  Undefined variable: locationdir in /var/www/html/erpm/View/EmployeInfo.php on line 160
[12-Jan-2023 10:06:45 Asia/Kolkata] PHP Notice:  Trying to access array offset on value of type int in /var/www/html/erpm/View/EmployeInfo.php on line 879
[12-Jan-2023 10:06:45 Asia/Kolkata] PHP Notice:  Trying to access array offset on value of type int in /var/www/html/erpm/View/EmployeInfo.php on line 879
[12-Jan-2023 10:06:45 Asia/Kolkata] PHP Notice:  Trying to access array offset on value of type int in /var/www/html/erpm/View/EmployeInfo.php on line 879
[12-Jan-2023 10:07:18 Asia/Kolkata] PHP Notice:  Undefined index: __user_logid in /var/www/html/erpm/AppCode/nHead.php on line 2
[12-Jan-2023 10:07:21 Asia/Kolkata] PHP Warning:  mysqli_stmt::bind_param(): Number of elements in type definition string doesn't match number of bind variables in /var/www/html/erpm/Controller/ConLog.php on line 464
[12-Jan-2023 10:07:21 Asia/Kolkata] PHP Warning:  Use of undefined constant EMS_CenterName - assumed 'EMS_CenterName' (this will throw an Error in a future version of PHP) in /var/www/html/erpm/Controller/ConLog.php on line 470
[12-Jan-2023 10:07:21 Asia/Kolkata] PHP Warning:  Use of undefined constant EMAIL_HOST - assumed 'EMAIL_HOST' (this will throw an Error in a future version of PHP) in /var/www/html/erpm/Controller/ConLog.php on line 473
[12-Jan-2023 10:07:21 Asia/Kolkata] PHP Warning:  Use of undefined constant EMAIL_AUTH - assumed 'EMAIL_AUTH' (this will throw an Error in a future version of PHP) in /var/www/html/erpm/Controller/ConLog.php on line 474
[12-Jan-2023 10:07:21 Asia/Kolkata] PHP Warning:  Use of undefined constant EMAIL_USER - assumed 'EMAIL_USER' (this will throw an Error in a future version of PHP) in /var/www/html/erpm/Controller/ConLog.php on line 475
[12-Jan-2023 10:07:21 Asia/Kolkata] PHP Warning:  Use of undefined constant EMAIL_PASS - assumed 'EMAIL_PASS' (this will throw an Error in a future version of PHP) in /var/www/html/erpm/Controller/ConLog.php on line 476
[12-Jan-2023 10:07:21 Asia/Kolkata] PHP Warning:  Use of undefined constant EMAIL_SMTPSecure - assumed 'EMAIL_SMTPSecure' (this will throw an Error in a future version of PHP) in /var/www/html/erpm/Controller/ConLog.php on line 477
[12-Jan-2023 10:07:21 Asia/Kolkata] PHP Warning:  Use of undefined constant EMAIL_PORT - assumed 'EMAIL_PORT' (this will throw an Error in a future version of PHP) in /var/www/html/erpm/Controller/ConLog.php on line 478
[12-Jan-2023 10:07:21 Asia/Kolkata] PHP Warning:  Use of undefined constant EMAIL_FROM - assumed 'EMAIL_FROM' (this will throw an Error in a future version of PHP) in /var/www/html/erpm/Controller/ConLog.php on line 479
[12-Jan-2023 10:07:21 Asia/Kolkata] PHP Warning:  Use of undefined constant EMS_CenterName - assumed 'EMS_CenterName' (this will throw an Error in a future version of PHP) in /var/www/html/erpm/Controller/ConLog.php on line 482
[12-Jan-2023 10:07:51 Asia/Kolkata] PHP Deprecated:  Array and string offset access syntax with curly braces is deprecated in /var/www/html/erpm/TCPDF/tcpdf.php on line 16899
[12-Jan-2023 10:07:51 Asia/Kolkata] PHP Deprecated:  Array and string offset access syntax with curly braces is deprecated in /var/www/html/erpm/TCPDF/tcpdf.php on line 16899
[12-Jan-2023 10:07:51 Asia/Kolkata] PHP Deprecated:  Array and string offset access syntax with curly braces is deprecated in /var/www/html/erpm/TCPDF/tcpdf.php on line 16902
[12-Jan-2023 10:07:51 Asia/Kolkata] PHP Warning:  "continue" targeting switch is equivalent to "break". Did you mean to use "continue 2"? in /var/www/html/erpm/TCPDF/tcpdf.php on line 17784
[12-Jan-2023 10:07:51 Asia/Kolkata] PHP Deprecated:  Array and string offset access syntax with curly braces is deprecated in /var/www/html/erpm/TCPDF/include/tcpdf_images.php on line 318
[12-Jan-2023 10:07:51 Asia/Kolkata] PHP Warning:  include_once(../Services/sendsms_API1.php): failed to open stream: No such file or directory in /var/www/html/erpm/View/ALsendOnEmail.php on line 12
[12-Jan-2023 10:07:51 Asia/Kolkata] PHP Warning:  include_once(): Failed opening '../Services/sendsms_API1.php' for inclusion (include_path='.:/usr/share/php') in /var/www/html/erpm/View/ALsendOnEmail.php on line 12
[12-Jan-2023 10:08:03 Asia/Kolkata] PHP Warning:  include_once(../Services/sendsms_API1.php): failed to open stream: No such file or directory in /var/www/html/erpm/View/ALsendOnEmail.php on line 12
[12-Jan-2023 10:08:03 Asia/Kolkata] PHP Warning:  include_once(): Failed opening '../Services/sendsms_API1.php' for inclusion (include_path='.:/usr/share/php') in /var/www/html/erpm/View/ALsendOnEmail.php on line 12
[12-Jan-2023 10:08:03 Asia/Kolkata] PHP Notice:  Undefined variable: page1 in /var/www/html/erpm/View/ALsendOnEmail.php on line 746
[12-Jan-2023 10:08:03 Asia/Kolkata] PHP Warning:  chr() expects parameter 1 to be int, string given in /var/www/html/erpm/TCPDF/include/tcpdf_fonts.php on line 1671
[12-Jan-2023 10:08:03 Asia/Kolkata] PHP Deprecated:  The each() function is deprecated. This message will be suppressed on further calls in /var/www/html/erpm/TCPDF/tcpdf.php on line 16548
[12-Jan-2023 10:08:03 Asia/Kolkata] PHP Warning:  Use of undefined constant EMAIL_HOST - assumed 'EMAIL_HOST' (this will throw an Error in a future version of PHP) in /var/www/html/erpm/View/ALsendOnEmail.php on line 1099
[12-Jan-2023 10:08:03 Asia/Kolkata] PHP Warning:  Use of undefined constant EMAIL_AUTH - assumed 'EMAIL_AUTH' (this will throw an Error in a future version of PHP) in /var/www/html/erpm/View/ALsendOnEmail.php on line 1100
[12-Jan-2023 10:08:03 Asia/Kolkata] PHP Warning:  Use of undefined constant EMAIL_USER - assumed 'EMAIL_USER' (this will throw an Error in a future version of PHP) in /var/www/html/erpm/View/ALsendOnEmail.php on line 1101
[12-Jan-2023 10:08:03 Asia/Kolkata] PHP Warning:  Use of undefined constant EMAIL_PASS - assumed 'EMAIL_PASS' (this will throw an Error in a future version of PHP) in /var/www/html/erpm/View/ALsendOnEmail.php on line 1102
[12-Jan-2023 10:08:03 Asia/Kolkata] PHP Warning:  Use of undefined constant EMAIL_SMTPSecure - assumed 'EMAIL_SMTPSecure' (this will throw an Error in a future version of PHP) in /var/www/html/erpm/View/ALsendOnEmail.php on line 1103
[12-Jan-2023 10:08:03 Asia/Kolkata] PHP Warning:  Use of undefined constant EMAIL_PORT - assumed 'EMAIL_PORT' (this will throw an Error in a future version of PHP) in /var/www/html/erpm/View/ALsendOnEmail.php on line 1104
[12-Jan-2023 10:08:03 Asia/Kolkata] PHP Warning:  Use of undefined constant EMAIL_FROM - assumed 'EMAIL_FROM' (this will throw an Error in a future version of PHP) in /var/www/html/erpm/View/ALsendOnEmail.php on line 1105
[12-Jan-2023 10:08:03 Asia/Kolkata] PHP Warning:  Use of undefined constant EMAIL_FROMWhere - assumed 'EMAIL_FROMWhere' (this will throw an Error in a future version of PHP) in /var/www/html/erpm/View/ALsendOnEmail.php on line 1105
[12-Jan-2023 10:08:03 Asia/Kolkata] PHP Deprecated:  Function get_magic_quotes_runtime() is deprecated in /var/www/html/erpm/AppData/lib/PHPMailer-master/class.phpmailer.php on line 2574
[12-Jan-2023 10:08:03 Asia/Kolkata] PHP Notice:  Trying to get property 'num_rows' of non-object in /var/www/html/erpm/View/ALsendOnEmail.php on line 1165
[12-Jan-2023 10:09:23 Asia/Kolkata] PHP Notice:  Undefined index: txt_dateMonth in /var/www/html/erpm/View/team_atnd.php on line 32
[12-Jan-2023 10:09:27 Asia/Kolkata] PHP Notice:  Trying to access array offset on value of type null in /var/www/html/erpm/View/team_atnd.php on line 247
[12-Jan-2023 10:09:27 Asia/Kolkata] PHP Notice:  Trying to access array offset on value of type null in /var/www/html/erpm/View/team_atnd.php on line 319
[12-Jan-2023 10:10:13 Asia/Kolkata] PHP Notice:  Undefined index: emp_status in /var/www/html/erpm/View/rpt_Roster_for_rt.php on line 186
[12-Jan-2023 10:10:13 Asia/Kolkata] PHP Notice:  Undefined index: emp_status in /var/www/html/erpm/View/rpt_Roster_for_rt.php on line 190
[12-Jan-2023 10:11:43 Asia/Kolkata] PHP Notice:  Undefined index: handler in /var/www/html/erpm/View/add_issue.php on line 23
[12-Jan-2023 10:13:08 Asia/Kolkata] PHP Notice:  Undefined index: handler in /var/www/html/erpm/View/add_issue.php on line 23
[12-Jan-2023 10:14:47 Asia/Kolkata] PHP Notice:  Undefined index: handler in /var/www/html/erpm/View/add_issue.php on line 23
[12-Jan-2023 10:15:22 Asia/Kolkata] PHP Notice:  Undefined index: travel_date in /var/www/html/erpm/View/expenses.php on line 60
[12-Jan-2023 10:15:22 Asia/Kolkata] PHP Notice:  Undefined index: placeFrom in /var/www/html/erpm/View/expenses.php on line 61
[12-Jan-2023 10:15:22 Asia/Kolkata] PHP Notice:  Undefined index: placeTO in /var/www/html/erpm/View/expenses.php on line 62
[12-Jan-2023 10:15:22 Asia/Kolkata] PHP Notice:  Undefined index: modeOftravel in /var/www/html/erpm/View/expenses.php on line 63
[12-Jan-2023 10:15:22 Asia/Kolkata] PHP Notice:  Undefined index: receipt_no in /var/www/html/erpm/View/expenses.php on line 66
[12-Jan-2023 10:15:22 Asia/Kolkata] PHP Notice:  Undefined index: remarks in /var/www/html/erpm/View/expenses.php on line 68
[12-Jan-2023 10:15:22 Asia/Kolkata] PHP Notice:  Undefined index: returnDate in /var/www/html/erpm/View/expenses.php on line 74
[12-Jan-2023 10:15:22 Asia/Kolkata] PHP Notice:  Undefined index: car_km in /var/www/html/erpm/View/expenses.php on line 75
[12-Jan-2023 10:15:25 Asia/Kolkata] PHP Notice:  Undefined index: travel_date in /var/www/html/erpm/View/expenses.php on line 60
[12-Jan-2023 10:15:25 Asia/Kolkata] PHP Notice:  Undefined index: placeFrom in /var/www/html/erpm/View/expenses.php on line 61
[12-Jan-2023 10:15:25 Asia/Kolkata] PHP Notice:  Undefined index: placeTO in /var/www/html/erpm/View/expenses.php on line 62
[12-Jan-2023 10:15:25 Asia/Kolkata] PHP Notice:  Undefined index: modeOftravel in /var/www/html/erpm/View/expenses.php on line 63
[12-Jan-2023 10:15:25 Asia/Kolkata] PHP Notice:  Undefined index: receipt_no in /var/www/html/erpm/View/expenses.php on line 66
[12-Jan-2023 10:15:25 Asia/Kolkata] PHP Notice:  Undefined index: remarks in /var/www/html/erpm/View/expenses.php on line 68
[12-Jan-2023 10:15:25 Asia/Kolkata] PHP Notice:  Undefined index: returnDate in /var/www/html/erpm/View/expenses.php on line 74
[12-Jan-2023 10:15:25 Asia/Kolkata] PHP Notice:  Undefined index: car_km in /var/www/html/erpm/View/expenses.php on line 75
[12-Jan-2023 10:17:15 Asia/Kolkata] PHP Warning:  move_uploaded_file(/var/www/html/erpm/View/../ExpenseFood/CE0821939593_2023-01-12_101715.pdf): failed to open stream: No such file or directory in /var/www/html/erpm/View/expenses.php on line 35
[12-Jan-2023 10:17:15 Asia/Kolkata] PHP Warning:  move_uploaded_file(): Unable to move '/tmp/php8uF9cz' to '/var/www/html/erpm/View/../ExpenseFood/CE0821939593_2023-01-12_101715.pdf' in /var/www/html/erpm/View/expenses.php on line 35
[12-Jan-2023 10:17:15 Asia/Kolkata] PHP Notice:  Undefined index: travel_date in /var/www/html/erpm/View/expenses.php on line 60
[12-Jan-2023 10:17:15 Asia/Kolkata] PHP Notice:  Undefined index: placeFrom in /var/www/html/erpm/View/expenses.php on line 61
[12-Jan-2023 10:17:15 Asia/Kolkata] PHP Notice:  Undefined index: placeTO in /var/www/html/erpm/View/expenses.php on line 62
[12-Jan-2023 10:17:15 Asia/Kolkata] PHP Notice:  Undefined index: modeOftravel in /var/www/html/erpm/View/expenses.php on line 63
[12-Jan-2023 10:17:15 Asia/Kolkata] PHP Notice:  Undefined index: returnDate in /var/www/html/erpm/View/expenses.php on line 74
[12-Jan-2023 10:17:15 Asia/Kolkata] PHP Notice:  Undefined index: car_km in /var/www/html/erpm/View/expenses.php on line 75
[12-Jan-2023 10:17:57 Asia/Kolkata] PHP Warning:  include_once(../Services/sendsms_API1.php): failed to open stream: No such file or directory in /var/www/html/erpm/View/ALsendOnEmail.php on line 12
[12-Jan-2023 10:17:57 Asia/Kolkata] PHP Warning:  include_once(): Failed opening '../Services/sendsms_API1.php' for inclusion (include_path='.:/usr/share/php') in /var/www/html/erpm/View/ALsendOnEmail.php on line 12
[12-Jan-2023 10:18:48 Asia/Kolkata] PHP Notice:  Undefined index: __user_logid in /var/www/html/erpm/AppCode/nHead.php on line 2
[12-Jan-2023 10:19:32 Asia/Kolkata] PHP Notice:  Undefined variable: locationdir in /var/www/html/erpm/View/EmployeInfo.php on line 160
[12-Jan-2023 10:19:32 Asia/Kolkata] PHP Notice:  Trying to access array offset on value of type int in /var/www/html/erpm/View/EmployeInfo.php on line 879
[12-Jan-2023 10:19:32 Asia/Kolkata] PHP Notice:  Trying to access array offset on value of type int in /var/www/html/erpm/View/EmployeInfo.php on line 879
[12-Jan-2023 10:19:32 Asia/Kolkata] PHP Notice:  Trying to access array offset on value of type int in /var/www/html/erpm/View/EmployeInfo.php on line 879
[12-Jan-2023 10:20:12 Asia/Kolkata] PHP Notice:  Undefined variable: locationdir in /var/www/html/erpm/View/EmployeInfo.php on line 160
[12-Jan-2023 10:20:13 Asia/Kolkata] PHP Notice:  Trying to access array offset on value of type int in /var/www/html/erpm/View/EmployeInfo.php on line 879
[12-Jan-2023 10:20:13 Asia/Kolkata] PHP Notice:  Trying to access array offset on value of type int in /var/www/html/erpm/View/EmployeInfo.php on line 879
[12-Jan-2023 10:20:13 Asia/Kolkata] PHP Notice:  Trying to access array offset on value of type int in /var/www/html/erpm/View/EmployeInfo.php on line 879
[12-Jan-2023 10:20:14 Asia/Kolkata] PHP Warning:  include_once(../Services/sendsms_API1.php): failed to open stream: No such file or directory in /var/www/html/erpm/View/ALsendOnEmail.php on line 12
[12-Jan-2023 10:20:14 Asia/Kolkata] PHP Warning:  include_once(): Failed opening '../Services/sendsms_API1.php' for inclusion (include_path='.:/usr/share/php') in /var/www/html/erpm/View/ALsendOnEmail.php on line 12
[12-Jan-2023 10:21:02 Asia/Kolkata] PHP Notice:  Undefined index: __user_logid in /var/www/html/erpm/AppCode/nHead.php on line 2
[12-Jan-2023 10:21:04 Asia/Kolkata] PHP Warning:  mysqli_stmt::bind_param(): Number of elements in type definition string doesn't match number of bind variables in /var/www/html/erpm/Controller/ConLog.php on line 464
[12-Jan-2023 10:21:05 Asia/Kolkata] PHP Notice:  Undefined index: to in /var/www/html/erpm/View/calcRange.php on line 42
[12-Jan-2023 10:21:07 Asia/Kolkata] PHP Notice:  Object of class mysqli_result could not be converted to int in /var/www/html/erpm/View/calcRange.php on line 412
[12-Jan-2023 10:21:07 Asia/Kolkata] PHP Notice:  Undefined index: 2023-01-11 in /var/www/html/erpm/View/calcRange.php on line 583
[12-Jan-2023 10:21:07 Asia/Kolkata] PHP Notice:  Undefined index: 2023-01-11 in /var/www/html/erpm/View/calcRange.php on line 932
[12-Jan-2023 10:21:07 Asia/Kolkata] PHP Notice:  Undefined index: 2023-01-11 in /var/www/html/erpm/View/calcRange.php on line 1225
[12-Jan-2023 10:21:07 Asia/Kolkata] PHP Notice:  Array to string conversion in /var/www/html/erpm/View/calcRange.php on line 1559
[12-Jan-2023 10:21:07 Asia/Kolkata] PHP Notice:  Trying to access array offset on value of type null in /var/www/html/erpm/View/index.php on line 346
[12-Jan-2023 10:21:14 Asia/Kolkata] PHP Warning:  mysqli_stmt::bind_param(): Number of elements in type definition string doesn't match number of bind variables in /var/www/html/erpm/Controller/ConLog.php on line 464
[12-Jan-2023 10:21:16 Asia/Kolkata] PHP Notice:  Undefined index: to in /var/www/html/erpm/View/calcRange.php on line 42
[12-Jan-2023 10:21:17 Asia/Kolkata] PHP Notice:  Object of class mysqli_result could not be converted to int in /var/www/html/erpm/View/calcRange.php on line 412
[12-Jan-2023 10:21:17 Asia/Kolkata] PHP Notice:  Undefined index: 2023-01-11 in /var/www/html/erpm/View/calcRange.php on line 583
[12-Jan-2023 10:21:17 Asia/Kolkata] PHP Notice:  Undefined index: 2023-01-11 in /var/www/html/erpm/View/calcRange.php on line 932
[12-Jan-2023 10:21:17 Asia/Kolkata] PHP Notice:  Undefined index: 2023-01-11 in /var/www/html/erpm/View/calcRange.php on line 1225
[12-Jan-2023 10:21:17 Asia/Kolkata] PHP Notice:  Array to string conversion in /var/www/html/erpm/View/calcRange.php on line 1559
[12-Jan-2023 10:21:27 Asia/Kolkata] PHP Notice:  Undefined variable: locationdir in /var/www/html/erpm/View/EmployeInfo.php on line 160
[12-Jan-2023 10:21:28 Asia/Kolkata] PHP Notice:  Trying to access array offset on value of type int in /var/www/html/erpm/View/EmployeInfo.php on line 879
[12-Jan-2023 10:21:28 Asia/Kolkata] PHP Notice:  Trying to access array offset on value of type int in /var/www/html/erpm/View/EmployeInfo.php on line 879
[12-Jan-2023 10:21:28 Asia/Kolkata] PHP Notice:  Trying to access array offset on value of type int in /var/www/html/erpm/View/EmployeInfo.php on line 879
[12-Jan-2023 10:21:40 Asia/Kolkata] PHP Notice:  Undefined index: action in /var/www/html/erpm/Controller/getFilterData.php on line 6
[12-Jan-2023 10:21:40 Asia/Kolkata] PHP Notice:  Undefined index: location_id in /var/www/html/erpm/Controller/getFilterData.php on line 63
[12-Jan-2023 10:21:40 Asia/Kolkata] PHP Notice:  Undefined index: clientid in /var/www/html/erpm/Controller/getFilterData.php on line 86
[12-Jan-2023 10:21:52 Asia/Kolkata] PHP Notice:  Undefined index: req in /var/www/html/erpm/View/add_leave.php on line 412
[12-Jan-2023 10:21:52 Asia/Kolkata] PHP Notice:  Undefined index: req in /var/www/html/erpm/View/add_leave.php on line 416
[12-Jan-2023 10:21:52 Asia/Kolkata] PHP Notice:  Undefined variable: leave_Level in /var/www/html/erpm/View/add_leave.php on line 904
[12-Jan-2023 10:22:01 Asia/Kolkata] PHP Warning:  count(): Parameter must be an array or an object that implements Countable in /var/www/html/erpm/View/ref_registration.php on line 306
[12-Jan-2023 10:22:01 Asia/Kolkata] PHP Warning:  count(): Parameter must be an array or an object that implements Countable in /var/www/html/erpm/View/ref_registration.php on line 328
[12-Jan-2023 10:22:11 Asia/Kolkata] PHP Fatal error:  Uncaught Error: Call to a member function bind_param() on bool in /var/www/html/erpm/View/revenue_master.php:50
Stack trace:
#0 {main}
  thrown in /var/www/html/erpm/View/revenue_master.php on line 50
[12-Jan-2023 10:25:21 Asia/Kolkata] PHP Notice:  Undefined index: action in /var/www/html/erpm/Controller/getFilterData.php on line 6
[12-Jan-2023 10:25:21 Asia/Kolkata] PHP Notice:  Undefined index: location_id in /var/www/html/erpm/Controller/getFilterData.php on line 63
[12-Jan-2023 10:25:21 Asia/Kolkata] PHP Notice:  Undefined index: clientid in /var/www/html/erpm/Controller/getFilterData.php on line 86
[12-Jan-2023 10:41:31 Asia/Kolkata] PHP Notice:  Undefined variable: clean_from_date in /var/www/html/erpm/View/revenue_master_report.php on line 23
[12-Jan-2023 10:41:31 Asia/Kolkata] PHP Notice:  Undefined index: location in /var/www/html/erpm/View/revenue_master_report.php on line 156
[12-Jan-2023 10:41:31 Asia/Kolkata] PHP Notice:  Undefined index: site in /var/www/html/erpm/View/revenue_master_report.php on line 157
[12-Jan-2023 10:41:31 Asia/Kolkata] PHP Notice:  Undefined index: capacity in /var/www/html/erpm/View/revenue_master_report.php on line 158
[12-Jan-2023 10:41:31 Asia/Kolkata] PHP Notice:  Undefined index: ClientName in /var/www/html/erpm/View/revenue_master_report.php on line 159
[12-Jan-2023 10:41:31 Asia/Kolkata] PHP Notice:  Undefined index: process in /var/www/html/erpm/View/revenue_master_report.php on line 160
[12-Jan-2023 10:41:31 Asia/Kolkata] PHP Notice:  Undefined index: seat in /var/www/html/erpm/View/revenue_master_report.php on line 161
[12-Jan-2023 10:41:31 Asia/Kolkata] PHP Notice:  Undefined index: item in /var/www/html/erpm/View/revenue_master_report.php on line 163
[12-Jan-2023 10:41:31 Asia/Kolkata] PHP Notice:  Undefined index: price in /var/www/html/erpm/View/revenue_master_report.php on line 164
[12-Jan-2023 10:43:23 Asia/Kolkata] PHP Notice:  Undefined variable: clean_from_date in /var/www/html/erpm/View/revenue_master_report.php on line 23
[12-Jan-2023 10:43:23 Asia/Kolkata] PHP Notice:  Undefined index: location in /var/www/html/erpm/View/revenue_master_report.php on line 155
[12-Jan-2023 10:43:23 Asia/Kolkata] PHP Notice:  Undefined index: site in /var/www/html/erpm/View/revenue_master_report.php on line 156
[12-Jan-2023 10:43:23 Asia/Kolkata] PHP Notice:  Undefined index: capacity in /var/www/html/erpm/View/revenue_master_report.php on line 157
[12-Jan-2023 10:43:23 Asia/Kolkata] PHP Notice:  Undefined index: ClientName in /var/www/html/erpm/View/revenue_master_report.php on line 158
[12-Jan-2023 10:43:23 Asia/Kolkata] PHP Notice:  Undefined index: process in /var/www/html/erpm/View/revenue_master_report.php on line 159
[12-Jan-2023 10:43:23 Asia/Kolkata] PHP Notice:  Undefined index: seat in /var/www/html/erpm/View/revenue_master_report.php on line 160
[12-Jan-2023 10:43:23 Asia/Kolkata] PHP Notice:  Undefined index: item in /var/www/html/erpm/View/revenue_master_report.php on line 162
[12-Jan-2023 10:43:23 Asia/Kolkata] PHP Notice:  Undefined index: price in /var/www/html/erpm/View/revenue_master_report.php on line 163
[12-Jan-2023 10:44:13 Asia/Kolkata] PHP Notice:  Undefined variable: clean_from_date in /var/www/html/erpm/View/revenue_master_report.php on line 23
[12-Jan-2023 10:44:13 Asia/Kolkata] PHP Notice:  Undefined index: location in /var/www/html/erpm/View/revenue_master_report.php on line 157
[12-Jan-2023 10:44:13 Asia/Kolkata] PHP Notice:  Undefined index: site in /var/www/html/erpm/View/revenue_master_report.php on line 158
[12-Jan-2023 10:44:13 Asia/Kolkata] PHP Notice:  Undefined index: capacity in /var/www/html/erpm/View/revenue_master_report.php on line 159
[12-Jan-2023 10:44:13 Asia/Kolkata] PHP Notice:  Undefined index: ClientName in /var/www/html/erpm/View/revenue_master_report.php on line 160
[12-Jan-2023 10:44:13 Asia/Kolkata] PHP Notice:  Undefined index: process in /var/www/html/erpm/View/revenue_master_report.php on line 161
[12-Jan-2023 10:44:13 Asia/Kolkata] PHP Notice:  Undefined index: seat in /var/www/html/erpm/View/revenue_master_report.php on line 162
[12-Jan-2023 10:44:13 Asia/Kolkata] PHP Notice:  Undefined index: item in /var/www/html/erpm/View/revenue_master_report.php on line 164
[12-Jan-2023 10:44:13 Asia/Kolkata] PHP Notice:  Undefined index: price in /var/www/html/erpm/View/revenue_master_report.php on line 165
[12-Jan-2023 10:44:29 Asia/Kolkata] PHP Notice:  Undefined variable: clean_from_date in /var/www/html/erpm/View/revenue_master_report.php on line 23
[12-Jan-2023 10:44:29 Asia/Kolkata] PHP Notice:  Undefined index: location in /var/www/html/erpm/View/revenue_master_report.php on line 157
[12-Jan-2023 10:44:29 Asia/Kolkata] PHP Notice:  Undefined index: site in /var/www/html/erpm/View/revenue_master_report.php on line 158
[12-Jan-2023 10:44:29 Asia/Kolkata] PHP Notice:  Undefined index: capacity in /var/www/html/erpm/View/revenue_master_report.php on line 159
[12-Jan-2023 10:44:29 Asia/Kolkata] PHP Notice:  Undefined index: ClientName in /var/www/html/erpm/View/revenue_master_report.php on line 160
[12-Jan-2023 10:44:29 Asia/Kolkata] PHP Notice:  Undefined index: process in /var/www/html/erpm/View/revenue_master_report.php on line 161
[12-Jan-2023 10:44:29 Asia/Kolkata] PHP Notice:  Undefined index: seat in /var/www/html/erpm/View/revenue_master_report.php on line 162
[12-Jan-2023 10:44:29 Asia/Kolkata] PHP Notice:  Undefined index: item in /var/www/html/erpm/View/revenue_master_report.php on line 164
[12-Jan-2023 10:44:29 Asia/Kolkata] PHP Notice:  Undefined index: price in /var/www/html/erpm/View/revenue_master_report.php on line 165
[12-Jan-2023 10:45:14 Asia/Kolkata] PHP Notice:  Undefined variable: clean_from_date in /var/www/html/erpm/View/revenue_master_report.php on line 23
[12-Jan-2023 10:45:14 Asia/Kolkata] PHP Notice:  Undefined index: location in /var/www/html/erpm/View/revenue_master_report.php on line 157
[12-Jan-2023 10:45:14 Asia/Kolkata] PHP Notice:  Undefined index: site in /var/www/html/erpm/View/revenue_master_report.php on line 158
[12-Jan-2023 10:45:14 Asia/Kolkata] PHP Notice:  Undefined index: capacity in /var/www/html/erpm/View/revenue_master_report.php on line 159
[12-Jan-2023 10:45:14 Asia/Kolkata] PHP Notice:  Undefined index: ClientName in /var/www/html/erpm/View/revenue_master_report.php on line 160
[12-Jan-2023 10:45:14 Asia/Kolkata] PHP Notice:  Undefined index: process in /var/www/html/erpm/View/revenue_master_report.php on line 161
[12-Jan-2023 10:45:14 Asia/Kolkata] PHP Notice:  Undefined index: seat in /var/www/html/erpm/View/revenue_master_report.php on line 162
[12-Jan-2023 10:45:14 Asia/Kolkata] PHP Notice:  Undefined index: item in /var/www/html/erpm/View/revenue_master_report.php on line 164
[12-Jan-2023 10:45:14 Asia/Kolkata] PHP Notice:  Undefined index: price in /var/www/html/erpm/View/revenue_master_report.php on line 165
[12-Jan-2023 10:46:23 Asia/Kolkata] PHP Notice:  Undefined variable: clean_from_date in /var/www/html/erpm/View/revenue_master_report.php on line 23
[12-Jan-2023 10:46:23 Asia/Kolkata] PHP Notice:  Undefined index: location in /var/www/html/erpm/View/revenue_master_report.php on line 157
[12-Jan-2023 10:46:23 Asia/Kolkata] PHP Notice:  Undefined index: site in /var/www/html/erpm/View/revenue_master_report.php on line 158
[12-Jan-2023 10:46:23 Asia/Kolkata] PHP Notice:  Undefined index: capacity in /var/www/html/erpm/View/revenue_master_report.php on line 159
[12-Jan-2023 10:46:23 Asia/Kolkata] PHP Notice:  Undefined index: ClientName in /var/www/html/erpm/View/revenue_master_report.php on line 160
[12-Jan-2023 10:46:23 Asia/Kolkata] PHP Notice:  Undefined index: process in /var/www/html/erpm/View/revenue_master_report.php on line 161
[12-Jan-2023 10:46:23 Asia/Kolkata] PHP Notice:  Undefined index: seat in /var/www/html/erpm/View/revenue_master_report.php on line 162
[12-Jan-2023 10:46:23 Asia/Kolkata] PHP Notice:  Undefined index: item in /var/www/html/erpm/View/revenue_master_report.php on line 164
[12-Jan-2023 10:46:23 Asia/Kolkata] PHP Notice:  Undefined index: price in /var/www/html/erpm/View/revenue_master_report.php on line 165
[12-Jan-2023 10:47:17 Asia/Kolkata] PHP Notice:  Undefined variable: clean_from_date in /var/www/html/erpm/View/revenue_master_report.php on line 23
[12-Jan-2023 10:47:17 Asia/Kolkata] PHP Notice:  Undefined index: location in /var/www/html/erpm/View/revenue_master_report.php on line 157
[12-Jan-2023 10:47:17 Asia/Kolkata] PHP Notice:  Undefined index: site in /var/www/html/erpm/View/revenue_master_report.php on line 158
[12-Jan-2023 10:47:17 Asia/Kolkata] PHP Notice:  Undefined index: capacity in /var/www/html/erpm/View/revenue_master_report.php on line 159
[12-Jan-2023 10:47:17 Asia/Kolkata] PHP Notice:  Undefined index: ClientName in /var/www/html/erpm/View/revenue_master_report.php on line 160
[12-Jan-2023 10:47:17 Asia/Kolkata] PHP Notice:  Undefined index: process in /var/www/html/erpm/View/revenue_master_report.php on line 161
[12-Jan-2023 10:47:17 Asia/Kolkata] PHP Notice:  Undefined index: seat in /var/www/html/erpm/View/revenue_master_report.php on line 162
[12-Jan-2023 10:47:17 Asia/Kolkata] PHP Notice:  Undefined index: item in /var/www/html/erpm/View/revenue_master_report.php on line 164
[12-Jan-2023 10:47:17 Asia/Kolkata] PHP Notice:  Undefined index: price in /var/www/html/erpm/View/revenue_master_report.php on line 165
[12-Jan-2023 10:50:45 Asia/Kolkata] PHP Notice:  Undefined variable: clean_from_date in /var/www/html/erpm/View/revenue_master_report.php on line 23
[12-Jan-2023 10:50:45 Asia/Kolkata] PHP Notice:  Undefined index: location in /var/www/html/erpm/View/revenue_master_report.php on line 159
[12-Jan-2023 10:50:45 Asia/Kolkata] PHP Notice:  Undefined index: site in /var/www/html/erpm/View/revenue_master_report.php on line 160
[12-Jan-2023 10:50:45 Asia/Kolkata] PHP Notice:  Undefined index: capacity in /var/www/html/erpm/View/revenue_master_report.php on line 161
[12-Jan-2023 10:50:45 Asia/Kolkata] PHP Notice:  Undefined index: ClientName in /var/www/html/erpm/View/revenue_master_report.php on line 162
[12-Jan-2023 10:50:45 Asia/Kolkata] PHP Notice:  Undefined index: process in /var/www/html/erpm/View/revenue_master_report.php on line 163
[12-Jan-2023 10:50:45 Asia/Kolkata] PHP Notice:  Undefined index: seat in /var/www/html/erpm/View/revenue_master_report.php on line 164
[12-Jan-2023 10:50:45 Asia/Kolkata] PHP Notice:  Undefined index: item in /var/www/html/erpm/View/revenue_master_report.php on line 166
[12-Jan-2023 10:50:45 Asia/Kolkata] PHP Notice:  Undefined index: price in /var/www/html/erpm/View/revenue_master_report.php on line 167
[12-Jan-2023 10:51:04 Asia/Kolkata] PHP Notice:  Undefined index: __user_logid in /var/www/html/erpm/AppCode/nHead.php on line 2
[12-Jan-2023 10:51:07 Asia/Kolkata] PHP Warning:  mysqli_stmt::bind_param(): Number of elements in type definition string doesn't match number of bind variables in /var/www/html/erpm/Controller/ConLog.php on line 464
[12-Jan-2023 10:51:09 Asia/Kolkata] PHP Notice:  Trying to access array offset on value of type null in /var/www/html/erpm/View/index.php on line 346
[12-Jan-2023 10:51:14 Asia/Kolkata] PHP Notice:  Undefined variable: clean_from_date in /var/www/html/erpm/View/revenue_master_report.php on line 23
[12-Jan-2023 10:51:14 Asia/Kolkata] PHP Notice:  Undefined index: location in /var/www/html/erpm/View/revenue_master_report.php on line 159
[12-Jan-2023 10:51:14 Asia/Kolkata] PHP Notice:  Undefined index: site in /var/www/html/erpm/View/revenue_master_report.php on line 160
[12-Jan-2023 10:51:14 Asia/Kolkata] PHP Notice:  Undefined index: capacity in /var/www/html/erpm/View/revenue_master_report.php on line 161
[12-Jan-2023 10:51:14 Asia/Kolkata] PHP Notice:  Undefined index: ClientName in /var/www/html/erpm/View/revenue_master_report.php on line 162
[12-Jan-2023 10:51:14 Asia/Kolkata] PHP Notice:  Undefined index: process in /var/www/html/erpm/View/revenue_master_report.php on line 163
[12-Jan-2023 10:51:14 Asia/Kolkata] PHP Notice:  Undefined index: seat in /var/www/html/erpm/View/revenue_master_report.php on line 164
[12-Jan-2023 10:51:14 Asia/Kolkata] PHP Notice:  Undefined index: item in /var/www/html/erpm/View/revenue_master_report.php on line 166
[12-Jan-2023 10:51:14 Asia/Kolkata] PHP Notice:  Undefined index: price in /var/www/html/erpm/View/revenue_master_report.php on line 167
[12-Jan-2023 10:51:55 Asia/Kolkata] PHP Notice:  Undefined variable: clean_from_date in /var/www/html/erpm/View/revenue_master_report.php on line 23
[12-Jan-2023 10:51:55 Asia/Kolkata] PHP Notice:  Undefined index: location in /var/www/html/erpm/View/revenue_master_report.php on line 159
[12-Jan-2023 10:51:55 Asia/Kolkata] PHP Notice:  Undefined index: site in /var/www/html/erpm/View/revenue_master_report.php on line 160
[12-Jan-2023 10:51:55 Asia/Kolkata] PHP Notice:  Undefined index: capacity in /var/www/html/erpm/View/revenue_master_report.php on line 161
[12-Jan-2023 10:51:55 Asia/Kolkata] PHP Notice:  Undefined index: ClientName in /var/www/html/erpm/View/revenue_master_report.php on line 162
[12-Jan-2023 10:51:55 Asia/Kolkata] PHP Notice:  Undefined index: process in /var/www/html/erpm/View/revenue_master_report.php on line 163
[12-Jan-2023 10:51:55 Asia/Kolkata] PHP Notice:  Undefined index: seat in /var/www/html/erpm/View/revenue_master_report.php on line 164
[12-Jan-2023 10:51:55 Asia/Kolkata] PHP Notice:  Undefined index: item in /var/www/html/erpm/View/revenue_master_report.php on line 166
[12-Jan-2023 10:51:55 Asia/Kolkata] PHP Notice:  Undefined index: price in /var/www/html/erpm/View/revenue_master_report.php on line 167
