[13-Jan-2023 14:43:19 Asia/Kolkata] PHP Warning:  mysqli_stmt::bind_param(): Number of elements in type definition string doesn't match number of bind variables in /var/www/html/erpm/Controller/ConLog.php on line 464
[13-Jan-2023 14:43:21 Asia/Kolkata] PHP Notice:  Trying to access array offset on value of type null in /var/www/html/erpm/View/index.php on line 346
[13-Jan-2023 14:43:43 Asia/Kolkata] PHP Notice:  Undefined index: travel_date in /var/www/html/erpm/View/expenses.php on line 60
[13-Jan-2023 14:43:43 Asia/Kolkata] PHP Notice:  Undefined index: placeFrom in /var/www/html/erpm/View/expenses.php on line 61
[13-Jan-2023 14:43:43 Asia/Kolkata] PHP Notice:  Undefined index: placeTO in /var/www/html/erpm/View/expenses.php on line 62
[13-Jan-2023 14:43:43 Asia/Kolkata] PHP Notice:  Undefined index: modeOftravel in /var/www/html/erpm/View/expenses.php on line 63
[13-Jan-2023 14:43:43 Asia/Kolkata] PHP Notice:  Undefined index: receipt_no in /var/www/html/erpm/View/expenses.php on line 66
[13-Jan-2023 14:43:43 Asia/Kolkata] PHP Notice:  Undefined index: remarks in /var/www/html/erpm/View/expenses.php on line 68
[13-Jan-2023 14:43:43 Asia/Kolkata] PHP Notice:  Undefined index: returnDate in /var/www/html/erpm/View/expenses.php on line 74
[13-Jan-2023 14:43:43 Asia/Kolkata] PHP Notice:  Undefined index: car_km in /var/www/html/erpm/View/expenses.php on line 75
[13-Jan-2023 14:44:00 Asia/Kolkata] PHP Notice:  Undefined index: travel_date in /var/www/html/erpm/View/expenses.php on line 60
[13-Jan-2023 14:44:00 Asia/Kolkata] PHP Notice:  Undefined index: placeFrom in /var/www/html/erpm/View/expenses.php on line 61
[13-Jan-2023 14:44:00 Asia/Kolkata] PHP Notice:  Undefined index: placeTO in /var/www/html/erpm/View/expenses.php on line 62
[13-Jan-2023 14:44:00 Asia/Kolkata] PHP Notice:  Undefined index: modeOftravel in /var/www/html/erpm/View/expenses.php on line 63
[13-Jan-2023 14:44:00 Asia/Kolkata] PHP Notice:  Undefined index: receipt_no in /var/www/html/erpm/View/expenses.php on line 66
[13-Jan-2023 14:44:00 Asia/Kolkata] PHP Notice:  Undefined index: remarks in /var/www/html/erpm/View/expenses.php on line 68
[13-Jan-2023 14:44:00 Asia/Kolkata] PHP Notice:  Undefined index: returnDate in /var/www/html/erpm/View/expenses.php on line 74
[13-Jan-2023 14:44:00 Asia/Kolkata] PHP Notice:  Undefined index: car_km in /var/www/html/erpm/View/expenses.php on line 75
[13-Jan-2023 14:57:17 Asia/Kolkata] PHP Notice:  Undefined index: travel_date in /var/www/html/erpm/View/expenses.php on line 60
[13-Jan-2023 14:57:17 Asia/Kolkata] PHP Notice:  Undefined index: placeFrom in /var/www/html/erpm/View/expenses.php on line 61
[13-Jan-2023 14:57:17 Asia/Kolkata] PHP Notice:  Undefined index: placeTO in /var/www/html/erpm/View/expenses.php on line 62
[13-Jan-2023 14:57:17 Asia/Kolkata] PHP Notice:  Undefined index: modeOftravel in /var/www/html/erpm/View/expenses.php on line 63
[13-Jan-2023 14:57:17 Asia/Kolkata] PHP Notice:  Undefined index: receipt_no in /var/www/html/erpm/View/expenses.php on line 66
[13-Jan-2023 14:57:17 Asia/Kolkata] PHP Notice:  Undefined index: remarks in /var/www/html/erpm/View/expenses.php on line 68
[13-Jan-2023 14:57:17 Asia/Kolkata] PHP Notice:  Undefined index: returnDate in /var/www/html/erpm/View/expenses.php on line 74
[13-Jan-2023 14:57:17 Asia/Kolkata] PHP Notice:  Undefined index: car_km in /var/www/html/erpm/View/expenses.php on line 75
[13-Jan-2023 14:57:32 Asia/Kolkata] PHP Warning:  move_uploaded_file(/var/www/html/erpm/View/../ExpenseFood/CE12102224_2023-01-13_145732.png): failed to open stream: No such file or directory in /var/www/html/erpm/View/expenses.php on line 35
[13-Jan-2023 14:57:32 Asia/Kolkata] PHP Warning:  move_uploaded_file(): Unable to move '/tmp/phpS0wOYX' to '/var/www/html/erpm/View/../ExpenseFood/CE12102224_2023-01-13_145732.png' in /var/www/html/erpm/View/expenses.php on line 35
[13-Jan-2023 14:57:32 Asia/Kolkata] PHP Notice:  Undefined index: travel_date in /var/www/html/erpm/View/expenses.php on line 60
[13-Jan-2023 14:57:32 Asia/Kolkata] PHP Notice:  Undefined index: placeFrom in /var/www/html/erpm/View/expenses.php on line 61
[13-Jan-2023 14:57:32 Asia/Kolkata] PHP Notice:  Undefined index: placeTO in /var/www/html/erpm/View/expenses.php on line 62
[13-Jan-2023 14:57:32 Asia/Kolkata] PHP Notice:  Undefined index: modeOftravel in /var/www/html/erpm/View/expenses.php on line 63
[13-Jan-2023 14:57:32 Asia/Kolkata] PHP Notice:  Undefined index: returnDate in /var/www/html/erpm/View/expenses.php on line 74
[13-Jan-2023 14:57:32 Asia/Kolkata] PHP Notice:  Undefined index: car_km in /var/www/html/erpm/View/expenses.php on line 75
