[24-Jan-2023 09:52:02 Asia/Kolkata] PHP Warning:  Undefined array key "__user_logid" in C:\wamp64\www\emsdemo\AppCode\nHead.php on line 2
[24-Jan-2023 09:52:02 Asia/Kolkata] PHP Stack trace:
[24-Jan-2023 09:52:02 Asia/Kolkata] PHP   1. {main}() C:\wamp64\www\emsdemo\View\index.php:0
[24-Jan-2023 09:52:02 Asia/Kolkata] PHP   2. require() C:\wamp64\www\emsdemo\View\index.php:14
[24-Jan-2023 09:52:31 Asia/Kolkata] PHP Warning:  Undefined array key "to" in C:\wamp64\www\emsdemo\View\calcRange.php on line 42
[24-Jan-2023 09:52:31 Asia/Kolkata] PHP Stack trace:
[24-Jan-2023 09:52:31 Asia/Kolkata] PHP   1. {main}() C:\wamp64\www\emsdemo\View\calcRange.php:0
[24-Jan-2023 09:52:35 Asia/Kolkata] PHP Notice:  Object of class mysqli_result could not be converted to int in C:\wamp64\www\emsdemo\View\calcRange.php on line 412
[24-Jan-2023 09:52:35 Asia/Kolkata] PHP Stack trace:
[24-Jan-2023 09:52:35 Asia/Kolkata] PHP   1. {main}() C:\wamp64\www\emsdemo\View\calcRange.php:0
[24-Jan-2023 09:52:35 Asia/Kolkata] PHP   2. BioMetric->__construct($EmployeeID = 'CE01145570', $DateFrom = '2023-01-23', $DateTo = '2023-01-23', $Emd_des = 'Manager', $Emp_status = 6, $emp_dod = NULL, $emp_module = '2014-01-07 00:00:00') C:\wamp64\www\emsdemo\View\calcRange.php:2358
[24-Jan-2023 09:52:35 Asia/Kolkata] PHP Warning:  Undefined array key "2023-01-23" in C:\wamp64\www\emsdemo\View\calcRange.php on line 583
[24-Jan-2023 09:52:35 Asia/Kolkata] PHP Stack trace:
[24-Jan-2023 09:52:35 Asia/Kolkata] PHP   1. {main}() C:\wamp64\www\emsdemo\View\calcRange.php:0
[24-Jan-2023 09:52:35 Asia/Kolkata] PHP   2. BioMetric->__construct($EmployeeID = 'CE01145570', $DateFrom = '2023-01-23', $DateTo = '2023-01-23', $Emd_des = 'Manager', $Emp_status = 6, $emp_dod = NULL, $emp_module = '2014-01-07 00:00:00') C:\wamp64\www\emsdemo\View\calcRange.php:2358
[24-Jan-2023 09:52:35 Asia/Kolkata] PHP   3. BioMetric->__calculation_for_day($__date = '2023-01-23', $__EmpID = 'CE01145570', $__des = 'Manager', $__status = 6) C:\wamp64\www\emsdemo\View\calcRange.php:558
[24-Jan-2023 09:52:35 Asia/Kolkata] PHP Warning:  Undefined array key "2023-01-23" in C:\wamp64\www\emsdemo\View\calcRange.php on line 932
[24-Jan-2023 09:52:35 Asia/Kolkata] PHP Stack trace:
[24-Jan-2023 09:52:35 Asia/Kolkata] PHP   1. {main}() C:\wamp64\www\emsdemo\View\calcRange.php:0
[24-Jan-2023 09:52:35 Asia/Kolkata] PHP   2. BioMetric->__construct($EmployeeID = 'CE01145570', $DateFrom = '2023-01-23', $DateTo = '2023-01-23', $Emd_des = 'Manager', $Emp_status = 6, $emp_dod = NULL, $emp_module = '2014-01-07 00:00:00') C:\wamp64\www\emsdemo\View\calcRange.php:2358
[24-Jan-2023 09:52:35 Asia/Kolkata] PHP   3. BioMetric->__calculation_for_day($__date = '2023-01-23', $__EmpID = 'CE01145570', $__des = 'Manager', $__status = 6) C:\wamp64\www\emsdemo\View\calcRange.php:558
[24-Jan-2023 09:52:35 Asia/Kolkata] PHP Warning:  Undefined array key "2023-01-23" in C:\wamp64\www\emsdemo\View\calcRange.php on line 1225
[24-Jan-2023 09:52:35 Asia/Kolkata] PHP Stack trace:
[24-Jan-2023 09:52:35 Asia/Kolkata] PHP   1. {main}() C:\wamp64\www\emsdemo\View\calcRange.php:0
[24-Jan-2023 09:52:35 Asia/Kolkata] PHP   2. BioMetric->__construct($EmployeeID = 'CE01145570', $DateFrom = '2023-01-23', $DateTo = '2023-01-23', $Emd_des = 'Manager', $Emp_status = 6, $emp_dod = NULL, $emp_module = '2014-01-07 00:00:00') C:\wamp64\www\emsdemo\View\calcRange.php:2358
[24-Jan-2023 09:52:35 Asia/Kolkata] PHP   3. BioMetric->__calculation_for_day($__date = '2023-01-23', $__EmpID = 'CE01145570', $__des = 'Manager', $__status = 6) C:\wamp64\www\emsdemo\View\calcRange.php:558
[24-Jan-2023 09:52:37 Asia/Kolkata] PHP Warning:  Array to string conversion in C:\wamp64\www\emsdemo\View\calcRange.php on line 1559
[24-Jan-2023 09:52:37 Asia/Kolkata] PHP Stack trace:
[24-Jan-2023 09:52:37 Asia/Kolkata] PHP   1. {main}() C:\wamp64\www\emsdemo\View\calcRange.php:0
[24-Jan-2023 09:52:37 Asia/Kolkata] PHP   2. BioMetric->__construct($EmployeeID = 'CE01145570', $DateFrom = '2023-01-23', $DateTo = '2023-01-23', $Emd_des = 'Manager', $Emp_status = 6, $emp_dod = NULL, $emp_module = '2014-01-07 00:00:00') C:\wamp64\www\emsdemo\View\calcRange.php:2358
[24-Jan-2023 09:52:37 Asia/Kolkata] PHP   3. BioMetric->__calculation_for_day($__date = '2023-01-23', $__EmpID = 'CE01145570', $__des = 'Manager', $__status = 6) C:\wamp64\www\emsdemo\View\calcRange.php:558
