[18-Jan-2023 14:41:52 Asia/Kolkata] PHP Warning:  Undefined array key "txt_dateFrom" in C:\wamp64\www\emsdemo\View\message-popup.php on line 28
[18-Jan-2023 14:41:52 Asia/Kolkata] PHP Stack trace:
[18-Jan-2023 14:41:52 Asia/Kolkata] PHP   1. {main}() C:\wamp64\www\emsdemo\View\message-popup.php:0
[18-Jan-2023 14:41:52 Asia/Kolkata] PHP Warning:  Undefined array key "txt_dateto" in C:\wamp64\www\emsdemo\View\message-popup.php on line 29
[18-Jan-2023 14:41:52 Asia/Kolkata] PHP Stack trace:
[18-Jan-2023 14:41:52 Asia/Kolkata] PHP   1. {main}() C:\wamp64\www\emsdemo\View\message-popup.php:0
[18-Jan-2023 14:42:13 Asia/Kolkata] PHP Warning:  Undefined array key "cm_id" in C:\wamp64\www\emsdemo\View\manage_consultancy.php on line 235
[18-Jan-2023 14:42:13 Asia/Kolkata] PHP Stack trace:
[18-Jan-2023 14:42:13 Asia/Kolkata] PHP   1. {main}() C:\wamp64\www\emsdemo\View\manage_consultancy.php:0
[18-Jan-2023 14:42:13 Asia/Kolkata] PHP Warning:  Undefined array key "client_id" in C:\wamp64\www\emsdemo\View\manage_consultancy.php on line 240
[18-Jan-2023 14:42:13 Asia/Kolkata] PHP Stack trace:
[18-Jan-2023 14:42:13 Asia/Kolkata] PHP   1. {main}() C:\wamp64\www\emsdemo\View\manage_consultancy.php:0
[18-Jan-2023 14:42:13 Asia/Kolkata] PHP Warning:  Undefined array key "sub_process" in C:\wamp64\www\emsdemo\View\manage_consultancy.php on line 240
[18-Jan-2023 14:42:13 Asia/Kolkata] PHP Stack trace:
[18-Jan-2023 14:42:13 Asia/Kolkata] PHP   1. {main}() C:\wamp64\www\emsdemo\View\manage_consultancy.php:0
[18-Jan-2023 14:42:13 Asia/Kolkata] PHP Warning:  Undefined array key "cm_id" in C:\wamp64\www\emsdemo\View\manage_consultancy.php on line 240
[18-Jan-2023 14:42:13 Asia/Kolkata] PHP Stack trace:
[18-Jan-2023 14:42:13 Asia/Kolkata] PHP   1. {main}() C:\wamp64\www\emsdemo\View\manage_consultancy.php:0
[18-Jan-2023 14:42:13 Asia/Kolkata] PHP Warning:  Undefined array key "Client_info" in C:\wamp64\www\emsdemo\View\manage_consultancy.php on line 240
[18-Jan-2023 14:42:13 Asia/Kolkata] PHP Stack trace:
[18-Jan-2023 14:42:13 Asia/Kolkata] PHP   1. {main}() C:\wamp64\www\emsdemo\View\manage_consultancy.php:0
[18-Jan-2023 14:42:13 Asia/Kolkata] PHP Warning:  Undefined array key "cm_id" in C:\wamp64\www\emsdemo\View\manage_consultancy.php on line 235
[18-Jan-2023 14:42:13 Asia/Kolkata] PHP Stack trace:
[18-Jan-2023 14:42:13 Asia/Kolkata] PHP   1. {main}() C:\wamp64\www\emsdemo\View\manage_consultancy.php:0
[18-Jan-2023 14:42:13 Asia/Kolkata] PHP Warning:  Undefined array key "client_id" in C:\wamp64\www\emsdemo\View\manage_consultancy.php on line 240
[18-Jan-2023 14:42:13 Asia/Kolkata] PHP Stack trace:
[18-Jan-2023 14:42:13 Asia/Kolkata] PHP   1. {main}() C:\wamp64\www\emsdemo\View\manage_consultancy.php:0
[18-Jan-2023 14:42:13 Asia/Kolkata] PHP Warning:  Undefined array key "sub_process" in C:\wamp64\www\emsdemo\View\manage_consultancy.php on line 240
[18-Jan-2023 14:42:13 Asia/Kolkata] PHP Stack trace:
[18-Jan-2023 14:42:13 Asia/Kolkata] PHP   1. {main}() C:\wamp64\www\emsdemo\View\manage_consultancy.php:0
[18-Jan-2023 14:42:13 Asia/Kolkata] PHP Warning:  Undefined array key "cm_id" in C:\wamp64\www\emsdemo\View\manage_consultancy.php on line 240
[18-Jan-2023 14:42:13 Asia/Kolkata] PHP Stack trace:
[18-Jan-2023 14:42:13 Asia/Kolkata] PHP   1. {main}() C:\wamp64\www\emsdemo\View\manage_consultancy.php:0
[18-Jan-2023 14:42:13 Asia/Kolkata] PHP Warning:  Undefined array key "Client_info" in C:\wamp64\www\emsdemo\View\manage_consultancy.php on line 240
[18-Jan-2023 14:42:13 Asia/Kolkata] PHP Stack trace:
[18-Jan-2023 14:42:13 Asia/Kolkata] PHP   1. {main}() C:\wamp64\www\emsdemo\View\manage_consultancy.php:0
[18-Jan-2023 14:42:13 Asia/Kolkata] PHP Warning:  Undefined array key "cm_id" in C:\wamp64\www\emsdemo\View\manage_consultancy.php on line 235
[18-Jan-2023 14:42:13 Asia/Kolkata] PHP Stack trace:
[18-Jan-2023 14:42:13 Asia/Kolkata] PHP   1. {main}() C:\wamp64\www\emsdemo\View\manage_consultancy.php:0
[18-Jan-2023 14:42:13 Asia/Kolkata] PHP Warning:  Undefined array key "client_id" in C:\wamp64\www\emsdemo\View\manage_consultancy.php on line 240
[18-Jan-2023 14:42:13 Asia/Kolkata] PHP Stack trace:
[18-Jan-2023 14:42:13 Asia/Kolkata] PHP   1. {main}() C:\wamp64\www\emsdemo\View\manage_consultancy.php:0
[18-Jan-2023 14:42:13 Asia/Kolkata] PHP Warning:  Undefined array key "sub_process" in C:\wamp64\www\emsdemo\View\manage_consultancy.php on line 240
[18-Jan-2023 14:42:14 Asia/Kolkata] PHP Stack trace:
[18-Jan-2023 14:42:14 Asia/Kolkata] PHP   1. {main}() C:\wamp64\www\emsdemo\View\manage_consultancy.php:0
[18-Jan-2023 14:42:14 Asia/Kolkata] PHP Warning:  Undefined array key "cm_id" in C:\wamp64\www\emsdemo\View\manage_consultancy.php on line 240
[18-Jan-2023 14:42:14 Asia/Kolkata] PHP Stack trace:
[18-Jan-2023 14:42:14 Asia/Kolkata] PHP   1. {main}() C:\wamp64\www\emsdemo\View\manage_consultancy.php:0
[18-Jan-2023 14:42:14 Asia/Kolkata] PHP Warning:  Undefined array key "Client_info" in C:\wamp64\www\emsdemo\View\manage_consultancy.php on line 240
[18-Jan-2023 14:42:14 Asia/Kolkata] PHP Stack trace:
[18-Jan-2023 14:42:14 Asia/Kolkata] PHP   1. {main}() C:\wamp64\www\emsdemo\View\manage_consultancy.php:0
[18-Jan-2023 14:42:14 Asia/Kolkata] PHP Warning:  Undefined array key "cm_id" in C:\wamp64\www\emsdemo\View\manage_consultancy.php on line 235
[18-Jan-2023 14:42:14 Asia/Kolkata] PHP Stack trace:
[18-Jan-2023 14:42:14 Asia/Kolkata] PHP   1. {main}() C:\wamp64\www\emsdemo\View\manage_consultancy.php:0
[18-Jan-2023 14:42:14 Asia/Kolkata] PHP Warning:  Undefined array key "client_id" in C:\wamp64\www\emsdemo\View\manage_consultancy.php on line 240
[18-Jan-2023 14:42:14 Asia/Kolkata] PHP Stack trace:
[18-Jan-2023 14:42:14 Asia/Kolkata] PHP   1. {main}() C:\wamp64\www\emsdemo\View\manage_consultancy.php:0
[18-Jan-2023 14:42:14 Asia/Kolkata] PHP Warning:  Undefined array key "sub_process" in C:\wamp64\www\emsdemo\View\manage_consultancy.php on line 240
[18-Jan-2023 14:42:14 Asia/Kolkata] PHP Stack trace:
[18-Jan-2023 14:42:14 Asia/Kolkata] PHP   1. {main}() C:\wamp64\www\emsdemo\View\manage_consultancy.php:0
[18-Jan-2023 14:42:14 Asia/Kolkata] PHP Warning:  Undefined array key "cm_id" in C:\wamp64\www\emsdemo\View\manage_consultancy.php on line 240
[18-Jan-2023 14:42:14 Asia/Kolkata] PHP Stack trace:
[18-Jan-2023 14:42:14 Asia/Kolkata] PHP   1. {main}() C:\wamp64\www\emsdemo\View\manage_consultancy.php:0
[18-Jan-2023 14:42:14 Asia/Kolkata] PHP Warning:  Undefined array key "Client_info" in C:\wamp64\www\emsdemo\View\manage_consultancy.php on line 240
[18-Jan-2023 14:42:14 Asia/Kolkata] PHP Stack trace:
[18-Jan-2023 14:42:14 Asia/Kolkata] PHP   1. {main}() C:\wamp64\www\emsdemo\View\manage_consultancy.php:0
[18-Jan-2023 14:42:14 Asia/Kolkata] PHP Warning:  Undefined array key "cm_id" in C:\wamp64\www\emsdemo\View\manage_consultancy.php on line 235
[18-Jan-2023 14:42:14 Asia/Kolkata] PHP Stack trace:
[18-Jan-2023 14:42:14 Asia/Kolkata] PHP   1. {main}() C:\wamp64\www\emsdemo\View\manage_consultancy.php:0
[18-Jan-2023 14:42:14 Asia/Kolkata] PHP Warning:  Undefined array key "client_id" in C:\wamp64\www\emsdemo\View\manage_consultancy.php on line 240
[18-Jan-2023 14:42:14 Asia/Kolkata] PHP Stack trace:
[18-Jan-2023 14:42:14 Asia/Kolkata] PHP   1. {main}() C:\wamp64\www\emsdemo\View\manage_consultancy.php:0
[18-Jan-2023 14:42:14 Asia/Kolkata] PHP Warning:  Undefined array key "sub_process" in C:\wamp64\www\emsdemo\View\manage_consultancy.php on line 240
[18-Jan-2023 14:42:14 Asia/Kolkata] PHP Stack trace:
[18-Jan-2023 14:42:14 Asia/Kolkata] PHP   1. {main}() C:\wamp64\www\emsdemo\View\manage_consultancy.php:0
[18-Jan-2023 14:42:14 Asia/Kolkata] PHP Warning:  Undefined array key "cm_id" in C:\wamp64\www\emsdemo\View\manage_consultancy.php on line 240
[18-Jan-2023 14:42:14 Asia/Kolkata] PHP Stack trace:
[18-Jan-2023 14:42:14 Asia/Kolkata] PHP   1. {main}() C:\wamp64\www\emsdemo\View\manage_consultancy.php:0
[18-Jan-2023 14:42:14 Asia/Kolkata] PHP Warning:  Undefined array key "Client_info" in C:\wamp64\www\emsdemo\View\manage_consultancy.php on line 240
[18-Jan-2023 14:42:14 Asia/Kolkata] PHP Stack trace:
[18-Jan-2023 14:42:14 Asia/Kolkata] PHP   1. {main}() C:\wamp64\www\emsdemo\View\manage_consultancy.php:0
[18-Jan-2023 14:42:14 Asia/Kolkata] PHP Warning:  Undefined array key "cm_id" in C:\wamp64\www\emsdemo\View\manage_consultancy.php on line 235
[18-Jan-2023 14:42:14 Asia/Kolkata] PHP Stack trace:
[18-Jan-2023 14:42:14 Asia/Kolkata] PHP   1. {main}() C:\wamp64\www\emsdemo\View\manage_consultancy.php:0
[18-Jan-2023 14:42:14 Asia/Kolkata] PHP Warning:  Undefined array key "client_id" in C:\wamp64\www\emsdemo\View\manage_consultancy.php on line 240
[18-Jan-2023 14:42:14 Asia/Kolkata] PHP Stack trace:
[18-Jan-2023 14:42:14 Asia/Kolkata] PHP   1. {main}() C:\wamp64\www\emsdemo\View\manage_consultancy.php:0
[18-Jan-2023 14:42:14 Asia/Kolkata] PHP Warning:  Undefined array key "sub_process" in C:\wamp64\www\emsdemo\View\manage_consultancy.php on line 240
[18-Jan-2023 14:42:14 Asia/Kolkata] PHP Stack trace:
[18-Jan-2023 14:42:14 Asia/Kolkata] PHP   1. {main}() C:\wamp64\www\emsdemo\View\manage_consultancy.php:0
[18-Jan-2023 14:42:14 Asia/Kolkata] PHP Warning:  Undefined array key "cm_id" in C:\wamp64\www\emsdemo\View\manage_consultancy.php on line 240
[18-Jan-2023 14:42:14 Asia/Kolkata] PHP Stack trace:
[18-Jan-2023 14:42:14 Asia/Kolkata] PHP   1. {main}() C:\wamp64\www\emsdemo\View\manage_consultancy.php:0
[18-Jan-2023 14:42:14 Asia/Kolkata] PHP Warning:  Undefined array key "Client_info" in C:\wamp64\www\emsdemo\View\manage_consultancy.php on line 240
[18-Jan-2023 14:42:14 Asia/Kolkata] PHP Stack trace:
[18-Jan-2023 14:42:14 Asia/Kolkata] PHP   1. {main}() C:\wamp64\www\emsdemo\View\manage_consultancy.php:0
[18-Jan-2023 14:42:14 Asia/Kolkata] PHP Warning:  Undefined array key "cm_id" in C:\wamp64\www\emsdemo\View\manage_consultancy.php on line 235
[18-Jan-2023 14:42:14 Asia/Kolkata] PHP Stack trace:
[18-Jan-2023 14:42:14 Asia/Kolkata] PHP   1. {main}() C:\wamp64\www\emsdemo\View\manage_consultancy.php:0
[18-Jan-2023 14:42:14 Asia/Kolkata] PHP Warning:  Undefined array key "client_id" in C:\wamp64\www\emsdemo\View\manage_consultancy.php on line 240
[18-Jan-2023 14:42:14 Asia/Kolkata] PHP Stack trace:
[18-Jan-2023 14:42:14 Asia/Kolkata] PHP   1. {main}() C:\wamp64\www\emsdemo\View\manage_consultancy.php:0
[18-Jan-2023 14:42:14 Asia/Kolkata] PHP Warning:  Undefined array key "sub_process" in C:\wamp64\www\emsdemo\View\manage_consultancy.php on line 240
[18-Jan-2023 14:42:14 Asia/Kolkata] PHP Stack trace:
[18-Jan-2023 14:42:14 Asia/Kolkata] PHP   1. {main}() C:\wamp64\www\emsdemo\View\manage_consultancy.php:0
[18-Jan-2023 14:42:14 Asia/Kolkata] PHP Warning:  Undefined array key "cm_id" in C:\wamp64\www\emsdemo\View\manage_consultancy.php on line 240
[18-Jan-2023 14:42:14 Asia/Kolkata] PHP Stack trace:
[18-Jan-2023 14:42:14 Asia/Kolkata] PHP   1. {main}() C:\wamp64\www\emsdemo\View\manage_consultancy.php:0
[18-Jan-2023 14:42:14 Asia/Kolkata] PHP Warning:  Undefined array key "Client_info" in C:\wamp64\www\emsdemo\View\manage_consultancy.php on line 240
[18-Jan-2023 14:42:14 Asia/Kolkata] PHP Stack trace:
[18-Jan-2023 14:42:14 Asia/Kolkata] PHP   1. {main}() C:\wamp64\www\emsdemo\View\manage_consultancy.php:0
[18-Jan-2023 14:42:14 Asia/Kolkata] PHP Warning:  Undefined array key "cm_id" in C:\wamp64\www\emsdemo\View\manage_consultancy.php on line 235
[18-Jan-2023 14:42:14 Asia/Kolkata] PHP Stack trace:
[18-Jan-2023 14:42:14 Asia/Kolkata] PHP   1. {main}() C:\wamp64\www\emsdemo\View\manage_consultancy.php:0
[18-Jan-2023 14:42:14 Asia/Kolkata] PHP Warning:  Undefined array key "client_id" in C:\wamp64\www\emsdemo\View\manage_consultancy.php on line 240
[18-Jan-2023 14:42:14 Asia/Kolkata] PHP Stack trace:
[18-Jan-2023 14:42:14 Asia/Kolkata] PHP   1. {main}() C:\wamp64\www\emsdemo\View\manage_consultancy.php:0
[18-Jan-2023 14:42:14 Asia/Kolkata] PHP Warning:  Undefined array key "sub_process" in C:\wamp64\www\emsdemo\View\manage_consultancy.php on line 240
[18-Jan-2023 14:42:14 Asia/Kolkata] PHP Stack trace:
[18-Jan-2023 14:42:14 Asia/Kolkata] PHP   1. {main}() C:\wamp64\www\emsdemo\View\manage_consultancy.php:0
[18-Jan-2023 14:42:14 Asia/Kolkata] PHP Warning:  Undefined array key "cm_id" in C:\wamp64\www\emsdemo\View\manage_consultancy.php on line 240
[18-Jan-2023 14:42:14 Asia/Kolkata] PHP Stack trace:
[18-Jan-2023 14:42:14 Asia/Kolkata] PHP   1. {main}() C:\wamp64\www\emsdemo\View\manage_consultancy.php:0
[18-Jan-2023 14:42:14 Asia/Kolkata] PHP Warning:  Undefined array key "Client_info" in C:\wamp64\www\emsdemo\View\manage_consultancy.php on line 240
[18-Jan-2023 14:42:14 Asia/Kolkata] PHP Stack trace:
[18-Jan-2023 14:42:14 Asia/Kolkata] PHP   1. {main}() C:\wamp64\www\emsdemo\View\manage_consultancy.php:0
[18-Jan-2023 14:42:14 Asia/Kolkata] PHP Warning:  Undefined array key "cm_id" in C:\wamp64\www\emsdemo\View\manage_consultancy.php on line 235
[18-Jan-2023 14:42:14 Asia/Kolkata] PHP Stack trace:
[18-Jan-2023 14:42:14 Asia/Kolkata] PHP   1. {main}() C:\wamp64\www\emsdemo\View\manage_consultancy.php:0
[18-Jan-2023 14:42:14 Asia/Kolkata] PHP Warning:  Undefined array key "client_id" in C:\wamp64\www\emsdemo\View\manage_consultancy.php on line 240
[18-Jan-2023 14:42:14 Asia/Kolkata] PHP Stack trace:
[18-Jan-2023 14:42:14 Asia/Kolkata] PHP   1. {main}() C:\wamp64\www\emsdemo\View\manage_consultancy.php:0
[18-Jan-2023 14:42:14 Asia/Kolkata] PHP Warning:  Undefined array key "sub_process" in C:\wamp64\www\emsdemo\View\manage_consultancy.php on line 240
[18-Jan-2023 14:42:14 Asia/Kolkata] PHP Stack trace:
[18-Jan-2023 14:42:14 Asia/Kolkata] PHP   1. {main}() C:\wamp64\www\emsdemo\View\manage_consultancy.php:0
[18-Jan-2023 14:42:14 Asia/Kolkata] PHP Warning:  Undefined array key "cm_id" in C:\wamp64\www\emsdemo\View\manage_consultancy.php on line 240
[18-Jan-2023 14:42:14 Asia/Kolkata] PHP Stack trace:
[18-Jan-2023 14:42:14 Asia/Kolkata] PHP   1. {main}() C:\wamp64\www\emsdemo\View\manage_consultancy.php:0
[18-Jan-2023 14:42:14 Asia/Kolkata] PHP Warning:  Undefined array key "Client_info" in C:\wamp64\www\emsdemo\View\manage_consultancy.php on line 240
[18-Jan-2023 14:42:14 Asia/Kolkata] PHP Stack trace:
[18-Jan-2023 14:42:14 Asia/Kolkata] PHP   1. {main}() C:\wamp64\www\emsdemo\View\manage_consultancy.php:0
[18-Jan-2023 14:59:29 Asia/Kolkata] PHP Warning:  Undefined array key "cm_id" in C:\wamp64\www\emsdemo\View\manage_consultancy.php on line 235
[18-Jan-2023 14:59:29 Asia/Kolkata] PHP Stack trace:
[18-Jan-2023 14:59:29 Asia/Kolkata] PHP   1. {main}() C:\wamp64\www\emsdemo\View\manage_consultancy.php:0
[18-Jan-2023 14:59:29 Asia/Kolkata] PHP Warning:  Undefined array key "client_id" in C:\wamp64\www\emsdemo\View\manage_consultancy.php on line 240
[18-Jan-2023 14:59:29 Asia/Kolkata] PHP Stack trace:
[18-Jan-2023 14:59:29 Asia/Kolkata] PHP   1. {main}() C:\wamp64\www\emsdemo\View\manage_consultancy.php:0
[18-Jan-2023 14:59:29 Asia/Kolkata] PHP Warning:  Undefined array key "sub_process" in C:\wamp64\www\emsdemo\View\manage_consultancy.php on line 240
[18-Jan-2023 14:59:29 Asia/Kolkata] PHP Stack trace:
[18-Jan-2023 14:59:29 Asia/Kolkata] PHP   1. {main}() C:\wamp64\www\emsdemo\View\manage_consultancy.php:0
[18-Jan-2023 14:59:29 Asia/Kolkata] PHP Warning:  Undefined array key "cm_id" in C:\wamp64\www\emsdemo\View\manage_consultancy.php on line 240
[18-Jan-2023 14:59:29 Asia/Kolkata] PHP Stack trace:
[18-Jan-2023 14:59:29 Asia/Kolkata] PHP   1. {main}() C:\wamp64\www\emsdemo\View\manage_consultancy.php:0
[18-Jan-2023 14:59:29 Asia/Kolkata] PHP Warning:  Undefined array key "Client_info" in C:\wamp64\www\emsdemo\View\manage_consultancy.php on line 240
[18-Jan-2023 14:59:29 Asia/Kolkata] PHP Stack trace:
[18-Jan-2023 14:59:29 Asia/Kolkata] PHP   1. {main}() C:\wamp64\www\emsdemo\View\manage_consultancy.php:0
[18-Jan-2023 14:59:29 Asia/Kolkata] PHP Warning:  Undefined array key "cm_id" in C:\wamp64\www\emsdemo\View\manage_consultancy.php on line 235
[18-Jan-2023 14:59:29 Asia/Kolkata] PHP Stack trace:
[18-Jan-2023 14:59:29 Asia/Kolkata] PHP   1. {main}() C:\wamp64\www\emsdemo\View\manage_consultancy.php:0
[18-Jan-2023 14:59:29 Asia/Kolkata] PHP Warning:  Undefined array key "client_id" in C:\wamp64\www\emsdemo\View\manage_consultancy.php on line 240
[18-Jan-2023 14:59:29 Asia/Kolkata] PHP Stack trace:
[18-Jan-2023 14:59:29 Asia/Kolkata] PHP   1. {main}() C:\wamp64\www\emsdemo\View\manage_consultancy.php:0
[18-Jan-2023 14:59:29 Asia/Kolkata] PHP Warning:  Undefined array key "sub_process" in C:\wamp64\www\emsdemo\View\manage_consultancy.php on line 240
[18-Jan-2023 14:59:29 Asia/Kolkata] PHP Stack trace:
[18-Jan-2023 14:59:29 Asia/Kolkata] PHP   1. {main}() C:\wamp64\www\emsdemo\View\manage_consultancy.php:0
[18-Jan-2023 14:59:29 Asia/Kolkata] PHP Warning:  Undefined array key "cm_id" in C:\wamp64\www\emsdemo\View\manage_consultancy.php on line 240
[18-Jan-2023 14:59:29 Asia/Kolkata] PHP Stack trace:
[18-Jan-2023 14:59:29 Asia/Kolkata] PHP   1. {main}() C:\wamp64\www\emsdemo\View\manage_consultancy.php:0
[18-Jan-2023 14:59:29 Asia/Kolkata] PHP Warning:  Undefined array key "Client_info" in C:\wamp64\www\emsdemo\View\manage_consultancy.php on line 240
[18-Jan-2023 14:59:29 Asia/Kolkata] PHP Stack trace:
[18-Jan-2023 14:59:29 Asia/Kolkata] PHP   1. {main}() C:\wamp64\www\emsdemo\View\manage_consultancy.php:0
[18-Jan-2023 14:59:29 Asia/Kolkata] PHP Warning:  Undefined array key "cm_id" in C:\wamp64\www\emsdemo\View\manage_consultancy.php on line 235
[18-Jan-2023 14:59:29 Asia/Kolkata] PHP Stack trace:
[18-Jan-2023 14:59:29 Asia/Kolkata] PHP   1. {main}() C:\wamp64\www\emsdemo\View\manage_consultancy.php:0
[18-Jan-2023 14:59:29 Asia/Kolkata] PHP Warning:  Undefined array key "client_id" in C:\wamp64\www\emsdemo\View\manage_consultancy.php on line 240
[18-Jan-2023 14:59:29 Asia/Kolkata] PHP Stack trace:
[18-Jan-2023 14:59:29 Asia/Kolkata] PHP   1. {main}() C:\wamp64\www\emsdemo\View\manage_consultancy.php:0
[18-Jan-2023 14:59:29 Asia/Kolkata] PHP Warning:  Undefined array key "sub_process" in C:\wamp64\www\emsdemo\View\manage_consultancy.php on line 240
[18-Jan-2023 14:59:29 Asia/Kolkata] PHP Stack trace:
[18-Jan-2023 14:59:29 Asia/Kolkata] PHP   1. {main}() C:\wamp64\www\emsdemo\View\manage_consultancy.php:0
[18-Jan-2023 14:59:29 Asia/Kolkata] PHP Warning:  Undefined array key "cm_id" in C:\wamp64\www\emsdemo\View\manage_consultancy.php on line 240
[18-Jan-2023 14:59:29 Asia/Kolkata] PHP Stack trace:
[18-Jan-2023 14:59:29 Asia/Kolkata] PHP   1. {main}() C:\wamp64\www\emsdemo\View\manage_consultancy.php:0
[18-Jan-2023 14:59:29 Asia/Kolkata] PHP Warning:  Undefined array key "Client_info" in C:\wamp64\www\emsdemo\View\manage_consultancy.php on line 240
[18-Jan-2023 14:59:29 Asia/Kolkata] PHP Stack trace:
[18-Jan-2023 14:59:29 Asia/Kolkata] PHP   1. {main}() C:\wamp64\www\emsdemo\View\manage_consultancy.php:0
[18-Jan-2023 14:59:29 Asia/Kolkata] PHP Warning:  Undefined array key "cm_id" in C:\wamp64\www\emsdemo\View\manage_consultancy.php on line 235
[18-Jan-2023 14:59:29 Asia/Kolkata] PHP Stack trace:
[18-Jan-2023 14:59:29 Asia/Kolkata] PHP   1. {main}() C:\wamp64\www\emsdemo\View\manage_consultancy.php:0
[18-Jan-2023 14:59:29 Asia/Kolkata] PHP Warning:  Undefined array key "client_id" in C:\wamp64\www\emsdemo\View\manage_consultancy.php on line 240
[18-Jan-2023 14:59:29 Asia/Kolkata] PHP Stack trace:
[18-Jan-2023 14:59:29 Asia/Kolkata] PHP   1. {main}() C:\wamp64\www\emsdemo\View\manage_consultancy.php:0
[18-Jan-2023 14:59:29 Asia/Kolkata] PHP Warning:  Undefined array key "sub_process" in C:\wamp64\www\emsdemo\View\manage_consultancy.php on line 240
[18-Jan-2023 14:59:29 Asia/Kolkata] PHP Stack trace:
[18-Jan-2023 14:59:29 Asia/Kolkata] PHP   1. {main}() C:\wamp64\www\emsdemo\View\manage_consultancy.php:0
[18-Jan-2023 14:59:29 Asia/Kolkata] PHP Warning:  Undefined array key "cm_id" in C:\wamp64\www\emsdemo\View\manage_consultancy.php on line 240
[18-Jan-2023 14:59:29 Asia/Kolkata] PHP Stack trace:
[18-Jan-2023 14:59:29 Asia/Kolkata] PHP   1. {main}() C:\wamp64\www\emsdemo\View\manage_consultancy.php:0
[18-Jan-2023 14:59:29 Asia/Kolkata] PHP Warning:  Undefined array key "Client_info" in C:\wamp64\www\emsdemo\View\manage_consultancy.php on line 240
[18-Jan-2023 14:59:29 Asia/Kolkata] PHP Stack trace:
[18-Jan-2023 14:59:29 Asia/Kolkata] PHP   1. {main}() C:\wamp64\www\emsdemo\View\manage_consultancy.php:0
[18-Jan-2023 14:59:29 Asia/Kolkata] PHP Warning:  Undefined array key "cm_id" in C:\wamp64\www\emsdemo\View\manage_consultancy.php on line 235
[18-Jan-2023 14:59:29 Asia/Kolkata] PHP Stack trace:
[18-Jan-2023 14:59:29 Asia/Kolkata] PHP   1. {main}() C:\wamp64\www\emsdemo\View\manage_consultancy.php:0
[18-Jan-2023 14:59:29 Asia/Kolkata] PHP Warning:  Undefined array key "client_id" in C:\wamp64\www\emsdemo\View\manage_consultancy.php on line 240
[18-Jan-2023 14:59:29 Asia/Kolkata] PHP Stack trace:
[18-Jan-2023 14:59:29 Asia/Kolkata] PHP   1. {main}() C:\wamp64\www\emsdemo\View\manage_consultancy.php:0
[18-Jan-2023 14:59:29 Asia/Kolkata] PHP Warning:  Undefined array key "sub_process" in C:\wamp64\www\emsdemo\View\manage_consultancy.php on line 240
[18-Jan-2023 14:59:29 Asia/Kolkata] PHP Stack trace:
[18-Jan-2023 14:59:29 Asia/Kolkata] PHP   1. {main}() C:\wamp64\www\emsdemo\View\manage_consultancy.php:0
[18-Jan-2023 14:59:29 Asia/Kolkata] PHP Warning:  Undefined array key "cm_id" in C:\wamp64\www\emsdemo\View\manage_consultancy.php on line 240
[18-Jan-2023 14:59:29 Asia/Kolkata] PHP Stack trace:
[18-Jan-2023 14:59:29 Asia/Kolkata] PHP   1. {main}() C:\wamp64\www\emsdemo\View\manage_consultancy.php:0
[18-Jan-2023 14:59:29 Asia/Kolkata] PHP Warning:  Undefined array key "Client_info" in C:\wamp64\www\emsdemo\View\manage_consultancy.php on line 240
[18-Jan-2023 14:59:29 Asia/Kolkata] PHP Stack trace:
[18-Jan-2023 14:59:29 Asia/Kolkata] PHP   1. {main}() C:\wamp64\www\emsdemo\View\manage_consultancy.php:0
[18-Jan-2023 14:59:29 Asia/Kolkata] PHP Warning:  Undefined array key "cm_id" in C:\wamp64\www\emsdemo\View\manage_consultancy.php on line 235
[18-Jan-2023 14:59:29 Asia/Kolkata] PHP Stack trace:
[18-Jan-2023 14:59:29 Asia/Kolkata] PHP   1. {main}() C:\wamp64\www\emsdemo\View\manage_consultancy.php:0
[18-Jan-2023 14:59:29 Asia/Kolkata] PHP Warning:  Undefined array key "client_id" in C:\wamp64\www\emsdemo\View\manage_consultancy.php on line 240
[18-Jan-2023 14:59:29 Asia/Kolkata] PHP Stack trace:
[18-Jan-2023 14:59:29 Asia/Kolkata] PHP   1. {main}() C:\wamp64\www\emsdemo\View\manage_consultancy.php:0
[18-Jan-2023 14:59:29 Asia/Kolkata] PHP Warning:  Undefined array key "sub_process" in C:\wamp64\www\emsdemo\View\manage_consultancy.php on line 240
[18-Jan-2023 14:59:29 Asia/Kolkata] PHP Stack trace:
[18-Jan-2023 14:59:29 Asia/Kolkata] PHP   1. {main}() C:\wamp64\www\emsdemo\View\manage_consultancy.php:0
[18-Jan-2023 14:59:29 Asia/Kolkata] PHP Warning:  Undefined array key "cm_id" in C:\wamp64\www\emsdemo\View\manage_consultancy.php on line 240
[18-Jan-2023 14:59:29 Asia/Kolkata] PHP Stack trace:
[18-Jan-2023 14:59:29 Asia/Kolkata] PHP   1. {main}() C:\wamp64\www\emsdemo\View\manage_consultancy.php:0
[18-Jan-2023 14:59:29 Asia/Kolkata] PHP Warning:  Undefined array key "Client_info" in C:\wamp64\www\emsdemo\View\manage_consultancy.php on line 240
[18-Jan-2023 14:59:29 Asia/Kolkata] PHP Stack trace:
[18-Jan-2023 14:59:29 Asia/Kolkata] PHP   1. {main}() C:\wamp64\www\emsdemo\View\manage_consultancy.php:0
[18-Jan-2023 14:59:29 Asia/Kolkata] PHP Warning:  Undefined array key "cm_id" in C:\wamp64\www\emsdemo\View\manage_consultancy.php on line 235
[18-Jan-2023 14:59:29 Asia/Kolkata] PHP Stack trace:
[18-Jan-2023 14:59:29 Asia/Kolkata] PHP   1. {main}() C:\wamp64\www\emsdemo\View\manage_consultancy.php:0
[18-Jan-2023 14:59:29 Asia/Kolkata] PHP Warning:  Undefined array key "client_id" in C:\wamp64\www\emsdemo\View\manage_consultancy.php on line 240
[18-Jan-2023 14:59:29 Asia/Kolkata] PHP Stack trace:
[18-Jan-2023 14:59:29 Asia/Kolkata] PHP   1. {main}() C:\wamp64\www\emsdemo\View\manage_consultancy.php:0
[18-Jan-2023 14:59:29 Asia/Kolkata] PHP Warning:  Undefined array key "sub_process" in C:\wamp64\www\emsdemo\View\manage_consultancy.php on line 240
[18-Jan-2023 14:59:29 Asia/Kolkata] PHP Stack trace:
[18-Jan-2023 14:59:29 Asia/Kolkata] PHP   1. {main}() C:\wamp64\www\emsdemo\View\manage_consultancy.php:0
[18-Jan-2023 14:59:29 Asia/Kolkata] PHP Warning:  Undefined array key "cm_id" in C:\wamp64\www\emsdemo\View\manage_consultancy.php on line 240
[18-Jan-2023 14:59:29 Asia/Kolkata] PHP Stack trace:
[18-Jan-2023 14:59:29 Asia/Kolkata] PHP   1. {main}() C:\wamp64\www\emsdemo\View\manage_consultancy.php:0
[18-Jan-2023 14:59:29 Asia/Kolkata] PHP Warning:  Undefined array key "Client_info" in C:\wamp64\www\emsdemo\View\manage_consultancy.php on line 240
[18-Jan-2023 14:59:29 Asia/Kolkata] PHP Stack trace:
[18-Jan-2023 14:59:29 Asia/Kolkata] PHP   1. {main}() C:\wamp64\www\emsdemo\View\manage_consultancy.php:0
[18-Jan-2023 14:59:29 Asia/Kolkata] PHP Warning:  Undefined array key "cm_id" in C:\wamp64\www\emsdemo\View\manage_consultancy.php on line 235
[18-Jan-2023 14:59:29 Asia/Kolkata] PHP Stack trace:
[18-Jan-2023 14:59:29 Asia/Kolkata] PHP   1. {main}() C:\wamp64\www\emsdemo\View\manage_consultancy.php:0
[18-Jan-2023 14:59:29 Asia/Kolkata] PHP Warning:  Undefined array key "client_id" in C:\wamp64\www\emsdemo\View\manage_consultancy.php on line 240
[18-Jan-2023 14:59:29 Asia/Kolkata] PHP Stack trace:
[18-Jan-2023 14:59:29 Asia/Kolkata] PHP   1. {main}() C:\wamp64\www\emsdemo\View\manage_consultancy.php:0
[18-Jan-2023 14:59:29 Asia/Kolkata] PHP Warning:  Undefined array key "sub_process" in C:\wamp64\www\emsdemo\View\manage_consultancy.php on line 240
[18-Jan-2023 14:59:29 Asia/Kolkata] PHP Stack trace:
[18-Jan-2023 14:59:29 Asia/Kolkata] PHP   1. {main}() C:\wamp64\www\emsdemo\View\manage_consultancy.php:0
[18-Jan-2023 14:59:29 Asia/Kolkata] PHP Warning:  Undefined array key "cm_id" in C:\wamp64\www\emsdemo\View\manage_consultancy.php on line 240
[18-Jan-2023 14:59:29 Asia/Kolkata] PHP Stack trace:
[18-Jan-2023 14:59:29 Asia/Kolkata] PHP   1. {main}() C:\wamp64\www\emsdemo\View\manage_consultancy.php:0
[18-Jan-2023 14:59:29 Asia/Kolkata] PHP Warning:  Undefined array key "Client_info" in C:\wamp64\www\emsdemo\View\manage_consultancy.php on line 240
[18-Jan-2023 14:59:29 Asia/Kolkata] PHP Stack trace:
[18-Jan-2023 14:59:29 Asia/Kolkata] PHP   1. {main}() C:\wamp64\www\emsdemo\View\manage_consultancy.php:0
[18-Jan-2023 14:59:29 Asia/Kolkata] PHP Warning:  Undefined array key "cm_id" in C:\wamp64\www\emsdemo\View\manage_consultancy.php on line 235
[18-Jan-2023 14:59:29 Asia/Kolkata] PHP Stack trace:
[18-Jan-2023 14:59:29 Asia/Kolkata] PHP   1. {main}() C:\wamp64\www\emsdemo\View\manage_consultancy.php:0
[18-Jan-2023 14:59:29 Asia/Kolkata] PHP Warning:  Undefined array key "client_id" in C:\wamp64\www\emsdemo\View\manage_consultancy.php on line 240
[18-Jan-2023 14:59:29 Asia/Kolkata] PHP Stack trace:
[18-Jan-2023 14:59:29 Asia/Kolkata] PHP   1. {main}() C:\wamp64\www\emsdemo\View\manage_consultancy.php:0
[18-Jan-2023 14:59:29 Asia/Kolkata] PHP Warning:  Undefined array key "sub_process" in C:\wamp64\www\emsdemo\View\manage_consultancy.php on line 240
[18-Jan-2023 14:59:29 Asia/Kolkata] PHP Stack trace:
[18-Jan-2023 14:59:29 Asia/Kolkata] PHP   1. {main}() C:\wamp64\www\emsdemo\View\manage_consultancy.php:0
[18-Jan-2023 14:59:29 Asia/Kolkata] PHP Warning:  Undefined array key "cm_id" in C:\wamp64\www\emsdemo\View\manage_consultancy.php on line 240
[18-Jan-2023 14:59:29 Asia/Kolkata] PHP Stack trace:
[18-Jan-2023 14:59:29 Asia/Kolkata] PHP   1. {main}() C:\wamp64\www\emsdemo\View\manage_consultancy.php:0
[18-Jan-2023 14:59:29 Asia/Kolkata] PHP Warning:  Undefined array key "Client_info" in C:\wamp64\www\emsdemo\View\manage_consultancy.php on line 240
[18-Jan-2023 14:59:29 Asia/Kolkata] PHP Stack trace:
[18-Jan-2023 14:59:29 Asia/Kolkata] PHP   1. {main}() C:\wamp64\www\emsdemo\View\manage_consultancy.php:0
