[30-Dec-2022 10:00:02 Asia/Kolkata] PHP Notice:  Undefined variable: row in /var/www/html/erpm/View/site_master.php on line 318
[30-Dec-2022 10:00:02 Asia/Kolkata] PHP Notice:  Trying to access array offset on value of type null in /var/www/html/erpm/View/site_master.php on line 318
[30-Dec-2022 10:00:02 Asia/Kolkata] PHP Notice:  Undefined variable: row in /var/www/html/erpm/View/site_master.php on line 318
[30-Dec-2022 10:00:02 Asia/Kolkata] PHP Notice:  Trying to access array offset on value of type null in /var/www/html/erpm/View/site_master.php on line 318
[30-Dec-2022 10:00:02 Asia/Kolkata] PHP Notice:  Undefined variable: row in /var/www/html/erpm/View/site_master.php on line 318
[30-Dec-2022 10:00:02 Asia/Kolkata] PHP Notice:  Trying to access array offset on value of type null in /var/www/html/erpm/View/site_master.php on line 318
[30-Dec-2022 10:00:48 Asia/Kolkata] PHP Notice:  Undefined variable: row in /var/www/html/erpm/View/site_master.php on line 318
[30-Dec-2022 10:00:48 Asia/Kolkata] PHP Notice:  Trying to access array offset on value of type null in /var/www/html/erpm/View/site_master.php on line 318
[30-Dec-2022 10:00:48 Asia/Kolkata] PHP Notice:  Undefined variable: row in /var/www/html/erpm/View/site_master.php on line 318
[30-Dec-2022 10:00:48 Asia/Kolkata] PHP Notice:  Trying to access array offset on value of type null in /var/www/html/erpm/View/site_master.php on line 318
[30-Dec-2022 10:00:48 Asia/Kolkata] PHP Notice:  Undefined variable: row in /var/www/html/erpm/View/site_master.php on line 318
[30-Dec-2022 10:00:48 Asia/Kolkata] PHP Notice:  Trying to access array offset on value of type null in /var/www/html/erpm/View/site_master.php on line 318
[30-Dec-2022 10:03:09 Asia/Kolkata] PHP Notice:  Undefined variable: row in /var/www/html/erpm/View/site_master.php on line 317
[30-Dec-2022 10:03:09 Asia/Kolkata] PHP Notice:  Trying to access array offset on value of type null in /var/www/html/erpm/View/site_master.php on line 317
[30-Dec-2022 10:03:09 Asia/Kolkata] PHP Notice:  Undefined variable: row in /var/www/html/erpm/View/site_master.php on line 318
[30-Dec-2022 10:03:09 Asia/Kolkata] PHP Notice:  Trying to access array offset on value of type null in /var/www/html/erpm/View/site_master.php on line 318
[30-Dec-2022 10:03:09 Asia/Kolkata] PHP Notice:  Undefined variable: row in /var/www/html/erpm/View/site_master.php on line 317
[30-Dec-2022 10:03:09 Asia/Kolkata] PHP Notice:  Trying to access array offset on value of type null in /var/www/html/erpm/View/site_master.php on line 317
[30-Dec-2022 10:03:09 Asia/Kolkata] PHP Notice:  Undefined variable: row in /var/www/html/erpm/View/site_master.php on line 318
[30-Dec-2022 10:03:09 Asia/Kolkata] PHP Notice:  Trying to access array offset on value of type null in /var/www/html/erpm/View/site_master.php on line 318
[30-Dec-2022 10:03:09 Asia/Kolkata] PHP Notice:  Undefined variable: row in /var/www/html/erpm/View/site_master.php on line 317
[30-Dec-2022 10:03:09 Asia/Kolkata] PHP Notice:  Trying to access array offset on value of type null in /var/www/html/erpm/View/site_master.php on line 317
[30-Dec-2022 10:03:09 Asia/Kolkata] PHP Notice:  Undefined variable: row in /var/www/html/erpm/View/site_master.php on line 318
[30-Dec-2022 10:03:09 Asia/Kolkata] PHP Notice:  Trying to access array offset on value of type null in /var/www/html/erpm/View/site_master.php on line 318
[30-Dec-2022 10:05:15 Asia/Kolkata] PHP Notice:  Undefined index: __user_logid in /var/www/html/erpm/AppCode/nHead.php on line 2
[30-Dec-2022 10:05:17 Asia/Kolkata] PHP Warning:  mysqli_stmt::bind_param(): Number of elements in type definition string doesn't match number of bind variables in /var/www/html/erpm/Controller/ConLog.php on line 464
[30-Dec-2022 10:05:18 Asia/Kolkata] PHP Notice:  Trying to access array offset on value of type null in /var/www/html/erpm/View/index.php on line 346
[30-Dec-2022 10:05:25 Asia/Kolkata] PHP Notice:  Undefined variable: row in /var/www/html/erpm/View/site_master.php on line 319
[30-Dec-2022 10:05:25 Asia/Kolkata] PHP Notice:  Trying to access array offset on value of type null in /var/www/html/erpm/View/site_master.php on line 319
[30-Dec-2022 10:05:25 Asia/Kolkata] PHP Notice:  Undefined variable: row in /var/www/html/erpm/View/site_master.php on line 320
[30-Dec-2022 10:05:25 Asia/Kolkata] PHP Notice:  Trying to access array offset on value of type null in /var/www/html/erpm/View/site_master.php on line 320
[30-Dec-2022 10:05:25 Asia/Kolkata] PHP Notice:  Undefined variable: row in /var/www/html/erpm/View/site_master.php on line 319
[30-Dec-2022 10:05:25 Asia/Kolkata] PHP Notice:  Trying to access array offset on value of type null in /var/www/html/erpm/View/site_master.php on line 319
[30-Dec-2022 10:05:25 Asia/Kolkata] PHP Notice:  Undefined variable: row in /var/www/html/erpm/View/site_master.php on line 320
[30-Dec-2022 10:05:25 Asia/Kolkata] PHP Notice:  Trying to access array offset on value of type null in /var/www/html/erpm/View/site_master.php on line 320
[30-Dec-2022 10:05:25 Asia/Kolkata] PHP Notice:  Undefined variable: row in /var/www/html/erpm/View/site_master.php on line 319
[30-Dec-2022 10:05:25 Asia/Kolkata] PHP Notice:  Trying to access array offset on value of type null in /var/www/html/erpm/View/site_master.php on line 319
[30-Dec-2022 10:05:25 Asia/Kolkata] PHP Notice:  Undefined variable: row in /var/www/html/erpm/View/site_master.php on line 320
[30-Dec-2022 10:05:25 Asia/Kolkata] PHP Notice:  Trying to access array offset on value of type null in /var/www/html/erpm/View/site_master.php on line 320
[30-Dec-2022 10:06:04 Asia/Kolkata] PHP Notice:  Undefined variable: row in /var/www/html/erpm/View/site_master.php on line 319
[30-Dec-2022 10:06:04 Asia/Kolkata] PHP Notice:  Trying to access array offset on value of type null in /var/www/html/erpm/View/site_master.php on line 319
[30-Dec-2022 10:06:04 Asia/Kolkata] PHP Notice:  Undefined variable: row in /var/www/html/erpm/View/site_master.php on line 320
[30-Dec-2022 10:06:04 Asia/Kolkata] PHP Notice:  Trying to access array offset on value of type null in /var/www/html/erpm/View/site_master.php on line 320
[30-Dec-2022 10:06:04 Asia/Kolkata] PHP Notice:  Undefined variable: row in /var/www/html/erpm/View/site_master.php on line 319
[30-Dec-2022 10:06:04 Asia/Kolkata] PHP Notice:  Trying to access array offset on value of type null in /var/www/html/erpm/View/site_master.php on line 319
[30-Dec-2022 10:06:04 Asia/Kolkata] PHP Notice:  Undefined variable: row in /var/www/html/erpm/View/site_master.php on line 320
[30-Dec-2022 10:06:04 Asia/Kolkata] PHP Notice:  Trying to access array offset on value of type null in /var/www/html/erpm/View/site_master.php on line 320
[30-Dec-2022 10:06:04 Asia/Kolkata] PHP Notice:  Undefined variable: row in /var/www/html/erpm/View/site_master.php on line 319
[30-Dec-2022 10:06:04 Asia/Kolkata] PHP Notice:  Trying to access array offset on value of type null in /var/www/html/erpm/View/site_master.php on line 319
[30-Dec-2022 10:06:04 Asia/Kolkata] PHP Notice:  Undefined variable: row in /var/www/html/erpm/View/site_master.php on line 320
[30-Dec-2022 10:06:04 Asia/Kolkata] PHP Notice:  Trying to access array offset on value of type null in /var/www/html/erpm/View/site_master.php on line 320
[30-Dec-2022 10:06:48 Asia/Kolkata] PHP Notice:  Undefined variable: row in /var/www/html/erpm/View/site_master.php on line 319
[30-Dec-2022 10:06:48 Asia/Kolkata] PHP Notice:  Trying to access array offset on value of type null in /var/www/html/erpm/View/site_master.php on line 319
[30-Dec-2022 10:06:48 Asia/Kolkata] PHP Notice:  Undefined variable: row in /var/www/html/erpm/View/site_master.php on line 320
[30-Dec-2022 10:06:48 Asia/Kolkata] PHP Notice:  Trying to access array offset on value of type null in /var/www/html/erpm/View/site_master.php on line 320
[30-Dec-2022 10:06:48 Asia/Kolkata] PHP Notice:  Undefined variable: row in /var/www/html/erpm/View/site_master.php on line 319
[30-Dec-2022 10:06:48 Asia/Kolkata] PHP Notice:  Trying to access array offset on value of type null in /var/www/html/erpm/View/site_master.php on line 319
[30-Dec-2022 10:06:48 Asia/Kolkata] PHP Notice:  Undefined variable: row in /var/www/html/erpm/View/site_master.php on line 320
[30-Dec-2022 10:06:48 Asia/Kolkata] PHP Notice:  Trying to access array offset on value of type null in /var/www/html/erpm/View/site_master.php on line 320
[30-Dec-2022 10:06:48 Asia/Kolkata] PHP Notice:  Undefined variable: row in /var/www/html/erpm/View/site_master.php on line 319
[30-Dec-2022 10:06:48 Asia/Kolkata] PHP Notice:  Trying to access array offset on value of type null in /var/www/html/erpm/View/site_master.php on line 319
[30-Dec-2022 10:06:48 Asia/Kolkata] PHP Notice:  Undefined variable: row in /var/www/html/erpm/View/site_master.php on line 320
[30-Dec-2022 10:06:48 Asia/Kolkata] PHP Notice:  Trying to access array offset on value of type null in /var/www/html/erpm/View/site_master.php on line 320
[30-Dec-2022 10:09:26 Asia/Kolkata] PHP Notice:  Undefined variable: row in /var/www/html/erpm/View/site_master.php on line 319
[30-Dec-2022 10:09:26 Asia/Kolkata] PHP Notice:  Trying to access array offset on value of type null in /var/www/html/erpm/View/site_master.php on line 319
[30-Dec-2022 10:09:26 Asia/Kolkata] PHP Notice:  Undefined variable: row in /var/www/html/erpm/View/site_master.php on line 320
[30-Dec-2022 10:09:26 Asia/Kolkata] PHP Notice:  Trying to access array offset on value of type null in /var/www/html/erpm/View/site_master.php on line 320
[30-Dec-2022 10:09:26 Asia/Kolkata] PHP Notice:  Undefined variable: row in /var/www/html/erpm/View/site_master.php on line 319
[30-Dec-2022 10:09:26 Asia/Kolkata] PHP Notice:  Trying to access array offset on value of type null in /var/www/html/erpm/View/site_master.php on line 319
[30-Dec-2022 10:09:26 Asia/Kolkata] PHP Notice:  Undefined variable: row in /var/www/html/erpm/View/site_master.php on line 320
[30-Dec-2022 10:09:26 Asia/Kolkata] PHP Notice:  Trying to access array offset on value of type null in /var/www/html/erpm/View/site_master.php on line 320
[30-Dec-2022 10:09:26 Asia/Kolkata] PHP Notice:  Undefined variable: row in /var/www/html/erpm/View/site_master.php on line 319
[30-Dec-2022 10:09:26 Asia/Kolkata] PHP Notice:  Trying to access array offset on value of type null in /var/www/html/erpm/View/site_master.php on line 319
[30-Dec-2022 10:09:26 Asia/Kolkata] PHP Notice:  Undefined variable: row in /var/www/html/erpm/View/site_master.php on line 320
[30-Dec-2022 10:09:26 Asia/Kolkata] PHP Notice:  Trying to access array offset on value of type null in /var/www/html/erpm/View/site_master.php on line 320
[30-Dec-2022 10:09:38 Asia/Kolkata] PHP Notice:  Undefined variable: row in /var/www/html/erpm/View/site_master.php on line 319
[30-Dec-2022 10:09:38 Asia/Kolkata] PHP Notice:  Trying to access array offset on value of type null in /var/www/html/erpm/View/site_master.php on line 319
[30-Dec-2022 10:09:38 Asia/Kolkata] PHP Notice:  Undefined variable: row in /var/www/html/erpm/View/site_master.php on line 320
[30-Dec-2022 10:09:38 Asia/Kolkata] PHP Notice:  Trying to access array offset on value of type null in /var/www/html/erpm/View/site_master.php on line 320
[30-Dec-2022 10:09:38 Asia/Kolkata] PHP Notice:  Undefined variable: row in /var/www/html/erpm/View/site_master.php on line 319
[30-Dec-2022 10:09:38 Asia/Kolkata] PHP Notice:  Trying to access array offset on value of type null in /var/www/html/erpm/View/site_master.php on line 319
[30-Dec-2022 10:09:38 Asia/Kolkata] PHP Notice:  Undefined variable: row in /var/www/html/erpm/View/site_master.php on line 320
[30-Dec-2022 10:09:38 Asia/Kolkata] PHP Notice:  Trying to access array offset on value of type null in /var/www/html/erpm/View/site_master.php on line 320
[30-Dec-2022 10:09:38 Asia/Kolkata] PHP Notice:  Undefined variable: row in /var/www/html/erpm/View/site_master.php on line 319
[30-Dec-2022 10:09:38 Asia/Kolkata] PHP Notice:  Trying to access array offset on value of type null in /var/www/html/erpm/View/site_master.php on line 319
[30-Dec-2022 10:09:38 Asia/Kolkata] PHP Notice:  Undefined variable: row in /var/www/html/erpm/View/site_master.php on line 320
[30-Dec-2022 10:09:38 Asia/Kolkata] PHP Notice:  Trying to access array offset on value of type null in /var/www/html/erpm/View/site_master.php on line 320
[30-Dec-2022 10:10:25 Asia/Kolkata] PHP Notice:  Undefined index: __user_logid in /var/www/html/erpm/AppCode/nHead.php on line 2
[30-Dec-2022 10:10:27 Asia/Kolkata] PHP Warning:  mysqli_stmt::bind_param(): Number of elements in type definition string doesn't match number of bind variables in /var/www/html/erpm/Controller/ConLog.php on line 464
[30-Dec-2022 10:10:28 Asia/Kolkata] PHP Notice:  Trying to access array offset on value of type null in /var/www/html/erpm/View/index.php on line 346
[30-Dec-2022 10:10:32 Asia/Kolkata] PHP Notice:  Undefined variable: row in /var/www/html/erpm/View/site_master.php on line 319
[30-Dec-2022 10:10:32 Asia/Kolkata] PHP Notice:  Trying to access array offset on value of type null in /var/www/html/erpm/View/site_master.php on line 319
[30-Dec-2022 10:10:32 Asia/Kolkata] PHP Notice:  Undefined variable: row in /var/www/html/erpm/View/site_master.php on line 320
[30-Dec-2022 10:10:32 Asia/Kolkata] PHP Notice:  Trying to access array offset on value of type null in /var/www/html/erpm/View/site_master.php on line 320
[30-Dec-2022 10:10:32 Asia/Kolkata] PHP Notice:  Undefined variable: row in /var/www/html/erpm/View/site_master.php on line 319
[30-Dec-2022 10:10:32 Asia/Kolkata] PHP Notice:  Trying to access array offset on value of type null in /var/www/html/erpm/View/site_master.php on line 319
[30-Dec-2022 10:10:32 Asia/Kolkata] PHP Notice:  Undefined variable: row in /var/www/html/erpm/View/site_master.php on line 320
[30-Dec-2022 10:10:32 Asia/Kolkata] PHP Notice:  Trying to access array offset on value of type null in /var/www/html/erpm/View/site_master.php on line 320
[30-Dec-2022 10:10:32 Asia/Kolkata] PHP Notice:  Undefined variable: row in /var/www/html/erpm/View/site_master.php on line 319
[30-Dec-2022 10:10:32 Asia/Kolkata] PHP Notice:  Trying to access array offset on value of type null in /var/www/html/erpm/View/site_master.php on line 319
[30-Dec-2022 10:10:32 Asia/Kolkata] PHP Notice:  Undefined variable: row in /var/www/html/erpm/View/site_master.php on line 320
[30-Dec-2022 10:10:32 Asia/Kolkata] PHP Notice:  Trying to access array offset on value of type null in /var/www/html/erpm/View/site_master.php on line 320
[30-Dec-2022 10:12:54 Asia/Kolkata] PHP Notice:  Undefined variable: row in /var/www/html/erpm/View/site_master.php on line 319
[30-Dec-2022 10:12:54 Asia/Kolkata] PHP Notice:  Trying to access array offset on value of type null in /var/www/html/erpm/View/site_master.php on line 319
[30-Dec-2022 10:12:54 Asia/Kolkata] PHP Notice:  Undefined variable: row in /var/www/html/erpm/View/site_master.php on line 320
[30-Dec-2022 10:12:54 Asia/Kolkata] PHP Notice:  Trying to access array offset on value of type null in /var/www/html/erpm/View/site_master.php on line 320
[30-Dec-2022 10:12:54 Asia/Kolkata] PHP Notice:  Undefined variable: row in /var/www/html/erpm/View/site_master.php on line 319
[30-Dec-2022 10:12:54 Asia/Kolkata] PHP Notice:  Trying to access array offset on value of type null in /var/www/html/erpm/View/site_master.php on line 319
[30-Dec-2022 10:12:54 Asia/Kolkata] PHP Notice:  Undefined variable: row in /var/www/html/erpm/View/site_master.php on line 320
[30-Dec-2022 10:12:54 Asia/Kolkata] PHP Notice:  Trying to access array offset on value of type null in /var/www/html/erpm/View/site_master.php on line 320
[30-Dec-2022 10:12:54 Asia/Kolkata] PHP Notice:  Undefined variable: row in /var/www/html/erpm/View/site_master.php on line 319
[30-Dec-2022 10:12:54 Asia/Kolkata] PHP Notice:  Trying to access array offset on value of type null in /var/www/html/erpm/View/site_master.php on line 319
[30-Dec-2022 10:12:54 Asia/Kolkata] PHP Notice:  Undefined variable: row in /var/www/html/erpm/View/site_master.php on line 320
[30-Dec-2022 10:12:54 Asia/Kolkata] PHP Notice:  Trying to access array offset on value of type null in /var/www/html/erpm/View/site_master.php on line 320
[30-Dec-2022 10:15:06 Asia/Kolkata] PHP Notice:  Undefined variable: row in /var/www/html/erpm/View/site_master.php on line 319
[30-Dec-2022 10:15:06 Asia/Kolkata] PHP Notice:  Trying to access array offset on value of type null in /var/www/html/erpm/View/site_master.php on line 319
[30-Dec-2022 10:15:06 Asia/Kolkata] PHP Notice:  Undefined variable: row in /var/www/html/erpm/View/site_master.php on line 320
[30-Dec-2022 10:15:06 Asia/Kolkata] PHP Notice:  Trying to access array offset on value of type null in /var/www/html/erpm/View/site_master.php on line 320
[30-Dec-2022 10:15:06 Asia/Kolkata] PHP Notice:  Undefined variable: row in /var/www/html/erpm/View/site_master.php on line 319
[30-Dec-2022 10:15:06 Asia/Kolkata] PHP Notice:  Trying to access array offset on value of type null in /var/www/html/erpm/View/site_master.php on line 319
[30-Dec-2022 10:15:06 Asia/Kolkata] PHP Notice:  Undefined variable: row in /var/www/html/erpm/View/site_master.php on line 320
[30-Dec-2022 10:15:06 Asia/Kolkata] PHP Notice:  Trying to access array offset on value of type null in /var/www/html/erpm/View/site_master.php on line 320
[30-Dec-2022 10:15:06 Asia/Kolkata] PHP Notice:  Undefined variable: row in /var/www/html/erpm/View/site_master.php on line 319
[30-Dec-2022 10:15:06 Asia/Kolkata] PHP Notice:  Trying to access array offset on value of type null in /var/www/html/erpm/View/site_master.php on line 319
[30-Dec-2022 10:15:06 Asia/Kolkata] PHP Notice:  Undefined variable: row in /var/www/html/erpm/View/site_master.php on line 320
[30-Dec-2022 10:15:06 Asia/Kolkata] PHP Notice:  Trying to access array offset on value of type null in /var/www/html/erpm/View/site_master.php on line 320
[30-Dec-2022 10:15:36 Asia/Kolkata] PHP Notice:  Undefined index: __user_logid in /var/www/html/erpm/AppCode/nHead.php on line 2
[30-Dec-2022 10:15:39 Asia/Kolkata] PHP Warning:  mysqli_stmt::bind_param(): Number of elements in type definition string doesn't match number of bind variables in /var/www/html/erpm/Controller/ConLog.php on line 464
[30-Dec-2022 10:15:40 Asia/Kolkata] PHP Notice:  Trying to access array offset on value of type null in /var/www/html/erpm/View/index.php on line 346
[30-Dec-2022 10:15:43 Asia/Kolkata] PHP Notice:  Undefined variable: row in /var/www/html/erpm/View/site_master.php on line 319
[30-Dec-2022 10:15:43 Asia/Kolkata] PHP Notice:  Trying to access array offset on value of type null in /var/www/html/erpm/View/site_master.php on line 319
[30-Dec-2022 10:15:43 Asia/Kolkata] PHP Notice:  Undefined variable: row in /var/www/html/erpm/View/site_master.php on line 320
[30-Dec-2022 10:15:43 Asia/Kolkata] PHP Notice:  Trying to access array offset on value of type null in /var/www/html/erpm/View/site_master.php on line 320
[30-Dec-2022 10:15:43 Asia/Kolkata] PHP Notice:  Undefined variable: row in /var/www/html/erpm/View/site_master.php on line 319
[30-Dec-2022 10:15:43 Asia/Kolkata] PHP Notice:  Trying to access array offset on value of type null in /var/www/html/erpm/View/site_master.php on line 319
[30-Dec-2022 10:15:43 Asia/Kolkata] PHP Notice:  Undefined variable: row in /var/www/html/erpm/View/site_master.php on line 320
[30-Dec-2022 10:15:43 Asia/Kolkata] PHP Notice:  Trying to access array offset on value of type null in /var/www/html/erpm/View/site_master.php on line 320
[30-Dec-2022 10:15:43 Asia/Kolkata] PHP Notice:  Undefined variable: row in /var/www/html/erpm/View/site_master.php on line 319
[30-Dec-2022 10:15:43 Asia/Kolkata] PHP Notice:  Trying to access array offset on value of type null in /var/www/html/erpm/View/site_master.php on line 319
[30-Dec-2022 10:15:43 Asia/Kolkata] PHP Notice:  Undefined variable: row in /var/www/html/erpm/View/site_master.php on line 320
[30-Dec-2022 10:15:43 Asia/Kolkata] PHP Notice:  Trying to access array offset on value of type null in /var/www/html/erpm/View/site_master.php on line 320
[30-Dec-2022 10:18:25 Asia/Kolkata] PHP Notice:  Undefined variable: row in /var/www/html/erpm/View/site_master.php on line 319
[30-Dec-2022 10:18:25 Asia/Kolkata] PHP Notice:  Trying to access array offset on value of type null in /var/www/html/erpm/View/site_master.php on line 319
[30-Dec-2022 10:18:25 Asia/Kolkata] PHP Notice:  Undefined variable: row in /var/www/html/erpm/View/site_master.php on line 320
[30-Dec-2022 10:18:25 Asia/Kolkata] PHP Notice:  Trying to access array offset on value of type null in /var/www/html/erpm/View/site_master.php on line 320
[30-Dec-2022 10:18:25 Asia/Kolkata] PHP Notice:  Undefined variable: row in /var/www/html/erpm/View/site_master.php on line 319
[30-Dec-2022 10:18:25 Asia/Kolkata] PHP Notice:  Trying to access array offset on value of type null in /var/www/html/erpm/View/site_master.php on line 319
[30-Dec-2022 10:18:25 Asia/Kolkata] PHP Notice:  Undefined variable: row in /var/www/html/erpm/View/site_master.php on line 320
[30-Dec-2022 10:18:25 Asia/Kolkata] PHP Notice:  Trying to access array offset on value of type null in /var/www/html/erpm/View/site_master.php on line 320
[30-Dec-2022 10:18:25 Asia/Kolkata] PHP Notice:  Undefined variable: row in /var/www/html/erpm/View/site_master.php on line 319
[30-Dec-2022 10:18:25 Asia/Kolkata] PHP Notice:  Trying to access array offset on value of type null in /var/www/html/erpm/View/site_master.php on line 319
[30-Dec-2022 10:18:25 Asia/Kolkata] PHP Notice:  Undefined variable: row in /var/www/html/erpm/View/site_master.php on line 320
[30-Dec-2022 10:18:25 Asia/Kolkata] PHP Notice:  Trying to access array offset on value of type null in /var/www/html/erpm/View/site_master.php on line 320
[30-Dec-2022 10:18:47 Asia/Kolkata] PHP Notice:  Undefined variable: row in /var/www/html/erpm/View/site_master.php on line 319
[30-Dec-2022 10:18:47 Asia/Kolkata] PHP Notice:  Trying to access array offset on value of type null in /var/www/html/erpm/View/site_master.php on line 319
[30-Dec-2022 10:18:47 Asia/Kolkata] PHP Notice:  Undefined variable: row in /var/www/html/erpm/View/site_master.php on line 320
[30-Dec-2022 10:18:47 Asia/Kolkata] PHP Notice:  Trying to access array offset on value of type null in /var/www/html/erpm/View/site_master.php on line 320
[30-Dec-2022 10:18:47 Asia/Kolkata] PHP Notice:  Undefined variable: row in /var/www/html/erpm/View/site_master.php on line 319
[30-Dec-2022 10:18:47 Asia/Kolkata] PHP Notice:  Trying to access array offset on value of type null in /var/www/html/erpm/View/site_master.php on line 319
[30-Dec-2022 10:18:47 Asia/Kolkata] PHP Notice:  Undefined variable: row in /var/www/html/erpm/View/site_master.php on line 320
[30-Dec-2022 10:18:47 Asia/Kolkata] PHP Notice:  Trying to access array offset on value of type null in /var/www/html/erpm/View/site_master.php on line 320
[30-Dec-2022 10:18:47 Asia/Kolkata] PHP Notice:  Undefined variable: row in /var/www/html/erpm/View/site_master.php on line 319
[30-Dec-2022 10:18:47 Asia/Kolkata] PHP Notice:  Trying to access array offset on value of type null in /var/www/html/erpm/View/site_master.php on line 319
[30-Dec-2022 10:18:47 Asia/Kolkata] PHP Notice:  Undefined variable: row in /var/www/html/erpm/View/site_master.php on line 320
[30-Dec-2022 10:18:47 Asia/Kolkata] PHP Notice:  Trying to access array offset on value of type null in /var/www/html/erpm/View/site_master.php on line 320
[30-Dec-2022 10:19:07 Asia/Kolkata] PHP Notice:  Undefined variable: row in /var/www/html/erpm/View/site_master.php on line 319
[30-Dec-2022 10:19:07 Asia/Kolkata] PHP Notice:  Trying to access array offset on value of type null in /var/www/html/erpm/View/site_master.php on line 319
[30-Dec-2022 10:19:07 Asia/Kolkata] PHP Notice:  Undefined variable: row in /var/www/html/erpm/View/site_master.php on line 320
[30-Dec-2022 10:19:07 Asia/Kolkata] PHP Notice:  Trying to access array offset on value of type null in /var/www/html/erpm/View/site_master.php on line 320
[30-Dec-2022 10:19:07 Asia/Kolkata] PHP Notice:  Undefined variable: row in /var/www/html/erpm/View/site_master.php on line 319
[30-Dec-2022 10:19:07 Asia/Kolkata] PHP Notice:  Trying to access array offset on value of type null in /var/www/html/erpm/View/site_master.php on line 319
[30-Dec-2022 10:19:07 Asia/Kolkata] PHP Notice:  Undefined variable: row in /var/www/html/erpm/View/site_master.php on line 320
[30-Dec-2022 10:19:07 Asia/Kolkata] PHP Notice:  Trying to access array offset on value of type null in /var/www/html/erpm/View/site_master.php on line 320
[30-Dec-2022 10:19:07 Asia/Kolkata] PHP Notice:  Undefined variable: row in /var/www/html/erpm/View/site_master.php on line 319
[30-Dec-2022 10:19:07 Asia/Kolkata] PHP Notice:  Trying to access array offset on value of type null in /var/www/html/erpm/View/site_master.php on line 319
[30-Dec-2022 10:19:07 Asia/Kolkata] PHP Notice:  Undefined variable: row in /var/www/html/erpm/View/site_master.php on line 320
[30-Dec-2022 10:19:07 Asia/Kolkata] PHP Notice:  Trying to access array offset on value of type null in /var/www/html/erpm/View/site_master.php on line 320
[30-Dec-2022 10:22:14 Asia/Kolkata] PHP Notice:  Undefined index: __user_logid in /var/www/html/erpm/AppCode/nHead.php on line 2
[30-Dec-2022 10:22:16 Asia/Kolkata] PHP Warning:  mysqli_stmt::bind_param(): Number of elements in type definition string doesn't match number of bind variables in /var/www/html/erpm/Controller/ConLog.php on line 464
[30-Dec-2022 10:22:17 Asia/Kolkata] PHP Notice:  Trying to access array offset on value of type null in /var/www/html/erpm/View/index.php on line 346
[30-Dec-2022 10:22:20 Asia/Kolkata] PHP Notice:  Undefined variable: row in /var/www/html/erpm/View/site_master.php on line 319
[30-Dec-2022 10:22:20 Asia/Kolkata] PHP Notice:  Trying to access array offset on value of type null in /var/www/html/erpm/View/site_master.php on line 319
[30-Dec-2022 10:22:20 Asia/Kolkata] PHP Notice:  Undefined variable: row in /var/www/html/erpm/View/site_master.php on line 320
[30-Dec-2022 10:22:20 Asia/Kolkata] PHP Notice:  Trying to access array offset on value of type null in /var/www/html/erpm/View/site_master.php on line 320
[30-Dec-2022 10:22:20 Asia/Kolkata] PHP Notice:  Undefined variable: row in /var/www/html/erpm/View/site_master.php on line 319
[30-Dec-2022 10:22:20 Asia/Kolkata] PHP Notice:  Trying to access array offset on value of type null in /var/www/html/erpm/View/site_master.php on line 319
[30-Dec-2022 10:22:20 Asia/Kolkata] PHP Notice:  Undefined variable: row in /var/www/html/erpm/View/site_master.php on line 320
[30-Dec-2022 10:22:20 Asia/Kolkata] PHP Notice:  Trying to access array offset on value of type null in /var/www/html/erpm/View/site_master.php on line 320
[30-Dec-2022 10:22:20 Asia/Kolkata] PHP Notice:  Undefined variable: row in /var/www/html/erpm/View/site_master.php on line 319
[30-Dec-2022 10:22:20 Asia/Kolkata] PHP Notice:  Trying to access array offset on value of type null in /var/www/html/erpm/View/site_master.php on line 319
[30-Dec-2022 10:22:20 Asia/Kolkata] PHP Notice:  Undefined variable: row in /var/www/html/erpm/View/site_master.php on line 320
[30-Dec-2022 10:22:20 Asia/Kolkata] PHP Notice:  Trying to access array offset on value of type null in /var/www/html/erpm/View/site_master.php on line 320
[30-Dec-2022 10:22:43 Asia/Kolkata] PHP Notice:  Undefined variable: row in /var/www/html/erpm/View/site_master.php on line 319
[30-Dec-2022 10:22:43 Asia/Kolkata] PHP Notice:  Trying to access array offset on value of type null in /var/www/html/erpm/View/site_master.php on line 319
[30-Dec-2022 10:22:43 Asia/Kolkata] PHP Notice:  Undefined variable: row in /var/www/html/erpm/View/site_master.php on line 320
[30-Dec-2022 10:22:43 Asia/Kolkata] PHP Notice:  Trying to access array offset on value of type null in /var/www/html/erpm/View/site_master.php on line 320
[30-Dec-2022 10:22:43 Asia/Kolkata] PHP Notice:  Undefined variable: row in /var/www/html/erpm/View/site_master.php on line 319
[30-Dec-2022 10:22:43 Asia/Kolkata] PHP Notice:  Trying to access array offset on value of type null in /var/www/html/erpm/View/site_master.php on line 319
[30-Dec-2022 10:22:43 Asia/Kolkata] PHP Notice:  Undefined variable: row in /var/www/html/erpm/View/site_master.php on line 320
[30-Dec-2022 10:22:43 Asia/Kolkata] PHP Notice:  Trying to access array offset on value of type null in /var/www/html/erpm/View/site_master.php on line 320
[30-Dec-2022 10:22:43 Asia/Kolkata] PHP Notice:  Undefined variable: row in /var/www/html/erpm/View/site_master.php on line 319
[30-Dec-2022 10:22:43 Asia/Kolkata] PHP Notice:  Trying to access array offset on value of type null in /var/www/html/erpm/View/site_master.php on line 319
[30-Dec-2022 10:22:43 Asia/Kolkata] PHP Notice:  Undefined variable: row in /var/www/html/erpm/View/site_master.php on line 320
[30-Dec-2022 10:22:43 Asia/Kolkata] PHP Notice:  Trying to access array offset on value of type null in /var/www/html/erpm/View/site_master.php on line 320
[30-Dec-2022 10:22:57 Asia/Kolkata] PHP Notice:  Undefined variable: row in /var/www/html/erpm/View/site_master.php on line 319
[30-Dec-2022 10:22:57 Asia/Kolkata] PHP Notice:  Trying to access array offset on value of type null in /var/www/html/erpm/View/site_master.php on line 319
[30-Dec-2022 10:22:57 Asia/Kolkata] PHP Notice:  Undefined variable: row in /var/www/html/erpm/View/site_master.php on line 320
[30-Dec-2022 10:22:57 Asia/Kolkata] PHP Notice:  Trying to access array offset on value of type null in /var/www/html/erpm/View/site_master.php on line 320
[30-Dec-2022 10:22:57 Asia/Kolkata] PHP Notice:  Undefined variable: row in /var/www/html/erpm/View/site_master.php on line 319
[30-Dec-2022 10:22:57 Asia/Kolkata] PHP Notice:  Trying to access array offset on value of type null in /var/www/html/erpm/View/site_master.php on line 319
[30-Dec-2022 10:22:57 Asia/Kolkata] PHP Notice:  Undefined variable: row in /var/www/html/erpm/View/site_master.php on line 320
[30-Dec-2022 10:22:57 Asia/Kolkata] PHP Notice:  Trying to access array offset on value of type null in /var/www/html/erpm/View/site_master.php on line 320
[30-Dec-2022 10:22:57 Asia/Kolkata] PHP Notice:  Undefined variable: row in /var/www/html/erpm/View/site_master.php on line 319
[30-Dec-2022 10:22:57 Asia/Kolkata] PHP Notice:  Trying to access array offset on value of type null in /var/www/html/erpm/View/site_master.php on line 319
[30-Dec-2022 10:22:57 Asia/Kolkata] PHP Notice:  Undefined variable: row in /var/www/html/erpm/View/site_master.php on line 320
[30-Dec-2022 10:22:57 Asia/Kolkata] PHP Notice:  Trying to access array offset on value of type null in /var/www/html/erpm/View/site_master.php on line 320
[30-Dec-2022 10:32:03 Asia/Kolkata] PHP Notice:  Undefined index: __user_logid in /var/www/html/erpm/AppCode/nHead.php on line 2
[30-Dec-2022 10:32:06 Asia/Kolkata] PHP Warning:  mysqli_stmt::bind_param(): Number of elements in type definition string doesn't match number of bind variables in /var/www/html/erpm/Controller/ConLog.php on line 464
[30-Dec-2022 10:32:06 Asia/Kolkata] PHP Notice:  Trying to access array offset on value of type null in /var/www/html/erpm/View/index.php on line 346
[30-Dec-2022 10:32:11 Asia/Kolkata] PHP Notice:  Undefined variable: row in /var/www/html/erpm/View/site_master.php on line 319
[30-Dec-2022 10:32:11 Asia/Kolkata] PHP Notice:  Trying to access array offset on value of type null in /var/www/html/erpm/View/site_master.php on line 319
[30-Dec-2022 10:32:11 Asia/Kolkata] PHP Notice:  Undefined variable: row in /var/www/html/erpm/View/site_master.php on line 320
[30-Dec-2022 10:32:11 Asia/Kolkata] PHP Notice:  Trying to access array offset on value of type null in /var/www/html/erpm/View/site_master.php on line 320
[30-Dec-2022 10:32:11 Asia/Kolkata] PHP Notice:  Undefined variable: row in /var/www/html/erpm/View/site_master.php on line 319
[30-Dec-2022 10:32:11 Asia/Kolkata] PHP Notice:  Trying to access array offset on value of type null in /var/www/html/erpm/View/site_master.php on line 319
[30-Dec-2022 10:32:11 Asia/Kolkata] PHP Notice:  Undefined variable: row in /var/www/html/erpm/View/site_master.php on line 320
[30-Dec-2022 10:32:11 Asia/Kolkata] PHP Notice:  Trying to access array offset on value of type null in /var/www/html/erpm/View/site_master.php on line 320
[30-Dec-2022 10:32:11 Asia/Kolkata] PHP Notice:  Undefined variable: row in /var/www/html/erpm/View/site_master.php on line 319
[30-Dec-2022 10:32:11 Asia/Kolkata] PHP Notice:  Trying to access array offset on value of type null in /var/www/html/erpm/View/site_master.php on line 319
[30-Dec-2022 10:32:11 Asia/Kolkata] PHP Notice:  Undefined variable: row in /var/www/html/erpm/View/site_master.php on line 320
[30-Dec-2022 10:32:11 Asia/Kolkata] PHP Notice:  Trying to access array offset on value of type null in /var/www/html/erpm/View/site_master.php on line 320
[30-Dec-2022 10:33:02 Asia/Kolkata] PHP Notice:  Undefined variable: row in /var/www/html/erpm/View/site_master.php on line 319
[30-Dec-2022 10:33:02 Asia/Kolkata] PHP Notice:  Trying to access array offset on value of type null in /var/www/html/erpm/View/site_master.php on line 319
[30-Dec-2022 10:33:02 Asia/Kolkata] PHP Notice:  Undefined variable: row in /var/www/html/erpm/View/site_master.php on line 320
[30-Dec-2022 10:33:02 Asia/Kolkata] PHP Notice:  Trying to access array offset on value of type null in /var/www/html/erpm/View/site_master.php on line 320
[30-Dec-2022 10:33:02 Asia/Kolkata] PHP Notice:  Undefined variable: row in /var/www/html/erpm/View/site_master.php on line 319
[30-Dec-2022 10:33:02 Asia/Kolkata] PHP Notice:  Trying to access array offset on value of type null in /var/www/html/erpm/View/site_master.php on line 319
[30-Dec-2022 10:33:02 Asia/Kolkata] PHP Notice:  Undefined variable: row in /var/www/html/erpm/View/site_master.php on line 320
[30-Dec-2022 10:33:02 Asia/Kolkata] PHP Notice:  Trying to access array offset on value of type null in /var/www/html/erpm/View/site_master.php on line 320
[30-Dec-2022 10:33:02 Asia/Kolkata] PHP Notice:  Undefined variable: row in /var/www/html/erpm/View/site_master.php on line 319
[30-Dec-2022 10:33:02 Asia/Kolkata] PHP Notice:  Trying to access array offset on value of type null in /var/www/html/erpm/View/site_master.php on line 319
[30-Dec-2022 10:33:02 Asia/Kolkata] PHP Notice:  Undefined variable: row in /var/www/html/erpm/View/site_master.php on line 320
[30-Dec-2022 10:33:02 Asia/Kolkata] PHP Notice:  Trying to access array offset on value of type null in /var/www/html/erpm/View/site_master.php on line 320
[30-Dec-2022 10:33:25 Asia/Kolkata] PHP Notice:  Undefined variable: row in /var/www/html/erpm/View/site_master.php on line 319
[30-Dec-2022 10:33:25 Asia/Kolkata] PHP Notice:  Trying to access array offset on value of type null in /var/www/html/erpm/View/site_master.php on line 319
[30-Dec-2022 10:33:25 Asia/Kolkata] PHP Notice:  Undefined variable: row in /var/www/html/erpm/View/site_master.php on line 320
[30-Dec-2022 10:33:25 Asia/Kolkata] PHP Notice:  Trying to access array offset on value of type null in /var/www/html/erpm/View/site_master.php on line 320
[30-Dec-2022 10:33:25 Asia/Kolkata] PHP Notice:  Undefined variable: row in /var/www/html/erpm/View/site_master.php on line 319
[30-Dec-2022 10:33:25 Asia/Kolkata] PHP Notice:  Trying to access array offset on value of type null in /var/www/html/erpm/View/site_master.php on line 319
[30-Dec-2022 10:33:25 Asia/Kolkata] PHP Notice:  Undefined variable: row in /var/www/html/erpm/View/site_master.php on line 320
[30-Dec-2022 10:33:25 Asia/Kolkata] PHP Notice:  Trying to access array offset on value of type null in /var/www/html/erpm/View/site_master.php on line 320
[30-Dec-2022 10:33:25 Asia/Kolkata] PHP Notice:  Undefined variable: row in /var/www/html/erpm/View/site_master.php on line 319
[30-Dec-2022 10:33:25 Asia/Kolkata] PHP Notice:  Trying to access array offset on value of type null in /var/www/html/erpm/View/site_master.php on line 319
[30-Dec-2022 10:33:25 Asia/Kolkata] PHP Notice:  Undefined variable: row in /var/www/html/erpm/View/site_master.php on line 320
[30-Dec-2022 10:33:25 Asia/Kolkata] PHP Notice:  Trying to access array offset on value of type null in /var/www/html/erpm/View/site_master.php on line 320
[30-Dec-2022 10:34:01 Asia/Kolkata] PHP Notice:  Undefined variable: row in /var/www/html/erpm/View/site_master.php on line 319
[30-Dec-2022 10:34:01 Asia/Kolkata] PHP Notice:  Trying to access array offset on value of type null in /var/www/html/erpm/View/site_master.php on line 319
[30-Dec-2022 10:34:01 Asia/Kolkata] PHP Notice:  Undefined variable: row in /var/www/html/erpm/View/site_master.php on line 320
[30-Dec-2022 10:34:01 Asia/Kolkata] PHP Notice:  Trying to access array offset on value of type null in /var/www/html/erpm/View/site_master.php on line 320
[30-Dec-2022 10:34:01 Asia/Kolkata] PHP Notice:  Undefined variable: row in /var/www/html/erpm/View/site_master.php on line 319
[30-Dec-2022 10:34:01 Asia/Kolkata] PHP Notice:  Trying to access array offset on value of type null in /var/www/html/erpm/View/site_master.php on line 319
[30-Dec-2022 10:34:01 Asia/Kolkata] PHP Notice:  Undefined variable: row in /var/www/html/erpm/View/site_master.php on line 320
[30-Dec-2022 10:34:01 Asia/Kolkata] PHP Notice:  Trying to access array offset on value of type null in /var/www/html/erpm/View/site_master.php on line 320
[30-Dec-2022 10:34:01 Asia/Kolkata] PHP Notice:  Undefined variable: row in /var/www/html/erpm/View/site_master.php on line 319
[30-Dec-2022 10:34:01 Asia/Kolkata] PHP Notice:  Trying to access array offset on value of type null in /var/www/html/erpm/View/site_master.php on line 319
[30-Dec-2022 10:34:01 Asia/Kolkata] PHP Notice:  Undefined variable: row in /var/www/html/erpm/View/site_master.php on line 320
[30-Dec-2022 10:34:01 Asia/Kolkata] PHP Notice:  Trying to access array offset on value of type null in /var/www/html/erpm/View/site_master.php on line 320
[30-Dec-2022 10:36:16 Asia/Kolkata] PHP Notice:  Undefined variable: row in /var/www/html/erpm/View/site_master.php on line 319
[30-Dec-2022 10:36:16 Asia/Kolkata] PHP Notice:  Trying to access array offset on value of type null in /var/www/html/erpm/View/site_master.php on line 319
[30-Dec-2022 10:36:16 Asia/Kolkata] PHP Notice:  Undefined variable: row in /var/www/html/erpm/View/site_master.php on line 320
[30-Dec-2022 10:36:16 Asia/Kolkata] PHP Notice:  Trying to access array offset on value of type null in /var/www/html/erpm/View/site_master.php on line 320
[30-Dec-2022 10:36:16 Asia/Kolkata] PHP Notice:  Undefined variable: row in /var/www/html/erpm/View/site_master.php on line 319
[30-Dec-2022 10:36:16 Asia/Kolkata] PHP Notice:  Trying to access array offset on value of type null in /var/www/html/erpm/View/site_master.php on line 319
[30-Dec-2022 10:36:16 Asia/Kolkata] PHP Notice:  Undefined variable: row in /var/www/html/erpm/View/site_master.php on line 320
[30-Dec-2022 10:36:16 Asia/Kolkata] PHP Notice:  Trying to access array offset on value of type null in /var/www/html/erpm/View/site_master.php on line 320
[30-Dec-2022 10:36:16 Asia/Kolkata] PHP Notice:  Undefined variable: row in /var/www/html/erpm/View/site_master.php on line 319
[30-Dec-2022 10:36:16 Asia/Kolkata] PHP Notice:  Trying to access array offset on value of type null in /var/www/html/erpm/View/site_master.php on line 319
[30-Dec-2022 10:36:16 Asia/Kolkata] PHP Notice:  Undefined variable: row in /var/www/html/erpm/View/site_master.php on line 320
[30-Dec-2022 10:36:16 Asia/Kolkata] PHP Notice:  Trying to access array offset on value of type null in /var/www/html/erpm/View/site_master.php on line 320
[30-Dec-2022 10:36:32 Asia/Kolkata] PHP Notice:  Undefined variable: row in /var/www/html/erpm/View/site_master.php on line 319
[30-Dec-2022 10:36:32 Asia/Kolkata] PHP Notice:  Trying to access array offset on value of type null in /var/www/html/erpm/View/site_master.php on line 319
[30-Dec-2022 10:36:32 Asia/Kolkata] PHP Notice:  Undefined variable: row in /var/www/html/erpm/View/site_master.php on line 320
[30-Dec-2022 10:36:32 Asia/Kolkata] PHP Notice:  Trying to access array offset on value of type null in /var/www/html/erpm/View/site_master.php on line 320
[30-Dec-2022 10:36:32 Asia/Kolkata] PHP Notice:  Undefined variable: row in /var/www/html/erpm/View/site_master.php on line 319
[30-Dec-2022 10:36:32 Asia/Kolkata] PHP Notice:  Trying to access array offset on value of type null in /var/www/html/erpm/View/site_master.php on line 319
[30-Dec-2022 10:36:32 Asia/Kolkata] PHP Notice:  Undefined variable: row in /var/www/html/erpm/View/site_master.php on line 320
[30-Dec-2022 10:36:32 Asia/Kolkata] PHP Notice:  Trying to access array offset on value of type null in /var/www/html/erpm/View/site_master.php on line 320
[30-Dec-2022 10:36:32 Asia/Kolkata] PHP Notice:  Undefined variable: row in /var/www/html/erpm/View/site_master.php on line 319
[30-Dec-2022 10:36:32 Asia/Kolkata] PHP Notice:  Trying to access array offset on value of type null in /var/www/html/erpm/View/site_master.php on line 319
[30-Dec-2022 10:36:32 Asia/Kolkata] PHP Notice:  Undefined variable: row in /var/www/html/erpm/View/site_master.php on line 320
[30-Dec-2022 10:36:32 Asia/Kolkata] PHP Notice:  Trying to access array offset on value of type null in /var/www/html/erpm/View/site_master.php on line 320
[30-Dec-2022 10:42:51 Asia/Kolkata] PHP Notice:  Undefined index: __user_logid in /var/www/html/erpm/AppCode/nHead.php on line 2
[30-Dec-2022 10:42:52 Asia/Kolkata] PHP Warning:  mysqli_stmt::bind_param(): Number of elements in type definition string doesn't match number of bind variables in /var/www/html/erpm/Controller/ConLog.php on line 464
[30-Dec-2022 10:42:53 Asia/Kolkata] PHP Notice:  Trying to access array offset on value of type null in /var/www/html/erpm/View/index.php on line 346
[30-Dec-2022 10:43:01 Asia/Kolkata] PHP Notice:  Undefined variable: row in /var/www/html/erpm/View/site_master.php on line 319
[30-Dec-2022 10:43:01 Asia/Kolkata] PHP Notice:  Trying to access array offset on value of type null in /var/www/html/erpm/View/site_master.php on line 319
[30-Dec-2022 10:43:01 Asia/Kolkata] PHP Notice:  Undefined variable: row in /var/www/html/erpm/View/site_master.php on line 320
[30-Dec-2022 10:43:01 Asia/Kolkata] PHP Notice:  Trying to access array offset on value of type null in /var/www/html/erpm/View/site_master.php on line 320
[30-Dec-2022 10:43:01 Asia/Kolkata] PHP Notice:  Undefined variable: row in /var/www/html/erpm/View/site_master.php on line 319
[30-Dec-2022 10:43:01 Asia/Kolkata] PHP Notice:  Trying to access array offset on value of type null in /var/www/html/erpm/View/site_master.php on line 319
[30-Dec-2022 10:43:01 Asia/Kolkata] PHP Notice:  Undefined variable: row in /var/www/html/erpm/View/site_master.php on line 320
[30-Dec-2022 10:43:01 Asia/Kolkata] PHP Notice:  Trying to access array offset on value of type null in /var/www/html/erpm/View/site_master.php on line 320
[30-Dec-2022 10:43:01 Asia/Kolkata] PHP Notice:  Undefined variable: row in /var/www/html/erpm/View/site_master.php on line 319
[30-Dec-2022 10:43:01 Asia/Kolkata] PHP Notice:  Trying to access array offset on value of type null in /var/www/html/erpm/View/site_master.php on line 319
[30-Dec-2022 10:43:01 Asia/Kolkata] PHP Notice:  Undefined variable: row in /var/www/html/erpm/View/site_master.php on line 320
[30-Dec-2022 10:43:01 Asia/Kolkata] PHP Notice:  Trying to access array offset on value of type null in /var/www/html/erpm/View/site_master.php on line 320
[30-Dec-2022 10:43:26 Asia/Kolkata] PHP Notice:  Undefined variable: row in /var/www/html/erpm/View/site_master.php on line 319
[30-Dec-2022 10:43:26 Asia/Kolkata] PHP Notice:  Trying to access array offset on value of type null in /var/www/html/erpm/View/site_master.php on line 319
[30-Dec-2022 10:43:26 Asia/Kolkata] PHP Notice:  Undefined variable: row in /var/www/html/erpm/View/site_master.php on line 320
[30-Dec-2022 10:43:26 Asia/Kolkata] PHP Notice:  Trying to access array offset on value of type null in /var/www/html/erpm/View/site_master.php on line 320
[30-Dec-2022 10:43:26 Asia/Kolkata] PHP Notice:  Undefined variable: row in /var/www/html/erpm/View/site_master.php on line 319
[30-Dec-2022 10:43:26 Asia/Kolkata] PHP Notice:  Trying to access array offset on value of type null in /var/www/html/erpm/View/site_master.php on line 319
[30-Dec-2022 10:43:26 Asia/Kolkata] PHP Notice:  Undefined variable: row in /var/www/html/erpm/View/site_master.php on line 320
[30-Dec-2022 10:43:26 Asia/Kolkata] PHP Notice:  Trying to access array offset on value of type null in /var/www/html/erpm/View/site_master.php on line 320
[30-Dec-2022 10:43:26 Asia/Kolkata] PHP Notice:  Undefined variable: row in /var/www/html/erpm/View/site_master.php on line 319
[30-Dec-2022 10:43:26 Asia/Kolkata] PHP Notice:  Trying to access array offset on value of type null in /var/www/html/erpm/View/site_master.php on line 319
[30-Dec-2022 10:43:26 Asia/Kolkata] PHP Notice:  Undefined variable: row in /var/www/html/erpm/View/site_master.php on line 320
[30-Dec-2022 10:43:26 Asia/Kolkata] PHP Notice:  Trying to access array offset on value of type null in /var/www/html/erpm/View/site_master.php on line 320
[30-Dec-2022 10:43:40 Asia/Kolkata] PHP Notice:  Undefined index: action in /var/www/html/erpm/Controller/getFilterData.php on line 6
[30-Dec-2022 10:43:40 Asia/Kolkata] PHP Notice:  Undefined index: location_id in /var/www/html/erpm/Controller/getFilterData.php on line 63
[30-Dec-2022 10:43:40 Asia/Kolkata] PHP Notice:  Undefined index: clientid in /var/www/html/erpm/Controller/getFilterData.php on line 86
[30-Dec-2022 10:43:44 Asia/Kolkata] PHP Notice:  Undefined variable: row in /var/www/html/erpm/View/site_master.php on line 319
[30-Dec-2022 10:43:44 Asia/Kolkata] PHP Notice:  Trying to access array offset on value of type null in /var/www/html/erpm/View/site_master.php on line 319
[30-Dec-2022 10:43:44 Asia/Kolkata] PHP Notice:  Undefined variable: row in /var/www/html/erpm/View/site_master.php on line 320
[30-Dec-2022 10:43:44 Asia/Kolkata] PHP Notice:  Trying to access array offset on value of type null in /var/www/html/erpm/View/site_master.php on line 320
[30-Dec-2022 10:43:44 Asia/Kolkata] PHP Notice:  Undefined variable: row in /var/www/html/erpm/View/site_master.php on line 319
[30-Dec-2022 10:43:44 Asia/Kolkata] PHP Notice:  Trying to access array offset on value of type null in /var/www/html/erpm/View/site_master.php on line 319
[30-Dec-2022 10:43:44 Asia/Kolkata] PHP Notice:  Undefined variable: row in /var/www/html/erpm/View/site_master.php on line 320
[30-Dec-2022 10:43:44 Asia/Kolkata] PHP Notice:  Trying to access array offset on value of type null in /var/www/html/erpm/View/site_master.php on line 320
[30-Dec-2022 10:43:44 Asia/Kolkata] PHP Notice:  Undefined variable: row in /var/www/html/erpm/View/site_master.php on line 319
[30-Dec-2022 10:43:44 Asia/Kolkata] PHP Notice:  Trying to access array offset on value of type null in /var/www/html/erpm/View/site_master.php on line 319
[30-Dec-2022 10:43:44 Asia/Kolkata] PHP Notice:  Undefined variable: row in /var/www/html/erpm/View/site_master.php on line 320
[30-Dec-2022 10:43:44 Asia/Kolkata] PHP Notice:  Trying to access array offset on value of type null in /var/www/html/erpm/View/site_master.php on line 320
[30-Dec-2022 10:44:01 Asia/Kolkata] PHP Notice:  Undefined variable: row in /var/www/html/erpm/View/site_master.php on line 319
[30-Dec-2022 10:44:01 Asia/Kolkata] PHP Notice:  Trying to access array offset on value of type null in /var/www/html/erpm/View/site_master.php on line 319
[30-Dec-2022 10:44:01 Asia/Kolkata] PHP Notice:  Undefined variable: row in /var/www/html/erpm/View/site_master.php on line 320
[30-Dec-2022 10:44:01 Asia/Kolkata] PHP Notice:  Trying to access array offset on value of type null in /var/www/html/erpm/View/site_master.php on line 320
[30-Dec-2022 10:44:01 Asia/Kolkata] PHP Notice:  Undefined variable: row in /var/www/html/erpm/View/site_master.php on line 319
[30-Dec-2022 10:44:01 Asia/Kolkata] PHP Notice:  Trying to access array offset on value of type null in /var/www/html/erpm/View/site_master.php on line 319
[30-Dec-2022 10:44:01 Asia/Kolkata] PHP Notice:  Undefined variable: row in /var/www/html/erpm/View/site_master.php on line 320
[30-Dec-2022 10:44:01 Asia/Kolkata] PHP Notice:  Trying to access array offset on value of type null in /var/www/html/erpm/View/site_master.php on line 320
[30-Dec-2022 10:44:01 Asia/Kolkata] PHP Notice:  Undefined variable: row in /var/www/html/erpm/View/site_master.php on line 319
[30-Dec-2022 10:44:01 Asia/Kolkata] PHP Notice:  Trying to access array offset on value of type null in /var/www/html/erpm/View/site_master.php on line 319
[30-Dec-2022 10:44:01 Asia/Kolkata] PHP Notice:  Undefined variable: row in /var/www/html/erpm/View/site_master.php on line 320
[30-Dec-2022 10:44:01 Asia/Kolkata] PHP Notice:  Trying to access array offset on value of type null in /var/www/html/erpm/View/site_master.php on line 320
[30-Dec-2022 10:44:21 Asia/Kolkata] PHP Notice:  Undefined index: action in /var/www/html/erpm/Controller/getFilterData.php on line 6
[30-Dec-2022 10:44:21 Asia/Kolkata] PHP Notice:  Undefined index: location_id in /var/www/html/erpm/Controller/getFilterData.php on line 63
[30-Dec-2022 10:44:21 Asia/Kolkata] PHP Notice:  Undefined index: clientid in /var/www/html/erpm/Controller/getFilterData.php on line 86
[30-Dec-2022 10:44:24 Asia/Kolkata] PHP Notice:  Undefined variable: row in /var/www/html/erpm/View/site_master.php on line 319
[30-Dec-2022 10:44:24 Asia/Kolkata] PHP Notice:  Trying to access array offset on value of type null in /var/www/html/erpm/View/site_master.php on line 319
[30-Dec-2022 10:44:24 Asia/Kolkata] PHP Notice:  Undefined variable: row in /var/www/html/erpm/View/site_master.php on line 320
[30-Dec-2022 10:44:24 Asia/Kolkata] PHP Notice:  Trying to access array offset on value of type null in /var/www/html/erpm/View/site_master.php on line 320
[30-Dec-2022 10:44:24 Asia/Kolkata] PHP Notice:  Undefined variable: row in /var/www/html/erpm/View/site_master.php on line 319
[30-Dec-2022 10:44:24 Asia/Kolkata] PHP Notice:  Trying to access array offset on value of type null in /var/www/html/erpm/View/site_master.php on line 319
[30-Dec-2022 10:44:24 Asia/Kolkata] PHP Notice:  Undefined variable: row in /var/www/html/erpm/View/site_master.php on line 320
[30-Dec-2022 10:44:24 Asia/Kolkata] PHP Notice:  Trying to access array offset on value of type null in /var/www/html/erpm/View/site_master.php on line 320
[30-Dec-2022 10:44:24 Asia/Kolkata] PHP Notice:  Undefined variable: row in /var/www/html/erpm/View/site_master.php on line 319
[30-Dec-2022 10:44:24 Asia/Kolkata] PHP Notice:  Trying to access array offset on value of type null in /var/www/html/erpm/View/site_master.php on line 319
[30-Dec-2022 10:44:24 Asia/Kolkata] PHP Notice:  Undefined variable: row in /var/www/html/erpm/View/site_master.php on line 320
[30-Dec-2022 10:44:24 Asia/Kolkata] PHP Notice:  Trying to access array offset on value of type null in /var/www/html/erpm/View/site_master.php on line 320
[30-Dec-2022 10:46:00 Asia/Kolkata] PHP Notice:  Undefined variable: row in /var/www/html/erpm/View/site_master.php on line 319
[30-Dec-2022 10:46:00 Asia/Kolkata] PHP Notice:  Trying to access array offset on value of type null in /var/www/html/erpm/View/site_master.php on line 319
[30-Dec-2022 10:46:00 Asia/Kolkata] PHP Notice:  Undefined variable: row in /var/www/html/erpm/View/site_master.php on line 320
[30-Dec-2022 10:46:00 Asia/Kolkata] PHP Notice:  Trying to access array offset on value of type null in /var/www/html/erpm/View/site_master.php on line 320
[30-Dec-2022 10:46:00 Asia/Kolkata] PHP Notice:  Undefined variable: row in /var/www/html/erpm/View/site_master.php on line 319
[30-Dec-2022 10:46:00 Asia/Kolkata] PHP Notice:  Trying to access array offset on value of type null in /var/www/html/erpm/View/site_master.php on line 319
[30-Dec-2022 10:46:00 Asia/Kolkata] PHP Notice:  Undefined variable: row in /var/www/html/erpm/View/site_master.php on line 320
[30-Dec-2022 10:46:00 Asia/Kolkata] PHP Notice:  Trying to access array offset on value of type null in /var/www/html/erpm/View/site_master.php on line 320
[30-Dec-2022 10:46:00 Asia/Kolkata] PHP Notice:  Undefined variable: row in /var/www/html/erpm/View/site_master.php on line 319
[30-Dec-2022 10:46:00 Asia/Kolkata] PHP Notice:  Trying to access array offset on value of type null in /var/www/html/erpm/View/site_master.php on line 319
[30-Dec-2022 10:46:00 Asia/Kolkata] PHP Notice:  Undefined variable: row in /var/www/html/erpm/View/site_master.php on line 320
[30-Dec-2022 10:46:00 Asia/Kolkata] PHP Notice:  Trying to access array offset on value of type null in /var/www/html/erpm/View/site_master.php on line 320
[30-Dec-2022 10:46:17 Asia/Kolkata] PHP Notice:  Undefined variable: row in /var/www/html/erpm/View/site_master.php on line 319
[30-Dec-2022 10:46:17 Asia/Kolkata] PHP Notice:  Trying to access array offset on value of type null in /var/www/html/erpm/View/site_master.php on line 319
[30-Dec-2022 10:46:17 Asia/Kolkata] PHP Notice:  Undefined variable: row in /var/www/html/erpm/View/site_master.php on line 320
[30-Dec-2022 10:46:17 Asia/Kolkata] PHP Notice:  Trying to access array offset on value of type null in /var/www/html/erpm/View/site_master.php on line 320
[30-Dec-2022 10:46:17 Asia/Kolkata] PHP Notice:  Undefined variable: row in /var/www/html/erpm/View/site_master.php on line 319
[30-Dec-2022 10:46:17 Asia/Kolkata] PHP Notice:  Trying to access array offset on value of type null in /var/www/html/erpm/View/site_master.php on line 319
[30-Dec-2022 10:46:17 Asia/Kolkata] PHP Notice:  Undefined variable: row in /var/www/html/erpm/View/site_master.php on line 320
[30-Dec-2022 10:46:17 Asia/Kolkata] PHP Notice:  Trying to access array offset on value of type null in /var/www/html/erpm/View/site_master.php on line 320
[30-Dec-2022 10:46:17 Asia/Kolkata] PHP Notice:  Undefined variable: row in /var/www/html/erpm/View/site_master.php on line 319
[30-Dec-2022 10:46:17 Asia/Kolkata] PHP Notice:  Trying to access array offset on value of type null in /var/www/html/erpm/View/site_master.php on line 319
[30-Dec-2022 10:46:17 Asia/Kolkata] PHP Notice:  Undefined variable: row in /var/www/html/erpm/View/site_master.php on line 320
[30-Dec-2022 10:46:17 Asia/Kolkata] PHP Notice:  Trying to access array offset on value of type null in /var/www/html/erpm/View/site_master.php on line 320
[30-Dec-2022 10:47:14 Asia/Kolkata] PHP Notice:  Undefined variable: row in /var/www/html/erpm/View/site_master.php on line 319
[30-Dec-2022 10:47:14 Asia/Kolkata] PHP Notice:  Trying to access array offset on value of type null in /var/www/html/erpm/View/site_master.php on line 319
[30-Dec-2022 10:47:14 Asia/Kolkata] PHP Notice:  Undefined variable: row in /var/www/html/erpm/View/site_master.php on line 320
[30-Dec-2022 10:47:14 Asia/Kolkata] PHP Notice:  Trying to access array offset on value of type null in /var/www/html/erpm/View/site_master.php on line 320
[30-Dec-2022 10:47:14 Asia/Kolkata] PHP Notice:  Undefined variable: row in /var/www/html/erpm/View/site_master.php on line 319
[30-Dec-2022 10:47:14 Asia/Kolkata] PHP Notice:  Trying to access array offset on value of type null in /var/www/html/erpm/View/site_master.php on line 319
[30-Dec-2022 10:47:14 Asia/Kolkata] PHP Notice:  Undefined variable: row in /var/www/html/erpm/View/site_master.php on line 320
[30-Dec-2022 10:47:14 Asia/Kolkata] PHP Notice:  Trying to access array offset on value of type null in /var/www/html/erpm/View/site_master.php on line 320
[30-Dec-2022 10:47:14 Asia/Kolkata] PHP Notice:  Undefined variable: row in /var/www/html/erpm/View/site_master.php on line 319
[30-Dec-2022 10:47:14 Asia/Kolkata] PHP Notice:  Trying to access array offset on value of type null in /var/www/html/erpm/View/site_master.php on line 319
[30-Dec-2022 10:47:14 Asia/Kolkata] PHP Notice:  Undefined variable: row in /var/www/html/erpm/View/site_master.php on line 320
[30-Dec-2022 10:47:14 Asia/Kolkata] PHP Notice:  Trying to access array offset on value of type null in /var/www/html/erpm/View/site_master.php on line 320
[30-Dec-2022 10:48:21 Asia/Kolkata] PHP Notice:  Undefined index: __user_logid in /var/www/html/erpm/AppCode/nHead.php on line 2
[30-Dec-2022 10:48:23 Asia/Kolkata] PHP Warning:  mysqli_stmt::bind_param(): Number of elements in type definition string doesn't match number of bind variables in /var/www/html/erpm/Controller/ConLog.php on line 464
[30-Dec-2022 10:48:23 Asia/Kolkata] PHP Notice:  Trying to access array offset on value of type null in /var/www/html/erpm/View/index.php on line 346
[30-Dec-2022 10:48:28 Asia/Kolkata] PHP Notice:  Undefined variable: row in /var/www/html/erpm/View/site_master.php on line 319
[30-Dec-2022 10:48:28 Asia/Kolkata] PHP Notice:  Trying to access array offset on value of type null in /var/www/html/erpm/View/site_master.php on line 319
[30-Dec-2022 10:48:28 Asia/Kolkata] PHP Notice:  Undefined variable: row in /var/www/html/erpm/View/site_master.php on line 320
[30-Dec-2022 10:48:28 Asia/Kolkata] PHP Notice:  Trying to access array offset on value of type null in /var/www/html/erpm/View/site_master.php on line 320
[30-Dec-2022 10:48:28 Asia/Kolkata] PHP Notice:  Undefined variable: row in /var/www/html/erpm/View/site_master.php on line 319
[30-Dec-2022 10:48:28 Asia/Kolkata] PHP Notice:  Trying to access array offset on value of type null in /var/www/html/erpm/View/site_master.php on line 319
[30-Dec-2022 10:48:28 Asia/Kolkata] PHP Notice:  Undefined variable: row in /var/www/html/erpm/View/site_master.php on line 320
[30-Dec-2022 10:48:28 Asia/Kolkata] PHP Notice:  Trying to access array offset on value of type null in /var/www/html/erpm/View/site_master.php on line 320
[30-Dec-2022 10:48:28 Asia/Kolkata] PHP Notice:  Undefined variable: row in /var/www/html/erpm/View/site_master.php on line 319
[30-Dec-2022 10:48:28 Asia/Kolkata] PHP Notice:  Trying to access array offset on value of type null in /var/www/html/erpm/View/site_master.php on line 319
[30-Dec-2022 10:48:28 Asia/Kolkata] PHP Notice:  Undefined variable: row in /var/www/html/erpm/View/site_master.php on line 320
[30-Dec-2022 10:48:28 Asia/Kolkata] PHP Notice:  Trying to access array offset on value of type null in /var/www/html/erpm/View/site_master.php on line 320
[30-Dec-2022 10:50:54 Asia/Kolkata] PHP Notice:  Undefined variable: row in /var/www/html/erpm/View/site_master.php on line 319
[30-Dec-2022 10:50:54 Asia/Kolkata] PHP Notice:  Trying to access array offset on value of type null in /var/www/html/erpm/View/site_master.php on line 319
[30-Dec-2022 10:50:54 Asia/Kolkata] PHP Notice:  Undefined variable: row in /var/www/html/erpm/View/site_master.php on line 320
[30-Dec-2022 10:50:54 Asia/Kolkata] PHP Notice:  Trying to access array offset on value of type null in /var/www/html/erpm/View/site_master.php on line 320
[30-Dec-2022 10:50:54 Asia/Kolkata] PHP Notice:  Undefined variable: row in /var/www/html/erpm/View/site_master.php on line 319
[30-Dec-2022 10:50:54 Asia/Kolkata] PHP Notice:  Trying to access array offset on value of type null in /var/www/html/erpm/View/site_master.php on line 319
[30-Dec-2022 10:50:54 Asia/Kolkata] PHP Notice:  Undefined variable: row in /var/www/html/erpm/View/site_master.php on line 320
[30-Dec-2022 10:50:54 Asia/Kolkata] PHP Notice:  Trying to access array offset on value of type null in /var/www/html/erpm/View/site_master.php on line 320
[30-Dec-2022 10:50:54 Asia/Kolkata] PHP Notice:  Undefined variable: row in /var/www/html/erpm/View/site_master.php on line 319
[30-Dec-2022 10:50:54 Asia/Kolkata] PHP Notice:  Trying to access array offset on value of type null in /var/www/html/erpm/View/site_master.php on line 319
[30-Dec-2022 10:50:54 Asia/Kolkata] PHP Notice:  Undefined variable: row in /var/www/html/erpm/View/site_master.php on line 320
[30-Dec-2022 10:50:54 Asia/Kolkata] PHP Notice:  Trying to access array offset on value of type null in /var/www/html/erpm/View/site_master.php on line 320
[30-Dec-2022 10:51:15 Asia/Kolkata] PHP Notice:  Undefined index: action in /var/www/html/erpm/Controller/getFilterData.php on line 6
[30-Dec-2022 10:51:15 Asia/Kolkata] PHP Notice:  Undefined index: location_id in /var/www/html/erpm/Controller/getFilterData.php on line 63
[30-Dec-2022 10:51:15 Asia/Kolkata] PHP Notice:  Undefined index: clientid in /var/www/html/erpm/Controller/getFilterData.php on line 86
[30-Dec-2022 10:52:16 Asia/Kolkata] PHP Notice:  Undefined variable: row in /var/www/html/erpm/View/site_master.php on line 319
[30-Dec-2022 10:52:16 Asia/Kolkata] PHP Notice:  Trying to access array offset on value of type null in /var/www/html/erpm/View/site_master.php on line 319
[30-Dec-2022 10:52:16 Asia/Kolkata] PHP Notice:  Undefined variable: row in /var/www/html/erpm/View/site_master.php on line 320
[30-Dec-2022 10:52:16 Asia/Kolkata] PHP Notice:  Trying to access array offset on value of type null in /var/www/html/erpm/View/site_master.php on line 320
[30-Dec-2022 10:52:16 Asia/Kolkata] PHP Notice:  Undefined variable: row in /var/www/html/erpm/View/site_master.php on line 319
[30-Dec-2022 10:52:16 Asia/Kolkata] PHP Notice:  Trying to access array offset on value of type null in /var/www/html/erpm/View/site_master.php on line 319
[30-Dec-2022 10:52:16 Asia/Kolkata] PHP Notice:  Undefined variable: row in /var/www/html/erpm/View/site_master.php on line 320
[30-Dec-2022 10:52:16 Asia/Kolkata] PHP Notice:  Trying to access array offset on value of type null in /var/www/html/erpm/View/site_master.php on line 320
[30-Dec-2022 10:52:16 Asia/Kolkata] PHP Notice:  Undefined variable: row in /var/www/html/erpm/View/site_master.php on line 319
[30-Dec-2022 10:52:16 Asia/Kolkata] PHP Notice:  Trying to access array offset on value of type null in /var/www/html/erpm/View/site_master.php on line 319
[30-Dec-2022 10:52:16 Asia/Kolkata] PHP Notice:  Undefined variable: row in /var/www/html/erpm/View/site_master.php on line 320
[30-Dec-2022 10:52:16 Asia/Kolkata] PHP Notice:  Trying to access array offset on value of type null in /var/www/html/erpm/View/site_master.php on line 320
[30-Dec-2022 10:53:10 Asia/Kolkata] PHP Notice:  Undefined variable: row in /var/www/html/erpm/View/site_master.php on line 319
[30-Dec-2022 10:53:10 Asia/Kolkata] PHP Notice:  Trying to access array offset on value of type null in /var/www/html/erpm/View/site_master.php on line 319
[30-Dec-2022 10:53:10 Asia/Kolkata] PHP Notice:  Undefined variable: row in /var/www/html/erpm/View/site_master.php on line 320
[30-Dec-2022 10:53:10 Asia/Kolkata] PHP Notice:  Trying to access array offset on value of type null in /var/www/html/erpm/View/site_master.php on line 320
[30-Dec-2022 10:53:10 Asia/Kolkata] PHP Notice:  Undefined variable: row in /var/www/html/erpm/View/site_master.php on line 319
[30-Dec-2022 10:53:10 Asia/Kolkata] PHP Notice:  Trying to access array offset on value of type null in /var/www/html/erpm/View/site_master.php on line 319
[30-Dec-2022 10:53:10 Asia/Kolkata] PHP Notice:  Undefined variable: row in /var/www/html/erpm/View/site_master.php on line 320
[30-Dec-2022 10:53:10 Asia/Kolkata] PHP Notice:  Trying to access array offset on value of type null in /var/www/html/erpm/View/site_master.php on line 320
[30-Dec-2022 10:53:10 Asia/Kolkata] PHP Notice:  Undefined variable: row in /var/www/html/erpm/View/site_master.php on line 319
[30-Dec-2022 10:53:10 Asia/Kolkata] PHP Notice:  Trying to access array offset on value of type null in /var/www/html/erpm/View/site_master.php on line 319
[30-Dec-2022 10:53:10 Asia/Kolkata] PHP Notice:  Undefined variable: row in /var/www/html/erpm/View/site_master.php on line 320
[30-Dec-2022 10:53:10 Asia/Kolkata] PHP Notice:  Trying to access array offset on value of type null in /var/www/html/erpm/View/site_master.php on line 320
[30-Dec-2022 10:53:30 Asia/Kolkata] PHP Notice:  Undefined index: action in /var/www/html/erpm/Controller/getFilterData.php on line 6
[30-Dec-2022 10:53:30 Asia/Kolkata] PHP Notice:  Undefined index: location_id in /var/www/html/erpm/Controller/getFilterData.php on line 63
[30-Dec-2022 10:53:30 Asia/Kolkata] PHP Notice:  Undefined index: clientid in /var/www/html/erpm/Controller/getFilterData.php on line 86
[30-Dec-2022 10:54:25 Asia/Kolkata] PHP Notice:  Undefined index: __user_logid in /var/www/html/erpm/AppCode/nHead.php on line 2
[30-Dec-2022 10:54:27 Asia/Kolkata] PHP Warning:  mysqli_stmt::bind_param(): Number of elements in type definition string doesn't match number of bind variables in /var/www/html/erpm/Controller/ConLog.php on line 464
[30-Dec-2022 10:54:28 Asia/Kolkata] PHP Notice:  Trying to access array offset on value of type null in /var/www/html/erpm/View/index.php on line 346
[30-Dec-2022 10:54:31 Asia/Kolkata] PHP Notice:  Undefined variable: row in /var/www/html/erpm/View/site_master.php on line 319
[30-Dec-2022 10:54:31 Asia/Kolkata] PHP Notice:  Trying to access array offset on value of type null in /var/www/html/erpm/View/site_master.php on line 319
[30-Dec-2022 10:54:31 Asia/Kolkata] PHP Notice:  Undefined variable: row in /var/www/html/erpm/View/site_master.php on line 320
[30-Dec-2022 10:54:31 Asia/Kolkata] PHP Notice:  Trying to access array offset on value of type null in /var/www/html/erpm/View/site_master.php on line 320
[30-Dec-2022 10:54:31 Asia/Kolkata] PHP Notice:  Undefined variable: row in /var/www/html/erpm/View/site_master.php on line 319
[30-Dec-2022 10:54:31 Asia/Kolkata] PHP Notice:  Trying to access array offset on value of type null in /var/www/html/erpm/View/site_master.php on line 319
[30-Dec-2022 10:54:31 Asia/Kolkata] PHP Notice:  Undefined variable: row in /var/www/html/erpm/View/site_master.php on line 320
[30-Dec-2022 10:54:31 Asia/Kolkata] PHP Notice:  Trying to access array offset on value of type null in /var/www/html/erpm/View/site_master.php on line 320
[30-Dec-2022 10:54:31 Asia/Kolkata] PHP Notice:  Undefined variable: row in /var/www/html/erpm/View/site_master.php on line 319
[30-Dec-2022 10:54:31 Asia/Kolkata] PHP Notice:  Trying to access array offset on value of type null in /var/www/html/erpm/View/site_master.php on line 319
[30-Dec-2022 10:54:31 Asia/Kolkata] PHP Notice:  Undefined variable: row in /var/www/html/erpm/View/site_master.php on line 320
[30-Dec-2022 10:54:31 Asia/Kolkata] PHP Notice:  Trying to access array offset on value of type null in /var/www/html/erpm/View/site_master.php on line 320
[30-Dec-2022 10:55:11 Asia/Kolkata] PHP Notice:  Undefined variable: row in /var/www/html/erpm/View/site_master.php on line 319
[30-Dec-2022 10:55:11 Asia/Kolkata] PHP Notice:  Trying to access array offset on value of type null in /var/www/html/erpm/View/site_master.php on line 319
[30-Dec-2022 10:55:11 Asia/Kolkata] PHP Notice:  Undefined variable: row in /var/www/html/erpm/View/site_master.php on line 320
[30-Dec-2022 10:55:11 Asia/Kolkata] PHP Notice:  Trying to access array offset on value of type null in /var/www/html/erpm/View/site_master.php on line 320
[30-Dec-2022 10:55:11 Asia/Kolkata] PHP Notice:  Undefined variable: row in /var/www/html/erpm/View/site_master.php on line 319
[30-Dec-2022 10:55:11 Asia/Kolkata] PHP Notice:  Trying to access array offset on value of type null in /var/www/html/erpm/View/site_master.php on line 319
[30-Dec-2022 10:55:11 Asia/Kolkata] PHP Notice:  Undefined variable: row in /var/www/html/erpm/View/site_master.php on line 320
[30-Dec-2022 10:55:11 Asia/Kolkata] PHP Notice:  Trying to access array offset on value of type null in /var/www/html/erpm/View/site_master.php on line 320
[30-Dec-2022 10:55:11 Asia/Kolkata] PHP Notice:  Undefined variable: row in /var/www/html/erpm/View/site_master.php on line 319
[30-Dec-2022 10:55:11 Asia/Kolkata] PHP Notice:  Trying to access array offset on value of type null in /var/www/html/erpm/View/site_master.php on line 319
[30-Dec-2022 10:55:11 Asia/Kolkata] PHP Notice:  Undefined variable: row in /var/www/html/erpm/View/site_master.php on line 320
[30-Dec-2022 10:55:11 Asia/Kolkata] PHP Notice:  Trying to access array offset on value of type null in /var/www/html/erpm/View/site_master.php on line 320
[30-Dec-2022 10:55:31 Asia/Kolkata] PHP Notice:  Undefined variable: row in /var/www/html/erpm/View/site_master.php on line 319
[30-Dec-2022 10:55:31 Asia/Kolkata] PHP Notice:  Trying to access array offset on value of type null in /var/www/html/erpm/View/site_master.php on line 319
[30-Dec-2022 10:55:31 Asia/Kolkata] PHP Notice:  Undefined variable: row in /var/www/html/erpm/View/site_master.php on line 320
[30-Dec-2022 10:55:31 Asia/Kolkata] PHP Notice:  Trying to access array offset on value of type null in /var/www/html/erpm/View/site_master.php on line 320
[30-Dec-2022 10:55:31 Asia/Kolkata] PHP Notice:  Undefined variable: row in /var/www/html/erpm/View/site_master.php on line 319
[30-Dec-2022 10:55:31 Asia/Kolkata] PHP Notice:  Trying to access array offset on value of type null in /var/www/html/erpm/View/site_master.php on line 319
[30-Dec-2022 10:55:31 Asia/Kolkata] PHP Notice:  Undefined variable: row in /var/www/html/erpm/View/site_master.php on line 320
[30-Dec-2022 10:55:31 Asia/Kolkata] PHP Notice:  Trying to access array offset on value of type null in /var/www/html/erpm/View/site_master.php on line 320
[30-Dec-2022 10:55:31 Asia/Kolkata] PHP Notice:  Undefined variable: row in /var/www/html/erpm/View/site_master.php on line 319
[30-Dec-2022 10:55:31 Asia/Kolkata] PHP Notice:  Trying to access array offset on value of type null in /var/www/html/erpm/View/site_master.php on line 319
[30-Dec-2022 10:55:31 Asia/Kolkata] PHP Notice:  Undefined variable: row in /var/www/html/erpm/View/site_master.php on line 320
[30-Dec-2022 10:55:31 Asia/Kolkata] PHP Notice:  Trying to access array offset on value of type null in /var/www/html/erpm/View/site_master.php on line 320
[30-Dec-2022 10:56:05 Asia/Kolkata] PHP Notice:  Undefined index: action in /var/www/html/erpm/Controller/getFilterData.php on line 6
[30-Dec-2022 10:56:05 Asia/Kolkata] PHP Notice:  Undefined index: location_id in /var/www/html/erpm/Controller/getFilterData.php on line 63
[30-Dec-2022 10:56:05 Asia/Kolkata] PHP Notice:  Undefined index: clientid in /var/www/html/erpm/Controller/getFilterData.php on line 86
[30-Dec-2022 10:56:26 Asia/Kolkata] PHP Notice:  Undefined variable: row in /var/www/html/erpm/View/site_master.php on line 319
[30-Dec-2022 10:56:26 Asia/Kolkata] PHP Notice:  Trying to access array offset on value of type null in /var/www/html/erpm/View/site_master.php on line 319
[30-Dec-2022 10:56:26 Asia/Kolkata] PHP Notice:  Undefined variable: row in /var/www/html/erpm/View/site_master.php on line 320
[30-Dec-2022 10:56:26 Asia/Kolkata] PHP Notice:  Trying to access array offset on value of type null in /var/www/html/erpm/View/site_master.php on line 320
[30-Dec-2022 10:56:26 Asia/Kolkata] PHP Notice:  Undefined variable: row in /var/www/html/erpm/View/site_master.php on line 319
[30-Dec-2022 10:56:26 Asia/Kolkata] PHP Notice:  Trying to access array offset on value of type null in /var/www/html/erpm/View/site_master.php on line 319
[30-Dec-2022 10:56:26 Asia/Kolkata] PHP Notice:  Undefined variable: row in /var/www/html/erpm/View/site_master.php on line 320
[30-Dec-2022 10:56:26 Asia/Kolkata] PHP Notice:  Trying to access array offset on value of type null in /var/www/html/erpm/View/site_master.php on line 320
[30-Dec-2022 10:56:26 Asia/Kolkata] PHP Notice:  Undefined variable: row in /var/www/html/erpm/View/site_master.php on line 319
[30-Dec-2022 10:56:26 Asia/Kolkata] PHP Notice:  Trying to access array offset on value of type null in /var/www/html/erpm/View/site_master.php on line 319
[30-Dec-2022 10:56:26 Asia/Kolkata] PHP Notice:  Undefined variable: row in /var/www/html/erpm/View/site_master.php on line 320
[30-Dec-2022 10:56:26 Asia/Kolkata] PHP Notice:  Trying to access array offset on value of type null in /var/www/html/erpm/View/site_master.php on line 320
