[14-Sep-2023 09:20:35 Asia/Kolkata] PHP Warning:  Undefined array key "to" in D:\wamp64\www\emsdemo\View\calcRange.php on line 42
[14-Sep-2023 09:20:35 Asia/Kolkata] PHP Stack trace:
[14-Sep-2023 09:20:35 Asia/Kolkata] PHP   1. {main}() D:\wamp64\www\emsdemo\View\calcRange.php:0
[14-Sep-2023 09:20:38 Asia/Kolkata] PHP Notice:  Object of class mysqli_result could not be converted to int in D:\wamp64\www\emsdemo\View\calcRange.php on line 412
[14-Sep-2023 09:20:38 Asia/Kolkata] PHP Stack trace:
[14-Sep-2023 09:20:38 Asia/Kolkata] PHP   1. {main}() D:\wamp64\www\emsdemo\View\calcRange.php:0
[14-Sep-2023 09:20:38 Asia/Kolkata] PHP   2. BioMetric->__construct($EmployeeID = 'CE03070003', $DateFrom = '2023-09-13', $DateTo = '2023-09-13', $Emd_des = 'General Manager', $Emp_status = 6, $emp_dod = '2004-12-15 00:00:00', $emp_module = '2004-12-15 00:00:00') D:\wamp64\www\emsdemo\View\calcRange.php:2358
[14-Sep-2023 09:20:38 Asia/Kolkata] PHP Warning:  Undefined array key "2023-09-13" in D:\wamp64\www\emsdemo\View\calcRange.php on line 583
[14-Sep-2023 09:20:38 Asia/Kolkata] PHP Stack trace:
[14-Sep-2023 09:20:38 Asia/Kolkata] PHP   1. {main}() D:\wamp64\www\emsdemo\View\calcRange.php:0
[14-Sep-2023 09:20:38 Asia/Kolkata] PHP   2. BioMetric->__construct($EmployeeID = 'CE03070003', $DateFrom = '2023-09-13', $DateTo = '2023-09-13', $Emd_des = 'General Manager', $Emp_status = 6, $emp_dod = '2004-12-15 00:00:00', $emp_module = '2004-12-15 00:00:00') D:\wamp64\www\emsdemo\View\calcRange.php:2358
[14-Sep-2023 09:20:38 Asia/Kolkata] PHP   3. BioMetric->__calculation_for_day($__date = '2023-09-13', $__EmpID = 'CE03070003', $__des = 'General Manager', $__status = 6) D:\wamp64\www\emsdemo\View\calcRange.php:558
[14-Sep-2023 09:20:38 Asia/Kolkata] PHP Warning:  Undefined array key "2023-09-13" in D:\wamp64\www\emsdemo\View\calcRange.php on line 932
[14-Sep-2023 09:20:38 Asia/Kolkata] PHP Stack trace:
[14-Sep-2023 09:20:38 Asia/Kolkata] PHP   1. {main}() D:\wamp64\www\emsdemo\View\calcRange.php:0
[14-Sep-2023 09:20:38 Asia/Kolkata] PHP   2. BioMetric->__construct($EmployeeID = 'CE03070003', $DateFrom = '2023-09-13', $DateTo = '2023-09-13', $Emd_des = 'General Manager', $Emp_status = 6, $emp_dod = '2004-12-15 00:00:00', $emp_module = '2004-12-15 00:00:00') D:\wamp64\www\emsdemo\View\calcRange.php:2358
[14-Sep-2023 09:20:38 Asia/Kolkata] PHP   3. BioMetric->__calculation_for_day($__date = '2023-09-13', $__EmpID = 'CE03070003', $__des = 'General Manager', $__status = 6) D:\wamp64\www\emsdemo\View\calcRange.php:558
[14-Sep-2023 09:20:38 Asia/Kolkata] PHP Warning:  Undefined array key "2023-09-13" in D:\wamp64\www\emsdemo\View\calcRange.php on line 1225
[14-Sep-2023 09:20:38 Asia/Kolkata] PHP Stack trace:
[14-Sep-2023 09:20:38 Asia/Kolkata] PHP   1. {main}() D:\wamp64\www\emsdemo\View\calcRange.php:0
[14-Sep-2023 09:20:38 Asia/Kolkata] PHP   2. BioMetric->__construct($EmployeeID = 'CE03070003', $DateFrom = '2023-09-13', $DateTo = '2023-09-13', $Emd_des = 'General Manager', $Emp_status = 6, $emp_dod = '2004-12-15 00:00:00', $emp_module = '2004-12-15 00:00:00') D:\wamp64\www\emsdemo\View\calcRange.php:2358
[14-Sep-2023 09:20:38 Asia/Kolkata] PHP   3. BioMetric->__calculation_for_day($__date = '2023-09-13', $__EmpID = 'CE03070003', $__des = 'General Manager', $__status = 6) D:\wamp64\www\emsdemo\View\calcRange.php:558
[14-Sep-2023 09:20:38 Asia/Kolkata] PHP Deprecated:  strtotime(): Passing null to parameter #1 ($datetime) of type string is deprecated in D:\wamp64\www\emsdemo\View\calcRange.php on line 1225
[14-Sep-2023 09:20:38 Asia/Kolkata] PHP Stack trace:
[14-Sep-2023 09:20:38 Asia/Kolkata] PHP   1. {main}() D:\wamp64\www\emsdemo\View\calcRange.php:0
[14-Sep-2023 09:20:38 Asia/Kolkata] PHP   2. BioMetric->__construct($EmployeeID = 'CE03070003', $DateFrom = '2023-09-13', $DateTo = '2023-09-13', $Emd_des = 'General Manager', $Emp_status = 6, $emp_dod = '2004-12-15 00:00:00', $emp_module = '2004-12-15 00:00:00') D:\wamp64\www\emsdemo\View\calcRange.php:2358
[14-Sep-2023 09:20:38 Asia/Kolkata] PHP   3. BioMetric->__calculation_for_day($__date = '2023-09-13', $__EmpID = 'CE03070003', $__des = 'General Manager', $__status = 6) D:\wamp64\www\emsdemo\View\calcRange.php:558
[14-Sep-2023 09:20:38 Asia/Kolkata] PHP   4. strtotime($datetime = NULL) D:\wamp64\www\emsdemo\View\calcRange.php:1225
[14-Sep-2023 09:20:39 Asia/Kolkata] PHP Warning:  Array to string conversion in D:\wamp64\www\emsdemo\View\calcRange.php on line 1559
[14-Sep-2023 09:20:39 Asia/Kolkata] PHP Stack trace:
[14-Sep-2023 09:20:39 Asia/Kolkata] PHP   1. {main}() D:\wamp64\www\emsdemo\View\calcRange.php:0
[14-Sep-2023 09:20:39 Asia/Kolkata] PHP   2. BioMetric->__construct($EmployeeID = 'CE03070003', $DateFrom = '2023-09-13', $DateTo = '2023-09-13', $Emd_des = 'General Manager', $Emp_status = 6, $emp_dod = '2004-12-15 00:00:00', $emp_module = '2004-12-15 00:00:00') D:\wamp64\www\emsdemo\View\calcRange.php:2358
[14-Sep-2023 09:20:39 Asia/Kolkata] PHP   3. BioMetric->__calculation_for_day($__date = '2023-09-13', $__EmpID = 'CE03070003', $__des = 'General Manager', $__status = 6) D:\wamp64\www\emsdemo\View\calcRange.php:558
[14-Sep-2023 09:20:44 Asia/Kolkata] PHP Warning:  Undefined array key "txt_dateFrom" in D:\wamp64\www\emsdemo\View\message-popup.php on line 28
[14-Sep-2023 09:20:44 Asia/Kolkata] PHP Stack trace:
[14-Sep-2023 09:20:44 Asia/Kolkata] PHP   1. {main}() D:\wamp64\www\emsdemo\View\message-popup.php:0
[14-Sep-2023 09:20:44 Asia/Kolkata] PHP Warning:  Undefined array key "txt_dateto" in D:\wamp64\www\emsdemo\View\message-popup.php on line 29
[14-Sep-2023 09:20:44 Asia/Kolkata] PHP Stack trace:
[14-Sep-2023 09:20:44 Asia/Kolkata] PHP   1. {main}() D:\wamp64\www\emsdemo\View\message-popup.php:0
