[09-Jan-2023 18:04:41 Asia/Kolkata] PHP Notice:  Undefined index: __user_logid in /var/www/html/erpm/AppCode/nHead.php on line 2
[09-Jan-2023 18:04:45 Asia/Kolkata] PHP Warning:  mysqli_stmt::bind_param(): Number of elements in type definition string doesn't match number of bind variables in /var/www/html/erpm/Controller/ConLog.php on line 464
[09-Jan-2023 18:04:45 Asia/Kolkata] PHP Warning:  Use of undefined constant EMS_CenterName - assumed 'EMS_CenterName' (this will throw an Error in a future version of PHP) in /var/www/html/erpm/Controller/ConLog.php on line 470
[09-Jan-2023 18:04:45 Asia/Kolkata] PHP Warning:  Use of undefined constant EMAIL_HOST - assumed 'EMAIL_HOST' (this will throw an Error in a future version of PHP) in /var/www/html/erpm/Controller/ConLog.php on line 473
[09-Jan-2023 18:04:45 Asia/Kolkata] PHP Warning:  Use of undefined constant EMAIL_AUTH - assumed 'EMAIL_AUTH' (this will throw an Error in a future version of PHP) in /var/www/html/erpm/Controller/ConLog.php on line 474
[09-Jan-2023 18:04:45 Asia/Kolkata] PHP Warning:  Use of undefined constant EMAIL_USER - assumed 'EMAIL_USER' (this will throw an Error in a future version of PHP) in /var/www/html/erpm/Controller/ConLog.php on line 475
[09-Jan-2023 18:04:45 Asia/Kolkata] PHP Warning:  Use of undefined constant EMAIL_PASS - assumed 'EMAIL_PASS' (this will throw an Error in a future version of PHP) in /var/www/html/erpm/Controller/ConLog.php on line 476
[09-Jan-2023 18:04:45 Asia/Kolkata] PHP Warning:  Use of undefined constant EMAIL_SMTPSecure - assumed 'EMAIL_SMTPSecure' (this will throw an Error in a future version of PHP) in /var/www/html/erpm/Controller/ConLog.php on line 477
[09-Jan-2023 18:04:45 Asia/Kolkata] PHP Warning:  Use of undefined constant EMAIL_PORT - assumed 'EMAIL_PORT' (this will throw an Error in a future version of PHP) in /var/www/html/erpm/Controller/ConLog.php on line 478
[09-Jan-2023 18:04:45 Asia/Kolkata] PHP Warning:  Use of undefined constant EMAIL_FROM - assumed 'EMAIL_FROM' (this will throw an Error in a future version of PHP) in /var/www/html/erpm/Controller/ConLog.php on line 479
[09-Jan-2023 18:04:45 Asia/Kolkata] PHP Warning:  Use of undefined constant EMS_CenterName - assumed 'EMS_CenterName' (this will throw an Error in a future version of PHP) in /var/www/html/erpm/Controller/ConLog.php on line 482
[09-Jan-2023 18:04:57 Asia/Kolkata] PHP Notice:  Undefined index: travel_date in /var/www/html/erpm/View/expenses.php on line 60
[09-Jan-2023 18:04:57 Asia/Kolkata] PHP Notice:  Undefined index: placeFrom in /var/www/html/erpm/View/expenses.php on line 61
[09-Jan-2023 18:04:57 Asia/Kolkata] PHP Notice:  Undefined index: placeTO in /var/www/html/erpm/View/expenses.php on line 62
[09-Jan-2023 18:04:57 Asia/Kolkata] PHP Notice:  Undefined index: modeOftravel in /var/www/html/erpm/View/expenses.php on line 63
[09-Jan-2023 18:04:57 Asia/Kolkata] PHP Notice:  Undefined index: receipt_no in /var/www/html/erpm/View/expenses.php on line 66
[09-Jan-2023 18:04:57 Asia/Kolkata] PHP Notice:  Undefined index: remarks in /var/www/html/erpm/View/expenses.php on line 68
[09-Jan-2023 18:04:57 Asia/Kolkata] PHP Notice:  Undefined index: returnDate in /var/www/html/erpm/View/expenses.php on line 74
[09-Jan-2023 18:04:57 Asia/Kolkata] PHP Notice:  Undefined index: car_km in /var/www/html/erpm/View/expenses.php on line 75
[09-Jan-2023 18:05:01 Asia/Kolkata] PHP Notice:  Undefined index: travel_date in /var/www/html/erpm/View/expenses.php on line 60
[09-Jan-2023 18:05:01 Asia/Kolkata] PHP Notice:  Undefined index: placeFrom in /var/www/html/erpm/View/expenses.php on line 61
[09-Jan-2023 18:05:01 Asia/Kolkata] PHP Notice:  Undefined index: placeTO in /var/www/html/erpm/View/expenses.php on line 62
[09-Jan-2023 18:05:01 Asia/Kolkata] PHP Notice:  Undefined index: modeOftravel in /var/www/html/erpm/View/expenses.php on line 63
[09-Jan-2023 18:05:01 Asia/Kolkata] PHP Notice:  Undefined index: receipt_no in /var/www/html/erpm/View/expenses.php on line 66
[09-Jan-2023 18:05:01 Asia/Kolkata] PHP Notice:  Undefined index: remarks in /var/www/html/erpm/View/expenses.php on line 68
[09-Jan-2023 18:05:01 Asia/Kolkata] PHP Notice:  Undefined index: returnDate in /var/www/html/erpm/View/expenses.php on line 74
[09-Jan-2023 18:05:01 Asia/Kolkata] PHP Notice:  Undefined index: car_km in /var/www/html/erpm/View/expenses.php on line 75
[09-Jan-2023 18:05:14 Asia/Kolkata] PHP Notice:  Undefined index: cm_id in /var/www/html/erpm/View/manage_consultancy.php on line 235
[09-Jan-2023 18:05:14 Asia/Kolkata] PHP Notice:  Undefined index: client_id in /var/www/html/erpm/View/manage_consultancy.php on line 240
[09-Jan-2023 18:05:14 Asia/Kolkata] PHP Notice:  Undefined index: sub_process in /var/www/html/erpm/View/manage_consultancy.php on line 240
[09-Jan-2023 18:05:14 Asia/Kolkata] PHP Notice:  Undefined index: cm_id in /var/www/html/erpm/View/manage_consultancy.php on line 240
[09-Jan-2023 18:05:14 Asia/Kolkata] PHP Notice:  Undefined index: Client_info in /var/www/html/erpm/View/manage_consultancy.php on line 240
[09-Jan-2023 18:05:14 Asia/Kolkata] PHP Notice:  Undefined index: cm_id in /var/www/html/erpm/View/manage_consultancy.php on line 235
[09-Jan-2023 18:05:14 Asia/Kolkata] PHP Notice:  Undefined index: client_id in /var/www/html/erpm/View/manage_consultancy.php on line 240
[09-Jan-2023 18:05:14 Asia/Kolkata] PHP Notice:  Undefined index: sub_process in /var/www/html/erpm/View/manage_consultancy.php on line 240
[09-Jan-2023 18:05:14 Asia/Kolkata] PHP Notice:  Undefined index: cm_id in /var/www/html/erpm/View/manage_consultancy.php on line 240
[09-Jan-2023 18:05:14 Asia/Kolkata] PHP Notice:  Undefined index: Client_info in /var/www/html/erpm/View/manage_consultancy.php on line 240
[09-Jan-2023 18:05:14 Asia/Kolkata] PHP Notice:  Undefined index: cm_id in /var/www/html/erpm/View/manage_consultancy.php on line 235
[09-Jan-2023 18:05:14 Asia/Kolkata] PHP Notice:  Undefined index: client_id in /var/www/html/erpm/View/manage_consultancy.php on line 240
[09-Jan-2023 18:05:14 Asia/Kolkata] PHP Notice:  Undefined index: sub_process in /var/www/html/erpm/View/manage_consultancy.php on line 240
[09-Jan-2023 18:05:14 Asia/Kolkata] PHP Notice:  Undefined index: cm_id in /var/www/html/erpm/View/manage_consultancy.php on line 240
[09-Jan-2023 18:05:14 Asia/Kolkata] PHP Notice:  Undefined index: Client_info in /var/www/html/erpm/View/manage_consultancy.php on line 240
[09-Jan-2023 18:05:14 Asia/Kolkata] PHP Notice:  Undefined index: cm_id in /var/www/html/erpm/View/manage_consultancy.php on line 235
[09-Jan-2023 18:05:14 Asia/Kolkata] PHP Notice:  Undefined index: client_id in /var/www/html/erpm/View/manage_consultancy.php on line 240
[09-Jan-2023 18:05:14 Asia/Kolkata] PHP Notice:  Undefined index: sub_process in /var/www/html/erpm/View/manage_consultancy.php on line 240
[09-Jan-2023 18:05:14 Asia/Kolkata] PHP Notice:  Undefined index: cm_id in /var/www/html/erpm/View/manage_consultancy.php on line 240
[09-Jan-2023 18:05:14 Asia/Kolkata] PHP Notice:  Undefined index: Client_info in /var/www/html/erpm/View/manage_consultancy.php on line 240
[09-Jan-2023 18:05:14 Asia/Kolkata] PHP Notice:  Undefined index: cm_id in /var/www/html/erpm/View/manage_consultancy.php on line 235
[09-Jan-2023 18:05:14 Asia/Kolkata] PHP Notice:  Undefined index: client_id in /var/www/html/erpm/View/manage_consultancy.php on line 240
[09-Jan-2023 18:05:14 Asia/Kolkata] PHP Notice:  Undefined index: sub_process in /var/www/html/erpm/View/manage_consultancy.php on line 240
[09-Jan-2023 18:05:14 Asia/Kolkata] PHP Notice:  Undefined index: cm_id in /var/www/html/erpm/View/manage_consultancy.php on line 240
[09-Jan-2023 18:05:14 Asia/Kolkata] PHP Notice:  Undefined index: Client_info in /var/www/html/erpm/View/manage_consultancy.php on line 240
[09-Jan-2023 18:05:14 Asia/Kolkata] PHP Notice:  Undefined index: cm_id in /var/www/html/erpm/View/manage_consultancy.php on line 235
[09-Jan-2023 18:05:14 Asia/Kolkata] PHP Notice:  Undefined index: client_id in /var/www/html/erpm/View/manage_consultancy.php on line 240
[09-Jan-2023 18:05:14 Asia/Kolkata] PHP Notice:  Undefined index: sub_process in /var/www/html/erpm/View/manage_consultancy.php on line 240
[09-Jan-2023 18:05:14 Asia/Kolkata] PHP Notice:  Undefined index: cm_id in /var/www/html/erpm/View/manage_consultancy.php on line 240
[09-Jan-2023 18:05:14 Asia/Kolkata] PHP Notice:  Undefined index: Client_info in /var/www/html/erpm/View/manage_consultancy.php on line 240
[09-Jan-2023 18:05:14 Asia/Kolkata] PHP Notice:  Undefined index: cm_id in /var/www/html/erpm/View/manage_consultancy.php on line 235
[09-Jan-2023 18:05:14 Asia/Kolkata] PHP Notice:  Undefined index: client_id in /var/www/html/erpm/View/manage_consultancy.php on line 240
[09-Jan-2023 18:05:14 Asia/Kolkata] PHP Notice:  Undefined index: sub_process in /var/www/html/erpm/View/manage_consultancy.php on line 240
[09-Jan-2023 18:05:14 Asia/Kolkata] PHP Notice:  Undefined index: cm_id in /var/www/html/erpm/View/manage_consultancy.php on line 240
[09-Jan-2023 18:05:14 Asia/Kolkata] PHP Notice:  Undefined index: Client_info in /var/www/html/erpm/View/manage_consultancy.php on line 240
[09-Jan-2023 18:05:14 Asia/Kolkata] PHP Notice:  Undefined index: cm_id in /var/www/html/erpm/View/manage_consultancy.php on line 235
[09-Jan-2023 18:05:14 Asia/Kolkata] PHP Notice:  Undefined index: client_id in /var/www/html/erpm/View/manage_consultancy.php on line 240
[09-Jan-2023 18:05:14 Asia/Kolkata] PHP Notice:  Undefined index: sub_process in /var/www/html/erpm/View/manage_consultancy.php on line 240
[09-Jan-2023 18:05:14 Asia/Kolkata] PHP Notice:  Undefined index: cm_id in /var/www/html/erpm/View/manage_consultancy.php on line 240
[09-Jan-2023 18:05:14 Asia/Kolkata] PHP Notice:  Undefined index: Client_info in /var/www/html/erpm/View/manage_consultancy.php on line 240
[09-Jan-2023 18:05:14 Asia/Kolkata] PHP Notice:  Undefined index: cm_id in /var/www/html/erpm/View/manage_consultancy.php on line 235
[09-Jan-2023 18:05:14 Asia/Kolkata] PHP Notice:  Undefined index: client_id in /var/www/html/erpm/View/manage_consultancy.php on line 240
[09-Jan-2023 18:05:14 Asia/Kolkata] PHP Notice:  Undefined index: sub_process in /var/www/html/erpm/View/manage_consultancy.php on line 240
[09-Jan-2023 18:05:14 Asia/Kolkata] PHP Notice:  Undefined index: cm_id in /var/www/html/erpm/View/manage_consultancy.php on line 240
[09-Jan-2023 18:05:14 Asia/Kolkata] PHP Notice:  Undefined index: Client_info in /var/www/html/erpm/View/manage_consultancy.php on line 240
[09-Jan-2023 18:05:34 Asia/Kolkata] PHP Notice:  Undefined index: cm_id in /var/www/html/erpm/View/manage_consultancy.php on line 235
[09-Jan-2023 18:05:34 Asia/Kolkata] PHP Notice:  Undefined index: client_id in /var/www/html/erpm/View/manage_consultancy.php on line 240
[09-Jan-2023 18:05:34 Asia/Kolkata] PHP Notice:  Undefined index: sub_process in /var/www/html/erpm/View/manage_consultancy.php on line 240
[09-Jan-2023 18:05:34 Asia/Kolkata] PHP Notice:  Undefined index: cm_id in /var/www/html/erpm/View/manage_consultancy.php on line 240
[09-Jan-2023 18:05:34 Asia/Kolkata] PHP Notice:  Undefined index: Client_info in /var/www/html/erpm/View/manage_consultancy.php on line 240
[09-Jan-2023 18:05:34 Asia/Kolkata] PHP Notice:  Undefined index: cm_id in /var/www/html/erpm/View/manage_consultancy.php on line 235
[09-Jan-2023 18:05:34 Asia/Kolkata] PHP Notice:  Undefined index: client_id in /var/www/html/erpm/View/manage_consultancy.php on line 240
[09-Jan-2023 18:05:34 Asia/Kolkata] PHP Notice:  Undefined index: sub_process in /var/www/html/erpm/View/manage_consultancy.php on line 240
[09-Jan-2023 18:05:34 Asia/Kolkata] PHP Notice:  Undefined index: cm_id in /var/www/html/erpm/View/manage_consultancy.php on line 240
[09-Jan-2023 18:05:34 Asia/Kolkata] PHP Notice:  Undefined index: Client_info in /var/www/html/erpm/View/manage_consultancy.php on line 240
[09-Jan-2023 18:05:34 Asia/Kolkata] PHP Notice:  Undefined index: cm_id in /var/www/html/erpm/View/manage_consultancy.php on line 235
[09-Jan-2023 18:05:34 Asia/Kolkata] PHP Notice:  Undefined index: client_id in /var/www/html/erpm/View/manage_consultancy.php on line 240
[09-Jan-2023 18:05:34 Asia/Kolkata] PHP Notice:  Undefined index: sub_process in /var/www/html/erpm/View/manage_consultancy.php on line 240
[09-Jan-2023 18:05:34 Asia/Kolkata] PHP Notice:  Undefined index: cm_id in /var/www/html/erpm/View/manage_consultancy.php on line 240
[09-Jan-2023 18:05:34 Asia/Kolkata] PHP Notice:  Undefined index: Client_info in /var/www/html/erpm/View/manage_consultancy.php on line 240
[09-Jan-2023 18:05:34 Asia/Kolkata] PHP Notice:  Undefined index: cm_id in /var/www/html/erpm/View/manage_consultancy.php on line 235
[09-Jan-2023 18:05:34 Asia/Kolkata] PHP Notice:  Undefined index: client_id in /var/www/html/erpm/View/manage_consultancy.php on line 240
[09-Jan-2023 18:05:34 Asia/Kolkata] PHP Notice:  Undefined index: sub_process in /var/www/html/erpm/View/manage_consultancy.php on line 240
[09-Jan-2023 18:05:34 Asia/Kolkata] PHP Notice:  Undefined index: cm_id in /var/www/html/erpm/View/manage_consultancy.php on line 240
[09-Jan-2023 18:05:34 Asia/Kolkata] PHP Notice:  Undefined index: Client_info in /var/www/html/erpm/View/manage_consultancy.php on line 240
[09-Jan-2023 18:05:34 Asia/Kolkata] PHP Notice:  Undefined index: cm_id in /var/www/html/erpm/View/manage_consultancy.php on line 235
[09-Jan-2023 18:05:34 Asia/Kolkata] PHP Notice:  Undefined index: client_id in /var/www/html/erpm/View/manage_consultancy.php on line 240
[09-Jan-2023 18:05:34 Asia/Kolkata] PHP Notice:  Undefined index: sub_process in /var/www/html/erpm/View/manage_consultancy.php on line 240
[09-Jan-2023 18:05:34 Asia/Kolkata] PHP Notice:  Undefined index: cm_id in /var/www/html/erpm/View/manage_consultancy.php on line 240
[09-Jan-2023 18:05:34 Asia/Kolkata] PHP Notice:  Undefined index: Client_info in /var/www/html/erpm/View/manage_consultancy.php on line 240
[09-Jan-2023 18:05:34 Asia/Kolkata] PHP Notice:  Undefined index: cm_id in /var/www/html/erpm/View/manage_consultancy.php on line 235
[09-Jan-2023 18:05:34 Asia/Kolkata] PHP Notice:  Undefined index: client_id in /var/www/html/erpm/View/manage_consultancy.php on line 240
[09-Jan-2023 18:05:34 Asia/Kolkata] PHP Notice:  Undefined index: sub_process in /var/www/html/erpm/View/manage_consultancy.php on line 240
[09-Jan-2023 18:05:34 Asia/Kolkata] PHP Notice:  Undefined index: cm_id in /var/www/html/erpm/View/manage_consultancy.php on line 240
[09-Jan-2023 18:05:34 Asia/Kolkata] PHP Notice:  Undefined index: Client_info in /var/www/html/erpm/View/manage_consultancy.php on line 240
[09-Jan-2023 18:05:34 Asia/Kolkata] PHP Notice:  Undefined index: cm_id in /var/www/html/erpm/View/manage_consultancy.php on line 235
[09-Jan-2023 18:05:34 Asia/Kolkata] PHP Notice:  Undefined index: client_id in /var/www/html/erpm/View/manage_consultancy.php on line 240
[09-Jan-2023 18:05:34 Asia/Kolkata] PHP Notice:  Undefined index: sub_process in /var/www/html/erpm/View/manage_consultancy.php on line 240
[09-Jan-2023 18:05:34 Asia/Kolkata] PHP Notice:  Undefined index: cm_id in /var/www/html/erpm/View/manage_consultancy.php on line 240
[09-Jan-2023 18:05:34 Asia/Kolkata] PHP Notice:  Undefined index: Client_info in /var/www/html/erpm/View/manage_consultancy.php on line 240
[09-Jan-2023 18:05:34 Asia/Kolkata] PHP Notice:  Undefined index: cm_id in /var/www/html/erpm/View/manage_consultancy.php on line 235
[09-Jan-2023 18:05:34 Asia/Kolkata] PHP Notice:  Undefined index: client_id in /var/www/html/erpm/View/manage_consultancy.php on line 240
[09-Jan-2023 18:05:34 Asia/Kolkata] PHP Notice:  Undefined index: sub_process in /var/www/html/erpm/View/manage_consultancy.php on line 240
[09-Jan-2023 18:05:34 Asia/Kolkata] PHP Notice:  Undefined index: cm_id in /var/www/html/erpm/View/manage_consultancy.php on line 240
[09-Jan-2023 18:05:34 Asia/Kolkata] PHP Notice:  Undefined index: Client_info in /var/www/html/erpm/View/manage_consultancy.php on line 240
[09-Jan-2023 18:05:34 Asia/Kolkata] PHP Notice:  Undefined index: cm_id in /var/www/html/erpm/View/manage_consultancy.php on line 235
[09-Jan-2023 18:05:34 Asia/Kolkata] PHP Notice:  Undefined index: client_id in /var/www/html/erpm/View/manage_consultancy.php on line 240
[09-Jan-2023 18:05:34 Asia/Kolkata] PHP Notice:  Undefined index: sub_process in /var/www/html/erpm/View/manage_consultancy.php on line 240
[09-Jan-2023 18:05:34 Asia/Kolkata] PHP Notice:  Undefined index: cm_id in /var/www/html/erpm/View/manage_consultancy.php on line 240
[09-Jan-2023 18:05:34 Asia/Kolkata] PHP Notice:  Undefined index: Client_info in /var/www/html/erpm/View/manage_consultancy.php on line 240
[09-Jan-2023 18:09:08 Asia/Kolkata] PHP Warning:  move_uploaded_file(/var/www/html/erpm/View/../ExpenseFood/CE03070003_2023-01-09_180908.png): failed to open stream: No such file or directory in /var/www/html/erpm/View/expenses.php on line 35
[09-Jan-2023 18:09:08 Asia/Kolkata] PHP Warning:  move_uploaded_file(): Unable to move '/tmp/phprxXK8O' to '/var/www/html/erpm/View/../ExpenseFood/CE03070003_2023-01-09_180908.png' in /var/www/html/erpm/View/expenses.php on line 35
[09-Jan-2023 18:09:08 Asia/Kolkata] PHP Notice:  Undefined index: travel_date in /var/www/html/erpm/View/expenses.php on line 60
[09-Jan-2023 18:09:08 Asia/Kolkata] PHP Notice:  Undefined index: placeFrom in /var/www/html/erpm/View/expenses.php on line 61
[09-Jan-2023 18:09:08 Asia/Kolkata] PHP Notice:  Undefined index: placeTO in /var/www/html/erpm/View/expenses.php on line 62
[09-Jan-2023 18:09:08 Asia/Kolkata] PHP Notice:  Undefined index: modeOftravel in /var/www/html/erpm/View/expenses.php on line 63
[09-Jan-2023 18:09:08 Asia/Kolkata] PHP Notice:  Undefined index: returnDate in /var/www/html/erpm/View/expenses.php on line 74
[09-Jan-2023 18:09:08 Asia/Kolkata] PHP Notice:  Undefined index: car_km in /var/www/html/erpm/View/expenses.php on line 75
[09-Jan-2023 18:10:24 Asia/Kolkata] PHP Warning:  move_uploaded_file(/var/www/html/erpm/View/../ExpenseFood/CE03070003_2023-01-09_181024.png): failed to open stream: No such file or directory in /var/www/html/erpm/View/expenses.php on line 35
[09-Jan-2023 18:10:24 Asia/Kolkata] PHP Warning:  move_uploaded_file(): Unable to move '/tmp/phpNqzijt' to '/var/www/html/erpm/View/../ExpenseFood/CE03070003_2023-01-09_181024.png' in /var/www/html/erpm/View/expenses.php on line 35
[09-Jan-2023 18:10:24 Asia/Kolkata] PHP Notice:  Undefined index: travel_date in /var/www/html/erpm/View/expenses.php on line 60
[09-Jan-2023 18:10:24 Asia/Kolkata] PHP Notice:  Undefined index: placeFrom in /var/www/html/erpm/View/expenses.php on line 61
[09-Jan-2023 18:10:24 Asia/Kolkata] PHP Notice:  Undefined index: placeTO in /var/www/html/erpm/View/expenses.php on line 62
[09-Jan-2023 18:10:24 Asia/Kolkata] PHP Notice:  Undefined index: modeOftravel in /var/www/html/erpm/View/expenses.php on line 63
[09-Jan-2023 18:10:24 Asia/Kolkata] PHP Notice:  Undefined index: returnDate in /var/www/html/erpm/View/expenses.php on line 74
[09-Jan-2023 18:10:24 Asia/Kolkata] PHP Notice:  Undefined index: car_km in /var/www/html/erpm/View/expenses.php on line 75
[09-Jan-2023 18:11:26 Asia/Kolkata] PHP Notice:  Undefined index: travel_date in /var/www/html/erpm/View/expenses.php on line 60
[09-Jan-2023 18:11:26 Asia/Kolkata] PHP Notice:  Undefined index: placeFrom in /var/www/html/erpm/View/expenses.php on line 61
[09-Jan-2023 18:11:26 Asia/Kolkata] PHP Notice:  Undefined index: placeTO in /var/www/html/erpm/View/expenses.php on line 62
[09-Jan-2023 18:11:26 Asia/Kolkata] PHP Notice:  Undefined index: modeOftravel in /var/www/html/erpm/View/expenses.php on line 63
[09-Jan-2023 18:11:26 Asia/Kolkata] PHP Notice:  Undefined index: returnDate in /var/www/html/erpm/View/expenses.php on line 74
[09-Jan-2023 18:11:26 Asia/Kolkata] PHP Notice:  Undefined index: car_km in /var/www/html/erpm/View/expenses.php on line 75
[09-Jan-2023 18:12:31 Asia/Kolkata] PHP Warning:  move_uploaded_file(/var/www/html/erpm/View/../ExpenseFood/CE03070003_2023-01-09_181231.png): failed to open stream: No such file or directory in /var/www/html/erpm/View/expenses.php on line 35
[09-Jan-2023 18:12:31 Asia/Kolkata] PHP Warning:  move_uploaded_file(): Unable to move '/tmp/phpxhhI9K' to '/var/www/html/erpm/View/../ExpenseFood/CE03070003_2023-01-09_181231.png' in /var/www/html/erpm/View/expenses.php on line 35
[09-Jan-2023 18:12:31 Asia/Kolkata] PHP Notice:  Undefined index: travel_date in /var/www/html/erpm/View/expenses.php on line 60
[09-Jan-2023 18:12:31 Asia/Kolkata] PHP Notice:  Undefined index: placeFrom in /var/www/html/erpm/View/expenses.php on line 61
[09-Jan-2023 18:12:31 Asia/Kolkata] PHP Notice:  Undefined index: placeTO in /var/www/html/erpm/View/expenses.php on line 62
[09-Jan-2023 18:12:31 Asia/Kolkata] PHP Notice:  Undefined index: modeOftravel in /var/www/html/erpm/View/expenses.php on line 63
[09-Jan-2023 18:12:31 Asia/Kolkata] PHP Notice:  Undefined index: returnDate in /var/www/html/erpm/View/expenses.php on line 74
[09-Jan-2023 18:12:31 Asia/Kolkata] PHP Notice:  Undefined index: car_km in /var/www/html/erpm/View/expenses.php on line 75
[09-Jan-2023 18:15:38 Asia/Kolkata] PHP Notice:  Undefined variable: emp_mail in /var/www/html/erpm/View/employee_serach.php on line 347
[09-Jan-2023 18:15:49 Asia/Kolkata] PHP Notice:  Undefined index: location in /var/www/html/erpm/View/save_personal.php on line 27
[09-Jan-2023 18:15:49 Asia/Kolkata] PHP Notice:  Undefined index: txt_Personal_First in /var/www/html/erpm/View/save_personal.php on line 108
[09-Jan-2023 18:15:49 Asia/Kolkata] PHP Notice:  Undefined index: EmployeeID in /var/www/html/erpm/View/save_personal.php on line 109
[09-Jan-2023 18:15:49 Asia/Kolkata] PHP Notice:  Undefined index: intid in /var/www/html/erpm/View/save_personal.php on line 118
[09-Jan-2023 18:16:01 Asia/Kolkata] PHP Notice:  Undefined index: testscore in /var/www/html/erpm/View/save_test.php on line 72
[09-Jan-2023 18:16:01 Asia/Kolkata] PHP Notice:  Undefined index: tfilename in /var/www/html/erpm/View/save_test.php on line 73
[09-Jan-2023 18:16:01 Asia/Kolkata] PHP Notice:  Undefined index: testname in /var/www/html/erpm/View/save_test.php on line 74
[09-Jan-2023 18:16:10 Asia/Kolkata] PHP Notice:  Undefined index: location in /var/www/html/erpm/View/save_personal.php on line 27
[09-Jan-2023 18:16:10 Asia/Kolkata] PHP Notice:  Undefined index: txt_Personal_First in /var/www/html/erpm/View/save_personal.php on line 108
[09-Jan-2023 18:16:10 Asia/Kolkata] PHP Notice:  Undefined index: EmployeeID in /var/www/html/erpm/View/save_personal.php on line 109
[09-Jan-2023 18:16:10 Asia/Kolkata] PHP Notice:  Undefined index: intid in /var/www/html/erpm/View/save_personal.php on line 118
[09-Jan-2023 18:16:23 Asia/Kolkata] PHP Notice:  Undefined index: txt_exp_desg in /var/www/html/erpm/View/save_experience.php on line 53
[09-Jan-2023 18:16:23 Asia/Kolkata] PHP Notice:  Undefined index: EmployeeID in /var/www/html/erpm/View/save_experience.php on line 64
[09-Jan-2023 18:16:23 Asia/Kolkata] PHP Notice:  Undefined index: expselect in /var/www/html/erpm/View/save_experience.php on line 239
[09-Jan-2023 18:16:44 Asia/Kolkata] PHP Notice:  Undefined offset: 3 in /var/www/html/erpm/View/save_infra.php on line 200
[09-Jan-2023 18:16:44 Asia/Kolkata] PHP Notice:  Undefined offset: 4 in /var/www/html/erpm/View/save_infra.php on line 201
[09-Jan-2023 18:16:44 Asia/Kolkata] PHP Notice:  Undefined offset: 5 in /var/www/html/erpm/View/save_infra.php on line 202
[09-Jan-2023 18:16:44 Asia/Kolkata] PHP Notice:  Undefined offset: 6 in /var/www/html/erpm/View/save_infra.php on line 203
[09-Jan-2023 18:16:44 Asia/Kolkata] PHP Notice:  Undefined offset: 7 in /var/www/html/erpm/View/save_infra.php on line 204
[09-Jan-2023 18:16:44 Asia/Kolkata] PHP Notice:  Undefined offset: 8 in /var/www/html/erpm/View/save_infra.php on line 205
[09-Jan-2023 18:16:44 Asia/Kolkata] PHP Notice:  Undefined offset: 9 in /var/www/html/erpm/View/save_infra.php on line 206
[09-Jan-2023 18:16:44 Asia/Kolkata] PHP Notice:  Undefined offset: 10 in /var/www/html/erpm/View/save_infra.php on line 207
[09-Jan-2023 18:16:44 Asia/Kolkata] PHP Notice:  Undefined offset: 11 in /var/www/html/erpm/View/save_infra.php on line 208
[09-Jan-2023 18:16:57 Asia/Kolkata] PHP Notice:  Undefined variable: emp_type in /var/www/html/erpm/View/save_salary.php on line 341
[09-Jan-2023 18:17:02 Asia/Kolkata] PHP Notice:  Undefined index: employment_type in /var/www/html/erpm/View/save_employeemap.php on line 124
[09-Jan-2023 18:17:02 Asia/Kolkata] PHP Notice:  Undefined index: EmployeeID in /var/www/html/erpm/View/save_employeemap.php on line 159
[09-Jan-2023 18:17:02 Asia/Kolkata] PHP Notice:  Undefined index: btn_empmap_Save in /var/www/html/erpm/View/save_employeemap.php on line 222
[09-Jan-2023 18:17:02 Asia/Kolkata] PHP Notice:  Undefined index: rt_type in /var/www/html/erpm/View/save_employeemap.php on line 223
[09-Jan-2023 18:17:26 Asia/Kolkata] PHP Notice:  Undefined index: testscore in /var/www/html/erpm/View/save_test.php on line 72
[09-Jan-2023 18:17:26 Asia/Kolkata] PHP Notice:  Undefined index: tfilename in /var/www/html/erpm/View/save_test.php on line 73
[09-Jan-2023 18:17:26 Asia/Kolkata] PHP Notice:  Undefined index: testname in /var/www/html/erpm/View/save_test.php on line 74
[09-Jan-2023 18:17:49 Asia/Kolkata] PHP Warning:  move_uploaded_file(/var/www/html/erpm/View/../ExpenseFood/CE03070003_2023-01-09_181749.png): failed to open stream: No such file or directory in /var/www/html/erpm/View/expenses.php on line 35
[09-Jan-2023 18:17:49 Asia/Kolkata] PHP Warning:  move_uploaded_file(): Unable to move '/tmp/phpb27UJH' to '/var/www/html/erpm/View/../ExpenseFood/CE03070003_2023-01-09_181749.png' in /var/www/html/erpm/View/expenses.php on line 35
[09-Jan-2023 18:17:49 Asia/Kolkata] PHP Notice:  Undefined index: travel_date in /var/www/html/erpm/View/expenses.php on line 60
[09-Jan-2023 18:17:49 Asia/Kolkata] PHP Notice:  Undefined index: placeFrom in /var/www/html/erpm/View/expenses.php on line 61
[09-Jan-2023 18:17:49 Asia/Kolkata] PHP Notice:  Undefined index: placeTO in /var/www/html/erpm/View/expenses.php on line 62
[09-Jan-2023 18:17:49 Asia/Kolkata] PHP Notice:  Undefined index: modeOftravel in /var/www/html/erpm/View/expenses.php on line 63
[09-Jan-2023 18:17:49 Asia/Kolkata] PHP Notice:  Undefined index: returnDate in /var/www/html/erpm/View/expenses.php on line 74
[09-Jan-2023 18:17:49 Asia/Kolkata] PHP Notice:  Undefined index: car_km in /var/www/html/erpm/View/expenses.php on line 75
[09-Jan-2023 18:19:05 Asia/Kolkata] PHP Warning:  move_uploaded_file(/var/www/html/erpm/View/../ExpenseFood/CE03070003_2023-01-09_181905.png): failed to open stream: No such file or directory in /var/www/html/erpm/View/expenses.php on line 35
[09-Jan-2023 18:19:05 Asia/Kolkata] PHP Warning:  move_uploaded_file(): Unable to move '/tmp/phpn8dC9J' to '/var/www/html/erpm/View/../ExpenseFood/CE03070003_2023-01-09_181905.png' in /var/www/html/erpm/View/expenses.php on line 35
[09-Jan-2023 18:19:05 Asia/Kolkata] PHP Notice:  Undefined index: travel_date in /var/www/html/erpm/View/expenses.php on line 60
[09-Jan-2023 18:19:05 Asia/Kolkata] PHP Notice:  Undefined index: placeFrom in /var/www/html/erpm/View/expenses.php on line 61
[09-Jan-2023 18:19:05 Asia/Kolkata] PHP Notice:  Undefined index: placeTO in /var/www/html/erpm/View/expenses.php on line 62
[09-Jan-2023 18:19:05 Asia/Kolkata] PHP Notice:  Undefined index: modeOftravel in /var/www/html/erpm/View/expenses.php on line 63
[09-Jan-2023 18:19:05 Asia/Kolkata] PHP Notice:  Undefined index: returnDate in /var/www/html/erpm/View/expenses.php on line 74
[09-Jan-2023 18:19:05 Asia/Kolkata] PHP Notice:  Undefined index: car_km in /var/www/html/erpm/View/expenses.php on line 75
[09-Jan-2023 18:19:10 Asia/Kolkata] PHP Notice:  Undefined index: cm_id in /var/www/html/erpm/View/manage_consultancy.php on line 235
[09-Jan-2023 18:19:10 Asia/Kolkata] PHP Notice:  Undefined index: client_id in /var/www/html/erpm/View/manage_consultancy.php on line 240
[09-Jan-2023 18:19:10 Asia/Kolkata] PHP Notice:  Undefined index: sub_process in /var/www/html/erpm/View/manage_consultancy.php on line 240
[09-Jan-2023 18:19:10 Asia/Kolkata] PHP Notice:  Undefined index: cm_id in /var/www/html/erpm/View/manage_consultancy.php on line 240
[09-Jan-2023 18:19:10 Asia/Kolkata] PHP Notice:  Undefined index: Client_info in /var/www/html/erpm/View/manage_consultancy.php on line 240
[09-Jan-2023 18:19:10 Asia/Kolkata] PHP Notice:  Undefined index: cm_id in /var/www/html/erpm/View/manage_consultancy.php on line 235
[09-Jan-2023 18:19:10 Asia/Kolkata] PHP Notice:  Undefined index: client_id in /var/www/html/erpm/View/manage_consultancy.php on line 240
[09-Jan-2023 18:19:10 Asia/Kolkata] PHP Notice:  Undefined index: sub_process in /var/www/html/erpm/View/manage_consultancy.php on line 240
[09-Jan-2023 18:19:10 Asia/Kolkata] PHP Notice:  Undefined index: cm_id in /var/www/html/erpm/View/manage_consultancy.php on line 240
[09-Jan-2023 18:19:10 Asia/Kolkata] PHP Notice:  Undefined index: Client_info in /var/www/html/erpm/View/manage_consultancy.php on line 240
[09-Jan-2023 18:19:10 Asia/Kolkata] PHP Notice:  Undefined index: cm_id in /var/www/html/erpm/View/manage_consultancy.php on line 235
[09-Jan-2023 18:19:10 Asia/Kolkata] PHP Notice:  Undefined index: client_id in /var/www/html/erpm/View/manage_consultancy.php on line 240
[09-Jan-2023 18:19:10 Asia/Kolkata] PHP Notice:  Undefined index: sub_process in /var/www/html/erpm/View/manage_consultancy.php on line 240
[09-Jan-2023 18:19:10 Asia/Kolkata] PHP Notice:  Undefined index: cm_id in /var/www/html/erpm/View/manage_consultancy.php on line 240
[09-Jan-2023 18:19:10 Asia/Kolkata] PHP Notice:  Undefined index: Client_info in /var/www/html/erpm/View/manage_consultancy.php on line 240
[09-Jan-2023 18:19:10 Asia/Kolkata] PHP Notice:  Undefined index: cm_id in /var/www/html/erpm/View/manage_consultancy.php on line 235
[09-Jan-2023 18:19:10 Asia/Kolkata] PHP Notice:  Undefined index: client_id in /var/www/html/erpm/View/manage_consultancy.php on line 240
[09-Jan-2023 18:19:10 Asia/Kolkata] PHP Notice:  Undefined index: sub_process in /var/www/html/erpm/View/manage_consultancy.php on line 240
[09-Jan-2023 18:19:10 Asia/Kolkata] PHP Notice:  Undefined index: cm_id in /var/www/html/erpm/View/manage_consultancy.php on line 240
[09-Jan-2023 18:19:10 Asia/Kolkata] PHP Notice:  Undefined index: Client_info in /var/www/html/erpm/View/manage_consultancy.php on line 240
[09-Jan-2023 18:19:10 Asia/Kolkata] PHP Notice:  Undefined index: cm_id in /var/www/html/erpm/View/manage_consultancy.php on line 235
[09-Jan-2023 18:19:10 Asia/Kolkata] PHP Notice:  Undefined index: client_id in /var/www/html/erpm/View/manage_consultancy.php on line 240
[09-Jan-2023 18:19:10 Asia/Kolkata] PHP Notice:  Undefined index: sub_process in /var/www/html/erpm/View/manage_consultancy.php on line 240
[09-Jan-2023 18:19:10 Asia/Kolkata] PHP Notice:  Undefined index: cm_id in /var/www/html/erpm/View/manage_consultancy.php on line 240
[09-Jan-2023 18:19:10 Asia/Kolkata] PHP Notice:  Undefined index: Client_info in /var/www/html/erpm/View/manage_consultancy.php on line 240
[09-Jan-2023 18:19:10 Asia/Kolkata] PHP Notice:  Undefined index: cm_id in /var/www/html/erpm/View/manage_consultancy.php on line 235
[09-Jan-2023 18:19:10 Asia/Kolkata] PHP Notice:  Undefined index: client_id in /var/www/html/erpm/View/manage_consultancy.php on line 240
[09-Jan-2023 18:19:10 Asia/Kolkata] PHP Notice:  Undefined index: sub_process in /var/www/html/erpm/View/manage_consultancy.php on line 240
[09-Jan-2023 18:19:10 Asia/Kolkata] PHP Notice:  Undefined index: cm_id in /var/www/html/erpm/View/manage_consultancy.php on line 240
[09-Jan-2023 18:19:10 Asia/Kolkata] PHP Notice:  Undefined index: Client_info in /var/www/html/erpm/View/manage_consultancy.php on line 240
[09-Jan-2023 18:19:10 Asia/Kolkata] PHP Notice:  Undefined index: cm_id in /var/www/html/erpm/View/manage_consultancy.php on line 235
[09-Jan-2023 18:19:10 Asia/Kolkata] PHP Notice:  Undefined index: client_id in /var/www/html/erpm/View/manage_consultancy.php on line 240
[09-Jan-2023 18:19:10 Asia/Kolkata] PHP Notice:  Undefined index: sub_process in /var/www/html/erpm/View/manage_consultancy.php on line 240
[09-Jan-2023 18:19:10 Asia/Kolkata] PHP Notice:  Undefined index: cm_id in /var/www/html/erpm/View/manage_consultancy.php on line 240
[09-Jan-2023 18:19:10 Asia/Kolkata] PHP Notice:  Undefined index: Client_info in /var/www/html/erpm/View/manage_consultancy.php on line 240
[09-Jan-2023 18:19:10 Asia/Kolkata] PHP Notice:  Undefined index: cm_id in /var/www/html/erpm/View/manage_consultancy.php on line 235
[09-Jan-2023 18:19:10 Asia/Kolkata] PHP Notice:  Undefined index: client_id in /var/www/html/erpm/View/manage_consultancy.php on line 240
[09-Jan-2023 18:19:10 Asia/Kolkata] PHP Notice:  Undefined index: sub_process in /var/www/html/erpm/View/manage_consultancy.php on line 240
[09-Jan-2023 18:19:10 Asia/Kolkata] PHP Notice:  Undefined index: cm_id in /var/www/html/erpm/View/manage_consultancy.php on line 240
[09-Jan-2023 18:19:10 Asia/Kolkata] PHP Notice:  Undefined index: Client_info in /var/www/html/erpm/View/manage_consultancy.php on line 240
[09-Jan-2023 18:19:10 Asia/Kolkata] PHP Notice:  Undefined index: cm_id in /var/www/html/erpm/View/manage_consultancy.php on line 235
[09-Jan-2023 18:19:10 Asia/Kolkata] PHP Notice:  Undefined index: client_id in /var/www/html/erpm/View/manage_consultancy.php on line 240
[09-Jan-2023 18:19:10 Asia/Kolkata] PHP Notice:  Undefined index: sub_process in /var/www/html/erpm/View/manage_consultancy.php on line 240
[09-Jan-2023 18:19:10 Asia/Kolkata] PHP Notice:  Undefined index: cm_id in /var/www/html/erpm/View/manage_consultancy.php on line 240
[09-Jan-2023 18:19:10 Asia/Kolkata] PHP Notice:  Undefined index: Client_info in /var/www/html/erpm/View/manage_consultancy.php on line 240
[09-Jan-2023 18:19:32 Asia/Kolkata] PHP Notice:  Undefined index: cm_id in /var/www/html/erpm/View/manage_consultancy.php on line 235
[09-Jan-2023 18:19:32 Asia/Kolkata] PHP Notice:  Undefined index: client_id in /var/www/html/erpm/View/manage_consultancy.php on line 240
[09-Jan-2023 18:19:32 Asia/Kolkata] PHP Notice:  Undefined index: sub_process in /var/www/html/erpm/View/manage_consultancy.php on line 240
[09-Jan-2023 18:19:32 Asia/Kolkata] PHP Notice:  Undefined index: cm_id in /var/www/html/erpm/View/manage_consultancy.php on line 240
[09-Jan-2023 18:19:32 Asia/Kolkata] PHP Notice:  Undefined index: Client_info in /var/www/html/erpm/View/manage_consultancy.php on line 240
[09-Jan-2023 18:19:32 Asia/Kolkata] PHP Notice:  Undefined index: cm_id in /var/www/html/erpm/View/manage_consultancy.php on line 235
[09-Jan-2023 18:19:32 Asia/Kolkata] PHP Notice:  Undefined index: client_id in /var/www/html/erpm/View/manage_consultancy.php on line 240
[09-Jan-2023 18:19:32 Asia/Kolkata] PHP Notice:  Undefined index: sub_process in /var/www/html/erpm/View/manage_consultancy.php on line 240
[09-Jan-2023 18:19:32 Asia/Kolkata] PHP Notice:  Undefined index: cm_id in /var/www/html/erpm/View/manage_consultancy.php on line 240
[09-Jan-2023 18:19:32 Asia/Kolkata] PHP Notice:  Undefined index: Client_info in /var/www/html/erpm/View/manage_consultancy.php on line 240
[09-Jan-2023 18:19:32 Asia/Kolkata] PHP Notice:  Undefined index: cm_id in /var/www/html/erpm/View/manage_consultancy.php on line 235
[09-Jan-2023 18:19:32 Asia/Kolkata] PHP Notice:  Undefined index: client_id in /var/www/html/erpm/View/manage_consultancy.php on line 240
[09-Jan-2023 18:19:32 Asia/Kolkata] PHP Notice:  Undefined index: sub_process in /var/www/html/erpm/View/manage_consultancy.php on line 240
[09-Jan-2023 18:19:32 Asia/Kolkata] PHP Notice:  Undefined index: cm_id in /var/www/html/erpm/View/manage_consultancy.php on line 240
[09-Jan-2023 18:19:32 Asia/Kolkata] PHP Notice:  Undefined index: Client_info in /var/www/html/erpm/View/manage_consultancy.php on line 240
[09-Jan-2023 18:19:32 Asia/Kolkata] PHP Notice:  Undefined index: cm_id in /var/www/html/erpm/View/manage_consultancy.php on line 235
[09-Jan-2023 18:19:32 Asia/Kolkata] PHP Notice:  Undefined index: client_id in /var/www/html/erpm/View/manage_consultancy.php on line 240
[09-Jan-2023 18:19:32 Asia/Kolkata] PHP Notice:  Undefined index: sub_process in /var/www/html/erpm/View/manage_consultancy.php on line 240
[09-Jan-2023 18:19:32 Asia/Kolkata] PHP Notice:  Undefined index: cm_id in /var/www/html/erpm/View/manage_consultancy.php on line 240
[09-Jan-2023 18:19:32 Asia/Kolkata] PHP Notice:  Undefined index: Client_info in /var/www/html/erpm/View/manage_consultancy.php on line 240
[09-Jan-2023 18:19:32 Asia/Kolkata] PHP Notice:  Undefined index: cm_id in /var/www/html/erpm/View/manage_consultancy.php on line 235
[09-Jan-2023 18:19:32 Asia/Kolkata] PHP Notice:  Undefined index: client_id in /var/www/html/erpm/View/manage_consultancy.php on line 240
[09-Jan-2023 18:19:32 Asia/Kolkata] PHP Notice:  Undefined index: sub_process in /var/www/html/erpm/View/manage_consultancy.php on line 240
[09-Jan-2023 18:19:32 Asia/Kolkata] PHP Notice:  Undefined index: cm_id in /var/www/html/erpm/View/manage_consultancy.php on line 240
[09-Jan-2023 18:19:32 Asia/Kolkata] PHP Notice:  Undefined index: Client_info in /var/www/html/erpm/View/manage_consultancy.php on line 240
[09-Jan-2023 18:19:32 Asia/Kolkata] PHP Notice:  Undefined index: cm_id in /var/www/html/erpm/View/manage_consultancy.php on line 235
[09-Jan-2023 18:19:32 Asia/Kolkata] PHP Notice:  Undefined index: client_id in /var/www/html/erpm/View/manage_consultancy.php on line 240
[09-Jan-2023 18:19:32 Asia/Kolkata] PHP Notice:  Undefined index: sub_process in /var/www/html/erpm/View/manage_consultancy.php on line 240
[09-Jan-2023 18:19:32 Asia/Kolkata] PHP Notice:  Undefined index: cm_id in /var/www/html/erpm/View/manage_consultancy.php on line 240
[09-Jan-2023 18:19:32 Asia/Kolkata] PHP Notice:  Undefined index: Client_info in /var/www/html/erpm/View/manage_consultancy.php on line 240
[09-Jan-2023 18:19:32 Asia/Kolkata] PHP Notice:  Undefined index: cm_id in /var/www/html/erpm/View/manage_consultancy.php on line 235
[09-Jan-2023 18:19:32 Asia/Kolkata] PHP Notice:  Undefined index: client_id in /var/www/html/erpm/View/manage_consultancy.php on line 240
[09-Jan-2023 18:19:32 Asia/Kolkata] PHP Notice:  Undefined index: sub_process in /var/www/html/erpm/View/manage_consultancy.php on line 240
[09-Jan-2023 18:19:32 Asia/Kolkata] PHP Notice:  Undefined index: cm_id in /var/www/html/erpm/View/manage_consultancy.php on line 240
[09-Jan-2023 18:19:32 Asia/Kolkata] PHP Notice:  Undefined index: Client_info in /var/www/html/erpm/View/manage_consultancy.php on line 240
[09-Jan-2023 18:19:32 Asia/Kolkata] PHP Notice:  Undefined index: cm_id in /var/www/html/erpm/View/manage_consultancy.php on line 235
[09-Jan-2023 18:19:32 Asia/Kolkata] PHP Notice:  Undefined index: client_id in /var/www/html/erpm/View/manage_consultancy.php on line 240
[09-Jan-2023 18:19:32 Asia/Kolkata] PHP Notice:  Undefined index: sub_process in /var/www/html/erpm/View/manage_consultancy.php on line 240
[09-Jan-2023 18:19:32 Asia/Kolkata] PHP Notice:  Undefined index: cm_id in /var/www/html/erpm/View/manage_consultancy.php on line 240
[09-Jan-2023 18:19:32 Asia/Kolkata] PHP Notice:  Undefined index: Client_info in /var/www/html/erpm/View/manage_consultancy.php on line 240
[09-Jan-2023 18:19:32 Asia/Kolkata] PHP Notice:  Undefined index: cm_id in /var/www/html/erpm/View/manage_consultancy.php on line 235
[09-Jan-2023 18:19:32 Asia/Kolkata] PHP Notice:  Undefined index: client_id in /var/www/html/erpm/View/manage_consultancy.php on line 240
[09-Jan-2023 18:19:32 Asia/Kolkata] PHP Notice:  Undefined index: sub_process in /var/www/html/erpm/View/manage_consultancy.php on line 240
[09-Jan-2023 18:19:32 Asia/Kolkata] PHP Notice:  Undefined index: cm_id in /var/www/html/erpm/View/manage_consultancy.php on line 240
[09-Jan-2023 18:19:32 Asia/Kolkata] PHP Notice:  Undefined index: Client_info in /var/www/html/erpm/View/manage_consultancy.php on line 240
[09-Jan-2023 18:20:09 Asia/Kolkata] PHP Notice:  Undefined index: cm_id in /var/www/html/erpm/View/manage_consultancy.php on line 235
[09-Jan-2023 18:20:09 Asia/Kolkata] PHP Notice:  Undefined index: client_id in /var/www/html/erpm/View/manage_consultancy.php on line 240
[09-Jan-2023 18:20:09 Asia/Kolkata] PHP Notice:  Undefined index: sub_process in /var/www/html/erpm/View/manage_consultancy.php on line 240
[09-Jan-2023 18:20:09 Asia/Kolkata] PHP Notice:  Undefined index: cm_id in /var/www/html/erpm/View/manage_consultancy.php on line 240
[09-Jan-2023 18:20:09 Asia/Kolkata] PHP Notice:  Undefined index: Client_info in /var/www/html/erpm/View/manage_consultancy.php on line 240
[09-Jan-2023 18:20:09 Asia/Kolkata] PHP Notice:  Undefined index: cm_id in /var/www/html/erpm/View/manage_consultancy.php on line 235
[09-Jan-2023 18:20:09 Asia/Kolkata] PHP Notice:  Undefined index: client_id in /var/www/html/erpm/View/manage_consultancy.php on line 240
[09-Jan-2023 18:20:09 Asia/Kolkata] PHP Notice:  Undefined index: sub_process in /var/www/html/erpm/View/manage_consultancy.php on line 240
[09-Jan-2023 18:20:09 Asia/Kolkata] PHP Notice:  Undefined index: cm_id in /var/www/html/erpm/View/manage_consultancy.php on line 240
[09-Jan-2023 18:20:09 Asia/Kolkata] PHP Notice:  Undefined index: Client_info in /var/www/html/erpm/View/manage_consultancy.php on line 240
[09-Jan-2023 18:20:09 Asia/Kolkata] PHP Notice:  Undefined index: cm_id in /var/www/html/erpm/View/manage_consultancy.php on line 235
[09-Jan-2023 18:20:09 Asia/Kolkata] PHP Notice:  Undefined index: client_id in /var/www/html/erpm/View/manage_consultancy.php on line 240
[09-Jan-2023 18:20:09 Asia/Kolkata] PHP Notice:  Undefined index: sub_process in /var/www/html/erpm/View/manage_consultancy.php on line 240
[09-Jan-2023 18:20:09 Asia/Kolkata] PHP Notice:  Undefined index: cm_id in /var/www/html/erpm/View/manage_consultancy.php on line 240
[09-Jan-2023 18:20:09 Asia/Kolkata] PHP Notice:  Undefined index: Client_info in /var/www/html/erpm/View/manage_consultancy.php on line 240
[09-Jan-2023 18:20:09 Asia/Kolkata] PHP Notice:  Undefined index: cm_id in /var/www/html/erpm/View/manage_consultancy.php on line 235
[09-Jan-2023 18:20:09 Asia/Kolkata] PHP Notice:  Undefined index: client_id in /var/www/html/erpm/View/manage_consultancy.php on line 240
[09-Jan-2023 18:20:09 Asia/Kolkata] PHP Notice:  Undefined index: sub_process in /var/www/html/erpm/View/manage_consultancy.php on line 240
[09-Jan-2023 18:20:09 Asia/Kolkata] PHP Notice:  Undefined index: cm_id in /var/www/html/erpm/View/manage_consultancy.php on line 240
[09-Jan-2023 18:20:09 Asia/Kolkata] PHP Notice:  Undefined index: Client_info in /var/www/html/erpm/View/manage_consultancy.php on line 240
[09-Jan-2023 18:20:09 Asia/Kolkata] PHP Notice:  Undefined index: cm_id in /var/www/html/erpm/View/manage_consultancy.php on line 235
[09-Jan-2023 18:20:09 Asia/Kolkata] PHP Notice:  Undefined index: client_id in /var/www/html/erpm/View/manage_consultancy.php on line 240
[09-Jan-2023 18:20:09 Asia/Kolkata] PHP Notice:  Undefined index: sub_process in /var/www/html/erpm/View/manage_consultancy.php on line 240
[09-Jan-2023 18:20:09 Asia/Kolkata] PHP Notice:  Undefined index: cm_id in /var/www/html/erpm/View/manage_consultancy.php on line 240
[09-Jan-2023 18:20:09 Asia/Kolkata] PHP Notice:  Undefined index: Client_info in /var/www/html/erpm/View/manage_consultancy.php on line 240
[09-Jan-2023 18:20:09 Asia/Kolkata] PHP Notice:  Undefined index: cm_id in /var/www/html/erpm/View/manage_consultancy.php on line 235
[09-Jan-2023 18:20:09 Asia/Kolkata] PHP Notice:  Undefined index: client_id in /var/www/html/erpm/View/manage_consultancy.php on line 240
[09-Jan-2023 18:20:09 Asia/Kolkata] PHP Notice:  Undefined index: sub_process in /var/www/html/erpm/View/manage_consultancy.php on line 240
[09-Jan-2023 18:20:09 Asia/Kolkata] PHP Notice:  Undefined index: cm_id in /var/www/html/erpm/View/manage_consultancy.php on line 240
[09-Jan-2023 18:20:09 Asia/Kolkata] PHP Notice:  Undefined index: Client_info in /var/www/html/erpm/View/manage_consultancy.php on line 240
[09-Jan-2023 18:20:09 Asia/Kolkata] PHP Notice:  Undefined index: cm_id in /var/www/html/erpm/View/manage_consultancy.php on line 235
[09-Jan-2023 18:20:09 Asia/Kolkata] PHP Notice:  Undefined index: client_id in /var/www/html/erpm/View/manage_consultancy.php on line 240
[09-Jan-2023 18:20:09 Asia/Kolkata] PHP Notice:  Undefined index: sub_process in /var/www/html/erpm/View/manage_consultancy.php on line 240
[09-Jan-2023 18:20:09 Asia/Kolkata] PHP Notice:  Undefined index: cm_id in /var/www/html/erpm/View/manage_consultancy.php on line 240
[09-Jan-2023 18:20:09 Asia/Kolkata] PHP Notice:  Undefined index: Client_info in /var/www/html/erpm/View/manage_consultancy.php on line 240
[09-Jan-2023 18:20:09 Asia/Kolkata] PHP Notice:  Undefined index: cm_id in /var/www/html/erpm/View/manage_consultancy.php on line 235
[09-Jan-2023 18:20:09 Asia/Kolkata] PHP Notice:  Undefined index: client_id in /var/www/html/erpm/View/manage_consultancy.php on line 240
[09-Jan-2023 18:20:09 Asia/Kolkata] PHP Notice:  Undefined index: sub_process in /var/www/html/erpm/View/manage_consultancy.php on line 240
[09-Jan-2023 18:20:09 Asia/Kolkata] PHP Notice:  Undefined index: cm_id in /var/www/html/erpm/View/manage_consultancy.php on line 240
[09-Jan-2023 18:20:09 Asia/Kolkata] PHP Notice:  Undefined index: Client_info in /var/www/html/erpm/View/manage_consultancy.php on line 240
[09-Jan-2023 18:20:09 Asia/Kolkata] PHP Notice:  Undefined index: cm_id in /var/www/html/erpm/View/manage_consultancy.php on line 235
[09-Jan-2023 18:20:09 Asia/Kolkata] PHP Notice:  Undefined index: client_id in /var/www/html/erpm/View/manage_consultancy.php on line 240
[09-Jan-2023 18:20:09 Asia/Kolkata] PHP Notice:  Undefined index: sub_process in /var/www/html/erpm/View/manage_consultancy.php on line 240
[09-Jan-2023 18:20:09 Asia/Kolkata] PHP Notice:  Undefined index: cm_id in /var/www/html/erpm/View/manage_consultancy.php on line 240
[09-Jan-2023 18:20:09 Asia/Kolkata] PHP Notice:  Undefined index: Client_info in /var/www/html/erpm/View/manage_consultancy.php on line 240
[09-Jan-2023 18:20:16 Asia/Kolkata] PHP Warning:  move_uploaded_file(/var/www/html/erpm/View/../ExpenseFood/CE03070003_2023-01-09_182016.png): failed to open stream: No such file or directory in /var/www/html/erpm/View/expenses.php on line 35
[09-Jan-2023 18:20:16 Asia/Kolkata] PHP Warning:  move_uploaded_file(): Unable to move '/tmp/phpQblaKM' to '/var/www/html/erpm/View/../ExpenseFood/CE03070003_2023-01-09_182016.png' in /var/www/html/erpm/View/expenses.php on line 35
[09-Jan-2023 18:20:16 Asia/Kolkata] PHP Notice:  Undefined index: travel_date in /var/www/html/erpm/View/expenses.php on line 60
[09-Jan-2023 18:20:16 Asia/Kolkata] PHP Notice:  Undefined index: placeFrom in /var/www/html/erpm/View/expenses.php on line 61
[09-Jan-2023 18:20:16 Asia/Kolkata] PHP Notice:  Undefined index: placeTO in /var/www/html/erpm/View/expenses.php on line 62
[09-Jan-2023 18:20:16 Asia/Kolkata] PHP Notice:  Undefined index: modeOftravel in /var/www/html/erpm/View/expenses.php on line 63
[09-Jan-2023 18:20:16 Asia/Kolkata] PHP Notice:  Undefined index: returnDate in /var/www/html/erpm/View/expenses.php on line 74
[09-Jan-2023 18:20:16 Asia/Kolkata] PHP Notice:  Undefined index: car_km in /var/www/html/erpm/View/expenses.php on line 75
[09-Jan-2023 18:21:56 Asia/Kolkata] PHP Warning:  move_uploaded_file(/var/www/html/erpm/View/../ExpenseFood/CE03070003_2023-01-09_182157.png): failed to open stream: No such file or directory in /var/www/html/erpm/View/expenses.php on line 35
[09-Jan-2023 18:21:56 Asia/Kolkata] PHP Warning:  move_uploaded_file(): Unable to move '/tmp/phpvVEb5W' to '/var/www/html/erpm/View/../ExpenseFood/CE03070003_2023-01-09_182157.png' in /var/www/html/erpm/View/expenses.php on line 35
[09-Jan-2023 18:21:57 Asia/Kolkata] PHP Notice:  Undefined index: travel_date in /var/www/html/erpm/View/expenses.php on line 60
[09-Jan-2023 18:21:57 Asia/Kolkata] PHP Notice:  Undefined index: placeFrom in /var/www/html/erpm/View/expenses.php on line 61
[09-Jan-2023 18:21:57 Asia/Kolkata] PHP Notice:  Undefined index: placeTO in /var/www/html/erpm/View/expenses.php on line 62
[09-Jan-2023 18:21:57 Asia/Kolkata] PHP Notice:  Undefined index: modeOftravel in /var/www/html/erpm/View/expenses.php on line 63
[09-Jan-2023 18:21:57 Asia/Kolkata] PHP Notice:  Undefined index: returnDate in /var/www/html/erpm/View/expenses.php on line 74
[09-Jan-2023 18:21:57 Asia/Kolkata] PHP Notice:  Undefined index: car_km in /var/www/html/erpm/View/expenses.php on line 75
[09-Jan-2023 18:27:29 Asia/Kolkata] PHP Warning:  move_uploaded_file(/var/www/html/erpm/View/../ExpenseFood/CE03070003_2023-01-09_182729.png): failed to open stream: No such file or directory in /var/www/html/erpm/View/expenses.php on line 35
[09-Jan-2023 18:27:29 Asia/Kolkata] PHP Warning:  move_uploaded_file(): Unable to move '/tmp/phplZLhKJ' to '/var/www/html/erpm/View/../ExpenseFood/CE03070003_2023-01-09_182729.png' in /var/www/html/erpm/View/expenses.php on line 35
[09-Jan-2023 18:27:29 Asia/Kolkata] PHP Notice:  Undefined index: travel_date in /var/www/html/erpm/View/expenses.php on line 60
[09-Jan-2023 18:27:29 Asia/Kolkata] PHP Notice:  Undefined index: placeFrom in /var/www/html/erpm/View/expenses.php on line 61
[09-Jan-2023 18:27:29 Asia/Kolkata] PHP Notice:  Undefined index: placeTO in /var/www/html/erpm/View/expenses.php on line 62
[09-Jan-2023 18:27:29 Asia/Kolkata] PHP Notice:  Undefined index: modeOftravel in /var/www/html/erpm/View/expenses.php on line 63
[09-Jan-2023 18:27:29 Asia/Kolkata] PHP Notice:  Undefined index: returnDate in /var/www/html/erpm/View/expenses.php on line 74
[09-Jan-2023 18:27:29 Asia/Kolkata] PHP Notice:  Undefined index: car_km in /var/www/html/erpm/View/expenses.php on line 75
[09-Jan-2023 18:29:52 Asia/Kolkata] PHP Warning:  move_uploaded_file(/var/www/html/erpm/View/../ExpenseFood/CE03070003_2023-01-09_182952.png): failed to open stream: No such file or directory in /var/www/html/erpm/View/expenses.php on line 35
[09-Jan-2023 18:29:52 Asia/Kolkata] PHP Warning:  move_uploaded_file(): Unable to move '/tmp/phpUIs4SO' to '/var/www/html/erpm/View/../ExpenseFood/CE03070003_2023-01-09_182952.png' in /var/www/html/erpm/View/expenses.php on line 35
[09-Jan-2023 18:29:52 Asia/Kolkata] PHP Notice:  Undefined index: travel_date in /var/www/html/erpm/View/expenses.php on line 60
[09-Jan-2023 18:29:52 Asia/Kolkata] PHP Notice:  Undefined index: placeFrom in /var/www/html/erpm/View/expenses.php on line 61
[09-Jan-2023 18:29:52 Asia/Kolkata] PHP Notice:  Undefined index: placeTO in /var/www/html/erpm/View/expenses.php on line 62
[09-Jan-2023 18:29:52 Asia/Kolkata] PHP Notice:  Undefined index: modeOftravel in /var/www/html/erpm/View/expenses.php on line 63
[09-Jan-2023 18:29:52 Asia/Kolkata] PHP Notice:  Undefined index: returnDate in /var/www/html/erpm/View/expenses.php on line 74
[09-Jan-2023 18:29:52 Asia/Kolkata] PHP Notice:  Undefined index: car_km in /var/www/html/erpm/View/expenses.php on line 75
[09-Jan-2023 18:30:17 Asia/Kolkata] PHP Notice:  Undefined index: __user_logid in /var/www/html/erpm/AppCode/nHead.php on line 2
[09-Jan-2023 18:30:24 Asia/Kolkata] PHP Notice:  Undefined index: __user_logid in /var/www/html/erpm/AppCode/nHead.php on line 2
[09-Jan-2023 18:30:27 Asia/Kolkata] PHP Notice:  Undefined index: __user_logid in /var/www/html/erpm/AppCode/nHead.php on line 2
[09-Jan-2023 18:30:27 Asia/Kolkata] PHP Notice:  Undefined index: __user_logid in /var/www/html/erpm/AppCode/nHead.php on line 2
[09-Jan-2023 18:30:39 Asia/Kolkata] PHP Warning:  mysqli_stmt::bind_param(): Number of elements in type definition string doesn't match number of bind variables in /var/www/html/erpm/Controller/ConLog.php on line 464
[09-Jan-2023 18:30:39 Asia/Kolkata] PHP Notice:  Trying to access array offset on value of type null in /var/www/html/erpm/View/index.php on line 346
[09-Jan-2023 18:30:55 Asia/Kolkata] PHP Notice:  Undefined index: __user_logid in /var/www/html/erpm/AppCode/nHead.php on line 2
[09-Jan-2023 18:30:59 Asia/Kolkata] PHP Warning:  mysqli_stmt::bind_param(): Number of elements in type definition string doesn't match number of bind variables in /var/www/html/erpm/Controller/ConLog.php on line 464
[09-Jan-2023 18:30:59 Asia/Kolkata] PHP Notice:  Trying to access array offset on value of type null in /var/www/html/erpm/View/index.php on line 346
[09-Jan-2023 18:32:22 Asia/Kolkata] PHP Warning:  move_uploaded_file(/var/www/html/erpm/View/../ExpenseFood/CE03070003_2023-01-09_183222.png): failed to open stream: No such file or directory in /var/www/html/erpm/View/expenses.php on line 35
[09-Jan-2023 18:32:22 Asia/Kolkata] PHP Warning:  move_uploaded_file(): Unable to move '/tmp/phpooQH7J' to '/var/www/html/erpm/View/../ExpenseFood/CE03070003_2023-01-09_183222.png' in /var/www/html/erpm/View/expenses.php on line 35
[09-Jan-2023 18:32:22 Asia/Kolkata] PHP Notice:  Undefined index: travel_date in /var/www/html/erpm/View/expenses.php on line 60
[09-Jan-2023 18:32:22 Asia/Kolkata] PHP Notice:  Undefined index: placeFrom in /var/www/html/erpm/View/expenses.php on line 61
[09-Jan-2023 18:32:22 Asia/Kolkata] PHP Notice:  Undefined index: placeTO in /var/www/html/erpm/View/expenses.php on line 62
[09-Jan-2023 18:32:22 Asia/Kolkata] PHP Notice:  Undefined index: modeOftravel in /var/www/html/erpm/View/expenses.php on line 63
[09-Jan-2023 18:32:22 Asia/Kolkata] PHP Notice:  Undefined index: returnDate in /var/www/html/erpm/View/expenses.php on line 74
[09-Jan-2023 18:32:22 Asia/Kolkata] PHP Notice:  Undefined index: car_km in /var/www/html/erpm/View/expenses.php on line 75
[09-Jan-2023 18:32:25 Asia/Kolkata] PHP Warning:  count(): Parameter must be an array or an object that implements Countable in /var/www/html/erpm/View/ref_registration.php on line 306
[09-Jan-2023 18:32:25 Asia/Kolkata] PHP Warning:  count(): Parameter must be an array or an object that implements Countable in /var/www/html/erpm/View/ref_registration.php on line 328
[09-Jan-2023 18:32:56 Asia/Kolkata] PHP Warning:  move_uploaded_file(/var/www/html/erpm/Config/../Upload/table.csv): failed to open stream: Permission denied in /var/www/html/erpm/View/pantry_upload_atnd.php on line 47
[09-Jan-2023 18:32:56 Asia/Kolkata] PHP Warning:  move_uploaded_file(): Unable to move '/tmp/phpnvgai3' to '/var/www/html/erpm/Config/../Upload/table.csv' in /var/www/html/erpm/View/pantry_upload_atnd.php on line 47
[09-Jan-2023 18:37:31 Asia/Kolkata] PHP Notice:  Undefined index: __user_logid in /var/www/html/erpm/AppCode/nHead.php on line 2
[09-Jan-2023 18:37:35 Asia/Kolkata] PHP Warning:  mysqli_stmt::bind_param(): Number of elements in type definition string doesn't match number of bind variables in /var/www/html/erpm/Controller/ConLog.php on line 464
[09-Jan-2023 18:37:35 Asia/Kolkata] PHP Warning:  Use of undefined constant EMS_CenterName - assumed 'EMS_CenterName' (this will throw an Error in a future version of PHP) in /var/www/html/erpm/Controller/ConLog.php on line 470
[09-Jan-2023 18:37:35 Asia/Kolkata] PHP Warning:  Use of undefined constant EMAIL_HOST - assumed 'EMAIL_HOST' (this will throw an Error in a future version of PHP) in /var/www/html/erpm/Controller/ConLog.php on line 473
[09-Jan-2023 18:37:35 Asia/Kolkata] PHP Warning:  Use of undefined constant EMAIL_AUTH - assumed 'EMAIL_AUTH' (this will throw an Error in a future version of PHP) in /var/www/html/erpm/Controller/ConLog.php on line 474
[09-Jan-2023 18:37:35 Asia/Kolkata] PHP Warning:  Use of undefined constant EMAIL_USER - assumed 'EMAIL_USER' (this will throw an Error in a future version of PHP) in /var/www/html/erpm/Controller/ConLog.php on line 475
[09-Jan-2023 18:37:35 Asia/Kolkata] PHP Warning:  Use of undefined constant EMAIL_PASS - assumed 'EMAIL_PASS' (this will throw an Error in a future version of PHP) in /var/www/html/erpm/Controller/ConLog.php on line 476
[09-Jan-2023 18:37:35 Asia/Kolkata] PHP Warning:  Use of undefined constant EMAIL_SMTPSecure - assumed 'EMAIL_SMTPSecure' (this will throw an Error in a future version of PHP) in /var/www/html/erpm/Controller/ConLog.php on line 477
[09-Jan-2023 18:37:35 Asia/Kolkata] PHP Warning:  Use of undefined constant EMAIL_PORT - assumed 'EMAIL_PORT' (this will throw an Error in a future version of PHP) in /var/www/html/erpm/Controller/ConLog.php on line 478
[09-Jan-2023 18:37:35 Asia/Kolkata] PHP Warning:  Use of undefined constant EMAIL_FROM - assumed 'EMAIL_FROM' (this will throw an Error in a future version of PHP) in /var/www/html/erpm/Controller/ConLog.php on line 479
[09-Jan-2023 18:37:35 Asia/Kolkata] PHP Warning:  Use of undefined constant EMS_CenterName - assumed 'EMS_CenterName' (this will throw an Error in a future version of PHP) in /var/www/html/erpm/Controller/ConLog.php on line 482
