[18-Sep-2023 17:40:33 Asia/Kolkata] PHP Warning:  Undefined array key "__user_logid" in D:\wamp64\www\emsdemo\AppCode\nHead.php on line 2
[18-Sep-2023 17:40:33 Asia/Kolkata] PHP Stack trace:
[18-Sep-2023 17:40:33 Asia/Kolkata] PHP   1. {main}() D:\wamp64\www\emsdemo\View\welcome_mail_template.php:0
[18-Sep-2023 17:40:33 Asia/Kolkata] PHP   2. require() D:\wamp64\www\emsdemo\View\welcome_mail_template.php:5
[18-Sep-2023 17:40:48 Asia/Kolkata] PHP Warning:  Trying to access array offset on value of type null in D:\wamp64\www\emsdemo\View\index.php on line 356
[18-Sep-2023 17:40:48 Asia/Kolkata] PHP Stack trace:
[18-Sep-2023 17:40:48 Asia/Kolkata] PHP   1. {main}() D:\wamp64\www\emsdemo\View\index.php:0
[18-Sep-2023 17:40:48 Asia/Kolkata] PHP Deprecated:  stripslashes(): Passing null to parameter #1 ($string) of type string is deprecated in D:\wamp64\www\emsdemo\Config\init.php on line 122
[18-Sep-2023 17:40:48 Asia/Kolkata] PHP Stack trace:
[18-Sep-2023 17:40:48 Asia/Kolkata] PHP   1. {main}() D:\wamp64\www\emsdemo\View\index.php:0
[18-Sep-2023 17:40:48 Asia/Kolkata] PHP   2. clean($data = NULL) D:\wamp64\www\emsdemo\View\index.php:356
[18-Sep-2023 17:40:48 Asia/Kolkata] PHP   3. stripslashes($string = NULL) D:\wamp64\www\emsdemo\Config\init.php:122
[18-Sep-2023 17:41:00 Asia/Kolkata] PHP Warning:  Undefined array key "EmployeeID" in D:\wamp64\www\emsdemo\View\welcome_mail_template.php on line 16
[18-Sep-2023 17:41:00 Asia/Kolkata] PHP Stack trace:
[18-Sep-2023 17:41:00 Asia/Kolkata] PHP   1. {main}() D:\wamp64\www\emsdemo\View\welcome_mail_template.php:0
[18-Sep-2023 17:41:34 Asia/Kolkata] PHP Fatal error:  Array and string offset access syntax with curly braces is no longer supported in D:\wamp64\www\emsdemo\AppData\lib\PHPExcel\Shared\String.php on line 529
[18-Sep-2023 17:41:34 Asia/Kolkata] PHP Stack trace:
[18-Sep-2023 17:41:34 Asia/Kolkata] PHP   1. {main}() D:\wamp64\www\emsdemo\View\module_master_new.php:0
[18-Sep-2023 17:41:34 Asia/Kolkata] PHP   2. require_once() D:\wamp64\www\emsdemo\View\module_master_new.php:10
[18-Sep-2023 17:41:34 Asia/Kolkata] PHP   3. require() D:\wamp64\www\emsdemo\AppData\lib\PHPExcel\IOFactory.php:35
[18-Sep-2023 17:41:34 Asia/Kolkata] PHP   4. PHPExcel_Autoloader::Load($pClassName = 'PHPExcel_Shared_String') D:\wamp64\www\emsdemo\AppData\lib\PHPExcel\Autoloader.php:36
[18-Sep-2023 17:41:44 Asia/Kolkata] PHP Warning:  Undefined array key "EmployeeID" in D:\wamp64\www\emsdemo\View\welcome_mail_template.php on line 16
[18-Sep-2023 17:41:44 Asia/Kolkata] PHP Stack trace:
[18-Sep-2023 17:41:44 Asia/Kolkata] PHP   1. {main}() D:\wamp64\www\emsdemo\View\welcome_mail_template.php:0
[18-Sep-2023 17:42:29 Asia/Kolkata] PHP Fatal error:  Array and string offset access syntax with curly braces is no longer supported in D:\wamp64\www\emsdemo\AppData\lib\PHPExcel\Shared\String.php on line 529
[18-Sep-2023 17:42:29 Asia/Kolkata] PHP Stack trace:
[18-Sep-2023 17:42:29 Asia/Kolkata] PHP   1. {main}() D:\wamp64\www\emsdemo\View\module_master_new.php:0
[18-Sep-2023 17:42:29 Asia/Kolkata] PHP   2. require_once() D:\wamp64\www\emsdemo\View\module_master_new.php:10
[18-Sep-2023 17:42:29 Asia/Kolkata] PHP   3. require() D:\wamp64\www\emsdemo\AppData\lib\PHPExcel\IOFactory.php:35
[18-Sep-2023 17:42:29 Asia/Kolkata] PHP   4. PHPExcel_Autoloader::Load($pClassName = 'PHPExcel_Shared_String') D:\wamp64\www\emsdemo\AppData\lib\PHPExcel\Autoloader.php:36
[18-Sep-2023 17:43:06 Asia/Kolkata] PHP Warning:  Undefined array key "EmployeeID" in D:\wamp64\www\emsdemo\View\welcome_mail_template.php on line 16
[18-Sep-2023 17:43:06 Asia/Kolkata] PHP Stack trace:
[18-Sep-2023 17:43:06 Asia/Kolkata] PHP   1. {main}() D:\wamp64\www\emsdemo\View\welcome_mail_template.php:0
[18-Sep-2023 17:45:13 Asia/Kolkata] PHP Notice:  Undefined index: __user_logid in D:\wamp64\www\emsdemo\AppCode\nHead.php on line 2
[18-Sep-2023 17:45:13 Asia/Kolkata] PHP Stack trace:
[18-Sep-2023 17:45:13 Asia/Kolkata] PHP   1. {main}() D:\wamp64\www\emsdemo\View\module_master_new.php:0
[18-Sep-2023 17:45:13 Asia/Kolkata] PHP   2. require() D:\wamp64\www\emsdemo\View\module_master_new.php:9
[18-Sep-2023 17:45:27 Asia/Kolkata] PHP Notice:  Trying to access array offset on value of type null in D:\wamp64\www\emsdemo\View\index.php on line 356
[18-Sep-2023 17:45:27 Asia/Kolkata] PHP Stack trace:
[18-Sep-2023 17:45:27 Asia/Kolkata] PHP   1. {main}() D:\wamp64\www\emsdemo\View\index.php:0
[18-Sep-2023 17:45:39 Asia/Kolkata] PHP Notice:  Undefined index: EmployeeID in D:\wamp64\www\emsdemo\View\welcome_mail_template.php on line 16
[18-Sep-2023 17:45:39 Asia/Kolkata] PHP Stack trace:
[18-Sep-2023 17:45:39 Asia/Kolkata] PHP   1. {main}() D:\wamp64\www\emsdemo\View\welcome_mail_template.php:0
[18-Sep-2023 17:45:47 Asia/Kolkata] PHP Deprecated:  Array and string offset access syntax with curly braces is deprecated in D:\wamp64\www\emsdemo\AppData\lib\PHPExcel\Shared\String.php on line 529
[18-Sep-2023 17:45:47 Asia/Kolkata] PHP Stack trace:
[18-Sep-2023 17:45:47 Asia/Kolkata] PHP   1. {main}() D:\wamp64\www\emsdemo\View\module_master_new.php:0
[18-Sep-2023 17:45:47 Asia/Kolkata] PHP   2. require_once() D:\wamp64\www\emsdemo\View\module_master_new.php:10
[18-Sep-2023 17:45:47 Asia/Kolkata] PHP   3. require() D:\wamp64\www\emsdemo\AppData\lib\PHPExcel\IOFactory.php:35
[18-Sep-2023 17:45:47 Asia/Kolkata] PHP   4. spl_autoload_call($class_name = 'PHPExcel_Shared_String') D:\wamp64\www\emsdemo\AppData\lib\PHPExcel\Autoloader.php:36
[18-Sep-2023 17:45:47 Asia/Kolkata] PHP   5. PHPExcel_Autoloader::Load($pClassName = 'PHPExcel_Shared_String') D:\wamp64\www\emsdemo\AppData\lib\PHPExcel\Autoloader.php:36
[18-Sep-2023 17:45:47 Asia/Kolkata] PHP Deprecated:  Array and string offset access syntax with curly braces is deprecated in D:\wamp64\www\emsdemo\AppData\lib\PHPExcel\Shared\String.php on line 530
[18-Sep-2023 17:45:47 Asia/Kolkata] PHP Stack trace:
[18-Sep-2023 17:45:47 Asia/Kolkata] PHP   1. {main}() D:\wamp64\www\emsdemo\View\module_master_new.php:0
[18-Sep-2023 17:45:47 Asia/Kolkata] PHP   2. require_once() D:\wamp64\www\emsdemo\View\module_master_new.php:10
[18-Sep-2023 17:45:47 Asia/Kolkata] PHP   3. require() D:\wamp64\www\emsdemo\AppData\lib\PHPExcel\IOFactory.php:35
[18-Sep-2023 17:45:47 Asia/Kolkata] PHP   4. spl_autoload_call($class_name = 'PHPExcel_Shared_String') D:\wamp64\www\emsdemo\AppData\lib\PHPExcel\Autoloader.php:36
[18-Sep-2023 17:45:47 Asia/Kolkata] PHP   5. PHPExcel_Autoloader::Load($pClassName = 'PHPExcel_Shared_String') D:\wamp64\www\emsdemo\AppData\lib\PHPExcel\Autoloader.php:36
[18-Sep-2023 17:45:47 Asia/Kolkata] PHP Deprecated:  Array and string offset access syntax with curly braces is deprecated in D:\wamp64\www\emsdemo\AppData\lib\PHPExcel\Shared\String.php on line 536
[18-Sep-2023 17:45:47 Asia/Kolkata] PHP Stack trace:
[18-Sep-2023 17:45:47 Asia/Kolkata] PHP   1. {main}() D:\wamp64\www\emsdemo\View\module_master_new.php:0
[18-Sep-2023 17:45:47 Asia/Kolkata] PHP   2. require_once() D:\wamp64\www\emsdemo\View\module_master_new.php:10
[18-Sep-2023 17:45:47 Asia/Kolkata] PHP   3. require() D:\wamp64\www\emsdemo\AppData\lib\PHPExcel\IOFactory.php:35
[18-Sep-2023 17:45:47 Asia/Kolkata] PHP   4. spl_autoload_call($class_name = 'PHPExcel_Shared_String') D:\wamp64\www\emsdemo\AppData\lib\PHPExcel\Autoloader.php:36
[18-Sep-2023 17:45:47 Asia/Kolkata] PHP   5. PHPExcel_Autoloader::Load($pClassName = 'PHPExcel_Shared_String') D:\wamp64\www\emsdemo\AppData\lib\PHPExcel\Autoloader.php:36
[18-Sep-2023 17:45:47 Asia/Kolkata] PHP Deprecated:  Array and string offset access syntax with curly braces is deprecated in D:\wamp64\www\emsdemo\AppData\lib\PHPExcel\Shared\String.php on line 536
[18-Sep-2023 17:45:47 Asia/Kolkata] PHP Stack trace:
[18-Sep-2023 17:45:47 Asia/Kolkata] PHP   1. {main}() D:\wamp64\www\emsdemo\View\module_master_new.php:0
[18-Sep-2023 17:45:47 Asia/Kolkata] PHP   2. require_once() D:\wamp64\www\emsdemo\View\module_master_new.php:10
[18-Sep-2023 17:45:47 Asia/Kolkata] PHP   3. require() D:\wamp64\www\emsdemo\AppData\lib\PHPExcel\IOFactory.php:35
[18-Sep-2023 17:45:47 Asia/Kolkata] PHP   4. spl_autoload_call($class_name = 'PHPExcel_Shared_String') D:\wamp64\www\emsdemo\AppData\lib\PHPExcel\Autoloader.php:36
[18-Sep-2023 17:45:47 Asia/Kolkata] PHP   5. PHPExcel_Autoloader::Load($pClassName = 'PHPExcel_Shared_String') D:\wamp64\www\emsdemo\AppData\lib\PHPExcel\Autoloader.php:36
[18-Sep-2023 17:45:47 Asia/Kolkata] PHP Deprecated:  Array and string offset access syntax with curly braces is deprecated in D:\wamp64\www\emsdemo\AppData\lib\PHPExcel\Shared\String.php on line 537
[18-Sep-2023 17:45:47 Asia/Kolkata] PHP Stack trace:
[18-Sep-2023 17:45:47 Asia/Kolkata] PHP   1. {main}() D:\wamp64\www\emsdemo\View\module_master_new.php:0
[18-Sep-2023 17:45:47 Asia/Kolkata] PHP   2. require_once() D:\wamp64\www\emsdemo\View\module_master_new.php:10
[18-Sep-2023 17:45:47 Asia/Kolkata] PHP   3. require() D:\wamp64\www\emsdemo\AppData\lib\PHPExcel\IOFactory.php:35
[18-Sep-2023 17:45:47 Asia/Kolkata] PHP   4. spl_autoload_call($class_name = 'PHPExcel_Shared_String') D:\wamp64\www\emsdemo\AppData\lib\PHPExcel\Autoloader.php:36
[18-Sep-2023 17:45:47 Asia/Kolkata] PHP   5. PHPExcel_Autoloader::Load($pClassName = 'PHPExcel_Shared_String') D:\wamp64\www\emsdemo\AppData\lib\PHPExcel\Autoloader.php:36
[18-Sep-2023 17:45:47 Asia/Kolkata] PHP Deprecated:  Array and string offset access syntax with curly braces is deprecated in D:\wamp64\www\emsdemo\AppData\lib\PHPExcel\Shared\String.php on line 537
[18-Sep-2023 17:45:47 Asia/Kolkata] PHP Stack trace:
[18-Sep-2023 17:45:47 Asia/Kolkata] PHP   1. {main}() D:\wamp64\www\emsdemo\View\module_master_new.php:0
[18-Sep-2023 17:45:47 Asia/Kolkata] PHP   2. require_once() D:\wamp64\www\emsdemo\View\module_master_new.php:10
[18-Sep-2023 17:45:47 Asia/Kolkata] PHP   3. require() D:\wamp64\www\emsdemo\AppData\lib\PHPExcel\IOFactory.php:35
[18-Sep-2023 17:45:47 Asia/Kolkata] PHP   4. spl_autoload_call($class_name = 'PHPExcel_Shared_String') D:\wamp64\www\emsdemo\AppData\lib\PHPExcel\Autoloader.php:36
[18-Sep-2023 17:45:47 Asia/Kolkata] PHP   5. PHPExcel_Autoloader::Load($pClassName = 'PHPExcel_Shared_String') D:\wamp64\www\emsdemo\AppData\lib\PHPExcel\Autoloader.php:36
[18-Sep-2023 17:45:47 Asia/Kolkata] PHP Notice:  Undefined variable: classvarr in D:\wamp64\www\emsdemo\View\module_master_new.php on line 307
[18-Sep-2023 17:45:47 Asia/Kolkata] PHP Stack trace:
[18-Sep-2023 17:45:47 Asia/Kolkata] PHP   1. {main}() D:\wamp64\www\emsdemo\View\module_master_new.php:0
[18-Sep-2023 17:45:47 Asia/Kolkata] PHP Notice:  Undefined variable: id in D:\wamp64\www\emsdemo\View\module_master_new.php on line 458
[18-Sep-2023 17:45:47 Asia/Kolkata] PHP Stack trace:
[18-Sep-2023 17:45:47 Asia/Kolkata] PHP   1. {main}() D:\wamp64\www\emsdemo\View\module_master_new.php:0
[18-Sep-2023 17:46:11 Asia/Kolkata] PHP Notice:  Undefined variable: classvarr in D:\wamp64\www\emsdemo\View\module_master_new.php on line 307
[18-Sep-2023 17:46:11 Asia/Kolkata] PHP Stack trace:
[18-Sep-2023 17:46:11 Asia/Kolkata] PHP   1. {main}() D:\wamp64\www\emsdemo\View\module_master_new.php:0
[18-Sep-2023 17:46:11 Asia/Kolkata] PHP Notice:  Undefined variable: id in D:\wamp64\www\emsdemo\View\module_master_new.php on line 458
[18-Sep-2023 17:46:11 Asia/Kolkata] PHP Stack trace:
[18-Sep-2023 17:46:11 Asia/Kolkata] PHP   1. {main}() D:\wamp64\www\emsdemo\View\module_master_new.php:0
[18-Sep-2023 17:46:28 Asia/Kolkata] PHP Notice:  Undefined variable: classvarr in D:\wamp64\www\emsdemo\View\module_master_new.php on line 307
[18-Sep-2023 17:46:28 Asia/Kolkata] PHP Stack trace:
[18-Sep-2023 17:46:28 Asia/Kolkata] PHP   1. {main}() D:\wamp64\www\emsdemo\View\module_master_new.php:0
[18-Sep-2023 17:46:28 Asia/Kolkata] PHP Notice:  Undefined variable: id in D:\wamp64\www\emsdemo\View\module_master_new.php on line 458
[18-Sep-2023 17:46:28 Asia/Kolkata] PHP Stack trace:
[18-Sep-2023 17:46:28 Asia/Kolkata] PHP   1. {main}() D:\wamp64\www\emsdemo\View\module_master_new.php:0
[18-Sep-2023 17:47:25 Asia/Kolkata] PHP Notice:  Undefined variable: classvarr in D:\wamp64\www\emsdemo\View\module_master_new.php on line 307
[18-Sep-2023 17:47:25 Asia/Kolkata] PHP Stack trace:
[18-Sep-2023 17:47:25 Asia/Kolkata] PHP   1. {main}() D:\wamp64\www\emsdemo\View\module_master_new.php:0
[18-Sep-2023 17:47:25 Asia/Kolkata] PHP Notice:  Undefined variable: id in D:\wamp64\www\emsdemo\View\module_master_new.php on line 458
[18-Sep-2023 17:47:25 Asia/Kolkata] PHP Stack trace:
[18-Sep-2023 17:47:25 Asia/Kolkata] PHP   1. {main}() D:\wamp64\www\emsdemo\View\module_master_new.php:0
[18-Sep-2023 17:47:57 Asia/Kolkata] PHP Fatal error:  Array and string offset access syntax with curly braces is no longer supported in D:\wamp64\www\emsdemo\AppData\lib\PHPExcel\Shared\String.php on line 529
[18-Sep-2023 17:47:57 Asia/Kolkata] PHP Stack trace:
[18-Sep-2023 17:47:57 Asia/Kolkata] PHP   1. {main}() D:\wamp64\www\emsdemo\View\module_master_new.php:0
[18-Sep-2023 17:47:57 Asia/Kolkata] PHP   2. require_once() D:\wamp64\www\emsdemo\View\module_master_new.php:10
[18-Sep-2023 17:47:57 Asia/Kolkata] PHP   3. require() D:\wamp64\www\emsdemo\AppData\lib\PHPExcel\IOFactory.php:35
[18-Sep-2023 17:47:57 Asia/Kolkata] PHP   4. PHPExcel_Autoloader::Load($pClassName = 'PHPExcel_Shared_String') D:\wamp64\www\emsdemo\AppData\lib\PHPExcel\Autoloader.php:36
[18-Sep-2023 17:49:37 Asia/Kolkata] PHP Warning:  Undefined array key "EmployeeID" in D:\wamp64\www\emsdemo\View\welcome_mail_template.php on line 16
[18-Sep-2023 17:49:37 Asia/Kolkata] PHP Stack trace:
[18-Sep-2023 17:49:37 Asia/Kolkata] PHP   1. {main}() D:\wamp64\www\emsdemo\View\welcome_mail_template.php:0
