[03-Jan-2023 14:52:47 Asia/Kolkata] PHP Notice:  Undefined index: __user_logid in /var/www/html/erpm/AppCode/nHead.php on line 2
[03-Jan-2023 14:52:49 Asia/Kolkata] PHP Warning:  mysqli_stmt::bind_param(): Number of elements in type definition string doesn't match number of bind variables in /var/www/html/erpm/Controller/ConLog.php on line 464
[03-Jan-2023 14:52:50 Asia/Kolkata] PHP Notice:  Trying to access array offset on value of type null in /var/www/html/erpm/View/index.php on line 346
[03-Jan-2023 14:52:55 Asia/Kolkata] PHP Notice:  Undefined variable: row in /var/www/html/erpm/View/site_master.php on line 474
[03-Jan-2023 14:52:55 Asia/Kolkata] PHP Notice:  Trying to access array offset on value of type null in /var/www/html/erpm/View/site_master.php on line 474
[03-Jan-2023 14:52:55 Asia/Kolkata] PHP Notice:  Undefined variable: row in /var/www/html/erpm/View/site_master.php on line 476
[03-Jan-2023 14:52:55 Asia/Kolkata] PHP Notice:  Trying to access array offset on value of type null in /var/www/html/erpm/View/site_master.php on line 476
[03-Jan-2023 14:52:55 Asia/Kolkata] PHP Notice:  Undefined variable: row in /var/www/html/erpm/View/site_master.php on line 474
[03-Jan-2023 14:52:55 Asia/Kolkata] PHP Notice:  Trying to access array offset on value of type null in /var/www/html/erpm/View/site_master.php on line 474
[03-Jan-2023 14:52:55 Asia/Kolkata] PHP Notice:  Undefined variable: row in /var/www/html/erpm/View/site_master.php on line 476
[03-Jan-2023 14:52:55 Asia/Kolkata] PHP Notice:  Trying to access array offset on value of type null in /var/www/html/erpm/View/site_master.php on line 476
[03-Jan-2023 14:52:55 Asia/Kolkata] PHP Notice:  Undefined variable: row in /var/www/html/erpm/View/site_master.php on line 474
[03-Jan-2023 14:52:55 Asia/Kolkata] PHP Notice:  Trying to access array offset on value of type null in /var/www/html/erpm/View/site_master.php on line 474
[03-Jan-2023 14:52:55 Asia/Kolkata] PHP Notice:  Undefined variable: row in /var/www/html/erpm/View/site_master.php on line 476
[03-Jan-2023 14:52:55 Asia/Kolkata] PHP Notice:  Trying to access array offset on value of type null in /var/www/html/erpm/View/site_master.php on line 476
[03-Jan-2023 14:52:55 Asia/Kolkata] PHP Notice:  Undefined variable: row in /var/www/html/erpm/View/site_master.php on line 474
[03-Jan-2023 14:52:55 Asia/Kolkata] PHP Notice:  Trying to access array offset on value of type null in /var/www/html/erpm/View/site_master.php on line 474
[03-Jan-2023 14:52:55 Asia/Kolkata] PHP Notice:  Undefined variable: row in /var/www/html/erpm/View/site_master.php on line 476
[03-Jan-2023 14:52:55 Asia/Kolkata] PHP Notice:  Trying to access array offset on value of type null in /var/www/html/erpm/View/site_master.php on line 476
[03-Jan-2023 14:52:55 Asia/Kolkata] PHP Notice:  Undefined variable: row in /var/www/html/erpm/View/site_master.php on line 474
[03-Jan-2023 14:52:55 Asia/Kolkata] PHP Notice:  Trying to access array offset on value of type null in /var/www/html/erpm/View/site_master.php on line 474
[03-Jan-2023 14:52:55 Asia/Kolkata] PHP Notice:  Undefined variable: row in /var/www/html/erpm/View/site_master.php on line 476
[03-Jan-2023 14:52:55 Asia/Kolkata] PHP Notice:  Trying to access array offset on value of type null in /var/www/html/erpm/View/site_master.php on line 476
[03-Jan-2023 14:52:55 Asia/Kolkata] PHP Notice:  Undefined variable: row in /var/www/html/erpm/View/site_master.php on line 474
[03-Jan-2023 14:52:55 Asia/Kolkata] PHP Notice:  Trying to access array offset on value of type null in /var/www/html/erpm/View/site_master.php on line 474
[03-Jan-2023 14:52:55 Asia/Kolkata] PHP Notice:  Undefined variable: row in /var/www/html/erpm/View/site_master.php on line 476
[03-Jan-2023 14:52:55 Asia/Kolkata] PHP Notice:  Trying to access array offset on value of type null in /var/www/html/erpm/View/site_master.php on line 476
[03-Jan-2023 14:52:55 Asia/Kolkata] PHP Notice:  Undefined variable: row in /var/www/html/erpm/View/site_master.php on line 474
[03-Jan-2023 14:52:55 Asia/Kolkata] PHP Notice:  Trying to access array offset on value of type null in /var/www/html/erpm/View/site_master.php on line 474
[03-Jan-2023 14:52:55 Asia/Kolkata] PHP Notice:  Undefined variable: row in /var/www/html/erpm/View/site_master.php on line 476
[03-Jan-2023 14:52:55 Asia/Kolkata] PHP Notice:  Trying to access array offset on value of type null in /var/www/html/erpm/View/site_master.php on line 476
[03-Jan-2023 14:52:55 Asia/Kolkata] PHP Notice:  Undefined variable: row in /var/www/html/erpm/View/site_master.php on line 474
[03-Jan-2023 14:52:55 Asia/Kolkata] PHP Notice:  Trying to access array offset on value of type null in /var/www/html/erpm/View/site_master.php on line 474
[03-Jan-2023 14:52:55 Asia/Kolkata] PHP Notice:  Undefined variable: row in /var/www/html/erpm/View/site_master.php on line 476
[03-Jan-2023 14:52:55 Asia/Kolkata] PHP Notice:  Trying to access array offset on value of type null in /var/www/html/erpm/View/site_master.php on line 476
[03-Jan-2023 14:52:55 Asia/Kolkata] PHP Notice:  Undefined variable: row in /var/www/html/erpm/View/site_master.php on line 474
[03-Jan-2023 14:52:55 Asia/Kolkata] PHP Notice:  Trying to access array offset on value of type null in /var/www/html/erpm/View/site_master.php on line 474
[03-Jan-2023 14:52:55 Asia/Kolkata] PHP Notice:  Undefined variable: row in /var/www/html/erpm/View/site_master.php on line 476
[03-Jan-2023 14:52:55 Asia/Kolkata] PHP Notice:  Trying to access array offset on value of type null in /var/www/html/erpm/View/site_master.php on line 476
[03-Jan-2023 14:52:56 Asia/Kolkata] PHP Notice:  Undefined variable: row in /var/www/html/erpm/Controller/get_site_master_controller.php on line 45
[03-Jan-2023 14:52:56 Asia/Kolkata] PHP Notice:  Trying to access array offset on value of type null in /var/www/html/erpm/Controller/get_site_master_controller.php on line 45
[03-Jan-2023 14:52:56 Asia/Kolkata] PHP Notice:  Undefined variable: row in /var/www/html/erpm/Controller/get_site_master_controller.php on line 45
[03-Jan-2023 14:52:56 Asia/Kolkata] PHP Notice:  Trying to access array offset on value of type null in /var/www/html/erpm/Controller/get_site_master_controller.php on line 45
[03-Jan-2023 14:52:56 Asia/Kolkata] PHP Notice:  Undefined variable: row in /var/www/html/erpm/Controller/get_site_master_controller.php on line 45
[03-Jan-2023 14:52:56 Asia/Kolkata] PHP Notice:  Trying to access array offset on value of type null in /var/www/html/erpm/Controller/get_site_master_controller.php on line 45
[03-Jan-2023 14:52:56 Asia/Kolkata] PHP Notice:  Undefined variable: row in /var/www/html/erpm/Controller/get_site_master_controller.php on line 45
[03-Jan-2023 14:52:56 Asia/Kolkata] PHP Notice:  Trying to access array offset on value of type null in /var/www/html/erpm/Controller/get_site_master_controller.php on line 45
[03-Jan-2023 14:52:56 Asia/Kolkata] PHP Notice:  Undefined variable: row in /var/www/html/erpm/Controller/get_site_master_controller.php on line 45
[03-Jan-2023 14:52:56 Asia/Kolkata] PHP Notice:  Trying to access array offset on value of type null in /var/www/html/erpm/Controller/get_site_master_controller.php on line 45
[03-Jan-2023 14:52:56 Asia/Kolkata] PHP Notice:  Undefined variable: row in /var/www/html/erpm/Controller/get_site_master_controller.php on line 45
[03-Jan-2023 14:52:56 Asia/Kolkata] PHP Notice:  Trying to access array offset on value of type null in /var/www/html/erpm/Controller/get_site_master_controller.php on line 45
[03-Jan-2023 14:52:56 Asia/Kolkata] PHP Notice:  Undefined variable: row in /var/www/html/erpm/Controller/get_site_master_controller.php on line 45
[03-Jan-2023 14:52:56 Asia/Kolkata] PHP Notice:  Trying to access array offset on value of type null in /var/www/html/erpm/Controller/get_site_master_controller.php on line 45
[03-Jan-2023 14:52:56 Asia/Kolkata] PHP Notice:  Undefined variable: row in /var/www/html/erpm/Controller/get_site_master_controller.php on line 45
[03-Jan-2023 14:52:56 Asia/Kolkata] PHP Notice:  Trying to access array offset on value of type null in /var/www/html/erpm/Controller/get_site_master_controller.php on line 45
[03-Jan-2023 14:52:56 Asia/Kolkata] PHP Notice:  Undefined variable: row in /var/www/html/erpm/Controller/get_site_master_controller.php on line 45
[03-Jan-2023 14:52:56 Asia/Kolkata] PHP Notice:  Trying to access array offset on value of type null in /var/www/html/erpm/Controller/get_site_master_controller.php on line 45
[03-Jan-2023 14:53:21 Asia/Kolkata] PHP Notice:  Undefined variable: row in /var/www/html/erpm/View/site_master.php on line 474
[03-Jan-2023 14:53:21 Asia/Kolkata] PHP Notice:  Trying to access array offset on value of type null in /var/www/html/erpm/View/site_master.php on line 474
[03-Jan-2023 14:53:21 Asia/Kolkata] PHP Notice:  Undefined variable: row in /var/www/html/erpm/View/site_master.php on line 476
[03-Jan-2023 14:53:21 Asia/Kolkata] PHP Notice:  Trying to access array offset on value of type null in /var/www/html/erpm/View/site_master.php on line 476
[03-Jan-2023 14:53:21 Asia/Kolkata] PHP Notice:  Undefined variable: row in /var/www/html/erpm/View/site_master.php on line 474
[03-Jan-2023 14:53:21 Asia/Kolkata] PHP Notice:  Trying to access array offset on value of type null in /var/www/html/erpm/View/site_master.php on line 474
[03-Jan-2023 14:53:21 Asia/Kolkata] PHP Notice:  Undefined variable: row in /var/www/html/erpm/View/site_master.php on line 476
[03-Jan-2023 14:53:21 Asia/Kolkata] PHP Notice:  Trying to access array offset on value of type null in /var/www/html/erpm/View/site_master.php on line 476
[03-Jan-2023 14:53:21 Asia/Kolkata] PHP Notice:  Undefined variable: row in /var/www/html/erpm/View/site_master.php on line 474
[03-Jan-2023 14:53:21 Asia/Kolkata] PHP Notice:  Trying to access array offset on value of type null in /var/www/html/erpm/View/site_master.php on line 474
[03-Jan-2023 14:53:21 Asia/Kolkata] PHP Notice:  Undefined variable: row in /var/www/html/erpm/View/site_master.php on line 476
[03-Jan-2023 14:53:21 Asia/Kolkata] PHP Notice:  Trying to access array offset on value of type null in /var/www/html/erpm/View/site_master.php on line 476
[03-Jan-2023 14:53:21 Asia/Kolkata] PHP Notice:  Undefined variable: row in /var/www/html/erpm/View/site_master.php on line 474
[03-Jan-2023 14:53:21 Asia/Kolkata] PHP Notice:  Trying to access array offset on value of type null in /var/www/html/erpm/View/site_master.php on line 474
[03-Jan-2023 14:53:21 Asia/Kolkata] PHP Notice:  Undefined variable: row in /var/www/html/erpm/View/site_master.php on line 476
[03-Jan-2023 14:53:21 Asia/Kolkata] PHP Notice:  Trying to access array offset on value of type null in /var/www/html/erpm/View/site_master.php on line 476
[03-Jan-2023 14:53:21 Asia/Kolkata] PHP Notice:  Undefined variable: row in /var/www/html/erpm/View/site_master.php on line 474
[03-Jan-2023 14:53:21 Asia/Kolkata] PHP Notice:  Trying to access array offset on value of type null in /var/www/html/erpm/View/site_master.php on line 474
[03-Jan-2023 14:53:21 Asia/Kolkata] PHP Notice:  Undefined variable: row in /var/www/html/erpm/View/site_master.php on line 476
[03-Jan-2023 14:53:21 Asia/Kolkata] PHP Notice:  Trying to access array offset on value of type null in /var/www/html/erpm/View/site_master.php on line 476
[03-Jan-2023 14:53:21 Asia/Kolkata] PHP Notice:  Undefined variable: row in /var/www/html/erpm/View/site_master.php on line 474
[03-Jan-2023 14:53:21 Asia/Kolkata] PHP Notice:  Trying to access array offset on value of type null in /var/www/html/erpm/View/site_master.php on line 474
[03-Jan-2023 14:53:21 Asia/Kolkata] PHP Notice:  Undefined variable: row in /var/www/html/erpm/View/site_master.php on line 476
[03-Jan-2023 14:53:21 Asia/Kolkata] PHP Notice:  Trying to access array offset on value of type null in /var/www/html/erpm/View/site_master.php on line 476
[03-Jan-2023 14:53:21 Asia/Kolkata] PHP Notice:  Undefined variable: row in /var/www/html/erpm/View/site_master.php on line 474
[03-Jan-2023 14:53:21 Asia/Kolkata] PHP Notice:  Trying to access array offset on value of type null in /var/www/html/erpm/View/site_master.php on line 474
[03-Jan-2023 14:53:21 Asia/Kolkata] PHP Notice:  Undefined variable: row in /var/www/html/erpm/View/site_master.php on line 476
[03-Jan-2023 14:53:21 Asia/Kolkata] PHP Notice:  Trying to access array offset on value of type null in /var/www/html/erpm/View/site_master.php on line 476
[03-Jan-2023 14:53:21 Asia/Kolkata] PHP Notice:  Undefined variable: row in /var/www/html/erpm/View/site_master.php on line 474
[03-Jan-2023 14:53:21 Asia/Kolkata] PHP Notice:  Trying to access array offset on value of type null in /var/www/html/erpm/View/site_master.php on line 474
[03-Jan-2023 14:53:21 Asia/Kolkata] PHP Notice:  Undefined variable: row in /var/www/html/erpm/View/site_master.php on line 476
[03-Jan-2023 14:53:21 Asia/Kolkata] PHP Notice:  Trying to access array offset on value of type null in /var/www/html/erpm/View/site_master.php on line 476
[03-Jan-2023 14:53:21 Asia/Kolkata] PHP Notice:  Undefined variable: row in /var/www/html/erpm/View/site_master.php on line 474
[03-Jan-2023 14:53:21 Asia/Kolkata] PHP Notice:  Trying to access array offset on value of type null in /var/www/html/erpm/View/site_master.php on line 474
[03-Jan-2023 14:53:21 Asia/Kolkata] PHP Notice:  Undefined variable: row in /var/www/html/erpm/View/site_master.php on line 476
[03-Jan-2023 14:53:21 Asia/Kolkata] PHP Notice:  Trying to access array offset on value of type null in /var/www/html/erpm/View/site_master.php on line 476
[03-Jan-2023 14:53:22 Asia/Kolkata] PHP Notice:  Undefined variable: row in /var/www/html/erpm/Controller/get_site_master_controller.php on line 45
[03-Jan-2023 14:53:22 Asia/Kolkata] PHP Notice:  Trying to access array offset on value of type null in /var/www/html/erpm/Controller/get_site_master_controller.php on line 45
[03-Jan-2023 14:53:22 Asia/Kolkata] PHP Notice:  Undefined variable: row in /var/www/html/erpm/Controller/get_site_master_controller.php on line 45
[03-Jan-2023 14:53:22 Asia/Kolkata] PHP Notice:  Trying to access array offset on value of type null in /var/www/html/erpm/Controller/get_site_master_controller.php on line 45
[03-Jan-2023 14:53:22 Asia/Kolkata] PHP Notice:  Undefined variable: row in /var/www/html/erpm/Controller/get_site_master_controller.php on line 45
[03-Jan-2023 14:53:22 Asia/Kolkata] PHP Notice:  Trying to access array offset on value of type null in /var/www/html/erpm/Controller/get_site_master_controller.php on line 45
[03-Jan-2023 14:53:22 Asia/Kolkata] PHP Notice:  Undefined variable: row in /var/www/html/erpm/Controller/get_site_master_controller.php on line 45
[03-Jan-2023 14:53:22 Asia/Kolkata] PHP Notice:  Trying to access array offset on value of type null in /var/www/html/erpm/Controller/get_site_master_controller.php on line 45
[03-Jan-2023 14:53:22 Asia/Kolkata] PHP Notice:  Undefined variable: row in /var/www/html/erpm/Controller/get_site_master_controller.php on line 45
[03-Jan-2023 14:53:22 Asia/Kolkata] PHP Notice:  Trying to access array offset on value of type null in /var/www/html/erpm/Controller/get_site_master_controller.php on line 45
[03-Jan-2023 14:53:22 Asia/Kolkata] PHP Notice:  Undefined variable: row in /var/www/html/erpm/Controller/get_site_master_controller.php on line 45
[03-Jan-2023 14:53:22 Asia/Kolkata] PHP Notice:  Trying to access array offset on value of type null in /var/www/html/erpm/Controller/get_site_master_controller.php on line 45
[03-Jan-2023 14:53:22 Asia/Kolkata] PHP Notice:  Undefined variable: row in /var/www/html/erpm/Controller/get_site_master_controller.php on line 45
[03-Jan-2023 14:53:22 Asia/Kolkata] PHP Notice:  Trying to access array offset on value of type null in /var/www/html/erpm/Controller/get_site_master_controller.php on line 45
[03-Jan-2023 14:53:22 Asia/Kolkata] PHP Notice:  Undefined variable: row in /var/www/html/erpm/Controller/get_site_master_controller.php on line 45
[03-Jan-2023 14:53:22 Asia/Kolkata] PHP Notice:  Trying to access array offset on value of type null in /var/www/html/erpm/Controller/get_site_master_controller.php on line 45
[03-Jan-2023 14:53:22 Asia/Kolkata] PHP Notice:  Undefined variable: row in /var/www/html/erpm/Controller/get_site_master_controller.php on line 45
[03-Jan-2023 14:53:22 Asia/Kolkata] PHP Notice:  Trying to access array offset on value of type null in /var/www/html/erpm/Controller/get_site_master_controller.php on line 45
[03-Jan-2023 14:54:51 Asia/Kolkata] PHP Notice:  Undefined variable: row in /var/www/html/erpm/View/site_master.php on line 474
[03-Jan-2023 14:54:51 Asia/Kolkata] PHP Notice:  Trying to access array offset on value of type null in /var/www/html/erpm/View/site_master.php on line 474
[03-Jan-2023 14:54:51 Asia/Kolkata] PHP Notice:  Undefined variable: row in /var/www/html/erpm/View/site_master.php on line 476
[03-Jan-2023 14:54:51 Asia/Kolkata] PHP Notice:  Trying to access array offset on value of type null in /var/www/html/erpm/View/site_master.php on line 476
[03-Jan-2023 14:54:51 Asia/Kolkata] PHP Notice:  Undefined variable: row in /var/www/html/erpm/View/site_master.php on line 474
[03-Jan-2023 14:54:51 Asia/Kolkata] PHP Notice:  Trying to access array offset on value of type null in /var/www/html/erpm/View/site_master.php on line 474
[03-Jan-2023 14:54:51 Asia/Kolkata] PHP Notice:  Undefined variable: row in /var/www/html/erpm/View/site_master.php on line 476
[03-Jan-2023 14:54:51 Asia/Kolkata] PHP Notice:  Trying to access array offset on value of type null in /var/www/html/erpm/View/site_master.php on line 476
[03-Jan-2023 14:54:51 Asia/Kolkata] PHP Notice:  Undefined variable: row in /var/www/html/erpm/View/site_master.php on line 474
[03-Jan-2023 14:54:51 Asia/Kolkata] PHP Notice:  Trying to access array offset on value of type null in /var/www/html/erpm/View/site_master.php on line 474
[03-Jan-2023 14:54:51 Asia/Kolkata] PHP Notice:  Undefined variable: row in /var/www/html/erpm/View/site_master.php on line 476
[03-Jan-2023 14:54:51 Asia/Kolkata] PHP Notice:  Trying to access array offset on value of type null in /var/www/html/erpm/View/site_master.php on line 476
[03-Jan-2023 14:54:51 Asia/Kolkata] PHP Notice:  Undefined variable: row in /var/www/html/erpm/View/site_master.php on line 474
[03-Jan-2023 14:54:51 Asia/Kolkata] PHP Notice:  Trying to access array offset on value of type null in /var/www/html/erpm/View/site_master.php on line 474
[03-Jan-2023 14:54:51 Asia/Kolkata] PHP Notice:  Undefined variable: row in /var/www/html/erpm/View/site_master.php on line 476
[03-Jan-2023 14:54:51 Asia/Kolkata] PHP Notice:  Trying to access array offset on value of type null in /var/www/html/erpm/View/site_master.php on line 476
[03-Jan-2023 14:54:51 Asia/Kolkata] PHP Notice:  Undefined variable: row in /var/www/html/erpm/View/site_master.php on line 474
[03-Jan-2023 14:54:51 Asia/Kolkata] PHP Notice:  Trying to access array offset on value of type null in /var/www/html/erpm/View/site_master.php on line 474
[03-Jan-2023 14:54:51 Asia/Kolkata] PHP Notice:  Undefined variable: row in /var/www/html/erpm/View/site_master.php on line 476
[03-Jan-2023 14:54:51 Asia/Kolkata] PHP Notice:  Trying to access array offset on value of type null in /var/www/html/erpm/View/site_master.php on line 476
[03-Jan-2023 14:54:51 Asia/Kolkata] PHP Notice:  Undefined variable: row in /var/www/html/erpm/View/site_master.php on line 474
[03-Jan-2023 14:54:51 Asia/Kolkata] PHP Notice:  Trying to access array offset on value of type null in /var/www/html/erpm/View/site_master.php on line 474
[03-Jan-2023 14:54:51 Asia/Kolkata] PHP Notice:  Undefined variable: row in /var/www/html/erpm/View/site_master.php on line 476
[03-Jan-2023 14:54:51 Asia/Kolkata] PHP Notice:  Trying to access array offset on value of type null in /var/www/html/erpm/View/site_master.php on line 476
[03-Jan-2023 14:54:51 Asia/Kolkata] PHP Notice:  Undefined variable: row in /var/www/html/erpm/View/site_master.php on line 474
[03-Jan-2023 14:54:51 Asia/Kolkata] PHP Notice:  Trying to access array offset on value of type null in /var/www/html/erpm/View/site_master.php on line 474
[03-Jan-2023 14:54:51 Asia/Kolkata] PHP Notice:  Undefined variable: row in /var/www/html/erpm/View/site_master.php on line 476
[03-Jan-2023 14:54:51 Asia/Kolkata] PHP Notice:  Trying to access array offset on value of type null in /var/www/html/erpm/View/site_master.php on line 476
[03-Jan-2023 14:54:51 Asia/Kolkata] PHP Notice:  Undefined variable: row in /var/www/html/erpm/View/site_master.php on line 474
[03-Jan-2023 14:54:51 Asia/Kolkata] PHP Notice:  Trying to access array offset on value of type null in /var/www/html/erpm/View/site_master.php on line 474
[03-Jan-2023 14:54:51 Asia/Kolkata] PHP Notice:  Undefined variable: row in /var/www/html/erpm/View/site_master.php on line 476
[03-Jan-2023 14:54:51 Asia/Kolkata] PHP Notice:  Trying to access array offset on value of type null in /var/www/html/erpm/View/site_master.php on line 476
[03-Jan-2023 14:54:51 Asia/Kolkata] PHP Notice:  Undefined variable: row in /var/www/html/erpm/View/site_master.php on line 474
[03-Jan-2023 14:54:51 Asia/Kolkata] PHP Notice:  Trying to access array offset on value of type null in /var/www/html/erpm/View/site_master.php on line 474
[03-Jan-2023 14:54:51 Asia/Kolkata] PHP Notice:  Undefined variable: row in /var/www/html/erpm/View/site_master.php on line 476
[03-Jan-2023 14:54:51 Asia/Kolkata] PHP Notice:  Trying to access array offset on value of type null in /var/www/html/erpm/View/site_master.php on line 476
[03-Jan-2023 14:54:52 Asia/Kolkata] PHP Notice:  Undefined variable: row in /var/www/html/erpm/Controller/get_site_master_controller.php on line 45
[03-Jan-2023 14:54:52 Asia/Kolkata] PHP Notice:  Trying to access array offset on value of type null in /var/www/html/erpm/Controller/get_site_master_controller.php on line 45
[03-Jan-2023 14:54:52 Asia/Kolkata] PHP Notice:  Undefined variable: row in /var/www/html/erpm/Controller/get_site_master_controller.php on line 45
[03-Jan-2023 14:54:52 Asia/Kolkata] PHP Notice:  Trying to access array offset on value of type null in /var/www/html/erpm/Controller/get_site_master_controller.php on line 45
[03-Jan-2023 14:54:52 Asia/Kolkata] PHP Notice:  Undefined variable: row in /var/www/html/erpm/Controller/get_site_master_controller.php on line 45
[03-Jan-2023 14:54:52 Asia/Kolkata] PHP Notice:  Trying to access array offset on value of type null in /var/www/html/erpm/Controller/get_site_master_controller.php on line 45
[03-Jan-2023 14:54:52 Asia/Kolkata] PHP Notice:  Undefined variable: row in /var/www/html/erpm/Controller/get_site_master_controller.php on line 45
[03-Jan-2023 14:54:52 Asia/Kolkata] PHP Notice:  Trying to access array offset on value of type null in /var/www/html/erpm/Controller/get_site_master_controller.php on line 45
[03-Jan-2023 14:54:52 Asia/Kolkata] PHP Notice:  Undefined variable: row in /var/www/html/erpm/Controller/get_site_master_controller.php on line 45
[03-Jan-2023 14:54:52 Asia/Kolkata] PHP Notice:  Trying to access array offset on value of type null in /var/www/html/erpm/Controller/get_site_master_controller.php on line 45
[03-Jan-2023 14:54:52 Asia/Kolkata] PHP Notice:  Undefined variable: row in /var/www/html/erpm/Controller/get_site_master_controller.php on line 45
[03-Jan-2023 14:54:52 Asia/Kolkata] PHP Notice:  Trying to access array offset on value of type null in /var/www/html/erpm/Controller/get_site_master_controller.php on line 45
[03-Jan-2023 14:54:52 Asia/Kolkata] PHP Notice:  Undefined variable: row in /var/www/html/erpm/Controller/get_site_master_controller.php on line 45
[03-Jan-2023 14:54:52 Asia/Kolkata] PHP Notice:  Trying to access array offset on value of type null in /var/www/html/erpm/Controller/get_site_master_controller.php on line 45
[03-Jan-2023 14:54:52 Asia/Kolkata] PHP Notice:  Undefined variable: row in /var/www/html/erpm/Controller/get_site_master_controller.php on line 45
[03-Jan-2023 14:54:52 Asia/Kolkata] PHP Notice:  Trying to access array offset on value of type null in /var/www/html/erpm/Controller/get_site_master_controller.php on line 45
[03-Jan-2023 14:54:52 Asia/Kolkata] PHP Notice:  Undefined variable: row in /var/www/html/erpm/Controller/get_site_master_controller.php on line 45
[03-Jan-2023 14:54:52 Asia/Kolkata] PHP Notice:  Trying to access array offset on value of type null in /var/www/html/erpm/Controller/get_site_master_controller.php on line 45
[03-Jan-2023 14:55:02 Asia/Kolkata] PHP Notice:  Undefined variable: row in /var/www/html/erpm/View/site_master.php on line 474
[03-Jan-2023 14:55:02 Asia/Kolkata] PHP Notice:  Trying to access array offset on value of type null in /var/www/html/erpm/View/site_master.php on line 474
[03-Jan-2023 14:55:02 Asia/Kolkata] PHP Notice:  Undefined variable: row in /var/www/html/erpm/View/site_master.php on line 476
[03-Jan-2023 14:55:02 Asia/Kolkata] PHP Notice:  Trying to access array offset on value of type null in /var/www/html/erpm/View/site_master.php on line 476
[03-Jan-2023 14:55:02 Asia/Kolkata] PHP Notice:  Undefined variable: row in /var/www/html/erpm/View/site_master.php on line 474
[03-Jan-2023 14:55:02 Asia/Kolkata] PHP Notice:  Trying to access array offset on value of type null in /var/www/html/erpm/View/site_master.php on line 474
[03-Jan-2023 14:55:02 Asia/Kolkata] PHP Notice:  Undefined variable: row in /var/www/html/erpm/View/site_master.php on line 476
[03-Jan-2023 14:55:02 Asia/Kolkata] PHP Notice:  Trying to access array offset on value of type null in /var/www/html/erpm/View/site_master.php on line 476
[03-Jan-2023 14:55:02 Asia/Kolkata] PHP Notice:  Undefined variable: row in /var/www/html/erpm/View/site_master.php on line 474
[03-Jan-2023 14:55:02 Asia/Kolkata] PHP Notice:  Trying to access array offset on value of type null in /var/www/html/erpm/View/site_master.php on line 474
[03-Jan-2023 14:55:02 Asia/Kolkata] PHP Notice:  Undefined variable: row in /var/www/html/erpm/View/site_master.php on line 476
[03-Jan-2023 14:55:02 Asia/Kolkata] PHP Notice:  Trying to access array offset on value of type null in /var/www/html/erpm/View/site_master.php on line 476
[03-Jan-2023 14:55:02 Asia/Kolkata] PHP Notice:  Undefined variable: row in /var/www/html/erpm/View/site_master.php on line 474
[03-Jan-2023 14:55:02 Asia/Kolkata] PHP Notice:  Trying to access array offset on value of type null in /var/www/html/erpm/View/site_master.php on line 474
[03-Jan-2023 14:55:02 Asia/Kolkata] PHP Notice:  Undefined variable: row in /var/www/html/erpm/View/site_master.php on line 476
[03-Jan-2023 14:55:02 Asia/Kolkata] PHP Notice:  Trying to access array offset on value of type null in /var/www/html/erpm/View/site_master.php on line 476
[03-Jan-2023 14:55:02 Asia/Kolkata] PHP Notice:  Undefined variable: row in /var/www/html/erpm/View/site_master.php on line 474
[03-Jan-2023 14:55:02 Asia/Kolkata] PHP Notice:  Trying to access array offset on value of type null in /var/www/html/erpm/View/site_master.php on line 474
[03-Jan-2023 14:55:02 Asia/Kolkata] PHP Notice:  Undefined variable: row in /var/www/html/erpm/View/site_master.php on line 476
[03-Jan-2023 14:55:02 Asia/Kolkata] PHP Notice:  Trying to access array offset on value of type null in /var/www/html/erpm/View/site_master.php on line 476
[03-Jan-2023 14:55:02 Asia/Kolkata] PHP Notice:  Undefined variable: row in /var/www/html/erpm/View/site_master.php on line 474
[03-Jan-2023 14:55:02 Asia/Kolkata] PHP Notice:  Trying to access array offset on value of type null in /var/www/html/erpm/View/site_master.php on line 474
[03-Jan-2023 14:55:02 Asia/Kolkata] PHP Notice:  Undefined variable: row in /var/www/html/erpm/View/site_master.php on line 476
[03-Jan-2023 14:55:02 Asia/Kolkata] PHP Notice:  Trying to access array offset on value of type null in /var/www/html/erpm/View/site_master.php on line 476
[03-Jan-2023 14:55:02 Asia/Kolkata] PHP Notice:  Undefined variable: row in /var/www/html/erpm/View/site_master.php on line 474
[03-Jan-2023 14:55:02 Asia/Kolkata] PHP Notice:  Trying to access array offset on value of type null in /var/www/html/erpm/View/site_master.php on line 474
[03-Jan-2023 14:55:02 Asia/Kolkata] PHP Notice:  Undefined variable: row in /var/www/html/erpm/View/site_master.php on line 476
[03-Jan-2023 14:55:02 Asia/Kolkata] PHP Notice:  Trying to access array offset on value of type null in /var/www/html/erpm/View/site_master.php on line 476
[03-Jan-2023 14:55:02 Asia/Kolkata] PHP Notice:  Undefined variable: row in /var/www/html/erpm/View/site_master.php on line 474
[03-Jan-2023 14:55:02 Asia/Kolkata] PHP Notice:  Trying to access array offset on value of type null in /var/www/html/erpm/View/site_master.php on line 474
[03-Jan-2023 14:55:02 Asia/Kolkata] PHP Notice:  Undefined variable: row in /var/www/html/erpm/View/site_master.php on line 476
[03-Jan-2023 14:55:02 Asia/Kolkata] PHP Notice:  Trying to access array offset on value of type null in /var/www/html/erpm/View/site_master.php on line 476
[03-Jan-2023 14:55:02 Asia/Kolkata] PHP Notice:  Undefined variable: row in /var/www/html/erpm/View/site_master.php on line 474
[03-Jan-2023 14:55:02 Asia/Kolkata] PHP Notice:  Trying to access array offset on value of type null in /var/www/html/erpm/View/site_master.php on line 474
[03-Jan-2023 14:55:02 Asia/Kolkata] PHP Notice:  Undefined variable: row in /var/www/html/erpm/View/site_master.php on line 476
[03-Jan-2023 14:55:02 Asia/Kolkata] PHP Notice:  Trying to access array offset on value of type null in /var/www/html/erpm/View/site_master.php on line 476
[03-Jan-2023 14:55:02 Asia/Kolkata] PHP Notice:  Undefined variable: row in /var/www/html/erpm/Controller/get_site_master_controller.php on line 45
[03-Jan-2023 14:55:02 Asia/Kolkata] PHP Notice:  Trying to access array offset on value of type null in /var/www/html/erpm/Controller/get_site_master_controller.php on line 45
[03-Jan-2023 14:55:02 Asia/Kolkata] PHP Notice:  Undefined variable: row in /var/www/html/erpm/Controller/get_site_master_controller.php on line 45
[03-Jan-2023 14:55:02 Asia/Kolkata] PHP Notice:  Trying to access array offset on value of type null in /var/www/html/erpm/Controller/get_site_master_controller.php on line 45
[03-Jan-2023 14:55:02 Asia/Kolkata] PHP Notice:  Undefined variable: row in /var/www/html/erpm/Controller/get_site_master_controller.php on line 45
[03-Jan-2023 14:55:02 Asia/Kolkata] PHP Notice:  Trying to access array offset on value of type null in /var/www/html/erpm/Controller/get_site_master_controller.php on line 45
[03-Jan-2023 14:55:02 Asia/Kolkata] PHP Notice:  Undefined variable: row in /var/www/html/erpm/Controller/get_site_master_controller.php on line 45
[03-Jan-2023 14:55:02 Asia/Kolkata] PHP Notice:  Trying to access array offset on value of type null in /var/www/html/erpm/Controller/get_site_master_controller.php on line 45
[03-Jan-2023 14:55:02 Asia/Kolkata] PHP Notice:  Undefined variable: row in /var/www/html/erpm/Controller/get_site_master_controller.php on line 45
[03-Jan-2023 14:55:02 Asia/Kolkata] PHP Notice:  Trying to access array offset on value of type null in /var/www/html/erpm/Controller/get_site_master_controller.php on line 45
[03-Jan-2023 14:55:02 Asia/Kolkata] PHP Notice:  Undefined variable: row in /var/www/html/erpm/Controller/get_site_master_controller.php on line 45
[03-Jan-2023 14:55:02 Asia/Kolkata] PHP Notice:  Trying to access array offset on value of type null in /var/www/html/erpm/Controller/get_site_master_controller.php on line 45
[03-Jan-2023 14:55:02 Asia/Kolkata] PHP Notice:  Undefined variable: row in /var/www/html/erpm/Controller/get_site_master_controller.php on line 45
[03-Jan-2023 14:55:02 Asia/Kolkata] PHP Notice:  Trying to access array offset on value of type null in /var/www/html/erpm/Controller/get_site_master_controller.php on line 45
[03-Jan-2023 14:55:02 Asia/Kolkata] PHP Notice:  Undefined variable: row in /var/www/html/erpm/Controller/get_site_master_controller.php on line 45
[03-Jan-2023 14:55:02 Asia/Kolkata] PHP Notice:  Trying to access array offset on value of type null in /var/www/html/erpm/Controller/get_site_master_controller.php on line 45
[03-Jan-2023 14:55:02 Asia/Kolkata] PHP Notice:  Undefined variable: row in /var/www/html/erpm/Controller/get_site_master_controller.php on line 45
[03-Jan-2023 14:55:02 Asia/Kolkata] PHP Notice:  Trying to access array offset on value of type null in /var/www/html/erpm/Controller/get_site_master_controller.php on line 45
[03-Jan-2023 14:55:09 Asia/Kolkata] PHP Notice:  Undefined variable: row in /var/www/html/erpm/Controller/get_site_master_controller.php on line 45
[03-Jan-2023 14:55:09 Asia/Kolkata] PHP Notice:  Trying to access array offset on value of type null in /var/www/html/erpm/Controller/get_site_master_controller.php on line 45
[03-Jan-2023 14:55:09 Asia/Kolkata] PHP Notice:  Undefined variable: row in /var/www/html/erpm/Controller/get_site_master_controller.php on line 45
[03-Jan-2023 14:55:09 Asia/Kolkata] PHP Notice:  Trying to access array offset on value of type null in /var/www/html/erpm/Controller/get_site_master_controller.php on line 45
[03-Jan-2023 14:55:09 Asia/Kolkata] PHP Notice:  Undefined variable: row in /var/www/html/erpm/Controller/get_site_master_controller.php on line 45
[03-Jan-2023 14:55:09 Asia/Kolkata] PHP Notice:  Trying to access array offset on value of type null in /var/www/html/erpm/Controller/get_site_master_controller.php on line 45
[03-Jan-2023 14:55:09 Asia/Kolkata] PHP Notice:  Undefined variable: row in /var/www/html/erpm/Controller/get_site_master_controller.php on line 45
[03-Jan-2023 14:55:09 Asia/Kolkata] PHP Notice:  Trying to access array offset on value of type null in /var/www/html/erpm/Controller/get_site_master_controller.php on line 45
[03-Jan-2023 14:55:09 Asia/Kolkata] PHP Notice:  Undefined variable: row in /var/www/html/erpm/Controller/get_site_master_controller.php on line 45
[03-Jan-2023 14:55:09 Asia/Kolkata] PHP Notice:  Trying to access array offset on value of type null in /var/www/html/erpm/Controller/get_site_master_controller.php on line 45
[03-Jan-2023 14:55:09 Asia/Kolkata] PHP Notice:  Undefined variable: row in /var/www/html/erpm/Controller/get_site_master_controller.php on line 45
[03-Jan-2023 14:55:09 Asia/Kolkata] PHP Notice:  Trying to access array offset on value of type null in /var/www/html/erpm/Controller/get_site_master_controller.php on line 45
[03-Jan-2023 14:55:09 Asia/Kolkata] PHP Notice:  Undefined variable: row in /var/www/html/erpm/Controller/get_site_master_controller.php on line 45
[03-Jan-2023 14:55:09 Asia/Kolkata] PHP Notice:  Trying to access array offset on value of type null in /var/www/html/erpm/Controller/get_site_master_controller.php on line 45
[03-Jan-2023 14:55:09 Asia/Kolkata] PHP Notice:  Undefined variable: row in /var/www/html/erpm/Controller/get_site_master_controller.php on line 45
[03-Jan-2023 14:55:09 Asia/Kolkata] PHP Notice:  Trying to access array offset on value of type null in /var/www/html/erpm/Controller/get_site_master_controller.php on line 45
[03-Jan-2023 14:55:09 Asia/Kolkata] PHP Notice:  Undefined variable: row in /var/www/html/erpm/Controller/get_site_master_controller.php on line 45
[03-Jan-2023 14:55:09 Asia/Kolkata] PHP Notice:  Trying to access array offset on value of type null in /var/www/html/erpm/Controller/get_site_master_controller.php on line 45
[03-Jan-2023 14:55:23 Asia/Kolkata] PHP Notice:  Undefined index: __user_logid in /var/www/html/erpm/AppCode/nHead.php on line 2
[03-Jan-2023 14:55:26 Asia/Kolkata] PHP Warning:  mysqli_stmt::bind_param(): Number of elements in type definition string doesn't match number of bind variables in /var/www/html/erpm/Controller/ConLog.php on line 464
[03-Jan-2023 14:55:26 Asia/Kolkata] PHP Warning:  Use of undefined constant EMS_CenterName - assumed 'EMS_CenterName' (this will throw an Error in a future version of PHP) in /var/www/html/erpm/Controller/ConLog.php on line 470
[03-Jan-2023 14:55:26 Asia/Kolkata] PHP Warning:  Use of undefined constant EMAIL_HOST - assumed 'EMAIL_HOST' (this will throw an Error in a future version of PHP) in /var/www/html/erpm/Controller/ConLog.php on line 473
[03-Jan-2023 14:55:26 Asia/Kolkata] PHP Warning:  Use of undefined constant EMAIL_AUTH - assumed 'EMAIL_AUTH' (this will throw an Error in a future version of PHP) in /var/www/html/erpm/Controller/ConLog.php on line 474
[03-Jan-2023 14:55:26 Asia/Kolkata] PHP Warning:  Use of undefined constant EMAIL_USER - assumed 'EMAIL_USER' (this will throw an Error in a future version of PHP) in /var/www/html/erpm/Controller/ConLog.php on line 475
[03-Jan-2023 14:55:26 Asia/Kolkata] PHP Warning:  Use of undefined constant EMAIL_PASS - assumed 'EMAIL_PASS' (this will throw an Error in a future version of PHP) in /var/www/html/erpm/Controller/ConLog.php on line 476
[03-Jan-2023 14:55:26 Asia/Kolkata] PHP Warning:  Use of undefined constant EMAIL_SMTPSecure - assumed 'EMAIL_SMTPSecure' (this will throw an Error in a future version of PHP) in /var/www/html/erpm/Controller/ConLog.php on line 477
[03-Jan-2023 14:55:26 Asia/Kolkata] PHP Warning:  Use of undefined constant EMAIL_PORT - assumed 'EMAIL_PORT' (this will throw an Error in a future version of PHP) in /var/www/html/erpm/Controller/ConLog.php on line 478
[03-Jan-2023 14:55:26 Asia/Kolkata] PHP Warning:  Use of undefined constant EMAIL_FROM - assumed 'EMAIL_FROM' (this will throw an Error in a future version of PHP) in /var/www/html/erpm/Controller/ConLog.php on line 479
[03-Jan-2023 14:55:26 Asia/Kolkata] PHP Warning:  Use of undefined constant EMS_CenterName - assumed 'EMS_CenterName' (this will throw an Error in a future version of PHP) in /var/www/html/erpm/Controller/ConLog.php on line 482
[03-Jan-2023 14:55:28 Asia/Kolkata] PHP Notice:  Trying to access array offset on value of type null in /var/www/html/erpm/View/index.php on line 346
[03-Jan-2023 14:56:03 Asia/Kolkata] PHP Notice:  Undefined variable: row in /var/www/html/erpm/View/site_master.php on line 474
[03-Jan-2023 14:56:03 Asia/Kolkata] PHP Notice:  Trying to access array offset on value of type null in /var/www/html/erpm/View/site_master.php on line 474
[03-Jan-2023 14:56:03 Asia/Kolkata] PHP Notice:  Undefined variable: row in /var/www/html/erpm/View/site_master.php on line 476
[03-Jan-2023 14:56:03 Asia/Kolkata] PHP Notice:  Trying to access array offset on value of type null in /var/www/html/erpm/View/site_master.php on line 476
[03-Jan-2023 14:56:03 Asia/Kolkata] PHP Notice:  Undefined variable: row in /var/www/html/erpm/View/site_master.php on line 474
[03-Jan-2023 14:56:03 Asia/Kolkata] PHP Notice:  Trying to access array offset on value of type null in /var/www/html/erpm/View/site_master.php on line 474
[03-Jan-2023 14:56:03 Asia/Kolkata] PHP Notice:  Undefined variable: row in /var/www/html/erpm/View/site_master.php on line 476
[03-Jan-2023 14:56:03 Asia/Kolkata] PHP Notice:  Trying to access array offset on value of type null in /var/www/html/erpm/View/site_master.php on line 476
[03-Jan-2023 14:56:03 Asia/Kolkata] PHP Notice:  Undefined variable: row in /var/www/html/erpm/View/site_master.php on line 474
[03-Jan-2023 14:56:03 Asia/Kolkata] PHP Notice:  Trying to access array offset on value of type null in /var/www/html/erpm/View/site_master.php on line 474
[03-Jan-2023 14:56:03 Asia/Kolkata] PHP Notice:  Undefined variable: row in /var/www/html/erpm/View/site_master.php on line 476
[03-Jan-2023 14:56:03 Asia/Kolkata] PHP Notice:  Trying to access array offset on value of type null in /var/www/html/erpm/View/site_master.php on line 476
[03-Jan-2023 14:56:03 Asia/Kolkata] PHP Notice:  Undefined variable: row in /var/www/html/erpm/View/site_master.php on line 474
[03-Jan-2023 14:56:03 Asia/Kolkata] PHP Notice:  Trying to access array offset on value of type null in /var/www/html/erpm/View/site_master.php on line 474
[03-Jan-2023 14:56:03 Asia/Kolkata] PHP Notice:  Undefined variable: row in /var/www/html/erpm/View/site_master.php on line 476
[03-Jan-2023 14:56:03 Asia/Kolkata] PHP Notice:  Trying to access array offset on value of type null in /var/www/html/erpm/View/site_master.php on line 476
[03-Jan-2023 14:56:03 Asia/Kolkata] PHP Notice:  Undefined variable: row in /var/www/html/erpm/View/site_master.php on line 474
[03-Jan-2023 14:56:03 Asia/Kolkata] PHP Notice:  Trying to access array offset on value of type null in /var/www/html/erpm/View/site_master.php on line 474
[03-Jan-2023 14:56:03 Asia/Kolkata] PHP Notice:  Undefined variable: row in /var/www/html/erpm/View/site_master.php on line 476
[03-Jan-2023 14:56:03 Asia/Kolkata] PHP Notice:  Trying to access array offset on value of type null in /var/www/html/erpm/View/site_master.php on line 476
[03-Jan-2023 14:56:03 Asia/Kolkata] PHP Notice:  Undefined variable: row in /var/www/html/erpm/View/site_master.php on line 474
[03-Jan-2023 14:56:03 Asia/Kolkata] PHP Notice:  Trying to access array offset on value of type null in /var/www/html/erpm/View/site_master.php on line 474
[03-Jan-2023 14:56:03 Asia/Kolkata] PHP Notice:  Undefined variable: row in /var/www/html/erpm/View/site_master.php on line 476
[03-Jan-2023 14:56:03 Asia/Kolkata] PHP Notice:  Trying to access array offset on value of type null in /var/www/html/erpm/View/site_master.php on line 476
[03-Jan-2023 14:56:03 Asia/Kolkata] PHP Notice:  Undefined variable: row in /var/www/html/erpm/View/site_master.php on line 474
[03-Jan-2023 14:56:03 Asia/Kolkata] PHP Notice:  Trying to access array offset on value of type null in /var/www/html/erpm/View/site_master.php on line 474
[03-Jan-2023 14:56:03 Asia/Kolkata] PHP Notice:  Undefined variable: row in /var/www/html/erpm/View/site_master.php on line 476
[03-Jan-2023 14:56:03 Asia/Kolkata] PHP Notice:  Trying to access array offset on value of type null in /var/www/html/erpm/View/site_master.php on line 476
[03-Jan-2023 14:56:03 Asia/Kolkata] PHP Notice:  Undefined variable: row in /var/www/html/erpm/View/site_master.php on line 474
[03-Jan-2023 14:56:03 Asia/Kolkata] PHP Notice:  Trying to access array offset on value of type null in /var/www/html/erpm/View/site_master.php on line 474
[03-Jan-2023 14:56:03 Asia/Kolkata] PHP Notice:  Undefined variable: row in /var/www/html/erpm/View/site_master.php on line 476
[03-Jan-2023 14:56:03 Asia/Kolkata] PHP Notice:  Trying to access array offset on value of type null in /var/www/html/erpm/View/site_master.php on line 476
[03-Jan-2023 14:56:03 Asia/Kolkata] PHP Notice:  Undefined variable: row in /var/www/html/erpm/View/site_master.php on line 474
[03-Jan-2023 14:56:03 Asia/Kolkata] PHP Notice:  Trying to access array offset on value of type null in /var/www/html/erpm/View/site_master.php on line 474
[03-Jan-2023 14:56:03 Asia/Kolkata] PHP Notice:  Undefined variable: row in /var/www/html/erpm/View/site_master.php on line 476
[03-Jan-2023 14:56:03 Asia/Kolkata] PHP Notice:  Trying to access array offset on value of type null in /var/www/html/erpm/View/site_master.php on line 476
[03-Jan-2023 14:56:03 Asia/Kolkata] PHP Notice:  Undefined variable: row in /var/www/html/erpm/Controller/get_site_master_controller.php on line 45
[03-Jan-2023 14:56:03 Asia/Kolkata] PHP Notice:  Trying to access array offset on value of type null in /var/www/html/erpm/Controller/get_site_master_controller.php on line 45
[03-Jan-2023 14:56:03 Asia/Kolkata] PHP Notice:  Undefined variable: row in /var/www/html/erpm/Controller/get_site_master_controller.php on line 45
[03-Jan-2023 14:56:03 Asia/Kolkata] PHP Notice:  Trying to access array offset on value of type null in /var/www/html/erpm/Controller/get_site_master_controller.php on line 45
[03-Jan-2023 14:56:03 Asia/Kolkata] PHP Notice:  Undefined variable: row in /var/www/html/erpm/Controller/get_site_master_controller.php on line 45
[03-Jan-2023 14:56:03 Asia/Kolkata] PHP Notice:  Trying to access array offset on value of type null in /var/www/html/erpm/Controller/get_site_master_controller.php on line 45
[03-Jan-2023 14:56:03 Asia/Kolkata] PHP Notice:  Undefined variable: row in /var/www/html/erpm/Controller/get_site_master_controller.php on line 45
[03-Jan-2023 14:56:03 Asia/Kolkata] PHP Notice:  Trying to access array offset on value of type null in /var/www/html/erpm/Controller/get_site_master_controller.php on line 45
[03-Jan-2023 14:56:03 Asia/Kolkata] PHP Notice:  Undefined variable: row in /var/www/html/erpm/Controller/get_site_master_controller.php on line 45
[03-Jan-2023 14:56:03 Asia/Kolkata] PHP Notice:  Trying to access array offset on value of type null in /var/www/html/erpm/Controller/get_site_master_controller.php on line 45
[03-Jan-2023 14:56:03 Asia/Kolkata] PHP Notice:  Undefined variable: row in /var/www/html/erpm/Controller/get_site_master_controller.php on line 45
[03-Jan-2023 14:56:03 Asia/Kolkata] PHP Notice:  Trying to access array offset on value of type null in /var/www/html/erpm/Controller/get_site_master_controller.php on line 45
[03-Jan-2023 14:56:03 Asia/Kolkata] PHP Notice:  Undefined variable: row in /var/www/html/erpm/Controller/get_site_master_controller.php on line 45
[03-Jan-2023 14:56:03 Asia/Kolkata] PHP Notice:  Trying to access array offset on value of type null in /var/www/html/erpm/Controller/get_site_master_controller.php on line 45
[03-Jan-2023 14:56:03 Asia/Kolkata] PHP Notice:  Undefined variable: row in /var/www/html/erpm/Controller/get_site_master_controller.php on line 45
[03-Jan-2023 14:56:03 Asia/Kolkata] PHP Notice:  Trying to access array offset on value of type null in /var/www/html/erpm/Controller/get_site_master_controller.php on line 45
[03-Jan-2023 14:56:03 Asia/Kolkata] PHP Notice:  Undefined variable: row in /var/www/html/erpm/Controller/get_site_master_controller.php on line 45
[03-Jan-2023 14:56:03 Asia/Kolkata] PHP Notice:  Trying to access array offset on value of type null in /var/www/html/erpm/Controller/get_site_master_controller.php on line 45
[03-Jan-2023 14:56:11 Asia/Kolkata] PHP Notice:  Undefined variable: row in /var/www/html/erpm/Controller/get_site_master_controller.php on line 45
[03-Jan-2023 14:56:11 Asia/Kolkata] PHP Notice:  Trying to access array offset on value of type null in /var/www/html/erpm/Controller/get_site_master_controller.php on line 45
[03-Jan-2023 14:56:11 Asia/Kolkata] PHP Notice:  Undefined variable: row in /var/www/html/erpm/Controller/get_site_master_controller.php on line 45
[03-Jan-2023 14:56:11 Asia/Kolkata] PHP Notice:  Trying to access array offset on value of type null in /var/www/html/erpm/Controller/get_site_master_controller.php on line 45
[03-Jan-2023 14:56:11 Asia/Kolkata] PHP Notice:  Undefined variable: row in /var/www/html/erpm/Controller/get_site_master_controller.php on line 45
[03-Jan-2023 14:56:11 Asia/Kolkata] PHP Notice:  Trying to access array offset on value of type null in /var/www/html/erpm/Controller/get_site_master_controller.php on line 45
[03-Jan-2023 14:56:11 Asia/Kolkata] PHP Notice:  Undefined variable: row in /var/www/html/erpm/Controller/get_site_master_controller.php on line 45
[03-Jan-2023 14:56:11 Asia/Kolkata] PHP Notice:  Trying to access array offset on value of type null in /var/www/html/erpm/Controller/get_site_master_controller.php on line 45
[03-Jan-2023 14:56:11 Asia/Kolkata] PHP Notice:  Undefined variable: row in /var/www/html/erpm/Controller/get_site_master_controller.php on line 45
[03-Jan-2023 14:56:11 Asia/Kolkata] PHP Notice:  Trying to access array offset on value of type null in /var/www/html/erpm/Controller/get_site_master_controller.php on line 45
[03-Jan-2023 14:56:11 Asia/Kolkata] PHP Notice:  Undefined variable: row in /var/www/html/erpm/Controller/get_site_master_controller.php on line 45
[03-Jan-2023 14:56:11 Asia/Kolkata] PHP Notice:  Trying to access array offset on value of type null in /var/www/html/erpm/Controller/get_site_master_controller.php on line 45
[03-Jan-2023 14:56:11 Asia/Kolkata] PHP Notice:  Undefined variable: row in /var/www/html/erpm/Controller/get_site_master_controller.php on line 45
[03-Jan-2023 14:56:11 Asia/Kolkata] PHP Notice:  Trying to access array offset on value of type null in /var/www/html/erpm/Controller/get_site_master_controller.php on line 45
[03-Jan-2023 14:56:11 Asia/Kolkata] PHP Notice:  Undefined variable: row in /var/www/html/erpm/Controller/get_site_master_controller.php on line 45
[03-Jan-2023 14:56:11 Asia/Kolkata] PHP Notice:  Trying to access array offset on value of type null in /var/www/html/erpm/Controller/get_site_master_controller.php on line 45
[03-Jan-2023 14:56:11 Asia/Kolkata] PHP Notice:  Undefined variable: row in /var/www/html/erpm/Controller/get_site_master_controller.php on line 45
[03-Jan-2023 14:56:11 Asia/Kolkata] PHP Notice:  Trying to access array offset on value of type null in /var/www/html/erpm/Controller/get_site_master_controller.php on line 45
[03-Jan-2023 14:59:40 Asia/Kolkata] PHP Notice:  Undefined variable: row in /var/www/html/erpm/View/site_master.php on line 474
[03-Jan-2023 14:59:40 Asia/Kolkata] PHP Notice:  Trying to access array offset on value of type null in /var/www/html/erpm/View/site_master.php on line 474
[03-Jan-2023 14:59:40 Asia/Kolkata] PHP Notice:  Undefined variable: row in /var/www/html/erpm/View/site_master.php on line 476
[03-Jan-2023 14:59:40 Asia/Kolkata] PHP Notice:  Trying to access array offset on value of type null in /var/www/html/erpm/View/site_master.php on line 476
[03-Jan-2023 14:59:40 Asia/Kolkata] PHP Notice:  Undefined variable: row in /var/www/html/erpm/View/site_master.php on line 474
[03-Jan-2023 14:59:40 Asia/Kolkata] PHP Notice:  Trying to access array offset on value of type null in /var/www/html/erpm/View/site_master.php on line 474
[03-Jan-2023 14:59:40 Asia/Kolkata] PHP Notice:  Undefined variable: row in /var/www/html/erpm/View/site_master.php on line 476
[03-Jan-2023 14:59:40 Asia/Kolkata] PHP Notice:  Trying to access array offset on value of type null in /var/www/html/erpm/View/site_master.php on line 476
[03-Jan-2023 14:59:40 Asia/Kolkata] PHP Notice:  Undefined variable: row in /var/www/html/erpm/View/site_master.php on line 474
[03-Jan-2023 14:59:40 Asia/Kolkata] PHP Notice:  Trying to access array offset on value of type null in /var/www/html/erpm/View/site_master.php on line 474
[03-Jan-2023 14:59:40 Asia/Kolkata] PHP Notice:  Undefined variable: row in /var/www/html/erpm/View/site_master.php on line 476
[03-Jan-2023 14:59:40 Asia/Kolkata] PHP Notice:  Trying to access array offset on value of type null in /var/www/html/erpm/View/site_master.php on line 476
[03-Jan-2023 14:59:40 Asia/Kolkata] PHP Notice:  Undefined variable: row in /var/www/html/erpm/View/site_master.php on line 474
[03-Jan-2023 14:59:40 Asia/Kolkata] PHP Notice:  Trying to access array offset on value of type null in /var/www/html/erpm/View/site_master.php on line 474
[03-Jan-2023 14:59:40 Asia/Kolkata] PHP Notice:  Undefined variable: row in /var/www/html/erpm/View/site_master.php on line 476
[03-Jan-2023 14:59:40 Asia/Kolkata] PHP Notice:  Trying to access array offset on value of type null in /var/www/html/erpm/View/site_master.php on line 476
[03-Jan-2023 14:59:40 Asia/Kolkata] PHP Notice:  Undefined variable: row in /var/www/html/erpm/View/site_master.php on line 474
[03-Jan-2023 14:59:40 Asia/Kolkata] PHP Notice:  Trying to access array offset on value of type null in /var/www/html/erpm/View/site_master.php on line 474
[03-Jan-2023 14:59:40 Asia/Kolkata] PHP Notice:  Undefined variable: row in /var/www/html/erpm/View/site_master.php on line 476
[03-Jan-2023 14:59:40 Asia/Kolkata] PHP Notice:  Trying to access array offset on value of type null in /var/www/html/erpm/View/site_master.php on line 476
[03-Jan-2023 14:59:40 Asia/Kolkata] PHP Notice:  Undefined variable: row in /var/www/html/erpm/View/site_master.php on line 474
[03-Jan-2023 14:59:40 Asia/Kolkata] PHP Notice:  Trying to access array offset on value of type null in /var/www/html/erpm/View/site_master.php on line 474
[03-Jan-2023 14:59:40 Asia/Kolkata] PHP Notice:  Undefined variable: row in /var/www/html/erpm/View/site_master.php on line 476
[03-Jan-2023 14:59:40 Asia/Kolkata] PHP Notice:  Trying to access array offset on value of type null in /var/www/html/erpm/View/site_master.php on line 476
[03-Jan-2023 14:59:40 Asia/Kolkata] PHP Notice:  Undefined variable: row in /var/www/html/erpm/View/site_master.php on line 474
[03-Jan-2023 14:59:40 Asia/Kolkata] PHP Notice:  Trying to access array offset on value of type null in /var/www/html/erpm/View/site_master.php on line 474
[03-Jan-2023 14:59:40 Asia/Kolkata] PHP Notice:  Undefined variable: row in /var/www/html/erpm/View/site_master.php on line 476
[03-Jan-2023 14:59:40 Asia/Kolkata] PHP Notice:  Trying to access array offset on value of type null in /var/www/html/erpm/View/site_master.php on line 476
[03-Jan-2023 14:59:40 Asia/Kolkata] PHP Notice:  Undefined variable: row in /var/www/html/erpm/View/site_master.php on line 474
[03-Jan-2023 14:59:40 Asia/Kolkata] PHP Notice:  Trying to access array offset on value of type null in /var/www/html/erpm/View/site_master.php on line 474
[03-Jan-2023 14:59:40 Asia/Kolkata] PHP Notice:  Undefined variable: row in /var/www/html/erpm/View/site_master.php on line 476
[03-Jan-2023 14:59:40 Asia/Kolkata] PHP Notice:  Trying to access array offset on value of type null in /var/www/html/erpm/View/site_master.php on line 476
[03-Jan-2023 14:59:40 Asia/Kolkata] PHP Notice:  Undefined variable: row in /var/www/html/erpm/View/site_master.php on line 474
[03-Jan-2023 14:59:40 Asia/Kolkata] PHP Notice:  Trying to access array offset on value of type null in /var/www/html/erpm/View/site_master.php on line 474
[03-Jan-2023 14:59:40 Asia/Kolkata] PHP Notice:  Undefined variable: row in /var/www/html/erpm/View/site_master.php on line 476
[03-Jan-2023 14:59:40 Asia/Kolkata] PHP Notice:  Trying to access array offset on value of type null in /var/www/html/erpm/View/site_master.php on line 476
[03-Jan-2023 14:59:41 Asia/Kolkata] PHP Notice:  Undefined variable: row in /var/www/html/erpm/Controller/get_site_master_controller.php on line 45
[03-Jan-2023 14:59:41 Asia/Kolkata] PHP Notice:  Trying to access array offset on value of type null in /var/www/html/erpm/Controller/get_site_master_controller.php on line 45
[03-Jan-2023 14:59:41 Asia/Kolkata] PHP Notice:  Undefined variable: row in /var/www/html/erpm/Controller/get_site_master_controller.php on line 45
[03-Jan-2023 14:59:41 Asia/Kolkata] PHP Notice:  Trying to access array offset on value of type null in /var/www/html/erpm/Controller/get_site_master_controller.php on line 45
[03-Jan-2023 14:59:41 Asia/Kolkata] PHP Notice:  Undefined variable: row in /var/www/html/erpm/Controller/get_site_master_controller.php on line 45
[03-Jan-2023 14:59:41 Asia/Kolkata] PHP Notice:  Trying to access array offset on value of type null in /var/www/html/erpm/Controller/get_site_master_controller.php on line 45
[03-Jan-2023 14:59:41 Asia/Kolkata] PHP Notice:  Undefined variable: row in /var/www/html/erpm/Controller/get_site_master_controller.php on line 45
[03-Jan-2023 14:59:41 Asia/Kolkata] PHP Notice:  Trying to access array offset on value of type null in /var/www/html/erpm/Controller/get_site_master_controller.php on line 45
[03-Jan-2023 14:59:41 Asia/Kolkata] PHP Notice:  Undefined variable: row in /var/www/html/erpm/Controller/get_site_master_controller.php on line 45
[03-Jan-2023 14:59:41 Asia/Kolkata] PHP Notice:  Trying to access array offset on value of type null in /var/www/html/erpm/Controller/get_site_master_controller.php on line 45
[03-Jan-2023 14:59:41 Asia/Kolkata] PHP Notice:  Undefined variable: row in /var/www/html/erpm/Controller/get_site_master_controller.php on line 45
[03-Jan-2023 14:59:41 Asia/Kolkata] PHP Notice:  Trying to access array offset on value of type null in /var/www/html/erpm/Controller/get_site_master_controller.php on line 45
[03-Jan-2023 14:59:41 Asia/Kolkata] PHP Notice:  Undefined variable: row in /var/www/html/erpm/Controller/get_site_master_controller.php on line 45
[03-Jan-2023 14:59:41 Asia/Kolkata] PHP Notice:  Trying to access array offset on value of type null in /var/www/html/erpm/Controller/get_site_master_controller.php on line 45
[03-Jan-2023 14:59:41 Asia/Kolkata] PHP Notice:  Undefined variable: row in /var/www/html/erpm/Controller/get_site_master_controller.php on line 45
[03-Jan-2023 14:59:41 Asia/Kolkata] PHP Notice:  Trying to access array offset on value of type null in /var/www/html/erpm/Controller/get_site_master_controller.php on line 45
[03-Jan-2023 14:59:41 Asia/Kolkata] PHP Notice:  Undefined variable: row in /var/www/html/erpm/Controller/get_site_master_controller.php on line 45
[03-Jan-2023 14:59:41 Asia/Kolkata] PHP Notice:  Trying to access array offset on value of type null in /var/www/html/erpm/Controller/get_site_master_controller.php on line 45
[03-Jan-2023 14:59:47 Asia/Kolkata] PHP Notice:  Undefined variable: row in /var/www/html/erpm/Controller/get_site_master_controller.php on line 45
[03-Jan-2023 14:59:47 Asia/Kolkata] PHP Notice:  Trying to access array offset on value of type null in /var/www/html/erpm/Controller/get_site_master_controller.php on line 45
[03-Jan-2023 14:59:47 Asia/Kolkata] PHP Notice:  Undefined variable: row in /var/www/html/erpm/Controller/get_site_master_controller.php on line 45
[03-Jan-2023 14:59:47 Asia/Kolkata] PHP Notice:  Trying to access array offset on value of type null in /var/www/html/erpm/Controller/get_site_master_controller.php on line 45
[03-Jan-2023 14:59:47 Asia/Kolkata] PHP Notice:  Undefined variable: row in /var/www/html/erpm/Controller/get_site_master_controller.php on line 45
[03-Jan-2023 14:59:47 Asia/Kolkata] PHP Notice:  Trying to access array offset on value of type null in /var/www/html/erpm/Controller/get_site_master_controller.php on line 45
[03-Jan-2023 14:59:47 Asia/Kolkata] PHP Notice:  Undefined variable: row in /var/www/html/erpm/Controller/get_site_master_controller.php on line 45
[03-Jan-2023 14:59:47 Asia/Kolkata] PHP Notice:  Trying to access array offset on value of type null in /var/www/html/erpm/Controller/get_site_master_controller.php on line 45
[03-Jan-2023 14:59:47 Asia/Kolkata] PHP Notice:  Undefined variable: row in /var/www/html/erpm/Controller/get_site_master_controller.php on line 45
[03-Jan-2023 14:59:47 Asia/Kolkata] PHP Notice:  Trying to access array offset on value of type null in /var/www/html/erpm/Controller/get_site_master_controller.php on line 45
[03-Jan-2023 14:59:47 Asia/Kolkata] PHP Notice:  Undefined variable: row in /var/www/html/erpm/Controller/get_site_master_controller.php on line 45
[03-Jan-2023 14:59:47 Asia/Kolkata] PHP Notice:  Trying to access array offset on value of type null in /var/www/html/erpm/Controller/get_site_master_controller.php on line 45
[03-Jan-2023 14:59:47 Asia/Kolkata] PHP Notice:  Undefined variable: row in /var/www/html/erpm/Controller/get_site_master_controller.php on line 45
[03-Jan-2023 14:59:47 Asia/Kolkata] PHP Notice:  Trying to access array offset on value of type null in /var/www/html/erpm/Controller/get_site_master_controller.php on line 45
[03-Jan-2023 14:59:47 Asia/Kolkata] PHP Notice:  Undefined variable: row in /var/www/html/erpm/Controller/get_site_master_controller.php on line 45
[03-Jan-2023 14:59:47 Asia/Kolkata] PHP Notice:  Trying to access array offset on value of type null in /var/www/html/erpm/Controller/get_site_master_controller.php on line 45
[03-Jan-2023 14:59:47 Asia/Kolkata] PHP Notice:  Undefined variable: row in /var/www/html/erpm/Controller/get_site_master_controller.php on line 45
[03-Jan-2023 14:59:47 Asia/Kolkata] PHP Notice:  Trying to access array offset on value of type null in /var/www/html/erpm/Controller/get_site_master_controller.php on line 45
