[16-Jan-2023 18:04:32 Asia/Kolkata] PHP Warning:  Undefined array key "travel_date" in C:\wamp64\www\emsdemo\View\expenses.php on line 60
[16-Jan-2023 18:04:32 Asia/Kolkata] PHP Stack trace:
[16-Jan-2023 18:04:32 Asia/Kolkata] PHP   1. {main}() C:\wamp64\www\emsdemo\View\expenses.php:0
[16-Jan-2023 18:04:32 Asia/Kolkata] PHP Warning:  Undefined array key "placeFrom" in C:\wamp64\www\emsdemo\View\expenses.php on line 61
[16-Jan-2023 18:04:32 Asia/Kolkata] PHP Stack trace:
[16-Jan-2023 18:04:32 Asia/Kolkata] PHP   1. {main}() C:\wamp64\www\emsdemo\View\expenses.php:0
[16-Jan-2023 18:04:32 Asia/Kolkata] PHP Warning:  Undefined array key "placeTO" in C:\wamp64\www\emsdemo\View\expenses.php on line 62
[16-Jan-2023 18:04:32 Asia/Kolkata] PHP Stack trace:
[16-Jan-2023 18:04:32 Asia/Kolkata] PHP   1. {main}() C:\wamp64\www\emsdemo\View\expenses.php:0
[16-Jan-2023 18:04:33 Asia/Kolkata] PHP Warning:  Undefined array key "modeOftravel" in C:\wamp64\www\emsdemo\View\expenses.php on line 63
[16-Jan-2023 18:04:33 Asia/Kolkata] PHP Stack trace:
[16-Jan-2023 18:04:33 Asia/Kolkata] PHP   1. {main}() C:\wamp64\www\emsdemo\View\expenses.php:0
[16-Jan-2023 18:04:33 Asia/Kolkata] PHP Warning:  Undefined array key "receipt_no" in C:\wamp64\www\emsdemo\View\expenses.php on line 66
[16-Jan-2023 18:04:33 Asia/Kolkata] PHP Stack trace:
[16-Jan-2023 18:04:33 Asia/Kolkata] PHP   1. {main}() C:\wamp64\www\emsdemo\View\expenses.php:0
[16-Jan-2023 18:04:33 Asia/Kolkata] PHP Warning:  Undefined array key "remarks" in C:\wamp64\www\emsdemo\View\expenses.php on line 68
[16-Jan-2023 18:04:33 Asia/Kolkata] PHP Stack trace:
[16-Jan-2023 18:04:33 Asia/Kolkata] PHP   1. {main}() C:\wamp64\www\emsdemo\View\expenses.php:0
[16-Jan-2023 18:04:33 Asia/Kolkata] PHP Warning:  Undefined array key "returnDate" in C:\wamp64\www\emsdemo\View\expenses.php on line 74
[16-Jan-2023 18:04:33 Asia/Kolkata] PHP Stack trace:
[16-Jan-2023 18:04:33 Asia/Kolkata] PHP   1. {main}() C:\wamp64\www\emsdemo\View\expenses.php:0
[16-Jan-2023 18:04:33 Asia/Kolkata] PHP Warning:  Undefined array key "car_km" in C:\wamp64\www\emsdemo\View\expenses.php on line 75
[16-Jan-2023 18:04:33 Asia/Kolkata] PHP Stack trace:
[16-Jan-2023 18:04:33 Asia/Kolkata] PHP   1. {main}() C:\wamp64\www\emsdemo\View\expenses.php:0
