[02-Jan-2023 18:04:05 Asia/Kolkata] PHP Notice:  Undefined index: __user_logid in /var/www/html/erpm/AppCode/nHead.php on line 2
[02-Jan-2023 18:04:07 Asia/Kolkata] PHP Warning:  mysqli_stmt::bind_param(): Number of elements in type definition string doesn't match number of bind variables in /var/www/html/erpm/Controller/ConLog.php on line 464
[02-Jan-2023 18:04:09 Asia/Kolkata] PHP Notice:  Trying to access array offset on value of type null in /var/www/html/erpm/View/index.php on line 346
[02-Jan-2023 18:04:15 Asia/Kolkata] PHP Notice:  Undefined variable: row in /var/www/html/erpm/View/site_master.php on line 479
[02-Jan-2023 18:04:15 Asia/Kolkata] PHP Notice:  Trying to access array offset on value of type null in /var/www/html/erpm/View/site_master.php on line 479
[02-Jan-2023 18:04:15 Asia/Kolkata] PHP Notice:  Undefined variable: row in /var/www/html/erpm/View/site_master.php on line 481
[02-Jan-2023 18:04:15 Asia/Kolkata] PHP Notice:  Trying to access array offset on value of type null in /var/www/html/erpm/View/site_master.php on line 481
[02-Jan-2023 18:04:15 Asia/Kolkata] PHP Notice:  Undefined variable: row in /var/www/html/erpm/View/site_master.php on line 479
[02-Jan-2023 18:04:15 Asia/Kolkata] PHP Notice:  Trying to access array offset on value of type null in /var/www/html/erpm/View/site_master.php on line 479
[02-Jan-2023 18:04:15 Asia/Kolkata] PHP Notice:  Undefined variable: row in /var/www/html/erpm/View/site_master.php on line 481
[02-Jan-2023 18:04:15 Asia/Kolkata] PHP Notice:  Trying to access array offset on value of type null in /var/www/html/erpm/View/site_master.php on line 481
[02-Jan-2023 18:04:15 Asia/Kolkata] PHP Notice:  Undefined variable: row in /var/www/html/erpm/View/site_master.php on line 479
[02-Jan-2023 18:04:15 Asia/Kolkata] PHP Notice:  Trying to access array offset on value of type null in /var/www/html/erpm/View/site_master.php on line 479
[02-Jan-2023 18:04:15 Asia/Kolkata] PHP Notice:  Undefined variable: row in /var/www/html/erpm/View/site_master.php on line 481
[02-Jan-2023 18:04:15 Asia/Kolkata] PHP Notice:  Trying to access array offset on value of type null in /var/www/html/erpm/View/site_master.php on line 481
[02-Jan-2023 18:04:15 Asia/Kolkata] PHP Notice:  Undefined variable: row in /var/www/html/erpm/View/site_master.php on line 479
[02-Jan-2023 18:04:15 Asia/Kolkata] PHP Notice:  Trying to access array offset on value of type null in /var/www/html/erpm/View/site_master.php on line 479
[02-Jan-2023 18:04:15 Asia/Kolkata] PHP Notice:  Undefined variable: row in /var/www/html/erpm/View/site_master.php on line 481
[02-Jan-2023 18:04:15 Asia/Kolkata] PHP Notice:  Trying to access array offset on value of type null in /var/www/html/erpm/View/site_master.php on line 481
[02-Jan-2023 18:04:15 Asia/Kolkata] PHP Notice:  Undefined variable: row in /var/www/html/erpm/View/site_master.php on line 479
[02-Jan-2023 18:04:15 Asia/Kolkata] PHP Notice:  Trying to access array offset on value of type null in /var/www/html/erpm/View/site_master.php on line 479
[02-Jan-2023 18:04:15 Asia/Kolkata] PHP Notice:  Undefined variable: row in /var/www/html/erpm/View/site_master.php on line 481
[02-Jan-2023 18:04:15 Asia/Kolkata] PHP Notice:  Trying to access array offset on value of type null in /var/www/html/erpm/View/site_master.php on line 481
[02-Jan-2023 18:04:15 Asia/Kolkata] PHP Notice:  Undefined variable: row in /var/www/html/erpm/View/site_master.php on line 479
[02-Jan-2023 18:04:15 Asia/Kolkata] PHP Notice:  Trying to access array offset on value of type null in /var/www/html/erpm/View/site_master.php on line 479
[02-Jan-2023 18:04:15 Asia/Kolkata] PHP Notice:  Undefined variable: row in /var/www/html/erpm/View/site_master.php on line 481
[02-Jan-2023 18:04:15 Asia/Kolkata] PHP Notice:  Trying to access array offset on value of type null in /var/www/html/erpm/View/site_master.php on line 481
[02-Jan-2023 18:04:16 Asia/Kolkata] PHP Notice:  Undefined variable: row in /var/www/html/erpm/Controller/get_site_master_controller.php on line 45
[02-Jan-2023 18:04:16 Asia/Kolkata] PHP Notice:  Trying to access array offset on value of type null in /var/www/html/erpm/Controller/get_site_master_controller.php on line 45
[02-Jan-2023 18:04:16 Asia/Kolkata] PHP Notice:  Undefined variable: row in /var/www/html/erpm/Controller/get_site_master_controller.php on line 45
[02-Jan-2023 18:04:16 Asia/Kolkata] PHP Notice:  Trying to access array offset on value of type null in /var/www/html/erpm/Controller/get_site_master_controller.php on line 45
[02-Jan-2023 18:04:16 Asia/Kolkata] PHP Notice:  Undefined variable: row in /var/www/html/erpm/Controller/get_site_master_controller.php on line 45
[02-Jan-2023 18:04:16 Asia/Kolkata] PHP Notice:  Trying to access array offset on value of type null in /var/www/html/erpm/Controller/get_site_master_controller.php on line 45
[02-Jan-2023 18:04:16 Asia/Kolkata] PHP Notice:  Undefined variable: row in /var/www/html/erpm/Controller/get_site_master_controller.php on line 45
[02-Jan-2023 18:04:16 Asia/Kolkata] PHP Notice:  Trying to access array offset on value of type null in /var/www/html/erpm/Controller/get_site_master_controller.php on line 45
[02-Jan-2023 18:04:16 Asia/Kolkata] PHP Notice:  Undefined variable: row in /var/www/html/erpm/Controller/get_site_master_controller.php on line 45
[02-Jan-2023 18:04:16 Asia/Kolkata] PHP Notice:  Trying to access array offset on value of type null in /var/www/html/erpm/Controller/get_site_master_controller.php on line 45
[02-Jan-2023 18:04:16 Asia/Kolkata] PHP Notice:  Undefined variable: row in /var/www/html/erpm/Controller/get_site_master_controller.php on line 45
[02-Jan-2023 18:04:16 Asia/Kolkata] PHP Notice:  Trying to access array offset on value of type null in /var/www/html/erpm/Controller/get_site_master_controller.php on line 45
[02-Jan-2023 18:04:56 Asia/Kolkata] PHP Notice:  Undefined variable: row in /var/www/html/erpm/View/site_master.php on line 479
[02-Jan-2023 18:04:56 Asia/Kolkata] PHP Notice:  Trying to access array offset on value of type null in /var/www/html/erpm/View/site_master.php on line 479
[02-Jan-2023 18:04:56 Asia/Kolkata] PHP Notice:  Undefined variable: row in /var/www/html/erpm/View/site_master.php on line 481
[02-Jan-2023 18:04:56 Asia/Kolkata] PHP Notice:  Trying to access array offset on value of type null in /var/www/html/erpm/View/site_master.php on line 481
[02-Jan-2023 18:04:56 Asia/Kolkata] PHP Notice:  Undefined variable: row in /var/www/html/erpm/View/site_master.php on line 479
[02-Jan-2023 18:04:56 Asia/Kolkata] PHP Notice:  Trying to access array offset on value of type null in /var/www/html/erpm/View/site_master.php on line 479
[02-Jan-2023 18:04:56 Asia/Kolkata] PHP Notice:  Undefined variable: row in /var/www/html/erpm/View/site_master.php on line 481
[02-Jan-2023 18:04:56 Asia/Kolkata] PHP Notice:  Trying to access array offset on value of type null in /var/www/html/erpm/View/site_master.php on line 481
[02-Jan-2023 18:04:56 Asia/Kolkata] PHP Notice:  Undefined variable: row in /var/www/html/erpm/View/site_master.php on line 479
[02-Jan-2023 18:04:56 Asia/Kolkata] PHP Notice:  Trying to access array offset on value of type null in /var/www/html/erpm/View/site_master.php on line 479
[02-Jan-2023 18:04:56 Asia/Kolkata] PHP Notice:  Undefined variable: row in /var/www/html/erpm/View/site_master.php on line 481
[02-Jan-2023 18:04:56 Asia/Kolkata] PHP Notice:  Trying to access array offset on value of type null in /var/www/html/erpm/View/site_master.php on line 481
[02-Jan-2023 18:04:56 Asia/Kolkata] PHP Notice:  Undefined variable: row in /var/www/html/erpm/View/site_master.php on line 479
[02-Jan-2023 18:04:56 Asia/Kolkata] PHP Notice:  Trying to access array offset on value of type null in /var/www/html/erpm/View/site_master.php on line 479
[02-Jan-2023 18:04:56 Asia/Kolkata] PHP Notice:  Undefined variable: row in /var/www/html/erpm/View/site_master.php on line 481
[02-Jan-2023 18:04:56 Asia/Kolkata] PHP Notice:  Trying to access array offset on value of type null in /var/www/html/erpm/View/site_master.php on line 481
[02-Jan-2023 18:04:56 Asia/Kolkata] PHP Notice:  Undefined variable: row in /var/www/html/erpm/View/site_master.php on line 479
[02-Jan-2023 18:04:56 Asia/Kolkata] PHP Notice:  Trying to access array offset on value of type null in /var/www/html/erpm/View/site_master.php on line 479
[02-Jan-2023 18:04:56 Asia/Kolkata] PHP Notice:  Undefined variable: row in /var/www/html/erpm/View/site_master.php on line 481
[02-Jan-2023 18:04:56 Asia/Kolkata] PHP Notice:  Trying to access array offset on value of type null in /var/www/html/erpm/View/site_master.php on line 481
[02-Jan-2023 18:04:56 Asia/Kolkata] PHP Notice:  Undefined variable: row in /var/www/html/erpm/View/site_master.php on line 479
[02-Jan-2023 18:04:56 Asia/Kolkata] PHP Notice:  Trying to access array offset on value of type null in /var/www/html/erpm/View/site_master.php on line 479
[02-Jan-2023 18:04:56 Asia/Kolkata] PHP Notice:  Undefined variable: row in /var/www/html/erpm/View/site_master.php on line 481
[02-Jan-2023 18:04:56 Asia/Kolkata] PHP Notice:  Trying to access array offset on value of type null in /var/www/html/erpm/View/site_master.php on line 481
[02-Jan-2023 18:04:56 Asia/Kolkata] PHP Notice:  Undefined variable: row in /var/www/html/erpm/View/site_master.php on line 479
[02-Jan-2023 18:04:56 Asia/Kolkata] PHP Notice:  Trying to access array offset on value of type null in /var/www/html/erpm/View/site_master.php on line 479
[02-Jan-2023 18:04:56 Asia/Kolkata] PHP Notice:  Undefined variable: row in /var/www/html/erpm/View/site_master.php on line 481
[02-Jan-2023 18:04:56 Asia/Kolkata] PHP Notice:  Trying to access array offset on value of type null in /var/www/html/erpm/View/site_master.php on line 481
[02-Jan-2023 18:04:56 Asia/Kolkata] PHP Notice:  Undefined variable: row in /var/www/html/erpm/Controller/get_site_master_controller.php on line 45
[02-Jan-2023 18:04:56 Asia/Kolkata] PHP Notice:  Trying to access array offset on value of type null in /var/www/html/erpm/Controller/get_site_master_controller.php on line 45
[02-Jan-2023 18:04:56 Asia/Kolkata] PHP Notice:  Undefined variable: row in /var/www/html/erpm/Controller/get_site_master_controller.php on line 45
[02-Jan-2023 18:04:56 Asia/Kolkata] PHP Notice:  Trying to access array offset on value of type null in /var/www/html/erpm/Controller/get_site_master_controller.php on line 45
[02-Jan-2023 18:04:56 Asia/Kolkata] PHP Notice:  Undefined variable: row in /var/www/html/erpm/Controller/get_site_master_controller.php on line 45
[02-Jan-2023 18:04:56 Asia/Kolkata] PHP Notice:  Trying to access array offset on value of type null in /var/www/html/erpm/Controller/get_site_master_controller.php on line 45
[02-Jan-2023 18:04:56 Asia/Kolkata] PHP Notice:  Undefined variable: row in /var/www/html/erpm/Controller/get_site_master_controller.php on line 45
[02-Jan-2023 18:04:56 Asia/Kolkata] PHP Notice:  Trying to access array offset on value of type null in /var/www/html/erpm/Controller/get_site_master_controller.php on line 45
[02-Jan-2023 18:04:56 Asia/Kolkata] PHP Notice:  Undefined variable: row in /var/www/html/erpm/Controller/get_site_master_controller.php on line 45
[02-Jan-2023 18:04:56 Asia/Kolkata] PHP Notice:  Trying to access array offset on value of type null in /var/www/html/erpm/Controller/get_site_master_controller.php on line 45
[02-Jan-2023 18:04:56 Asia/Kolkata] PHP Notice:  Undefined variable: row in /var/www/html/erpm/Controller/get_site_master_controller.php on line 45
[02-Jan-2023 18:04:56 Asia/Kolkata] PHP Notice:  Trying to access array offset on value of type null in /var/www/html/erpm/Controller/get_site_master_controller.php on line 45
[02-Jan-2023 18:04:56 Asia/Kolkata] PHP Notice:  Undefined variable: row in /var/www/html/erpm/Controller/get_site_master_controller.php on line 45
[02-Jan-2023 18:04:56 Asia/Kolkata] PHP Notice:  Trying to access array offset on value of type null in /var/www/html/erpm/Controller/get_site_master_controller.php on line 45
[02-Jan-2023 18:05:38 Asia/Kolkata] PHP Warning:  A non-numeric value encountered in /var/www/html/erpm/View/site_master.php on line 152
[02-Jan-2023 18:05:39 Asia/Kolkata] PHP Notice:  Undefined variable: row in /var/www/html/erpm/Controller/get_site_master_controller.php on line 45
[02-Jan-2023 18:05:39 Asia/Kolkata] PHP Notice:  Trying to access array offset on value of type null in /var/www/html/erpm/Controller/get_site_master_controller.php on line 45
[02-Jan-2023 18:05:39 Asia/Kolkata] PHP Notice:  Undefined variable: row in /var/www/html/erpm/Controller/get_site_master_controller.php on line 45
[02-Jan-2023 18:05:39 Asia/Kolkata] PHP Notice:  Trying to access array offset on value of type null in /var/www/html/erpm/Controller/get_site_master_controller.php on line 45
[02-Jan-2023 18:05:39 Asia/Kolkata] PHP Notice:  Undefined variable: row in /var/www/html/erpm/Controller/get_site_master_controller.php on line 45
[02-Jan-2023 18:05:39 Asia/Kolkata] PHP Notice:  Trying to access array offset on value of type null in /var/www/html/erpm/Controller/get_site_master_controller.php on line 45
[02-Jan-2023 18:05:39 Asia/Kolkata] PHP Notice:  Undefined variable: row in /var/www/html/erpm/Controller/get_site_master_controller.php on line 45
[02-Jan-2023 18:05:39 Asia/Kolkata] PHP Notice:  Trying to access array offset on value of type null in /var/www/html/erpm/Controller/get_site_master_controller.php on line 45
[02-Jan-2023 18:05:39 Asia/Kolkata] PHP Notice:  Undefined variable: row in /var/www/html/erpm/Controller/get_site_master_controller.php on line 45
[02-Jan-2023 18:05:39 Asia/Kolkata] PHP Notice:  Trying to access array offset on value of type null in /var/www/html/erpm/Controller/get_site_master_controller.php on line 45
[02-Jan-2023 18:05:39 Asia/Kolkata] PHP Notice:  Undefined variable: row in /var/www/html/erpm/Controller/get_site_master_controller.php on line 45
[02-Jan-2023 18:05:39 Asia/Kolkata] PHP Notice:  Trying to access array offset on value of type null in /var/www/html/erpm/Controller/get_site_master_controller.php on line 45
[02-Jan-2023 18:05:39 Asia/Kolkata] PHP Notice:  Undefined variable: row in /var/www/html/erpm/Controller/get_site_master_controller.php on line 45
[02-Jan-2023 18:05:39 Asia/Kolkata] PHP Notice:  Trying to access array offset on value of type null in /var/www/html/erpm/Controller/get_site_master_controller.php on line 45
[02-Jan-2023 18:07:13 Asia/Kolkata] PHP Warning:  A non-numeric value encountered in /var/www/html/erpm/View/site_master.php on line 152
[02-Jan-2023 18:07:13 Asia/Kolkata] PHP Notice:  Undefined variable: row in /var/www/html/erpm/Controller/get_site_master_controller.php on line 45
[02-Jan-2023 18:07:13 Asia/Kolkata] PHP Notice:  Trying to access array offset on value of type null in /var/www/html/erpm/Controller/get_site_master_controller.php on line 45
[02-Jan-2023 18:07:13 Asia/Kolkata] PHP Notice:  Undefined variable: row in /var/www/html/erpm/Controller/get_site_master_controller.php on line 45
[02-Jan-2023 18:07:13 Asia/Kolkata] PHP Notice:  Trying to access array offset on value of type null in /var/www/html/erpm/Controller/get_site_master_controller.php on line 45
[02-Jan-2023 18:07:13 Asia/Kolkata] PHP Notice:  Undefined variable: row in /var/www/html/erpm/Controller/get_site_master_controller.php on line 45
[02-Jan-2023 18:07:13 Asia/Kolkata] PHP Notice:  Trying to access array offset on value of type null in /var/www/html/erpm/Controller/get_site_master_controller.php on line 45
[02-Jan-2023 18:07:13 Asia/Kolkata] PHP Notice:  Undefined variable: row in /var/www/html/erpm/Controller/get_site_master_controller.php on line 45
[02-Jan-2023 18:07:13 Asia/Kolkata] PHP Notice:  Trying to access array offset on value of type null in /var/www/html/erpm/Controller/get_site_master_controller.php on line 45
[02-Jan-2023 18:07:13 Asia/Kolkata] PHP Notice:  Undefined variable: row in /var/www/html/erpm/Controller/get_site_master_controller.php on line 45
[02-Jan-2023 18:07:13 Asia/Kolkata] PHP Notice:  Trying to access array offset on value of type null in /var/www/html/erpm/Controller/get_site_master_controller.php on line 45
[02-Jan-2023 18:07:13 Asia/Kolkata] PHP Notice:  Undefined variable: row in /var/www/html/erpm/Controller/get_site_master_controller.php on line 45
[02-Jan-2023 18:07:13 Asia/Kolkata] PHP Notice:  Trying to access array offset on value of type null in /var/www/html/erpm/Controller/get_site_master_controller.php on line 45
[02-Jan-2023 18:07:13 Asia/Kolkata] PHP Notice:  Undefined variable: row in /var/www/html/erpm/Controller/get_site_master_controller.php on line 45
[02-Jan-2023 18:07:13 Asia/Kolkata] PHP Notice:  Trying to access array offset on value of type null in /var/www/html/erpm/Controller/get_site_master_controller.php on line 45
[02-Jan-2023 18:07:40 Asia/Kolkata] PHP Warning:  A non-numeric value encountered in /var/www/html/erpm/View/site_master.php on line 152
[02-Jan-2023 18:07:40 Asia/Kolkata] PHP Notice:  Undefined variable: row in /var/www/html/erpm/Controller/get_site_master_controller.php on line 45
[02-Jan-2023 18:07:40 Asia/Kolkata] PHP Notice:  Trying to access array offset on value of type null in /var/www/html/erpm/Controller/get_site_master_controller.php on line 45
[02-Jan-2023 18:07:40 Asia/Kolkata] PHP Notice:  Undefined variable: row in /var/www/html/erpm/Controller/get_site_master_controller.php on line 45
[02-Jan-2023 18:07:40 Asia/Kolkata] PHP Notice:  Trying to access array offset on value of type null in /var/www/html/erpm/Controller/get_site_master_controller.php on line 45
[02-Jan-2023 18:07:40 Asia/Kolkata] PHP Notice:  Undefined variable: row in /var/www/html/erpm/Controller/get_site_master_controller.php on line 45
[02-Jan-2023 18:07:40 Asia/Kolkata] PHP Notice:  Trying to access array offset on value of type null in /var/www/html/erpm/Controller/get_site_master_controller.php on line 45
[02-Jan-2023 18:07:40 Asia/Kolkata] PHP Notice:  Undefined variable: row in /var/www/html/erpm/Controller/get_site_master_controller.php on line 45
[02-Jan-2023 18:07:40 Asia/Kolkata] PHP Notice:  Trying to access array offset on value of type null in /var/www/html/erpm/Controller/get_site_master_controller.php on line 45
[02-Jan-2023 18:07:40 Asia/Kolkata] PHP Notice:  Undefined variable: row in /var/www/html/erpm/Controller/get_site_master_controller.php on line 45
[02-Jan-2023 18:07:40 Asia/Kolkata] PHP Notice:  Trying to access array offset on value of type null in /var/www/html/erpm/Controller/get_site_master_controller.php on line 45
[02-Jan-2023 18:07:40 Asia/Kolkata] PHP Notice:  Undefined variable: row in /var/www/html/erpm/Controller/get_site_master_controller.php on line 45
[02-Jan-2023 18:07:40 Asia/Kolkata] PHP Notice:  Trying to access array offset on value of type null in /var/www/html/erpm/Controller/get_site_master_controller.php on line 45
[02-Jan-2023 18:07:40 Asia/Kolkata] PHP Notice:  Undefined variable: row in /var/www/html/erpm/Controller/get_site_master_controller.php on line 45
[02-Jan-2023 18:07:40 Asia/Kolkata] PHP Notice:  Trying to access array offset on value of type null in /var/www/html/erpm/Controller/get_site_master_controller.php on line 45
[02-Jan-2023 18:09:27 Asia/Kolkata] PHP Notice:  Undefined variable: row in /var/www/html/erpm/View/site_master.php on line 479
[02-Jan-2023 18:09:27 Asia/Kolkata] PHP Notice:  Trying to access array offset on value of type null in /var/www/html/erpm/View/site_master.php on line 479
[02-Jan-2023 18:09:27 Asia/Kolkata] PHP Notice:  Undefined variable: row in /var/www/html/erpm/View/site_master.php on line 481
[02-Jan-2023 18:09:27 Asia/Kolkata] PHP Notice:  Trying to access array offset on value of type null in /var/www/html/erpm/View/site_master.php on line 481
[02-Jan-2023 18:09:27 Asia/Kolkata] PHP Notice:  Undefined variable: row in /var/www/html/erpm/View/site_master.php on line 479
[02-Jan-2023 18:09:27 Asia/Kolkata] PHP Notice:  Trying to access array offset on value of type null in /var/www/html/erpm/View/site_master.php on line 479
[02-Jan-2023 18:09:27 Asia/Kolkata] PHP Notice:  Undefined variable: row in /var/www/html/erpm/View/site_master.php on line 481
[02-Jan-2023 18:09:27 Asia/Kolkata] PHP Notice:  Trying to access array offset on value of type null in /var/www/html/erpm/View/site_master.php on line 481
[02-Jan-2023 18:09:27 Asia/Kolkata] PHP Notice:  Undefined variable: row in /var/www/html/erpm/View/site_master.php on line 479
[02-Jan-2023 18:09:27 Asia/Kolkata] PHP Notice:  Trying to access array offset on value of type null in /var/www/html/erpm/View/site_master.php on line 479
[02-Jan-2023 18:09:27 Asia/Kolkata] PHP Notice:  Undefined variable: row in /var/www/html/erpm/View/site_master.php on line 481
[02-Jan-2023 18:09:27 Asia/Kolkata] PHP Notice:  Trying to access array offset on value of type null in /var/www/html/erpm/View/site_master.php on line 481
[02-Jan-2023 18:09:27 Asia/Kolkata] PHP Notice:  Undefined variable: row in /var/www/html/erpm/View/site_master.php on line 479
[02-Jan-2023 18:09:27 Asia/Kolkata] PHP Notice:  Trying to access array offset on value of type null in /var/www/html/erpm/View/site_master.php on line 479
[02-Jan-2023 18:09:27 Asia/Kolkata] PHP Notice:  Undefined variable: row in /var/www/html/erpm/View/site_master.php on line 481
[02-Jan-2023 18:09:27 Asia/Kolkata] PHP Notice:  Trying to access array offset on value of type null in /var/www/html/erpm/View/site_master.php on line 481
[02-Jan-2023 18:09:27 Asia/Kolkata] PHP Notice:  Undefined variable: row in /var/www/html/erpm/View/site_master.php on line 479
[02-Jan-2023 18:09:27 Asia/Kolkata] PHP Notice:  Trying to access array offset on value of type null in /var/www/html/erpm/View/site_master.php on line 479
[02-Jan-2023 18:09:27 Asia/Kolkata] PHP Notice:  Undefined variable: row in /var/www/html/erpm/View/site_master.php on line 481
[02-Jan-2023 18:09:27 Asia/Kolkata] PHP Notice:  Trying to access array offset on value of type null in /var/www/html/erpm/View/site_master.php on line 481
[02-Jan-2023 18:09:27 Asia/Kolkata] PHP Notice:  Undefined variable: row in /var/www/html/erpm/View/site_master.php on line 479
[02-Jan-2023 18:09:27 Asia/Kolkata] PHP Notice:  Trying to access array offset on value of type null in /var/www/html/erpm/View/site_master.php on line 479
[02-Jan-2023 18:09:27 Asia/Kolkata] PHP Notice:  Undefined variable: row in /var/www/html/erpm/View/site_master.php on line 481
[02-Jan-2023 18:09:27 Asia/Kolkata] PHP Notice:  Trying to access array offset on value of type null in /var/www/html/erpm/View/site_master.php on line 481
[02-Jan-2023 18:09:27 Asia/Kolkata] PHP Notice:  Undefined variable: row in /var/www/html/erpm/View/site_master.php on line 479
[02-Jan-2023 18:09:27 Asia/Kolkata] PHP Notice:  Trying to access array offset on value of type null in /var/www/html/erpm/View/site_master.php on line 479
[02-Jan-2023 18:09:27 Asia/Kolkata] PHP Notice:  Undefined variable: row in /var/www/html/erpm/View/site_master.php on line 481
[02-Jan-2023 18:09:27 Asia/Kolkata] PHP Notice:  Trying to access array offset on value of type null in /var/www/html/erpm/View/site_master.php on line 481
[02-Jan-2023 18:09:27 Asia/Kolkata] PHP Notice:  Undefined variable: row in /var/www/html/erpm/Controller/get_site_master_controller.php on line 45
[02-Jan-2023 18:09:27 Asia/Kolkata] PHP Notice:  Trying to access array offset on value of type null in /var/www/html/erpm/Controller/get_site_master_controller.php on line 45
[02-Jan-2023 18:09:27 Asia/Kolkata] PHP Notice:  Undefined variable: row in /var/www/html/erpm/Controller/get_site_master_controller.php on line 45
[02-Jan-2023 18:09:27 Asia/Kolkata] PHP Notice:  Trying to access array offset on value of type null in /var/www/html/erpm/Controller/get_site_master_controller.php on line 45
[02-Jan-2023 18:09:27 Asia/Kolkata] PHP Notice:  Undefined variable: row in /var/www/html/erpm/Controller/get_site_master_controller.php on line 45
[02-Jan-2023 18:09:27 Asia/Kolkata] PHP Notice:  Trying to access array offset on value of type null in /var/www/html/erpm/Controller/get_site_master_controller.php on line 45
[02-Jan-2023 18:09:27 Asia/Kolkata] PHP Notice:  Undefined variable: row in /var/www/html/erpm/Controller/get_site_master_controller.php on line 45
[02-Jan-2023 18:09:27 Asia/Kolkata] PHP Notice:  Trying to access array offset on value of type null in /var/www/html/erpm/Controller/get_site_master_controller.php on line 45
[02-Jan-2023 18:09:27 Asia/Kolkata] PHP Notice:  Undefined variable: row in /var/www/html/erpm/Controller/get_site_master_controller.php on line 45
[02-Jan-2023 18:09:27 Asia/Kolkata] PHP Notice:  Trying to access array offset on value of type null in /var/www/html/erpm/Controller/get_site_master_controller.php on line 45
[02-Jan-2023 18:09:27 Asia/Kolkata] PHP Notice:  Undefined variable: row in /var/www/html/erpm/Controller/get_site_master_controller.php on line 45
[02-Jan-2023 18:09:27 Asia/Kolkata] PHP Notice:  Trying to access array offset on value of type null in /var/www/html/erpm/Controller/get_site_master_controller.php on line 45
[02-Jan-2023 18:09:27 Asia/Kolkata] PHP Notice:  Undefined variable: row in /var/www/html/erpm/Controller/get_site_master_controller.php on line 45
[02-Jan-2023 18:09:27 Asia/Kolkata] PHP Notice:  Trying to access array offset on value of type null in /var/www/html/erpm/Controller/get_site_master_controller.php on line 45
[02-Jan-2023 18:15:50 Asia/Kolkata] PHP Notice:  Undefined index: __user_logid in /var/www/html/erpm/AppCode/nHead.php on line 2
[02-Jan-2023 18:15:55 Asia/Kolkata] PHP Notice:  Undefined index: __user_logid in /var/www/html/erpm/AppCode/nHead.php on line 2
[02-Jan-2023 18:16:57 Asia/Kolkata] PHP Warning:  mysqli_stmt::bind_param(): Number of elements in type definition string doesn't match number of bind variables in /var/www/html/erpm/Controller/ConLog.php on line 464
[02-Jan-2023 18:16:57 Asia/Kolkata] PHP Notice:  Undefined index: to in /var/www/html/erpm/View/calcRange.php on line 42
[02-Jan-2023 18:16:58 Asia/Kolkata] PHP Notice:  Object of class mysqli_result could not be converted to int in /var/www/html/erpm/View/calcRange.php on line 412
[02-Jan-2023 18:16:58 Asia/Kolkata] PHP Notice:  Undefined index: 2023-01-01 in /var/www/html/erpm/View/calcRange.php on line 583
[02-Jan-2023 18:16:58 Asia/Kolkata] PHP Notice:  Undefined index: 2023-01-01 in /var/www/html/erpm/View/calcRange.php on line 932
[02-Jan-2023 18:16:58 Asia/Kolkata] PHP Notice:  Undefined index: 2023-01-01 in /var/www/html/erpm/View/calcRange.php on line 1225
[02-Jan-2023 18:16:58 Asia/Kolkata] PHP Notice:  Undefined index: 2023-01-01 in /var/www/html/erpm/View/calcRange.php on line 1516
[02-Jan-2023 18:16:58 Asia/Kolkata] PHP Notice:  Array to string conversion in /var/www/html/erpm/View/calcRange.php on line 1559
[02-Jan-2023 18:16:59 Asia/Kolkata] PHP Warning:  mysqli_stmt::bind_param(): Number of elements in type definition string doesn't match number of bind variables in /var/www/html/erpm/Controller/ConLog.php on line 464
[02-Jan-2023 18:17:21 Asia/Kolkata] PHP Notice:  Trying to access array offset on value of type null in /var/www/html/erpm/View/index.php on line 346
[02-Jan-2023 18:17:48 Asia/Kolkata] PHP Notice:  Trying to access array offset on value of type null in /var/www/html/erpm/View/index.php on line 346
[02-Jan-2023 18:18:27 Asia/Kolkata] PHP Notice:  Undefined index: __user_logid in /var/www/html/erpm/AppCode/nHead.php on line 2
[02-Jan-2023 18:18:29 Asia/Kolkata] PHP Warning:  mysqli_stmt::bind_param(): Number of elements in type definition string doesn't match number of bind variables in /var/www/html/erpm/Controller/ConLog.php on line 464
[02-Jan-2023 18:18:29 Asia/Kolkata] PHP Notice:  Trying to access array offset on value of type null in /var/www/html/erpm/View/index.php on line 346
[02-Jan-2023 18:18:33 Asia/Kolkata] PHP Notice:  Undefined variable: row in /var/www/html/erpm/View/site_master.php on line 479
[02-Jan-2023 18:18:33 Asia/Kolkata] PHP Notice:  Trying to access array offset on value of type null in /var/www/html/erpm/View/site_master.php on line 479
[02-Jan-2023 18:18:33 Asia/Kolkata] PHP Notice:  Undefined variable: row in /var/www/html/erpm/View/site_master.php on line 481
[02-Jan-2023 18:18:33 Asia/Kolkata] PHP Notice:  Trying to access array offset on value of type null in /var/www/html/erpm/View/site_master.php on line 481
[02-Jan-2023 18:18:33 Asia/Kolkata] PHP Notice:  Undefined variable: row in /var/www/html/erpm/View/site_master.php on line 479
[02-Jan-2023 18:18:33 Asia/Kolkata] PHP Notice:  Trying to access array offset on value of type null in /var/www/html/erpm/View/site_master.php on line 479
[02-Jan-2023 18:18:33 Asia/Kolkata] PHP Notice:  Undefined variable: row in /var/www/html/erpm/View/site_master.php on line 481
[02-Jan-2023 18:18:33 Asia/Kolkata] PHP Notice:  Trying to access array offset on value of type null in /var/www/html/erpm/View/site_master.php on line 481
[02-Jan-2023 18:18:33 Asia/Kolkata] PHP Notice:  Undefined variable: row in /var/www/html/erpm/View/site_master.php on line 479
[02-Jan-2023 18:18:33 Asia/Kolkata] PHP Notice:  Trying to access array offset on value of type null in /var/www/html/erpm/View/site_master.php on line 479
[02-Jan-2023 18:18:33 Asia/Kolkata] PHP Notice:  Undefined variable: row in /var/www/html/erpm/View/site_master.php on line 481
[02-Jan-2023 18:18:33 Asia/Kolkata] PHP Notice:  Trying to access array offset on value of type null in /var/www/html/erpm/View/site_master.php on line 481
[02-Jan-2023 18:18:33 Asia/Kolkata] PHP Notice:  Undefined variable: row in /var/www/html/erpm/View/site_master.php on line 479
[02-Jan-2023 18:18:33 Asia/Kolkata] PHP Notice:  Trying to access array offset on value of type null in /var/www/html/erpm/View/site_master.php on line 479
[02-Jan-2023 18:18:33 Asia/Kolkata] PHP Notice:  Undefined variable: row in /var/www/html/erpm/View/site_master.php on line 481
[02-Jan-2023 18:18:33 Asia/Kolkata] PHP Notice:  Trying to access array offset on value of type null in /var/www/html/erpm/View/site_master.php on line 481
[02-Jan-2023 18:18:33 Asia/Kolkata] PHP Notice:  Undefined variable: row in /var/www/html/erpm/View/site_master.php on line 479
[02-Jan-2023 18:18:33 Asia/Kolkata] PHP Notice:  Trying to access array offset on value of type null in /var/www/html/erpm/View/site_master.php on line 479
[02-Jan-2023 18:18:33 Asia/Kolkata] PHP Notice:  Undefined variable: row in /var/www/html/erpm/View/site_master.php on line 481
[02-Jan-2023 18:18:33 Asia/Kolkata] PHP Notice:  Trying to access array offset on value of type null in /var/www/html/erpm/View/site_master.php on line 481
[02-Jan-2023 18:18:33 Asia/Kolkata] PHP Notice:  Undefined variable: row in /var/www/html/erpm/View/site_master.php on line 479
[02-Jan-2023 18:18:33 Asia/Kolkata] PHP Notice:  Trying to access array offset on value of type null in /var/www/html/erpm/View/site_master.php on line 479
[02-Jan-2023 18:18:33 Asia/Kolkata] PHP Notice:  Undefined variable: row in /var/www/html/erpm/View/site_master.php on line 481
[02-Jan-2023 18:18:33 Asia/Kolkata] PHP Notice:  Trying to access array offset on value of type null in /var/www/html/erpm/View/site_master.php on line 481
[02-Jan-2023 18:18:33 Asia/Kolkata] PHP Notice:  Undefined variable: row in /var/www/html/erpm/View/site_master.php on line 479
[02-Jan-2023 18:18:33 Asia/Kolkata] PHP Notice:  Trying to access array offset on value of type null in /var/www/html/erpm/View/site_master.php on line 479
[02-Jan-2023 18:18:33 Asia/Kolkata] PHP Notice:  Undefined variable: row in /var/www/html/erpm/View/site_master.php on line 481
[02-Jan-2023 18:18:33 Asia/Kolkata] PHP Notice:  Trying to access array offset on value of type null in /var/www/html/erpm/View/site_master.php on line 481
[02-Jan-2023 18:18:33 Asia/Kolkata] PHP Notice:  Undefined variable: row in /var/www/html/erpm/Controller/get_site_master_controller.php on line 45
[02-Jan-2023 18:18:33 Asia/Kolkata] PHP Notice:  Trying to access array offset on value of type null in /var/www/html/erpm/Controller/get_site_master_controller.php on line 45
[02-Jan-2023 18:18:33 Asia/Kolkata] PHP Notice:  Undefined variable: row in /var/www/html/erpm/Controller/get_site_master_controller.php on line 45
[02-Jan-2023 18:18:33 Asia/Kolkata] PHP Notice:  Trying to access array offset on value of type null in /var/www/html/erpm/Controller/get_site_master_controller.php on line 45
[02-Jan-2023 18:18:33 Asia/Kolkata] PHP Notice:  Undefined variable: row in /var/www/html/erpm/Controller/get_site_master_controller.php on line 45
[02-Jan-2023 18:18:33 Asia/Kolkata] PHP Notice:  Trying to access array offset on value of type null in /var/www/html/erpm/Controller/get_site_master_controller.php on line 45
[02-Jan-2023 18:18:33 Asia/Kolkata] PHP Notice:  Undefined variable: row in /var/www/html/erpm/Controller/get_site_master_controller.php on line 45
[02-Jan-2023 18:18:33 Asia/Kolkata] PHP Notice:  Trying to access array offset on value of type null in /var/www/html/erpm/Controller/get_site_master_controller.php on line 45
[02-Jan-2023 18:18:33 Asia/Kolkata] PHP Notice:  Undefined variable: row in /var/www/html/erpm/Controller/get_site_master_controller.php on line 45
[02-Jan-2023 18:18:33 Asia/Kolkata] PHP Notice:  Trying to access array offset on value of type null in /var/www/html/erpm/Controller/get_site_master_controller.php on line 45
[02-Jan-2023 18:18:33 Asia/Kolkata] PHP Notice:  Undefined variable: row in /var/www/html/erpm/Controller/get_site_master_controller.php on line 45
[02-Jan-2023 18:18:33 Asia/Kolkata] PHP Notice:  Trying to access array offset on value of type null in /var/www/html/erpm/Controller/get_site_master_controller.php on line 45
[02-Jan-2023 18:18:33 Asia/Kolkata] PHP Notice:  Undefined variable: row in /var/www/html/erpm/Controller/get_site_master_controller.php on line 45
[02-Jan-2023 18:18:33 Asia/Kolkata] PHP Notice:  Trying to access array offset on value of type null in /var/www/html/erpm/Controller/get_site_master_controller.php on line 45
[02-Jan-2023 18:19:02 Asia/Kolkata] PHP Notice:  Trying to access array offset on value of type null in /var/www/html/erpm/View/index.php on line 346
[02-Jan-2023 18:19:16 Asia/Kolkata] PHP Notice:  Undefined variable: row in /var/www/html/erpm/View/site_master.php on line 479
[02-Jan-2023 18:19:16 Asia/Kolkata] PHP Notice:  Trying to access array offset on value of type null in /var/www/html/erpm/View/site_master.php on line 479
[02-Jan-2023 18:19:16 Asia/Kolkata] PHP Notice:  Undefined variable: row in /var/www/html/erpm/View/site_master.php on line 481
[02-Jan-2023 18:19:16 Asia/Kolkata] PHP Notice:  Trying to access array offset on value of type null in /var/www/html/erpm/View/site_master.php on line 481
[02-Jan-2023 18:19:16 Asia/Kolkata] PHP Notice:  Undefined variable: row in /var/www/html/erpm/View/site_master.php on line 479
[02-Jan-2023 18:19:16 Asia/Kolkata] PHP Notice:  Trying to access array offset on value of type null in /var/www/html/erpm/View/site_master.php on line 479
[02-Jan-2023 18:19:16 Asia/Kolkata] PHP Notice:  Undefined variable: row in /var/www/html/erpm/View/site_master.php on line 481
[02-Jan-2023 18:19:16 Asia/Kolkata] PHP Notice:  Trying to access array offset on value of type null in /var/www/html/erpm/View/site_master.php on line 481
[02-Jan-2023 18:19:16 Asia/Kolkata] PHP Notice:  Undefined variable: row in /var/www/html/erpm/View/site_master.php on line 479
[02-Jan-2023 18:19:16 Asia/Kolkata] PHP Notice:  Trying to access array offset on value of type null in /var/www/html/erpm/View/site_master.php on line 479
[02-Jan-2023 18:19:16 Asia/Kolkata] PHP Notice:  Undefined variable: row in /var/www/html/erpm/View/site_master.php on line 481
[02-Jan-2023 18:19:16 Asia/Kolkata] PHP Notice:  Trying to access array offset on value of type null in /var/www/html/erpm/View/site_master.php on line 481
[02-Jan-2023 18:19:16 Asia/Kolkata] PHP Notice:  Undefined variable: row in /var/www/html/erpm/View/site_master.php on line 479
[02-Jan-2023 18:19:16 Asia/Kolkata] PHP Notice:  Trying to access array offset on value of type null in /var/www/html/erpm/View/site_master.php on line 479
[02-Jan-2023 18:19:16 Asia/Kolkata] PHP Notice:  Undefined variable: row in /var/www/html/erpm/View/site_master.php on line 481
[02-Jan-2023 18:19:16 Asia/Kolkata] PHP Notice:  Trying to access array offset on value of type null in /var/www/html/erpm/View/site_master.php on line 481
[02-Jan-2023 18:19:16 Asia/Kolkata] PHP Notice:  Undefined variable: row in /var/www/html/erpm/View/site_master.php on line 479
[02-Jan-2023 18:19:16 Asia/Kolkata] PHP Notice:  Trying to access array offset on value of type null in /var/www/html/erpm/View/site_master.php on line 479
[02-Jan-2023 18:19:16 Asia/Kolkata] PHP Notice:  Undefined variable: row in /var/www/html/erpm/View/site_master.php on line 481
[02-Jan-2023 18:19:16 Asia/Kolkata] PHP Notice:  Trying to access array offset on value of type null in /var/www/html/erpm/View/site_master.php on line 481
[02-Jan-2023 18:19:16 Asia/Kolkata] PHP Notice:  Undefined variable: row in /var/www/html/erpm/View/site_master.php on line 479
[02-Jan-2023 18:19:16 Asia/Kolkata] PHP Notice:  Trying to access array offset on value of type null in /var/www/html/erpm/View/site_master.php on line 479
[02-Jan-2023 18:19:16 Asia/Kolkata] PHP Notice:  Undefined variable: row in /var/www/html/erpm/View/site_master.php on line 481
[02-Jan-2023 18:19:16 Asia/Kolkata] PHP Notice:  Trying to access array offset on value of type null in /var/www/html/erpm/View/site_master.php on line 481
[02-Jan-2023 18:19:16 Asia/Kolkata] PHP Notice:  Undefined variable: row in /var/www/html/erpm/View/site_master.php on line 479
[02-Jan-2023 18:19:16 Asia/Kolkata] PHP Notice:  Trying to access array offset on value of type null in /var/www/html/erpm/View/site_master.php on line 479
[02-Jan-2023 18:19:16 Asia/Kolkata] PHP Notice:  Undefined variable: row in /var/www/html/erpm/View/site_master.php on line 481
[02-Jan-2023 18:19:16 Asia/Kolkata] PHP Notice:  Trying to access array offset on value of type null in /var/www/html/erpm/View/site_master.php on line 481
[02-Jan-2023 18:19:17 Asia/Kolkata] PHP Notice:  Undefined variable: row in /var/www/html/erpm/Controller/get_site_master_controller.php on line 45
[02-Jan-2023 18:19:17 Asia/Kolkata] PHP Notice:  Trying to access array offset on value of type null in /var/www/html/erpm/Controller/get_site_master_controller.php on line 45
[02-Jan-2023 18:19:17 Asia/Kolkata] PHP Notice:  Undefined variable: row in /var/www/html/erpm/Controller/get_site_master_controller.php on line 45
[02-Jan-2023 18:19:17 Asia/Kolkata] PHP Notice:  Trying to access array offset on value of type null in /var/www/html/erpm/Controller/get_site_master_controller.php on line 45
[02-Jan-2023 18:19:17 Asia/Kolkata] PHP Notice:  Undefined variable: row in /var/www/html/erpm/Controller/get_site_master_controller.php on line 45
[02-Jan-2023 18:19:17 Asia/Kolkata] PHP Notice:  Trying to access array offset on value of type null in /var/www/html/erpm/Controller/get_site_master_controller.php on line 45
[02-Jan-2023 18:19:17 Asia/Kolkata] PHP Notice:  Undefined variable: row in /var/www/html/erpm/Controller/get_site_master_controller.php on line 45
[02-Jan-2023 18:19:17 Asia/Kolkata] PHP Notice:  Trying to access array offset on value of type null in /var/www/html/erpm/Controller/get_site_master_controller.php on line 45
[02-Jan-2023 18:19:17 Asia/Kolkata] PHP Notice:  Undefined variable: row in /var/www/html/erpm/Controller/get_site_master_controller.php on line 45
[02-Jan-2023 18:19:17 Asia/Kolkata] PHP Notice:  Trying to access array offset on value of type null in /var/www/html/erpm/Controller/get_site_master_controller.php on line 45
[02-Jan-2023 18:19:17 Asia/Kolkata] PHP Notice:  Undefined variable: row in /var/www/html/erpm/Controller/get_site_master_controller.php on line 45
[02-Jan-2023 18:19:17 Asia/Kolkata] PHP Notice:  Trying to access array offset on value of type null in /var/www/html/erpm/Controller/get_site_master_controller.php on line 45
[02-Jan-2023 18:19:17 Asia/Kolkata] PHP Notice:  Undefined variable: row in /var/www/html/erpm/Controller/get_site_master_controller.php on line 45
[02-Jan-2023 18:19:17 Asia/Kolkata] PHP Notice:  Trying to access array offset on value of type null in /var/www/html/erpm/Controller/get_site_master_controller.php on line 45
[02-Jan-2023 18:19:48 Asia/Kolkata] PHP Notice:  Trying to access array offset on value of type null in /var/www/html/erpm/View/index.php on line 346
[02-Jan-2023 18:20:05 Asia/Kolkata] PHP Notice:  Undefined variable: row in /var/www/html/erpm/View/site_master.php on line 479
[02-Jan-2023 18:20:05 Asia/Kolkata] PHP Notice:  Trying to access array offset on value of type null in /var/www/html/erpm/View/site_master.php on line 479
[02-Jan-2023 18:20:05 Asia/Kolkata] PHP Notice:  Undefined variable: row in /var/www/html/erpm/View/site_master.php on line 481
[02-Jan-2023 18:20:05 Asia/Kolkata] PHP Notice:  Trying to access array offset on value of type null in /var/www/html/erpm/View/site_master.php on line 481
[02-Jan-2023 18:20:05 Asia/Kolkata] PHP Notice:  Undefined variable: row in /var/www/html/erpm/View/site_master.php on line 479
[02-Jan-2023 18:20:05 Asia/Kolkata] PHP Notice:  Trying to access array offset on value of type null in /var/www/html/erpm/View/site_master.php on line 479
[02-Jan-2023 18:20:05 Asia/Kolkata] PHP Notice:  Undefined variable: row in /var/www/html/erpm/View/site_master.php on line 481
[02-Jan-2023 18:20:05 Asia/Kolkata] PHP Notice:  Trying to access array offset on value of type null in /var/www/html/erpm/View/site_master.php on line 481
[02-Jan-2023 18:20:05 Asia/Kolkata] PHP Notice:  Undefined variable: row in /var/www/html/erpm/View/site_master.php on line 479
[02-Jan-2023 18:20:05 Asia/Kolkata] PHP Notice:  Trying to access array offset on value of type null in /var/www/html/erpm/View/site_master.php on line 479
[02-Jan-2023 18:20:05 Asia/Kolkata] PHP Notice:  Undefined variable: row in /var/www/html/erpm/View/site_master.php on line 481
[02-Jan-2023 18:20:05 Asia/Kolkata] PHP Notice:  Trying to access array offset on value of type null in /var/www/html/erpm/View/site_master.php on line 481
[02-Jan-2023 18:20:05 Asia/Kolkata] PHP Notice:  Undefined variable: row in /var/www/html/erpm/View/site_master.php on line 479
[02-Jan-2023 18:20:05 Asia/Kolkata] PHP Notice:  Trying to access array offset on value of type null in /var/www/html/erpm/View/site_master.php on line 479
[02-Jan-2023 18:20:05 Asia/Kolkata] PHP Notice:  Undefined variable: row in /var/www/html/erpm/View/site_master.php on line 481
[02-Jan-2023 18:20:05 Asia/Kolkata] PHP Notice:  Trying to access array offset on value of type null in /var/www/html/erpm/View/site_master.php on line 481
[02-Jan-2023 18:20:05 Asia/Kolkata] PHP Notice:  Undefined variable: row in /var/www/html/erpm/View/site_master.php on line 479
[02-Jan-2023 18:20:05 Asia/Kolkata] PHP Notice:  Trying to access array offset on value of type null in /var/www/html/erpm/View/site_master.php on line 479
[02-Jan-2023 18:20:05 Asia/Kolkata] PHP Notice:  Undefined variable: row in /var/www/html/erpm/View/site_master.php on line 481
[02-Jan-2023 18:20:05 Asia/Kolkata] PHP Notice:  Trying to access array offset on value of type null in /var/www/html/erpm/View/site_master.php on line 481
[02-Jan-2023 18:20:05 Asia/Kolkata] PHP Notice:  Undefined variable: row in /var/www/html/erpm/View/site_master.php on line 479
[02-Jan-2023 18:20:05 Asia/Kolkata] PHP Notice:  Trying to access array offset on value of type null in /var/www/html/erpm/View/site_master.php on line 479
[02-Jan-2023 18:20:05 Asia/Kolkata] PHP Notice:  Undefined variable: row in /var/www/html/erpm/View/site_master.php on line 481
[02-Jan-2023 18:20:05 Asia/Kolkata] PHP Notice:  Trying to access array offset on value of type null in /var/www/html/erpm/View/site_master.php on line 481
[02-Jan-2023 18:20:05 Asia/Kolkata] PHP Notice:  Undefined variable: row in /var/www/html/erpm/View/site_master.php on line 479
[02-Jan-2023 18:20:05 Asia/Kolkata] PHP Notice:  Trying to access array offset on value of type null in /var/www/html/erpm/View/site_master.php on line 479
[02-Jan-2023 18:20:05 Asia/Kolkata] PHP Notice:  Undefined variable: row in /var/www/html/erpm/View/site_master.php on line 481
[02-Jan-2023 18:20:05 Asia/Kolkata] PHP Notice:  Trying to access array offset on value of type null in /var/www/html/erpm/View/site_master.php on line 481
[02-Jan-2023 18:20:06 Asia/Kolkata] PHP Notice:  Undefined variable: row in /var/www/html/erpm/Controller/get_site_master_controller.php on line 45
[02-Jan-2023 18:20:06 Asia/Kolkata] PHP Notice:  Trying to access array offset on value of type null in /var/www/html/erpm/Controller/get_site_master_controller.php on line 45
[02-Jan-2023 18:20:06 Asia/Kolkata] PHP Notice:  Undefined variable: row in /var/www/html/erpm/Controller/get_site_master_controller.php on line 45
[02-Jan-2023 18:20:06 Asia/Kolkata] PHP Notice:  Trying to access array offset on value of type null in /var/www/html/erpm/Controller/get_site_master_controller.php on line 45
[02-Jan-2023 18:20:06 Asia/Kolkata] PHP Notice:  Undefined variable: row in /var/www/html/erpm/Controller/get_site_master_controller.php on line 45
[02-Jan-2023 18:20:06 Asia/Kolkata] PHP Notice:  Trying to access array offset on value of type null in /var/www/html/erpm/Controller/get_site_master_controller.php on line 45
[02-Jan-2023 18:20:06 Asia/Kolkata] PHP Notice:  Undefined variable: row in /var/www/html/erpm/Controller/get_site_master_controller.php on line 45
[02-Jan-2023 18:20:06 Asia/Kolkata] PHP Notice:  Trying to access array offset on value of type null in /var/www/html/erpm/Controller/get_site_master_controller.php on line 45
[02-Jan-2023 18:20:06 Asia/Kolkata] PHP Notice:  Undefined variable: row in /var/www/html/erpm/Controller/get_site_master_controller.php on line 45
[02-Jan-2023 18:20:06 Asia/Kolkata] PHP Notice:  Trying to access array offset on value of type null in /var/www/html/erpm/Controller/get_site_master_controller.php on line 45
[02-Jan-2023 18:20:06 Asia/Kolkata] PHP Notice:  Undefined variable: row in /var/www/html/erpm/Controller/get_site_master_controller.php on line 45
[02-Jan-2023 18:20:06 Asia/Kolkata] PHP Notice:  Trying to access array offset on value of type null in /var/www/html/erpm/Controller/get_site_master_controller.php on line 45
[02-Jan-2023 18:20:06 Asia/Kolkata] PHP Notice:  Undefined variable: row in /var/www/html/erpm/Controller/get_site_master_controller.php on line 45
[02-Jan-2023 18:20:06 Asia/Kolkata] PHP Notice:  Trying to access array offset on value of type null in /var/www/html/erpm/Controller/get_site_master_controller.php on line 45
[02-Jan-2023 18:27:58 Asia/Kolkata] PHP Notice:  Undefined variable: row in /var/www/html/erpm/View/site_master.php on line 479
[02-Jan-2023 18:27:58 Asia/Kolkata] PHP Notice:  Trying to access array offset on value of type null in /var/www/html/erpm/View/site_master.php on line 479
[02-Jan-2023 18:27:58 Asia/Kolkata] PHP Notice:  Undefined variable: row in /var/www/html/erpm/View/site_master.php on line 481
[02-Jan-2023 18:27:58 Asia/Kolkata] PHP Notice:  Trying to access array offset on value of type null in /var/www/html/erpm/View/site_master.php on line 481
[02-Jan-2023 18:27:58 Asia/Kolkata] PHP Notice:  Undefined variable: row in /var/www/html/erpm/View/site_master.php on line 479
[02-Jan-2023 18:27:58 Asia/Kolkata] PHP Notice:  Trying to access array offset on value of type null in /var/www/html/erpm/View/site_master.php on line 479
[02-Jan-2023 18:27:58 Asia/Kolkata] PHP Notice:  Undefined variable: row in /var/www/html/erpm/View/site_master.php on line 481
[02-Jan-2023 18:27:58 Asia/Kolkata] PHP Notice:  Trying to access array offset on value of type null in /var/www/html/erpm/View/site_master.php on line 481
[02-Jan-2023 18:27:58 Asia/Kolkata] PHP Notice:  Undefined variable: row in /var/www/html/erpm/View/site_master.php on line 479
[02-Jan-2023 18:27:58 Asia/Kolkata] PHP Notice:  Trying to access array offset on value of type null in /var/www/html/erpm/View/site_master.php on line 479
[02-Jan-2023 18:27:58 Asia/Kolkata] PHP Notice:  Undefined variable: row in /var/www/html/erpm/View/site_master.php on line 481
[02-Jan-2023 18:27:58 Asia/Kolkata] PHP Notice:  Trying to access array offset on value of type null in /var/www/html/erpm/View/site_master.php on line 481
[02-Jan-2023 18:27:58 Asia/Kolkata] PHP Notice:  Undefined variable: row in /var/www/html/erpm/View/site_master.php on line 479
[02-Jan-2023 18:27:58 Asia/Kolkata] PHP Notice:  Trying to access array offset on value of type null in /var/www/html/erpm/View/site_master.php on line 479
[02-Jan-2023 18:27:58 Asia/Kolkata] PHP Notice:  Undefined variable: row in /var/www/html/erpm/View/site_master.php on line 481
[02-Jan-2023 18:27:58 Asia/Kolkata] PHP Notice:  Trying to access array offset on value of type null in /var/www/html/erpm/View/site_master.php on line 481
[02-Jan-2023 18:27:58 Asia/Kolkata] PHP Notice:  Undefined variable: row in /var/www/html/erpm/View/site_master.php on line 479
[02-Jan-2023 18:27:58 Asia/Kolkata] PHP Notice:  Trying to access array offset on value of type null in /var/www/html/erpm/View/site_master.php on line 479
[02-Jan-2023 18:27:58 Asia/Kolkata] PHP Notice:  Undefined variable: row in /var/www/html/erpm/View/site_master.php on line 481
[02-Jan-2023 18:27:58 Asia/Kolkata] PHP Notice:  Trying to access array offset on value of type null in /var/www/html/erpm/View/site_master.php on line 481
[02-Jan-2023 18:27:58 Asia/Kolkata] PHP Notice:  Undefined variable: row in /var/www/html/erpm/View/site_master.php on line 479
[02-Jan-2023 18:27:58 Asia/Kolkata] PHP Notice:  Trying to access array offset on value of type null in /var/www/html/erpm/View/site_master.php on line 479
[02-Jan-2023 18:27:58 Asia/Kolkata] PHP Notice:  Undefined variable: row in /var/www/html/erpm/View/site_master.php on line 481
[02-Jan-2023 18:27:58 Asia/Kolkata] PHP Notice:  Trying to access array offset on value of type null in /var/www/html/erpm/View/site_master.php on line 481
[02-Jan-2023 18:27:58 Asia/Kolkata] PHP Notice:  Undefined variable: row in /var/www/html/erpm/View/site_master.php on line 479
[02-Jan-2023 18:27:58 Asia/Kolkata] PHP Notice:  Trying to access array offset on value of type null in /var/www/html/erpm/View/site_master.php on line 479
[02-Jan-2023 18:27:58 Asia/Kolkata] PHP Notice:  Undefined variable: row in /var/www/html/erpm/View/site_master.php on line 481
[02-Jan-2023 18:27:58 Asia/Kolkata] PHP Notice:  Trying to access array offset on value of type null in /var/www/html/erpm/View/site_master.php on line 481
[02-Jan-2023 18:27:58 Asia/Kolkata] PHP Notice:  Undefined variable: row in /var/www/html/erpm/Controller/get_site_master_controller.php on line 45
[02-Jan-2023 18:27:58 Asia/Kolkata] PHP Notice:  Trying to access array offset on value of type null in /var/www/html/erpm/Controller/get_site_master_controller.php on line 45
[02-Jan-2023 18:27:58 Asia/Kolkata] PHP Notice:  Undefined variable: row in /var/www/html/erpm/Controller/get_site_master_controller.php on line 45
[02-Jan-2023 18:27:58 Asia/Kolkata] PHP Notice:  Trying to access array offset on value of type null in /var/www/html/erpm/Controller/get_site_master_controller.php on line 45
[02-Jan-2023 18:27:58 Asia/Kolkata] PHP Notice:  Undefined variable: row in /var/www/html/erpm/Controller/get_site_master_controller.php on line 45
[02-Jan-2023 18:27:58 Asia/Kolkata] PHP Notice:  Trying to access array offset on value of type null in /var/www/html/erpm/Controller/get_site_master_controller.php on line 45
[02-Jan-2023 18:27:58 Asia/Kolkata] PHP Notice:  Undefined variable: row in /var/www/html/erpm/Controller/get_site_master_controller.php on line 45
[02-Jan-2023 18:27:58 Asia/Kolkata] PHP Notice:  Trying to access array offset on value of type null in /var/www/html/erpm/Controller/get_site_master_controller.php on line 45
[02-Jan-2023 18:27:58 Asia/Kolkata] PHP Notice:  Undefined variable: row in /var/www/html/erpm/Controller/get_site_master_controller.php on line 45
[02-Jan-2023 18:27:58 Asia/Kolkata] PHP Notice:  Trying to access array offset on value of type null in /var/www/html/erpm/Controller/get_site_master_controller.php on line 45
[02-Jan-2023 18:27:58 Asia/Kolkata] PHP Notice:  Undefined variable: row in /var/www/html/erpm/Controller/get_site_master_controller.php on line 45
[02-Jan-2023 18:27:58 Asia/Kolkata] PHP Notice:  Trying to access array offset on value of type null in /var/www/html/erpm/Controller/get_site_master_controller.php on line 45
[02-Jan-2023 18:27:58 Asia/Kolkata] PHP Notice:  Undefined variable: row in /var/www/html/erpm/Controller/get_site_master_controller.php on line 45
[02-Jan-2023 18:27:58 Asia/Kolkata] PHP Notice:  Trying to access array offset on value of type null in /var/www/html/erpm/Controller/get_site_master_controller.php on line 45
[02-Jan-2023 18:31:07 Asia/Kolkata] PHP Notice:  Undefined variable: row in /var/www/html/erpm/View/site_master.php on line 479
[02-Jan-2023 18:31:07 Asia/Kolkata] PHP Notice:  Trying to access array offset on value of type null in /var/www/html/erpm/View/site_master.php on line 479
[02-Jan-2023 18:31:07 Asia/Kolkata] PHP Notice:  Undefined variable: row in /var/www/html/erpm/View/site_master.php on line 481
[02-Jan-2023 18:31:07 Asia/Kolkata] PHP Notice:  Trying to access array offset on value of type null in /var/www/html/erpm/View/site_master.php on line 481
[02-Jan-2023 18:31:07 Asia/Kolkata] PHP Notice:  Undefined variable: row in /var/www/html/erpm/View/site_master.php on line 479
[02-Jan-2023 18:31:07 Asia/Kolkata] PHP Notice:  Trying to access array offset on value of type null in /var/www/html/erpm/View/site_master.php on line 479
[02-Jan-2023 18:31:07 Asia/Kolkata] PHP Notice:  Undefined variable: row in /var/www/html/erpm/View/site_master.php on line 481
[02-Jan-2023 18:31:07 Asia/Kolkata] PHP Notice:  Trying to access array offset on value of type null in /var/www/html/erpm/View/site_master.php on line 481
[02-Jan-2023 18:31:07 Asia/Kolkata] PHP Notice:  Undefined variable: row in /var/www/html/erpm/View/site_master.php on line 479
[02-Jan-2023 18:31:07 Asia/Kolkata] PHP Notice:  Trying to access array offset on value of type null in /var/www/html/erpm/View/site_master.php on line 479
[02-Jan-2023 18:31:07 Asia/Kolkata] PHP Notice:  Undefined variable: row in /var/www/html/erpm/View/site_master.php on line 481
[02-Jan-2023 18:31:07 Asia/Kolkata] PHP Notice:  Trying to access array offset on value of type null in /var/www/html/erpm/View/site_master.php on line 481
[02-Jan-2023 18:31:07 Asia/Kolkata] PHP Notice:  Undefined variable: row in /var/www/html/erpm/View/site_master.php on line 479
[02-Jan-2023 18:31:07 Asia/Kolkata] PHP Notice:  Trying to access array offset on value of type null in /var/www/html/erpm/View/site_master.php on line 479
[02-Jan-2023 18:31:07 Asia/Kolkata] PHP Notice:  Undefined variable: row in /var/www/html/erpm/View/site_master.php on line 481
[02-Jan-2023 18:31:07 Asia/Kolkata] PHP Notice:  Trying to access array offset on value of type null in /var/www/html/erpm/View/site_master.php on line 481
[02-Jan-2023 18:31:07 Asia/Kolkata] PHP Notice:  Undefined variable: row in /var/www/html/erpm/View/site_master.php on line 479
[02-Jan-2023 18:31:07 Asia/Kolkata] PHP Notice:  Trying to access array offset on value of type null in /var/www/html/erpm/View/site_master.php on line 479
[02-Jan-2023 18:31:07 Asia/Kolkata] PHP Notice:  Undefined variable: row in /var/www/html/erpm/View/site_master.php on line 481
[02-Jan-2023 18:31:07 Asia/Kolkata] PHP Notice:  Trying to access array offset on value of type null in /var/www/html/erpm/View/site_master.php on line 481
[02-Jan-2023 18:31:07 Asia/Kolkata] PHP Notice:  Undefined variable: row in /var/www/html/erpm/View/site_master.php on line 479
[02-Jan-2023 18:31:07 Asia/Kolkata] PHP Notice:  Trying to access array offset on value of type null in /var/www/html/erpm/View/site_master.php on line 479
[02-Jan-2023 18:31:07 Asia/Kolkata] PHP Notice:  Undefined variable: row in /var/www/html/erpm/View/site_master.php on line 481
[02-Jan-2023 18:31:07 Asia/Kolkata] PHP Notice:  Trying to access array offset on value of type null in /var/www/html/erpm/View/site_master.php on line 481
[02-Jan-2023 18:31:07 Asia/Kolkata] PHP Notice:  Undefined variable: row in /var/www/html/erpm/View/site_master.php on line 479
[02-Jan-2023 18:31:07 Asia/Kolkata] PHP Notice:  Trying to access array offset on value of type null in /var/www/html/erpm/View/site_master.php on line 479
[02-Jan-2023 18:31:07 Asia/Kolkata] PHP Notice:  Undefined variable: row in /var/www/html/erpm/View/site_master.php on line 481
[02-Jan-2023 18:31:07 Asia/Kolkata] PHP Notice:  Trying to access array offset on value of type null in /var/www/html/erpm/View/site_master.php on line 481
[02-Jan-2023 18:31:07 Asia/Kolkata] PHP Notice:  Undefined variable: row in /var/www/html/erpm/Controller/get_site_master_controller.php on line 45
[02-Jan-2023 18:31:07 Asia/Kolkata] PHP Notice:  Trying to access array offset on value of type null in /var/www/html/erpm/Controller/get_site_master_controller.php on line 45
[02-Jan-2023 18:31:07 Asia/Kolkata] PHP Notice:  Undefined variable: row in /var/www/html/erpm/Controller/get_site_master_controller.php on line 45
[02-Jan-2023 18:31:07 Asia/Kolkata] PHP Notice:  Trying to access array offset on value of type null in /var/www/html/erpm/Controller/get_site_master_controller.php on line 45
[02-Jan-2023 18:31:07 Asia/Kolkata] PHP Notice:  Undefined variable: row in /var/www/html/erpm/Controller/get_site_master_controller.php on line 45
[02-Jan-2023 18:31:07 Asia/Kolkata] PHP Notice:  Trying to access array offset on value of type null in /var/www/html/erpm/Controller/get_site_master_controller.php on line 45
[02-Jan-2023 18:31:07 Asia/Kolkata] PHP Notice:  Undefined variable: row in /var/www/html/erpm/Controller/get_site_master_controller.php on line 45
[02-Jan-2023 18:31:07 Asia/Kolkata] PHP Notice:  Trying to access array offset on value of type null in /var/www/html/erpm/Controller/get_site_master_controller.php on line 45
[02-Jan-2023 18:31:07 Asia/Kolkata] PHP Notice:  Undefined variable: row in /var/www/html/erpm/Controller/get_site_master_controller.php on line 45
[02-Jan-2023 18:31:07 Asia/Kolkata] PHP Notice:  Trying to access array offset on value of type null in /var/www/html/erpm/Controller/get_site_master_controller.php on line 45
[02-Jan-2023 18:31:07 Asia/Kolkata] PHP Notice:  Undefined variable: row in /var/www/html/erpm/Controller/get_site_master_controller.php on line 45
[02-Jan-2023 18:31:07 Asia/Kolkata] PHP Notice:  Trying to access array offset on value of type null in /var/www/html/erpm/Controller/get_site_master_controller.php on line 45
[02-Jan-2023 18:31:07 Asia/Kolkata] PHP Notice:  Undefined variable: row in /var/www/html/erpm/Controller/get_site_master_controller.php on line 45
[02-Jan-2023 18:31:07 Asia/Kolkata] PHP Notice:  Trying to access array offset on value of type null in /var/www/html/erpm/Controller/get_site_master_controller.php on line 45
[02-Jan-2023 18:33:22 Asia/Kolkata] PHP Notice:  Undefined variable: row in /var/www/html/erpm/View/site_master.php on line 479
[02-Jan-2023 18:33:22 Asia/Kolkata] PHP Notice:  Trying to access array offset on value of type null in /var/www/html/erpm/View/site_master.php on line 479
[02-Jan-2023 18:33:22 Asia/Kolkata] PHP Notice:  Undefined variable: row in /var/www/html/erpm/View/site_master.php on line 481
[02-Jan-2023 18:33:22 Asia/Kolkata] PHP Notice:  Trying to access array offset on value of type null in /var/www/html/erpm/View/site_master.php on line 481
[02-Jan-2023 18:33:22 Asia/Kolkata] PHP Notice:  Undefined variable: row in /var/www/html/erpm/View/site_master.php on line 479
[02-Jan-2023 18:33:22 Asia/Kolkata] PHP Notice:  Trying to access array offset on value of type null in /var/www/html/erpm/View/site_master.php on line 479
[02-Jan-2023 18:33:22 Asia/Kolkata] PHP Notice:  Undefined variable: row in /var/www/html/erpm/View/site_master.php on line 481
[02-Jan-2023 18:33:22 Asia/Kolkata] PHP Notice:  Trying to access array offset on value of type null in /var/www/html/erpm/View/site_master.php on line 481
[02-Jan-2023 18:33:22 Asia/Kolkata] PHP Notice:  Undefined variable: row in /var/www/html/erpm/View/site_master.php on line 479
[02-Jan-2023 18:33:22 Asia/Kolkata] PHP Notice:  Trying to access array offset on value of type null in /var/www/html/erpm/View/site_master.php on line 479
[02-Jan-2023 18:33:22 Asia/Kolkata] PHP Notice:  Undefined variable: row in /var/www/html/erpm/View/site_master.php on line 481
[02-Jan-2023 18:33:22 Asia/Kolkata] PHP Notice:  Trying to access array offset on value of type null in /var/www/html/erpm/View/site_master.php on line 481
[02-Jan-2023 18:33:22 Asia/Kolkata] PHP Notice:  Undefined variable: row in /var/www/html/erpm/View/site_master.php on line 479
[02-Jan-2023 18:33:22 Asia/Kolkata] PHP Notice:  Trying to access array offset on value of type null in /var/www/html/erpm/View/site_master.php on line 479
[02-Jan-2023 18:33:22 Asia/Kolkata] PHP Notice:  Undefined variable: row in /var/www/html/erpm/View/site_master.php on line 481
[02-Jan-2023 18:33:22 Asia/Kolkata] PHP Notice:  Trying to access array offset on value of type null in /var/www/html/erpm/View/site_master.php on line 481
[02-Jan-2023 18:33:22 Asia/Kolkata] PHP Notice:  Undefined variable: row in /var/www/html/erpm/View/site_master.php on line 479
[02-Jan-2023 18:33:22 Asia/Kolkata] PHP Notice:  Trying to access array offset on value of type null in /var/www/html/erpm/View/site_master.php on line 479
[02-Jan-2023 18:33:22 Asia/Kolkata] PHP Notice:  Undefined variable: row in /var/www/html/erpm/View/site_master.php on line 481
[02-Jan-2023 18:33:22 Asia/Kolkata] PHP Notice:  Trying to access array offset on value of type null in /var/www/html/erpm/View/site_master.php on line 481
[02-Jan-2023 18:33:22 Asia/Kolkata] PHP Notice:  Undefined variable: row in /var/www/html/erpm/View/site_master.php on line 479
[02-Jan-2023 18:33:22 Asia/Kolkata] PHP Notice:  Trying to access array offset on value of type null in /var/www/html/erpm/View/site_master.php on line 479
[02-Jan-2023 18:33:22 Asia/Kolkata] PHP Notice:  Undefined variable: row in /var/www/html/erpm/View/site_master.php on line 481
[02-Jan-2023 18:33:22 Asia/Kolkata] PHP Notice:  Trying to access array offset on value of type null in /var/www/html/erpm/View/site_master.php on line 481
[02-Jan-2023 18:33:22 Asia/Kolkata] PHP Notice:  Undefined variable: row in /var/www/html/erpm/View/site_master.php on line 479
[02-Jan-2023 18:33:22 Asia/Kolkata] PHP Notice:  Trying to access array offset on value of type null in /var/www/html/erpm/View/site_master.php on line 479
[02-Jan-2023 18:33:22 Asia/Kolkata] PHP Notice:  Undefined variable: row in /var/www/html/erpm/View/site_master.php on line 481
[02-Jan-2023 18:33:22 Asia/Kolkata] PHP Notice:  Trying to access array offset on value of type null in /var/www/html/erpm/View/site_master.php on line 481
[02-Jan-2023 18:33:23 Asia/Kolkata] PHP Notice:  Undefined variable: row in /var/www/html/erpm/Controller/get_site_master_controller.php on line 45
[02-Jan-2023 18:33:23 Asia/Kolkata] PHP Notice:  Trying to access array offset on value of type null in /var/www/html/erpm/Controller/get_site_master_controller.php on line 45
[02-Jan-2023 18:33:23 Asia/Kolkata] PHP Notice:  Undefined variable: row in /var/www/html/erpm/Controller/get_site_master_controller.php on line 45
[02-Jan-2023 18:33:23 Asia/Kolkata] PHP Notice:  Trying to access array offset on value of type null in /var/www/html/erpm/Controller/get_site_master_controller.php on line 45
[02-Jan-2023 18:33:23 Asia/Kolkata] PHP Notice:  Undefined variable: row in /var/www/html/erpm/Controller/get_site_master_controller.php on line 45
[02-Jan-2023 18:33:23 Asia/Kolkata] PHP Notice:  Trying to access array offset on value of type null in /var/www/html/erpm/Controller/get_site_master_controller.php on line 45
[02-Jan-2023 18:33:23 Asia/Kolkata] PHP Notice:  Undefined variable: row in /var/www/html/erpm/Controller/get_site_master_controller.php on line 45
[02-Jan-2023 18:33:23 Asia/Kolkata] PHP Notice:  Trying to access array offset on value of type null in /var/www/html/erpm/Controller/get_site_master_controller.php on line 45
[02-Jan-2023 18:33:23 Asia/Kolkata] PHP Notice:  Undefined variable: row in /var/www/html/erpm/Controller/get_site_master_controller.php on line 45
[02-Jan-2023 18:33:23 Asia/Kolkata] PHP Notice:  Trying to access array offset on value of type null in /var/www/html/erpm/Controller/get_site_master_controller.php on line 45
[02-Jan-2023 18:33:23 Asia/Kolkata] PHP Notice:  Undefined variable: row in /var/www/html/erpm/Controller/get_site_master_controller.php on line 45
[02-Jan-2023 18:33:23 Asia/Kolkata] PHP Notice:  Trying to access array offset on value of type null in /var/www/html/erpm/Controller/get_site_master_controller.php on line 45
[02-Jan-2023 18:33:23 Asia/Kolkata] PHP Notice:  Undefined variable: row in /var/www/html/erpm/Controller/get_site_master_controller.php on line 45
[02-Jan-2023 18:33:23 Asia/Kolkata] PHP Notice:  Trying to access array offset on value of type null in /var/www/html/erpm/Controller/get_site_master_controller.php on line 45
[02-Jan-2023 18:42:06 Asia/Kolkata] PHP Notice:  Undefined variable: row in /var/www/html/erpm/View/site_master.php on line 479
[02-Jan-2023 18:42:06 Asia/Kolkata] PHP Notice:  Trying to access array offset on value of type null in /var/www/html/erpm/View/site_master.php on line 479
[02-Jan-2023 18:42:06 Asia/Kolkata] PHP Notice:  Undefined variable: row in /var/www/html/erpm/View/site_master.php on line 481
[02-Jan-2023 18:42:06 Asia/Kolkata] PHP Notice:  Trying to access array offset on value of type null in /var/www/html/erpm/View/site_master.php on line 481
[02-Jan-2023 18:42:06 Asia/Kolkata] PHP Notice:  Undefined variable: row in /var/www/html/erpm/View/site_master.php on line 479
[02-Jan-2023 18:42:06 Asia/Kolkata] PHP Notice:  Trying to access array offset on value of type null in /var/www/html/erpm/View/site_master.php on line 479
[02-Jan-2023 18:42:06 Asia/Kolkata] PHP Notice:  Undefined variable: row in /var/www/html/erpm/View/site_master.php on line 481
[02-Jan-2023 18:42:06 Asia/Kolkata] PHP Notice:  Trying to access array offset on value of type null in /var/www/html/erpm/View/site_master.php on line 481
[02-Jan-2023 18:42:06 Asia/Kolkata] PHP Notice:  Undefined variable: row in /var/www/html/erpm/View/site_master.php on line 479
[02-Jan-2023 18:42:06 Asia/Kolkata] PHP Notice:  Trying to access array offset on value of type null in /var/www/html/erpm/View/site_master.php on line 479
[02-Jan-2023 18:42:06 Asia/Kolkata] PHP Notice:  Undefined variable: row in /var/www/html/erpm/View/site_master.php on line 481
[02-Jan-2023 18:42:06 Asia/Kolkata] PHP Notice:  Trying to access array offset on value of type null in /var/www/html/erpm/View/site_master.php on line 481
[02-Jan-2023 18:42:06 Asia/Kolkata] PHP Notice:  Undefined variable: row in /var/www/html/erpm/View/site_master.php on line 479
[02-Jan-2023 18:42:06 Asia/Kolkata] PHP Notice:  Trying to access array offset on value of type null in /var/www/html/erpm/View/site_master.php on line 479
[02-Jan-2023 18:42:06 Asia/Kolkata] PHP Notice:  Undefined variable: row in /var/www/html/erpm/View/site_master.php on line 481
[02-Jan-2023 18:42:06 Asia/Kolkata] PHP Notice:  Trying to access array offset on value of type null in /var/www/html/erpm/View/site_master.php on line 481
[02-Jan-2023 18:42:06 Asia/Kolkata] PHP Notice:  Undefined variable: row in /var/www/html/erpm/View/site_master.php on line 479
[02-Jan-2023 18:42:06 Asia/Kolkata] PHP Notice:  Trying to access array offset on value of type null in /var/www/html/erpm/View/site_master.php on line 479
[02-Jan-2023 18:42:06 Asia/Kolkata] PHP Notice:  Undefined variable: row in /var/www/html/erpm/View/site_master.php on line 481
[02-Jan-2023 18:42:06 Asia/Kolkata] PHP Notice:  Trying to access array offset on value of type null in /var/www/html/erpm/View/site_master.php on line 481
[02-Jan-2023 18:42:06 Asia/Kolkata] PHP Notice:  Undefined variable: row in /var/www/html/erpm/View/site_master.php on line 479
[02-Jan-2023 18:42:06 Asia/Kolkata] PHP Notice:  Trying to access array offset on value of type null in /var/www/html/erpm/View/site_master.php on line 479
[02-Jan-2023 18:42:06 Asia/Kolkata] PHP Notice:  Undefined variable: row in /var/www/html/erpm/View/site_master.php on line 481
[02-Jan-2023 18:42:06 Asia/Kolkata] PHP Notice:  Trying to access array offset on value of type null in /var/www/html/erpm/View/site_master.php on line 481
[02-Jan-2023 18:42:06 Asia/Kolkata] PHP Notice:  Undefined variable: row in /var/www/html/erpm/View/site_master.php on line 479
[02-Jan-2023 18:42:06 Asia/Kolkata] PHP Notice:  Trying to access array offset on value of type null in /var/www/html/erpm/View/site_master.php on line 479
[02-Jan-2023 18:42:06 Asia/Kolkata] PHP Notice:  Undefined variable: row in /var/www/html/erpm/View/site_master.php on line 481
[02-Jan-2023 18:42:06 Asia/Kolkata] PHP Notice:  Trying to access array offset on value of type null in /var/www/html/erpm/View/site_master.php on line 481
[02-Jan-2023 18:42:06 Asia/Kolkata] PHP Notice:  Undefined variable: row in /var/www/html/erpm/Controller/get_site_master_controller.php on line 45
[02-Jan-2023 18:42:06 Asia/Kolkata] PHP Notice:  Trying to access array offset on value of type null in /var/www/html/erpm/Controller/get_site_master_controller.php on line 45
[02-Jan-2023 18:42:06 Asia/Kolkata] PHP Notice:  Undefined variable: row in /var/www/html/erpm/Controller/get_site_master_controller.php on line 45
[02-Jan-2023 18:42:06 Asia/Kolkata] PHP Notice:  Trying to access array offset on value of type null in /var/www/html/erpm/Controller/get_site_master_controller.php on line 45
[02-Jan-2023 18:42:06 Asia/Kolkata] PHP Notice:  Undefined variable: row in /var/www/html/erpm/Controller/get_site_master_controller.php on line 45
[02-Jan-2023 18:42:06 Asia/Kolkata] PHP Notice:  Trying to access array offset on value of type null in /var/www/html/erpm/Controller/get_site_master_controller.php on line 45
[02-Jan-2023 18:42:06 Asia/Kolkata] PHP Notice:  Undefined variable: row in /var/www/html/erpm/Controller/get_site_master_controller.php on line 45
[02-Jan-2023 18:42:06 Asia/Kolkata] PHP Notice:  Trying to access array offset on value of type null in /var/www/html/erpm/Controller/get_site_master_controller.php on line 45
[02-Jan-2023 18:42:06 Asia/Kolkata] PHP Notice:  Undefined variable: row in /var/www/html/erpm/Controller/get_site_master_controller.php on line 45
[02-Jan-2023 18:42:06 Asia/Kolkata] PHP Notice:  Trying to access array offset on value of type null in /var/www/html/erpm/Controller/get_site_master_controller.php on line 45
[02-Jan-2023 18:42:06 Asia/Kolkata] PHP Notice:  Undefined variable: row in /var/www/html/erpm/Controller/get_site_master_controller.php on line 45
[02-Jan-2023 18:42:06 Asia/Kolkata] PHP Notice:  Trying to access array offset on value of type null in /var/www/html/erpm/Controller/get_site_master_controller.php on line 45
[02-Jan-2023 18:42:06 Asia/Kolkata] PHP Notice:  Undefined variable: row in /var/www/html/erpm/Controller/get_site_master_controller.php on line 45
[02-Jan-2023 18:42:06 Asia/Kolkata] PHP Notice:  Trying to access array offset on value of type null in /var/www/html/erpm/Controller/get_site_master_controller.php on line 45
[02-Jan-2023 18:42:32 Asia/Kolkata] PHP Notice:  Undefined variable: row in /var/www/html/erpm/Controller/get_site_master_controller.php on line 45
[02-Jan-2023 18:42:32 Asia/Kolkata] PHP Notice:  Trying to access array offset on value of type null in /var/www/html/erpm/Controller/get_site_master_controller.php on line 45
[02-Jan-2023 18:42:32 Asia/Kolkata] PHP Notice:  Undefined variable: row in /var/www/html/erpm/Controller/get_site_master_controller.php on line 45
[02-Jan-2023 18:42:32 Asia/Kolkata] PHP Notice:  Trying to access array offset on value of type null in /var/www/html/erpm/Controller/get_site_master_controller.php on line 45
[02-Jan-2023 18:42:32 Asia/Kolkata] PHP Notice:  Undefined variable: row in /var/www/html/erpm/Controller/get_site_master_controller.php on line 45
[02-Jan-2023 18:42:32 Asia/Kolkata] PHP Notice:  Trying to access array offset on value of type null in /var/www/html/erpm/Controller/get_site_master_controller.php on line 45
[02-Jan-2023 18:42:32 Asia/Kolkata] PHP Notice:  Undefined variable: row in /var/www/html/erpm/Controller/get_site_master_controller.php on line 45
[02-Jan-2023 18:42:32 Asia/Kolkata] PHP Notice:  Trying to access array offset on value of type null in /var/www/html/erpm/Controller/get_site_master_controller.php on line 45
[02-Jan-2023 18:42:32 Asia/Kolkata] PHP Notice:  Undefined variable: row in /var/www/html/erpm/Controller/get_site_master_controller.php on line 45
[02-Jan-2023 18:42:32 Asia/Kolkata] PHP Notice:  Trying to access array offset on value of type null in /var/www/html/erpm/Controller/get_site_master_controller.php on line 45
[02-Jan-2023 18:42:32 Asia/Kolkata] PHP Notice:  Undefined variable: row in /var/www/html/erpm/Controller/get_site_master_controller.php on line 45
[02-Jan-2023 18:42:32 Asia/Kolkata] PHP Notice:  Trying to access array offset on value of type null in /var/www/html/erpm/Controller/get_site_master_controller.php on line 45
[02-Jan-2023 18:42:32 Asia/Kolkata] PHP Notice:  Undefined variable: row in /var/www/html/erpm/Controller/get_site_master_controller.php on line 45
[02-Jan-2023 18:42:32 Asia/Kolkata] PHP Notice:  Trying to access array offset on value of type null in /var/www/html/erpm/Controller/get_site_master_controller.php on line 45
[02-Jan-2023 18:42:53 Asia/Kolkata] PHP Notice:  Undefined variable: row in /var/www/html/erpm/Controller/get_site_master_controller.php on line 45
[02-Jan-2023 18:42:53 Asia/Kolkata] PHP Notice:  Trying to access array offset on value of type null in /var/www/html/erpm/Controller/get_site_master_controller.php on line 45
[02-Jan-2023 18:42:53 Asia/Kolkata] PHP Notice:  Undefined variable: row in /var/www/html/erpm/Controller/get_site_master_controller.php on line 45
[02-Jan-2023 18:42:53 Asia/Kolkata] PHP Notice:  Trying to access array offset on value of type null in /var/www/html/erpm/Controller/get_site_master_controller.php on line 45
[02-Jan-2023 18:42:53 Asia/Kolkata] PHP Notice:  Undefined variable: row in /var/www/html/erpm/Controller/get_site_master_controller.php on line 45
[02-Jan-2023 18:42:53 Asia/Kolkata] PHP Notice:  Trying to access array offset on value of type null in /var/www/html/erpm/Controller/get_site_master_controller.php on line 45
[02-Jan-2023 18:42:53 Asia/Kolkata] PHP Notice:  Undefined variable: row in /var/www/html/erpm/Controller/get_site_master_controller.php on line 45
[02-Jan-2023 18:42:53 Asia/Kolkata] PHP Notice:  Trying to access array offset on value of type null in /var/www/html/erpm/Controller/get_site_master_controller.php on line 45
[02-Jan-2023 18:42:53 Asia/Kolkata] PHP Notice:  Undefined variable: row in /var/www/html/erpm/Controller/get_site_master_controller.php on line 45
[02-Jan-2023 18:42:53 Asia/Kolkata] PHP Notice:  Trying to access array offset on value of type null in /var/www/html/erpm/Controller/get_site_master_controller.php on line 45
[02-Jan-2023 18:42:53 Asia/Kolkata] PHP Notice:  Undefined variable: row in /var/www/html/erpm/Controller/get_site_master_controller.php on line 45
[02-Jan-2023 18:42:53 Asia/Kolkata] PHP Notice:  Trying to access array offset on value of type null in /var/www/html/erpm/Controller/get_site_master_controller.php on line 45
[02-Jan-2023 18:42:53 Asia/Kolkata] PHP Notice:  Undefined variable: row in /var/www/html/erpm/Controller/get_site_master_controller.php on line 45
[02-Jan-2023 18:42:53 Asia/Kolkata] PHP Notice:  Trying to access array offset on value of type null in /var/www/html/erpm/Controller/get_site_master_controller.php on line 45
