[06-Jan-2023 09:38:24 Asia/Kolkata] PHP Notice:  Undefined index: __user_logid in /var/www/html/erpm/AppCode/nHead.php on line 2
[06-Jan-2023 09:38:28 Asia/Kolkata] PHP Deprecated:  __autoload() is deprecated, use spl_autoload_register() instead in /var/www/html/erpm/AppData/lib/PHPMailer-master/PHPMailerAutoload.php on line 45
[06-Jan-2023 09:38:28 Asia/Kolkata] PHP Warning:  mysqli_stmt::bind_param(): Number of elements in type definition string doesn't match number of bind variables in /var/www/html/erpm/Controller/ConLog.php on line 464
[06-Jan-2023 09:38:28 Asia/Kolkata] PHP Warning:  Use of undefined constant EMS_CenterName - assumed 'EMS_CenterName' (this will throw an Error in a future version of PHP) in /var/www/html/erpm/Controller/ConLog.php on line 470
[06-Jan-2023 09:38:28 Asia/Kolkata] PHP Warning:  Use of undefined constant EMAIL_HOST - assumed 'EMAIL_HOST' (this will throw an Error in a future version of PHP) in /var/www/html/erpm/Controller/ConLog.php on line 473
[06-Jan-2023 09:38:28 Asia/Kolkata] PHP Warning:  Use of undefined constant EMAIL_AUTH - assumed 'EMAIL_AUTH' (this will throw an Error in a future version of PHP) in /var/www/html/erpm/Controller/ConLog.php on line 474
[06-Jan-2023 09:38:28 Asia/Kolkata] PHP Warning:  Use of undefined constant EMAIL_USER - assumed 'EMAIL_USER' (this will throw an Error in a future version of PHP) in /var/www/html/erpm/Controller/ConLog.php on line 475
[06-Jan-2023 09:38:28 Asia/Kolkata] PHP Warning:  Use of undefined constant EMAIL_PASS - assumed 'EMAIL_PASS' (this will throw an Error in a future version of PHP) in /var/www/html/erpm/Controller/ConLog.php on line 476
[06-Jan-2023 09:38:28 Asia/Kolkata] PHP Warning:  Use of undefined constant EMAIL_SMTPSecure - assumed 'EMAIL_SMTPSecure' (this will throw an Error in a future version of PHP) in /var/www/html/erpm/Controller/ConLog.php on line 477
[06-Jan-2023 09:38:28 Asia/Kolkata] PHP Warning:  Use of undefined constant EMAIL_PORT - assumed 'EMAIL_PORT' (this will throw an Error in a future version of PHP) in /var/www/html/erpm/Controller/ConLog.php on line 478
[06-Jan-2023 09:38:28 Asia/Kolkata] PHP Warning:  Use of undefined constant EMAIL_FROM - assumed 'EMAIL_FROM' (this will throw an Error in a future version of PHP) in /var/www/html/erpm/Controller/ConLog.php on line 479
[06-Jan-2023 09:38:28 Asia/Kolkata] PHP Warning:  Use of undefined constant EMS_CenterName - assumed 'EMS_CenterName' (this will throw an Error in a future version of PHP) in /var/www/html/erpm/Controller/ConLog.php on line 482
[06-Jan-2023 09:38:30 Asia/Kolkata] PHP Notice:  Undefined index: to in /var/www/html/erpm/View/calcRange.php on line 42
[06-Jan-2023 09:38:31 Asia/Kolkata] PHP Notice:  Object of class mysqli_result could not be converted to int in /var/www/html/erpm/View/calcRange.php on line 412
[06-Jan-2023 09:38:31 Asia/Kolkata] PHP Notice:  Undefined index: 2023-01-05 in /var/www/html/erpm/View/calcRange.php on line 583
[06-Jan-2023 09:38:31 Asia/Kolkata] PHP Notice:  Undefined index: 2023-01-05 in /var/www/html/erpm/View/calcRange.php on line 932
[06-Jan-2023 09:38:31 Asia/Kolkata] PHP Notice:  Undefined index: 2023-01-05 in /var/www/html/erpm/View/calcRange.php on line 1225
[06-Jan-2023 09:38:31 Asia/Kolkata] PHP Notice:  Array to string conversion in /var/www/html/erpm/View/calcRange.php on line 1559
[06-Jan-2023 09:38:33 Asia/Kolkata] PHP Notice:  Undefined index: txt_dateFrom in /var/www/html/erpm/View/message-popup.php on line 27
[06-Jan-2023 09:38:33 Asia/Kolkata] PHP Notice:  Undefined index: txt_dateto in /var/www/html/erpm/View/message-popup.php on line 34
[06-Jan-2023 09:41:23 Asia/Kolkata] PHP Notice:  Undefined index: __user_logid in /var/www/html/erpm/AppCode/nHead.php on line 2
[06-Jan-2023 09:41:26 Asia/Kolkata] PHP Warning:  mysqli_stmt::bind_param(): Number of elements in type definition string doesn't match number of bind variables in /var/www/html/erpm/Controller/ConLog.php on line 464
[06-Jan-2023 09:41:26 Asia/Kolkata] PHP Notice:  Undefined index: to in /var/www/html/erpm/View/calcRange.php on line 42
[06-Jan-2023 09:41:28 Asia/Kolkata] PHP Notice:  Object of class mysqli_result could not be converted to int in /var/www/html/erpm/View/calcRange.php on line 412
[06-Jan-2023 09:41:28 Asia/Kolkata] PHP Notice:  Undefined index: 2023-01-05 in /var/www/html/erpm/View/calcRange.php on line 583
[06-Jan-2023 09:41:28 Asia/Kolkata] PHP Notice:  Undefined index: 2023-01-05 in /var/www/html/erpm/View/calcRange.php on line 932
[06-Jan-2023 09:41:28 Asia/Kolkata] PHP Notice:  Undefined index: 2023-01-05 in /var/www/html/erpm/View/calcRange.php on line 1225
[06-Jan-2023 09:41:28 Asia/Kolkata] PHP Notice:  Array to string conversion in /var/www/html/erpm/View/calcRange.php on line 1559
[06-Jan-2023 09:41:28 Asia/Kolkata] PHP Notice:  Undefined index: txt_dateFrom in /var/www/html/erpm/View/message-popup.php on line 27
[06-Jan-2023 09:41:28 Asia/Kolkata] PHP Notice:  Undefined index: txt_dateto in /var/www/html/erpm/View/message-popup.php on line 34
[06-Jan-2023 09:42:03 Asia/Kolkata] PHP Notice:  Undefined index: txt_dateFrom in /var/www/html/erpm/View/message-popup.php on line 27
[06-Jan-2023 09:42:03 Asia/Kolkata] PHP Notice:  Undefined index: txt_dateto in /var/www/html/erpm/View/message-popup.php on line 34
[06-Jan-2023 09:42:07 Asia/Kolkata] PHP Notice:  Undefined index: txt_dateFrom in /var/www/html/erpm/View/message-popup.php on line 27
[06-Jan-2023 09:42:07 Asia/Kolkata] PHP Notice:  Undefined index: txt_dateto in /var/www/html/erpm/View/message-popup.php on line 34
[06-Jan-2023 09:42:33 Asia/Kolkata] PHP Notice:  Undefined index: txt_dateFrom in /var/www/html/erpm/View/message-popup.php on line 27
[06-Jan-2023 09:42:33 Asia/Kolkata] PHP Notice:  Undefined index: txt_dateto in /var/www/html/erpm/View/message-popup.php on line 34
[06-Jan-2023 09:42:35 Asia/Kolkata] PHP Notice:  Trying to access array offset on value of type null in /var/www/html/erpm/View/index.php on line 346
