[09-Feb-2023 16:00:11 Asia/Kolkata] PHP Notice:  Trying to access array offset on value of type null in C:\wamp64\www\emsdemo\View\index.php on line 356
[09-Feb-2023 16:00:11 Asia/Kolkata] PHP Stack trace:
[09-Feb-2023 16:00:11 Asia/Kolkata] PHP   1. {main}() C:\wamp64\www\emsdemo\View\index.php:0
[09-Feb-2023 16:00:33 Asia/Kolkata] PHP Notice:  Undefined index: token in C:\wamp64\www\emsdemo\View\add_leave.php on line 14
[09-Feb-2023 16:00:33 Asia/Kolkata] PHP Stack trace:
[09-Feb-2023 16:00:33 Asia/Kolkata] PHP   1. {main}() C:\wamp64\www\emsdemo\View\add_leave.php:0
[09-Feb-2023 16:00:43 Asia/Kolkata] PHP Notice:  Undefined index: token in C:\wamp64\www\emsdemo\View\add_leave.php on line 14
[09-Feb-2023 16:00:43 Asia/Kolkata] PHP Stack trace:
[09-Feb-2023 16:00:43 Asia/Kolkata] PHP   1. {main}() C:\wamp64\www\emsdemo\View\add_leave.php:0
[09-Feb-2023 16:00:53 Asia/Kolkata] PHP Notice:  Undefined index: token in C:\wamp64\www\emsdemo\View\add_leave.php on line 14
[09-Feb-2023 16:00:53 Asia/Kolkata] PHP Stack trace:
[09-Feb-2023 16:00:53 Asia/Kolkata] PHP   1. {main}() C:\wamp64\www\emsdemo\View\add_leave.php:0
[09-Feb-2023 16:00:53 Asia/Kolkata] PHP Notice:  Undefined index: req in C:\wamp64\www\emsdemo\View\add_leave.php on line 420
[09-Feb-2023 16:00:53 Asia/Kolkata] PHP Stack trace:
[09-Feb-2023 16:00:53 Asia/Kolkata] PHP   1. {main}() C:\wamp64\www\emsdemo\View\add_leave.php:0
[09-Feb-2023 16:00:53 Asia/Kolkata] PHP Notice:  Undefined index: req in C:\wamp64\www\emsdemo\View\add_leave.php on line 424
[09-Feb-2023 16:00:53 Asia/Kolkata] PHP Stack trace:
[09-Feb-2023 16:00:53 Asia/Kolkata] PHP   1. {main}() C:\wamp64\www\emsdemo\View\add_leave.php:0
[09-Feb-2023 16:00:54 Asia/Kolkata] PHP Notice:  Undefined variable: leave_Level in C:\wamp64\www\emsdemo\View\add_leave.php on line 911
[09-Feb-2023 16:00:54 Asia/Kolkata] PHP Stack trace:
[09-Feb-2023 16:00:54 Asia/Kolkata] PHP   1. {main}() C:\wamp64\www\emsdemo\View\add_leave.php:0
[09-Feb-2023 16:01:04 Asia/Kolkata] PHP Notice:  Undefined index: req in C:\wamp64\www\emsdemo\View\add_leave.php on line 420
[09-Feb-2023 16:01:04 Asia/Kolkata] PHP Stack trace:
[09-Feb-2023 16:01:04 Asia/Kolkata] PHP   1. {main}() C:\wamp64\www\emsdemo\View\add_leave.php:0
[09-Feb-2023 16:01:04 Asia/Kolkata] PHP Notice:  Undefined index: req in C:\wamp64\www\emsdemo\View\add_leave.php on line 424
[09-Feb-2023 16:01:04 Asia/Kolkata] PHP Stack trace:
[09-Feb-2023 16:01:04 Asia/Kolkata] PHP   1. {main}() C:\wamp64\www\emsdemo\View\add_leave.php:0
[09-Feb-2023 16:01:04 Asia/Kolkata] PHP Notice:  Undefined variable: leave_Level in C:\wamp64\www\emsdemo\View\add_leave.php on line 911
[09-Feb-2023 16:01:04 Asia/Kolkata] PHP Stack trace:
[09-Feb-2023 16:01:04 Asia/Kolkata] PHP   1. {main}() C:\wamp64\www\emsdemo\View\add_leave.php:0
[09-Feb-2023 16:02:12 Asia/Kolkata] PHP Notice:  Undefined index: req in C:\wamp64\www\emsdemo\View\add_leave.php on line 420
[09-Feb-2023 16:02:12 Asia/Kolkata] PHP Stack trace:
[09-Feb-2023 16:02:12 Asia/Kolkata] PHP   1. {main}() C:\wamp64\www\emsdemo\View\add_leave.php:0
[09-Feb-2023 16:02:12 Asia/Kolkata] PHP Notice:  Undefined index: req in C:\wamp64\www\emsdemo\View\add_leave.php on line 424
[09-Feb-2023 16:02:12 Asia/Kolkata] PHP Stack trace:
[09-Feb-2023 16:02:12 Asia/Kolkata] PHP   1. {main}() C:\wamp64\www\emsdemo\View\add_leave.php:0
[09-Feb-2023 16:02:12 Asia/Kolkata] PHP Notice:  Undefined variable: leave_Level in C:\wamp64\www\emsdemo\View\add_leave.php on line 911
[09-Feb-2023 16:02:12 Asia/Kolkata] PHP Stack trace:
[09-Feb-2023 16:02:12 Asia/Kolkata] PHP   1. {main}() C:\wamp64\www\emsdemo\View\add_leave.php:0
[09-Feb-2023 16:05:53 Asia/Kolkata] PHP Notice:  Undefined index: req in C:\wamp64\www\emsdemo\View\add_leave.php on line 421
[09-Feb-2023 16:05:53 Asia/Kolkata] PHP Stack trace:
[09-Feb-2023 16:05:53 Asia/Kolkata] PHP   1. {main}() C:\wamp64\www\emsdemo\View\add_leave.php:0
[09-Feb-2023 16:05:53 Asia/Kolkata] PHP Notice:  Undefined index: req in C:\wamp64\www\emsdemo\View\add_leave.php on line 425
[09-Feb-2023 16:05:53 Asia/Kolkata] PHP Stack trace:
[09-Feb-2023 16:05:53 Asia/Kolkata] PHP   1. {main}() C:\wamp64\www\emsdemo\View\add_leave.php:0
[09-Feb-2023 16:05:54 Asia/Kolkata] PHP Notice:  Undefined variable: leave_Level in C:\wamp64\www\emsdemo\View\add_leave.php on line 912
[09-Feb-2023 16:05:54 Asia/Kolkata] PHP Stack trace:
[09-Feb-2023 16:05:54 Asia/Kolkata] PHP   1. {main}() C:\wamp64\www\emsdemo\View\add_leave.php:0
[09-Feb-2023 16:06:09 Asia/Kolkata] PHP Notice:  Undefined index: req in C:\wamp64\www\emsdemo\View\add_leave.php on line 421
[09-Feb-2023 16:06:09 Asia/Kolkata] PHP Stack trace:
[09-Feb-2023 16:06:09 Asia/Kolkata] PHP   1. {main}() C:\wamp64\www\emsdemo\View\add_leave.php:0
[09-Feb-2023 16:06:09 Asia/Kolkata] PHP Notice:  Undefined index: req in C:\wamp64\www\emsdemo\View\add_leave.php on line 425
[09-Feb-2023 16:06:09 Asia/Kolkata] PHP Stack trace:
[09-Feb-2023 16:06:09 Asia/Kolkata] PHP   1. {main}() C:\wamp64\www\emsdemo\View\add_leave.php:0
[09-Feb-2023 16:06:10 Asia/Kolkata] PHP Notice:  Undefined variable: leave_Level in C:\wamp64\www\emsdemo\View\add_leave.php on line 912
[09-Feb-2023 16:06:10 Asia/Kolkata] PHP Stack trace:
[09-Feb-2023 16:06:10 Asia/Kolkata] PHP   1. {main}() C:\wamp64\www\emsdemo\View\add_leave.php:0
[09-Feb-2023 16:06:22 Asia/Kolkata] PHP Notice:  Undefined index: req in C:\wamp64\www\emsdemo\View\add_leave.php on line 421
[09-Feb-2023 16:06:22 Asia/Kolkata] PHP Stack trace:
[09-Feb-2023 16:06:22 Asia/Kolkata] PHP   1. {main}() C:\wamp64\www\emsdemo\View\add_leave.php:0
[09-Feb-2023 16:06:22 Asia/Kolkata] PHP Notice:  Undefined index: req in C:\wamp64\www\emsdemo\View\add_leave.php on line 425
[09-Feb-2023 16:06:22 Asia/Kolkata] PHP Stack trace:
[09-Feb-2023 16:06:22 Asia/Kolkata] PHP   1. {main}() C:\wamp64\www\emsdemo\View\add_leave.php:0
[09-Feb-2023 16:06:23 Asia/Kolkata] PHP Notice:  Undefined variable: leave_Level in C:\wamp64\www\emsdemo\View\add_leave.php on line 912
[09-Feb-2023 16:06:23 Asia/Kolkata] PHP Stack trace:
[09-Feb-2023 16:06:23 Asia/Kolkata] PHP   1. {main}() C:\wamp64\www\emsdemo\View\add_leave.php:0
[09-Feb-2023 16:28:06 Asia/Kolkata] PHP Notice:  Undefined index: token in C:\wamp64\www\emsdemo\View\add_leave.php on line 15
[09-Feb-2023 16:28:06 Asia/Kolkata] PHP Stack trace:
[09-Feb-2023 16:28:06 Asia/Kolkata] PHP   1. {main}() C:\wamp64\www\emsdemo\View\add_leave.php:0
[09-Feb-2023 16:28:06 Asia/Kolkata] PHP Notice:  Undefined index: req in C:\wamp64\www\emsdemo\View\add_leave.php on line 421
[09-Feb-2023 16:28:06 Asia/Kolkata] PHP Stack trace:
[09-Feb-2023 16:28:06 Asia/Kolkata] PHP   1. {main}() C:\wamp64\www\emsdemo\View\add_leave.php:0
[09-Feb-2023 16:28:06 Asia/Kolkata] PHP Notice:  Undefined index: req in C:\wamp64\www\emsdemo\View\add_leave.php on line 425
[09-Feb-2023 16:28:06 Asia/Kolkata] PHP Stack trace:
[09-Feb-2023 16:28:06 Asia/Kolkata] PHP   1. {main}() C:\wamp64\www\emsdemo\View\add_leave.php:0
[09-Feb-2023 16:28:06 Asia/Kolkata] PHP Notice:  Undefined variable: leave_Level in C:\wamp64\www\emsdemo\View\add_leave.php on line 912
[09-Feb-2023 16:28:06 Asia/Kolkata] PHP Stack trace:
[09-Feb-2023 16:28:06 Asia/Kolkata] PHP   1. {main}() C:\wamp64\www\emsdemo\View\add_leave.php:0
[09-Feb-2023 16:29:00 Asia/Kolkata] PHP Notice:  Undefined index: req in C:\wamp64\www\emsdemo\View\add_leave.php on line 420
[09-Feb-2023 16:29:00 Asia/Kolkata] PHP Stack trace:
[09-Feb-2023 16:29:00 Asia/Kolkata] PHP   1. {main}() C:\wamp64\www\emsdemo\View\add_leave.php:0
[09-Feb-2023 16:29:00 Asia/Kolkata] PHP Notice:  Undefined index: req in C:\wamp64\www\emsdemo\View\add_leave.php on line 424
[09-Feb-2023 16:29:00 Asia/Kolkata] PHP Stack trace:
[09-Feb-2023 16:29:00 Asia/Kolkata] PHP   1. {main}() C:\wamp64\www\emsdemo\View\add_leave.php:0
[09-Feb-2023 16:29:00 Asia/Kolkata] PHP Notice:  Undefined variable: leave_Level in C:\wamp64\www\emsdemo\View\add_leave.php on line 911
[09-Feb-2023 16:29:00 Asia/Kolkata] PHP Stack trace:
[09-Feb-2023 16:29:00 Asia/Kolkata] PHP   1. {main}() C:\wamp64\www\emsdemo\View\add_leave.php:0
[09-Feb-2023 16:29:10 Asia/Kolkata] PHP Notice:  Undefined index: req in C:\wamp64\www\emsdemo\View\add_leave.php on line 420
[09-Feb-2023 16:29:10 Asia/Kolkata] PHP Stack trace:
[09-Feb-2023 16:29:10 Asia/Kolkata] PHP   1. {main}() C:\wamp64\www\emsdemo\View\add_leave.php:0
[09-Feb-2023 16:29:10 Asia/Kolkata] PHP Notice:  Undefined index: req in C:\wamp64\www\emsdemo\View\add_leave.php on line 424
[09-Feb-2023 16:29:10 Asia/Kolkata] PHP Stack trace:
[09-Feb-2023 16:29:10 Asia/Kolkata] PHP   1. {main}() C:\wamp64\www\emsdemo\View\add_leave.php:0
[09-Feb-2023 16:29:11 Asia/Kolkata] PHP Notice:  Undefined variable: leave_Level in C:\wamp64\www\emsdemo\View\add_leave.php on line 911
[09-Feb-2023 16:29:11 Asia/Kolkata] PHP Stack trace:
[09-Feb-2023 16:29:11 Asia/Kolkata] PHP   1. {main}() C:\wamp64\www\emsdemo\View\add_leave.php:0
