[27-Dec-2022 12:03:23 Asia/Kolkata] PHP Notice:  Undefined index: __user_logid in /var/www/html/erpm/AppCode/nHead.php on line 2
[27-Dec-2022 12:03:26 Asia/Kolkata] PHP Warning:  mysqli_stmt::bind_param(): Number of elements in type definition string doesn't match number of bind variables in /var/www/html/erpm/Controller/ConLog.php on line 464
[27-Dec-2022 12:03:27 Asia/Kolkata] PHP Notice:  Trying to access array offset on value of type null in /var/www/html/erpm/View/index.php on line 346
[27-Dec-2022 12:03:34 Asia/Kolkata] PHP Notice:  Undefined index: EmployeeID in /var/www/html/erpm/View/welcome_mail_template.php on line 16
[27-Dec-2022 12:03:34 Asia/Kolkata] PHP Notice:  Undefined index: token in /var/www/html/erpm/View/welcome_mail_template.php on line 17
[27-Dec-2022 12:08:46 Asia/Kolkata] PHP Notice:  Undefined index: __user_logid in /var/www/html/erpm/AppCode/nHead.php on line 2
[27-Dec-2022 12:08:52 Asia/Kolkata] PHP Warning:  mysqli_stmt::bind_param(): Number of elements in type definition string doesn't match number of bind variables in /var/www/html/erpm/Controller/ConLog.php on line 464
[27-Dec-2022 12:08:53 Asia/Kolkata] PHP Notice:  Trying to access array offset on value of type null in /var/www/html/erpm/View/index.php on line 346
[27-Dec-2022 12:09:06 Asia/Kolkata] PHP Notice:  Undefined index: EmployeeID in /var/www/html/erpm/View/welcome_mail_template.php on line 16
[27-Dec-2022 12:09:06 Asia/Kolkata] PHP Notice:  Undefined index: token in /var/www/html/erpm/View/welcome_mail_template.php on line 17
[27-Dec-2022 12:56:44 Asia/Kolkata] PHP Notice:  Undefined index: __user_logid in /var/www/html/erpm/AppCode/nHead.php on line 2
[27-Dec-2022 12:56:46 Asia/Kolkata] PHP Warning:  mysqli_stmt::bind_param(): Number of elements in type definition string doesn't match number of bind variables in /var/www/html/erpm/Controller/ConLog.php on line 464
[27-Dec-2022 12:56:46 Asia/Kolkata] PHP Warning:  Use of undefined constant EMS_CenterName - assumed 'EMS_CenterName' (this will throw an Error in a future version of PHP) in /var/www/html/erpm/Controller/ConLog.php on line 470
[27-Dec-2022 12:56:46 Asia/Kolkata] PHP Warning:  Use of undefined constant EMAIL_HOST - assumed 'EMAIL_HOST' (this will throw an Error in a future version of PHP) in /var/www/html/erpm/Controller/ConLog.php on line 473
[27-Dec-2022 12:56:46 Asia/Kolkata] PHP Warning:  Use of undefined constant EMAIL_AUTH - assumed 'EMAIL_AUTH' (this will throw an Error in a future version of PHP) in /var/www/html/erpm/Controller/ConLog.php on line 474
[27-Dec-2022 12:56:46 Asia/Kolkata] PHP Warning:  Use of undefined constant EMAIL_USER - assumed 'EMAIL_USER' (this will throw an Error in a future version of PHP) in /var/www/html/erpm/Controller/ConLog.php on line 475
[27-Dec-2022 12:56:46 Asia/Kolkata] PHP Warning:  Use of undefined constant EMAIL_PASS - assumed 'EMAIL_PASS' (this will throw an Error in a future version of PHP) in /var/www/html/erpm/Controller/ConLog.php on line 476
[27-Dec-2022 12:56:46 Asia/Kolkata] PHP Warning:  Use of undefined constant EMAIL_SMTPSecure - assumed 'EMAIL_SMTPSecure' (this will throw an Error in a future version of PHP) in /var/www/html/erpm/Controller/ConLog.php on line 477
[27-Dec-2022 12:56:46 Asia/Kolkata] PHP Warning:  Use of undefined constant EMAIL_PORT - assumed 'EMAIL_PORT' (this will throw an Error in a future version of PHP) in /var/www/html/erpm/Controller/ConLog.php on line 478
[27-Dec-2022 12:56:46 Asia/Kolkata] PHP Warning:  Use of undefined constant EMAIL_FROM - assumed 'EMAIL_FROM' (this will throw an Error in a future version of PHP) in /var/www/html/erpm/Controller/ConLog.php on line 479
[27-Dec-2022 12:56:46 Asia/Kolkata] PHP Warning:  Use of undefined constant EMS_CenterName - assumed 'EMS_CenterName' (this will throw an Error in a future version of PHP) in /var/www/html/erpm/Controller/ConLog.php on line 482
[27-Dec-2022 12:56:48 Asia/Kolkata] PHP Notice:  Trying to access array offset on value of type null in /var/www/html/erpm/View/index.php on line 346
[27-Dec-2022 12:56:55 Asia/Kolkata] PHP Notice:  Undefined index: pid in /var/www/html/erpm/View/buddy_details.php on line 150
[27-Dec-2022 12:56:55 Asia/Kolkata] PHP Notice:  Undefined index: pid in /var/www/html/erpm/View/buddy_details.php on line 150
[27-Dec-2022 12:56:55 Asia/Kolkata] PHP Notice:  Undefined index: pid in /var/www/html/erpm/View/buddy_details.php on line 150
[27-Dec-2022 12:56:55 Asia/Kolkata] PHP Notice:  Undefined index: pid in /var/www/html/erpm/View/buddy_details.php on line 150
[27-Dec-2022 12:56:55 Asia/Kolkata] PHP Notice:  Undefined index: pid in /var/www/html/erpm/View/buddy_details.php on line 150
[27-Dec-2022 12:56:55 Asia/Kolkata] PHP Notice:  Undefined index: pid in /var/www/html/erpm/View/buddy_details.php on line 150
[27-Dec-2022 12:56:55 Asia/Kolkata] PHP Notice:  Undefined index: pid in /var/www/html/erpm/View/buddy_details.php on line 150
[27-Dec-2022 12:56:55 Asia/Kolkata] PHP Notice:  Undefined index: pid in /var/www/html/erpm/View/buddy_details.php on line 150
[27-Dec-2022 12:56:55 Asia/Kolkata] PHP Notice:  Undefined index: pid in /var/www/html/erpm/View/buddy_details.php on line 150
[27-Dec-2022 12:56:55 Asia/Kolkata] PHP Notice:  Undefined index: pid in /var/www/html/erpm/View/buddy_details.php on line 150
[27-Dec-2022 12:56:55 Asia/Kolkata] PHP Notice:  Undefined index: pid in /var/www/html/erpm/View/buddy_details.php on line 150
[27-Dec-2022 12:56:55 Asia/Kolkata] PHP Notice:  Undefined index: pid in /var/www/html/erpm/View/buddy_details.php on line 150
[27-Dec-2022 12:56:55 Asia/Kolkata] PHP Notice:  Undefined index: pid in /var/www/html/erpm/View/buddy_details.php on line 150
[27-Dec-2022 12:56:55 Asia/Kolkata] PHP Notice:  Undefined index: pid in /var/www/html/erpm/View/buddy_details.php on line 150
[27-Dec-2022 12:56:55 Asia/Kolkata] PHP Notice:  Undefined index: pid in /var/www/html/erpm/View/buddy_details.php on line 150
[27-Dec-2022 12:56:55 Asia/Kolkata] PHP Notice:  Undefined index: pid in /var/www/html/erpm/View/buddy_details.php on line 150
[27-Dec-2022 12:56:55 Asia/Kolkata] PHP Notice:  Undefined index: pid in /var/www/html/erpm/View/buddy_details.php on line 150
[27-Dec-2022 12:56:55 Asia/Kolkata] PHP Notice:  Undefined index: pid in /var/www/html/erpm/View/buddy_details.php on line 150
[27-Dec-2022 12:56:55 Asia/Kolkata] PHP Notice:  Undefined index: pid in /var/www/html/erpm/View/buddy_details.php on line 150
[27-Dec-2022 12:56:55 Asia/Kolkata] PHP Notice:  Undefined index: pid in /var/www/html/erpm/View/buddy_details.php on line 150
[27-Dec-2022 12:56:55 Asia/Kolkata] PHP Notice:  Undefined index: pid in /var/www/html/erpm/View/buddy_details.php on line 150
[27-Dec-2022 12:56:55 Asia/Kolkata] PHP Notice:  Undefined index: pid in /var/www/html/erpm/View/buddy_details.php on line 150
[27-Dec-2022 12:56:55 Asia/Kolkata] PHP Notice:  Undefined index: pid in /var/www/html/erpm/View/buddy_details.php on line 150
[27-Dec-2022 12:56:55 Asia/Kolkata] PHP Notice:  Undefined index: pid in /var/www/html/erpm/View/buddy_details.php on line 150
[27-Dec-2022 12:56:55 Asia/Kolkata] PHP Notice:  Undefined index: pid in /var/www/html/erpm/View/buddy_details.php on line 150
[27-Dec-2022 12:56:55 Asia/Kolkata] PHP Notice:  Undefined index: pid in /var/www/html/erpm/View/buddy_details.php on line 150
[27-Dec-2022 12:56:55 Asia/Kolkata] PHP Notice:  Undefined index: pid in /var/www/html/erpm/View/buddy_details.php on line 150
[27-Dec-2022 12:56:55 Asia/Kolkata] PHP Notice:  Undefined index: pid in /var/www/html/erpm/View/buddy_details.php on line 150
[27-Dec-2022 12:56:55 Asia/Kolkata] PHP Notice:  Undefined index: pid in /var/www/html/erpm/View/buddy_details.php on line 150
[27-Dec-2022 12:56:55 Asia/Kolkata] PHP Notice:  Undefined index: pid in /var/www/html/erpm/View/buddy_details.php on line 150
[27-Dec-2022 12:56:55 Asia/Kolkata] PHP Notice:  Undefined index: pid in /var/www/html/erpm/View/buddy_details.php on line 150
[27-Dec-2022 12:56:55 Asia/Kolkata] PHP Notice:  Undefined index: pid in /var/www/html/erpm/View/buddy_details.php on line 150
[27-Dec-2022 12:56:55 Asia/Kolkata] PHP Notice:  Undefined index: pid in /var/www/html/erpm/View/buddy_details.php on line 150
[27-Dec-2022 12:56:55 Asia/Kolkata] PHP Notice:  Undefined index: pid in /var/www/html/erpm/View/buddy_details.php on line 150
[27-Dec-2022 12:56:55 Asia/Kolkata] PHP Notice:  Undefined index: pid in /var/www/html/erpm/View/buddy_details.php on line 150
[27-Dec-2022 12:56:55 Asia/Kolkata] PHP Notice:  Undefined index: pid in /var/www/html/erpm/View/buddy_details.php on line 150
[27-Dec-2022 12:56:55 Asia/Kolkata] PHP Notice:  Undefined index: pid in /var/www/html/erpm/View/buddy_details.php on line 150
[27-Dec-2022 12:56:55 Asia/Kolkata] PHP Notice:  Undefined index: pid in /var/www/html/erpm/View/buddy_details.php on line 150
[27-Dec-2022 12:56:55 Asia/Kolkata] PHP Notice:  Undefined index: pid in /var/www/html/erpm/View/buddy_details.php on line 150
[27-Dec-2022 12:56:55 Asia/Kolkata] PHP Notice:  Undefined index: pid in /var/www/html/erpm/View/buddy_details.php on line 150
[27-Dec-2022 12:56:55 Asia/Kolkata] PHP Notice:  Undefined index: pid in /var/www/html/erpm/View/buddy_details.php on line 150
[27-Dec-2022 12:56:55 Asia/Kolkata] PHP Notice:  Undefined index: pid in /var/www/html/erpm/View/buddy_details.php on line 150
[27-Dec-2022 12:56:55 Asia/Kolkata] PHP Notice:  Undefined index: pid in /var/www/html/erpm/View/buddy_details.php on line 150
[27-Dec-2022 12:56:55 Asia/Kolkata] PHP Notice:  Undefined index: pid in /var/www/html/erpm/View/buddy_details.php on line 150
[27-Dec-2022 12:56:55 Asia/Kolkata] PHP Notice:  Undefined index: pid in /var/www/html/erpm/View/buddy_details.php on line 150
[27-Dec-2022 12:56:55 Asia/Kolkata] PHP Notice:  Undefined index: pid in /var/www/html/erpm/View/buddy_details.php on line 150
[27-Dec-2022 12:56:55 Asia/Kolkata] PHP Notice:  Undefined index: pid in /var/www/html/erpm/View/buddy_details.php on line 150
[27-Dec-2022 12:56:55 Asia/Kolkata] PHP Notice:  Undefined index: pid in /var/www/html/erpm/View/buddy_details.php on line 150
[27-Dec-2022 12:56:55 Asia/Kolkata] PHP Notice:  Undefined index: pid in /var/www/html/erpm/View/buddy_details.php on line 150
[27-Dec-2022 12:56:55 Asia/Kolkata] PHP Notice:  Undefined index: pid in /var/www/html/erpm/View/buddy_details.php on line 150
[27-Dec-2022 12:56:55 Asia/Kolkata] PHP Notice:  Undefined index: pid in /var/www/html/erpm/View/buddy_details.php on line 150
[27-Dec-2022 12:56:55 Asia/Kolkata] PHP Notice:  Undefined index: pid in /var/www/html/erpm/View/buddy_details.php on line 150
[27-Dec-2022 12:56:55 Asia/Kolkata] PHP Notice:  Undefined index: pid in /var/www/html/erpm/View/buddy_details.php on line 150
[27-Dec-2022 12:56:55 Asia/Kolkata] PHP Notice:  Undefined index: pid in /var/www/html/erpm/View/buddy_details.php on line 150
[27-Dec-2022 12:56:55 Asia/Kolkata] PHP Notice:  Undefined index: pid in /var/www/html/erpm/View/buddy_details.php on line 150
[27-Dec-2022 12:56:55 Asia/Kolkata] PHP Notice:  Undefined index: pid in /var/www/html/erpm/View/buddy_details.php on line 150
[27-Dec-2022 12:56:55 Asia/Kolkata] PHP Notice:  Undefined index: pid in /var/www/html/erpm/View/buddy_details.php on line 150
[27-Dec-2022 12:56:55 Asia/Kolkata] PHP Notice:  Undefined index: pid in /var/www/html/erpm/View/buddy_details.php on line 150
[27-Dec-2022 12:56:55 Asia/Kolkata] PHP Notice:  Undefined index: pid in /var/www/html/erpm/View/buddy_details.php on line 150
[27-Dec-2022 12:56:55 Asia/Kolkata] PHP Notice:  Undefined index: pid in /var/www/html/erpm/View/buddy_details.php on line 150
[27-Dec-2022 12:56:55 Asia/Kolkata] PHP Notice:  Undefined index: pid in /var/www/html/erpm/View/buddy_details.php on line 150
[27-Dec-2022 12:56:55 Asia/Kolkata] PHP Notice:  Undefined index: pid in /var/www/html/erpm/View/buddy_details.php on line 150
[27-Dec-2022 12:56:55 Asia/Kolkata] PHP Notice:  Undefined index: pid in /var/www/html/erpm/View/buddy_details.php on line 150
[27-Dec-2022 12:56:55 Asia/Kolkata] PHP Notice:  Undefined index: pid in /var/www/html/erpm/View/buddy_details.php on line 150
[27-Dec-2022 12:56:55 Asia/Kolkata] PHP Notice:  Undefined index: pid in /var/www/html/erpm/View/buddy_details.php on line 150
[27-Dec-2022 12:56:55 Asia/Kolkata] PHP Notice:  Undefined index: pid in /var/www/html/erpm/View/buddy_details.php on line 150
[27-Dec-2022 12:56:55 Asia/Kolkata] PHP Notice:  Undefined index: pid in /var/www/html/erpm/View/buddy_details.php on line 150
[27-Dec-2022 12:56:55 Asia/Kolkata] PHP Notice:  Undefined index: pid in /var/www/html/erpm/View/buddy_details.php on line 150
[27-Dec-2022 12:56:55 Asia/Kolkata] PHP Notice:  Undefined index: pid in /var/www/html/erpm/View/buddy_details.php on line 150
[27-Dec-2022 12:56:55 Asia/Kolkata] PHP Notice:  Undefined index: pid in /var/www/html/erpm/View/buddy_details.php on line 150
[27-Dec-2022 12:56:55 Asia/Kolkata] PHP Notice:  Undefined index: pid in /var/www/html/erpm/View/buddy_details.php on line 150
[27-Dec-2022 12:56:55 Asia/Kolkata] PHP Notice:  Undefined index: pid in /var/www/html/erpm/View/buddy_details.php on line 150
[27-Dec-2022 12:56:55 Asia/Kolkata] PHP Notice:  Undefined index: pid in /var/www/html/erpm/View/buddy_details.php on line 150
[27-Dec-2022 12:56:55 Asia/Kolkata] PHP Notice:  Undefined index: pid in /var/www/html/erpm/View/buddy_details.php on line 150
[27-Dec-2022 12:56:55 Asia/Kolkata] PHP Notice:  Undefined index: pid in /var/www/html/erpm/View/buddy_details.php on line 150
[27-Dec-2022 12:56:55 Asia/Kolkata] PHP Notice:  Undefined index: pid in /var/www/html/erpm/View/buddy_details.php on line 150
[27-Dec-2022 12:56:55 Asia/Kolkata] PHP Notice:  Undefined index: pid in /var/www/html/erpm/View/buddy_details.php on line 150
[27-Dec-2022 12:56:55 Asia/Kolkata] PHP Notice:  Undefined index: pid in /var/www/html/erpm/View/buddy_details.php on line 150
[27-Dec-2022 12:56:55 Asia/Kolkata] PHP Notice:  Undefined index: pid in /var/www/html/erpm/View/buddy_details.php on line 150
[27-Dec-2022 12:56:55 Asia/Kolkata] PHP Notice:  Undefined index: pid in /var/www/html/erpm/View/buddy_details.php on line 150
[27-Dec-2022 12:56:55 Asia/Kolkata] PHP Notice:  Undefined index: pid in /var/www/html/erpm/View/buddy_details.php on line 150
[27-Dec-2022 12:56:55 Asia/Kolkata] PHP Notice:  Undefined index: pid in /var/www/html/erpm/View/buddy_details.php on line 150
[27-Dec-2022 12:56:55 Asia/Kolkata] PHP Notice:  Undefined index: pid in /var/www/html/erpm/View/buddy_details.php on line 150
[27-Dec-2022 12:56:55 Asia/Kolkata] PHP Notice:  Undefined index: pid in /var/www/html/erpm/View/buddy_details.php on line 150
[27-Dec-2022 12:56:55 Asia/Kolkata] PHP Notice:  Undefined index: pid in /var/www/html/erpm/View/buddy_details.php on line 150
[27-Dec-2022 12:56:55 Asia/Kolkata] PHP Notice:  Undefined index: pid in /var/www/html/erpm/View/buddy_details.php on line 150
[27-Dec-2022 12:56:55 Asia/Kolkata] PHP Notice:  Undefined index: pid in /var/www/html/erpm/View/buddy_details.php on line 150
[27-Dec-2022 12:56:55 Asia/Kolkata] PHP Notice:  Undefined index: pid in /var/www/html/erpm/View/buddy_details.php on line 150
[27-Dec-2022 12:56:55 Asia/Kolkata] PHP Notice:  Undefined index: pid in /var/www/html/erpm/View/buddy_details.php on line 150
[27-Dec-2022 12:56:55 Asia/Kolkata] PHP Notice:  Undefined index: pid in /var/www/html/erpm/View/buddy_details.php on line 150
[27-Dec-2022 12:56:55 Asia/Kolkata] PHP Notice:  Undefined index: pid in /var/www/html/erpm/View/buddy_details.php on line 150
[27-Dec-2022 12:56:55 Asia/Kolkata] PHP Notice:  Undefined index: pid in /var/www/html/erpm/View/buddy_details.php on line 150
[27-Dec-2022 12:56:55 Asia/Kolkata] PHP Notice:  Undefined index: pid in /var/www/html/erpm/View/buddy_details.php on line 150
[27-Dec-2022 12:56:55 Asia/Kolkata] PHP Notice:  Undefined index: pid in /var/www/html/erpm/View/buddy_details.php on line 150
[27-Dec-2022 12:56:55 Asia/Kolkata] PHP Notice:  Undefined index: pid in /var/www/html/erpm/View/buddy_details.php on line 150
[27-Dec-2022 12:56:55 Asia/Kolkata] PHP Notice:  Undefined index: pid in /var/www/html/erpm/View/buddy_details.php on line 150
[27-Dec-2022 12:56:55 Asia/Kolkata] PHP Notice:  Undefined index: pid in /var/www/html/erpm/View/buddy_details.php on line 150
[27-Dec-2022 12:56:55 Asia/Kolkata] PHP Notice:  Undefined index: pid in /var/www/html/erpm/View/buddy_details.php on line 150
[27-Dec-2022 12:56:55 Asia/Kolkata] PHP Notice:  Undefined index: pid in /var/www/html/erpm/View/buddy_details.php on line 150
[27-Dec-2022 12:56:55 Asia/Kolkata] PHP Notice:  Undefined index: pid in /var/www/html/erpm/View/buddy_details.php on line 150
[27-Dec-2022 12:56:55 Asia/Kolkata] PHP Notice:  Undefined index: pid in /var/www/html/erpm/View/buddy_details.php on line 150
[27-Dec-2022 12:56:55 Asia/Kolkata] PHP Notice:  Undefined index: pid in /var/www/html/erpm/View/buddy_details.php on line 150
[27-Dec-2022 12:56:55 Asia/Kolkata] PHP Notice:  Undefined index: pid in /var/www/html/erpm/View/buddy_details.php on line 150
[27-Dec-2022 12:56:55 Asia/Kolkata] PHP Notice:  Undefined index: pid in /var/www/html/erpm/View/buddy_details.php on line 150
[27-Dec-2022 12:56:55 Asia/Kolkata] PHP Notice:  Undefined index: pid in /var/www/html/erpm/View/buddy_details.php on line 150
[27-Dec-2022 12:56:55 Asia/Kolkata] PHP Notice:  Undefined index: pid in /var/www/html/erpm/View/buddy_details.php on line 150
[27-Dec-2022 12:56:55 Asia/Kolkata] PHP Notice:  Undefined index: pid in /var/www/html/erpm/View/buddy_details.php on line 150
[27-Dec-2022 12:56:55 Asia/Kolkata] PHP Notice:  Undefined index: pid in /var/www/html/erpm/View/buddy_details.php on line 150
[27-Dec-2022 12:56:55 Asia/Kolkata] PHP Notice:  Undefined index: pid in /var/www/html/erpm/View/buddy_details.php on line 150
[27-Dec-2022 12:56:55 Asia/Kolkata] PHP Notice:  Undefined index: pid in /var/www/html/erpm/View/buddy_details.php on line 150
[27-Dec-2022 12:56:55 Asia/Kolkata] PHP Notice:  Undefined index: pid in /var/www/html/erpm/View/buddy_details.php on line 150
[27-Dec-2022 12:56:55 Asia/Kolkata] PHP Notice:  Undefined index: pid in /var/www/html/erpm/View/buddy_details.php on line 150
[27-Dec-2022 12:56:55 Asia/Kolkata] PHP Notice:  Undefined index: pid in /var/www/html/erpm/View/buddy_details.php on line 150
[27-Dec-2022 12:56:55 Asia/Kolkata] PHP Notice:  Undefined index: pid in /var/www/html/erpm/View/buddy_details.php on line 150
[27-Dec-2022 12:56:55 Asia/Kolkata] PHP Notice:  Undefined index: pid in /var/www/html/erpm/View/buddy_details.php on line 150
[27-Dec-2022 12:56:55 Asia/Kolkata] PHP Notice:  Undefined index: pid in /var/www/html/erpm/View/buddy_details.php on line 150
[27-Dec-2022 12:56:55 Asia/Kolkata] PHP Notice:  Undefined index: pid in /var/www/html/erpm/View/buddy_details.php on line 150
[27-Dec-2022 12:56:55 Asia/Kolkata] PHP Notice:  Undefined index: pid in /var/www/html/erpm/View/buddy_details.php on line 150
[27-Dec-2022 12:56:55 Asia/Kolkata] PHP Notice:  Undefined index: pid in /var/www/html/erpm/View/buddy_details.php on line 150
[27-Dec-2022 12:56:55 Asia/Kolkata] PHP Notice:  Undefined index: pid in /var/www/html/erpm/View/buddy_details.php on line 150
[27-Dec-2022 12:56:55 Asia/Kolkata] PHP Notice:  Undefined index: pid in /var/www/html/erpm/View/buddy_details.php on line 150
[27-Dec-2022 12:56:55 Asia/Kolkata] PHP Notice:  Undefined index: pid in /var/www/html/erpm/View/buddy_details.php on line 150
[27-Dec-2022 12:56:55 Asia/Kolkata] PHP Notice:  Undefined index: pid in /var/www/html/erpm/View/buddy_details.php on line 150
[27-Dec-2022 12:56:55 Asia/Kolkata] PHP Notice:  Undefined index: pid in /var/www/html/erpm/View/buddy_details.php on line 150
[27-Dec-2022 12:56:55 Asia/Kolkata] PHP Notice:  Undefined index: pid in /var/www/html/erpm/View/buddy_details.php on line 150
[27-Dec-2022 12:56:55 Asia/Kolkata] PHP Notice:  Undefined index: pid in /var/www/html/erpm/View/buddy_details.php on line 150
[27-Dec-2022 12:56:55 Asia/Kolkata] PHP Notice:  Undefined index: pid in /var/www/html/erpm/View/buddy_details.php on line 150
[27-Dec-2022 12:56:55 Asia/Kolkata] PHP Notice:  Undefined index: pid in /var/www/html/erpm/View/buddy_details.php on line 150
[27-Dec-2022 12:56:55 Asia/Kolkata] PHP Notice:  Undefined index: pid in /var/www/html/erpm/View/buddy_details.php on line 150
[27-Dec-2022 12:56:55 Asia/Kolkata] PHP Notice:  Undefined index: pid in /var/www/html/erpm/View/buddy_details.php on line 150
[27-Dec-2022 12:56:55 Asia/Kolkata] PHP Notice:  Undefined index: pid in /var/www/html/erpm/View/buddy_details.php on line 150
[27-Dec-2022 12:56:55 Asia/Kolkata] PHP Notice:  Undefined index: pid in /var/www/html/erpm/View/buddy_details.php on line 150
[27-Dec-2022 12:56:55 Asia/Kolkata] PHP Notice:  Undefined index: pid in /var/www/html/erpm/View/buddy_details.php on line 150
[27-Dec-2022 12:56:55 Asia/Kolkata] PHP Notice:  Undefined index: pid in /var/www/html/erpm/View/buddy_details.php on line 150
[27-Dec-2022 12:56:55 Asia/Kolkata] PHP Notice:  Undefined index: pid in /var/www/html/erpm/View/buddy_details.php on line 150
[27-Dec-2022 12:56:55 Asia/Kolkata] PHP Notice:  Undefined index: pid in /var/www/html/erpm/View/buddy_details.php on line 150
[27-Dec-2022 12:56:55 Asia/Kolkata] PHP Notice:  Undefined index: pid in /var/www/html/erpm/View/buddy_details.php on line 150
[27-Dec-2022 12:56:55 Asia/Kolkata] PHP Notice:  Undefined index: pid in /var/www/html/erpm/View/buddy_details.php on line 150
[27-Dec-2022 12:56:55 Asia/Kolkata] PHP Notice:  Undefined index: pid in /var/www/html/erpm/View/buddy_details.php on line 150
[27-Dec-2022 12:56:55 Asia/Kolkata] PHP Notice:  Undefined index: pid in /var/www/html/erpm/View/buddy_details.php on line 150
[27-Dec-2022 12:56:55 Asia/Kolkata] PHP Notice:  Undefined index: pid in /var/www/html/erpm/View/buddy_details.php on line 150
[27-Dec-2022 12:56:55 Asia/Kolkata] PHP Notice:  Undefined index: pid in /var/www/html/erpm/View/buddy_details.php on line 150
[27-Dec-2022 12:56:55 Asia/Kolkata] PHP Notice:  Undefined index: pid in /var/www/html/erpm/View/buddy_details.php on line 150
[27-Dec-2022 12:56:55 Asia/Kolkata] PHP Notice:  Undefined index: pid in /var/www/html/erpm/View/buddy_details.php on line 150
[27-Dec-2022 12:56:55 Asia/Kolkata] PHP Notice:  Undefined index: pid in /var/www/html/erpm/View/buddy_details.php on line 150
[27-Dec-2022 12:56:55 Asia/Kolkata] PHP Notice:  Undefined index: pid in /var/www/html/erpm/View/buddy_details.php on line 150
[27-Dec-2022 12:56:55 Asia/Kolkata] PHP Notice:  Undefined index: pid in /var/www/html/erpm/View/buddy_details.php on line 150
[27-Dec-2022 12:56:55 Asia/Kolkata] PHP Notice:  Undefined index: pid in /var/www/html/erpm/View/buddy_details.php on line 150
[27-Dec-2022 12:56:55 Asia/Kolkata] PHP Notice:  Undefined index: pid in /var/www/html/erpm/View/buddy_details.php on line 150
[27-Dec-2022 12:56:55 Asia/Kolkata] PHP Notice:  Undefined index: pid in /var/www/html/erpm/View/buddy_details.php on line 150
[27-Dec-2022 12:56:55 Asia/Kolkata] PHP Notice:  Undefined index: pid in /var/www/html/erpm/View/buddy_details.php on line 150
[27-Dec-2022 12:56:55 Asia/Kolkata] PHP Notice:  Undefined index: pid in /var/www/html/erpm/View/buddy_details.php on line 150
[27-Dec-2022 12:56:55 Asia/Kolkata] PHP Notice:  Undefined index: pid in /var/www/html/erpm/View/buddy_details.php on line 150
[27-Dec-2022 12:56:55 Asia/Kolkata] PHP Notice:  Undefined index: pid in /var/www/html/erpm/View/buddy_details.php on line 150
[27-Dec-2022 12:56:55 Asia/Kolkata] PHP Notice:  Undefined index: pid in /var/www/html/erpm/View/buddy_details.php on line 150
[27-Dec-2022 12:56:55 Asia/Kolkata] PHP Notice:  Undefined index: pid in /var/www/html/erpm/View/buddy_details.php on line 150
[27-Dec-2022 12:56:55 Asia/Kolkata] PHP Notice:  Undefined index: pid in /var/www/html/erpm/View/buddy_details.php on line 150
[27-Dec-2022 12:56:55 Asia/Kolkata] PHP Notice:  Undefined index: pid in /var/www/html/erpm/View/buddy_details.php on line 150
[27-Dec-2022 12:56:55 Asia/Kolkata] PHP Notice:  Undefined index: pid in /var/www/html/erpm/View/buddy_details.php on line 150
[27-Dec-2022 12:56:55 Asia/Kolkata] PHP Notice:  Undefined index: pid in /var/www/html/erpm/View/buddy_details.php on line 150
[27-Dec-2022 12:56:55 Asia/Kolkata] PHP Notice:  Undefined index: pid in /var/www/html/erpm/View/buddy_details.php on line 150
[27-Dec-2022 12:56:55 Asia/Kolkata] PHP Notice:  Undefined index: pid in /var/www/html/erpm/View/buddy_details.php on line 150
[27-Dec-2022 12:56:55 Asia/Kolkata] PHP Notice:  Undefined index: pid in /var/www/html/erpm/View/buddy_details.php on line 150
[27-Dec-2022 12:56:55 Asia/Kolkata] PHP Notice:  Undefined index: pid in /var/www/html/erpm/View/buddy_details.php on line 150
[27-Dec-2022 12:56:55 Asia/Kolkata] PHP Notice:  Undefined index: pid in /var/www/html/erpm/View/buddy_details.php on line 150
[27-Dec-2022 12:56:55 Asia/Kolkata] PHP Notice:  Undefined index: pid in /var/www/html/erpm/View/buddy_details.php on line 150
[27-Dec-2022 12:56:55 Asia/Kolkata] PHP Notice:  Undefined index: pid in /var/www/html/erpm/View/buddy_details.php on line 150
[27-Dec-2022 12:56:55 Asia/Kolkata] PHP Notice:  Undefined index: pid in /var/www/html/erpm/View/buddy_details.php on line 150
[27-Dec-2022 12:56:55 Asia/Kolkata] PHP Notice:  Undefined index: pid in /var/www/html/erpm/View/buddy_details.php on line 150
[27-Dec-2022 12:56:55 Asia/Kolkata] PHP Notice:  Undefined index: pid in /var/www/html/erpm/View/buddy_details.php on line 150
[27-Dec-2022 12:56:55 Asia/Kolkata] PHP Notice:  Undefined index: pid in /var/www/html/erpm/View/buddy_details.php on line 150
[27-Dec-2022 12:56:55 Asia/Kolkata] PHP Notice:  Undefined index: pid in /var/www/html/erpm/View/buddy_details.php on line 150
[27-Dec-2022 12:56:55 Asia/Kolkata] PHP Notice:  Undefined index: pid in /var/www/html/erpm/View/buddy_details.php on line 150
[27-Dec-2022 12:56:55 Asia/Kolkata] PHP Notice:  Undefined index: pid in /var/www/html/erpm/View/buddy_details.php on line 150
[27-Dec-2022 12:56:55 Asia/Kolkata] PHP Notice:  Undefined index: pid in /var/www/html/erpm/View/buddy_details.php on line 150
[27-Dec-2022 12:56:55 Asia/Kolkata] PHP Notice:  Undefined index: pid in /var/www/html/erpm/View/buddy_details.php on line 150
[27-Dec-2022 12:56:55 Asia/Kolkata] PHP Notice:  Undefined index: pid in /var/www/html/erpm/View/buddy_details.php on line 150
[27-Dec-2022 12:56:55 Asia/Kolkata] PHP Notice:  Undefined index: pid in /var/www/html/erpm/View/buddy_details.php on line 150
[27-Dec-2022 12:56:55 Asia/Kolkata] PHP Notice:  Undefined index: pid in /var/www/html/erpm/View/buddy_details.php on line 150
[27-Dec-2022 12:56:55 Asia/Kolkata] PHP Notice:  Undefined index: pid in /var/www/html/erpm/View/buddy_details.php on line 150
[27-Dec-2022 12:56:55 Asia/Kolkata] PHP Notice:  Undefined index: pid in /var/www/html/erpm/View/buddy_details.php on line 150
[27-Dec-2022 12:56:55 Asia/Kolkata] PHP Notice:  Undefined index: pid in /var/www/html/erpm/View/buddy_details.php on line 150
[27-Dec-2022 12:56:55 Asia/Kolkata] PHP Notice:  Undefined index: pid in /var/www/html/erpm/View/buddy_details.php on line 150
[27-Dec-2022 12:56:55 Asia/Kolkata] PHP Notice:  Undefined index: pid in /var/www/html/erpm/View/buddy_details.php on line 150
[27-Dec-2022 12:56:55 Asia/Kolkata] PHP Notice:  Undefined index: pid in /var/www/html/erpm/View/buddy_details.php on line 150
[27-Dec-2022 12:56:55 Asia/Kolkata] PHP Notice:  Undefined index: pid in /var/www/html/erpm/View/buddy_details.php on line 150
[27-Dec-2022 12:56:55 Asia/Kolkata] PHP Notice:  Undefined index: pid in /var/www/html/erpm/View/buddy_details.php on line 150
[27-Dec-2022 12:56:55 Asia/Kolkata] PHP Notice:  Undefined index: pid in /var/www/html/erpm/View/buddy_details.php on line 150
[27-Dec-2022 12:56:55 Asia/Kolkata] PHP Notice:  Undefined index: pid in /var/www/html/erpm/View/buddy_details.php on line 150
[27-Dec-2022 12:56:55 Asia/Kolkata] PHP Notice:  Undefined index: pid in /var/www/html/erpm/View/buddy_details.php on line 150
[27-Dec-2022 12:56:55 Asia/Kolkata] PHP Notice:  Undefined index: pid in /var/www/html/erpm/View/buddy_details.php on line 150
[27-Dec-2022 12:56:55 Asia/Kolkata] PHP Notice:  Undefined index: pid in /var/www/html/erpm/View/buddy_details.php on line 150
[27-Dec-2022 12:56:55 Asia/Kolkata] PHP Notice:  Undefined index: pid in /var/www/html/erpm/View/buddy_details.php on line 150
[27-Dec-2022 12:56:55 Asia/Kolkata] PHP Notice:  Undefined index: pid in /var/www/html/erpm/View/buddy_details.php on line 150
[27-Dec-2022 12:56:55 Asia/Kolkata] PHP Notice:  Undefined index: pid in /var/www/html/erpm/View/buddy_details.php on line 150
[27-Dec-2022 12:56:55 Asia/Kolkata] PHP Notice:  Undefined index: pid in /var/www/html/erpm/View/buddy_details.php on line 150
[27-Dec-2022 12:56:55 Asia/Kolkata] PHP Notice:  Undefined index: pid in /var/www/html/erpm/View/buddy_details.php on line 150
[27-Dec-2022 12:56:55 Asia/Kolkata] PHP Notice:  Undefined index: pid in /var/www/html/erpm/View/buddy_details.php on line 150
[27-Dec-2022 12:56:55 Asia/Kolkata] PHP Notice:  Undefined index: pid in /var/www/html/erpm/View/buddy_details.php on line 150
[27-Dec-2022 12:56:55 Asia/Kolkata] PHP Notice:  Undefined index: pid in /var/www/html/erpm/View/buddy_details.php on line 150
[27-Dec-2022 12:56:55 Asia/Kolkata] PHP Notice:  Undefined index: pid in /var/www/html/erpm/View/buddy_details.php on line 150
[27-Dec-2022 12:56:55 Asia/Kolkata] PHP Notice:  Undefined index: pid in /var/www/html/erpm/View/buddy_details.php on line 150
[27-Dec-2022 12:56:55 Asia/Kolkata] PHP Notice:  Undefined index: pid in /var/www/html/erpm/View/buddy_details.php on line 173
