[05-Jan-2023 16:02:10 Asia/Kolkata] PHP Notice:  Undefined index: txt_dateMonth in /var/www/html/erpm/View/team_atnd.php on line 32
[05-Jan-2023 16:02:14 Asia/Kolkata] PHP Notice:  Trying to access array offset on value of type null in /var/www/html/erpm/View/team_atnd.php on line 247
[05-Jan-2023 16:02:14 Asia/Kolkata] PHP Notice:  Trying to access array offset on value of type null in /var/www/html/erpm/View/team_atnd.php on line 319
[05-Jan-2023 16:03:01 Asia/Kolkata] PHP Notice:  Undefined index: txt_dept in /var/www/html/erpm/View/team_atnd.php on line 36
[05-Jan-2023 16:03:05 Asia/Kolkata] PHP Notice:  Undefined index: txt_dept in /var/www/html/erpm/View/team_atnd.php on line 36
[05-Jan-2023 16:03:08 Asia/Kolkata] PHP Notice:  Undefined index: emp_status in /var/www/html/erpm/View/rpt_Roster_for_rt.php on line 176
[05-Jan-2023 16:03:08 Asia/Kolkata] PHP Notice:  Undefined index: emp_status in /var/www/html/erpm/View/rpt_Roster_for_rt.php on line 180
[05-Jan-2023 16:03:11 Asia/Kolkata] PHP Notice:  Undefined index: txt_dateFor in /var/www/html/erpm/View/rpt_WeeklyRoster.php on line 30
[05-Jan-2023 16:03:11 Asia/Kolkata] PHP Notice:  Undefined index: txt_Process in /var/www/html/erpm/View/rpt_WeeklyRoster.php on line 37
[05-Jan-2023 16:03:11 Asia/Kolkata] PHP Notice:  Undefined index: txt_Process in /var/www/html/erpm/View/rpt_WeeklyRoster.php on line 191
[05-Jan-2023 16:03:13 Asia/Kolkata] PHP Notice:  Undefined index: emp_status in /var/www/html/erpm/View/rpt_Roster_for_rt.php on line 176
[05-Jan-2023 16:03:13 Asia/Kolkata] PHP Notice:  Undefined index: emp_status in /var/www/html/erpm/View/rpt_Roster_for_rt.php on line 180
[05-Jan-2023 16:03:31 Asia/Kolkata] PHP Warning:  mysqli_stmt::bind_param(): Number of elements in type definition string doesn't match number of bind variables in /var/www/html/erpm/Controller/ConLog.php on line 464
[05-Jan-2023 16:03:33 Asia/Kolkata] PHP Notice:  Trying to access array offset on value of type null in /var/www/html/erpm/View/index.php on line 346
[05-Jan-2023 16:03:45 Asia/Kolkata] PHP Notice:  Undefined index: txt_dateFor in /var/www/html/erpm/View/rpt_WeeklyRoster.php on line 30
[05-Jan-2023 16:03:45 Asia/Kolkata] PHP Notice:  Undefined index: txt_Process in /var/www/html/erpm/View/rpt_WeeklyRoster.php on line 37
[05-Jan-2023 16:03:46 Asia/Kolkata] PHP Notice:  Undefined index: txt_Process in /var/www/html/erpm/View/rpt_WeeklyRoster.php on line 191
[05-Jan-2023 16:03:52 Asia/Kolkata] PHP Notice:  Only variables should be passed by reference in /var/www/html/erpm/View/rpt_WeeklyRoster.php on line 464
[05-Jan-2023 16:03:52 Asia/Kolkata] PHP Notice:  Only variables should be passed by reference in /var/www/html/erpm/View/rpt_WeeklyRoster.php on line 473
[05-Jan-2023 16:03:53 Asia/Kolkata] PHP Notice:  Trying to access array offset on value of type null in /var/www/html/erpm/View/rpt_WeeklyRoster.php on line 477
[05-Jan-2023 16:04:35 Asia/Kolkata] PHP Notice:  Undefined index: delid in /var/www/html/erpm/View/manage_email.php on line 30
[05-Jan-2023 16:04:35 Asia/Kolkata] PHP Notice:  Undefined index: email_address in /var/www/html/erpm/View/manage_email.php on line 53
[05-Jan-2023 16:04:35 Asia/Kolkata] PHP Notice:  Undefined index: addbriefing in /var/www/html/erpm/View/manage_email.php on line 54
[05-Jan-2023 16:04:35 Asia/Kolkata] PHP Notice:  Undefined index: savebriefing in /var/www/html/erpm/View/manage_email.php on line 88
[05-Jan-2023 16:04:35 Asia/Kolkata] PHP Notice:  Undefined index: id in /var/www/html/erpm/View/manage_email.php on line 91
[05-Jan-2023 16:07:33 Asia/Kolkata] PHP Notice:  Undefined index: __user_logid in /var/www/html/erpm/AppCode/nHead.php on line 2
[05-Jan-2023 16:08:08 Asia/Kolkata] PHP Warning:  mysqli_stmt::bind_param(): Number of elements in type definition string doesn't match number of bind variables in /var/www/html/erpm/Controller/ConLog.php on line 464
[05-Jan-2023 16:08:14 Asia/Kolkata] PHP Notice:  Undefined index: txt_dateMonth in /var/www/html/erpm/View/team_atnd.php on line 32
[05-Jan-2023 16:08:18 Asia/Kolkata] PHP Notice:  Trying to access array offset on value of type null in /var/www/html/erpm/View/team_atnd.php on line 247
[05-Jan-2023 16:08:18 Asia/Kolkata] PHP Notice:  Trying to access array offset on value of type null in /var/www/html/erpm/View/team_atnd.php on line 319
[05-Jan-2023 16:08:27 Asia/Kolkata] PHP Notice:  Undefined index: emp_status in /var/www/html/erpm/View/rpt_Roster_for_rt.php on line 176
[05-Jan-2023 16:08:27 Asia/Kolkata] PHP Notice:  Undefined index: emp_status in /var/www/html/erpm/View/rpt_Roster_for_rt.php on line 180
[05-Jan-2023 16:08:30 Asia/Kolkata] PHP Notice:  Undefined index: txt_dateFor in /var/www/html/erpm/View/rpt_WeeklyRoster.php on line 30
[05-Jan-2023 16:08:30 Asia/Kolkata] PHP Notice:  Undefined index: txt_Process in /var/www/html/erpm/View/rpt_WeeklyRoster.php on line 37
[05-Jan-2023 16:08:30 Asia/Kolkata] PHP Notice:  Undefined index: txt_Process in /var/www/html/erpm/View/rpt_WeeklyRoster.php on line 191
[05-Jan-2023 16:08:39 Asia/Kolkata] PHP Notice:  Undefined index: newYear in /var/www/html/erpm/View/rpt_ryg_status.php on line 68
[05-Jan-2023 16:09:04 Asia/Kolkata] PHP Notice:  Undefined index: txt_dateMonth in /var/www/html/erpm/View/team_atnd.php on line 32
[05-Jan-2023 16:09:07 Asia/Kolkata] PHP Notice:  Trying to access array offset on value of type null in /var/www/html/erpm/View/team_atnd.php on line 247
[05-Jan-2023 16:09:07 Asia/Kolkata] PHP Notice:  Trying to access array offset on value of type null in /var/www/html/erpm/View/team_atnd.php on line 319
[05-Jan-2023 16:09:12 Asia/Kolkata] PHP Notice:  Undefined index: emp_status in /var/www/html/erpm/View/rpt_Roster_for_rt.php on line 176
[05-Jan-2023 16:09:12 Asia/Kolkata] PHP Notice:  Undefined index: emp_status in /var/www/html/erpm/View/rpt_Roster_for_rt.php on line 180
[05-Jan-2023 16:09:15 Asia/Kolkata] PHP Notice:  Undefined index: txt_dateFor in /var/www/html/erpm/View/rpt_WeeklyRoster.php on line 30
[05-Jan-2023 16:09:15 Asia/Kolkata] PHP Notice:  Undefined index: txt_Process in /var/www/html/erpm/View/rpt_WeeklyRoster.php on line 37
[05-Jan-2023 16:09:15 Asia/Kolkata] PHP Notice:  Undefined index: txt_Process in /var/www/html/erpm/View/rpt_WeeklyRoster.php on line 191
[05-Jan-2023 16:10:08 Asia/Kolkata] PHP Notice:  Undefined index: delid in /var/www/html/erpm/View/manage_email.php on line 30
[05-Jan-2023 16:10:08 Asia/Kolkata] PHP Notice:  Undefined index: email_address in /var/www/html/erpm/View/manage_email.php on line 53
[05-Jan-2023 16:10:08 Asia/Kolkata] PHP Notice:  Undefined index: addbriefing in /var/www/html/erpm/View/manage_email.php on line 54
[05-Jan-2023 16:10:08 Asia/Kolkata] PHP Notice:  Undefined index: savebriefing in /var/www/html/erpm/View/manage_email.php on line 88
[05-Jan-2023 16:10:08 Asia/Kolkata] PHP Notice:  Undefined index: id in /var/www/html/erpm/View/manage_email.php on line 91
[05-Jan-2023 16:10:19 Asia/Kolkata] PHP Notice:  Undefined index: delid in /var/www/html/erpm/View/manage_email.php on line 30
[05-Jan-2023 16:10:19 Asia/Kolkata] PHP Notice:  Undefined index: addbriefing in /var/www/html/erpm/View/manage_email.php on line 54
[05-Jan-2023 16:10:20 Asia/Kolkata] PHP Notice:  Undefined index: txt_dateMonth in /var/www/html/erpm/View/team_atnd.php on line 32
[05-Jan-2023 16:10:24 Asia/Kolkata] PHP Notice:  Trying to access array offset on value of type null in /var/www/html/erpm/View/team_atnd.php on line 247
[05-Jan-2023 16:10:24 Asia/Kolkata] PHP Notice:  Trying to access array offset on value of type null in /var/www/html/erpm/View/team_atnd.php on line 319
[05-Jan-2023 16:11:04 Asia/Kolkata] PHP Notice:  Undefined index: delid in /var/www/html/erpm/View/manage_email.php on line 30
[05-Jan-2023 16:11:04 Asia/Kolkata] PHP Notice:  Undefined index: addbriefing in /var/www/html/erpm/View/manage_email.php on line 54
[05-Jan-2023 16:11:09 Asia/Kolkata] PHP Notice:  Undefined index: delid in /var/www/html/erpm/View/manage_email.php on line 30
[05-Jan-2023 16:11:09 Asia/Kolkata] PHP Notice:  Undefined index: email_address in /var/www/html/erpm/View/manage_email.php on line 53
[05-Jan-2023 16:11:09 Asia/Kolkata] PHP Notice:  Undefined index: addbriefing in /var/www/html/erpm/View/manage_email.php on line 54
[05-Jan-2023 16:11:09 Asia/Kolkata] PHP Notice:  Undefined index: savebriefing in /var/www/html/erpm/View/manage_email.php on line 88
[05-Jan-2023 16:11:09 Asia/Kolkata] PHP Notice:  Undefined index: id in /var/www/html/erpm/View/manage_email.php on line 91
[05-Jan-2023 16:11:15 Asia/Kolkata] PHP Notice:  Undefined index: txt_dateFrom in /var/www/html/erpm/View/message-popup.php on line 27
[05-Jan-2023 16:11:15 Asia/Kolkata] PHP Notice:  Undefined index: txt_dateto in /var/www/html/erpm/View/message-popup.php on line 34
[05-Jan-2023 16:11:15 Asia/Kolkata] PHP Notice:  Undefined index: delid in /var/www/html/erpm/View/manage_email.php on line 30
[05-Jan-2023 16:11:15 Asia/Kolkata] PHP Notice:  Undefined index: addbriefing in /var/www/html/erpm/View/manage_email.php on line 54
[05-Jan-2023 16:11:42 Asia/Kolkata] PHP Notice:  Undefined index: __user_logid in /var/www/html/erpm/AppCode/nHead.php on line 2
[05-Jan-2023 16:11:44 Asia/Kolkata] PHP Warning:  mysqli_stmt::bind_param(): Number of elements in type definition string doesn't match number of bind variables in /var/www/html/erpm/Controller/ConLog.php on line 464
[05-Jan-2023 16:11:45 Asia/Kolkata] PHP Notice:  Trying to access array offset on value of type null in /var/www/html/erpm/View/index.php on line 346
[05-Jan-2023 16:11:51 Asia/Kolkata] PHP Notice:  Undefined index: delid in /var/www/html/erpm/View/manage_email.php on line 30
[05-Jan-2023 16:11:51 Asia/Kolkata] PHP Notice:  Undefined index: addbriefing in /var/www/html/erpm/View/manage_email.php on line 54
[05-Jan-2023 16:12:06 Asia/Kolkata] PHP Notice:  Undefined index: delid in /var/www/html/erpm/View/manage_email.php on line 30
[05-Jan-2023 16:12:06 Asia/Kolkata] PHP Notice:  Undefined index: addbriefing in /var/www/html/erpm/View/manage_email.php on line 54
[05-Jan-2023 16:12:51 Asia/Kolkata] PHP Notice:  Undefined index: delid in /var/www/html/erpm/View/manage_email.php on line 30
[05-Jan-2023 16:12:51 Asia/Kolkata] PHP Notice:  Undefined index: email_address in /var/www/html/erpm/View/manage_email.php on line 53
[05-Jan-2023 16:12:51 Asia/Kolkata] PHP Notice:  Undefined index: addbriefing in /var/www/html/erpm/View/manage_email.php on line 54
[05-Jan-2023 16:12:51 Asia/Kolkata] PHP Notice:  Undefined index: savebriefing in /var/www/html/erpm/View/manage_email.php on line 88
[05-Jan-2023 16:12:51 Asia/Kolkata] PHP Notice:  Undefined index: id in /var/www/html/erpm/View/manage_email.php on line 91
[05-Jan-2023 16:12:58 Asia/Kolkata] PHP Notice:  Undefined index: delid in /var/www/html/erpm/View/manage_email.php on line 30
[05-Jan-2023 16:12:58 Asia/Kolkata] PHP Notice:  Undefined index: addbriefing in /var/www/html/erpm/View/manage_email.php on line 54
[05-Jan-2023 16:13:25 Asia/Kolkata] PHP Notice:  Undefined index: delid in /var/www/html/erpm/View/manage_email.php on line 30
[05-Jan-2023 16:13:25 Asia/Kolkata] PHP Notice:  Undefined index: addbriefing in /var/www/html/erpm/View/manage_email.php on line 54
[05-Jan-2023 16:13:38 Asia/Kolkata] PHP Warning:  mysqli_stmt::bind_param(): Number of elements in type definition string doesn't match number of bind variables in /var/www/html/erpm/Controller/site_seat_controller.php on line 17
[05-Jan-2023 16:13:38 Asia/Kolkata] PHP Notice:  Trying to get property 'num_rows' of non-object in /var/www/html/erpm/Controller/site_seat_controller.php on line 24
[05-Jan-2023 16:13:45 Asia/Kolkata] PHP Notice:  Undefined index: delid in /var/www/html/erpm/View/manage_email.php on line 30
[05-Jan-2023 16:13:45 Asia/Kolkata] PHP Notice:  Undefined index: addbriefing in /var/www/html/erpm/View/manage_email.php on line 54
[05-Jan-2023 16:14:01 Asia/Kolkata] PHP Notice:  Undefined index: delid in /var/www/html/erpm/View/manage_email.php on line 30
[05-Jan-2023 16:14:01 Asia/Kolkata] PHP Notice:  Undefined index: addbriefing in /var/www/html/erpm/View/manage_email.php on line 54
[05-Jan-2023 16:14:30 Asia/Kolkata] PHP Notice:  Undefined index: delid in /var/www/html/erpm/View/manage_email.php on line 30
[05-Jan-2023 16:14:30 Asia/Kolkata] PHP Notice:  Undefined index: addbriefing in /var/www/html/erpm/View/manage_email.php on line 54
[05-Jan-2023 16:14:48 Asia/Kolkata] PHP Notice:  Undefined index: delid in /var/www/html/erpm/View/manage_email.php on line 30
[05-Jan-2023 16:14:48 Asia/Kolkata] PHP Notice:  Undefined index: email_address in /var/www/html/erpm/View/manage_email.php on line 53
[05-Jan-2023 16:14:48 Asia/Kolkata] PHP Notice:  Undefined index: addbriefing in /var/www/html/erpm/View/manage_email.php on line 54
[05-Jan-2023 16:14:48 Asia/Kolkata] PHP Notice:  Undefined index: savebriefing in /var/www/html/erpm/View/manage_email.php on line 88
[05-Jan-2023 16:14:48 Asia/Kolkata] PHP Notice:  Undefined index: id in /var/www/html/erpm/View/manage_email.php on line 91
[05-Jan-2023 16:15:01 Asia/Kolkata] PHP Notice:  Undefined index: delid in /var/www/html/erpm/View/manage_email.php on line 30
[05-Jan-2023 16:15:01 Asia/Kolkata] PHP Notice:  Undefined index: addbriefing in /var/www/html/erpm/View/manage_email.php on line 54
[05-Jan-2023 16:15:08 Asia/Kolkata] PHP Warning:  mysqli_stmt::bind_param(): Number of elements in type definition string doesn't match number of bind variables in /var/www/html/erpm/Controller/ConLog.php on line 464
[05-Jan-2023 16:15:10 Asia/Kolkata] PHP Notice:  Trying to access array offset on value of type null in /var/www/html/erpm/View/index.php on line 346
[05-Jan-2023 16:16:33 Asia/Kolkata] PHP Notice:  Undefined index: delid in /var/www/html/erpm/View/manage_email.php on line 30
[05-Jan-2023 16:16:33 Asia/Kolkata] PHP Notice:  Undefined index: email_address in /var/www/html/erpm/View/manage_email.php on line 53
[05-Jan-2023 16:16:33 Asia/Kolkata] PHP Notice:  Undefined index: addbriefing in /var/www/html/erpm/View/manage_email.php on line 54
[05-Jan-2023 16:16:33 Asia/Kolkata] PHP Notice:  Undefined index: savebriefing in /var/www/html/erpm/View/manage_email.php on line 90
[05-Jan-2023 16:16:33 Asia/Kolkata] PHP Notice:  Undefined index: id in /var/www/html/erpm/View/manage_email.php on line 93
[05-Jan-2023 16:16:57 Asia/Kolkata] PHP Notice:  Undefined index: delid in /var/www/html/erpm/View/manage_email.php on line 30
[05-Jan-2023 16:16:57 Asia/Kolkata] PHP Notice:  Undefined index: savebriefing in /var/www/html/erpm/View/manage_email.php on line 90
[05-Jan-2023 16:17:15 Asia/Kolkata] PHP Notice:  Undefined index: delid in /var/www/html/erpm/View/manage_email.php on line 30
[05-Jan-2023 16:17:15 Asia/Kolkata] PHP Notice:  Undefined index: addbriefing in /var/www/html/erpm/View/manage_email.php on line 54
[05-Jan-2023 16:17:55 Asia/Kolkata] PHP Notice:  Undefined index: delid in /var/www/html/erpm/View/manage_email.php on line 30
[05-Jan-2023 16:17:55 Asia/Kolkata] PHP Notice:  Undefined index: addbriefing in /var/www/html/erpm/View/manage_email.php on line 54
[05-Jan-2023 16:18:19 Asia/Kolkata] PHP Notice:  Undefined index: delid in /var/www/html/erpm/View/manage_email.php on line 30
[05-Jan-2023 16:18:19 Asia/Kolkata] PHP Notice:  Undefined index: email_address in /var/www/html/erpm/View/manage_email.php on line 53
[05-Jan-2023 16:18:19 Asia/Kolkata] PHP Notice:  Undefined index: addbriefing in /var/www/html/erpm/View/manage_email.php on line 54
[05-Jan-2023 16:18:19 Asia/Kolkata] PHP Notice:  Undefined index: savebriefing in /var/www/html/erpm/View/manage_email.php on line 90
[05-Jan-2023 16:18:19 Asia/Kolkata] PHP Notice:  Undefined index: id in /var/www/html/erpm/View/manage_email.php on line 93
[05-Jan-2023 16:20:37 Asia/Kolkata] PHP Notice:  Undefined variable: Id in /var/www/html/erpm/View/manage_email_module.php on line 282
[05-Jan-2023 16:20:37 Asia/Kolkata] PHP Notice:  Undefined variable: Id in /var/www/html/erpm/View/manage_email_module.php on line 282
[05-Jan-2023 16:20:37 Asia/Kolkata] PHP Notice:  Undefined variable: Id in /var/www/html/erpm/View/manage_email_module.php on line 282
[05-Jan-2023 16:20:37 Asia/Kolkata] PHP Notice:  Undefined variable: Id in /var/www/html/erpm/View/manage_email_module.php on line 282
[05-Jan-2023 16:20:37 Asia/Kolkata] PHP Notice:  Undefined variable: Id in /var/www/html/erpm/View/manage_email_module.php on line 282
[05-Jan-2023 16:20:37 Asia/Kolkata] PHP Notice:  Undefined variable: Id in /var/www/html/erpm/View/manage_email_module.php on line 282
[05-Jan-2023 16:20:37 Asia/Kolkata] PHP Notice:  Undefined variable: Id in /var/www/html/erpm/View/manage_email_module.php on line 282
[05-Jan-2023 16:20:37 Asia/Kolkata] PHP Notice:  Undefined variable: Id in /var/www/html/erpm/View/manage_email_module.php on line 282
[05-Jan-2023 16:20:37 Asia/Kolkata] PHP Notice:  Undefined variable: Id in /var/www/html/erpm/View/manage_email_module.php on line 282
[05-Jan-2023 16:20:37 Asia/Kolkata] PHP Notice:  Undefined variable: Id in /var/www/html/erpm/View/manage_email_module.php on line 282
[05-Jan-2023 16:20:37 Asia/Kolkata] PHP Notice:  Undefined variable: Id in /var/www/html/erpm/View/manage_email_module.php on line 282
[05-Jan-2023 16:20:37 Asia/Kolkata] PHP Notice:  Undefined variable: Id in /var/www/html/erpm/View/manage_email_module.php on line 282
[05-Jan-2023 16:20:37 Asia/Kolkata] PHP Notice:  Undefined variable: Id in /var/www/html/erpm/View/manage_email_module.php on line 282
[05-Jan-2023 16:20:37 Asia/Kolkata] PHP Notice:  Undefined variable: Id in /var/www/html/erpm/View/manage_email_module.php on line 282
[05-Jan-2023 16:20:37 Asia/Kolkata] PHP Notice:  Undefined variable: Id in /var/www/html/erpm/View/manage_email_module.php on line 282
[05-Jan-2023 16:20:37 Asia/Kolkata] PHP Notice:  Undefined variable: Id in /var/www/html/erpm/View/manage_email_module.php on line 282
[05-Jan-2023 16:20:37 Asia/Kolkata] PHP Notice:  Undefined variable: Id in /var/www/html/erpm/View/manage_email_module.php on line 282
[05-Jan-2023 16:20:37 Asia/Kolkata] PHP Notice:  Undefined variable: Id in /var/www/html/erpm/View/manage_email_module.php on line 282
[05-Jan-2023 16:20:37 Asia/Kolkata] PHP Notice:  Undefined variable: Id in /var/www/html/erpm/View/manage_email_module.php on line 282
[05-Jan-2023 16:20:37 Asia/Kolkata] PHP Notice:  Undefined variable: Id in /var/www/html/erpm/View/manage_email_module.php on line 282
[05-Jan-2023 16:20:37 Asia/Kolkata] PHP Notice:  Undefined variable: Id in /var/www/html/erpm/View/manage_email_module.php on line 282
[05-Jan-2023 16:20:37 Asia/Kolkata] PHP Notice:  Undefined variable: Id in /var/www/html/erpm/View/manage_email_module.php on line 282
[05-Jan-2023 16:20:37 Asia/Kolkata] PHP Notice:  Undefined variable: Id in /var/www/html/erpm/View/manage_email_module.php on line 282
[05-Jan-2023 16:20:37 Asia/Kolkata] PHP Notice:  Undefined variable: Id in /var/www/html/erpm/View/manage_email_module.php on line 282
[05-Jan-2023 16:20:37 Asia/Kolkata] PHP Notice:  Undefined variable: Id in /var/www/html/erpm/View/manage_email_module.php on line 282
[05-Jan-2023 16:20:37 Asia/Kolkata] PHP Notice:  Undefined variable: Id in /var/www/html/erpm/View/manage_email_module.php on line 282
[05-Jan-2023 16:20:37 Asia/Kolkata] PHP Notice:  Undefined variable: Id in /var/www/html/erpm/View/manage_email_module.php on line 282
[05-Jan-2023 16:20:37 Asia/Kolkata] PHP Notice:  Undefined variable: Id in /var/www/html/erpm/View/manage_email_module.php on line 282
[05-Jan-2023 16:20:37 Asia/Kolkata] PHP Notice:  Undefined variable: Id in /var/www/html/erpm/View/manage_email_module.php on line 282
[05-Jan-2023 16:20:37 Asia/Kolkata] PHP Notice:  Undefined variable: Id in /var/www/html/erpm/View/manage_email_module.php on line 282
[05-Jan-2023 16:20:37 Asia/Kolkata] PHP Notice:  Undefined variable: Id in /var/www/html/erpm/View/manage_email_module.php on line 282
[05-Jan-2023 16:20:37 Asia/Kolkata] PHP Notice:  Undefined variable: Id in /var/www/html/erpm/View/manage_email_module.php on line 282
[05-Jan-2023 16:21:04 Asia/Kolkata] PHP Warning:  count(): Parameter must be an array or an object that implements Countable in /var/www/html/erpm/View/manage_email_module.php on line 136
[05-Jan-2023 16:21:04 Asia/Kolkata] PHP Notice:  Undefined variable: Id in /var/www/html/erpm/View/manage_email_module.php on line 282
[05-Jan-2023 16:21:04 Asia/Kolkata] PHP Notice:  Undefined variable: Id in /var/www/html/erpm/View/manage_email_module.php on line 282
[05-Jan-2023 16:21:04 Asia/Kolkata] PHP Notice:  Undefined variable: Id in /var/www/html/erpm/View/manage_email_module.php on line 282
[05-Jan-2023 16:21:04 Asia/Kolkata] PHP Notice:  Undefined variable: Id in /var/www/html/erpm/View/manage_email_module.php on line 282
[05-Jan-2023 16:21:04 Asia/Kolkata] PHP Notice:  Undefined variable: Id in /var/www/html/erpm/View/manage_email_module.php on line 282
[05-Jan-2023 16:21:04 Asia/Kolkata] PHP Notice:  Undefined variable: Id in /var/www/html/erpm/View/manage_email_module.php on line 282
[05-Jan-2023 16:21:04 Asia/Kolkata] PHP Notice:  Undefined variable: Id in /var/www/html/erpm/View/manage_email_module.php on line 282
[05-Jan-2023 16:21:04 Asia/Kolkata] PHP Notice:  Undefined variable: Id in /var/www/html/erpm/View/manage_email_module.php on line 282
[05-Jan-2023 16:21:04 Asia/Kolkata] PHP Notice:  Undefined variable: Id in /var/www/html/erpm/View/manage_email_module.php on line 282
[05-Jan-2023 16:21:04 Asia/Kolkata] PHP Notice:  Undefined variable: Id in /var/www/html/erpm/View/manage_email_module.php on line 282
[05-Jan-2023 16:21:04 Asia/Kolkata] PHP Notice:  Undefined variable: Id in /var/www/html/erpm/View/manage_email_module.php on line 282
[05-Jan-2023 16:21:04 Asia/Kolkata] PHP Notice:  Undefined variable: Id in /var/www/html/erpm/View/manage_email_module.php on line 282
[05-Jan-2023 16:21:04 Asia/Kolkata] PHP Notice:  Undefined variable: Id in /var/www/html/erpm/View/manage_email_module.php on line 282
[05-Jan-2023 16:21:04 Asia/Kolkata] PHP Notice:  Undefined variable: Id in /var/www/html/erpm/View/manage_email_module.php on line 282
[05-Jan-2023 16:21:04 Asia/Kolkata] PHP Notice:  Undefined variable: Id in /var/www/html/erpm/View/manage_email_module.php on line 282
[05-Jan-2023 16:21:04 Asia/Kolkata] PHP Notice:  Undefined variable: Id in /var/www/html/erpm/View/manage_email_module.php on line 282
[05-Jan-2023 16:21:04 Asia/Kolkata] PHP Notice:  Undefined variable: Id in /var/www/html/erpm/View/manage_email_module.php on line 282
[05-Jan-2023 16:21:04 Asia/Kolkata] PHP Notice:  Undefined variable: Id in /var/www/html/erpm/View/manage_email_module.php on line 282
[05-Jan-2023 16:21:04 Asia/Kolkata] PHP Notice:  Undefined variable: Id in /var/www/html/erpm/View/manage_email_module.php on line 282
[05-Jan-2023 16:21:04 Asia/Kolkata] PHP Notice:  Undefined variable: Id in /var/www/html/erpm/View/manage_email_module.php on line 282
[05-Jan-2023 16:21:04 Asia/Kolkata] PHP Notice:  Undefined variable: Id in /var/www/html/erpm/View/manage_email_module.php on line 282
[05-Jan-2023 16:21:04 Asia/Kolkata] PHP Notice:  Undefined variable: Id in /var/www/html/erpm/View/manage_email_module.php on line 282
[05-Jan-2023 16:21:04 Asia/Kolkata] PHP Notice:  Undefined variable: Id in /var/www/html/erpm/View/manage_email_module.php on line 282
[05-Jan-2023 16:21:04 Asia/Kolkata] PHP Notice:  Undefined variable: Id in /var/www/html/erpm/View/manage_email_module.php on line 282
[05-Jan-2023 16:21:04 Asia/Kolkata] PHP Notice:  Undefined variable: Id in /var/www/html/erpm/View/manage_email_module.php on line 282
[05-Jan-2023 16:21:04 Asia/Kolkata] PHP Notice:  Undefined variable: Id in /var/www/html/erpm/View/manage_email_module.php on line 282
[05-Jan-2023 16:21:04 Asia/Kolkata] PHP Notice:  Undefined variable: Id in /var/www/html/erpm/View/manage_email_module.php on line 282
[05-Jan-2023 16:21:04 Asia/Kolkata] PHP Notice:  Undefined variable: Id in /var/www/html/erpm/View/manage_email_module.php on line 282
[05-Jan-2023 16:21:04 Asia/Kolkata] PHP Notice:  Undefined variable: Id in /var/www/html/erpm/View/manage_email_module.php on line 282
[05-Jan-2023 16:21:04 Asia/Kolkata] PHP Notice:  Undefined variable: Id in /var/www/html/erpm/View/manage_email_module.php on line 282
[05-Jan-2023 16:21:04 Asia/Kolkata] PHP Notice:  Undefined variable: Id in /var/www/html/erpm/View/manage_email_module.php on line 282
[05-Jan-2023 16:21:04 Asia/Kolkata] PHP Notice:  Undefined variable: Id in /var/www/html/erpm/View/manage_email_module.php on line 282
[05-Jan-2023 16:21:24 Asia/Kolkata] PHP Notice:  Undefined variable: Id in /var/www/html/erpm/View/manage_email_module.php on line 282
[05-Jan-2023 16:21:24 Asia/Kolkata] PHP Notice:  Undefined variable: Id in /var/www/html/erpm/View/manage_email_module.php on line 282
[05-Jan-2023 16:21:24 Asia/Kolkata] PHP Notice:  Undefined variable: Id in /var/www/html/erpm/View/manage_email_module.php on line 282
[05-Jan-2023 16:21:24 Asia/Kolkata] PHP Notice:  Undefined variable: Id in /var/www/html/erpm/View/manage_email_module.php on line 282
[05-Jan-2023 16:21:24 Asia/Kolkata] PHP Notice:  Undefined variable: Id in /var/www/html/erpm/View/manage_email_module.php on line 282
[05-Jan-2023 16:21:24 Asia/Kolkata] PHP Notice:  Undefined variable: Id in /var/www/html/erpm/View/manage_email_module.php on line 282
[05-Jan-2023 16:21:24 Asia/Kolkata] PHP Notice:  Undefined variable: Id in /var/www/html/erpm/View/manage_email_module.php on line 282
[05-Jan-2023 16:21:24 Asia/Kolkata] PHP Notice:  Undefined variable: Id in /var/www/html/erpm/View/manage_email_module.php on line 282
[05-Jan-2023 16:21:24 Asia/Kolkata] PHP Notice:  Undefined variable: Id in /var/www/html/erpm/View/manage_email_module.php on line 282
[05-Jan-2023 16:21:24 Asia/Kolkata] PHP Notice:  Undefined variable: Id in /var/www/html/erpm/View/manage_email_module.php on line 282
[05-Jan-2023 16:21:24 Asia/Kolkata] PHP Notice:  Undefined variable: Id in /var/www/html/erpm/View/manage_email_module.php on line 282
[05-Jan-2023 16:21:24 Asia/Kolkata] PHP Notice:  Undefined variable: Id in /var/www/html/erpm/View/manage_email_module.php on line 282
[05-Jan-2023 16:21:24 Asia/Kolkata] PHP Notice:  Undefined variable: Id in /var/www/html/erpm/View/manage_email_module.php on line 282
[05-Jan-2023 16:21:24 Asia/Kolkata] PHP Notice:  Undefined variable: Id in /var/www/html/erpm/View/manage_email_module.php on line 282
[05-Jan-2023 16:21:24 Asia/Kolkata] PHP Notice:  Undefined variable: Id in /var/www/html/erpm/View/manage_email_module.php on line 282
[05-Jan-2023 16:21:24 Asia/Kolkata] PHP Notice:  Undefined variable: Id in /var/www/html/erpm/View/manage_email_module.php on line 282
[05-Jan-2023 16:21:24 Asia/Kolkata] PHP Notice:  Undefined variable: Id in /var/www/html/erpm/View/manage_email_module.php on line 282
[05-Jan-2023 16:21:24 Asia/Kolkata] PHP Notice:  Undefined variable: Id in /var/www/html/erpm/View/manage_email_module.php on line 282
[05-Jan-2023 16:21:24 Asia/Kolkata] PHP Notice:  Undefined variable: Id in /var/www/html/erpm/View/manage_email_module.php on line 282
[05-Jan-2023 16:21:24 Asia/Kolkata] PHP Notice:  Undefined variable: Id in /var/www/html/erpm/View/manage_email_module.php on line 282
[05-Jan-2023 16:21:24 Asia/Kolkata] PHP Notice:  Undefined variable: Id in /var/www/html/erpm/View/manage_email_module.php on line 282
[05-Jan-2023 16:21:24 Asia/Kolkata] PHP Notice:  Undefined variable: Id in /var/www/html/erpm/View/manage_email_module.php on line 282
[05-Jan-2023 16:21:24 Asia/Kolkata] PHP Notice:  Undefined variable: Id in /var/www/html/erpm/View/manage_email_module.php on line 282
[05-Jan-2023 16:21:24 Asia/Kolkata] PHP Notice:  Undefined variable: Id in /var/www/html/erpm/View/manage_email_module.php on line 282
[05-Jan-2023 16:21:24 Asia/Kolkata] PHP Notice:  Undefined variable: Id in /var/www/html/erpm/View/manage_email_module.php on line 282
[05-Jan-2023 16:21:24 Asia/Kolkata] PHP Notice:  Undefined variable: Id in /var/www/html/erpm/View/manage_email_module.php on line 282
[05-Jan-2023 16:21:24 Asia/Kolkata] PHP Notice:  Undefined variable: Id in /var/www/html/erpm/View/manage_email_module.php on line 282
[05-Jan-2023 16:21:24 Asia/Kolkata] PHP Notice:  Undefined variable: Id in /var/www/html/erpm/View/manage_email_module.php on line 282
[05-Jan-2023 16:21:24 Asia/Kolkata] PHP Notice:  Undefined variable: Id in /var/www/html/erpm/View/manage_email_module.php on line 282
[05-Jan-2023 16:21:24 Asia/Kolkata] PHP Notice:  Undefined variable: Id in /var/www/html/erpm/View/manage_email_module.php on line 282
[05-Jan-2023 16:21:24 Asia/Kolkata] PHP Notice:  Undefined variable: Id in /var/www/html/erpm/View/manage_email_module.php on line 282
[05-Jan-2023 16:21:24 Asia/Kolkata] PHP Notice:  Undefined variable: Id in /var/www/html/erpm/View/manage_email_module.php on line 282
[05-Jan-2023 16:21:45 Asia/Kolkata] PHP Notice:  Undefined variable: Id in /var/www/html/erpm/View/manage_email_module.php on line 282
[05-Jan-2023 16:21:45 Asia/Kolkata] PHP Notice:  Undefined variable: Id in /var/www/html/erpm/View/manage_email_module.php on line 282
[05-Jan-2023 16:21:45 Asia/Kolkata] PHP Notice:  Undefined variable: Id in /var/www/html/erpm/View/manage_email_module.php on line 282
[05-Jan-2023 16:21:45 Asia/Kolkata] PHP Notice:  Undefined variable: Id in /var/www/html/erpm/View/manage_email_module.php on line 282
[05-Jan-2023 16:21:45 Asia/Kolkata] PHP Notice:  Undefined variable: Id in /var/www/html/erpm/View/manage_email_module.php on line 282
[05-Jan-2023 16:21:45 Asia/Kolkata] PHP Notice:  Undefined variable: Id in /var/www/html/erpm/View/manage_email_module.php on line 282
[05-Jan-2023 16:21:45 Asia/Kolkata] PHP Notice:  Undefined variable: Id in /var/www/html/erpm/View/manage_email_module.php on line 282
[05-Jan-2023 16:21:45 Asia/Kolkata] PHP Notice:  Undefined variable: Id in /var/www/html/erpm/View/manage_email_module.php on line 282
[05-Jan-2023 16:21:45 Asia/Kolkata] PHP Notice:  Undefined variable: Id in /var/www/html/erpm/View/manage_email_module.php on line 282
[05-Jan-2023 16:21:45 Asia/Kolkata] PHP Notice:  Undefined variable: Id in /var/www/html/erpm/View/manage_email_module.php on line 282
[05-Jan-2023 16:21:45 Asia/Kolkata] PHP Notice:  Undefined variable: Id in /var/www/html/erpm/View/manage_email_module.php on line 282
[05-Jan-2023 16:21:45 Asia/Kolkata] PHP Notice:  Undefined variable: Id in /var/www/html/erpm/View/manage_email_module.php on line 282
[05-Jan-2023 16:21:45 Asia/Kolkata] PHP Notice:  Undefined variable: Id in /var/www/html/erpm/View/manage_email_module.php on line 282
[05-Jan-2023 16:21:45 Asia/Kolkata] PHP Notice:  Undefined variable: Id in /var/www/html/erpm/View/manage_email_module.php on line 282
[05-Jan-2023 16:21:45 Asia/Kolkata] PHP Notice:  Undefined variable: Id in /var/www/html/erpm/View/manage_email_module.php on line 282
[05-Jan-2023 16:21:45 Asia/Kolkata] PHP Notice:  Undefined variable: Id in /var/www/html/erpm/View/manage_email_module.php on line 282
[05-Jan-2023 16:21:45 Asia/Kolkata] PHP Notice:  Undefined variable: Id in /var/www/html/erpm/View/manage_email_module.php on line 282
[05-Jan-2023 16:21:45 Asia/Kolkata] PHP Notice:  Undefined variable: Id in /var/www/html/erpm/View/manage_email_module.php on line 282
[05-Jan-2023 16:21:45 Asia/Kolkata] PHP Notice:  Undefined variable: Id in /var/www/html/erpm/View/manage_email_module.php on line 282
[05-Jan-2023 16:21:45 Asia/Kolkata] PHP Notice:  Undefined variable: Id in /var/www/html/erpm/View/manage_email_module.php on line 282
[05-Jan-2023 16:21:45 Asia/Kolkata] PHP Notice:  Undefined variable: Id in /var/www/html/erpm/View/manage_email_module.php on line 282
[05-Jan-2023 16:21:45 Asia/Kolkata] PHP Notice:  Undefined variable: Id in /var/www/html/erpm/View/manage_email_module.php on line 282
[05-Jan-2023 16:21:45 Asia/Kolkata] PHP Notice:  Undefined variable: Id in /var/www/html/erpm/View/manage_email_module.php on line 282
[05-Jan-2023 16:21:45 Asia/Kolkata] PHP Notice:  Undefined variable: Id in /var/www/html/erpm/View/manage_email_module.php on line 282
[05-Jan-2023 16:21:45 Asia/Kolkata] PHP Notice:  Undefined variable: Id in /var/www/html/erpm/View/manage_email_module.php on line 282
[05-Jan-2023 16:21:45 Asia/Kolkata] PHP Notice:  Undefined variable: Id in /var/www/html/erpm/View/manage_email_module.php on line 282
[05-Jan-2023 16:21:45 Asia/Kolkata] PHP Notice:  Undefined variable: Id in /var/www/html/erpm/View/manage_email_module.php on line 282
[05-Jan-2023 16:21:45 Asia/Kolkata] PHP Notice:  Undefined variable: Id in /var/www/html/erpm/View/manage_email_module.php on line 282
[05-Jan-2023 16:21:45 Asia/Kolkata] PHP Notice:  Undefined variable: Id in /var/www/html/erpm/View/manage_email_module.php on line 282
[05-Jan-2023 16:21:45 Asia/Kolkata] PHP Notice:  Undefined variable: Id in /var/www/html/erpm/View/manage_email_module.php on line 282
[05-Jan-2023 16:21:45 Asia/Kolkata] PHP Notice:  Undefined variable: Id in /var/www/html/erpm/View/manage_email_module.php on line 282
[05-Jan-2023 16:21:45 Asia/Kolkata] PHP Notice:  Undefined variable: Id in /var/www/html/erpm/View/manage_email_module.php on line 282
[05-Jan-2023 16:22:03 Asia/Kolkata] PHP Notice:  Undefined variable: Id in /var/www/html/erpm/View/manage_email_module.php on line 282
[05-Jan-2023 16:22:03 Asia/Kolkata] PHP Notice:  Undefined variable: Id in /var/www/html/erpm/View/manage_email_module.php on line 282
[05-Jan-2023 16:22:03 Asia/Kolkata] PHP Notice:  Undefined variable: Id in /var/www/html/erpm/View/manage_email_module.php on line 282
[05-Jan-2023 16:22:03 Asia/Kolkata] PHP Notice:  Undefined variable: Id in /var/www/html/erpm/View/manage_email_module.php on line 282
[05-Jan-2023 16:22:03 Asia/Kolkata] PHP Notice:  Undefined variable: Id in /var/www/html/erpm/View/manage_email_module.php on line 282
[05-Jan-2023 16:22:03 Asia/Kolkata] PHP Notice:  Undefined variable: Id in /var/www/html/erpm/View/manage_email_module.php on line 282
[05-Jan-2023 16:22:03 Asia/Kolkata] PHP Notice:  Undefined variable: Id in /var/www/html/erpm/View/manage_email_module.php on line 282
[05-Jan-2023 16:22:03 Asia/Kolkata] PHP Notice:  Undefined variable: Id in /var/www/html/erpm/View/manage_email_module.php on line 282
[05-Jan-2023 16:22:03 Asia/Kolkata] PHP Notice:  Undefined variable: Id in /var/www/html/erpm/View/manage_email_module.php on line 282
[05-Jan-2023 16:22:03 Asia/Kolkata] PHP Notice:  Undefined variable: Id in /var/www/html/erpm/View/manage_email_module.php on line 282
[05-Jan-2023 16:22:03 Asia/Kolkata] PHP Notice:  Undefined variable: Id in /var/www/html/erpm/View/manage_email_module.php on line 282
[05-Jan-2023 16:22:03 Asia/Kolkata] PHP Notice:  Undefined variable: Id in /var/www/html/erpm/View/manage_email_module.php on line 282
[05-Jan-2023 16:22:03 Asia/Kolkata] PHP Notice:  Undefined variable: Id in /var/www/html/erpm/View/manage_email_module.php on line 282
[05-Jan-2023 16:22:03 Asia/Kolkata] PHP Notice:  Undefined variable: Id in /var/www/html/erpm/View/manage_email_module.php on line 282
[05-Jan-2023 16:22:03 Asia/Kolkata] PHP Notice:  Undefined variable: Id in /var/www/html/erpm/View/manage_email_module.php on line 282
[05-Jan-2023 16:22:03 Asia/Kolkata] PHP Notice:  Undefined variable: Id in /var/www/html/erpm/View/manage_email_module.php on line 282
[05-Jan-2023 16:22:03 Asia/Kolkata] PHP Notice:  Undefined variable: Id in /var/www/html/erpm/View/manage_email_module.php on line 282
[05-Jan-2023 16:22:03 Asia/Kolkata] PHP Notice:  Undefined variable: Id in /var/www/html/erpm/View/manage_email_module.php on line 282
[05-Jan-2023 16:22:03 Asia/Kolkata] PHP Notice:  Undefined variable: Id in /var/www/html/erpm/View/manage_email_module.php on line 282
[05-Jan-2023 16:22:03 Asia/Kolkata] PHP Notice:  Undefined variable: Id in /var/www/html/erpm/View/manage_email_module.php on line 282
[05-Jan-2023 16:22:03 Asia/Kolkata] PHP Notice:  Undefined variable: Id in /var/www/html/erpm/View/manage_email_module.php on line 282
[05-Jan-2023 16:22:03 Asia/Kolkata] PHP Notice:  Undefined variable: Id in /var/www/html/erpm/View/manage_email_module.php on line 282
[05-Jan-2023 16:22:03 Asia/Kolkata] PHP Notice:  Undefined variable: Id in /var/www/html/erpm/View/manage_email_module.php on line 282
[05-Jan-2023 16:22:03 Asia/Kolkata] PHP Notice:  Undefined variable: Id in /var/www/html/erpm/View/manage_email_module.php on line 282
[05-Jan-2023 16:22:03 Asia/Kolkata] PHP Notice:  Undefined variable: Id in /var/www/html/erpm/View/manage_email_module.php on line 282
[05-Jan-2023 16:22:03 Asia/Kolkata] PHP Notice:  Undefined variable: Id in /var/www/html/erpm/View/manage_email_module.php on line 282
[05-Jan-2023 16:22:03 Asia/Kolkata] PHP Notice:  Undefined variable: Id in /var/www/html/erpm/View/manage_email_module.php on line 282
[05-Jan-2023 16:22:03 Asia/Kolkata] PHP Notice:  Undefined variable: Id in /var/www/html/erpm/View/manage_email_module.php on line 282
[05-Jan-2023 16:22:03 Asia/Kolkata] PHP Notice:  Undefined variable: Id in /var/www/html/erpm/View/manage_email_module.php on line 282
[05-Jan-2023 16:22:03 Asia/Kolkata] PHP Notice:  Undefined variable: Id in /var/www/html/erpm/View/manage_email_module.php on line 282
[05-Jan-2023 16:22:03 Asia/Kolkata] PHP Notice:  Undefined variable: Id in /var/www/html/erpm/View/manage_email_module.php on line 282
[05-Jan-2023 16:22:03 Asia/Kolkata] PHP Notice:  Undefined variable: Id in /var/www/html/erpm/View/manage_email_module.php on line 282
[05-Jan-2023 16:22:21 Asia/Kolkata] PHP Notice:  Undefined variable: Id in /var/www/html/erpm/View/manage_email_module.php on line 282
[05-Jan-2023 16:22:21 Asia/Kolkata] PHP Notice:  Undefined variable: Id in /var/www/html/erpm/View/manage_email_module.php on line 282
[05-Jan-2023 16:22:21 Asia/Kolkata] PHP Notice:  Undefined variable: Id in /var/www/html/erpm/View/manage_email_module.php on line 282
[05-Jan-2023 16:22:21 Asia/Kolkata] PHP Notice:  Undefined variable: Id in /var/www/html/erpm/View/manage_email_module.php on line 282
[05-Jan-2023 16:22:21 Asia/Kolkata] PHP Notice:  Undefined variable: Id in /var/www/html/erpm/View/manage_email_module.php on line 282
[05-Jan-2023 16:22:21 Asia/Kolkata] PHP Notice:  Undefined variable: Id in /var/www/html/erpm/View/manage_email_module.php on line 282
[05-Jan-2023 16:22:21 Asia/Kolkata] PHP Notice:  Undefined variable: Id in /var/www/html/erpm/View/manage_email_module.php on line 282
[05-Jan-2023 16:22:21 Asia/Kolkata] PHP Notice:  Undefined variable: Id in /var/www/html/erpm/View/manage_email_module.php on line 282
[05-Jan-2023 16:22:21 Asia/Kolkata] PHP Notice:  Undefined variable: Id in /var/www/html/erpm/View/manage_email_module.php on line 282
[05-Jan-2023 16:22:21 Asia/Kolkata] PHP Notice:  Undefined variable: Id in /var/www/html/erpm/View/manage_email_module.php on line 282
[05-Jan-2023 16:22:21 Asia/Kolkata] PHP Notice:  Undefined variable: Id in /var/www/html/erpm/View/manage_email_module.php on line 282
[05-Jan-2023 16:22:21 Asia/Kolkata] PHP Notice:  Undefined variable: Id in /var/www/html/erpm/View/manage_email_module.php on line 282
[05-Jan-2023 16:22:21 Asia/Kolkata] PHP Notice:  Undefined variable: Id in /var/www/html/erpm/View/manage_email_module.php on line 282
[05-Jan-2023 16:22:21 Asia/Kolkata] PHP Notice:  Undefined variable: Id in /var/www/html/erpm/View/manage_email_module.php on line 282
[05-Jan-2023 16:22:21 Asia/Kolkata] PHP Notice:  Undefined variable: Id in /var/www/html/erpm/View/manage_email_module.php on line 282
[05-Jan-2023 16:22:21 Asia/Kolkata] PHP Notice:  Undefined variable: Id in /var/www/html/erpm/View/manage_email_module.php on line 282
[05-Jan-2023 16:22:21 Asia/Kolkata] PHP Notice:  Undefined variable: Id in /var/www/html/erpm/View/manage_email_module.php on line 282
[05-Jan-2023 16:22:21 Asia/Kolkata] PHP Notice:  Undefined variable: Id in /var/www/html/erpm/View/manage_email_module.php on line 282
[05-Jan-2023 16:22:21 Asia/Kolkata] PHP Notice:  Undefined variable: Id in /var/www/html/erpm/View/manage_email_module.php on line 282
[05-Jan-2023 16:22:21 Asia/Kolkata] PHP Notice:  Undefined variable: Id in /var/www/html/erpm/View/manage_email_module.php on line 282
[05-Jan-2023 16:22:21 Asia/Kolkata] PHP Notice:  Undefined variable: Id in /var/www/html/erpm/View/manage_email_module.php on line 282
[05-Jan-2023 16:22:21 Asia/Kolkata] PHP Notice:  Undefined variable: Id in /var/www/html/erpm/View/manage_email_module.php on line 282
[05-Jan-2023 16:22:21 Asia/Kolkata] PHP Notice:  Undefined variable: Id in /var/www/html/erpm/View/manage_email_module.php on line 282
[05-Jan-2023 16:22:21 Asia/Kolkata] PHP Notice:  Undefined variable: Id in /var/www/html/erpm/View/manage_email_module.php on line 282
[05-Jan-2023 16:22:21 Asia/Kolkata] PHP Notice:  Undefined variable: Id in /var/www/html/erpm/View/manage_email_module.php on line 282
[05-Jan-2023 16:22:21 Asia/Kolkata] PHP Notice:  Undefined variable: Id in /var/www/html/erpm/View/manage_email_module.php on line 282
[05-Jan-2023 16:22:21 Asia/Kolkata] PHP Notice:  Undefined variable: Id in /var/www/html/erpm/View/manage_email_module.php on line 282
[05-Jan-2023 16:22:21 Asia/Kolkata] PHP Notice:  Undefined variable: Id in /var/www/html/erpm/View/manage_email_module.php on line 282
[05-Jan-2023 16:22:21 Asia/Kolkata] PHP Notice:  Undefined variable: Id in /var/www/html/erpm/View/manage_email_module.php on line 282
[05-Jan-2023 16:22:21 Asia/Kolkata] PHP Notice:  Undefined variable: Id in /var/www/html/erpm/View/manage_email_module.php on line 282
[05-Jan-2023 16:22:21 Asia/Kolkata] PHP Notice:  Undefined variable: Id in /var/www/html/erpm/View/manage_email_module.php on line 282
[05-Jan-2023 16:22:21 Asia/Kolkata] PHP Notice:  Undefined variable: Id in /var/www/html/erpm/View/manage_email_module.php on line 282
[05-Jan-2023 16:23:50 Asia/Kolkata] PHP Notice:  Undefined variable: Id in /var/www/html/erpm/View/manage_email_module.php on line 281
[05-Jan-2023 16:23:50 Asia/Kolkata] PHP Notice:  Undefined variable: Id in /var/www/html/erpm/View/manage_email_module.php on line 281
[05-Jan-2023 16:23:50 Asia/Kolkata] PHP Notice:  Undefined variable: Id in /var/www/html/erpm/View/manage_email_module.php on line 281
[05-Jan-2023 16:23:50 Asia/Kolkata] PHP Notice:  Undefined variable: Id in /var/www/html/erpm/View/manage_email_module.php on line 281
[05-Jan-2023 16:23:50 Asia/Kolkata] PHP Notice:  Undefined variable: Id in /var/www/html/erpm/View/manage_email_module.php on line 281
[05-Jan-2023 16:23:50 Asia/Kolkata] PHP Notice:  Undefined variable: Id in /var/www/html/erpm/View/manage_email_module.php on line 281
[05-Jan-2023 16:23:50 Asia/Kolkata] PHP Notice:  Undefined variable: Id in /var/www/html/erpm/View/manage_email_module.php on line 281
[05-Jan-2023 16:23:50 Asia/Kolkata] PHP Notice:  Undefined variable: Id in /var/www/html/erpm/View/manage_email_module.php on line 281
[05-Jan-2023 16:23:50 Asia/Kolkata] PHP Notice:  Undefined variable: Id in /var/www/html/erpm/View/manage_email_module.php on line 281
[05-Jan-2023 16:23:50 Asia/Kolkata] PHP Notice:  Undefined variable: Id in /var/www/html/erpm/View/manage_email_module.php on line 281
[05-Jan-2023 16:23:50 Asia/Kolkata] PHP Notice:  Undefined variable: Id in /var/www/html/erpm/View/manage_email_module.php on line 281
[05-Jan-2023 16:23:50 Asia/Kolkata] PHP Notice:  Undefined variable: Id in /var/www/html/erpm/View/manage_email_module.php on line 281
[05-Jan-2023 16:23:50 Asia/Kolkata] PHP Notice:  Undefined variable: Id in /var/www/html/erpm/View/manage_email_module.php on line 281
[05-Jan-2023 16:23:50 Asia/Kolkata] PHP Notice:  Undefined variable: Id in /var/www/html/erpm/View/manage_email_module.php on line 281
[05-Jan-2023 16:23:50 Asia/Kolkata] PHP Notice:  Undefined variable: Id in /var/www/html/erpm/View/manage_email_module.php on line 281
[05-Jan-2023 16:23:50 Asia/Kolkata] PHP Notice:  Undefined variable: Id in /var/www/html/erpm/View/manage_email_module.php on line 281
[05-Jan-2023 16:23:50 Asia/Kolkata] PHP Notice:  Undefined variable: Id in /var/www/html/erpm/View/manage_email_module.php on line 281
[05-Jan-2023 16:23:50 Asia/Kolkata] PHP Notice:  Undefined variable: Id in /var/www/html/erpm/View/manage_email_module.php on line 281
[05-Jan-2023 16:23:50 Asia/Kolkata] PHP Notice:  Undefined variable: Id in /var/www/html/erpm/View/manage_email_module.php on line 281
[05-Jan-2023 16:23:50 Asia/Kolkata] PHP Notice:  Undefined variable: Id in /var/www/html/erpm/View/manage_email_module.php on line 281
[05-Jan-2023 16:23:50 Asia/Kolkata] PHP Notice:  Undefined variable: Id in /var/www/html/erpm/View/manage_email_module.php on line 281
[05-Jan-2023 16:23:50 Asia/Kolkata] PHP Notice:  Undefined variable: Id in /var/www/html/erpm/View/manage_email_module.php on line 281
[05-Jan-2023 16:23:50 Asia/Kolkata] PHP Notice:  Undefined variable: Id in /var/www/html/erpm/View/manage_email_module.php on line 281
[05-Jan-2023 16:23:50 Asia/Kolkata] PHP Notice:  Undefined variable: Id in /var/www/html/erpm/View/manage_email_module.php on line 281
[05-Jan-2023 16:23:50 Asia/Kolkata] PHP Notice:  Undefined variable: Id in /var/www/html/erpm/View/manage_email_module.php on line 281
[05-Jan-2023 16:23:50 Asia/Kolkata] PHP Notice:  Undefined variable: Id in /var/www/html/erpm/View/manage_email_module.php on line 281
[05-Jan-2023 16:23:50 Asia/Kolkata] PHP Notice:  Undefined variable: Id in /var/www/html/erpm/View/manage_email_module.php on line 281
[05-Jan-2023 16:23:50 Asia/Kolkata] PHP Notice:  Undefined variable: Id in /var/www/html/erpm/View/manage_email_module.php on line 281
[05-Jan-2023 16:23:50 Asia/Kolkata] PHP Notice:  Undefined variable: Id in /var/www/html/erpm/View/manage_email_module.php on line 281
[05-Jan-2023 16:23:50 Asia/Kolkata] PHP Notice:  Undefined variable: Id in /var/www/html/erpm/View/manage_email_module.php on line 281
[05-Jan-2023 16:23:50 Asia/Kolkata] PHP Notice:  Undefined variable: Id in /var/www/html/erpm/View/manage_email_module.php on line 281
[05-Jan-2023 16:23:50 Asia/Kolkata] PHP Notice:  Undefined variable: Id in /var/www/html/erpm/View/manage_email_module.php on line 281
[05-Jan-2023 16:23:53 Asia/Kolkata] PHP Notice:  Undefined variable: clean_from_date in /var/www/html/erpm/View/site_master_report.php on line 22
[05-Jan-2023 16:23:53 Asia/Kolkata] PHP Notice:  Undefined index: location in /var/www/html/erpm/View/site_master_report.php on line 154
[05-Jan-2023 16:23:53 Asia/Kolkata] PHP Notice:  Undefined index: site in /var/www/html/erpm/View/site_master_report.php on line 155
[05-Jan-2023 16:23:53 Asia/Kolkata] PHP Notice:  Undefined index: capacity in /var/www/html/erpm/View/site_master_report.php on line 156
[05-Jan-2023 16:23:53 Asia/Kolkata] PHP Notice:  Undefined index: ClientName in /var/www/html/erpm/View/site_master_report.php on line 157
[05-Jan-2023 16:23:53 Asia/Kolkata] PHP Notice:  Undefined index: process in /var/www/html/erpm/View/site_master_report.php on line 158
[05-Jan-2023 16:23:53 Asia/Kolkata] PHP Notice:  Undefined index: seat in /var/www/html/erpm/View/site_master_report.php on line 159
[05-Jan-2023 16:23:53 Asia/Kolkata] PHP Notice:  Undefined index: item in /var/www/html/erpm/View/site_master_report.php on line 161
[05-Jan-2023 16:23:53 Asia/Kolkata] PHP Notice:  Undefined index: price in /var/www/html/erpm/View/site_master_report.php on line 162
[05-Jan-2023 16:23:58 Asia/Kolkata] PHP Notice:  Undefined index: __user_logid in /var/www/html/erpm/AppCode/nHead.php on line 2
[05-Jan-2023 16:23:59 Asia/Kolkata] PHP Notice:  Undefined variable: clean_from_date in /var/www/html/erpm/View/site_master_report.php on line 22
[05-Jan-2023 16:24:00 Asia/Kolkata] PHP Warning:  mysqli_stmt::bind_param(): Number of elements in type definition string doesn't match number of bind variables in /var/www/html/erpm/Controller/ConLog.php on line 464
[05-Jan-2023 16:24:02 Asia/Kolkata] PHP Notice:  Trying to access array offset on value of type null in /var/www/html/erpm/View/index.php on line 346
[05-Jan-2023 16:24:09 Asia/Kolkata] PHP Notice:  Undefined variable: Id in /var/www/html/erpm/View/manage_email_module.php on line 281
[05-Jan-2023 16:24:09 Asia/Kolkata] PHP Notice:  Undefined variable: Id in /var/www/html/erpm/View/manage_email_module.php on line 281
[05-Jan-2023 16:24:09 Asia/Kolkata] PHP Notice:  Undefined variable: Id in /var/www/html/erpm/View/manage_email_module.php on line 281
[05-Jan-2023 16:24:09 Asia/Kolkata] PHP Notice:  Undefined variable: Id in /var/www/html/erpm/View/manage_email_module.php on line 281
[05-Jan-2023 16:24:09 Asia/Kolkata] PHP Notice:  Undefined variable: Id in /var/www/html/erpm/View/manage_email_module.php on line 281
[05-Jan-2023 16:24:09 Asia/Kolkata] PHP Notice:  Undefined variable: Id in /var/www/html/erpm/View/manage_email_module.php on line 281
[05-Jan-2023 16:24:09 Asia/Kolkata] PHP Notice:  Undefined variable: Id in /var/www/html/erpm/View/manage_email_module.php on line 281
[05-Jan-2023 16:24:09 Asia/Kolkata] PHP Notice:  Undefined variable: Id in /var/www/html/erpm/View/manage_email_module.php on line 281
[05-Jan-2023 16:24:09 Asia/Kolkata] PHP Notice:  Undefined variable: Id in /var/www/html/erpm/View/manage_email_module.php on line 281
[05-Jan-2023 16:24:09 Asia/Kolkata] PHP Notice:  Undefined variable: Id in /var/www/html/erpm/View/manage_email_module.php on line 281
[05-Jan-2023 16:24:09 Asia/Kolkata] PHP Notice:  Undefined variable: Id in /var/www/html/erpm/View/manage_email_module.php on line 281
[05-Jan-2023 16:24:09 Asia/Kolkata] PHP Notice:  Undefined variable: Id in /var/www/html/erpm/View/manage_email_module.php on line 281
[05-Jan-2023 16:24:09 Asia/Kolkata] PHP Notice:  Undefined variable: Id in /var/www/html/erpm/View/manage_email_module.php on line 281
[05-Jan-2023 16:24:09 Asia/Kolkata] PHP Notice:  Undefined variable: Id in /var/www/html/erpm/View/manage_email_module.php on line 281
[05-Jan-2023 16:24:09 Asia/Kolkata] PHP Notice:  Undefined variable: Id in /var/www/html/erpm/View/manage_email_module.php on line 281
[05-Jan-2023 16:24:09 Asia/Kolkata] PHP Notice:  Undefined variable: Id in /var/www/html/erpm/View/manage_email_module.php on line 281
[05-Jan-2023 16:24:09 Asia/Kolkata] PHP Notice:  Undefined variable: Id in /var/www/html/erpm/View/manage_email_module.php on line 281
[05-Jan-2023 16:24:09 Asia/Kolkata] PHP Notice:  Undefined variable: Id in /var/www/html/erpm/View/manage_email_module.php on line 281
[05-Jan-2023 16:24:09 Asia/Kolkata] PHP Notice:  Undefined variable: Id in /var/www/html/erpm/View/manage_email_module.php on line 281
[05-Jan-2023 16:24:09 Asia/Kolkata] PHP Notice:  Undefined variable: Id in /var/www/html/erpm/View/manage_email_module.php on line 281
[05-Jan-2023 16:24:09 Asia/Kolkata] PHP Notice:  Undefined variable: Id in /var/www/html/erpm/View/manage_email_module.php on line 281
[05-Jan-2023 16:24:09 Asia/Kolkata] PHP Notice:  Undefined variable: Id in /var/www/html/erpm/View/manage_email_module.php on line 281
[05-Jan-2023 16:24:09 Asia/Kolkata] PHP Notice:  Undefined variable: Id in /var/www/html/erpm/View/manage_email_module.php on line 281
[05-Jan-2023 16:24:09 Asia/Kolkata] PHP Notice:  Undefined variable: Id in /var/www/html/erpm/View/manage_email_module.php on line 281
[05-Jan-2023 16:24:09 Asia/Kolkata] PHP Notice:  Undefined variable: Id in /var/www/html/erpm/View/manage_email_module.php on line 281
[05-Jan-2023 16:24:09 Asia/Kolkata] PHP Notice:  Undefined variable: Id in /var/www/html/erpm/View/manage_email_module.php on line 281
[05-Jan-2023 16:24:09 Asia/Kolkata] PHP Notice:  Undefined variable: Id in /var/www/html/erpm/View/manage_email_module.php on line 281
[05-Jan-2023 16:24:09 Asia/Kolkata] PHP Notice:  Undefined variable: Id in /var/www/html/erpm/View/manage_email_module.php on line 281
[05-Jan-2023 16:24:09 Asia/Kolkata] PHP Notice:  Undefined variable: Id in /var/www/html/erpm/View/manage_email_module.php on line 281
[05-Jan-2023 16:24:09 Asia/Kolkata] PHP Notice:  Undefined variable: Id in /var/www/html/erpm/View/manage_email_module.php on line 281
[05-Jan-2023 16:24:09 Asia/Kolkata] PHP Notice:  Undefined variable: Id in /var/www/html/erpm/View/manage_email_module.php on line 281
[05-Jan-2023 16:24:09 Asia/Kolkata] PHP Notice:  Undefined variable: Id in /var/www/html/erpm/View/manage_email_module.php on line 281
[05-Jan-2023 16:24:18 Asia/Kolkata] PHP Notice:  Undefined variable: Id in /var/www/html/erpm/View/manage_email_module.php on line 281
[05-Jan-2023 16:24:18 Asia/Kolkata] PHP Notice:  Undefined variable: Id in /var/www/html/erpm/View/manage_email_module.php on line 281
[05-Jan-2023 16:24:18 Asia/Kolkata] PHP Notice:  Undefined variable: Id in /var/www/html/erpm/View/manage_email_module.php on line 281
[05-Jan-2023 16:24:18 Asia/Kolkata] PHP Notice:  Undefined variable: Id in /var/www/html/erpm/View/manage_email_module.php on line 281
[05-Jan-2023 16:24:18 Asia/Kolkata] PHP Notice:  Undefined variable: Id in /var/www/html/erpm/View/manage_email_module.php on line 281
[05-Jan-2023 16:24:18 Asia/Kolkata] PHP Notice:  Undefined variable: Id in /var/www/html/erpm/View/manage_email_module.php on line 281
[05-Jan-2023 16:24:18 Asia/Kolkata] PHP Notice:  Undefined variable: Id in /var/www/html/erpm/View/manage_email_module.php on line 281
[05-Jan-2023 16:24:18 Asia/Kolkata] PHP Notice:  Undefined variable: Id in /var/www/html/erpm/View/manage_email_module.php on line 281
[05-Jan-2023 16:24:18 Asia/Kolkata] PHP Notice:  Undefined variable: Id in /var/www/html/erpm/View/manage_email_module.php on line 281
[05-Jan-2023 16:24:18 Asia/Kolkata] PHP Notice:  Undefined variable: Id in /var/www/html/erpm/View/manage_email_module.php on line 281
[05-Jan-2023 16:24:18 Asia/Kolkata] PHP Notice:  Undefined variable: Id in /var/www/html/erpm/View/manage_email_module.php on line 281
[05-Jan-2023 16:24:18 Asia/Kolkata] PHP Notice:  Undefined variable: Id in /var/www/html/erpm/View/manage_email_module.php on line 281
[05-Jan-2023 16:24:18 Asia/Kolkata] PHP Notice:  Undefined variable: Id in /var/www/html/erpm/View/manage_email_module.php on line 281
[05-Jan-2023 16:24:18 Asia/Kolkata] PHP Notice:  Undefined variable: Id in /var/www/html/erpm/View/manage_email_module.php on line 281
[05-Jan-2023 16:24:18 Asia/Kolkata] PHP Notice:  Undefined variable: Id in /var/www/html/erpm/View/manage_email_module.php on line 281
[05-Jan-2023 16:24:18 Asia/Kolkata] PHP Notice:  Undefined variable: Id in /var/www/html/erpm/View/manage_email_module.php on line 281
[05-Jan-2023 16:24:18 Asia/Kolkata] PHP Notice:  Undefined variable: Id in /var/www/html/erpm/View/manage_email_module.php on line 281
[05-Jan-2023 16:24:18 Asia/Kolkata] PHP Notice:  Undefined variable: Id in /var/www/html/erpm/View/manage_email_module.php on line 281
[05-Jan-2023 16:24:18 Asia/Kolkata] PHP Notice:  Undefined variable: Id in /var/www/html/erpm/View/manage_email_module.php on line 281
[05-Jan-2023 16:24:18 Asia/Kolkata] PHP Notice:  Undefined variable: Id in /var/www/html/erpm/View/manage_email_module.php on line 281
[05-Jan-2023 16:24:18 Asia/Kolkata] PHP Notice:  Undefined variable: Id in /var/www/html/erpm/View/manage_email_module.php on line 281
[05-Jan-2023 16:24:18 Asia/Kolkata] PHP Notice:  Undefined variable: Id in /var/www/html/erpm/View/manage_email_module.php on line 281
[05-Jan-2023 16:24:18 Asia/Kolkata] PHP Notice:  Undefined variable: Id in /var/www/html/erpm/View/manage_email_module.php on line 281
[05-Jan-2023 16:24:18 Asia/Kolkata] PHP Notice:  Undefined variable: Id in /var/www/html/erpm/View/manage_email_module.php on line 281
[05-Jan-2023 16:24:18 Asia/Kolkata] PHP Notice:  Undefined variable: Id in /var/www/html/erpm/View/manage_email_module.php on line 281
[05-Jan-2023 16:24:18 Asia/Kolkata] PHP Notice:  Undefined variable: Id in /var/www/html/erpm/View/manage_email_module.php on line 281
[05-Jan-2023 16:24:18 Asia/Kolkata] PHP Notice:  Undefined variable: Id in /var/www/html/erpm/View/manage_email_module.php on line 281
[05-Jan-2023 16:24:18 Asia/Kolkata] PHP Notice:  Undefined variable: Id in /var/www/html/erpm/View/manage_email_module.php on line 281
[05-Jan-2023 16:24:18 Asia/Kolkata] PHP Notice:  Undefined variable: Id in /var/www/html/erpm/View/manage_email_module.php on line 281
[05-Jan-2023 16:24:18 Asia/Kolkata] PHP Notice:  Undefined variable: Id in /var/www/html/erpm/View/manage_email_module.php on line 281
[05-Jan-2023 16:24:18 Asia/Kolkata] PHP Notice:  Undefined variable: Id in /var/www/html/erpm/View/manage_email_module.php on line 281
[05-Jan-2023 16:24:18 Asia/Kolkata] PHP Notice:  Undefined variable: Id in /var/www/html/erpm/View/manage_email_module.php on line 281
[05-Jan-2023 16:24:56 Asia/Kolkata] PHP Notice:  Undefined variable: Id in /var/www/html/erpm/View/manage_email_module.php on line 281
[05-Jan-2023 16:24:56 Asia/Kolkata] PHP Notice:  Undefined variable: Id in /var/www/html/erpm/View/manage_email_module.php on line 281
[05-Jan-2023 16:24:56 Asia/Kolkata] PHP Notice:  Undefined variable: Id in /var/www/html/erpm/View/manage_email_module.php on line 281
[05-Jan-2023 16:24:56 Asia/Kolkata] PHP Notice:  Undefined variable: Id in /var/www/html/erpm/View/manage_email_module.php on line 281
[05-Jan-2023 16:24:56 Asia/Kolkata] PHP Notice:  Undefined variable: Id in /var/www/html/erpm/View/manage_email_module.php on line 281
[05-Jan-2023 16:24:56 Asia/Kolkata] PHP Notice:  Undefined variable: Id in /var/www/html/erpm/View/manage_email_module.php on line 281
[05-Jan-2023 16:24:56 Asia/Kolkata] PHP Notice:  Undefined variable: Id in /var/www/html/erpm/View/manage_email_module.php on line 281
[05-Jan-2023 16:24:56 Asia/Kolkata] PHP Notice:  Undefined variable: Id in /var/www/html/erpm/View/manage_email_module.php on line 281
[05-Jan-2023 16:24:56 Asia/Kolkata] PHP Notice:  Undefined variable: Id in /var/www/html/erpm/View/manage_email_module.php on line 281
[05-Jan-2023 16:24:56 Asia/Kolkata] PHP Notice:  Undefined variable: Id in /var/www/html/erpm/View/manage_email_module.php on line 281
[05-Jan-2023 16:24:56 Asia/Kolkata] PHP Notice:  Undefined variable: Id in /var/www/html/erpm/View/manage_email_module.php on line 281
[05-Jan-2023 16:24:56 Asia/Kolkata] PHP Notice:  Undefined variable: Id in /var/www/html/erpm/View/manage_email_module.php on line 281
[05-Jan-2023 16:24:56 Asia/Kolkata] PHP Notice:  Undefined variable: Id in /var/www/html/erpm/View/manage_email_module.php on line 281
[05-Jan-2023 16:24:56 Asia/Kolkata] PHP Notice:  Undefined variable: Id in /var/www/html/erpm/View/manage_email_module.php on line 281
[05-Jan-2023 16:24:56 Asia/Kolkata] PHP Notice:  Undefined variable: Id in /var/www/html/erpm/View/manage_email_module.php on line 281
[05-Jan-2023 16:24:56 Asia/Kolkata] PHP Notice:  Undefined variable: Id in /var/www/html/erpm/View/manage_email_module.php on line 281
[05-Jan-2023 16:24:56 Asia/Kolkata] PHP Notice:  Undefined variable: Id in /var/www/html/erpm/View/manage_email_module.php on line 281
[05-Jan-2023 16:24:56 Asia/Kolkata] PHP Notice:  Undefined variable: Id in /var/www/html/erpm/View/manage_email_module.php on line 281
[05-Jan-2023 16:24:56 Asia/Kolkata] PHP Notice:  Undefined variable: Id in /var/www/html/erpm/View/manage_email_module.php on line 281
[05-Jan-2023 16:24:56 Asia/Kolkata] PHP Notice:  Undefined variable: Id in /var/www/html/erpm/View/manage_email_module.php on line 281
[05-Jan-2023 16:24:56 Asia/Kolkata] PHP Notice:  Undefined variable: Id in /var/www/html/erpm/View/manage_email_module.php on line 281
[05-Jan-2023 16:24:56 Asia/Kolkata] PHP Notice:  Undefined variable: Id in /var/www/html/erpm/View/manage_email_module.php on line 281
[05-Jan-2023 16:24:56 Asia/Kolkata] PHP Notice:  Undefined variable: Id in /var/www/html/erpm/View/manage_email_module.php on line 281
[05-Jan-2023 16:24:56 Asia/Kolkata] PHP Notice:  Undefined variable: Id in /var/www/html/erpm/View/manage_email_module.php on line 281
[05-Jan-2023 16:24:56 Asia/Kolkata] PHP Notice:  Undefined variable: Id in /var/www/html/erpm/View/manage_email_module.php on line 281
[05-Jan-2023 16:24:56 Asia/Kolkata] PHP Notice:  Undefined variable: Id in /var/www/html/erpm/View/manage_email_module.php on line 281
[05-Jan-2023 16:24:56 Asia/Kolkata] PHP Notice:  Undefined variable: Id in /var/www/html/erpm/View/manage_email_module.php on line 281
[05-Jan-2023 16:24:56 Asia/Kolkata] PHP Notice:  Undefined variable: Id in /var/www/html/erpm/View/manage_email_module.php on line 281
[05-Jan-2023 16:24:56 Asia/Kolkata] PHP Notice:  Undefined variable: Id in /var/www/html/erpm/View/manage_email_module.php on line 281
[05-Jan-2023 16:24:56 Asia/Kolkata] PHP Notice:  Undefined variable: Id in /var/www/html/erpm/View/manage_email_module.php on line 281
[05-Jan-2023 16:24:56 Asia/Kolkata] PHP Notice:  Undefined variable: Id in /var/www/html/erpm/View/manage_email_module.php on line 281
[05-Jan-2023 16:24:56 Asia/Kolkata] PHP Notice:  Undefined variable: Id in /var/www/html/erpm/View/manage_email_module.php on line 281
[05-Jan-2023 16:25:08 Asia/Kolkata] PHP Notice:  Undefined variable: Id in /var/www/html/erpm/View/manage_email_module.php on line 281
[05-Jan-2023 16:25:08 Asia/Kolkata] PHP Notice:  Undefined variable: Id in /var/www/html/erpm/View/manage_email_module.php on line 281
[05-Jan-2023 16:25:08 Asia/Kolkata] PHP Notice:  Undefined variable: Id in /var/www/html/erpm/View/manage_email_module.php on line 281
[05-Jan-2023 16:25:08 Asia/Kolkata] PHP Notice:  Undefined variable: Id in /var/www/html/erpm/View/manage_email_module.php on line 281
[05-Jan-2023 16:25:08 Asia/Kolkata] PHP Notice:  Undefined variable: Id in /var/www/html/erpm/View/manage_email_module.php on line 281
[05-Jan-2023 16:25:08 Asia/Kolkata] PHP Notice:  Undefined variable: Id in /var/www/html/erpm/View/manage_email_module.php on line 281
[05-Jan-2023 16:25:08 Asia/Kolkata] PHP Notice:  Undefined variable: Id in /var/www/html/erpm/View/manage_email_module.php on line 281
[05-Jan-2023 16:25:08 Asia/Kolkata] PHP Notice:  Undefined variable: Id in /var/www/html/erpm/View/manage_email_module.php on line 281
[05-Jan-2023 16:25:08 Asia/Kolkata] PHP Notice:  Undefined variable: Id in /var/www/html/erpm/View/manage_email_module.php on line 281
[05-Jan-2023 16:25:08 Asia/Kolkata] PHP Notice:  Undefined variable: Id in /var/www/html/erpm/View/manage_email_module.php on line 281
[05-Jan-2023 16:25:08 Asia/Kolkata] PHP Notice:  Undefined variable: Id in /var/www/html/erpm/View/manage_email_module.php on line 281
[05-Jan-2023 16:25:08 Asia/Kolkata] PHP Notice:  Undefined variable: Id in /var/www/html/erpm/View/manage_email_module.php on line 281
[05-Jan-2023 16:25:08 Asia/Kolkata] PHP Notice:  Undefined variable: Id in /var/www/html/erpm/View/manage_email_module.php on line 281
[05-Jan-2023 16:25:08 Asia/Kolkata] PHP Notice:  Undefined variable: Id in /var/www/html/erpm/View/manage_email_module.php on line 281
[05-Jan-2023 16:25:08 Asia/Kolkata] PHP Notice:  Undefined variable: Id in /var/www/html/erpm/View/manage_email_module.php on line 281
[05-Jan-2023 16:25:08 Asia/Kolkata] PHP Notice:  Undefined variable: Id in /var/www/html/erpm/View/manage_email_module.php on line 281
[05-Jan-2023 16:25:08 Asia/Kolkata] PHP Notice:  Undefined variable: Id in /var/www/html/erpm/View/manage_email_module.php on line 281
[05-Jan-2023 16:25:08 Asia/Kolkata] PHP Notice:  Undefined variable: Id in /var/www/html/erpm/View/manage_email_module.php on line 281
[05-Jan-2023 16:25:08 Asia/Kolkata] PHP Notice:  Undefined variable: Id in /var/www/html/erpm/View/manage_email_module.php on line 281
[05-Jan-2023 16:25:08 Asia/Kolkata] PHP Notice:  Undefined variable: Id in /var/www/html/erpm/View/manage_email_module.php on line 281
[05-Jan-2023 16:25:08 Asia/Kolkata] PHP Notice:  Undefined variable: Id in /var/www/html/erpm/View/manage_email_module.php on line 281
[05-Jan-2023 16:25:08 Asia/Kolkata] PHP Notice:  Undefined variable: Id in /var/www/html/erpm/View/manage_email_module.php on line 281
[05-Jan-2023 16:25:08 Asia/Kolkata] PHP Notice:  Undefined variable: Id in /var/www/html/erpm/View/manage_email_module.php on line 281
[05-Jan-2023 16:25:08 Asia/Kolkata] PHP Notice:  Undefined variable: Id in /var/www/html/erpm/View/manage_email_module.php on line 281
[05-Jan-2023 16:25:08 Asia/Kolkata] PHP Notice:  Undefined variable: Id in /var/www/html/erpm/View/manage_email_module.php on line 281
[05-Jan-2023 16:25:08 Asia/Kolkata] PHP Notice:  Undefined variable: Id in /var/www/html/erpm/View/manage_email_module.php on line 281
[05-Jan-2023 16:25:08 Asia/Kolkata] PHP Notice:  Undefined variable: Id in /var/www/html/erpm/View/manage_email_module.php on line 281
[05-Jan-2023 16:25:08 Asia/Kolkata] PHP Notice:  Undefined variable: Id in /var/www/html/erpm/View/manage_email_module.php on line 281
[05-Jan-2023 16:25:08 Asia/Kolkata] PHP Notice:  Undefined variable: Id in /var/www/html/erpm/View/manage_email_module.php on line 281
[05-Jan-2023 16:25:08 Asia/Kolkata] PHP Notice:  Undefined variable: Id in /var/www/html/erpm/View/manage_email_module.php on line 281
[05-Jan-2023 16:25:08 Asia/Kolkata] PHP Notice:  Undefined variable: Id in /var/www/html/erpm/View/manage_email_module.php on line 281
[05-Jan-2023 16:25:08 Asia/Kolkata] PHP Notice:  Undefined variable: Id in /var/www/html/erpm/View/manage_email_module.php on line 281
[05-Jan-2023 16:25:35 Asia/Kolkata] PHP Notice:  Undefined variable: Id in /var/www/html/erpm/View/manage_email_module.php on line 281
[05-Jan-2023 16:25:35 Asia/Kolkata] PHP Notice:  Undefined variable: Id in /var/www/html/erpm/View/manage_email_module.php on line 281
[05-Jan-2023 16:25:35 Asia/Kolkata] PHP Notice:  Undefined variable: Id in /var/www/html/erpm/View/manage_email_module.php on line 281
[05-Jan-2023 16:25:35 Asia/Kolkata] PHP Notice:  Undefined variable: Id in /var/www/html/erpm/View/manage_email_module.php on line 281
[05-Jan-2023 16:25:35 Asia/Kolkata] PHP Notice:  Undefined variable: Id in /var/www/html/erpm/View/manage_email_module.php on line 281
[05-Jan-2023 16:25:35 Asia/Kolkata] PHP Notice:  Undefined variable: Id in /var/www/html/erpm/View/manage_email_module.php on line 281
[05-Jan-2023 16:25:35 Asia/Kolkata] PHP Notice:  Undefined variable: Id in /var/www/html/erpm/View/manage_email_module.php on line 281
[05-Jan-2023 16:25:35 Asia/Kolkata] PHP Notice:  Undefined variable: Id in /var/www/html/erpm/View/manage_email_module.php on line 281
[05-Jan-2023 16:25:35 Asia/Kolkata] PHP Notice:  Undefined variable: Id in /var/www/html/erpm/View/manage_email_module.php on line 281
[05-Jan-2023 16:25:35 Asia/Kolkata] PHP Notice:  Undefined variable: Id in /var/www/html/erpm/View/manage_email_module.php on line 281
[05-Jan-2023 16:25:35 Asia/Kolkata] PHP Notice:  Undefined variable: Id in /var/www/html/erpm/View/manage_email_module.php on line 281
[05-Jan-2023 16:25:35 Asia/Kolkata] PHP Notice:  Undefined variable: Id in /var/www/html/erpm/View/manage_email_module.php on line 281
[05-Jan-2023 16:25:35 Asia/Kolkata] PHP Notice:  Undefined variable: Id in /var/www/html/erpm/View/manage_email_module.php on line 281
[05-Jan-2023 16:25:35 Asia/Kolkata] PHP Notice:  Undefined variable: Id in /var/www/html/erpm/View/manage_email_module.php on line 281
[05-Jan-2023 16:25:35 Asia/Kolkata] PHP Notice:  Undefined variable: Id in /var/www/html/erpm/View/manage_email_module.php on line 281
[05-Jan-2023 16:25:35 Asia/Kolkata] PHP Notice:  Undefined variable: Id in /var/www/html/erpm/View/manage_email_module.php on line 281
[05-Jan-2023 16:25:35 Asia/Kolkata] PHP Notice:  Undefined variable: Id in /var/www/html/erpm/View/manage_email_module.php on line 281
[05-Jan-2023 16:25:35 Asia/Kolkata] PHP Notice:  Undefined variable: Id in /var/www/html/erpm/View/manage_email_module.php on line 281
[05-Jan-2023 16:25:35 Asia/Kolkata] PHP Notice:  Undefined variable: Id in /var/www/html/erpm/View/manage_email_module.php on line 281
[05-Jan-2023 16:25:35 Asia/Kolkata] PHP Notice:  Undefined variable: Id in /var/www/html/erpm/View/manage_email_module.php on line 281
[05-Jan-2023 16:25:35 Asia/Kolkata] PHP Notice:  Undefined variable: Id in /var/www/html/erpm/View/manage_email_module.php on line 281
[05-Jan-2023 16:25:35 Asia/Kolkata] PHP Notice:  Undefined variable: Id in /var/www/html/erpm/View/manage_email_module.php on line 281
[05-Jan-2023 16:25:35 Asia/Kolkata] PHP Notice:  Undefined variable: Id in /var/www/html/erpm/View/manage_email_module.php on line 281
[05-Jan-2023 16:25:35 Asia/Kolkata] PHP Notice:  Undefined variable: Id in /var/www/html/erpm/View/manage_email_module.php on line 281
[05-Jan-2023 16:25:35 Asia/Kolkata] PHP Notice:  Undefined variable: Id in /var/www/html/erpm/View/manage_email_module.php on line 281
[05-Jan-2023 16:25:35 Asia/Kolkata] PHP Notice:  Undefined variable: Id in /var/www/html/erpm/View/manage_email_module.php on line 281
[05-Jan-2023 16:25:35 Asia/Kolkata] PHP Notice:  Undefined variable: Id in /var/www/html/erpm/View/manage_email_module.php on line 281
[05-Jan-2023 16:25:35 Asia/Kolkata] PHP Notice:  Undefined variable: Id in /var/www/html/erpm/View/manage_email_module.php on line 281
[05-Jan-2023 16:25:35 Asia/Kolkata] PHP Notice:  Undefined variable: Id in /var/www/html/erpm/View/manage_email_module.php on line 281
[05-Jan-2023 16:25:35 Asia/Kolkata] PHP Notice:  Undefined variable: Id in /var/www/html/erpm/View/manage_email_module.php on line 281
[05-Jan-2023 16:25:35 Asia/Kolkata] PHP Notice:  Undefined variable: Id in /var/www/html/erpm/View/manage_email_module.php on line 281
[05-Jan-2023 16:25:35 Asia/Kolkata] PHP Notice:  Undefined variable: Id in /var/www/html/erpm/View/manage_email_module.php on line 281
[05-Jan-2023 16:27:15 Asia/Kolkata] PHP Warning:  mysqli_stmt::bind_param(): Number of elements in type definition string doesn't match number of bind variables in /var/www/html/erpm/Controller/ConLog.php on line 464
[05-Jan-2023 16:27:16 Asia/Kolkata] PHP Notice:  Trying to access array offset on value of type null in /var/www/html/erpm/View/index.php on line 346
[05-Jan-2023 16:47:46 Asia/Kolkata] PHP Notice:  Undefined index: __user_logid in /var/www/html/erpm/AppCode/nHead.php on line 2
[05-Jan-2023 16:47:48 Asia/Kolkata] PHP Warning:  mysqli_stmt::bind_param(): Number of elements in type definition string doesn't match number of bind variables in /var/www/html/erpm/Controller/ConLog.php on line 464
[05-Jan-2023 16:47:50 Asia/Kolkata] PHP Notice:  Trying to access array offset on value of type null in /var/www/html/erpm/View/index.php on line 346
[05-Jan-2023 16:47:50 Asia/Kolkata] PHP Warning:  mysqli_stmt::bind_param(): Number of elements in type definition string doesn't match number of bind variables in /var/www/html/erpm/Controller/ConLog.php on line 464
[05-Jan-2023 16:47:52 Asia/Kolkata] PHP Notice:  Trying to access array offset on value of type null in /var/www/html/erpm/View/index.php on line 346
