[21-Jan-2023 09:53:16 Asia/Kolkata] PHP Warning:  Undefined array key "__user_logid" in C:\wamp64\www\emsdemo\AppCode\nHead.php on line 2
[21-Jan-2023 09:53:16 Asia/Kolkata] PHP Stack trace:
[21-Jan-2023 09:53:16 Asia/Kolkata] PHP   1. {main}() C:\wamp64\www\emsdemo\View\index.php:0
[21-Jan-2023 09:53:16 Asia/Kolkata] PHP   2. require() C:\wamp64\www\emsdemo\View\index.php:14
[21-Jan-2023 09:54:02 Asia/Kolkata] PHP Warning:  Undefined array key "to" in C:\wamp64\www\emsdemo\View\calcRange.php on line 42
[21-Jan-2023 09:54:02 Asia/Kolkata] PHP Stack trace:
[21-Jan-2023 09:54:02 Asia/Kolkata] PHP   1. {main}() C:\wamp64\www\emsdemo\View\calcRange.php:0
[21-Jan-2023 09:54:06 Asia/Kolkata] PHP Notice:  Object of class mysqli_result could not be converted to int in C:\wamp64\www\emsdemo\View\calcRange.php on line 412
[21-Jan-2023 09:54:06 Asia/Kolkata] PHP Stack trace:
[21-Jan-2023 09:54:06 Asia/Kolkata] PHP   1. {main}() C:\wamp64\www\emsdemo\View\calcRange.php:0
[21-Jan-2023 09:54:06 Asia/Kolkata] PHP   2. BioMetric->__construct($EmployeeID = 'CE03070003', $DateFrom = '2023-01-20', $DateTo = '2023-01-20', $Emd_des = 'General Manager', $Emp_status = 6, $emp_dod = '2004-12-15 00:00:00', $emp_module = '2004-12-15 00:00:00') C:\wamp64\www\emsdemo\View\calcRange.php:2358
[21-Jan-2023 09:54:06 Asia/Kolkata] PHP Warning:  Undefined array key "2023-01-20" in C:\wamp64\www\emsdemo\View\calcRange.php on line 583
[21-Jan-2023 09:54:06 Asia/Kolkata] PHP Stack trace:
[21-Jan-2023 09:54:06 Asia/Kolkata] PHP   1. {main}() C:\wamp64\www\emsdemo\View\calcRange.php:0
[21-Jan-2023 09:54:06 Asia/Kolkata] PHP   2. BioMetric->__construct($EmployeeID = 'CE03070003', $DateFrom = '2023-01-20', $DateTo = '2023-01-20', $Emd_des = 'General Manager', $Emp_status = 6, $emp_dod = '2004-12-15 00:00:00', $emp_module = '2004-12-15 00:00:00') C:\wamp64\www\emsdemo\View\calcRange.php:2358
[21-Jan-2023 09:54:06 Asia/Kolkata] PHP   3. BioMetric->__calculation_for_day($__date = '2023-01-20', $__EmpID = 'CE03070003', $__des = 'General Manager', $__status = 6) C:\wamp64\www\emsdemo\View\calcRange.php:558
[21-Jan-2023 09:54:06 Asia/Kolkata] PHP Warning:  Undefined array key "2023-01-20" in C:\wamp64\www\emsdemo\View\calcRange.php on line 932
[21-Jan-2023 09:54:06 Asia/Kolkata] PHP Stack trace:
[21-Jan-2023 09:54:06 Asia/Kolkata] PHP   1. {main}() C:\wamp64\www\emsdemo\View\calcRange.php:0
[21-Jan-2023 09:54:06 Asia/Kolkata] PHP   2. BioMetric->__construct($EmployeeID = 'CE03070003', $DateFrom = '2023-01-20', $DateTo = '2023-01-20', $Emd_des = 'General Manager', $Emp_status = 6, $emp_dod = '2004-12-15 00:00:00', $emp_module = '2004-12-15 00:00:00') C:\wamp64\www\emsdemo\View\calcRange.php:2358
[21-Jan-2023 09:54:06 Asia/Kolkata] PHP   3. BioMetric->__calculation_for_day($__date = '2023-01-20', $__EmpID = 'CE03070003', $__des = 'General Manager', $__status = 6) C:\wamp64\www\emsdemo\View\calcRange.php:558
[21-Jan-2023 09:54:06 Asia/Kolkata] PHP Warning:  Undefined array key "2023-01-20" in C:\wamp64\www\emsdemo\View\calcRange.php on line 1225
[21-Jan-2023 09:54:06 Asia/Kolkata] PHP Stack trace:
[21-Jan-2023 09:54:06 Asia/Kolkata] PHP   1. {main}() C:\wamp64\www\emsdemo\View\calcRange.php:0
[21-Jan-2023 09:54:06 Asia/Kolkata] PHP   2. BioMetric->__construct($EmployeeID = 'CE03070003', $DateFrom = '2023-01-20', $DateTo = '2023-01-20', $Emd_des = 'General Manager', $Emp_status = 6, $emp_dod = '2004-12-15 00:00:00', $emp_module = '2004-12-15 00:00:00') C:\wamp64\www\emsdemo\View\calcRange.php:2358
[21-Jan-2023 09:54:06 Asia/Kolkata] PHP   3. BioMetric->__calculation_for_day($__date = '2023-01-20', $__EmpID = 'CE03070003', $__des = 'General Manager', $__status = 6) C:\wamp64\www\emsdemo\View\calcRange.php:558
[21-Jan-2023 09:54:10 Asia/Kolkata] PHP Warning:  Array to string conversion in C:\wamp64\www\emsdemo\View\calcRange.php on line 1559
[21-Jan-2023 09:54:10 Asia/Kolkata] PHP Stack trace:
[21-Jan-2023 09:54:10 Asia/Kolkata] PHP   1. {main}() C:\wamp64\www\emsdemo\View\calcRange.php:0
[21-Jan-2023 09:54:10 Asia/Kolkata] PHP   2. BioMetric->__construct($EmployeeID = 'CE03070003', $DateFrom = '2023-01-20', $DateTo = '2023-01-20', $Emd_des = 'General Manager', $Emp_status = 6, $emp_dod = '2004-12-15 00:00:00', $emp_module = '2004-12-15 00:00:00') C:\wamp64\www\emsdemo\View\calcRange.php:2358
[21-Jan-2023 09:54:10 Asia/Kolkata] PHP   3. BioMetric->__calculation_for_day($__date = '2023-01-20', $__EmpID = 'CE03070003', $__des = 'General Manager', $__status = 6) C:\wamp64\www\emsdemo\View\calcRange.php:558
[21-Jan-2023 09:54:22 Asia/Kolkata] PHP Warning:  Undefined array key "txt_dateFrom" in C:\wamp64\www\emsdemo\View\message-popup.php on line 28
[21-Jan-2023 09:54:22 Asia/Kolkata] PHP Stack trace:
[21-Jan-2023 09:54:22 Asia/Kolkata] PHP   1. {main}() C:\wamp64\www\emsdemo\View\message-popup.php:0
[21-Jan-2023 09:54:22 Asia/Kolkata] PHP Warning:  Undefined array key "txt_dateto" in C:\wamp64\www\emsdemo\View\message-popup.php on line 29
[21-Jan-2023 09:54:22 Asia/Kolkata] PHP Stack trace:
[21-Jan-2023 09:54:22 Asia/Kolkata] PHP   1. {main}() C:\wamp64\www\emsdemo\View\message-popup.php:0
