[19-Sep-2023 15:00:21 Asia/Kolkata] PHP Fatal error:  Array and string offset access syntax with curly braces is no longer supported in D:\wamp64\www\emsdemo\AppData\lib\PHPExcel\Shared\String.php on line 529
[19-Sep-2023 15:00:21 Asia/Kolkata] PHP Stack trace:
[19-Sep-2023 15:00:21 Asia/Kolkata] PHP   1. {main}() D:\wamp64\www\emsdemo\View\module_master_report.php:0
[19-Sep-2023 15:00:21 Asia/Kolkata] PHP   2. require_once() D:\wamp64\www\emsdemo\View\module_master_report.php:10
[19-Sep-2023 15:00:21 Asia/Kolkata] PHP   3. require() D:\wamp64\www\emsdemo\AppData\lib\PHPExcel\IOFactory.php:35
[19-Sep-2023 15:00:21 Asia/Kolkata] PHP   4. PHPExcel_Autoloader::Load($pClassName = 'PHPExcel_Shared_String') D:\wamp64\www\emsdemo\AppData\lib\PHPExcel\Autoloader.php:36
[19-Sep-2023 15:18:36 Asia/Kolkata] PHP Warning:  Undefined array key "__user_logid" in D:\wamp64\www\emsdemo\AppCode\nHead.php on line 2
[19-Sep-2023 15:18:36 Asia/Kolkata] PHP Stack trace:
[19-Sep-2023 15:18:36 Asia/Kolkata] PHP   1. {main}() D:\wamp64\www\emsdemo\View\manage_report_module.php:0
[19-Sep-2023 15:18:36 Asia/Kolkata] PHP   2. require() D:\wamp64\www\emsdemo\View\manage_report_module.php:9
[19-Sep-2023 15:18:53 Asia/Kolkata] PHP Warning:  Trying to access array offset on value of type null in D:\wamp64\www\emsdemo\View\index.php on line 356
[19-Sep-2023 15:18:53 Asia/Kolkata] PHP Stack trace:
[19-Sep-2023 15:18:53 Asia/Kolkata] PHP   1. {main}() D:\wamp64\www\emsdemo\View\index.php:0
[19-Sep-2023 15:18:53 Asia/Kolkata] PHP Deprecated:  stripslashes(): Passing null to parameter #1 ($string) of type string is deprecated in D:\wamp64\www\emsdemo\Config\init.php on line 122
[19-Sep-2023 15:18:53 Asia/Kolkata] PHP Stack trace:
[19-Sep-2023 15:18:53 Asia/Kolkata] PHP   1. {main}() D:\wamp64\www\emsdemo\View\index.php:0
[19-Sep-2023 15:18:53 Asia/Kolkata] PHP   2. clean($data = NULL) D:\wamp64\www\emsdemo\View\index.php:356
[19-Sep-2023 15:18:53 Asia/Kolkata] PHP   3. stripslashes($string = NULL) D:\wamp64\www\emsdemo\Config\init.php:122
[19-Sep-2023 15:19:08 Asia/Kolkata] PHP Warning:  Undefined array key "EmployeeID" in D:\wamp64\www\emsdemo\View\welcome_mail_template.php on line 16
[19-Sep-2023 15:19:08 Asia/Kolkata] PHP Stack trace:
[19-Sep-2023 15:19:08 Asia/Kolkata] PHP   1. {main}() D:\wamp64\www\emsdemo\View\welcome_mail_template.php:0
[19-Sep-2023 15:19:20 Asia/Kolkata] PHP Warning:  Undefined variable $selected in D:\wamp64\www\emsdemo\View\dropdown.php on line 34
[19-Sep-2023 15:19:20 Asia/Kolkata] PHP Stack trace:
[19-Sep-2023 15:19:20 Asia/Kolkata] PHP   1. {main}() D:\wamp64\www\emsdemo\View\dropdown.php:0
[19-Sep-2023 15:19:20 Asia/Kolkata] PHP Warning:  Undefined variable $selected in D:\wamp64\www\emsdemo\View\dropdown.php on line 34
[19-Sep-2023 15:19:20 Asia/Kolkata] PHP Stack trace:
[19-Sep-2023 15:19:20 Asia/Kolkata] PHP   1. {main}() D:\wamp64\www\emsdemo\View\dropdown.php:0
[19-Sep-2023 15:19:20 Asia/Kolkata] PHP Warning:  Undefined variable $selected in D:\wamp64\www\emsdemo\View\dropdown.php on line 34
[19-Sep-2023 15:19:20 Asia/Kolkata] PHP Stack trace:
[19-Sep-2023 15:19:20 Asia/Kolkata] PHP   1. {main}() D:\wamp64\www\emsdemo\View\dropdown.php:0
[19-Sep-2023 15:19:20 Asia/Kolkata] PHP Warning:  Undefined variable $selected in D:\wamp64\www\emsdemo\View\dropdown.php on line 34
[19-Sep-2023 15:19:20 Asia/Kolkata] PHP Stack trace:
[19-Sep-2023 15:19:20 Asia/Kolkata] PHP   1. {main}() D:\wamp64\www\emsdemo\View\dropdown.php:0
[19-Sep-2023 15:19:20 Asia/Kolkata] PHP Warning:  Undefined variable $selected in D:\wamp64\www\emsdemo\View\dropdown.php on line 34
[19-Sep-2023 15:19:20 Asia/Kolkata] PHP Stack trace:
[19-Sep-2023 15:19:20 Asia/Kolkata] PHP   1. {main}() D:\wamp64\www\emsdemo\View\dropdown.php:0
[19-Sep-2023 15:19:20 Asia/Kolkata] PHP Warning:  Undefined variable $selected in D:\wamp64\www\emsdemo\View\dropdown.php on line 34
[19-Sep-2023 15:19:20 Asia/Kolkata] PHP Stack trace:
[19-Sep-2023 15:19:20 Asia/Kolkata] PHP   1. {main}() D:\wamp64\www\emsdemo\View\dropdown.php:0
[19-Sep-2023 15:19:20 Asia/Kolkata] PHP Warning:  Undefined variable $selected in D:\wamp64\www\emsdemo\View\dropdown.php on line 34
[19-Sep-2023 15:19:20 Asia/Kolkata] PHP Stack trace:
[19-Sep-2023 15:19:20 Asia/Kolkata] PHP   1. {main}() D:\wamp64\www\emsdemo\View\dropdown.php:0
[19-Sep-2023 15:19:20 Asia/Kolkata] PHP Warning:  Undefined variable $selected in D:\wamp64\www\emsdemo\View\dropdown.php on line 34
[19-Sep-2023 15:19:20 Asia/Kolkata] PHP Stack trace:
[19-Sep-2023 15:19:20 Asia/Kolkata] PHP   1. {main}() D:\wamp64\www\emsdemo\View\dropdown.php:0
[19-Sep-2023 15:19:20 Asia/Kolkata] PHP Warning:  Undefined variable $selected in D:\wamp64\www\emsdemo\View\dropdown.php on line 34
[19-Sep-2023 15:19:20 Asia/Kolkata] PHP Stack trace:
[19-Sep-2023 15:19:20 Asia/Kolkata] PHP   1. {main}() D:\wamp64\www\emsdemo\View\dropdown.php:0
[19-Sep-2023 15:19:20 Asia/Kolkata] PHP Warning:  Undefined variable $selected in D:\wamp64\www\emsdemo\View\dropdown.php on line 34
[19-Sep-2023 15:19:20 Asia/Kolkata] PHP Stack trace:
[19-Sep-2023 15:19:20 Asia/Kolkata] PHP   1. {main}() D:\wamp64\www\emsdemo\View\dropdown.php:0
[19-Sep-2023 15:19:20 Asia/Kolkata] PHP Warning:  Undefined variable $selected in D:\wamp64\www\emsdemo\View\dropdown.php on line 34
[19-Sep-2023 15:19:20 Asia/Kolkata] PHP Stack trace:
[19-Sep-2023 15:19:20 Asia/Kolkata] PHP   1. {main}() D:\wamp64\www\emsdemo\View\dropdown.php:0
[19-Sep-2023 15:19:20 Asia/Kolkata] PHP Warning:  Undefined variable $selected in D:\wamp64\www\emsdemo\View\dropdown.php on line 34
[19-Sep-2023 15:19:20 Asia/Kolkata] PHP Stack trace:
[19-Sep-2023 15:19:20 Asia/Kolkata] PHP   1. {main}() D:\wamp64\www\emsdemo\View\dropdown.php:0
[19-Sep-2023 15:19:20 Asia/Kolkata] PHP Warning:  Undefined variable $selected in D:\wamp64\www\emsdemo\View\dropdown.php on line 34
[19-Sep-2023 15:19:20 Asia/Kolkata] PHP Stack trace:
[19-Sep-2023 15:19:20 Asia/Kolkata] PHP   1. {main}() D:\wamp64\www\emsdemo\View\dropdown.php:0
[19-Sep-2023 15:19:20 Asia/Kolkata] PHP Warning:  Undefined variable $selected in D:\wamp64\www\emsdemo\View\dropdown.php on line 34
[19-Sep-2023 15:19:20 Asia/Kolkata] PHP Stack trace:
[19-Sep-2023 15:19:20 Asia/Kolkata] PHP   1. {main}() D:\wamp64\www\emsdemo\View\dropdown.php:0
[19-Sep-2023 15:19:20 Asia/Kolkata] PHP Warning:  Undefined variable $selected in D:\wamp64\www\emsdemo\View\dropdown.php on line 34
[19-Sep-2023 15:19:20 Asia/Kolkata] PHP Stack trace:
[19-Sep-2023 15:19:20 Asia/Kolkata] PHP   1. {main}() D:\wamp64\www\emsdemo\View\dropdown.php:0
[19-Sep-2023 15:19:20 Asia/Kolkata] PHP Warning:  Undefined variable $selected in D:\wamp64\www\emsdemo\View\dropdown.php on line 34
[19-Sep-2023 15:19:20 Asia/Kolkata] PHP Stack trace:
[19-Sep-2023 15:19:20 Asia/Kolkata] PHP   1. {main}() D:\wamp64\www\emsdemo\View\dropdown.php:0
[19-Sep-2023 15:19:20 Asia/Kolkata] PHP Warning:  Undefined variable $selected in D:\wamp64\www\emsdemo\View\dropdown.php on line 34
[19-Sep-2023 15:19:20 Asia/Kolkata] PHP Stack trace:
[19-Sep-2023 15:19:20 Asia/Kolkata] PHP   1. {main}() D:\wamp64\www\emsdemo\View\dropdown.php:0
[19-Sep-2023 15:19:20 Asia/Kolkata] PHP Warning:  Undefined variable $selected in D:\wamp64\www\emsdemo\View\dropdown.php on line 34
[19-Sep-2023 15:19:20 Asia/Kolkata] PHP Stack trace:
[19-Sep-2023 15:19:20 Asia/Kolkata] PHP   1. {main}() D:\wamp64\www\emsdemo\View\dropdown.php:0
[19-Sep-2023 15:19:20 Asia/Kolkata] PHP Warning:  Undefined variable $selected in D:\wamp64\www\emsdemo\View\dropdown.php on line 34
[19-Sep-2023 15:19:20 Asia/Kolkata] PHP Stack trace:
[19-Sep-2023 15:19:20 Asia/Kolkata] PHP   1. {main}() D:\wamp64\www\emsdemo\View\dropdown.php:0
[19-Sep-2023 15:19:20 Asia/Kolkata] PHP Warning:  Undefined variable $selected in D:\wamp64\www\emsdemo\View\dropdown.php on line 34
[19-Sep-2023 15:19:20 Asia/Kolkata] PHP Stack trace:
[19-Sep-2023 15:19:20 Asia/Kolkata] PHP   1. {main}() D:\wamp64\www\emsdemo\View\dropdown.php:0
[19-Sep-2023 15:19:20 Asia/Kolkata] PHP Warning:  Undefined variable $selected in D:\wamp64\www\emsdemo\View\dropdown.php on line 34
[19-Sep-2023 15:19:20 Asia/Kolkata] PHP Stack trace:
[19-Sep-2023 15:19:20 Asia/Kolkata] PHP   1. {main}() D:\wamp64\www\emsdemo\View\dropdown.php:0
[19-Sep-2023 15:19:20 Asia/Kolkata] PHP Warning:  Undefined variable $selected in D:\wamp64\www\emsdemo\View\dropdown.php on line 34
[19-Sep-2023 15:19:20 Asia/Kolkata] PHP Stack trace:
[19-Sep-2023 15:19:20 Asia/Kolkata] PHP   1. {main}() D:\wamp64\www\emsdemo\View\dropdown.php:0
[19-Sep-2023 15:19:20 Asia/Kolkata] PHP Warning:  Undefined variable $selected in D:\wamp64\www\emsdemo\View\dropdown.php on line 34
[19-Sep-2023 15:19:20 Asia/Kolkata] PHP Stack trace:
[19-Sep-2023 15:19:20 Asia/Kolkata] PHP   1. {main}() D:\wamp64\www\emsdemo\View\dropdown.php:0
[19-Sep-2023 15:19:20 Asia/Kolkata] PHP Warning:  Undefined variable $selected in D:\wamp64\www\emsdemo\View\dropdown.php on line 34
[19-Sep-2023 15:19:20 Asia/Kolkata] PHP Stack trace:
[19-Sep-2023 15:19:20 Asia/Kolkata] PHP   1. {main}() D:\wamp64\www\emsdemo\View\dropdown.php:0
[19-Sep-2023 15:19:20 Asia/Kolkata] PHP Warning:  Undefined variable $selected in D:\wamp64\www\emsdemo\View\dropdown.php on line 34
[19-Sep-2023 15:19:20 Asia/Kolkata] PHP Stack trace:
[19-Sep-2023 15:19:20 Asia/Kolkata] PHP   1. {main}() D:\wamp64\www\emsdemo\View\dropdown.php:0
[19-Sep-2023 15:19:20 Asia/Kolkata] PHP Warning:  Undefined variable $selected in D:\wamp64\www\emsdemo\View\dropdown.php on line 34
[19-Sep-2023 15:19:20 Asia/Kolkata] PHP Stack trace:
[19-Sep-2023 15:19:20 Asia/Kolkata] PHP   1. {main}() D:\wamp64\www\emsdemo\View\dropdown.php:0
[19-Sep-2023 15:19:20 Asia/Kolkata] PHP Warning:  Undefined variable $selected in D:\wamp64\www\emsdemo\View\dropdown.php on line 34
[19-Sep-2023 15:19:20 Asia/Kolkata] PHP Stack trace:
[19-Sep-2023 15:19:20 Asia/Kolkata] PHP   1. {main}() D:\wamp64\www\emsdemo\View\dropdown.php:0
[19-Sep-2023 15:19:20 Asia/Kolkata] PHP Warning:  Undefined variable $selected in D:\wamp64\www\emsdemo\View\dropdown.php on line 34
[19-Sep-2023 15:19:20 Asia/Kolkata] PHP Stack trace:
[19-Sep-2023 15:19:20 Asia/Kolkata] PHP   1. {main}() D:\wamp64\www\emsdemo\View\dropdown.php:0
[19-Sep-2023 15:19:20 Asia/Kolkata] PHP Warning:  Undefined variable $selected in D:\wamp64\www\emsdemo\View\dropdown.php on line 34
[19-Sep-2023 15:19:20 Asia/Kolkata] PHP Stack trace:
[19-Sep-2023 15:19:20 Asia/Kolkata] PHP   1. {main}() D:\wamp64\www\emsdemo\View\dropdown.php:0
[19-Sep-2023 15:19:20 Asia/Kolkata] PHP Warning:  Undefined variable $selected in D:\wamp64\www\emsdemo\View\dropdown.php on line 34
[19-Sep-2023 15:19:20 Asia/Kolkata] PHP Stack trace:
[19-Sep-2023 15:19:20 Asia/Kolkata] PHP   1. {main}() D:\wamp64\www\emsdemo\View\dropdown.php:0
[19-Sep-2023 15:19:20 Asia/Kolkata] PHP Warning:  Undefined variable $selected in D:\wamp64\www\emsdemo\View\dropdown.php on line 34
[19-Sep-2023 15:19:20 Asia/Kolkata] PHP Stack trace:
[19-Sep-2023 15:19:20 Asia/Kolkata] PHP   1. {main}() D:\wamp64\www\emsdemo\View\dropdown.php:0
[19-Sep-2023 15:19:20 Asia/Kolkata] PHP Warning:  Undefined variable $selected in D:\wamp64\www\emsdemo\View\dropdown.php on line 34
[19-Sep-2023 15:19:20 Asia/Kolkata] PHP Stack trace:
[19-Sep-2023 15:19:20 Asia/Kolkata] PHP   1. {main}() D:\wamp64\www\emsdemo\View\dropdown.php:0
[19-Sep-2023 15:19:20 Asia/Kolkata] PHP Warning:  Undefined variable $selected in D:\wamp64\www\emsdemo\View\dropdown.php on line 34
[19-Sep-2023 15:19:20 Asia/Kolkata] PHP Stack trace:
[19-Sep-2023 15:19:20 Asia/Kolkata] PHP   1. {main}() D:\wamp64\www\emsdemo\View\dropdown.php:0
[19-Sep-2023 15:19:20 Asia/Kolkata] PHP Warning:  Undefined variable $selected in D:\wamp64\www\emsdemo\View\dropdown.php on line 34
[19-Sep-2023 15:19:20 Asia/Kolkata] PHP Stack trace:
[19-Sep-2023 15:19:20 Asia/Kolkata] PHP   1. {main}() D:\wamp64\www\emsdemo\View\dropdown.php:0
[19-Sep-2023 15:19:20 Asia/Kolkata] PHP Warning:  Undefined variable $selected in D:\wamp64\www\emsdemo\View\dropdown.php on line 34
[19-Sep-2023 15:19:20 Asia/Kolkata] PHP Stack trace:
[19-Sep-2023 15:19:20 Asia/Kolkata] PHP   1. {main}() D:\wamp64\www\emsdemo\View\dropdown.php:0
[19-Sep-2023 15:19:20 Asia/Kolkata] PHP Warning:  Undefined variable $selected in D:\wamp64\www\emsdemo\View\dropdown.php on line 34
[19-Sep-2023 15:19:20 Asia/Kolkata] PHP Stack trace:
[19-Sep-2023 15:19:20 Asia/Kolkata] PHP   1. {main}() D:\wamp64\www\emsdemo\View\dropdown.php:0
[19-Sep-2023 15:19:20 Asia/Kolkata] PHP Warning:  Undefined variable $selected in D:\wamp64\www\emsdemo\View\dropdown.php on line 34
[19-Sep-2023 15:19:20 Asia/Kolkata] PHP Stack trace:
[19-Sep-2023 15:19:20 Asia/Kolkata] PHP   1. {main}() D:\wamp64\www\emsdemo\View\dropdown.php:0
[19-Sep-2023 15:19:20 Asia/Kolkata] PHP Warning:  Undefined variable $selected in D:\wamp64\www\emsdemo\View\dropdown.php on line 34
[19-Sep-2023 15:19:20 Asia/Kolkata] PHP Stack trace:
[19-Sep-2023 15:19:20 Asia/Kolkata] PHP   1. {main}() D:\wamp64\www\emsdemo\View\dropdown.php:0
[19-Sep-2023 15:19:20 Asia/Kolkata] PHP Warning:  Undefined variable $selected in D:\wamp64\www\emsdemo\View\dropdown.php on line 34
[19-Sep-2023 15:19:20 Asia/Kolkata] PHP Stack trace:
[19-Sep-2023 15:19:20 Asia/Kolkata] PHP   1. {main}() D:\wamp64\www\emsdemo\View\dropdown.php:0
[19-Sep-2023 15:19:20 Asia/Kolkata] PHP Warning:  Undefined variable $selected in D:\wamp64\www\emsdemo\View\dropdown.php on line 34
[19-Sep-2023 15:19:20 Asia/Kolkata] PHP Stack trace:
[19-Sep-2023 15:19:20 Asia/Kolkata] PHP   1. {main}() D:\wamp64\www\emsdemo\View\dropdown.php:0
[19-Sep-2023 15:19:20 Asia/Kolkata] PHP Warning:  Undefined variable $selected in D:\wamp64\www\emsdemo\View\dropdown.php on line 34
[19-Sep-2023 15:19:20 Asia/Kolkata] PHP Stack trace:
[19-Sep-2023 15:19:20 Asia/Kolkata] PHP   1. {main}() D:\wamp64\www\emsdemo\View\dropdown.php:0
[19-Sep-2023 15:19:20 Asia/Kolkata] PHP Warning:  Undefined variable $selected in D:\wamp64\www\emsdemo\View\dropdown.php on line 34
[19-Sep-2023 15:19:20 Asia/Kolkata] PHP Stack trace:
[19-Sep-2023 15:19:20 Asia/Kolkata] PHP   1. {main}() D:\wamp64\www\emsdemo\View\dropdown.php:0
[19-Sep-2023 15:19:20 Asia/Kolkata] PHP Warning:  Undefined variable $selected in D:\wamp64\www\emsdemo\View\dropdown.php on line 34
[19-Sep-2023 15:19:20 Asia/Kolkata] PHP Stack trace:
[19-Sep-2023 15:19:20 Asia/Kolkata] PHP   1. {main}() D:\wamp64\www\emsdemo\View\dropdown.php:0
[19-Sep-2023 15:19:20 Asia/Kolkata] PHP Warning:  Undefined variable $selected in D:\wamp64\www\emsdemo\View\dropdown.php on line 34
[19-Sep-2023 15:19:20 Asia/Kolkata] PHP Stack trace:
[19-Sep-2023 15:19:20 Asia/Kolkata] PHP   1. {main}() D:\wamp64\www\emsdemo\View\dropdown.php:0
[19-Sep-2023 15:19:20 Asia/Kolkata] PHP Warning:  Undefined variable $selected in D:\wamp64\www\emsdemo\View\dropdown.php on line 34
[19-Sep-2023 15:19:20 Asia/Kolkata] PHP Stack trace:
[19-Sep-2023 15:19:20 Asia/Kolkata] PHP   1. {main}() D:\wamp64\www\emsdemo\View\dropdown.php:0
[19-Sep-2023 15:19:20 Asia/Kolkata] PHP Warning:  Undefined variable $selected in D:\wamp64\www\emsdemo\View\dropdown.php on line 34
[19-Sep-2023 15:19:20 Asia/Kolkata] PHP Stack trace:
[19-Sep-2023 15:19:20 Asia/Kolkata] PHP   1. {main}() D:\wamp64\www\emsdemo\View\dropdown.php:0
[19-Sep-2023 15:19:20 Asia/Kolkata] PHP Warning:  Undefined variable $selected in D:\wamp64\www\emsdemo\View\dropdown.php on line 34
[19-Sep-2023 15:19:20 Asia/Kolkata] PHP Stack trace:
[19-Sep-2023 15:19:20 Asia/Kolkata] PHP   1. {main}() D:\wamp64\www\emsdemo\View\dropdown.php:0
[19-Sep-2023 15:19:20 Asia/Kolkata] PHP Warning:  Undefined variable $selected in D:\wamp64\www\emsdemo\View\dropdown.php on line 34
[19-Sep-2023 15:19:20 Asia/Kolkata] PHP Stack trace:
[19-Sep-2023 15:19:20 Asia/Kolkata] PHP   1. {main}() D:\wamp64\www\emsdemo\View\dropdown.php:0
[19-Sep-2023 15:19:20 Asia/Kolkata] PHP Warning:  Undefined variable $selected in D:\wamp64\www\emsdemo\View\dropdown.php on line 34
[19-Sep-2023 15:19:20 Asia/Kolkata] PHP Stack trace:
[19-Sep-2023 15:19:20 Asia/Kolkata] PHP   1. {main}() D:\wamp64\www\emsdemo\View\dropdown.php:0
[19-Sep-2023 15:19:20 Asia/Kolkata] PHP Warning:  Undefined variable $selected in D:\wamp64\www\emsdemo\View\dropdown.php on line 34
[19-Sep-2023 15:19:20 Asia/Kolkata] PHP Stack trace:
[19-Sep-2023 15:19:20 Asia/Kolkata] PHP   1. {main}() D:\wamp64\www\emsdemo\View\dropdown.php:0
[19-Sep-2023 15:19:20 Asia/Kolkata] PHP Warning:  Undefined variable $selected in D:\wamp64\www\emsdemo\View\dropdown.php on line 34
[19-Sep-2023 15:19:20 Asia/Kolkata] PHP Stack trace:
[19-Sep-2023 15:19:20 Asia/Kolkata] PHP   1. {main}() D:\wamp64\www\emsdemo\View\dropdown.php:0
[19-Sep-2023 15:19:20 Asia/Kolkata] PHP Warning:  Undefined variable $selected in D:\wamp64\www\emsdemo\View\dropdown.php on line 34
[19-Sep-2023 15:19:20 Asia/Kolkata] PHP Stack trace:
[19-Sep-2023 15:19:20 Asia/Kolkata] PHP   1. {main}() D:\wamp64\www\emsdemo\View\dropdown.php:0
[19-Sep-2023 15:19:20 Asia/Kolkata] PHP Warning:  Undefined variable $selected in D:\wamp64\www\emsdemo\View\dropdown.php on line 34
[19-Sep-2023 15:19:20 Asia/Kolkata] PHP Stack trace:
[19-Sep-2023 15:19:20 Asia/Kolkata] PHP   1. {main}() D:\wamp64\www\emsdemo\View\dropdown.php:0
[19-Sep-2023 15:19:20 Asia/Kolkata] PHP Warning:  Undefined variable $selected in D:\wamp64\www\emsdemo\View\dropdown.php on line 34
[19-Sep-2023 15:19:20 Asia/Kolkata] PHP Stack trace:
[19-Sep-2023 15:19:20 Asia/Kolkata] PHP   1. {main}() D:\wamp64\www\emsdemo\View\dropdown.php:0
[19-Sep-2023 15:19:20 Asia/Kolkata] PHP Warning:  Undefined variable $selected in D:\wamp64\www\emsdemo\View\dropdown.php on line 34
[19-Sep-2023 15:19:20 Asia/Kolkata] PHP Stack trace:
[19-Sep-2023 15:19:20 Asia/Kolkata] PHP   1. {main}() D:\wamp64\www\emsdemo\View\dropdown.php:0
[19-Sep-2023 15:19:20 Asia/Kolkata] PHP Warning:  Undefined variable $selected in D:\wamp64\www\emsdemo\View\dropdown.php on line 34
[19-Sep-2023 15:19:20 Asia/Kolkata] PHP Stack trace:
[19-Sep-2023 15:19:20 Asia/Kolkata] PHP   1. {main}() D:\wamp64\www\emsdemo\View\dropdown.php:0
[19-Sep-2023 15:19:20 Asia/Kolkata] PHP Warning:  Undefined variable $selected in D:\wamp64\www\emsdemo\View\dropdown.php on line 34
[19-Sep-2023 15:19:20 Asia/Kolkata] PHP Stack trace:
[19-Sep-2023 15:19:20 Asia/Kolkata] PHP   1. {main}() D:\wamp64\www\emsdemo\View\dropdown.php:0
[19-Sep-2023 15:19:20 Asia/Kolkata] PHP Warning:  Undefined variable $selected in D:\wamp64\www\emsdemo\View\dropdown.php on line 34
[19-Sep-2023 15:19:20 Asia/Kolkata] PHP Stack trace:
[19-Sep-2023 15:19:20 Asia/Kolkata] PHP   1. {main}() D:\wamp64\www\emsdemo\View\dropdown.php:0
[19-Sep-2023 15:19:20 Asia/Kolkata] PHP Warning:  Undefined variable $selected in D:\wamp64\www\emsdemo\View\dropdown.php on line 34
[19-Sep-2023 15:19:20 Asia/Kolkata] PHP Stack trace:
[19-Sep-2023 15:19:20 Asia/Kolkata] PHP   1. {main}() D:\wamp64\www\emsdemo\View\dropdown.php:0
[19-Sep-2023 15:19:20 Asia/Kolkata] PHP Warning:  Undefined variable $selected in D:\wamp64\www\emsdemo\View\dropdown.php on line 34
[19-Sep-2023 15:19:20 Asia/Kolkata] PHP Stack trace:
[19-Sep-2023 15:19:20 Asia/Kolkata] PHP   1. {main}() D:\wamp64\www\emsdemo\View\dropdown.php:0
[19-Sep-2023 15:19:20 Asia/Kolkata] PHP Warning:  Undefined variable $selected in D:\wamp64\www\emsdemo\View\dropdown.php on line 34
[19-Sep-2023 15:19:20 Asia/Kolkata] PHP Stack trace:
[19-Sep-2023 15:19:20 Asia/Kolkata] PHP   1. {main}() D:\wamp64\www\emsdemo\View\dropdown.php:0
[19-Sep-2023 15:19:20 Asia/Kolkata] PHP Warning:  Undefined variable $selected in D:\wamp64\www\emsdemo\View\dropdown.php on line 34
[19-Sep-2023 15:19:20 Asia/Kolkata] PHP Stack trace:
[19-Sep-2023 15:19:20 Asia/Kolkata] PHP   1. {main}() D:\wamp64\www\emsdemo\View\dropdown.php:0
[19-Sep-2023 15:19:20 Asia/Kolkata] PHP Warning:  Undefined variable $selected in D:\wamp64\www\emsdemo\View\dropdown.php on line 34
[19-Sep-2023 15:19:20 Asia/Kolkata] PHP Stack trace:
[19-Sep-2023 15:19:20 Asia/Kolkata] PHP   1. {main}() D:\wamp64\www\emsdemo\View\dropdown.php:0
[19-Sep-2023 15:19:20 Asia/Kolkata] PHP Warning:  Undefined variable $selected in D:\wamp64\www\emsdemo\View\dropdown.php on line 34
[19-Sep-2023 15:19:20 Asia/Kolkata] PHP Stack trace:
[19-Sep-2023 15:19:20 Asia/Kolkata] PHP   1. {main}() D:\wamp64\www\emsdemo\View\dropdown.php:0
[19-Sep-2023 15:19:20 Asia/Kolkata] PHP Warning:  Undefined variable $selected in D:\wamp64\www\emsdemo\View\dropdown.php on line 34
[19-Sep-2023 15:19:20 Asia/Kolkata] PHP Stack trace:
[19-Sep-2023 15:19:20 Asia/Kolkata] PHP   1. {main}() D:\wamp64\www\emsdemo\View\dropdown.php:0
[19-Sep-2023 15:19:20 Asia/Kolkata] PHP Warning:  Undefined variable $selected in D:\wamp64\www\emsdemo\View\dropdown.php on line 34
[19-Sep-2023 15:19:20 Asia/Kolkata] PHP Stack trace:
[19-Sep-2023 15:19:20 Asia/Kolkata] PHP   1. {main}() D:\wamp64\www\emsdemo\View\dropdown.php:0
[19-Sep-2023 15:19:20 Asia/Kolkata] PHP Warning:  Undefined variable $selected in D:\wamp64\www\emsdemo\View\dropdown.php on line 34
[19-Sep-2023 15:19:20 Asia/Kolkata] PHP Stack trace:
[19-Sep-2023 15:19:20 Asia/Kolkata] PHP   1. {main}() D:\wamp64\www\emsdemo\View\dropdown.php:0
[19-Sep-2023 15:19:20 Asia/Kolkata] PHP Warning:  Undefined variable $selected in D:\wamp64\www\emsdemo\View\dropdown.php on line 34
[19-Sep-2023 15:19:20 Asia/Kolkata] PHP Stack trace:
[19-Sep-2023 15:19:20 Asia/Kolkata] PHP   1. {main}() D:\wamp64\www\emsdemo\View\dropdown.php:0
[19-Sep-2023 15:19:20 Asia/Kolkata] PHP Warning:  Undefined variable $selected in D:\wamp64\www\emsdemo\View\dropdown.php on line 34
[19-Sep-2023 15:19:20 Asia/Kolkata] PHP Stack trace:
[19-Sep-2023 15:19:20 Asia/Kolkata] PHP   1. {main}() D:\wamp64\www\emsdemo\View\dropdown.php:0
[19-Sep-2023 15:19:20 Asia/Kolkata] PHP Warning:  Undefined variable $selected in D:\wamp64\www\emsdemo\View\dropdown.php on line 34
[19-Sep-2023 15:19:20 Asia/Kolkata] PHP Stack trace:
[19-Sep-2023 15:19:20 Asia/Kolkata] PHP   1. {main}() D:\wamp64\www\emsdemo\View\dropdown.php:0
[19-Sep-2023 15:19:20 Asia/Kolkata] PHP Warning:  Undefined variable $selected in D:\wamp64\www\emsdemo\View\dropdown.php on line 34
[19-Sep-2023 15:19:20 Asia/Kolkata] PHP Stack trace:
[19-Sep-2023 15:19:20 Asia/Kolkata] PHP   1. {main}() D:\wamp64\www\emsdemo\View\dropdown.php:0
[19-Sep-2023 15:19:20 Asia/Kolkata] PHP Warning:  Undefined variable $selected in D:\wamp64\www\emsdemo\View\dropdown.php on line 34
[19-Sep-2023 15:19:20 Asia/Kolkata] PHP Stack trace:
[19-Sep-2023 15:19:20 Asia/Kolkata] PHP   1. {main}() D:\wamp64\www\emsdemo\View\dropdown.php:0
[19-Sep-2023 15:19:20 Asia/Kolkata] PHP Warning:  Undefined variable $selected in D:\wamp64\www\emsdemo\View\dropdown.php on line 34
[19-Sep-2023 15:19:20 Asia/Kolkata] PHP Stack trace:
[19-Sep-2023 15:19:20 Asia/Kolkata] PHP   1. {main}() D:\wamp64\www\emsdemo\View\dropdown.php:0
[19-Sep-2023 15:19:20 Asia/Kolkata] PHP Warning:  Undefined variable $selected in D:\wamp64\www\emsdemo\View\dropdown.php on line 34
[19-Sep-2023 15:19:20 Asia/Kolkata] PHP Stack trace:
[19-Sep-2023 15:19:20 Asia/Kolkata] PHP   1. {main}() D:\wamp64\www\emsdemo\View\dropdown.php:0
[19-Sep-2023 15:19:20 Asia/Kolkata] PHP Warning:  Undefined variable $selected in D:\wamp64\www\emsdemo\View\dropdown.php on line 34
[19-Sep-2023 15:19:20 Asia/Kolkata] PHP Stack trace:
[19-Sep-2023 15:19:20 Asia/Kolkata] PHP   1. {main}() D:\wamp64\www\emsdemo\View\dropdown.php:0
[19-Sep-2023 15:19:20 Asia/Kolkata] PHP Warning:  Undefined variable $selected in D:\wamp64\www\emsdemo\View\dropdown.php on line 34
[19-Sep-2023 15:19:20 Asia/Kolkata] PHP Stack trace:
[19-Sep-2023 15:19:20 Asia/Kolkata] PHP   1. {main}() D:\wamp64\www\emsdemo\View\dropdown.php:0
[19-Sep-2023 15:19:20 Asia/Kolkata] PHP Warning:  Undefined variable $selected in D:\wamp64\www\emsdemo\View\dropdown.php on line 34
[19-Sep-2023 15:19:20 Asia/Kolkata] PHP Stack trace:
[19-Sep-2023 15:19:20 Asia/Kolkata] PHP   1. {main}() D:\wamp64\www\emsdemo\View\dropdown.php:0
[19-Sep-2023 15:19:20 Asia/Kolkata] PHP Warning:  Undefined variable $selected in D:\wamp64\www\emsdemo\View\dropdown.php on line 34
[19-Sep-2023 15:19:20 Asia/Kolkata] PHP Stack trace:
[19-Sep-2023 15:19:20 Asia/Kolkata] PHP   1. {main}() D:\wamp64\www\emsdemo\View\dropdown.php:0
[19-Sep-2023 15:19:20 Asia/Kolkata] PHP Warning:  Undefined variable $selected in D:\wamp64\www\emsdemo\View\dropdown.php on line 34
[19-Sep-2023 15:19:20 Asia/Kolkata] PHP Stack trace:
[19-Sep-2023 15:19:20 Asia/Kolkata] PHP   1. {main}() D:\wamp64\www\emsdemo\View\dropdown.php:0
[19-Sep-2023 15:19:20 Asia/Kolkata] PHP Warning:  Undefined variable $selected in D:\wamp64\www\emsdemo\View\dropdown.php on line 34
[19-Sep-2023 15:19:20 Asia/Kolkata] PHP Stack trace:
[19-Sep-2023 15:19:20 Asia/Kolkata] PHP   1. {main}() D:\wamp64\www\emsdemo\View\dropdown.php:0
[19-Sep-2023 15:19:20 Asia/Kolkata] PHP Warning:  Undefined variable $selected in D:\wamp64\www\emsdemo\View\dropdown.php on line 34
[19-Sep-2023 15:19:20 Asia/Kolkata] PHP Stack trace:
[19-Sep-2023 15:19:20 Asia/Kolkata] PHP   1. {main}() D:\wamp64\www\emsdemo\View\dropdown.php:0
[19-Sep-2023 15:19:20 Asia/Kolkata] PHP Warning:  Undefined variable $selected in D:\wamp64\www\emsdemo\View\dropdown.php on line 34
[19-Sep-2023 15:19:20 Asia/Kolkata] PHP Stack trace:
[19-Sep-2023 15:19:20 Asia/Kolkata] PHP   1. {main}() D:\wamp64\www\emsdemo\View\dropdown.php:0
[19-Sep-2023 15:19:20 Asia/Kolkata] PHP Warning:  Undefined variable $selected in D:\wamp64\www\emsdemo\View\dropdown.php on line 34
[19-Sep-2023 15:19:20 Asia/Kolkata] PHP Stack trace:
[19-Sep-2023 15:19:20 Asia/Kolkata] PHP   1. {main}() D:\wamp64\www\emsdemo\View\dropdown.php:0
[19-Sep-2023 15:19:20 Asia/Kolkata] PHP Warning:  Undefined variable $selected in D:\wamp64\www\emsdemo\View\dropdown.php on line 34
[19-Sep-2023 15:19:20 Asia/Kolkata] PHP Stack trace:
[19-Sep-2023 15:19:20 Asia/Kolkata] PHP   1. {main}() D:\wamp64\www\emsdemo\View\dropdown.php:0
[19-Sep-2023 15:19:20 Asia/Kolkata] PHP Warning:  Undefined variable $selected in D:\wamp64\www\emsdemo\View\dropdown.php on line 34
[19-Sep-2023 15:19:20 Asia/Kolkata] PHP Stack trace:
[19-Sep-2023 15:19:20 Asia/Kolkata] PHP   1. {main}() D:\wamp64\www\emsdemo\View\dropdown.php:0
[19-Sep-2023 15:19:20 Asia/Kolkata] PHP Warning:  Undefined variable $selected in D:\wamp64\www\emsdemo\View\dropdown.php on line 34
[19-Sep-2023 15:19:20 Asia/Kolkata] PHP Stack trace:
[19-Sep-2023 15:19:20 Asia/Kolkata] PHP   1. {main}() D:\wamp64\www\emsdemo\View\dropdown.php:0
[19-Sep-2023 15:19:20 Asia/Kolkata] PHP Warning:  Undefined variable $selected in D:\wamp64\www\emsdemo\View\dropdown.php on line 34
[19-Sep-2023 15:19:20 Asia/Kolkata] PHP Stack trace:
[19-Sep-2023 15:19:20 Asia/Kolkata] PHP   1. {main}() D:\wamp64\www\emsdemo\View\dropdown.php:0
[19-Sep-2023 15:19:20 Asia/Kolkata] PHP Warning:  Undefined variable $selected in D:\wamp64\www\emsdemo\View\dropdown.php on line 34
[19-Sep-2023 15:19:20 Asia/Kolkata] PHP Stack trace:
[19-Sep-2023 15:19:20 Asia/Kolkata] PHP   1. {main}() D:\wamp64\www\emsdemo\View\dropdown.php:0
[19-Sep-2023 15:19:20 Asia/Kolkata] PHP Warning:  Undefined variable $selected in D:\wamp64\www\emsdemo\View\dropdown.php on line 34
[19-Sep-2023 15:19:20 Asia/Kolkata] PHP Stack trace:
[19-Sep-2023 15:19:20 Asia/Kolkata] PHP   1. {main}() D:\wamp64\www\emsdemo\View\dropdown.php:0
[19-Sep-2023 15:19:20 Asia/Kolkata] PHP Warning:  Undefined variable $selected in D:\wamp64\www\emsdemo\View\dropdown.php on line 34
[19-Sep-2023 15:19:20 Asia/Kolkata] PHP Stack trace:
[19-Sep-2023 15:19:20 Asia/Kolkata] PHP   1. {main}() D:\wamp64\www\emsdemo\View\dropdown.php:0
[19-Sep-2023 15:19:20 Asia/Kolkata] PHP Warning:  Undefined variable $selected in D:\wamp64\www\emsdemo\View\dropdown.php on line 34
[19-Sep-2023 15:19:20 Asia/Kolkata] PHP Stack trace:
[19-Sep-2023 15:19:20 Asia/Kolkata] PHP   1. {main}() D:\wamp64\www\emsdemo\View\dropdown.php:0
[19-Sep-2023 15:19:20 Asia/Kolkata] PHP Warning:  Undefined variable $selected in D:\wamp64\www\emsdemo\View\dropdown.php on line 34
[19-Sep-2023 15:19:20 Asia/Kolkata] PHP Stack trace:
[19-Sep-2023 15:19:20 Asia/Kolkata] PHP   1. {main}() D:\wamp64\www\emsdemo\View\dropdown.php:0
[19-Sep-2023 15:19:20 Asia/Kolkata] PHP Warning:  Undefined variable $selected in D:\wamp64\www\emsdemo\View\dropdown.php on line 34
[19-Sep-2023 15:19:20 Asia/Kolkata] PHP Stack trace:
[19-Sep-2023 15:19:20 Asia/Kolkata] PHP   1. {main}() D:\wamp64\www\emsdemo\View\dropdown.php:0
[19-Sep-2023 15:19:20 Asia/Kolkata] PHP Warning:  Undefined variable $selected in D:\wamp64\www\emsdemo\View\dropdown.php on line 34
[19-Sep-2023 15:19:20 Asia/Kolkata] PHP Stack trace:
[19-Sep-2023 15:19:20 Asia/Kolkata] PHP   1. {main}() D:\wamp64\www\emsdemo\View\dropdown.php:0
[19-Sep-2023 15:19:20 Asia/Kolkata] PHP Warning:  Undefined variable $selected in D:\wamp64\www\emsdemo\View\dropdown.php on line 34
[19-Sep-2023 15:19:20 Asia/Kolkata] PHP Stack trace:
[19-Sep-2023 15:19:20 Asia/Kolkata] PHP   1. {main}() D:\wamp64\www\emsdemo\View\dropdown.php:0
[19-Sep-2023 15:19:20 Asia/Kolkata] PHP Warning:  Undefined variable $selected in D:\wamp64\www\emsdemo\View\dropdown.php on line 34
[19-Sep-2023 15:19:20 Asia/Kolkata] PHP Stack trace:
[19-Sep-2023 15:19:20 Asia/Kolkata] PHP   1. {main}() D:\wamp64\www\emsdemo\View\dropdown.php:0
[19-Sep-2023 15:19:20 Asia/Kolkata] PHP Warning:  Undefined variable $selected in D:\wamp64\www\emsdemo\View\dropdown.php on line 34
[19-Sep-2023 15:19:20 Asia/Kolkata] PHP Stack trace:
[19-Sep-2023 15:19:20 Asia/Kolkata] PHP   1. {main}() D:\wamp64\www\emsdemo\View\dropdown.php:0
[19-Sep-2023 15:19:20 Asia/Kolkata] PHP Warning:  Undefined variable $selected in D:\wamp64\www\emsdemo\View\dropdown.php on line 34
[19-Sep-2023 15:19:20 Asia/Kolkata] PHP Stack trace:
[19-Sep-2023 15:19:20 Asia/Kolkata] PHP   1. {main}() D:\wamp64\www\emsdemo\View\dropdown.php:0
[19-Sep-2023 15:19:20 Asia/Kolkata] PHP Warning:  Undefined variable $selected in D:\wamp64\www\emsdemo\View\dropdown.php on line 34
[19-Sep-2023 15:19:20 Asia/Kolkata] PHP Stack trace:
[19-Sep-2023 15:19:20 Asia/Kolkata] PHP   1. {main}() D:\wamp64\www\emsdemo\View\dropdown.php:0
[19-Sep-2023 15:19:20 Asia/Kolkata] PHP Warning:  Undefined variable $selected in D:\wamp64\www\emsdemo\View\dropdown.php on line 34
[19-Sep-2023 15:19:20 Asia/Kolkata] PHP Stack trace:
[19-Sep-2023 15:19:20 Asia/Kolkata] PHP   1. {main}() D:\wamp64\www\emsdemo\View\dropdown.php:0
[19-Sep-2023 15:19:20 Asia/Kolkata] PHP Warning:  Undefined variable $selected in D:\wamp64\www\emsdemo\View\dropdown.php on line 34
[19-Sep-2023 15:19:20 Asia/Kolkata] PHP Stack trace:
[19-Sep-2023 15:19:20 Asia/Kolkata] PHP   1. {main}() D:\wamp64\www\emsdemo\View\dropdown.php:0
[19-Sep-2023 15:19:20 Asia/Kolkata] PHP Warning:  Undefined variable $selected in D:\wamp64\www\emsdemo\View\dropdown.php on line 34
[19-Sep-2023 15:19:20 Asia/Kolkata] PHP Stack trace:
[19-Sep-2023 15:19:20 Asia/Kolkata] PHP   1. {main}() D:\wamp64\www\emsdemo\View\dropdown.php:0
[19-Sep-2023 15:19:20 Asia/Kolkata] PHP Warning:  Undefined variable $selected in D:\wamp64\www\emsdemo\View\dropdown.php on line 34
[19-Sep-2023 15:19:20 Asia/Kolkata] PHP Stack trace:
[19-Sep-2023 15:19:20 Asia/Kolkata] PHP   1. {main}() D:\wamp64\www\emsdemo\View\dropdown.php:0
[19-Sep-2023 15:19:20 Asia/Kolkata] PHP Warning:  Undefined variable $selected in D:\wamp64\www\emsdemo\View\dropdown.php on line 34
[19-Sep-2023 15:19:20 Asia/Kolkata] PHP Stack trace:
[19-Sep-2023 15:19:20 Asia/Kolkata] PHP   1. {main}() D:\wamp64\www\emsdemo\View\dropdown.php:0
[19-Sep-2023 15:19:20 Asia/Kolkata] PHP Warning:  Undefined variable $selected in D:\wamp64\www\emsdemo\View\dropdown.php on line 34
[19-Sep-2023 15:19:20 Asia/Kolkata] PHP Stack trace:
[19-Sep-2023 15:19:20 Asia/Kolkata] PHP   1. {main}() D:\wamp64\www\emsdemo\View\dropdown.php:0
[19-Sep-2023 15:19:20 Asia/Kolkata] PHP Warning:  Undefined variable $selected in D:\wamp64\www\emsdemo\View\dropdown.php on line 34
[19-Sep-2023 15:19:20 Asia/Kolkata] PHP Stack trace:
[19-Sep-2023 15:19:20 Asia/Kolkata] PHP   1. {main}() D:\wamp64\www\emsdemo\View\dropdown.php:0
[19-Sep-2023 15:19:20 Asia/Kolkata] PHP Warning:  Undefined variable $selected in D:\wamp64\www\emsdemo\View\dropdown.php on line 34
[19-Sep-2023 15:19:20 Asia/Kolkata] PHP Stack trace:
[19-Sep-2023 15:19:20 Asia/Kolkata] PHP   1. {main}() D:\wamp64\www\emsdemo\View\dropdown.php:0
[19-Sep-2023 15:19:20 Asia/Kolkata] PHP Warning:  Undefined variable $selected in D:\wamp64\www\emsdemo\View\dropdown.php on line 34
[19-Sep-2023 15:19:20 Asia/Kolkata] PHP Stack trace:
[19-Sep-2023 15:19:20 Asia/Kolkata] PHP   1. {main}() D:\wamp64\www\emsdemo\View\dropdown.php:0
[19-Sep-2023 15:19:20 Asia/Kolkata] PHP Warning:  Undefined variable $selected in D:\wamp64\www\emsdemo\View\dropdown.php on line 34
[19-Sep-2023 15:19:20 Asia/Kolkata] PHP Stack trace:
[19-Sep-2023 15:19:20 Asia/Kolkata] PHP   1. {main}() D:\wamp64\www\emsdemo\View\dropdown.php:0
[19-Sep-2023 15:19:20 Asia/Kolkata] PHP Warning:  Undefined variable $selected in D:\wamp64\www\emsdemo\View\dropdown.php on line 34
[19-Sep-2023 15:19:20 Asia/Kolkata] PHP Stack trace:
[19-Sep-2023 15:19:20 Asia/Kolkata] PHP   1. {main}() D:\wamp64\www\emsdemo\View\dropdown.php:0
[19-Sep-2023 15:19:20 Asia/Kolkata] PHP Warning:  Undefined variable $selected in D:\wamp64\www\emsdemo\View\dropdown.php on line 34
[19-Sep-2023 15:19:20 Asia/Kolkata] PHP Stack trace:
[19-Sep-2023 15:19:20 Asia/Kolkata] PHP   1. {main}() D:\wamp64\www\emsdemo\View\dropdown.php:0
[19-Sep-2023 15:19:20 Asia/Kolkata] PHP Warning:  Undefined variable $selected in D:\wamp64\www\emsdemo\View\dropdown.php on line 34
[19-Sep-2023 15:19:20 Asia/Kolkata] PHP Stack trace:
[19-Sep-2023 15:19:20 Asia/Kolkata] PHP   1. {main}() D:\wamp64\www\emsdemo\View\dropdown.php:0
[19-Sep-2023 15:19:20 Asia/Kolkata] PHP Warning:  Undefined variable $selected in D:\wamp64\www\emsdemo\View\dropdown.php on line 34
[19-Sep-2023 15:19:20 Asia/Kolkata] PHP Stack trace:
[19-Sep-2023 15:19:20 Asia/Kolkata] PHP   1. {main}() D:\wamp64\www\emsdemo\View\dropdown.php:0
[19-Sep-2023 15:19:20 Asia/Kolkata] PHP Warning:  Undefined variable $selected in D:\wamp64\www\emsdemo\View\dropdown.php on line 34
[19-Sep-2023 15:19:20 Asia/Kolkata] PHP Stack trace:
[19-Sep-2023 15:19:20 Asia/Kolkata] PHP   1. {main}() D:\wamp64\www\emsdemo\View\dropdown.php:0
[19-Sep-2023 15:19:20 Asia/Kolkata] PHP Warning:  Undefined variable $selected in D:\wamp64\www\emsdemo\View\dropdown.php on line 34
[19-Sep-2023 15:19:20 Asia/Kolkata] PHP Stack trace:
[19-Sep-2023 15:19:20 Asia/Kolkata] PHP   1. {main}() D:\wamp64\www\emsdemo\View\dropdown.php:0
[19-Sep-2023 15:19:20 Asia/Kolkata] PHP Warning:  Undefined variable $selected in D:\wamp64\www\emsdemo\View\dropdown.php on line 34
[19-Sep-2023 15:19:20 Asia/Kolkata] PHP Stack trace:
[19-Sep-2023 15:19:20 Asia/Kolkata] PHP   1. {main}() D:\wamp64\www\emsdemo\View\dropdown.php:0
[19-Sep-2023 15:19:20 Asia/Kolkata] PHP Warning:  Undefined variable $selected in D:\wamp64\www\emsdemo\View\dropdown.php on line 34
[19-Sep-2023 15:19:20 Asia/Kolkata] PHP Stack trace:
[19-Sep-2023 15:19:20 Asia/Kolkata] PHP   1. {main}() D:\wamp64\www\emsdemo\View\dropdown.php:0
[19-Sep-2023 15:19:20 Asia/Kolkata] PHP Warning:  Undefined variable $selected in D:\wamp64\www\emsdemo\View\dropdown.php on line 34
[19-Sep-2023 15:19:20 Asia/Kolkata] PHP Stack trace:
[19-Sep-2023 15:19:20 Asia/Kolkata] PHP   1. {main}() D:\wamp64\www\emsdemo\View\dropdown.php:0
[19-Sep-2023 15:19:20 Asia/Kolkata] PHP Warning:  Undefined variable $selected in D:\wamp64\www\emsdemo\View\dropdown.php on line 34
[19-Sep-2023 15:19:20 Asia/Kolkata] PHP Stack trace:
[19-Sep-2023 15:19:20 Asia/Kolkata] PHP   1. {main}() D:\wamp64\www\emsdemo\View\dropdown.php:0
[19-Sep-2023 15:19:20 Asia/Kolkata] PHP Warning:  Undefined variable $selected in D:\wamp64\www\emsdemo\View\dropdown.php on line 34
[19-Sep-2023 15:19:20 Asia/Kolkata] PHP Stack trace:
[19-Sep-2023 15:19:20 Asia/Kolkata] PHP   1. {main}() D:\wamp64\www\emsdemo\View\dropdown.php:0
[19-Sep-2023 15:19:20 Asia/Kolkata] PHP Warning:  Undefined variable $selected in D:\wamp64\www\emsdemo\View\dropdown.php on line 34
[19-Sep-2023 15:19:20 Asia/Kolkata] PHP Stack trace:
[19-Sep-2023 15:19:20 Asia/Kolkata] PHP   1. {main}() D:\wamp64\www\emsdemo\View\dropdown.php:0
[19-Sep-2023 15:19:20 Asia/Kolkata] PHP Warning:  Undefined variable $selected in D:\wamp64\www\emsdemo\View\dropdown.php on line 34
[19-Sep-2023 15:19:20 Asia/Kolkata] PHP Stack trace:
[19-Sep-2023 15:19:20 Asia/Kolkata] PHP   1. {main}() D:\wamp64\www\emsdemo\View\dropdown.php:0
[19-Sep-2023 15:19:20 Asia/Kolkata] PHP Warning:  Undefined variable $selected in D:\wamp64\www\emsdemo\View\dropdown.php on line 34
[19-Sep-2023 15:19:20 Asia/Kolkata] PHP Stack trace:
[19-Sep-2023 15:19:20 Asia/Kolkata] PHP   1. {main}() D:\wamp64\www\emsdemo\View\dropdown.php:0
[19-Sep-2023 15:19:20 Asia/Kolkata] PHP Warning:  Undefined variable $selected in D:\wamp64\www\emsdemo\View\dropdown.php on line 34
[19-Sep-2023 15:19:20 Asia/Kolkata] PHP Stack trace:
[19-Sep-2023 15:19:20 Asia/Kolkata] PHP   1. {main}() D:\wamp64\www\emsdemo\View\dropdown.php:0
[19-Sep-2023 15:19:20 Asia/Kolkata] PHP Warning:  Undefined variable $selected in D:\wamp64\www\emsdemo\View\dropdown.php on line 34
[19-Sep-2023 15:19:20 Asia/Kolkata] PHP Stack trace:
[19-Sep-2023 15:19:20 Asia/Kolkata] PHP   1. {main}() D:\wamp64\www\emsdemo\View\dropdown.php:0
[19-Sep-2023 15:19:20 Asia/Kolkata] PHP Warning:  Undefined variable $selected in D:\wamp64\www\emsdemo\View\dropdown.php on line 34
[19-Sep-2023 15:19:20 Asia/Kolkata] PHP Stack trace:
[19-Sep-2023 15:19:20 Asia/Kolkata] PHP   1. {main}() D:\wamp64\www\emsdemo\View\dropdown.php:0
[19-Sep-2023 15:19:20 Asia/Kolkata] PHP Warning:  Undefined variable $selected in D:\wamp64\www\emsdemo\View\dropdown.php on line 34
[19-Sep-2023 15:19:20 Asia/Kolkata] PHP Stack trace:
[19-Sep-2023 15:19:20 Asia/Kolkata] PHP   1. {main}() D:\wamp64\www\emsdemo\View\dropdown.php:0
[19-Sep-2023 15:19:20 Asia/Kolkata] PHP Warning:  Undefined variable $selected in D:\wamp64\www\emsdemo\View\dropdown.php on line 34
[19-Sep-2023 15:19:20 Asia/Kolkata] PHP Stack trace:
[19-Sep-2023 15:19:20 Asia/Kolkata] PHP   1. {main}() D:\wamp64\www\emsdemo\View\dropdown.php:0
[19-Sep-2023 15:19:20 Asia/Kolkata] PHP Warning:  Undefined variable $selected in D:\wamp64\www\emsdemo\View\dropdown.php on line 34
[19-Sep-2023 15:19:20 Asia/Kolkata] PHP Stack trace:
[19-Sep-2023 15:19:20 Asia/Kolkata] PHP   1. {main}() D:\wamp64\www\emsdemo\View\dropdown.php:0
[19-Sep-2023 15:19:20 Asia/Kolkata] PHP Warning:  Undefined variable $selected in D:\wamp64\www\emsdemo\View\dropdown.php on line 34
[19-Sep-2023 15:19:20 Asia/Kolkata] PHP Stack trace:
[19-Sep-2023 15:19:20 Asia/Kolkata] PHP   1. {main}() D:\wamp64\www\emsdemo\View\dropdown.php:0
[19-Sep-2023 15:19:20 Asia/Kolkata] PHP Warning:  Undefined variable $selected in D:\wamp64\www\emsdemo\View\dropdown.php on line 34
[19-Sep-2023 15:19:20 Asia/Kolkata] PHP Stack trace:
[19-Sep-2023 15:19:20 Asia/Kolkata] PHP   1. {main}() D:\wamp64\www\emsdemo\View\dropdown.php:0
[19-Sep-2023 15:19:20 Asia/Kolkata] PHP Warning:  Undefined variable $selected in D:\wamp64\www\emsdemo\View\dropdown.php on line 34
[19-Sep-2023 15:19:20 Asia/Kolkata] PHP Stack trace:
[19-Sep-2023 15:19:20 Asia/Kolkata] PHP   1. {main}() D:\wamp64\www\emsdemo\View\dropdown.php:0
[19-Sep-2023 15:19:20 Asia/Kolkata] PHP Warning:  Undefined variable $selected in D:\wamp64\www\emsdemo\View\dropdown.php on line 34
[19-Sep-2023 15:19:20 Asia/Kolkata] PHP Stack trace:
[19-Sep-2023 15:19:20 Asia/Kolkata] PHP   1. {main}() D:\wamp64\www\emsdemo\View\dropdown.php:0
[19-Sep-2023 15:19:20 Asia/Kolkata] PHP Warning:  Undefined variable $selected in D:\wamp64\www\emsdemo\View\dropdown.php on line 34
[19-Sep-2023 15:19:20 Asia/Kolkata] PHP Stack trace:
[19-Sep-2023 15:19:20 Asia/Kolkata] PHP   1. {main}() D:\wamp64\www\emsdemo\View\dropdown.php:0
[19-Sep-2023 15:19:20 Asia/Kolkata] PHP Warning:  Undefined variable $selected in D:\wamp64\www\emsdemo\View\dropdown.php on line 34
[19-Sep-2023 15:19:20 Asia/Kolkata] PHP Stack trace:
[19-Sep-2023 15:19:20 Asia/Kolkata] PHP   1. {main}() D:\wamp64\www\emsdemo\View\dropdown.php:0
[19-Sep-2023 15:19:20 Asia/Kolkata] PHP Warning:  Undefined variable $selected in D:\wamp64\www\emsdemo\View\dropdown.php on line 34
[19-Sep-2023 15:19:20 Asia/Kolkata] PHP Stack trace:
[19-Sep-2023 15:19:20 Asia/Kolkata] PHP   1. {main}() D:\wamp64\www\emsdemo\View\dropdown.php:0
[19-Sep-2023 15:19:20 Asia/Kolkata] PHP Warning:  Undefined variable $selected in D:\wamp64\www\emsdemo\View\dropdown.php on line 34
[19-Sep-2023 15:19:20 Asia/Kolkata] PHP Stack trace:
[19-Sep-2023 15:19:20 Asia/Kolkata] PHP   1. {main}() D:\wamp64\www\emsdemo\View\dropdown.php:0
[19-Sep-2023 15:19:20 Asia/Kolkata] PHP Warning:  Undefined variable $selected in D:\wamp64\www\emsdemo\View\dropdown.php on line 34
[19-Sep-2023 15:19:20 Asia/Kolkata] PHP Stack trace:
[19-Sep-2023 15:19:20 Asia/Kolkata] PHP   1. {main}() D:\wamp64\www\emsdemo\View\dropdown.php:0
[19-Sep-2023 15:19:20 Asia/Kolkata] PHP Warning:  Undefined variable $selected in D:\wamp64\www\emsdemo\View\dropdown.php on line 34
[19-Sep-2023 15:19:20 Asia/Kolkata] PHP Stack trace:
[19-Sep-2023 15:19:20 Asia/Kolkata] PHP   1. {main}() D:\wamp64\www\emsdemo\View\dropdown.php:0
[19-Sep-2023 15:19:20 Asia/Kolkata] PHP Warning:  Undefined variable $selected in D:\wamp64\www\emsdemo\View\dropdown.php on line 34
[19-Sep-2023 15:19:20 Asia/Kolkata] PHP Stack trace:
[19-Sep-2023 15:19:20 Asia/Kolkata] PHP   1. {main}() D:\wamp64\www\emsdemo\View\dropdown.php:0
[19-Sep-2023 15:19:20 Asia/Kolkata] PHP Warning:  Undefined variable $selected in D:\wamp64\www\emsdemo\View\dropdown.php on line 34
[19-Sep-2023 15:19:20 Asia/Kolkata] PHP Stack trace:
[19-Sep-2023 15:19:20 Asia/Kolkata] PHP   1. {main}() D:\wamp64\www\emsdemo\View\dropdown.php:0
[19-Sep-2023 15:19:20 Asia/Kolkata] PHP Warning:  Undefined variable $selected in D:\wamp64\www\emsdemo\View\dropdown.php on line 34
[19-Sep-2023 15:19:20 Asia/Kolkata] PHP Stack trace:
[19-Sep-2023 15:19:20 Asia/Kolkata] PHP   1. {main}() D:\wamp64\www\emsdemo\View\dropdown.php:0
[19-Sep-2023 15:19:20 Asia/Kolkata] PHP Warning:  Undefined variable $selected in D:\wamp64\www\emsdemo\View\dropdown.php on line 34
[19-Sep-2023 15:19:20 Asia/Kolkata] PHP Stack trace:
[19-Sep-2023 15:19:20 Asia/Kolkata] PHP   1. {main}() D:\wamp64\www\emsdemo\View\dropdown.php:0
[19-Sep-2023 15:19:20 Asia/Kolkata] PHP Warning:  Undefined variable $selected in D:\wamp64\www\emsdemo\View\dropdown.php on line 34
[19-Sep-2023 15:19:20 Asia/Kolkata] PHP Stack trace:
[19-Sep-2023 15:19:20 Asia/Kolkata] PHP   1. {main}() D:\wamp64\www\emsdemo\View\dropdown.php:0
[19-Sep-2023 15:19:20 Asia/Kolkata] PHP Warning:  Undefined variable $selected in D:\wamp64\www\emsdemo\View\dropdown.php on line 34
[19-Sep-2023 15:19:20 Asia/Kolkata] PHP Stack trace:
[19-Sep-2023 15:19:20 Asia/Kolkata] PHP   1. {main}() D:\wamp64\www\emsdemo\View\dropdown.php:0
[19-Sep-2023 15:19:20 Asia/Kolkata] PHP Warning:  Undefined variable $selected in D:\wamp64\www\emsdemo\View\dropdown.php on line 34
[19-Sep-2023 15:19:20 Asia/Kolkata] PHP Stack trace:
[19-Sep-2023 15:19:20 Asia/Kolkata] PHP   1. {main}() D:\wamp64\www\emsdemo\View\dropdown.php:0
[19-Sep-2023 15:19:20 Asia/Kolkata] PHP Warning:  Undefined variable $selected in D:\wamp64\www\emsdemo\View\dropdown.php on line 34
[19-Sep-2023 15:19:20 Asia/Kolkata] PHP Stack trace:
[19-Sep-2023 15:19:20 Asia/Kolkata] PHP   1. {main}() D:\wamp64\www\emsdemo\View\dropdown.php:0
[19-Sep-2023 15:19:20 Asia/Kolkata] PHP Warning:  Undefined variable $selected in D:\wamp64\www\emsdemo\View\dropdown.php on line 34
[19-Sep-2023 15:19:20 Asia/Kolkata] PHP Stack trace:
[19-Sep-2023 15:19:20 Asia/Kolkata] PHP   1. {main}() D:\wamp64\www\emsdemo\View\dropdown.php:0
[19-Sep-2023 15:19:20 Asia/Kolkata] PHP Warning:  Undefined variable $selected in D:\wamp64\www\emsdemo\View\dropdown.php on line 34
[19-Sep-2023 15:19:20 Asia/Kolkata] PHP Stack trace:
[19-Sep-2023 15:19:20 Asia/Kolkata] PHP   1. {main}() D:\wamp64\www\emsdemo\View\dropdown.php:0
[19-Sep-2023 15:19:20 Asia/Kolkata] PHP Warning:  Undefined variable $selected in D:\wamp64\www\emsdemo\View\dropdown.php on line 34
[19-Sep-2023 15:19:20 Asia/Kolkata] PHP Stack trace:
[19-Sep-2023 15:19:20 Asia/Kolkata] PHP   1. {main}() D:\wamp64\www\emsdemo\View\dropdown.php:0
[19-Sep-2023 15:19:20 Asia/Kolkata] PHP Warning:  Undefined variable $selected in D:\wamp64\www\emsdemo\View\dropdown.php on line 34
[19-Sep-2023 15:19:20 Asia/Kolkata] PHP Stack trace:
[19-Sep-2023 15:19:20 Asia/Kolkata] PHP   1. {main}() D:\wamp64\www\emsdemo\View\dropdown.php:0
[19-Sep-2023 15:19:20 Asia/Kolkata] PHP Warning:  Undefined variable $selected in D:\wamp64\www\emsdemo\View\dropdown.php on line 34
[19-Sep-2023 15:19:20 Asia/Kolkata] PHP Stack trace:
[19-Sep-2023 15:19:20 Asia/Kolkata] PHP   1. {main}() D:\wamp64\www\emsdemo\View\dropdown.php:0
[19-Sep-2023 15:19:20 Asia/Kolkata] PHP Warning:  Undefined variable $selected in D:\wamp64\www\emsdemo\View\dropdown.php on line 34
[19-Sep-2023 15:19:20 Asia/Kolkata] PHP Stack trace:
[19-Sep-2023 15:19:20 Asia/Kolkata] PHP   1. {main}() D:\wamp64\www\emsdemo\View\dropdown.php:0
[19-Sep-2023 15:19:20 Asia/Kolkata] PHP Warning:  Undefined variable $selected in D:\wamp64\www\emsdemo\View\dropdown.php on line 34
[19-Sep-2023 15:19:20 Asia/Kolkata] PHP Stack trace:
[19-Sep-2023 15:19:20 Asia/Kolkata] PHP   1. {main}() D:\wamp64\www\emsdemo\View\dropdown.php:0
[19-Sep-2023 15:19:20 Asia/Kolkata] PHP Warning:  Undefined variable $selected in D:\wamp64\www\emsdemo\View\dropdown.php on line 34
[19-Sep-2023 15:19:20 Asia/Kolkata] PHP Stack trace:
[19-Sep-2023 15:19:20 Asia/Kolkata] PHP   1. {main}() D:\wamp64\www\emsdemo\View\dropdown.php:0
[19-Sep-2023 15:19:20 Asia/Kolkata] PHP Warning:  Undefined variable $selected in D:\wamp64\www\emsdemo\View\dropdown.php on line 34
[19-Sep-2023 15:19:20 Asia/Kolkata] PHP Stack trace:
[19-Sep-2023 15:19:20 Asia/Kolkata] PHP   1. {main}() D:\wamp64\www\emsdemo\View\dropdown.php:0
[19-Sep-2023 15:19:20 Asia/Kolkata] PHP Warning:  Undefined variable $selected in D:\wamp64\www\emsdemo\View\dropdown.php on line 34
[19-Sep-2023 15:19:20 Asia/Kolkata] PHP Stack trace:
[19-Sep-2023 15:19:20 Asia/Kolkata] PHP   1. {main}() D:\wamp64\www\emsdemo\View\dropdown.php:0
[19-Sep-2023 15:19:20 Asia/Kolkata] PHP Warning:  Undefined variable $selected in D:\wamp64\www\emsdemo\View\dropdown.php on line 34
[19-Sep-2023 15:19:20 Asia/Kolkata] PHP Stack trace:
[19-Sep-2023 15:19:20 Asia/Kolkata] PHP   1. {main}() D:\wamp64\www\emsdemo\View\dropdown.php:0
[19-Sep-2023 15:19:20 Asia/Kolkata] PHP Warning:  Undefined variable $selected in D:\wamp64\www\emsdemo\View\dropdown.php on line 34
[19-Sep-2023 15:19:20 Asia/Kolkata] PHP Stack trace:
[19-Sep-2023 15:19:20 Asia/Kolkata] PHP   1. {main}() D:\wamp64\www\emsdemo\View\dropdown.php:0
[19-Sep-2023 15:19:20 Asia/Kolkata] PHP Warning:  Undefined variable $selected in D:\wamp64\www\emsdemo\View\dropdown.php on line 34
[19-Sep-2023 15:19:20 Asia/Kolkata] PHP Stack trace:
[19-Sep-2023 15:19:20 Asia/Kolkata] PHP   1. {main}() D:\wamp64\www\emsdemo\View\dropdown.php:0
[19-Sep-2023 15:19:20 Asia/Kolkata] PHP Warning:  Undefined variable $selected in D:\wamp64\www\emsdemo\View\dropdown.php on line 34
[19-Sep-2023 15:19:20 Asia/Kolkata] PHP Stack trace:
[19-Sep-2023 15:19:20 Asia/Kolkata] PHP   1. {main}() D:\wamp64\www\emsdemo\View\dropdown.php:0
[19-Sep-2023 15:19:20 Asia/Kolkata] PHP Warning:  Undefined variable $selected in D:\wamp64\www\emsdemo\View\dropdown.php on line 34
[19-Sep-2023 15:19:20 Asia/Kolkata] PHP Stack trace:
[19-Sep-2023 15:19:20 Asia/Kolkata] PHP   1. {main}() D:\wamp64\www\emsdemo\View\dropdown.php:0
[19-Sep-2023 15:19:20 Asia/Kolkata] PHP Warning:  Undefined variable $selected in D:\wamp64\www\emsdemo\View\dropdown.php on line 34
[19-Sep-2023 15:19:20 Asia/Kolkata] PHP Stack trace:
[19-Sep-2023 15:19:20 Asia/Kolkata] PHP   1. {main}() D:\wamp64\www\emsdemo\View\dropdown.php:0
[19-Sep-2023 15:19:20 Asia/Kolkata] PHP Warning:  Undefined variable $selected in D:\wamp64\www\emsdemo\View\dropdown.php on line 34
[19-Sep-2023 15:19:20 Asia/Kolkata] PHP Stack trace:
[19-Sep-2023 15:19:20 Asia/Kolkata] PHP   1. {main}() D:\wamp64\www\emsdemo\View\dropdown.php:0
[19-Sep-2023 15:19:20 Asia/Kolkata] PHP Warning:  Undefined variable $selected in D:\wamp64\www\emsdemo\View\dropdown.php on line 34
[19-Sep-2023 15:19:20 Asia/Kolkata] PHP Stack trace:
[19-Sep-2023 15:19:20 Asia/Kolkata] PHP   1. {main}() D:\wamp64\www\emsdemo\View\dropdown.php:0
[19-Sep-2023 15:19:20 Asia/Kolkata] PHP Warning:  Undefined variable $selected in D:\wamp64\www\emsdemo\View\dropdown.php on line 34
[19-Sep-2023 15:19:20 Asia/Kolkata] PHP Stack trace:
[19-Sep-2023 15:19:20 Asia/Kolkata] PHP   1. {main}() D:\wamp64\www\emsdemo\View\dropdown.php:0
[19-Sep-2023 15:19:20 Asia/Kolkata] PHP Warning:  Undefined variable $selected in D:\wamp64\www\emsdemo\View\dropdown.php on line 34
[19-Sep-2023 15:19:20 Asia/Kolkata] PHP Stack trace:
[19-Sep-2023 15:19:20 Asia/Kolkata] PHP   1. {main}() D:\wamp64\www\emsdemo\View\dropdown.php:0
[19-Sep-2023 15:19:20 Asia/Kolkata] PHP Warning:  Undefined variable $selected in D:\wamp64\www\emsdemo\View\dropdown.php on line 34
[19-Sep-2023 15:19:20 Asia/Kolkata] PHP Stack trace:
[19-Sep-2023 15:19:20 Asia/Kolkata] PHP   1. {main}() D:\wamp64\www\emsdemo\View\dropdown.php:0
[19-Sep-2023 15:19:20 Asia/Kolkata] PHP Warning:  Undefined variable $selected in D:\wamp64\www\emsdemo\View\dropdown.php on line 34
[19-Sep-2023 15:19:20 Asia/Kolkata] PHP Stack trace:
[19-Sep-2023 15:19:20 Asia/Kolkata] PHP   1. {main}() D:\wamp64\www\emsdemo\View\dropdown.php:0
[19-Sep-2023 15:19:20 Asia/Kolkata] PHP Warning:  Undefined variable $selected in D:\wamp64\www\emsdemo\View\dropdown.php on line 34
[19-Sep-2023 15:19:20 Asia/Kolkata] PHP Stack trace:
[19-Sep-2023 15:19:20 Asia/Kolkata] PHP   1. {main}() D:\wamp64\www\emsdemo\View\dropdown.php:0
[19-Sep-2023 15:19:20 Asia/Kolkata] PHP Warning:  Undefined variable $selected in D:\wamp64\www\emsdemo\View\dropdown.php on line 34
[19-Sep-2023 15:19:20 Asia/Kolkata] PHP Stack trace:
[19-Sep-2023 15:19:20 Asia/Kolkata] PHP   1. {main}() D:\wamp64\www\emsdemo\View\dropdown.php:0
[19-Sep-2023 15:19:20 Asia/Kolkata] PHP Warning:  Undefined variable $selected in D:\wamp64\www\emsdemo\View\dropdown.php on line 34
[19-Sep-2023 15:19:20 Asia/Kolkata] PHP Stack trace:
[19-Sep-2023 15:19:20 Asia/Kolkata] PHP   1. {main}() D:\wamp64\www\emsdemo\View\dropdown.php:0
[19-Sep-2023 15:19:20 Asia/Kolkata] PHP Warning:  Undefined variable $selected in D:\wamp64\www\emsdemo\View\dropdown.php on line 34
[19-Sep-2023 15:19:20 Asia/Kolkata] PHP Stack trace:
[19-Sep-2023 15:19:20 Asia/Kolkata] PHP   1. {main}() D:\wamp64\www\emsdemo\View\dropdown.php:0
[19-Sep-2023 15:19:20 Asia/Kolkata] PHP Warning:  Undefined variable $selected in D:\wamp64\www\emsdemo\View\dropdown.php on line 34
[19-Sep-2023 15:19:20 Asia/Kolkata] PHP Stack trace:
[19-Sep-2023 15:19:20 Asia/Kolkata] PHP   1. {main}() D:\wamp64\www\emsdemo\View\dropdown.php:0
[19-Sep-2023 15:19:20 Asia/Kolkata] PHP Warning:  Undefined variable $selected in D:\wamp64\www\emsdemo\View\dropdown.php on line 34
[19-Sep-2023 15:19:20 Asia/Kolkata] PHP Stack trace:
[19-Sep-2023 15:19:20 Asia/Kolkata] PHP   1. {main}() D:\wamp64\www\emsdemo\View\dropdown.php:0
[19-Sep-2023 15:19:20 Asia/Kolkata] PHP Warning:  Undefined variable $selected in D:\wamp64\www\emsdemo\View\dropdown.php on line 34
[19-Sep-2023 15:19:20 Asia/Kolkata] PHP Stack trace:
[19-Sep-2023 15:19:20 Asia/Kolkata] PHP   1. {main}() D:\wamp64\www\emsdemo\View\dropdown.php:0
[19-Sep-2023 15:19:20 Asia/Kolkata] PHP Warning:  Undefined variable $selected in D:\wamp64\www\emsdemo\View\dropdown.php on line 34
[19-Sep-2023 15:19:20 Asia/Kolkata] PHP Stack trace:
[19-Sep-2023 15:19:20 Asia/Kolkata] PHP   1. {main}() D:\wamp64\www\emsdemo\View\dropdown.php:0
[19-Sep-2023 15:19:20 Asia/Kolkata] PHP Warning:  Undefined variable $selected in D:\wamp64\www\emsdemo\View\dropdown.php on line 34
[19-Sep-2023 15:19:20 Asia/Kolkata] PHP Stack trace:
[19-Sep-2023 15:19:20 Asia/Kolkata] PHP   1. {main}() D:\wamp64\www\emsdemo\View\dropdown.php:0
[19-Sep-2023 15:19:20 Asia/Kolkata] PHP Warning:  Undefined variable $selected in D:\wamp64\www\emsdemo\View\dropdown.php on line 34
[19-Sep-2023 15:19:20 Asia/Kolkata] PHP Stack trace:
[19-Sep-2023 15:19:20 Asia/Kolkata] PHP   1. {main}() D:\wamp64\www\emsdemo\View\dropdown.php:0
[19-Sep-2023 15:19:20 Asia/Kolkata] PHP Warning:  Undefined variable $selected in D:\wamp64\www\emsdemo\View\dropdown.php on line 34
[19-Sep-2023 15:19:20 Asia/Kolkata] PHP Stack trace:
[19-Sep-2023 15:19:20 Asia/Kolkata] PHP   1. {main}() D:\wamp64\www\emsdemo\View\dropdown.php:0
[19-Sep-2023 15:19:20 Asia/Kolkata] PHP Warning:  Undefined variable $selected in D:\wamp64\www\emsdemo\View\dropdown.php on line 34
[19-Sep-2023 15:19:20 Asia/Kolkata] PHP Stack trace:
[19-Sep-2023 15:19:20 Asia/Kolkata] PHP   1. {main}() D:\wamp64\www\emsdemo\View\dropdown.php:0
[19-Sep-2023 15:19:20 Asia/Kolkata] PHP Warning:  Undefined variable $selected in D:\wamp64\www\emsdemo\View\dropdown.php on line 34
[19-Sep-2023 15:19:20 Asia/Kolkata] PHP Stack trace:
[19-Sep-2023 15:19:20 Asia/Kolkata] PHP   1. {main}() D:\wamp64\www\emsdemo\View\dropdown.php:0
[19-Sep-2023 15:19:20 Asia/Kolkata] PHP Warning:  Undefined variable $selected in D:\wamp64\www\emsdemo\View\dropdown.php on line 34
[19-Sep-2023 15:19:20 Asia/Kolkata] PHP Stack trace:
[19-Sep-2023 15:19:20 Asia/Kolkata] PHP   1. {main}() D:\wamp64\www\emsdemo\View\dropdown.php:0
[19-Sep-2023 15:19:20 Asia/Kolkata] PHP Warning:  Undefined variable $selected in D:\wamp64\www\emsdemo\View\dropdown.php on line 34
[19-Sep-2023 15:19:20 Asia/Kolkata] PHP Stack trace:
[19-Sep-2023 15:19:20 Asia/Kolkata] PHP   1. {main}() D:\wamp64\www\emsdemo\View\dropdown.php:0
[19-Sep-2023 15:19:20 Asia/Kolkata] PHP Warning:  Undefined variable $selected in D:\wamp64\www\emsdemo\View\dropdown.php on line 34
[19-Sep-2023 15:19:20 Asia/Kolkata] PHP Stack trace:
[19-Sep-2023 15:19:20 Asia/Kolkata] PHP   1. {main}() D:\wamp64\www\emsdemo\View\dropdown.php:0
[19-Sep-2023 15:19:20 Asia/Kolkata] PHP Warning:  Undefined variable $selected in D:\wamp64\www\emsdemo\View\dropdown.php on line 34
[19-Sep-2023 15:19:20 Asia/Kolkata] PHP Stack trace:
[19-Sep-2023 15:19:20 Asia/Kolkata] PHP   1. {main}() D:\wamp64\www\emsdemo\View\dropdown.php:0
[19-Sep-2023 15:19:20 Asia/Kolkata] PHP Warning:  Undefined variable $selected in D:\wamp64\www\emsdemo\View\dropdown.php on line 34
[19-Sep-2023 15:19:20 Asia/Kolkata] PHP Stack trace:
[19-Sep-2023 15:19:20 Asia/Kolkata] PHP   1. {main}() D:\wamp64\www\emsdemo\View\dropdown.php:0
[19-Sep-2023 15:19:20 Asia/Kolkata] PHP Warning:  Undefined variable $selected in D:\wamp64\www\emsdemo\View\dropdown.php on line 34
[19-Sep-2023 15:19:20 Asia/Kolkata] PHP Stack trace:
[19-Sep-2023 15:19:20 Asia/Kolkata] PHP   1. {main}() D:\wamp64\www\emsdemo\View\dropdown.php:0
[19-Sep-2023 15:19:20 Asia/Kolkata] PHP Warning:  Undefined variable $selected in D:\wamp64\www\emsdemo\View\dropdown.php on line 34
[19-Sep-2023 15:19:20 Asia/Kolkata] PHP Stack trace:
[19-Sep-2023 15:19:20 Asia/Kolkata] PHP   1. {main}() D:\wamp64\www\emsdemo\View\dropdown.php:0
[19-Sep-2023 15:19:20 Asia/Kolkata] PHP Warning:  Undefined variable $selected in D:\wamp64\www\emsdemo\View\dropdown.php on line 34
[19-Sep-2023 15:19:20 Asia/Kolkata] PHP Stack trace:
[19-Sep-2023 15:19:20 Asia/Kolkata] PHP   1. {main}() D:\wamp64\www\emsdemo\View\dropdown.php:0
[19-Sep-2023 15:19:20 Asia/Kolkata] PHP Warning:  Undefined variable $selected in D:\wamp64\www\emsdemo\View\dropdown.php on line 34
[19-Sep-2023 15:19:20 Asia/Kolkata] PHP Stack trace:
[19-Sep-2023 15:19:20 Asia/Kolkata] PHP   1. {main}() D:\wamp64\www\emsdemo\View\dropdown.php:0
[19-Sep-2023 15:19:20 Asia/Kolkata] PHP Warning:  Undefined variable $selected in D:\wamp64\www\emsdemo\View\dropdown.php on line 34
[19-Sep-2023 15:19:20 Asia/Kolkata] PHP Stack trace:
[19-Sep-2023 15:19:20 Asia/Kolkata] PHP   1. {main}() D:\wamp64\www\emsdemo\View\dropdown.php:0
[19-Sep-2023 15:19:20 Asia/Kolkata] PHP Warning:  Undefined variable $selected in D:\wamp64\www\emsdemo\View\dropdown.php on line 34
[19-Sep-2023 15:19:20 Asia/Kolkata] PHP Stack trace:
[19-Sep-2023 15:19:20 Asia/Kolkata] PHP   1. {main}() D:\wamp64\www\emsdemo\View\dropdown.php:0
[19-Sep-2023 15:19:20 Asia/Kolkata] PHP Warning:  Undefined variable $selected in D:\wamp64\www\emsdemo\View\dropdown.php on line 34
[19-Sep-2023 15:19:20 Asia/Kolkata] PHP Stack trace:
[19-Sep-2023 15:19:20 Asia/Kolkata] PHP   1. {main}() D:\wamp64\www\emsdemo\View\dropdown.php:0
[19-Sep-2023 15:19:20 Asia/Kolkata] PHP Warning:  Undefined variable $selected in D:\wamp64\www\emsdemo\View\dropdown.php on line 34
[19-Sep-2023 15:19:20 Asia/Kolkata] PHP Stack trace:
[19-Sep-2023 15:19:20 Asia/Kolkata] PHP   1. {main}() D:\wamp64\www\emsdemo\View\dropdown.php:0
[19-Sep-2023 15:19:20 Asia/Kolkata] PHP Warning:  Undefined variable $selected in D:\wamp64\www\emsdemo\View\dropdown.php on line 34
[19-Sep-2023 15:19:20 Asia/Kolkata] PHP Stack trace:
[19-Sep-2023 15:19:20 Asia/Kolkata] PHP   1. {main}() D:\wamp64\www\emsdemo\View\dropdown.php:0
[19-Sep-2023 15:19:20 Asia/Kolkata] PHP Warning:  Undefined variable $selected in D:\wamp64\www\emsdemo\View\dropdown.php on line 34
[19-Sep-2023 15:19:20 Asia/Kolkata] PHP Stack trace:
[19-Sep-2023 15:19:20 Asia/Kolkata] PHP   1. {main}() D:\wamp64\www\emsdemo\View\dropdown.php:0
[19-Sep-2023 15:19:20 Asia/Kolkata] PHP Warning:  Undefined variable $selected in D:\wamp64\www\emsdemo\View\dropdown.php on line 34
[19-Sep-2023 15:19:20 Asia/Kolkata] PHP Stack trace:
[19-Sep-2023 15:19:20 Asia/Kolkata] PHP   1. {main}() D:\wamp64\www\emsdemo\View\dropdown.php:0
[19-Sep-2023 15:19:20 Asia/Kolkata] PHP Warning:  Undefined variable $selected in D:\wamp64\www\emsdemo\View\dropdown.php on line 34
[19-Sep-2023 15:19:20 Asia/Kolkata] PHP Stack trace:
[19-Sep-2023 15:19:20 Asia/Kolkata] PHP   1. {main}() D:\wamp64\www\emsdemo\View\dropdown.php:0
[19-Sep-2023 15:19:20 Asia/Kolkata] PHP Warning:  Undefined variable $selected in D:\wamp64\www\emsdemo\View\dropdown.php on line 34
[19-Sep-2023 15:19:20 Asia/Kolkata] PHP Stack trace:
[19-Sep-2023 15:19:20 Asia/Kolkata] PHP   1. {main}() D:\wamp64\www\emsdemo\View\dropdown.php:0
[19-Sep-2023 15:19:20 Asia/Kolkata] PHP Warning:  Undefined variable $selected in D:\wamp64\www\emsdemo\View\dropdown.php on line 34
[19-Sep-2023 15:19:20 Asia/Kolkata] PHP Stack trace:
[19-Sep-2023 15:19:20 Asia/Kolkata] PHP   1. {main}() D:\wamp64\www\emsdemo\View\dropdown.php:0
[19-Sep-2023 15:19:20 Asia/Kolkata] PHP Warning:  Undefined variable $selected in D:\wamp64\www\emsdemo\View\dropdown.php on line 34
[19-Sep-2023 15:19:20 Asia/Kolkata] PHP Stack trace:
[19-Sep-2023 15:19:20 Asia/Kolkata] PHP   1. {main}() D:\wamp64\www\emsdemo\View\dropdown.php:0
[19-Sep-2023 15:19:20 Asia/Kolkata] PHP Warning:  Undefined variable $selected in D:\wamp64\www\emsdemo\View\dropdown.php on line 34
[19-Sep-2023 15:19:20 Asia/Kolkata] PHP Stack trace:
[19-Sep-2023 15:19:20 Asia/Kolkata] PHP   1. {main}() D:\wamp64\www\emsdemo\View\dropdown.php:0
[19-Sep-2023 15:19:20 Asia/Kolkata] PHP Warning:  Undefined variable $selected in D:\wamp64\www\emsdemo\View\dropdown.php on line 34
[19-Sep-2023 15:19:20 Asia/Kolkata] PHP Stack trace:
[19-Sep-2023 15:19:20 Asia/Kolkata] PHP   1. {main}() D:\wamp64\www\emsdemo\View\dropdown.php:0
[19-Sep-2023 15:19:20 Asia/Kolkata] PHP Warning:  Undefined variable $selected in D:\wamp64\www\emsdemo\View\dropdown.php on line 34
[19-Sep-2023 15:19:20 Asia/Kolkata] PHP Stack trace:
[19-Sep-2023 15:19:20 Asia/Kolkata] PHP   1. {main}() D:\wamp64\www\emsdemo\View\dropdown.php:0
[19-Sep-2023 15:19:20 Asia/Kolkata] PHP Warning:  Undefined variable $selected in D:\wamp64\www\emsdemo\View\dropdown.php on line 34
[19-Sep-2023 15:19:20 Asia/Kolkata] PHP Stack trace:
[19-Sep-2023 15:19:20 Asia/Kolkata] PHP   1. {main}() D:\wamp64\www\emsdemo\View\dropdown.php:0
[19-Sep-2023 15:19:20 Asia/Kolkata] PHP Warning:  Undefined variable $selected in D:\wamp64\www\emsdemo\View\dropdown.php on line 34
[19-Sep-2023 15:19:20 Asia/Kolkata] PHP Stack trace:
[19-Sep-2023 15:19:20 Asia/Kolkata] PHP   1. {main}() D:\wamp64\www\emsdemo\View\dropdown.php:0
[19-Sep-2023 15:19:20 Asia/Kolkata] PHP Warning:  Undefined variable $selected in D:\wamp64\www\emsdemo\View\dropdown.php on line 34
[19-Sep-2023 15:19:20 Asia/Kolkata] PHP Stack trace:
[19-Sep-2023 15:19:20 Asia/Kolkata] PHP   1. {main}() D:\wamp64\www\emsdemo\View\dropdown.php:0
[19-Sep-2023 15:19:20 Asia/Kolkata] PHP Warning:  Undefined variable $selected in D:\wamp64\www\emsdemo\View\dropdown.php on line 34
[19-Sep-2023 15:19:20 Asia/Kolkata] PHP Stack trace:
[19-Sep-2023 15:19:20 Asia/Kolkata] PHP   1. {main}() D:\wamp64\www\emsdemo\View\dropdown.php:0
[19-Sep-2023 15:19:20 Asia/Kolkata] PHP Warning:  Undefined variable $selected in D:\wamp64\www\emsdemo\View\dropdown.php on line 34
[19-Sep-2023 15:19:20 Asia/Kolkata] PHP Stack trace:
[19-Sep-2023 15:19:20 Asia/Kolkata] PHP   1. {main}() D:\wamp64\www\emsdemo\View\dropdown.php:0
[19-Sep-2023 15:19:20 Asia/Kolkata] PHP Warning:  Undefined variable $selected in D:\wamp64\www\emsdemo\View\dropdown.php on line 34
[19-Sep-2023 15:19:20 Asia/Kolkata] PHP Stack trace:
[19-Sep-2023 15:19:20 Asia/Kolkata] PHP   1. {main}() D:\wamp64\www\emsdemo\View\dropdown.php:0
[19-Sep-2023 15:19:20 Asia/Kolkata] PHP Warning:  Undefined variable $selected in D:\wamp64\www\emsdemo\View\dropdown.php on line 34
[19-Sep-2023 15:19:20 Asia/Kolkata] PHP Stack trace:
[19-Sep-2023 15:19:20 Asia/Kolkata] PHP   1. {main}() D:\wamp64\www\emsdemo\View\dropdown.php:0
[19-Sep-2023 15:19:20 Asia/Kolkata] PHP Warning:  Undefined variable $selected in D:\wamp64\www\emsdemo\View\dropdown.php on line 34
[19-Sep-2023 15:19:20 Asia/Kolkata] PHP Stack trace:
[19-Sep-2023 15:19:20 Asia/Kolkata] PHP   1. {main}() D:\wamp64\www\emsdemo\View\dropdown.php:0
[19-Sep-2023 15:19:20 Asia/Kolkata] PHP Warning:  Undefined variable $selected in D:\wamp64\www\emsdemo\View\dropdown.php on line 34
[19-Sep-2023 15:19:20 Asia/Kolkata] PHP Stack trace:
[19-Sep-2023 15:19:20 Asia/Kolkata] PHP   1. {main}() D:\wamp64\www\emsdemo\View\dropdown.php:0
[19-Sep-2023 15:19:20 Asia/Kolkata] PHP Warning:  Undefined variable $selected in D:\wamp64\www\emsdemo\View\dropdown.php on line 34
[19-Sep-2023 15:19:20 Asia/Kolkata] PHP Stack trace:
[19-Sep-2023 15:19:20 Asia/Kolkata] PHP   1. {main}() D:\wamp64\www\emsdemo\View\dropdown.php:0
[19-Sep-2023 15:19:20 Asia/Kolkata] PHP Warning:  Undefined variable $selected in D:\wamp64\www\emsdemo\View\dropdown.php on line 34
[19-Sep-2023 15:19:20 Asia/Kolkata] PHP Stack trace:
[19-Sep-2023 15:19:20 Asia/Kolkata] PHP   1. {main}() D:\wamp64\www\emsdemo\View\dropdown.php:0
[19-Sep-2023 15:19:20 Asia/Kolkata] PHP Warning:  Undefined variable $selected in D:\wamp64\www\emsdemo\View\dropdown.php on line 34
[19-Sep-2023 15:19:20 Asia/Kolkata] PHP Stack trace:
[19-Sep-2023 15:19:20 Asia/Kolkata] PHP   1. {main}() D:\wamp64\www\emsdemo\View\dropdown.php:0
[19-Sep-2023 15:19:20 Asia/Kolkata] PHP Warning:  Undefined variable $selected in D:\wamp64\www\emsdemo\View\dropdown.php on line 34
[19-Sep-2023 15:19:20 Asia/Kolkata] PHP Stack trace:
[19-Sep-2023 15:19:20 Asia/Kolkata] PHP   1. {main}() D:\wamp64\www\emsdemo\View\dropdown.php:0
[19-Sep-2023 15:19:20 Asia/Kolkata] PHP Warning:  Undefined variable $selected in D:\wamp64\www\emsdemo\View\dropdown.php on line 34
[19-Sep-2023 15:19:20 Asia/Kolkata] PHP Stack trace:
[19-Sep-2023 15:19:20 Asia/Kolkata] PHP   1. {main}() D:\wamp64\www\emsdemo\View\dropdown.php:0
[19-Sep-2023 15:19:20 Asia/Kolkata] PHP Warning:  Undefined variable $selected in D:\wamp64\www\emsdemo\View\dropdown.php on line 34
[19-Sep-2023 15:19:20 Asia/Kolkata] PHP Stack trace:
[19-Sep-2023 15:19:20 Asia/Kolkata] PHP   1. {main}() D:\wamp64\www\emsdemo\View\dropdown.php:0
[19-Sep-2023 15:19:20 Asia/Kolkata] PHP Warning:  Undefined variable $selected in D:\wamp64\www\emsdemo\View\dropdown.php on line 34
[19-Sep-2023 15:19:20 Asia/Kolkata] PHP Stack trace:
[19-Sep-2023 15:19:20 Asia/Kolkata] PHP   1. {main}() D:\wamp64\www\emsdemo\View\dropdown.php:0
[19-Sep-2023 15:19:20 Asia/Kolkata] PHP Warning:  Undefined variable $selected in D:\wamp64\www\emsdemo\View\dropdown.php on line 34
[19-Sep-2023 15:19:20 Asia/Kolkata] PHP Stack trace:
[19-Sep-2023 15:19:20 Asia/Kolkata] PHP   1. {main}() D:\wamp64\www\emsdemo\View\dropdown.php:0
[19-Sep-2023 15:19:20 Asia/Kolkata] PHP Warning:  Undefined variable $selected in D:\wamp64\www\emsdemo\View\dropdown.php on line 34
[19-Sep-2023 15:19:20 Asia/Kolkata] PHP Stack trace:
[19-Sep-2023 15:19:20 Asia/Kolkata] PHP   1. {main}() D:\wamp64\www\emsdemo\View\dropdown.php:0
[19-Sep-2023 15:19:20 Asia/Kolkata] PHP Warning:  Undefined variable $selected in D:\wamp64\www\emsdemo\View\dropdown.php on line 34
[19-Sep-2023 15:19:20 Asia/Kolkata] PHP Stack trace:
[19-Sep-2023 15:19:20 Asia/Kolkata] PHP   1. {main}() D:\wamp64\www\emsdemo\View\dropdown.php:0
[19-Sep-2023 15:19:20 Asia/Kolkata] PHP Warning:  Undefined variable $selected in D:\wamp64\www\emsdemo\View\dropdown.php on line 34
[19-Sep-2023 15:19:20 Asia/Kolkata] PHP Stack trace:
[19-Sep-2023 15:19:20 Asia/Kolkata] PHP   1. {main}() D:\wamp64\www\emsdemo\View\dropdown.php:0
[19-Sep-2023 15:19:20 Asia/Kolkata] PHP Warning:  Undefined variable $selected in D:\wamp64\www\emsdemo\View\dropdown.php on line 34
[19-Sep-2023 15:19:20 Asia/Kolkata] PHP Stack trace:
[19-Sep-2023 15:19:20 Asia/Kolkata] PHP   1. {main}() D:\wamp64\www\emsdemo\View\dropdown.php:0
[19-Sep-2023 15:19:20 Asia/Kolkata] PHP Warning:  Undefined variable $selected in D:\wamp64\www\emsdemo\View\dropdown.php on line 34
[19-Sep-2023 15:19:20 Asia/Kolkata] PHP Stack trace:
[19-Sep-2023 15:19:20 Asia/Kolkata] PHP   1. {main}() D:\wamp64\www\emsdemo\View\dropdown.php:0
[19-Sep-2023 15:19:20 Asia/Kolkata] PHP Warning:  Undefined variable $selected in D:\wamp64\www\emsdemo\View\dropdown.php on line 34
[19-Sep-2023 15:19:20 Asia/Kolkata] PHP Stack trace:
[19-Sep-2023 15:19:20 Asia/Kolkata] PHP   1. {main}() D:\wamp64\www\emsdemo\View\dropdown.php:0
[19-Sep-2023 15:19:20 Asia/Kolkata] PHP Warning:  Undefined variable $selected in D:\wamp64\www\emsdemo\View\dropdown.php on line 34
[19-Sep-2023 15:19:20 Asia/Kolkata] PHP Stack trace:
[19-Sep-2023 15:19:20 Asia/Kolkata] PHP   1. {main}() D:\wamp64\www\emsdemo\View\dropdown.php:0
[19-Sep-2023 15:19:20 Asia/Kolkata] PHP Warning:  Undefined variable $selected in D:\wamp64\www\emsdemo\View\dropdown.php on line 34
[19-Sep-2023 15:19:20 Asia/Kolkata] PHP Stack trace:
[19-Sep-2023 15:19:20 Asia/Kolkata] PHP   1. {main}() D:\wamp64\www\emsdemo\View\dropdown.php:0
[19-Sep-2023 15:19:20 Asia/Kolkata] PHP Warning:  Undefined variable $selected in D:\wamp64\www\emsdemo\View\dropdown.php on line 34
[19-Sep-2023 15:19:20 Asia/Kolkata] PHP Stack trace:
[19-Sep-2023 15:19:20 Asia/Kolkata] PHP   1. {main}() D:\wamp64\www\emsdemo\View\dropdown.php:0
[19-Sep-2023 15:19:20 Asia/Kolkata] PHP Warning:  Undefined variable $selected in D:\wamp64\www\emsdemo\View\dropdown.php on line 34
[19-Sep-2023 15:19:20 Asia/Kolkata] PHP Stack trace:
[19-Sep-2023 15:19:20 Asia/Kolkata] PHP   1. {main}() D:\wamp64\www\emsdemo\View\dropdown.php:0
[19-Sep-2023 15:19:20 Asia/Kolkata] PHP Warning:  Undefined variable $selected in D:\wamp64\www\emsdemo\View\dropdown.php on line 34
[19-Sep-2023 15:19:20 Asia/Kolkata] PHP Stack trace:
[19-Sep-2023 15:19:20 Asia/Kolkata] PHP   1. {main}() D:\wamp64\www\emsdemo\View\dropdown.php:0
[19-Sep-2023 15:19:20 Asia/Kolkata] PHP Warning:  Undefined variable $selected in D:\wamp64\www\emsdemo\View\dropdown.php on line 34
[19-Sep-2023 15:19:20 Asia/Kolkata] PHP Stack trace:
[19-Sep-2023 15:19:20 Asia/Kolkata] PHP   1. {main}() D:\wamp64\www\emsdemo\View\dropdown.php:0
[19-Sep-2023 15:19:20 Asia/Kolkata] PHP Warning:  Undefined variable $selected in D:\wamp64\www\emsdemo\View\dropdown.php on line 34
[19-Sep-2023 15:19:20 Asia/Kolkata] PHP Stack trace:
[19-Sep-2023 15:19:20 Asia/Kolkata] PHP   1. {main}() D:\wamp64\www\emsdemo\View\dropdown.php:0
[19-Sep-2023 15:19:20 Asia/Kolkata] PHP Warning:  Undefined variable $selected in D:\wamp64\www\emsdemo\View\dropdown.php on line 34
[19-Sep-2023 15:19:20 Asia/Kolkata] PHP Stack trace:
[19-Sep-2023 15:19:20 Asia/Kolkata] PHP   1. {main}() D:\wamp64\www\emsdemo\View\dropdown.php:0
[19-Sep-2023 15:19:20 Asia/Kolkata] PHP Warning:  Undefined variable $selected in D:\wamp64\www\emsdemo\View\dropdown.php on line 34
[19-Sep-2023 15:19:20 Asia/Kolkata] PHP Stack trace:
[19-Sep-2023 15:19:20 Asia/Kolkata] PHP   1. {main}() D:\wamp64\www\emsdemo\View\dropdown.php:0
[19-Sep-2023 15:19:20 Asia/Kolkata] PHP Warning:  Undefined variable $selected in D:\wamp64\www\emsdemo\View\dropdown.php on line 34
[19-Sep-2023 15:19:20 Asia/Kolkata] PHP Stack trace:
[19-Sep-2023 15:19:20 Asia/Kolkata] PHP   1. {main}() D:\wamp64\www\emsdemo\View\dropdown.php:0
[19-Sep-2023 15:19:21 Asia/Kolkata] PHP Warning:  Undefined variable $selected in D:\wamp64\www\emsdemo\View\dropdown.php on line 34
[19-Sep-2023 15:19:21 Asia/Kolkata] PHP Stack trace:
[19-Sep-2023 15:19:21 Asia/Kolkata] PHP   1. {main}() D:\wamp64\www\emsdemo\View\dropdown.php:0
[19-Sep-2023 15:19:21 Asia/Kolkata] PHP Warning:  Undefined variable $selected in D:\wamp64\www\emsdemo\View\dropdown.php on line 34
[19-Sep-2023 15:19:21 Asia/Kolkata] PHP Stack trace:
[19-Sep-2023 15:19:21 Asia/Kolkata] PHP   1. {main}() D:\wamp64\www\emsdemo\View\dropdown.php:0
[19-Sep-2023 15:19:21 Asia/Kolkata] PHP Warning:  Undefined variable $selected in D:\wamp64\www\emsdemo\View\dropdown.php on line 34
[19-Sep-2023 15:19:21 Asia/Kolkata] PHP Stack trace:
[19-Sep-2023 15:19:21 Asia/Kolkata] PHP   1. {main}() D:\wamp64\www\emsdemo\View\dropdown.php:0
[19-Sep-2023 15:19:21 Asia/Kolkata] PHP Warning:  Undefined variable $selected in D:\wamp64\www\emsdemo\View\dropdown.php on line 34
[19-Sep-2023 15:19:21 Asia/Kolkata] PHP Stack trace:
[19-Sep-2023 15:19:21 Asia/Kolkata] PHP   1. {main}() D:\wamp64\www\emsdemo\View\dropdown.php:0
[19-Sep-2023 15:19:21 Asia/Kolkata] PHP Warning:  Undefined variable $selected in D:\wamp64\www\emsdemo\View\dropdown.php on line 34
[19-Sep-2023 15:19:21 Asia/Kolkata] PHP Stack trace:
[19-Sep-2023 15:19:21 Asia/Kolkata] PHP   1. {main}() D:\wamp64\www\emsdemo\View\dropdown.php:0
[19-Sep-2023 15:19:21 Asia/Kolkata] PHP Warning:  Undefined variable $selected in D:\wamp64\www\emsdemo\View\dropdown.php on line 34
[19-Sep-2023 15:19:21 Asia/Kolkata] PHP Stack trace:
[19-Sep-2023 15:19:21 Asia/Kolkata] PHP   1. {main}() D:\wamp64\www\emsdemo\View\dropdown.php:0
[19-Sep-2023 15:19:21 Asia/Kolkata] PHP Warning:  Undefined variable $selected in D:\wamp64\www\emsdemo\View\dropdown.php on line 34
[19-Sep-2023 15:19:21 Asia/Kolkata] PHP Stack trace:
[19-Sep-2023 15:19:21 Asia/Kolkata] PHP   1. {main}() D:\wamp64\www\emsdemo\View\dropdown.php:0
[19-Sep-2023 15:19:21 Asia/Kolkata] PHP Warning:  Undefined variable $selected in D:\wamp64\www\emsdemo\View\dropdown.php on line 34
[19-Sep-2023 15:19:21 Asia/Kolkata] PHP Stack trace:
[19-Sep-2023 15:19:21 Asia/Kolkata] PHP   1. {main}() D:\wamp64\www\emsdemo\View\dropdown.php:0
[19-Sep-2023 15:19:21 Asia/Kolkata] PHP Warning:  Undefined variable $selected in D:\wamp64\www\emsdemo\View\dropdown.php on line 34
[19-Sep-2023 15:19:21 Asia/Kolkata] PHP Stack trace:
[19-Sep-2023 15:19:21 Asia/Kolkata] PHP   1. {main}() D:\wamp64\www\emsdemo\View\dropdown.php:0
[19-Sep-2023 15:19:21 Asia/Kolkata] PHP Warning:  Undefined variable $selected in D:\wamp64\www\emsdemo\View\dropdown.php on line 34
[19-Sep-2023 15:19:21 Asia/Kolkata] PHP Stack trace:
[19-Sep-2023 15:19:21 Asia/Kolkata] PHP   1. {main}() D:\wamp64\www\emsdemo\View\dropdown.php:0
[19-Sep-2023 15:19:21 Asia/Kolkata] PHP Warning:  Undefined variable $selected in D:\wamp64\www\emsdemo\View\dropdown.php on line 34
[19-Sep-2023 15:19:21 Asia/Kolkata] PHP Stack trace:
[19-Sep-2023 15:19:21 Asia/Kolkata] PHP   1. {main}() D:\wamp64\www\emsdemo\View\dropdown.php:0
[19-Sep-2023 15:19:21 Asia/Kolkata] PHP Warning:  Undefined variable $selected in D:\wamp64\www\emsdemo\View\dropdown.php on line 34
[19-Sep-2023 15:19:21 Asia/Kolkata] PHP Stack trace:
[19-Sep-2023 15:19:21 Asia/Kolkata] PHP   1. {main}() D:\wamp64\www\emsdemo\View\dropdown.php:0
[19-Sep-2023 15:19:21 Asia/Kolkata] PHP Warning:  Undefined variable $selected in D:\wamp64\www\emsdemo\View\dropdown.php on line 34
[19-Sep-2023 15:19:21 Asia/Kolkata] PHP Stack trace:
[19-Sep-2023 15:19:21 Asia/Kolkata] PHP   1. {main}() D:\wamp64\www\emsdemo\View\dropdown.php:0
[19-Sep-2023 15:19:21 Asia/Kolkata] PHP Warning:  Undefined variable $selected in D:\wamp64\www\emsdemo\View\dropdown.php on line 34
[19-Sep-2023 15:19:21 Asia/Kolkata] PHP Stack trace:
[19-Sep-2023 15:19:21 Asia/Kolkata] PHP   1. {main}() D:\wamp64\www\emsdemo\View\dropdown.php:0
[19-Sep-2023 15:19:21 Asia/Kolkata] PHP Warning:  Undefined variable $selected in D:\wamp64\www\emsdemo\View\dropdown.php on line 34
[19-Sep-2023 15:19:21 Asia/Kolkata] PHP Stack trace:
[19-Sep-2023 15:19:21 Asia/Kolkata] PHP   1. {main}() D:\wamp64\www\emsdemo\View\dropdown.php:0
[19-Sep-2023 15:19:21 Asia/Kolkata] PHP Warning:  Undefined variable $selected in D:\wamp64\www\emsdemo\View\dropdown.php on line 34
[19-Sep-2023 15:19:21 Asia/Kolkata] PHP Stack trace:
[19-Sep-2023 15:19:21 Asia/Kolkata] PHP   1. {main}() D:\wamp64\www\emsdemo\View\dropdown.php:0
[19-Sep-2023 15:19:21 Asia/Kolkata] PHP Warning:  Undefined variable $selected in D:\wamp64\www\emsdemo\View\dropdown.php on line 34
[19-Sep-2023 15:19:21 Asia/Kolkata] PHP Stack trace:
[19-Sep-2023 15:19:21 Asia/Kolkata] PHP   1. {main}() D:\wamp64\www\emsdemo\View\dropdown.php:0
[19-Sep-2023 15:19:21 Asia/Kolkata] PHP Warning:  Undefined variable $selected in D:\wamp64\www\emsdemo\View\dropdown.php on line 34
[19-Sep-2023 15:19:21 Asia/Kolkata] PHP Stack trace:
[19-Sep-2023 15:19:21 Asia/Kolkata] PHP   1. {main}() D:\wamp64\www\emsdemo\View\dropdown.php:0
[19-Sep-2023 15:19:21 Asia/Kolkata] PHP Warning:  Undefined variable $selected in D:\wamp64\www\emsdemo\View\dropdown.php on line 34
[19-Sep-2023 15:19:21 Asia/Kolkata] PHP Stack trace:
[19-Sep-2023 15:19:21 Asia/Kolkata] PHP   1. {main}() D:\wamp64\www\emsdemo\View\dropdown.php:0
[19-Sep-2023 15:19:21 Asia/Kolkata] PHP Warning:  Undefined variable $selected in D:\wamp64\www\emsdemo\View\dropdown.php on line 34
[19-Sep-2023 15:19:21 Asia/Kolkata] PHP Stack trace:
[19-Sep-2023 15:19:21 Asia/Kolkata] PHP   1. {main}() D:\wamp64\www\emsdemo\View\dropdown.php:0
[19-Sep-2023 15:19:21 Asia/Kolkata] PHP Warning:  Undefined variable $selected in D:\wamp64\www\emsdemo\View\dropdown.php on line 34
[19-Sep-2023 15:19:21 Asia/Kolkata] PHP Stack trace:
[19-Sep-2023 15:19:21 Asia/Kolkata] PHP   1. {main}() D:\wamp64\www\emsdemo\View\dropdown.php:0
[19-Sep-2023 15:19:21 Asia/Kolkata] PHP Warning:  Undefined variable $selected in D:\wamp64\www\emsdemo\View\dropdown.php on line 34
[19-Sep-2023 15:19:21 Asia/Kolkata] PHP Stack trace:
[19-Sep-2023 15:19:21 Asia/Kolkata] PHP   1. {main}() D:\wamp64\www\emsdemo\View\dropdown.php:0
[19-Sep-2023 15:19:21 Asia/Kolkata] PHP Warning:  Undefined variable $selected in D:\wamp64\www\emsdemo\View\dropdown.php on line 34
[19-Sep-2023 15:19:21 Asia/Kolkata] PHP Stack trace:
[19-Sep-2023 15:19:21 Asia/Kolkata] PHP   1. {main}() D:\wamp64\www\emsdemo\View\dropdown.php:0
[19-Sep-2023 15:19:21 Asia/Kolkata] PHP Warning:  Undefined variable $selected in D:\wamp64\www\emsdemo\View\dropdown.php on line 34
[19-Sep-2023 15:19:21 Asia/Kolkata] PHP Stack trace:
[19-Sep-2023 15:19:21 Asia/Kolkata] PHP   1. {main}() D:\wamp64\www\emsdemo\View\dropdown.php:0
[19-Sep-2023 15:19:21 Asia/Kolkata] PHP Warning:  Undefined variable $selected in D:\wamp64\www\emsdemo\View\dropdown.php on line 34
[19-Sep-2023 15:19:21 Asia/Kolkata] PHP Stack trace:
[19-Sep-2023 15:19:21 Asia/Kolkata] PHP   1. {main}() D:\wamp64\www\emsdemo\View\dropdown.php:0
[19-Sep-2023 15:19:21 Asia/Kolkata] PHP Warning:  Undefined variable $selected in D:\wamp64\www\emsdemo\View\dropdown.php on line 34
[19-Sep-2023 15:19:21 Asia/Kolkata] PHP Stack trace:
[19-Sep-2023 15:19:21 Asia/Kolkata] PHP   1. {main}() D:\wamp64\www\emsdemo\View\dropdown.php:0
[19-Sep-2023 15:19:21 Asia/Kolkata] PHP Warning:  Undefined variable $selected in D:\wamp64\www\emsdemo\View\dropdown.php on line 34
[19-Sep-2023 15:19:21 Asia/Kolkata] PHP Stack trace:
[19-Sep-2023 15:19:21 Asia/Kolkata] PHP   1. {main}() D:\wamp64\www\emsdemo\View\dropdown.php:0
[19-Sep-2023 15:19:21 Asia/Kolkata] PHP Warning:  Undefined variable $selected in D:\wamp64\www\emsdemo\View\dropdown.php on line 34
[19-Sep-2023 15:19:21 Asia/Kolkata] PHP Stack trace:
[19-Sep-2023 15:19:21 Asia/Kolkata] PHP   1. {main}() D:\wamp64\www\emsdemo\View\dropdown.php:0
[19-Sep-2023 15:19:21 Asia/Kolkata] PHP Warning:  Undefined variable $selected in D:\wamp64\www\emsdemo\View\dropdown.php on line 34
[19-Sep-2023 15:19:21 Asia/Kolkata] PHP Stack trace:
[19-Sep-2023 15:19:21 Asia/Kolkata] PHP   1. {main}() D:\wamp64\www\emsdemo\View\dropdown.php:0
[19-Sep-2023 15:19:21 Asia/Kolkata] PHP Warning:  Undefined variable $selected in D:\wamp64\www\emsdemo\View\dropdown.php on line 34
[19-Sep-2023 15:19:21 Asia/Kolkata] PHP Stack trace:
[19-Sep-2023 15:19:21 Asia/Kolkata] PHP   1. {main}() D:\wamp64\www\emsdemo\View\dropdown.php:0
[19-Sep-2023 15:19:21 Asia/Kolkata] PHP Warning:  Undefined variable $selected in D:\wamp64\www\emsdemo\View\dropdown.php on line 34
[19-Sep-2023 15:19:21 Asia/Kolkata] PHP Stack trace:
[19-Sep-2023 15:19:21 Asia/Kolkata] PHP   1. {main}() D:\wamp64\www\emsdemo\View\dropdown.php:0
[19-Sep-2023 15:19:21 Asia/Kolkata] PHP Warning:  Undefined variable $selected in D:\wamp64\www\emsdemo\View\dropdown.php on line 34
[19-Sep-2023 15:19:21 Asia/Kolkata] PHP Stack trace:
[19-Sep-2023 15:19:21 Asia/Kolkata] PHP   1. {main}() D:\wamp64\www\emsdemo\View\dropdown.php:0
[19-Sep-2023 15:19:21 Asia/Kolkata] PHP Warning:  Undefined variable $selected in D:\wamp64\www\emsdemo\View\dropdown.php on line 34
[19-Sep-2023 15:19:21 Asia/Kolkata] PHP Stack trace:
[19-Sep-2023 15:19:21 Asia/Kolkata] PHP   1. {main}() D:\wamp64\www\emsdemo\View\dropdown.php:0
[19-Sep-2023 15:19:21 Asia/Kolkata] PHP Warning:  Undefined variable $selected in D:\wamp64\www\emsdemo\View\dropdown.php on line 34
[19-Sep-2023 15:19:21 Asia/Kolkata] PHP Stack trace:
[19-Sep-2023 15:19:21 Asia/Kolkata] PHP   1. {main}() D:\wamp64\www\emsdemo\View\dropdown.php:0
[19-Sep-2023 15:19:21 Asia/Kolkata] PHP Warning:  Undefined variable $selected in D:\wamp64\www\emsdemo\View\dropdown.php on line 34
[19-Sep-2023 15:19:21 Asia/Kolkata] PHP Stack trace:
[19-Sep-2023 15:19:21 Asia/Kolkata] PHP   1. {main}() D:\wamp64\www\emsdemo\View\dropdown.php:0
[19-Sep-2023 15:19:21 Asia/Kolkata] PHP Warning:  Undefined variable $selected in D:\wamp64\www\emsdemo\View\dropdown.php on line 34
[19-Sep-2023 15:19:21 Asia/Kolkata] PHP Stack trace:
[19-Sep-2023 15:19:21 Asia/Kolkata] PHP   1. {main}() D:\wamp64\www\emsdemo\View\dropdown.php:0
[19-Sep-2023 15:19:21 Asia/Kolkata] PHP Warning:  Undefined variable $selected in D:\wamp64\www\emsdemo\View\dropdown.php on line 34
[19-Sep-2023 15:19:21 Asia/Kolkata] PHP Stack trace:
[19-Sep-2023 15:19:21 Asia/Kolkata] PHP   1. {main}() D:\wamp64\www\emsdemo\View\dropdown.php:0
[19-Sep-2023 15:19:21 Asia/Kolkata] PHP Warning:  Undefined variable $selected in D:\wamp64\www\emsdemo\View\dropdown.php on line 34
[19-Sep-2023 15:19:21 Asia/Kolkata] PHP Stack trace:
[19-Sep-2023 15:19:21 Asia/Kolkata] PHP   1. {main}() D:\wamp64\www\emsdemo\View\dropdown.php:0
[19-Sep-2023 15:19:21 Asia/Kolkata] PHP Warning:  Undefined variable $selected in D:\wamp64\www\emsdemo\View\dropdown.php on line 34
[19-Sep-2023 15:19:21 Asia/Kolkata] PHP Stack trace:
[19-Sep-2023 15:19:21 Asia/Kolkata] PHP   1. {main}() D:\wamp64\www\emsdemo\View\dropdown.php:0
[19-Sep-2023 15:19:21 Asia/Kolkata] PHP Warning:  Undefined variable $selected in D:\wamp64\www\emsdemo\View\dropdown.php on line 34
[19-Sep-2023 15:19:21 Asia/Kolkata] PHP Stack trace:
[19-Sep-2023 15:19:21 Asia/Kolkata] PHP   1. {main}() D:\wamp64\www\emsdemo\View\dropdown.php:0
[19-Sep-2023 15:19:21 Asia/Kolkata] PHP Warning:  Undefined variable $selected in D:\wamp64\www\emsdemo\View\dropdown.php on line 34
[19-Sep-2023 15:19:21 Asia/Kolkata] PHP Stack trace:
[19-Sep-2023 15:19:21 Asia/Kolkata] PHP   1. {main}() D:\wamp64\www\emsdemo\View\dropdown.php:0
[19-Sep-2023 15:19:21 Asia/Kolkata] PHP Warning:  Undefined variable $selected in D:\wamp64\www\emsdemo\View\dropdown.php on line 34
[19-Sep-2023 15:19:21 Asia/Kolkata] PHP Stack trace:
[19-Sep-2023 15:19:21 Asia/Kolkata] PHP   1. {main}() D:\wamp64\www\emsdemo\View\dropdown.php:0
[19-Sep-2023 15:19:21 Asia/Kolkata] PHP Warning:  Undefined variable $selected in D:\wamp64\www\emsdemo\View\dropdown.php on line 34
[19-Sep-2023 15:19:21 Asia/Kolkata] PHP Stack trace:
[19-Sep-2023 15:19:21 Asia/Kolkata] PHP   1. {main}() D:\wamp64\www\emsdemo\View\dropdown.php:0
[19-Sep-2023 15:19:21 Asia/Kolkata] PHP Warning:  Undefined variable $selected in D:\wamp64\www\emsdemo\View\dropdown.php on line 34
[19-Sep-2023 15:19:21 Asia/Kolkata] PHP Stack trace:
[19-Sep-2023 15:19:21 Asia/Kolkata] PHP   1. {main}() D:\wamp64\www\emsdemo\View\dropdown.php:0
[19-Sep-2023 15:19:21 Asia/Kolkata] PHP Warning:  Undefined variable $selected in D:\wamp64\www\emsdemo\View\dropdown.php on line 34
[19-Sep-2023 15:19:21 Asia/Kolkata] PHP Stack trace:
[19-Sep-2023 15:19:21 Asia/Kolkata] PHP   1. {main}() D:\wamp64\www\emsdemo\View\dropdown.php:0
[19-Sep-2023 15:19:21 Asia/Kolkata] PHP Warning:  Undefined variable $selected in D:\wamp64\www\emsdemo\View\dropdown.php on line 34
[19-Sep-2023 15:19:21 Asia/Kolkata] PHP Stack trace:
[19-Sep-2023 15:19:21 Asia/Kolkata] PHP   1. {main}() D:\wamp64\www\emsdemo\View\dropdown.php:0
[19-Sep-2023 15:19:21 Asia/Kolkata] PHP Warning:  Undefined variable $selected in D:\wamp64\www\emsdemo\View\dropdown.php on line 34
[19-Sep-2023 15:19:21 Asia/Kolkata] PHP Stack trace:
[19-Sep-2023 15:19:21 Asia/Kolkata] PHP   1. {main}() D:\wamp64\www\emsdemo\View\dropdown.php:0
[19-Sep-2023 15:19:21 Asia/Kolkata] PHP Warning:  Undefined variable $selected in D:\wamp64\www\emsdemo\View\dropdown.php on line 34
[19-Sep-2023 15:19:21 Asia/Kolkata] PHP Stack trace:
[19-Sep-2023 15:19:21 Asia/Kolkata] PHP   1. {main}() D:\wamp64\www\emsdemo\View\dropdown.php:0
[19-Sep-2023 15:19:21 Asia/Kolkata] PHP Warning:  Undefined variable $selected in D:\wamp64\www\emsdemo\View\dropdown.php on line 34
[19-Sep-2023 15:19:21 Asia/Kolkata] PHP Stack trace:
[19-Sep-2023 15:19:21 Asia/Kolkata] PHP   1. {main}() D:\wamp64\www\emsdemo\View\dropdown.php:0
[19-Sep-2023 15:19:21 Asia/Kolkata] PHP Warning:  Undefined variable $selected in D:\wamp64\www\emsdemo\View\dropdown.php on line 34
[19-Sep-2023 15:19:21 Asia/Kolkata] PHP Stack trace:
[19-Sep-2023 15:19:21 Asia/Kolkata] PHP   1. {main}() D:\wamp64\www\emsdemo\View\dropdown.php:0
[19-Sep-2023 15:19:21 Asia/Kolkata] PHP Warning:  Undefined variable $selected in D:\wamp64\www\emsdemo\View\dropdown.php on line 34
[19-Sep-2023 15:19:21 Asia/Kolkata] PHP Stack trace:
[19-Sep-2023 15:19:21 Asia/Kolkata] PHP   1. {main}() D:\wamp64\www\emsdemo\View\dropdown.php:0
[19-Sep-2023 15:19:21 Asia/Kolkata] PHP Warning:  Undefined variable $selected in D:\wamp64\www\emsdemo\View\dropdown.php on line 34
[19-Sep-2023 15:19:21 Asia/Kolkata] PHP Stack trace:
[19-Sep-2023 15:19:21 Asia/Kolkata] PHP   1. {main}() D:\wamp64\www\emsdemo\View\dropdown.php:0
[19-Sep-2023 15:19:21 Asia/Kolkata] PHP Warning:  Undefined variable $selected in D:\wamp64\www\emsdemo\View\dropdown.php on line 34
[19-Sep-2023 15:19:21 Asia/Kolkata] PHP Stack trace:
[19-Sep-2023 15:19:21 Asia/Kolkata] PHP   1. {main}() D:\wamp64\www\emsdemo\View\dropdown.php:0
[19-Sep-2023 15:19:21 Asia/Kolkata] PHP Warning:  Undefined variable $selected in D:\wamp64\www\emsdemo\View\dropdown.php on line 34
[19-Sep-2023 15:19:21 Asia/Kolkata] PHP Stack trace:
[19-Sep-2023 15:19:21 Asia/Kolkata] PHP   1. {main}() D:\wamp64\www\emsdemo\View\dropdown.php:0
[19-Sep-2023 15:19:21 Asia/Kolkata] PHP Warning:  Undefined variable $selected in D:\wamp64\www\emsdemo\View\dropdown.php on line 34
[19-Sep-2023 15:19:21 Asia/Kolkata] PHP Stack trace:
[19-Sep-2023 15:19:21 Asia/Kolkata] PHP   1. {main}() D:\wamp64\www\emsdemo\View\dropdown.php:0
[19-Sep-2023 15:19:21 Asia/Kolkata] PHP Warning:  Undefined variable $selected in D:\wamp64\www\emsdemo\View\dropdown.php on line 34
[19-Sep-2023 15:19:21 Asia/Kolkata] PHP Stack trace:
[19-Sep-2023 15:19:21 Asia/Kolkata] PHP   1. {main}() D:\wamp64\www\emsdemo\View\dropdown.php:0
[19-Sep-2023 15:19:21 Asia/Kolkata] PHP Warning:  Undefined variable $selected in D:\wamp64\www\emsdemo\View\dropdown.php on line 34
[19-Sep-2023 15:19:21 Asia/Kolkata] PHP Stack trace:
[19-Sep-2023 15:19:21 Asia/Kolkata] PHP   1. {main}() D:\wamp64\www\emsdemo\View\dropdown.php:0
[19-Sep-2023 15:19:21 Asia/Kolkata] PHP Warning:  Undefined variable $selected in D:\wamp64\www\emsdemo\View\dropdown.php on line 34
[19-Sep-2023 15:19:21 Asia/Kolkata] PHP Stack trace:
[19-Sep-2023 15:19:21 Asia/Kolkata] PHP   1. {main}() D:\wamp64\www\emsdemo\View\dropdown.php:0
[19-Sep-2023 15:19:21 Asia/Kolkata] PHP Warning:  Undefined variable $selected in D:\wamp64\www\emsdemo\View\dropdown.php on line 34
[19-Sep-2023 15:19:21 Asia/Kolkata] PHP Stack trace:
[19-Sep-2023 15:19:21 Asia/Kolkata] PHP   1. {main}() D:\wamp64\www\emsdemo\View\dropdown.php:0
[19-Sep-2023 15:19:21 Asia/Kolkata] PHP Warning:  Undefined variable $selected in D:\wamp64\www\emsdemo\View\dropdown.php on line 34
[19-Sep-2023 15:19:21 Asia/Kolkata] PHP Stack trace:
[19-Sep-2023 15:19:21 Asia/Kolkata] PHP   1. {main}() D:\wamp64\www\emsdemo\View\dropdown.php:0
[19-Sep-2023 15:19:21 Asia/Kolkata] PHP Warning:  Undefined variable $selected in D:\wamp64\www\emsdemo\View\dropdown.php on line 34
[19-Sep-2023 15:19:21 Asia/Kolkata] PHP Stack trace:
[19-Sep-2023 15:19:21 Asia/Kolkata] PHP   1. {main}() D:\wamp64\www\emsdemo\View\dropdown.php:0
[19-Sep-2023 15:19:21 Asia/Kolkata] PHP Warning:  Undefined variable $selected in D:\wamp64\www\emsdemo\View\dropdown.php on line 34
[19-Sep-2023 15:19:21 Asia/Kolkata] PHP Stack trace:
[19-Sep-2023 15:19:21 Asia/Kolkata] PHP   1. {main}() D:\wamp64\www\emsdemo\View\dropdown.php:0
[19-Sep-2023 15:19:21 Asia/Kolkata] PHP Warning:  Undefined variable $selected in D:\wamp64\www\emsdemo\View\dropdown.php on line 34
[19-Sep-2023 15:19:21 Asia/Kolkata] PHP Stack trace:
[19-Sep-2023 15:19:21 Asia/Kolkata] PHP   1. {main}() D:\wamp64\www\emsdemo\View\dropdown.php:0
[19-Sep-2023 15:19:21 Asia/Kolkata] PHP Warning:  Undefined variable $selected in D:\wamp64\www\emsdemo\View\dropdown.php on line 34
[19-Sep-2023 15:19:21 Asia/Kolkata] PHP Stack trace:
[19-Sep-2023 15:19:21 Asia/Kolkata] PHP   1. {main}() D:\wamp64\www\emsdemo\View\dropdown.php:0
[19-Sep-2023 15:19:21 Asia/Kolkata] PHP Warning:  Undefined variable $selected in D:\wamp64\www\emsdemo\View\dropdown.php on line 34
[19-Sep-2023 15:19:21 Asia/Kolkata] PHP Stack trace:
[19-Sep-2023 15:19:21 Asia/Kolkata] PHP   1. {main}() D:\wamp64\www\emsdemo\View\dropdown.php:0
[19-Sep-2023 15:19:21 Asia/Kolkata] PHP Warning:  Undefined variable $selected in D:\wamp64\www\emsdemo\View\dropdown.php on line 34
[19-Sep-2023 15:19:21 Asia/Kolkata] PHP Stack trace:
[19-Sep-2023 15:19:21 Asia/Kolkata] PHP   1. {main}() D:\wamp64\www\emsdemo\View\dropdown.php:0
[19-Sep-2023 15:19:21 Asia/Kolkata] PHP Warning:  Undefined variable $selected in D:\wamp64\www\emsdemo\View\dropdown.php on line 34
[19-Sep-2023 15:19:21 Asia/Kolkata] PHP Stack trace:
[19-Sep-2023 15:19:21 Asia/Kolkata] PHP   1. {main}() D:\wamp64\www\emsdemo\View\dropdown.php:0
[19-Sep-2023 15:19:21 Asia/Kolkata] PHP Warning:  Undefined variable $selected in D:\wamp64\www\emsdemo\View\dropdown.php on line 34
[19-Sep-2023 15:19:21 Asia/Kolkata] PHP Stack trace:
[19-Sep-2023 15:19:21 Asia/Kolkata] PHP   1. {main}() D:\wamp64\www\emsdemo\View\dropdown.php:0
[19-Sep-2023 15:19:21 Asia/Kolkata] PHP Warning:  Undefined variable $selected in D:\wamp64\www\emsdemo\View\dropdown.php on line 34
[19-Sep-2023 15:19:21 Asia/Kolkata] PHP Stack trace:
[19-Sep-2023 15:19:21 Asia/Kolkata] PHP   1. {main}() D:\wamp64\www\emsdemo\View\dropdown.php:0
[19-Sep-2023 15:19:21 Asia/Kolkata] PHP Warning:  Undefined variable $selected in D:\wamp64\www\emsdemo\View\dropdown.php on line 34
[19-Sep-2023 15:19:21 Asia/Kolkata] PHP Stack trace:
[19-Sep-2023 15:19:21 Asia/Kolkata] PHP   1. {main}() D:\wamp64\www\emsdemo\View\dropdown.php:0
[19-Sep-2023 15:19:23 Asia/Kolkata] PHP Warning:  Undefined variable $data in D:\wamp64\www\emsdemo\Controller\autocomplete_employee_active.php on line 16
[19-Sep-2023 15:19:23 Asia/Kolkata] PHP Stack trace:
[19-Sep-2023 15:19:23 Asia/Kolkata] PHP   1. {main}() D:\wamp64\www\emsdemo\Controller\autocomplete_employee_active.php:0
[19-Sep-2023 15:20:32 Asia/Kolkata] PHP Warning:  Undefined array key "EmployeeID" in D:\wamp64\www\emsdemo\View\welcome_mail_template.php on line 16
[19-Sep-2023 15:20:32 Asia/Kolkata] PHP Stack trace:
[19-Sep-2023 15:20:32 Asia/Kolkata] PHP   1. {main}() D:\wamp64\www\emsdemo\View\welcome_mail_template.php:0
