[14-Jan-2023 11:11:48 Asia/Kolkata] PHP Notice:  Undefined index: __user_logid in /var/www/html/erpm/AppCode/nHead.php on line 2
[14-Jan-2023 11:11:51 Asia/Kolkata] PHP Warning:  mysqli_stmt::bind_param(): Number of elements in type definition string doesn't match number of bind variables in /var/www/html/erpm/Controller/ConLog.php on line 464
[14-Jan-2023 11:11:51 Asia/Kolkata] PHP Warning:  Use of undefined constant EMS_CenterName - assumed 'EMS_CenterName' (this will throw an Error in a future version of PHP) in /var/www/html/erpm/Controller/ConLog.php on line 470
[14-Jan-2023 11:11:51 Asia/Kolkata] PHP Warning:  Use of undefined constant EMAIL_HOST - assumed 'EMAIL_HOST' (this will throw an Error in a future version of PHP) in /var/www/html/erpm/Controller/ConLog.php on line 473
[14-Jan-2023 11:11:51 Asia/Kolkata] PHP Warning:  Use of undefined constant EMAIL_AUTH - assumed 'EMAIL_AUTH' (this will throw an Error in a future version of PHP) in /var/www/html/erpm/Controller/ConLog.php on line 474
[14-Jan-2023 11:11:51 Asia/Kolkata] PHP Warning:  Use of undefined constant EMAIL_USER - assumed 'EMAIL_USER' (this will throw an Error in a future version of PHP) in /var/www/html/erpm/Controller/ConLog.php on line 475
[14-Jan-2023 11:11:51 Asia/Kolkata] PHP Warning:  Use of undefined constant EMAIL_PASS - assumed 'EMAIL_PASS' (this will throw an Error in a future version of PHP) in /var/www/html/erpm/Controller/ConLog.php on line 476
[14-Jan-2023 11:11:51 Asia/Kolkata] PHP Warning:  Use of undefined constant EMAIL_SMTPSecure - assumed 'EMAIL_SMTPSecure' (this will throw an Error in a future version of PHP) in /var/www/html/erpm/Controller/ConLog.php on line 477
[14-Jan-2023 11:11:51 Asia/Kolkata] PHP Warning:  Use of undefined constant EMAIL_PORT - assumed 'EMAIL_PORT' (this will throw an Error in a future version of PHP) in /var/www/html/erpm/Controller/ConLog.php on line 478
[14-Jan-2023 11:11:51 Asia/Kolkata] PHP Warning:  Use of undefined constant EMAIL_FROM - assumed 'EMAIL_FROM' (this will throw an Error in a future version of PHP) in /var/www/html/erpm/Controller/ConLog.php on line 479
[14-Jan-2023 11:11:51 Asia/Kolkata] PHP Warning:  Use of undefined constant EMS_CenterName - assumed 'EMS_CenterName' (this will throw an Error in a future version of PHP) in /var/www/html/erpm/Controller/ConLog.php on line 482
[14-Jan-2023 11:11:54 Asia/Kolkata] PHP Notice:  Undefined index: txt_dateFrom in /var/www/html/erpm/View/message-popup.php on line 28
[14-Jan-2023 11:11:54 Asia/Kolkata] PHP Notice:  Undefined index: txt_dateto in /var/www/html/erpm/View/message-popup.php on line 29
[14-Jan-2023 11:13:38 Asia/Kolkata] PHP Notice:  Undefined index: btn_client in /var/www/html/erpm/View/new_client_master.php on line 63
[14-Jan-2023 11:13:38 Asia/Kolkata] PHP Fatal error:  Uncaught Exception: Problem preparing query (CALL add_client_new("aaaaaaa","CE0622945660","3","aaaaaa","CE022030284","CE101620558","CE04159316","asdad","CE03070003","sdfs","sfds","sfdsd","2","2","CE0622945893","2","2","2","CE0622945660","1","CEK122178345")) Incorrect number of arguments for PROCEDURE ems.add_client_new; expected 24, got 21 in /var/www/html/erpm/AppData/Class/MysqliDb.php:1514
Stack trace:
#0 /var/www/html/erpm/AppData/Class/MysqliDb.php(414): MysqliDb->_prepareQuery()
#1 /var/www/html/erpm/View/new_client_master.php(100): MysqliDb->rawQuery()
#2 {main}
  thrown in /var/www/html/erpm/AppData/Class/MysqliDb.php on line 1514
[14-Jan-2023 11:15:03 Asia/Kolkata] PHP Notice:  Undefined index: btn_client in /var/www/html/erpm/View/new_client_master.php on line 63
[14-Jan-2023 11:46:28 Asia/Kolkata] PHP Notice:  Undefined index: __user_logid in /var/www/html/erpm/AppCode/nHead.php on line 2
[14-Jan-2023 11:49:34 Asia/Kolkata] PHP Warning:  mysqli_stmt::bind_param(): Number of elements in type definition string doesn't match number of bind variables in /var/www/html/erpm/Controller/ConLog.php on line 464
[14-Jan-2023 11:49:34 Asia/Kolkata] PHP Warning:  Use of undefined constant EMS_CenterName - assumed 'EMS_CenterName' (this will throw an Error in a future version of PHP) in /var/www/html/erpm/Controller/ConLog.php on line 470
[14-Jan-2023 11:49:34 Asia/Kolkata] PHP Warning:  Use of undefined constant EMAIL_HOST - assumed 'EMAIL_HOST' (this will throw an Error in a future version of PHP) in /var/www/html/erpm/Controller/ConLog.php on line 473
[14-Jan-2023 11:49:34 Asia/Kolkata] PHP Warning:  Use of undefined constant EMAIL_AUTH - assumed 'EMAIL_AUTH' (this will throw an Error in a future version of PHP) in /var/www/html/erpm/Controller/ConLog.php on line 474
[14-Jan-2023 11:49:34 Asia/Kolkata] PHP Warning:  Use of undefined constant EMAIL_USER - assumed 'EMAIL_USER' (this will throw an Error in a future version of PHP) in /var/www/html/erpm/Controller/ConLog.php on line 475
[14-Jan-2023 11:49:34 Asia/Kolkata] PHP Warning:  Use of undefined constant EMAIL_PASS - assumed 'EMAIL_PASS' (this will throw an Error in a future version of PHP) in /var/www/html/erpm/Controller/ConLog.php on line 476
[14-Jan-2023 11:49:34 Asia/Kolkata] PHP Warning:  Use of undefined constant EMAIL_SMTPSecure - assumed 'EMAIL_SMTPSecure' (this will throw an Error in a future version of PHP) in /var/www/html/erpm/Controller/ConLog.php on line 477
[14-Jan-2023 11:49:34 Asia/Kolkata] PHP Warning:  Use of undefined constant EMAIL_PORT - assumed 'EMAIL_PORT' (this will throw an Error in a future version of PHP) in /var/www/html/erpm/Controller/ConLog.php on line 478
[14-Jan-2023 11:49:34 Asia/Kolkata] PHP Warning:  Use of undefined constant EMAIL_FROM - assumed 'EMAIL_FROM' (this will throw an Error in a future version of PHP) in /var/www/html/erpm/Controller/ConLog.php on line 479
[14-Jan-2023 11:49:34 Asia/Kolkata] PHP Warning:  Use of undefined constant EMS_CenterName - assumed 'EMS_CenterName' (this will throw an Error in a future version of PHP) in /var/www/html/erpm/Controller/ConLog.php on line 482
[14-Jan-2023 11:49:37 Asia/Kolkata] PHP Notice:  Undefined index: txt_dateFrom in /var/www/html/erpm/View/message-popup.php on line 28
[14-Jan-2023 11:49:37 Asia/Kolkata] PHP Notice:  Undefined index: txt_dateto in /var/www/html/erpm/View/message-popup.php on line 29
[14-Jan-2023 11:57:30 Asia/Kolkata] PHP Notice:  Undefined variable: date_From in /var/www/html/erpm/View/bgv_docsend_new.php on line 41
[14-Jan-2023 11:57:30 Asia/Kolkata] PHP Notice:  Undefined variable: htmlresp in /var/www/html/erpm/View/bgv_docsend_new.php on line 671
[14-Jan-2023 11:57:39 Asia/Kolkata] PHP Notice:  Undefined variable: htmlresp in /var/www/html/erpm/View/bgv_docsend_new.php on line 671
[14-Jan-2023 11:57:44 Asia/Kolkata] PHP Warning:  mkdir(): File exists in /var/www/html/erpm/View/bgv_docsend_new.php on line 374
[14-Jan-2023 11:57:44 Asia/Kolkata] PHP Warning:  file_get_contents(https://ems.cogentlab.com/erpm/Meerut/Education/INT092022355480_10th.jpg): failed to open stream: HTTP request failed! HTTP/1.1 404 Not Found
 in /var/www/html/erpm/View/bgv_docsend_new.php on line 378
[14-Jan-2023 11:57:44 Asia/Kolkata] PHP Warning:  file_get_contents(https://ems.cogentlab.com/erpm/Meerut/Education/INT092022355480_12th.jpg): failed to open stream: HTTP request failed! HTTP/1.1 404 Not Found
 in /var/www/html/erpm/View/bgv_docsend_new.php on line 378
[14-Jan-2023 11:57:44 Asia/Kolkata] PHP Warning:  file_get_contents(https://ems.cogentlab.com/erpm/Meerut/Education/INT092022355480_graduation.jpg): failed to open stream: HTTP request failed! HTTP/1.1 404 Not Found
 in /var/www/html/erpm/View/bgv_docsend_new.php on line 378
[14-Jan-2023 11:57:44 Asia/Kolkata] PHP Notice:  Undefined variable: htmlresp in /var/www/html/erpm/View/bgv_docsend_new.php on line 671
