[10-Jan-2023 17:04:31 Asia/Kolkata] PHP Fatal error:  Uncaught Exception: Problem preparing query (select rm.loc_id, rm.new_location, rm.client_id, rm.process, rm.model, rm.current_rate, rm.vh, rm.svh, rm.fte_forcast, rm.fte_plan, rm.rp_plan, rm.fte_commit, rm.rp_commit, rm.fte_actuals, rm.rp_actuals, rm.mnth_year,l.location
						cm.client_name
						from revenue_master as rm left join location_master as l on l.id=rm.loc_id left join client_master as cm on cm.client_id = rm.client_id) You have an error in your SQL syntax; check the manual that corresponds to your MySQL server version for the right syntax to use near '.client_name
						from revenue_master as rm left join location_master as l on ' at line 2 in /var/www/html/erpm/AppData/Class/MysqliDb.php:1514
Stack trace:
#0 /var/www/html/erpm/AppData/Class/MysqliDb.php(414): MysqliDb->_prepareQuery()
#1 /var/www/html/erpm/View/revenue_master.php(421): MysqliDb->rawQuery()
#2 {main}
  thrown in /var/www/html/erpm/AppData/Class/MysqliDb.php on line 1514
[10-Jan-2023 17:20:27 Asia/Kolkata] PHP Notice:  Undefined index: __user_logid in /var/www/html/erpm/AppCode/nHead.php on line 2
[10-Jan-2023 17:27:41 Asia/Kolkata] PHP Notice:  Undefined index: __user_logid in /var/www/html/erpm/AppCode/nHead.php on line 2
[10-Jan-2023 17:27:45 Asia/Kolkata] PHP Warning:  mysqli_stmt::bind_param(): Number of elements in type definition string doesn't match number of bind variables in /var/www/html/erpm/Controller/ConLog.php on line 464
[10-Jan-2023 17:27:45 Asia/Kolkata] PHP Warning:  Use of undefined constant EMS_CenterName - assumed 'EMS_CenterName' (this will throw an Error in a future version of PHP) in /var/www/html/erpm/Controller/ConLog.php on line 470
[10-Jan-2023 17:27:45 Asia/Kolkata] PHP Warning:  Use of undefined constant EMAIL_HOST - assumed 'EMAIL_HOST' (this will throw an Error in a future version of PHP) in /var/www/html/erpm/Controller/ConLog.php on line 473
[10-Jan-2023 17:27:45 Asia/Kolkata] PHP Warning:  Use of undefined constant EMAIL_AUTH - assumed 'EMAIL_AUTH' (this will throw an Error in a future version of PHP) in /var/www/html/erpm/Controller/ConLog.php on line 474
[10-Jan-2023 17:27:45 Asia/Kolkata] PHP Warning:  Use of undefined constant EMAIL_USER - assumed 'EMAIL_USER' (this will throw an Error in a future version of PHP) in /var/www/html/erpm/Controller/ConLog.php on line 475
[10-Jan-2023 17:27:45 Asia/Kolkata] PHP Warning:  Use of undefined constant EMAIL_PASS - assumed 'EMAIL_PASS' (this will throw an Error in a future version of PHP) in /var/www/html/erpm/Controller/ConLog.php on line 476
[10-Jan-2023 17:27:45 Asia/Kolkata] PHP Warning:  Use of undefined constant EMAIL_SMTPSecure - assumed 'EMAIL_SMTPSecure' (this will throw an Error in a future version of PHP) in /var/www/html/erpm/Controller/ConLog.php on line 477
[10-Jan-2023 17:27:45 Asia/Kolkata] PHP Warning:  Use of undefined constant EMAIL_PORT - assumed 'EMAIL_PORT' (this will throw an Error in a future version of PHP) in /var/www/html/erpm/Controller/ConLog.php on line 478
[10-Jan-2023 17:27:45 Asia/Kolkata] PHP Warning:  Use of undefined constant EMAIL_FROM - assumed 'EMAIL_FROM' (this will throw an Error in a future version of PHP) in /var/www/html/erpm/Controller/ConLog.php on line 479
[10-Jan-2023 17:27:45 Asia/Kolkata] PHP Warning:  Use of undefined constant EMS_CenterName - assumed 'EMS_CenterName' (this will throw an Error in a future version of PHP) in /var/www/html/erpm/Controller/ConLog.php on line 482
[10-Jan-2023 17:27:55 Asia/Kolkata] PHP Notice:  Undefined index: travel_date in /var/www/html/erpm/View/expenses.php on line 60
[10-Jan-2023 17:27:55 Asia/Kolkata] PHP Notice:  Undefined index: placeFrom in /var/www/html/erpm/View/expenses.php on line 61
[10-Jan-2023 17:27:55 Asia/Kolkata] PHP Notice:  Undefined index: placeTO in /var/www/html/erpm/View/expenses.php on line 62
[10-Jan-2023 17:27:55 Asia/Kolkata] PHP Notice:  Undefined index: modeOftravel in /var/www/html/erpm/View/expenses.php on line 63
[10-Jan-2023 17:27:55 Asia/Kolkata] PHP Notice:  Undefined index: receipt_no in /var/www/html/erpm/View/expenses.php on line 66
[10-Jan-2023 17:27:55 Asia/Kolkata] PHP Notice:  Undefined index: remarks in /var/www/html/erpm/View/expenses.php on line 68
[10-Jan-2023 17:27:55 Asia/Kolkata] PHP Notice:  Undefined index: returnDate in /var/www/html/erpm/View/expenses.php on line 74
[10-Jan-2023 17:27:55 Asia/Kolkata] PHP Notice:  Undefined index: car_km in /var/www/html/erpm/View/expenses.php on line 75
[10-Jan-2023 17:28:00 Asia/Kolkata] PHP Notice:  Undefined index: travel_date in /var/www/html/erpm/View/expenses.php on line 60
[10-Jan-2023 17:28:00 Asia/Kolkata] PHP Notice:  Undefined index: placeFrom in /var/www/html/erpm/View/expenses.php on line 61
[10-Jan-2023 17:28:00 Asia/Kolkata] PHP Notice:  Undefined index: placeTO in /var/www/html/erpm/View/expenses.php on line 62
[10-Jan-2023 17:28:00 Asia/Kolkata] PHP Notice:  Undefined index: modeOftravel in /var/www/html/erpm/View/expenses.php on line 63
[10-Jan-2023 17:28:00 Asia/Kolkata] PHP Notice:  Undefined index: receipt_no in /var/www/html/erpm/View/expenses.php on line 66
[10-Jan-2023 17:28:00 Asia/Kolkata] PHP Notice:  Undefined index: remarks in /var/www/html/erpm/View/expenses.php on line 68
[10-Jan-2023 17:28:00 Asia/Kolkata] PHP Notice:  Undefined index: returnDate in /var/www/html/erpm/View/expenses.php on line 74
[10-Jan-2023 17:28:00 Asia/Kolkata] PHP Notice:  Undefined index: car_km in /var/www/html/erpm/View/expenses.php on line 75
[10-Jan-2023 17:28:56 Asia/Kolkata] PHP Warning:  move_uploaded_file(/var/www/html/erpm/View/../ExpenseFood/CE03070003_2023-01-10_172856.png): failed to open stream: No such file or directory in /var/www/html/erpm/View/expenses.php on line 35
[10-Jan-2023 17:28:56 Asia/Kolkata] PHP Warning:  move_uploaded_file(): Unable to move '/tmp/phpb9FetW' to '/var/www/html/erpm/View/../ExpenseFood/CE03070003_2023-01-10_172856.png' in /var/www/html/erpm/View/expenses.php on line 35
[10-Jan-2023 17:28:56 Asia/Kolkata] PHP Notice:  Undefined index: travel_date in /var/www/html/erpm/View/expenses.php on line 60
[10-Jan-2023 17:28:56 Asia/Kolkata] PHP Notice:  Undefined index: placeFrom in /var/www/html/erpm/View/expenses.php on line 61
[10-Jan-2023 17:28:56 Asia/Kolkata] PHP Notice:  Undefined index: placeTO in /var/www/html/erpm/View/expenses.php on line 62
[10-Jan-2023 17:28:56 Asia/Kolkata] PHP Notice:  Undefined index: modeOftravel in /var/www/html/erpm/View/expenses.php on line 63
[10-Jan-2023 17:28:56 Asia/Kolkata] PHP Notice:  Undefined index: returnDate in /var/www/html/erpm/View/expenses.php on line 74
[10-Jan-2023 17:28:56 Asia/Kolkata] PHP Notice:  Undefined index: car_km in /var/www/html/erpm/View/expenses.php on line 75
[10-Jan-2023 17:29:03 Asia/Kolkata] PHP Warning:  mysqli_stmt::bind_param(): Number of elements in type definition string doesn't match number of bind variables in /var/www/html/erpm/Controller/ConLog.php on line 464
[10-Jan-2023 17:29:03 Asia/Kolkata] PHP Warning:  Use of undefined constant EMS_CenterName - assumed 'EMS_CenterName' (this will throw an Error in a future version of PHP) in /var/www/html/erpm/Controller/ConLog.php on line 470
[10-Jan-2023 17:29:03 Asia/Kolkata] PHP Warning:  Use of undefined constant EMAIL_HOST - assumed 'EMAIL_HOST' (this will throw an Error in a future version of PHP) in /var/www/html/erpm/Controller/ConLog.php on line 473
[10-Jan-2023 17:29:03 Asia/Kolkata] PHP Warning:  Use of undefined constant EMAIL_AUTH - assumed 'EMAIL_AUTH' (this will throw an Error in a future version of PHP) in /var/www/html/erpm/Controller/ConLog.php on line 474
[10-Jan-2023 17:29:03 Asia/Kolkata] PHP Warning:  Use of undefined constant EMAIL_USER - assumed 'EMAIL_USER' (this will throw an Error in a future version of PHP) in /var/www/html/erpm/Controller/ConLog.php on line 475
[10-Jan-2023 17:29:03 Asia/Kolkata] PHP Warning:  Use of undefined constant EMAIL_PASS - assumed 'EMAIL_PASS' (this will throw an Error in a future version of PHP) in /var/www/html/erpm/Controller/ConLog.php on line 476
[10-Jan-2023 17:29:03 Asia/Kolkata] PHP Warning:  Use of undefined constant EMAIL_SMTPSecure - assumed 'EMAIL_SMTPSecure' (this will throw an Error in a future version of PHP) in /var/www/html/erpm/Controller/ConLog.php on line 477
[10-Jan-2023 17:29:03 Asia/Kolkata] PHP Warning:  Use of undefined constant EMAIL_PORT - assumed 'EMAIL_PORT' (this will throw an Error in a future version of PHP) in /var/www/html/erpm/Controller/ConLog.php on line 478
[10-Jan-2023 17:29:03 Asia/Kolkata] PHP Warning:  Use of undefined constant EMAIL_FROM - assumed 'EMAIL_FROM' (this will throw an Error in a future version of PHP) in /var/www/html/erpm/Controller/ConLog.php on line 479
[10-Jan-2023 17:29:03 Asia/Kolkata] PHP Warning:  Use of undefined constant EMS_CenterName - assumed 'EMS_CenterName' (this will throw an Error in a future version of PHP) in /var/www/html/erpm/Controller/ConLog.php on line 482
[10-Jan-2023 17:29:11 Asia/Kolkata] PHP Notice:  Undefined index: travel_date in /var/www/html/erpm/View/expenses.php on line 60
[10-Jan-2023 17:29:11 Asia/Kolkata] PHP Notice:  Undefined index: placeFrom in /var/www/html/erpm/View/expenses.php on line 61
[10-Jan-2023 17:29:11 Asia/Kolkata] PHP Notice:  Undefined index: placeTO in /var/www/html/erpm/View/expenses.php on line 62
[10-Jan-2023 17:29:11 Asia/Kolkata] PHP Notice:  Undefined index: modeOftravel in /var/www/html/erpm/View/expenses.php on line 63
[10-Jan-2023 17:29:11 Asia/Kolkata] PHP Notice:  Undefined index: returnDate in /var/www/html/erpm/View/expenses.php on line 74
[10-Jan-2023 17:29:11 Asia/Kolkata] PHP Notice:  Undefined index: car_km in /var/www/html/erpm/View/expenses.php on line 75
[10-Jan-2023 17:29:30 Asia/Kolkata] PHP Warning:  move_uploaded_file(/var/www/html/erpm/View/../ExpenseFood/CE03070003_2023-01-10_172930.png): failed to open stream: No such file or directory in /var/www/html/erpm/View/expenses.php on line 35
[10-Jan-2023 17:29:30 Asia/Kolkata] PHP Warning:  move_uploaded_file(): Unable to move '/tmp/phpowUmJL' to '/var/www/html/erpm/View/../ExpenseFood/CE03070003_2023-01-10_172930.png' in /var/www/html/erpm/View/expenses.php on line 35
[10-Jan-2023 17:29:30 Asia/Kolkata] PHP Notice:  Undefined index: travel_date in /var/www/html/erpm/View/expenses.php on line 60
[10-Jan-2023 17:29:30 Asia/Kolkata] PHP Notice:  Undefined index: placeFrom in /var/www/html/erpm/View/expenses.php on line 61
[10-Jan-2023 17:29:30 Asia/Kolkata] PHP Notice:  Undefined index: placeTO in /var/www/html/erpm/View/expenses.php on line 62
[10-Jan-2023 17:29:30 Asia/Kolkata] PHP Notice:  Undefined index: modeOftravel in /var/www/html/erpm/View/expenses.php on line 63
[10-Jan-2023 17:29:30 Asia/Kolkata] PHP Notice:  Undefined index: returnDate in /var/www/html/erpm/View/expenses.php on line 74
[10-Jan-2023 17:29:30 Asia/Kolkata] PHP Notice:  Undefined index: car_km in /var/www/html/erpm/View/expenses.php on line 75
[10-Jan-2023 17:29:49 Asia/Kolkata] PHP Warning:  mysqli_stmt::bind_param(): Number of elements in type definition string doesn't match number of bind variables in /var/www/html/erpm/Controller/ConLog.php on line 464
[10-Jan-2023 17:29:49 Asia/Kolkata] PHP Warning:  Use of undefined constant EMS_CenterName - assumed 'EMS_CenterName' (this will throw an Error in a future version of PHP) in /var/www/html/erpm/Controller/ConLog.php on line 470
[10-Jan-2023 17:29:49 Asia/Kolkata] PHP Warning:  Use of undefined constant EMAIL_HOST - assumed 'EMAIL_HOST' (this will throw an Error in a future version of PHP) in /var/www/html/erpm/Controller/ConLog.php on line 473
[10-Jan-2023 17:29:49 Asia/Kolkata] PHP Warning:  Use of undefined constant EMAIL_AUTH - assumed 'EMAIL_AUTH' (this will throw an Error in a future version of PHP) in /var/www/html/erpm/Controller/ConLog.php on line 474
[10-Jan-2023 17:29:49 Asia/Kolkata] PHP Warning:  Use of undefined constant EMAIL_USER - assumed 'EMAIL_USER' (this will throw an Error in a future version of PHP) in /var/www/html/erpm/Controller/ConLog.php on line 475
[10-Jan-2023 17:29:49 Asia/Kolkata] PHP Warning:  Use of undefined constant EMAIL_PASS - assumed 'EMAIL_PASS' (this will throw an Error in a future version of PHP) in /var/www/html/erpm/Controller/ConLog.php on line 476
[10-Jan-2023 17:29:49 Asia/Kolkata] PHP Warning:  Use of undefined constant EMAIL_SMTPSecure - assumed 'EMAIL_SMTPSecure' (this will throw an Error in a future version of PHP) in /var/www/html/erpm/Controller/ConLog.php on line 477
[10-Jan-2023 17:29:49 Asia/Kolkata] PHP Warning:  Use of undefined constant EMAIL_PORT - assumed 'EMAIL_PORT' (this will throw an Error in a future version of PHP) in /var/www/html/erpm/Controller/ConLog.php on line 478
[10-Jan-2023 17:29:49 Asia/Kolkata] PHP Warning:  Use of undefined constant EMAIL_FROM - assumed 'EMAIL_FROM' (this will throw an Error in a future version of PHP) in /var/www/html/erpm/Controller/ConLog.php on line 479
[10-Jan-2023 17:29:49 Asia/Kolkata] PHP Warning:  Use of undefined constant EMS_CenterName - assumed 'EMS_CenterName' (this will throw an Error in a future version of PHP) in /var/www/html/erpm/Controller/ConLog.php on line 482
[10-Jan-2023 17:30:05 Asia/Kolkata] PHP Warning:  mysqli_stmt::bind_param(): Number of elements in type definition string doesn't match number of bind variables in /var/www/html/erpm/Controller/ConLog.php on line 464
[10-Jan-2023 17:30:07 Asia/Kolkata] PHP Notice:  Trying to access array offset on value of type null in /var/www/html/erpm/View/index.php on line 346
[10-Jan-2023 17:30:09 Asia/Kolkata] PHP Notice:  Undefined index: travel_date in /var/www/html/erpm/View/expenses.php on line 60
[10-Jan-2023 17:30:09 Asia/Kolkata] PHP Notice:  Undefined index: placeFrom in /var/www/html/erpm/View/expenses.php on line 61
[10-Jan-2023 17:30:09 Asia/Kolkata] PHP Notice:  Undefined index: placeTO in /var/www/html/erpm/View/expenses.php on line 62
[10-Jan-2023 17:30:09 Asia/Kolkata] PHP Notice:  Undefined index: modeOftravel in /var/www/html/erpm/View/expenses.php on line 63
[10-Jan-2023 17:30:09 Asia/Kolkata] PHP Notice:  Undefined index: returnDate in /var/www/html/erpm/View/expenses.php on line 74
[10-Jan-2023 17:30:09 Asia/Kolkata] PHP Notice:  Undefined index: car_km in /var/www/html/erpm/View/expenses.php on line 75
[10-Jan-2023 17:31:01 Asia/Kolkata] PHP Warning:  mysqli_stmt::bind_param(): Number of elements in type definition string doesn't match number of bind variables in /var/www/html/erpm/Controller/ConLog.php on line 464
[10-Jan-2023 17:31:01 Asia/Kolkata] PHP Warning:  Use of undefined constant EMS_CenterName - assumed 'EMS_CenterName' (this will throw an Error in a future version of PHP) in /var/www/html/erpm/Controller/ConLog.php on line 470
[10-Jan-2023 17:31:01 Asia/Kolkata] PHP Warning:  Use of undefined constant EMAIL_HOST - assumed 'EMAIL_HOST' (this will throw an Error in a future version of PHP) in /var/www/html/erpm/Controller/ConLog.php on line 473
[10-Jan-2023 17:31:01 Asia/Kolkata] PHP Warning:  Use of undefined constant EMAIL_AUTH - assumed 'EMAIL_AUTH' (this will throw an Error in a future version of PHP) in /var/www/html/erpm/Controller/ConLog.php on line 474
[10-Jan-2023 17:31:01 Asia/Kolkata] PHP Warning:  Use of undefined constant EMAIL_USER - assumed 'EMAIL_USER' (this will throw an Error in a future version of PHP) in /var/www/html/erpm/Controller/ConLog.php on line 475
[10-Jan-2023 17:31:01 Asia/Kolkata] PHP Warning:  Use of undefined constant EMAIL_PASS - assumed 'EMAIL_PASS' (this will throw an Error in a future version of PHP) in /var/www/html/erpm/Controller/ConLog.php on line 476
[10-Jan-2023 17:31:01 Asia/Kolkata] PHP Warning:  Use of undefined constant EMAIL_SMTPSecure - assumed 'EMAIL_SMTPSecure' (this will throw an Error in a future version of PHP) in /var/www/html/erpm/Controller/ConLog.php on line 477
[10-Jan-2023 17:31:01 Asia/Kolkata] PHP Warning:  Use of undefined constant EMAIL_PORT - assumed 'EMAIL_PORT' (this will throw an Error in a future version of PHP) in /var/www/html/erpm/Controller/ConLog.php on line 478
[10-Jan-2023 17:31:01 Asia/Kolkata] PHP Warning:  Use of undefined constant EMAIL_FROM - assumed 'EMAIL_FROM' (this will throw an Error in a future version of PHP) in /var/www/html/erpm/Controller/ConLog.php on line 479
[10-Jan-2023 17:31:01 Asia/Kolkata] PHP Warning:  Use of undefined constant EMS_CenterName - assumed 'EMS_CenterName' (this will throw an Error in a future version of PHP) in /var/www/html/erpm/Controller/ConLog.php on line 482
[10-Jan-2023 17:32:05 Asia/Kolkata] PHP Warning:  mysqli_stmt::bind_param(): Number of elements in type definition string doesn't match number of bind variables in /var/www/html/erpm/Controller/ConLog.php on line 464
[10-Jan-2023 17:32:05 Asia/Kolkata] PHP Warning:  Use of undefined constant EMS_CenterName - assumed 'EMS_CenterName' (this will throw an Error in a future version of PHP) in /var/www/html/erpm/Controller/ConLog.php on line 470
[10-Jan-2023 17:32:05 Asia/Kolkata] PHP Warning:  Use of undefined constant EMAIL_HOST - assumed 'EMAIL_HOST' (this will throw an Error in a future version of PHP) in /var/www/html/erpm/Controller/ConLog.php on line 473
[10-Jan-2023 17:32:05 Asia/Kolkata] PHP Warning:  Use of undefined constant EMAIL_AUTH - assumed 'EMAIL_AUTH' (this will throw an Error in a future version of PHP) in /var/www/html/erpm/Controller/ConLog.php on line 474
[10-Jan-2023 17:32:05 Asia/Kolkata] PHP Warning:  Use of undefined constant EMAIL_USER - assumed 'EMAIL_USER' (this will throw an Error in a future version of PHP) in /var/www/html/erpm/Controller/ConLog.php on line 475
[10-Jan-2023 17:32:05 Asia/Kolkata] PHP Warning:  Use of undefined constant EMAIL_PASS - assumed 'EMAIL_PASS' (this will throw an Error in a future version of PHP) in /var/www/html/erpm/Controller/ConLog.php on line 476
[10-Jan-2023 17:32:05 Asia/Kolkata] PHP Warning:  Use of undefined constant EMAIL_SMTPSecure - assumed 'EMAIL_SMTPSecure' (this will throw an Error in a future version of PHP) in /var/www/html/erpm/Controller/ConLog.php on line 477
[10-Jan-2023 17:32:05 Asia/Kolkata] PHP Warning:  Use of undefined constant EMAIL_PORT - assumed 'EMAIL_PORT' (this will throw an Error in a future version of PHP) in /var/www/html/erpm/Controller/ConLog.php on line 478
[10-Jan-2023 17:32:05 Asia/Kolkata] PHP Warning:  Use of undefined constant EMAIL_FROM - assumed 'EMAIL_FROM' (this will throw an Error in a future version of PHP) in /var/www/html/erpm/Controller/ConLog.php on line 479
[10-Jan-2023 17:32:05 Asia/Kolkata] PHP Warning:  Use of undefined constant EMS_CenterName - assumed 'EMS_CenterName' (this will throw an Error in a future version of PHP) in /var/www/html/erpm/Controller/ConLog.php on line 482
[10-Jan-2023 17:32:19 Asia/Kolkata] PHP Notice:  Undefined index: travel_date in /var/www/html/erpm/View/expenses.php on line 60
[10-Jan-2023 17:32:19 Asia/Kolkata] PHP Notice:  Undefined index: placeFrom in /var/www/html/erpm/View/expenses.php on line 61
[10-Jan-2023 17:32:19 Asia/Kolkata] PHP Notice:  Undefined index: placeTO in /var/www/html/erpm/View/expenses.php on line 62
[10-Jan-2023 17:32:19 Asia/Kolkata] PHP Notice:  Undefined index: modeOftravel in /var/www/html/erpm/View/expenses.php on line 63
[10-Jan-2023 17:32:19 Asia/Kolkata] PHP Notice:  Undefined index: receipt_no in /var/www/html/erpm/View/expenses.php on line 66
[10-Jan-2023 17:32:19 Asia/Kolkata] PHP Notice:  Undefined index: remarks in /var/www/html/erpm/View/expenses.php on line 68
[10-Jan-2023 17:32:19 Asia/Kolkata] PHP Notice:  Undefined index: returnDate in /var/www/html/erpm/View/expenses.php on line 74
[10-Jan-2023 17:32:19 Asia/Kolkata] PHP Notice:  Undefined index: car_km in /var/www/html/erpm/View/expenses.php on line 75
[10-Jan-2023 17:32:24 Asia/Kolkata] PHP Notice:  Undefined index: travel_date in /var/www/html/erpm/View/expenses.php on line 60
[10-Jan-2023 17:32:24 Asia/Kolkata] PHP Notice:  Undefined index: placeFrom in /var/www/html/erpm/View/expenses.php on line 61
[10-Jan-2023 17:32:24 Asia/Kolkata] PHP Notice:  Undefined index: placeTO in /var/www/html/erpm/View/expenses.php on line 62
[10-Jan-2023 17:32:24 Asia/Kolkata] PHP Notice:  Undefined index: modeOftravel in /var/www/html/erpm/View/expenses.php on line 63
[10-Jan-2023 17:32:24 Asia/Kolkata] PHP Notice:  Undefined index: receipt_no in /var/www/html/erpm/View/expenses.php on line 66
[10-Jan-2023 17:32:24 Asia/Kolkata] PHP Notice:  Undefined index: remarks in /var/www/html/erpm/View/expenses.php on line 68
[10-Jan-2023 17:32:24 Asia/Kolkata] PHP Notice:  Undefined index: returnDate in /var/www/html/erpm/View/expenses.php on line 74
[10-Jan-2023 17:32:24 Asia/Kolkata] PHP Notice:  Undefined index: car_km in /var/www/html/erpm/View/expenses.php on line 75
[10-Jan-2023 17:44:15 Asia/Kolkata] PHP Notice:  Undefined index: travel_date in /var/www/html/erpm/View/expenses.php on line 60
[10-Jan-2023 17:44:15 Asia/Kolkata] PHP Notice:  Undefined index: placeFrom in /var/www/html/erpm/View/expenses.php on line 61
[10-Jan-2023 17:44:15 Asia/Kolkata] PHP Notice:  Undefined index: placeTO in /var/www/html/erpm/View/expenses.php on line 62
[10-Jan-2023 17:44:15 Asia/Kolkata] PHP Notice:  Undefined index: modeOftravel in /var/www/html/erpm/View/expenses.php on line 63
[10-Jan-2023 17:44:15 Asia/Kolkata] PHP Notice:  Undefined index: receipt_no in /var/www/html/erpm/View/expenses.php on line 66
[10-Jan-2023 17:44:15 Asia/Kolkata] PHP Notice:  Undefined index: remarks in /var/www/html/erpm/View/expenses.php on line 68
[10-Jan-2023 17:44:15 Asia/Kolkata] PHP Notice:  Undefined index: returnDate in /var/www/html/erpm/View/expenses.php on line 74
[10-Jan-2023 17:44:15 Asia/Kolkata] PHP Notice:  Undefined index: car_km in /var/www/html/erpm/View/expenses.php on line 75
[10-Jan-2023 17:46:41 Asia/Kolkata] PHP Notice:  Undefined variable: locationdir in /var/www/html/erpm/View/EmployeInfo.php on line 160
[10-Jan-2023 17:46:42 Asia/Kolkata] PHP Notice:  Trying to access array offset on value of type int in /var/www/html/erpm/View/EmployeInfo.php on line 879
[10-Jan-2023 17:46:42 Asia/Kolkata] PHP Notice:  Trying to access array offset on value of type int in /var/www/html/erpm/View/EmployeInfo.php on line 879
[10-Jan-2023 17:46:42 Asia/Kolkata] PHP Notice:  Trying to access array offset on value of type int in /var/www/html/erpm/View/EmployeInfo.php on line 879
[10-Jan-2023 17:46:42 Asia/Kolkata] PHP Notice:  Undefined variable: imsrc_rrt in /var/www/html/erpm/View/EmployeInfo.php on line 1356
[10-Jan-2023 17:46:42 Asia/Kolkata] PHP Notice:  Undefined variable: imsrc_rrrt in /var/www/html/erpm/View/EmployeInfo.php on line 1367
[10-Jan-2023 17:47:51 Asia/Kolkata] PHP Notice:  Undefined variable: locationdir in /var/www/html/erpm/View/EmployeInfo.php on line 160
[10-Jan-2023 17:47:51 Asia/Kolkata] PHP Notice:  Trying to access array offset on value of type int in /var/www/html/erpm/View/EmployeInfo.php on line 879
[10-Jan-2023 17:47:51 Asia/Kolkata] PHP Notice:  Trying to access array offset on value of type int in /var/www/html/erpm/View/EmployeInfo.php on line 879
[10-Jan-2023 17:47:51 Asia/Kolkata] PHP Notice:  Trying to access array offset on value of type int in /var/www/html/erpm/View/EmployeInfo.php on line 879
[10-Jan-2023 17:47:51 Asia/Kolkata] PHP Notice:  Undefined variable: imsrc_rrt in /var/www/html/erpm/View/EmployeInfo.php on line 1356
[10-Jan-2023 17:47:51 Asia/Kolkata] PHP Notice:  Undefined variable: imsrc_rrrt in /var/www/html/erpm/View/EmployeInfo.php on line 1367
[10-Jan-2023 17:57:44 Asia/Kolkata] PHP Notice:  Undefined index: __user_logid in /var/www/html/erpm/AppCode/nHead.php on line 2
