[26-Sep-2023 16:26:48 Asia/Kolkata] PHP Notice:  Undefined index: __user_logid in D:\wamp64\www\emsdemo\AppCode\nHead.php on line 2
[26-Sep-2023 16:26:48 Asia/Kolkata] PHP Stack trace:
[26-Sep-2023 16:26:48 Asia/Kolkata] PHP   1. {main}() D:\wamp64\www\emsdemo\View\module_master_new.php:0
[26-Sep-2023 16:26:48 Asia/Kolkata] PHP   2. require() D:\wamp64\www\emsdemo\View\module_master_new.php:9
[26-Sep-2023 16:27:01 Asia/Kolkata] PHP Notice:  Undefined index: __nda_decl in D:\wamp64\www\emsdemo\View\index.php on line 132
[26-Sep-2023 16:27:01 Asia/Kolkata] PHP Stack trace:
[26-Sep-2023 16:27:01 Asia/Kolkata] PHP   1. {main}() D:\wamp64\www\emsdemo\View\index.php:0
[26-Sep-2023 16:27:01 Asia/Kolkata] PHP Notice:  Undefined index: __isms_decl in D:\wamp64\www\emsdemo\View\index.php on line 137
[26-Sep-2023 16:27:01 Asia/Kolkata] PHP Stack trace:
[26-Sep-2023 16:27:01 Asia/Kolkata] PHP   1. {main}() D:\wamp64\www\emsdemo\View\index.php:0
[26-Sep-2023 16:27:01 Asia/Kolkata] PHP Notice:  Undefined index: __asset_decl in D:\wamp64\www\emsdemo\View\index.php on line 141
[26-Sep-2023 16:27:01 Asia/Kolkata] PHP Stack trace:
[26-Sep-2023 16:27:01 Asia/Kolkata] PHP   1. {main}() D:\wamp64\www\emsdemo\View\index.php:0
[26-Sep-2023 16:27:02 Asia/Kolkata] PHP Notice:  Undefined variable: induction_popup_flag in D:\wamp64\www\emsdemo\View\index.php on line 436
[26-Sep-2023 16:27:02 Asia/Kolkata] PHP Stack trace:
[26-Sep-2023 16:27:02 Asia/Kolkata] PHP   1. {main}() D:\wamp64\www\emsdemo\View\index.php:0
[26-Sep-2023 16:27:03 Asia/Kolkata] PHP Notice:  Undefined offset: 0 in D:\wamp64\www\emsdemo\View\index.php on line 495
[26-Sep-2023 16:27:03 Asia/Kolkata] PHP Stack trace:
[26-Sep-2023 16:27:03 Asia/Kolkata] PHP   1. {main}() D:\wamp64\www\emsdemo\View\index.php:0
[26-Sep-2023 16:27:03 Asia/Kolkata] PHP Notice:  Trying to access array offset on value of type null in D:\wamp64\www\emsdemo\View\index.php on line 495
[26-Sep-2023 16:27:03 Asia/Kolkata] PHP Stack trace:
[26-Sep-2023 16:27:03 Asia/Kolkata] PHP   1. {main}() D:\wamp64\www\emsdemo\View\index.php:0
[26-Sep-2023 16:27:03 Asia/Kolkata] PHP Notice:  Undefined index: __AppraisalMonth in D:\wamp64\www\emsdemo\View\index.php on line 528
[26-Sep-2023 16:27:03 Asia/Kolkata] PHP Stack trace:
[26-Sep-2023 16:27:03 Asia/Kolkata] PHP   1. {main}() D:\wamp64\www\emsdemo\View\index.php:0
[26-Sep-2023 16:27:03 Asia/Kolkata] PHP Notice:  Trying to access array offset on value of type null in D:\wamp64\www\emsdemo\View\index.php on line 536
[26-Sep-2023 16:27:03 Asia/Kolkata] PHP Stack trace:
[26-Sep-2023 16:27:03 Asia/Kolkata] PHP   1. {main}() D:\wamp64\www\emsdemo\View\index.php:0
[26-Sep-2023 16:27:06 Asia/Kolkata] PHP Notice:  Undefined variable: induction_popup_flag in D:\wamp64\www\emsdemo\View\index.php on line 1226
[26-Sep-2023 16:27:06 Asia/Kolkata] PHP Stack trace:
[26-Sep-2023 16:27:06 Asia/Kolkata] PHP   1. {main}() D:\wamp64\www\emsdemo\View\index.php:0
[26-Sep-2023 16:27:06 Asia/Kolkata] PHP Notice:  Undefined index: param in D:\wamp64\www\emsdemo\View\index.php on line 1240
[26-Sep-2023 16:27:06 Asia/Kolkata] PHP Stack trace:
[26-Sep-2023 16:27:06 Asia/Kolkata] PHP   1. {main}() D:\wamp64\www\emsdemo\View\index.php:0
[26-Sep-2023 16:27:23 Asia/Kolkata] PHP Deprecated:  Array and string offset access syntax with curly braces is deprecated in D:\wamp64\www\emsdemo\AppData\lib\PHPExcel\Shared\String.php on line 529
[26-Sep-2023 16:27:23 Asia/Kolkata] PHP Stack trace:
[26-Sep-2023 16:27:23 Asia/Kolkata] PHP   1. {main}() D:\wamp64\www\emsdemo\View\module_master_new.php:0
[26-Sep-2023 16:27:23 Asia/Kolkata] PHP   2. require_once() D:\wamp64\www\emsdemo\View\module_master_new.php:10
[26-Sep-2023 16:27:23 Asia/Kolkata] PHP   3. require() D:\wamp64\www\emsdemo\AppData\lib\PHPExcel\IOFactory.php:35
[26-Sep-2023 16:27:23 Asia/Kolkata] PHP   4. spl_autoload_call($class_name = 'PHPExcel_Shared_String') D:\wamp64\www\emsdemo\AppData\lib\PHPExcel\Autoloader.php:36
[26-Sep-2023 16:27:23 Asia/Kolkata] PHP   5. PHPExcel_Autoloader::Load($pClassName = 'PHPExcel_Shared_String') D:\wamp64\www\emsdemo\AppData\lib\PHPExcel\Autoloader.php:36
[26-Sep-2023 16:27:23 Asia/Kolkata] PHP Deprecated:  Array and string offset access syntax with curly braces is deprecated in D:\wamp64\www\emsdemo\AppData\lib\PHPExcel\Shared\String.php on line 530
[26-Sep-2023 16:27:23 Asia/Kolkata] PHP Stack trace:
[26-Sep-2023 16:27:23 Asia/Kolkata] PHP   1. {main}() D:\wamp64\www\emsdemo\View\module_master_new.php:0
[26-Sep-2023 16:27:23 Asia/Kolkata] PHP   2. require_once() D:\wamp64\www\emsdemo\View\module_master_new.php:10
[26-Sep-2023 16:27:23 Asia/Kolkata] PHP   3. require() D:\wamp64\www\emsdemo\AppData\lib\PHPExcel\IOFactory.php:35
[26-Sep-2023 16:27:23 Asia/Kolkata] PHP   4. spl_autoload_call($class_name = 'PHPExcel_Shared_String') D:\wamp64\www\emsdemo\AppData\lib\PHPExcel\Autoloader.php:36
[26-Sep-2023 16:27:23 Asia/Kolkata] PHP   5. PHPExcel_Autoloader::Load($pClassName = 'PHPExcel_Shared_String') D:\wamp64\www\emsdemo\AppData\lib\PHPExcel\Autoloader.php:36
[26-Sep-2023 16:27:23 Asia/Kolkata] PHP Deprecated:  Array and string offset access syntax with curly braces is deprecated in D:\wamp64\www\emsdemo\AppData\lib\PHPExcel\Shared\String.php on line 536
[26-Sep-2023 16:27:23 Asia/Kolkata] PHP Stack trace:
[26-Sep-2023 16:27:23 Asia/Kolkata] PHP   1. {main}() D:\wamp64\www\emsdemo\View\module_master_new.php:0
[26-Sep-2023 16:27:23 Asia/Kolkata] PHP   2. require_once() D:\wamp64\www\emsdemo\View\module_master_new.php:10
[26-Sep-2023 16:27:23 Asia/Kolkata] PHP   3. require() D:\wamp64\www\emsdemo\AppData\lib\PHPExcel\IOFactory.php:35
[26-Sep-2023 16:27:23 Asia/Kolkata] PHP   4. spl_autoload_call($class_name = 'PHPExcel_Shared_String') D:\wamp64\www\emsdemo\AppData\lib\PHPExcel\Autoloader.php:36
[26-Sep-2023 16:27:23 Asia/Kolkata] PHP   5. PHPExcel_Autoloader::Load($pClassName = 'PHPExcel_Shared_String') D:\wamp64\www\emsdemo\AppData\lib\PHPExcel\Autoloader.php:36
[26-Sep-2023 16:27:23 Asia/Kolkata] PHP Deprecated:  Array and string offset access syntax with curly braces is deprecated in D:\wamp64\www\emsdemo\AppData\lib\PHPExcel\Shared\String.php on line 536
[26-Sep-2023 16:27:23 Asia/Kolkata] PHP Stack trace:
[26-Sep-2023 16:27:23 Asia/Kolkata] PHP   1. {main}() D:\wamp64\www\emsdemo\View\module_master_new.php:0
[26-Sep-2023 16:27:23 Asia/Kolkata] PHP   2. require_once() D:\wamp64\www\emsdemo\View\module_master_new.php:10
[26-Sep-2023 16:27:23 Asia/Kolkata] PHP   3. require() D:\wamp64\www\emsdemo\AppData\lib\PHPExcel\IOFactory.php:35
[26-Sep-2023 16:27:23 Asia/Kolkata] PHP   4. spl_autoload_call($class_name = 'PHPExcel_Shared_String') D:\wamp64\www\emsdemo\AppData\lib\PHPExcel\Autoloader.php:36
[26-Sep-2023 16:27:23 Asia/Kolkata] PHP   5. PHPExcel_Autoloader::Load($pClassName = 'PHPExcel_Shared_String') D:\wamp64\www\emsdemo\AppData\lib\PHPExcel\Autoloader.php:36
[26-Sep-2023 16:27:23 Asia/Kolkata] PHP Deprecated:  Array and string offset access syntax with curly braces is deprecated in D:\wamp64\www\emsdemo\AppData\lib\PHPExcel\Shared\String.php on line 537
[26-Sep-2023 16:27:23 Asia/Kolkata] PHP Stack trace:
[26-Sep-2023 16:27:23 Asia/Kolkata] PHP   1. {main}() D:\wamp64\www\emsdemo\View\module_master_new.php:0
[26-Sep-2023 16:27:23 Asia/Kolkata] PHP   2. require_once() D:\wamp64\www\emsdemo\View\module_master_new.php:10
[26-Sep-2023 16:27:23 Asia/Kolkata] PHP   3. require() D:\wamp64\www\emsdemo\AppData\lib\PHPExcel\IOFactory.php:35
[26-Sep-2023 16:27:23 Asia/Kolkata] PHP   4. spl_autoload_call($class_name = 'PHPExcel_Shared_String') D:\wamp64\www\emsdemo\AppData\lib\PHPExcel\Autoloader.php:36
[26-Sep-2023 16:27:23 Asia/Kolkata] PHP   5. PHPExcel_Autoloader::Load($pClassName = 'PHPExcel_Shared_String') D:\wamp64\www\emsdemo\AppData\lib\PHPExcel\Autoloader.php:36
[26-Sep-2023 16:27:23 Asia/Kolkata] PHP Deprecated:  Array and string offset access syntax with curly braces is deprecated in D:\wamp64\www\emsdemo\AppData\lib\PHPExcel\Shared\String.php on line 537
[26-Sep-2023 16:27:23 Asia/Kolkata] PHP Stack trace:
[26-Sep-2023 16:27:23 Asia/Kolkata] PHP   1. {main}() D:\wamp64\www\emsdemo\View\module_master_new.php:0
[26-Sep-2023 16:27:23 Asia/Kolkata] PHP   2. require_once() D:\wamp64\www\emsdemo\View\module_master_new.php:10
[26-Sep-2023 16:27:23 Asia/Kolkata] PHP   3. require() D:\wamp64\www\emsdemo\AppData\lib\PHPExcel\IOFactory.php:35
[26-Sep-2023 16:27:23 Asia/Kolkata] PHP   4. spl_autoload_call($class_name = 'PHPExcel_Shared_String') D:\wamp64\www\emsdemo\AppData\lib\PHPExcel\Autoloader.php:36
[26-Sep-2023 16:27:23 Asia/Kolkata] PHP   5. PHPExcel_Autoloader::Load($pClassName = 'PHPExcel_Shared_String') D:\wamp64\www\emsdemo\AppData\lib\PHPExcel\Autoloader.php:36
[26-Sep-2023 16:27:23 Asia/Kolkata] PHP Notice:  Undefined variable: classvarr in D:\wamp64\www\emsdemo\View\module_master_new.php on line 331
[26-Sep-2023 16:27:23 Asia/Kolkata] PHP Stack trace:
[26-Sep-2023 16:27:23 Asia/Kolkata] PHP   1. {main}() D:\wamp64\www\emsdemo\View\module_master_new.php:0
[26-Sep-2023 16:27:24 Asia/Kolkata] PHP Notice:  Undefined variable: id in D:\wamp64\www\emsdemo\View\module_master_new.php on line 473
[26-Sep-2023 16:27:24 Asia/Kolkata] PHP Stack trace:
[26-Sep-2023 16:27:24 Asia/Kolkata] PHP   1. {main}() D:\wamp64\www\emsdemo\View\module_master_new.php:0
[26-Sep-2023 16:27:41 Asia/Kolkata] PHP Notice:  Undefined variable: data in D:\wamp64\www\emsdemo\Controller\autocomplete_employee_active.php on line 17
[26-Sep-2023 16:27:41 Asia/Kolkata] PHP Stack trace:
[26-Sep-2023 16:27:41 Asia/Kolkata] PHP   1. {main}() D:\wamp64\www\emsdemo\Controller\autocomplete_employee_active.php:0
[26-Sep-2023 16:27:41 Asia/Kolkata] PHP Notice:  Undefined variable: data in D:\wamp64\www\emsdemo\Controller\autocomplete_employee_active.php on line 17
[26-Sep-2023 16:27:41 Asia/Kolkata] PHP Stack trace:
[26-Sep-2023 16:27:41 Asia/Kolkata] PHP   1. {main}() D:\wamp64\www\emsdemo\Controller\autocomplete_employee_active.php:0
[26-Sep-2023 16:27:54 Asia/Kolkata] PHP Notice:  Undefined variable: classvarr in D:\wamp64\www\emsdemo\View\module_master_new.php on line 331
[26-Sep-2023 16:27:54 Asia/Kolkata] PHP Stack trace:
[26-Sep-2023 16:27:54 Asia/Kolkata] PHP   1. {main}() D:\wamp64\www\emsdemo\View\module_master_new.php:0
[26-Sep-2023 16:27:55 Asia/Kolkata] PHP Notice:  Undefined variable: id in D:\wamp64\www\emsdemo\View\module_master_new.php on line 473
[26-Sep-2023 16:27:55 Asia/Kolkata] PHP Stack trace:
[26-Sep-2023 16:27:55 Asia/Kolkata] PHP   1. {main}() D:\wamp64\www\emsdemo\View\module_master_new.php:0
[26-Sep-2023 16:29:30 Asia/Kolkata] PHP Notice:  Undefined variable: classvarr in D:\wamp64\www\emsdemo\View\module_master_new.php on line 331
[26-Sep-2023 16:29:30 Asia/Kolkata] PHP Stack trace:
[26-Sep-2023 16:29:30 Asia/Kolkata] PHP   1. {main}() D:\wamp64\www\emsdemo\View\module_master_new.php:0
[26-Sep-2023 16:29:31 Asia/Kolkata] PHP Notice:  Undefined variable: id in D:\wamp64\www\emsdemo\View\module_master_new.php on line 473
[26-Sep-2023 16:29:31 Asia/Kolkata] PHP Stack trace:
[26-Sep-2023 16:29:31 Asia/Kolkata] PHP   1. {main}() D:\wamp64\www\emsdemo\View\module_master_new.php:0
[26-Sep-2023 16:33:28 Asia/Kolkata] PHP Notice:  Undefined variable: data in D:\wamp64\www\emsdemo\Controller\autocomplete_employee_active.php on line 17
[26-Sep-2023 16:33:28 Asia/Kolkata] PHP Stack trace:
[26-Sep-2023 16:33:28 Asia/Kolkata] PHP   1. {main}() D:\wamp64\www\emsdemo\Controller\autocomplete_employee_active.php:0
[26-Sep-2023 16:33:29 Asia/Kolkata] PHP Notice:  Undefined variable: data in D:\wamp64\www\emsdemo\Controller\autocomplete_employee_active.php on line 17
[26-Sep-2023 16:33:29 Asia/Kolkata] PHP Stack trace:
[26-Sep-2023 16:33:29 Asia/Kolkata] PHP   1. {main}() D:\wamp64\www\emsdemo\Controller\autocomplete_employee_active.php:0
[26-Sep-2023 16:33:30 Asia/Kolkata] PHP Notice:  Undefined variable: data in D:\wamp64\www\emsdemo\Controller\autocomplete_employee_active.php on line 17
[26-Sep-2023 16:33:30 Asia/Kolkata] PHP Stack trace:
[26-Sep-2023 16:33:30 Asia/Kolkata] PHP   1. {main}() D:\wamp64\www\emsdemo\Controller\autocomplete_employee_active.php:0
[26-Sep-2023 16:33:31 Asia/Kolkata] PHP Notice:  Undefined variable: data in D:\wamp64\www\emsdemo\Controller\autocomplete_employee_active.php on line 17
[26-Sep-2023 16:33:31 Asia/Kolkata] PHP Stack trace:
[26-Sep-2023 16:33:31 Asia/Kolkata] PHP   1. {main}() D:\wamp64\www\emsdemo\Controller\autocomplete_employee_active.php:0
[26-Sep-2023 16:33:53 Asia/Kolkata] PHP Notice:  Undefined variable: classvarr in D:\wamp64\www\emsdemo\View\module_master_new.php on line 331
[26-Sep-2023 16:33:53 Asia/Kolkata] PHP Stack trace:
[26-Sep-2023 16:33:53 Asia/Kolkata] PHP   1. {main}() D:\wamp64\www\emsdemo\View\module_master_new.php:0
[26-Sep-2023 16:33:54 Asia/Kolkata] PHP Notice:  Undefined variable: id in D:\wamp64\www\emsdemo\View\module_master_new.php on line 473
[26-Sep-2023 16:33:54 Asia/Kolkata] PHP Stack trace:
[26-Sep-2023 16:33:54 Asia/Kolkata] PHP   1. {main}() D:\wamp64\www\emsdemo\View\module_master_new.php:0
[26-Sep-2023 16:36:03 Asia/Kolkata] PHP Notice:  Undefined variable: data in D:\wamp64\www\emsdemo\Controller\autocomplete_employee_active.php on line 17
[26-Sep-2023 16:36:03 Asia/Kolkata] PHP Stack trace:
[26-Sep-2023 16:36:03 Asia/Kolkata] PHP   1. {main}() D:\wamp64\www\emsdemo\Controller\autocomplete_employee_active.php:0
[26-Sep-2023 16:36:11 Asia/Kolkata] PHP Notice:  Undefined variable: classvarr in D:\wamp64\www\emsdemo\View\module_master_new.php on line 331
[26-Sep-2023 16:36:11 Asia/Kolkata] PHP Stack trace:
[26-Sep-2023 16:36:11 Asia/Kolkata] PHP   1. {main}() D:\wamp64\www\emsdemo\View\module_master_new.php:0
[26-Sep-2023 16:36:11 Asia/Kolkata] PHP Notice:  Undefined variable: id in D:\wamp64\www\emsdemo\View\module_master_new.php on line 473
[26-Sep-2023 16:36:11 Asia/Kolkata] PHP Stack trace:
[26-Sep-2023 16:36:11 Asia/Kolkata] PHP   1. {main}() D:\wamp64\www\emsdemo\View\module_master_new.php:0
