[13-Feb-2023 11:00:43 Asia/Kolkata] PHP Warning:  Undefined array key "to" in C:\wamp64\www\emsdemo\View\calcRange.php on line 42
[13-Feb-2023 11:00:43 Asia/Kolkata] PHP Stack trace:
[13-Feb-2023 11:00:43 Asia/Kolkata] PHP   1. {main}() C:\wamp64\www\emsdemo\View\calcRange.php:0
[13-Feb-2023 11:00:46 Asia/Kolkata] PHP Notice:  Object of class mysqli_result could not be converted to int in C:\wamp64\www\emsdemo\View\calcRange.php on line 412
[13-Feb-2023 11:00:46 Asia/Kolkata] PHP Stack trace:
[13-Feb-2023 11:00:46 Asia/Kolkata] PHP   1. {main}() C:\wamp64\www\emsdemo\View\calcRange.php:0
[13-Feb-2023 11:00:46 Asia/Kolkata] PHP   2. BioMetric->__construct($EmployeeID = 'CE1021940769', $DateFrom = '2023-02-12', $DateTo = '2023-02-12', $Emd_des = 'Executive', $Emp_status = 6, $emp_dod = NULL, $emp_module = '2021-10-21 00:00:00') C:\wamp64\www\emsdemo\View\calcRange.php:2358
[13-Feb-2023 11:00:46 Asia/Kolkata] PHP Warning:  Undefined array key "2023-02-12" in C:\wamp64\www\emsdemo\View\calcRange.php on line 583
[13-Feb-2023 11:00:46 Asia/Kolkata] PHP Stack trace:
[13-Feb-2023 11:00:46 Asia/Kolkata] PHP   1. {main}() C:\wamp64\www\emsdemo\View\calcRange.php:0
[13-Feb-2023 11:00:46 Asia/Kolkata] PHP   2. BioMetric->__construct($EmployeeID = 'CE1021940769', $DateFrom = '2023-02-12', $DateTo = '2023-02-12', $Emd_des = 'Executive', $Emp_status = 6, $emp_dod = NULL, $emp_module = '2021-10-21 00:00:00') C:\wamp64\www\emsdemo\View\calcRange.php:2358
[13-Feb-2023 11:00:46 Asia/Kolkata] PHP   3. BioMetric->__calculation_for_day($__date = '2023-02-12', $__EmpID = 'CE1021940769', $__des = 'Executive', $__status = 6) C:\wamp64\www\emsdemo\View\calcRange.php:558
[13-Feb-2023 11:00:46 Asia/Kolkata] PHP Warning:  Undefined array key "2023-02-12" in C:\wamp64\www\emsdemo\View\calcRange.php on line 932
[13-Feb-2023 11:00:46 Asia/Kolkata] PHP Stack trace:
[13-Feb-2023 11:00:46 Asia/Kolkata] PHP   1. {main}() C:\wamp64\www\emsdemo\View\calcRange.php:0
[13-Feb-2023 11:00:46 Asia/Kolkata] PHP   2. BioMetric->__construct($EmployeeID = 'CE1021940769', $DateFrom = '2023-02-12', $DateTo = '2023-02-12', $Emd_des = 'Executive', $Emp_status = 6, $emp_dod = NULL, $emp_module = '2021-10-21 00:00:00') C:\wamp64\www\emsdemo\View\calcRange.php:2358
[13-Feb-2023 11:00:46 Asia/Kolkata] PHP   3. BioMetric->__calculation_for_day($__date = '2023-02-12', $__EmpID = 'CE1021940769', $__des = 'Executive', $__status = 6) C:\wamp64\www\emsdemo\View\calcRange.php:558
[13-Feb-2023 11:00:46 Asia/Kolkata] PHP Warning:  Undefined array key "2023-02-12" in C:\wamp64\www\emsdemo\View\calcRange.php on line 1225
[13-Feb-2023 11:00:46 Asia/Kolkata] PHP Stack trace:
[13-Feb-2023 11:00:46 Asia/Kolkata] PHP   1. {main}() C:\wamp64\www\emsdemo\View\calcRange.php:0
[13-Feb-2023 11:00:46 Asia/Kolkata] PHP   2. BioMetric->__construct($EmployeeID = 'CE1021940769', $DateFrom = '2023-02-12', $DateTo = '2023-02-12', $Emd_des = 'Executive', $Emp_status = 6, $emp_dod = NULL, $emp_module = '2021-10-21 00:00:00') C:\wamp64\www\emsdemo\View\calcRange.php:2358
[13-Feb-2023 11:00:46 Asia/Kolkata] PHP   3. BioMetric->__calculation_for_day($__date = '2023-02-12', $__EmpID = 'CE1021940769', $__des = 'Executive', $__status = 6) C:\wamp64\www\emsdemo\View\calcRange.php:558
[13-Feb-2023 11:00:47 Asia/Kolkata] PHP Warning:  Array to string conversion in C:\wamp64\www\emsdemo\View\calcRange.php on line 1559
[13-Feb-2023 11:00:47 Asia/Kolkata] PHP Stack trace:
[13-Feb-2023 11:00:47 Asia/Kolkata] PHP   1. {main}() C:\wamp64\www\emsdemo\View\calcRange.php:0
[13-Feb-2023 11:00:47 Asia/Kolkata] PHP   2. BioMetric->__construct($EmployeeID = 'CE1021940769', $DateFrom = '2023-02-12', $DateTo = '2023-02-12', $Emd_des = 'Executive', $Emp_status = 6, $emp_dod = NULL, $emp_module = '2021-10-21 00:00:00') C:\wamp64\www\emsdemo\View\calcRange.php:2358
[13-Feb-2023 11:00:47 Asia/Kolkata] PHP   3. BioMetric->__calculation_for_day($__date = '2023-02-12', $__EmpID = 'CE1021940769', $__des = 'Executive', $__status = 6) C:\wamp64\www\emsdemo\View\calcRange.php:558
[13-Feb-2023 11:01:11 Asia/Kolkata] PHP Warning:  Trying to access array offset on value of type null in C:\wamp64\www\emsdemo\View\index.php on line 356
[13-Feb-2023 11:01:11 Asia/Kolkata] PHP Stack trace:
[13-Feb-2023 11:01:11 Asia/Kolkata] PHP   1. {main}() C:\wamp64\www\emsdemo\View\index.php:0
[13-Feb-2023 11:35:21 Asia/Kolkata] PHP Warning:  Undefined array key "__user_logid" in C:\wamp64\www\emsdemo\AppCode\nHead.php on line 2
[13-Feb-2023 11:35:21 Asia/Kolkata] PHP Stack trace:
[13-Feb-2023 11:35:21 Asia/Kolkata] PHP   1. {main}() C:\wamp64\www\emsdemo\View\ho_list_all.php:0
[13-Feb-2023 11:35:21 Asia/Kolkata] PHP   2. require() C:\wamp64\www\emsdemo\View\ho_list_all.php:9
[13-Feb-2023 11:35:29 Asia/Kolkata] PHP Warning:  Trying to access array offset on value of type null in C:\wamp64\www\emsdemo\View\index.php on line 356
[13-Feb-2023 11:35:29 Asia/Kolkata] PHP Stack trace:
[13-Feb-2023 11:35:29 Asia/Kolkata] PHP   1. {main}() C:\wamp64\www\emsdemo\View\index.php:0
[13-Feb-2023 11:36:07 Asia/Kolkata] PHP Warning:  Undefined array key 1 in C:\wamp64\www\emsdemo\View\check_issue.php on line 44
[13-Feb-2023 11:36:07 Asia/Kolkata] PHP Stack trace:
[13-Feb-2023 11:36:07 Asia/Kolkata] PHP   1. {main}() C:\wamp64\www\emsdemo\View\check_issue.php:0
[13-Feb-2023 11:37:31 Asia/Kolkata] PHP Fatal error:  Uncaught Error: Undefined constant "EMAIL_HOST" in C:\wamp64\www\emsdemo\View\add_issue.php:77
Stack trace:
#0 {main}
  thrown in C:\wamp64\www\emsdemo\View\add_issue.php on line 77
[13-Feb-2023 11:37:57 Asia/Kolkata] PHP Warning:  Trying to access array offset on value of type null in C:\wamp64\www\emsdemo\View\index.php on line 356
[13-Feb-2023 11:37:57 Asia/Kolkata] PHP Stack trace:
[13-Feb-2023 11:37:57 Asia/Kolkata] PHP   1. {main}() C:\wamp64\www\emsdemo\View\index.php:0
[13-Feb-2023 11:40:33 Asia/Kolkata] PHP Warning:  Trying to access array offset on value of type null in C:\wamp64\www\emsdemo\AppCode\nHead.php on line 24
[13-Feb-2023 11:40:33 Asia/Kolkata] PHP Stack trace:
[13-Feb-2023 11:40:33 Asia/Kolkata] PHP   1. {main}() C:\wamp64\www\emsdemo\View\index.php:0
[13-Feb-2023 11:40:33 Asia/Kolkata] PHP   2. require() C:\wamp64\www\emsdemo\View\index.php:14
[13-Feb-2023 11:40:33 Asia/Kolkata] PHP Warning:  Undefined array key "__location" in C:\wamp64\www\emsdemo\AppCode\left_menu.php on line 43
[13-Feb-2023 11:40:33 Asia/Kolkata] PHP Stack trace:
[13-Feb-2023 11:40:33 Asia/Kolkata] PHP   1. {main}() C:\wamp64\www\emsdemo\View\index.php:0
[13-Feb-2023 11:40:33 Asia/Kolkata] PHP   2. require() C:\wamp64\www\emsdemo\View\index.php:14
[13-Feb-2023 11:40:33 Asia/Kolkata] PHP   3. require_once() C:\wamp64\www\emsdemo\AppCode\nHead.php:308
[13-Feb-2023 11:40:33 Asia/Kolkata] PHP Warning:  Undefined array key "__user_logid" in C:\wamp64\www\emsdemo\AppCode\left_menu.php on line 44
[13-Feb-2023 11:40:33 Asia/Kolkata] PHP Stack trace:
[13-Feb-2023 11:40:33 Asia/Kolkata] PHP   1. {main}() C:\wamp64\www\emsdemo\View\index.php:0
[13-Feb-2023 11:40:33 Asia/Kolkata] PHP   2. require() C:\wamp64\www\emsdemo\View\index.php:14
[13-Feb-2023 11:40:33 Asia/Kolkata] PHP   3. require_once() C:\wamp64\www\emsdemo\AppCode\nHead.php:308
[13-Feb-2023 11:40:33 Asia/Kolkata] PHP Warning:  Undefined array key "__user_Name" in C:\wamp64\www\emsdemo\AppCode\left_menu.php on line 45
[13-Feb-2023 11:40:33 Asia/Kolkata] PHP Stack trace:
[13-Feb-2023 11:40:33 Asia/Kolkata] PHP   1. {main}() C:\wamp64\www\emsdemo\View\index.php:0
[13-Feb-2023 11:40:33 Asia/Kolkata] PHP   2. require() C:\wamp64\www\emsdemo\View\index.php:14
[13-Feb-2023 11:40:33 Asia/Kolkata] PHP   3. require_once() C:\wamp64\www\emsdemo\AppCode\nHead.php:308
[13-Feb-2023 11:40:33 Asia/Kolkata] PHP Warning:  Undefined array key "__user_profile" in C:\wamp64\www\emsdemo\AppCode\left_menu.php on line 46
[13-Feb-2023 11:40:33 Asia/Kolkata] PHP Stack trace:
[13-Feb-2023 11:40:33 Asia/Kolkata] PHP   1. {main}() C:\wamp64\www\emsdemo\View\index.php:0
[13-Feb-2023 11:40:33 Asia/Kolkata] PHP   2. require() C:\wamp64\www\emsdemo\View\index.php:14
[13-Feb-2023 11:40:33 Asia/Kolkata] PHP   3. require_once() C:\wamp64\www\emsdemo\AppCode\nHead.php:308
[13-Feb-2023 11:40:33 Asia/Kolkata] PHP Warning:  Undefined array key "__user_type" in C:\wamp64\www\emsdemo\AppCode\left_menu.php on line 47
[13-Feb-2023 11:40:33 Asia/Kolkata] PHP Stack trace:
[13-Feb-2023 11:40:33 Asia/Kolkata] PHP   1. {main}() C:\wamp64\www\emsdemo\View\index.php:0
[13-Feb-2023 11:40:33 Asia/Kolkata] PHP   2. require() C:\wamp64\www\emsdemo\View\index.php:14
[13-Feb-2023 11:40:33 Asia/Kolkata] PHP   3. require_once() C:\wamp64\www\emsdemo\AppCode\nHead.php:308
[13-Feb-2023 11:40:33 Asia/Kolkata] PHP Warning:  Undefined array key "__user_Desg" in C:\wamp64\www\emsdemo\AppCode\left_menu.php on line 48
[13-Feb-2023 11:40:33 Asia/Kolkata] PHP Stack trace:
[13-Feb-2023 11:40:33 Asia/Kolkata] PHP   1. {main}() C:\wamp64\www\emsdemo\View\index.php:0
[13-Feb-2023 11:40:33 Asia/Kolkata] PHP   2. require() C:\wamp64\www\emsdemo\View\index.php:14
[13-Feb-2023 11:40:33 Asia/Kolkata] PHP   3. require_once() C:\wamp64\www\emsdemo\AppCode\nHead.php:308
[13-Feb-2023 11:40:33 Asia/Kolkata] PHP Warning:  Undefined array key "__ut_temp_check" in C:\wamp64\www\emsdemo\AppCode\left_menu.php on line 49
[13-Feb-2023 11:40:33 Asia/Kolkata] PHP Stack trace:
[13-Feb-2023 11:40:33 Asia/Kolkata] PHP   1. {main}() C:\wamp64\www\emsdemo\View\index.php:0
[13-Feb-2023 11:40:33 Asia/Kolkata] PHP   2. require() C:\wamp64\www\emsdemo\View\index.php:14
[13-Feb-2023 11:40:33 Asia/Kolkata] PHP   3. require_once() C:\wamp64\www\emsdemo\AppCode\nHead.php:308
[13-Feb-2023 11:40:33 Asia/Kolkata] PHP Warning:  Undefined array key "__user_Dept" in C:\wamp64\www\emsdemo\AppCode\left_menu.php on line 50
[13-Feb-2023 11:40:33 Asia/Kolkata] PHP Stack trace:
[13-Feb-2023 11:40:33 Asia/Kolkata] PHP   1. {main}() C:\wamp64\www\emsdemo\View\index.php:0
[13-Feb-2023 11:40:33 Asia/Kolkata] PHP   2. require() C:\wamp64\www\emsdemo\View\index.php:14
[13-Feb-2023 11:40:33 Asia/Kolkata] PHP   3. require_once() C:\wamp64\www\emsdemo\AppCode\nHead.php:308
[13-Feb-2023 11:40:33 Asia/Kolkata] PHP Warning:  Undefined array key "__user_process" in C:\wamp64\www\emsdemo\AppCode\left_menu.php on line 51
[13-Feb-2023 11:40:33 Asia/Kolkata] PHP Stack trace:
[13-Feb-2023 11:40:33 Asia/Kolkata] PHP   1. {main}() C:\wamp64\www\emsdemo\View\index.php:0
[13-Feb-2023 11:40:33 Asia/Kolkata] PHP   2. require() C:\wamp64\www\emsdemo\View\index.php:14
[13-Feb-2023 11:40:33 Asia/Kolkata] PHP   3. require_once() C:\wamp64\www\emsdemo\AppCode\nHead.php:308
[13-Feb-2023 11:40:33 Asia/Kolkata] PHP Warning:  Undefined array key "__cm_id" in C:\wamp64\www\emsdemo\AppCode\left_menu.php on line 52
[13-Feb-2023 11:40:33 Asia/Kolkata] PHP Stack trace:
[13-Feb-2023 11:40:33 Asia/Kolkata] PHP   1. {main}() C:\wamp64\www\emsdemo\View\index.php:0
[13-Feb-2023 11:40:33 Asia/Kolkata] PHP   2. require() C:\wamp64\www\emsdemo\View\index.php:14
[13-Feb-2023 11:40:33 Asia/Kolkata] PHP   3. require_once() C:\wamp64\www\emsdemo\AppCode\nHead.php:308
[13-Feb-2023 11:40:33 Asia/Kolkata] PHP Warning:  Undefined array key "__status_th" in C:\wamp64\www\emsdemo\AppCode\left_menu.php on line 53
[13-Feb-2023 11:40:33 Asia/Kolkata] PHP Stack trace:
[13-Feb-2023 11:40:33 Asia/Kolkata] PHP   1. {main}() C:\wamp64\www\emsdemo\View\index.php:0
[13-Feb-2023 11:40:33 Asia/Kolkata] PHP   2. require() C:\wamp64\www\emsdemo\View\index.php:14
[13-Feb-2023 11:40:33 Asia/Kolkata] PHP   3. require_once() C:\wamp64\www\emsdemo\AppCode\nHead.php:308
[13-Feb-2023 11:40:33 Asia/Kolkata] PHP Warning:  Undefined array key "__status_oh" in C:\wamp64\www\emsdemo\AppCode\left_menu.php on line 54
[13-Feb-2023 11:40:33 Asia/Kolkata] PHP Stack trace:
[13-Feb-2023 11:40:33 Asia/Kolkata] PHP   1. {main}() C:\wamp64\www\emsdemo\View\index.php:0
[13-Feb-2023 11:40:33 Asia/Kolkata] PHP   2. require() C:\wamp64\www\emsdemo\View\index.php:14
[13-Feb-2023 11:40:33 Asia/Kolkata] PHP   3. require_once() C:\wamp64\www\emsdemo\AppCode\nHead.php:308
[13-Feb-2023 11:40:33 Asia/Kolkata] PHP Warning:  Undefined array key "__status_qh" in C:\wamp64\www\emsdemo\AppCode\left_menu.php on line 55
[13-Feb-2023 11:40:33 Asia/Kolkata] PHP Stack trace:
[13-Feb-2023 11:40:33 Asia/Kolkata] PHP   1. {main}() C:\wamp64\www\emsdemo\View\index.php:0
[13-Feb-2023 11:40:33 Asia/Kolkata] PHP   2. require() C:\wamp64\www\emsdemo\View\index.php:14
[13-Feb-2023 11:40:33 Asia/Kolkata] PHP   3. require_once() C:\wamp64\www\emsdemo\AppCode\nHead.php:308
[13-Feb-2023 11:40:33 Asia/Kolkata] PHP Warning:  Undefined array key "__status_ah" in C:\wamp64\www\emsdemo\AppCode\left_menu.php on line 56
[13-Feb-2023 11:40:33 Asia/Kolkata] PHP Stack trace:
[13-Feb-2023 11:40:33 Asia/Kolkata] PHP   1. {main}() C:\wamp64\www\emsdemo\View\index.php:0
[13-Feb-2023 11:40:33 Asia/Kolkata] PHP   2. require() C:\wamp64\www\emsdemo\View\index.php:14
[13-Feb-2023 11:40:33 Asia/Kolkata] PHP   3. require_once() C:\wamp64\www\emsdemo\AppCode\nHead.php:308
[13-Feb-2023 11:40:33 Asia/Kolkata] PHP Warning:  Undefined array key "__status_vh" in C:\wamp64\www\emsdemo\AppCode\left_menu.php on line 57
[13-Feb-2023 11:40:33 Asia/Kolkata] PHP Stack trace:
[13-Feb-2023 11:40:33 Asia/Kolkata] PHP   1. {main}() C:\wamp64\www\emsdemo\View\index.php:0
[13-Feb-2023 11:40:33 Asia/Kolkata] PHP   2. require() C:\wamp64\www\emsdemo\View\index.php:14
[13-Feb-2023 11:40:33 Asia/Kolkata] PHP   3. require_once() C:\wamp64\www\emsdemo\AppCode\nHead.php:308
[13-Feb-2023 11:40:33 Asia/Kolkata] PHP Warning:  Undefined array key "__status_rt" in C:\wamp64\www\emsdemo\AppCode\left_menu.php on line 58
[13-Feb-2023 11:40:33 Asia/Kolkata] PHP Stack trace:
[13-Feb-2023 11:40:33 Asia/Kolkata] PHP   1. {main}() C:\wamp64\www\emsdemo\View\index.php:0
[13-Feb-2023 11:40:33 Asia/Kolkata] PHP   2. require() C:\wamp64\www\emsdemo\View\index.php:14
[13-Feb-2023 11:40:33 Asia/Kolkata] PHP   3. require_once() C:\wamp64\www\emsdemo\AppCode\nHead.php:308
[13-Feb-2023 11:40:33 Asia/Kolkata] PHP Warning:  Undefined array key "__user_status" in C:\wamp64\www\emsdemo\AppCode\left_menu.php on line 59
[13-Feb-2023 11:40:33 Asia/Kolkata] PHP Stack trace:
[13-Feb-2023 11:40:33 Asia/Kolkata] PHP   1. {main}() C:\wamp64\www\emsdemo\View\index.php:0
[13-Feb-2023 11:40:33 Asia/Kolkata] PHP   2. require() C:\wamp64\www\emsdemo\View\index.php:14
[13-Feb-2023 11:40:33 Asia/Kolkata] PHP   3. require_once() C:\wamp64\www\emsdemo\AppCode\nHead.php:308
[13-Feb-2023 11:40:33 Asia/Kolkata] PHP Warning:  Undefined array key "__status_er" in C:\wamp64\www\emsdemo\AppCode\left_menu.php on line 60
[13-Feb-2023 11:40:33 Asia/Kolkata] PHP Stack trace:
[13-Feb-2023 11:40:33 Asia/Kolkata] PHP   1. {main}() C:\wamp64\www\emsdemo\View\index.php:0
[13-Feb-2023 11:40:33 Asia/Kolkata] PHP   2. require() C:\wamp64\www\emsdemo\View\index.php:14
[13-Feb-2023 11:40:33 Asia/Kolkata] PHP   3. require_once() C:\wamp64\www\emsdemo\AppCode\nHead.php:308
[13-Feb-2023 11:40:33 Asia/Kolkata] PHP Warning:  Undefined array key "__gender" in C:\wamp64\www\emsdemo\AppCode\left_menu.php on line 61
[13-Feb-2023 11:40:33 Asia/Kolkata] PHP Stack trace:
[13-Feb-2023 11:40:33 Asia/Kolkata] PHP   1. {main}() C:\wamp64\www\emsdemo\View\index.php:0
[13-Feb-2023 11:40:33 Asia/Kolkata] PHP   2. require() C:\wamp64\www\emsdemo\View\index.php:14
[13-Feb-2023 11:40:33 Asia/Kolkata] PHP   3. require_once() C:\wamp64\www\emsdemo\AppCode\nHead.php:308
[13-Feb-2023 11:40:33 Asia/Kolkata] PHP Warning:  Undefined array key "__status_tr" in C:\wamp64\www\emsdemo\AppCode\left_menu.php on line 62
[13-Feb-2023 11:40:33 Asia/Kolkata] PHP Stack trace:
[13-Feb-2023 11:40:33 Asia/Kolkata] PHP   1. {main}() C:\wamp64\www\emsdemo\View\index.php:0
[13-Feb-2023 11:40:33 Asia/Kolkata] PHP   2. require() C:\wamp64\www\emsdemo\View\index.php:14
[13-Feb-2023 11:40:33 Asia/Kolkata] PHP   3. require_once() C:\wamp64\www\emsdemo\AppCode\nHead.php:308
[13-Feb-2023 11:40:33 Asia/Kolkata] PHP Warning:  Undefined array key "__status_qa" in C:\wamp64\www\emsdemo\AppCode\left_menu.php on line 63
[13-Feb-2023 11:40:33 Asia/Kolkata] PHP Stack trace:
[13-Feb-2023 11:40:33 Asia/Kolkata] PHP   1. {main}() C:\wamp64\www\emsdemo\View\index.php:0
[13-Feb-2023 11:40:33 Asia/Kolkata] PHP   2. require() C:\wamp64\www\emsdemo\View\index.php:14
[13-Feb-2023 11:40:33 Asia/Kolkata] PHP   3. require_once() C:\wamp64\www\emsdemo\AppCode\nHead.php:308
[13-Feb-2023 11:40:33 Asia/Kolkata] PHP Warning:  Undefined array key "__user_client_ID" in C:\wamp64\www\emsdemo\AppCode\left_menu.php on line 64
[13-Feb-2023 11:40:33 Asia/Kolkata] PHP Stack trace:
[13-Feb-2023 11:40:33 Asia/Kolkata] PHP   1. {main}() C:\wamp64\www\emsdemo\View\index.php:0
[13-Feb-2023 11:40:33 Asia/Kolkata] PHP   2. require() C:\wamp64\www\emsdemo\View\index.php:14
[13-Feb-2023 11:40:33 Asia/Kolkata] PHP   3. require_once() C:\wamp64\www\emsdemo\AppCode\nHead.php:308
[13-Feb-2023 11:40:33 Asia/Kolkata] PHP Warning:  Undefined array key "reviewer" in C:\wamp64\www\emsdemo\AppCode\left_menu.php on line 3771
[13-Feb-2023 11:40:33 Asia/Kolkata] PHP Stack trace:
[13-Feb-2023 11:40:33 Asia/Kolkata] PHP   1. {main}() C:\wamp64\www\emsdemo\View\index.php:0
[13-Feb-2023 11:40:33 Asia/Kolkata] PHP   2. require() C:\wamp64\www\emsdemo\View\index.php:14
[13-Feb-2023 11:40:33 Asia/Kolkata] PHP   3. require_once() C:\wamp64\www\emsdemo\AppCode\nHead.php:308
[13-Feb-2023 11:40:33 Asia/Kolkata] PHP Warning:  Undefined array key "approver" in C:\wamp64\www\emsdemo\AppCode\left_menu.php on line 3779
[13-Feb-2023 11:40:33 Asia/Kolkata] PHP Stack trace:
[13-Feb-2023 11:40:33 Asia/Kolkata] PHP   1. {main}() C:\wamp64\www\emsdemo\View\index.php:0
[13-Feb-2023 11:40:33 Asia/Kolkata] PHP   2. require() C:\wamp64\www\emsdemo\View\index.php:14
[13-Feb-2023 11:40:33 Asia/Kolkata] PHP   3. require_once() C:\wamp64\www\emsdemo\AppCode\nHead.php:308
[13-Feb-2023 11:40:33 Asia/Kolkata] PHP Warning:  Undefined array key "reviewer" in C:\wamp64\www\emsdemo\AppCode\left_menu.php on line 3787
[13-Feb-2023 11:40:33 Asia/Kolkata] PHP Stack trace:
[13-Feb-2023 11:40:33 Asia/Kolkata] PHP   1. {main}() C:\wamp64\www\emsdemo\View\index.php:0
[13-Feb-2023 11:40:33 Asia/Kolkata] PHP   2. require() C:\wamp64\www\emsdemo\View\index.php:14
[13-Feb-2023 11:40:33 Asia/Kolkata] PHP   3. require_once() C:\wamp64\www\emsdemo\AppCode\nHead.php:308
[13-Feb-2023 11:40:33 Asia/Kolkata] PHP Warning:  Undefined array key "approver" in C:\wamp64\www\emsdemo\AppCode\left_menu.php on line 3787
[13-Feb-2023 11:40:33 Asia/Kolkata] PHP Stack trace:
[13-Feb-2023 11:40:33 Asia/Kolkata] PHP   1. {main}() C:\wamp64\www\emsdemo\View\index.php:0
[13-Feb-2023 11:40:33 Asia/Kolkata] PHP   2. require() C:\wamp64\www\emsdemo\View\index.php:14
[13-Feb-2023 11:40:33 Asia/Kolkata] PHP   3. require_once() C:\wamp64\www\emsdemo\AppCode\nHead.php:308
[13-Feb-2023 11:40:33 Asia/Kolkata] PHP Warning:  Undefined array key "__Appraisal" in C:\wamp64\www\emsdemo\AppCode\left_menu.php on line 3905
[13-Feb-2023 11:40:33 Asia/Kolkata] PHP Stack trace:
[13-Feb-2023 11:40:33 Asia/Kolkata] PHP   1. {main}() C:\wamp64\www\emsdemo\View\index.php:0
[13-Feb-2023 11:40:33 Asia/Kolkata] PHP   2. require() C:\wamp64\www\emsdemo\View\index.php:14
[13-Feb-2023 11:40:33 Asia/Kolkata] PHP   3. require_once() C:\wamp64\www\emsdemo\AppCode\nHead.php:308
[13-Feb-2023 11:40:33 Asia/Kolkata] PHP Warning:  Undefined array key "__AprRecomender" in C:\wamp64\www\emsdemo\AppCode\left_menu.php on line 3905
[13-Feb-2023 11:40:33 Asia/Kolkata] PHP Stack trace:
[13-Feb-2023 11:40:33 Asia/Kolkata] PHP   1. {main}() C:\wamp64\www\emsdemo\View\index.php:0
[13-Feb-2023 11:40:33 Asia/Kolkata] PHP   2. require() C:\wamp64\www\emsdemo\View\index.php:14
[13-Feb-2023 11:40:33 Asia/Kolkata] PHP   3. require_once() C:\wamp64\www\emsdemo\AppCode\nHead.php:308
[13-Feb-2023 11:40:33 Asia/Kolkata] PHP Warning:  Undefined array key "__AprRecomender" in C:\wamp64\www\emsdemo\AppCode\left_menu.php on line 3905
[13-Feb-2023 11:40:33 Asia/Kolkata] PHP Stack trace:
[13-Feb-2023 11:40:33 Asia/Kolkata] PHP   1. {main}() C:\wamp64\www\emsdemo\View\index.php:0
[13-Feb-2023 11:40:33 Asia/Kolkata] PHP   2. require() C:\wamp64\www\emsdemo\View\index.php:14
[13-Feb-2023 11:40:33 Asia/Kolkata] PHP   3. require_once() C:\wamp64\www\emsdemo\AppCode\nHead.php:308
[13-Feb-2023 11:40:33 Asia/Kolkata] PHP Warning:  Undefined array key "__Appraisal" in C:\wamp64\www\emsdemo\AppCode\left_menu.php on line 3920
[13-Feb-2023 11:40:33 Asia/Kolkata] PHP Stack trace:
[13-Feb-2023 11:40:33 Asia/Kolkata] PHP   1. {main}() C:\wamp64\www\emsdemo\View\index.php:0
[13-Feb-2023 11:40:33 Asia/Kolkata] PHP   2. require() C:\wamp64\www\emsdemo\View\index.php:14
[13-Feb-2023 11:40:33 Asia/Kolkata] PHP   3. require_once() C:\wamp64\www\emsdemo\AppCode\nHead.php:308
[13-Feb-2023 11:40:33 Asia/Kolkata] PHP Warning:  Undefined array key "__AprRecomender" in C:\wamp64\www\emsdemo\AppCode\left_menu.php on line 3941
[13-Feb-2023 11:40:33 Asia/Kolkata] PHP Stack trace:
[13-Feb-2023 11:40:33 Asia/Kolkata] PHP   1. {main}() C:\wamp64\www\emsdemo\View\index.php:0
[13-Feb-2023 11:40:33 Asia/Kolkata] PHP   2. require() C:\wamp64\www\emsdemo\View\index.php:14
[13-Feb-2023 11:40:33 Asia/Kolkata] PHP   3. require_once() C:\wamp64\www\emsdemo\AppCode\nHead.php:308
[13-Feb-2023 11:40:33 Asia/Kolkata] PHP Warning:  Undefined array key "__AprRecomender" in C:\wamp64\www\emsdemo\AppCode\left_menu.php on line 3941
[13-Feb-2023 11:40:33 Asia/Kolkata] PHP Stack trace:
[13-Feb-2023 11:40:33 Asia/Kolkata] PHP   1. {main}() C:\wamp64\www\emsdemo\View\index.php:0
[13-Feb-2023 11:40:33 Asia/Kolkata] PHP   2. require() C:\wamp64\www\emsdemo\View\index.php:14
[13-Feb-2023 11:40:33 Asia/Kolkata] PHP   3. require_once() C:\wamp64\www\emsdemo\AppCode\nHead.php:308
[13-Feb-2023 11:40:33 Asia/Kolkata] PHP Warning:  Undefined array key "__user_client_name" in C:\wamp64\www\emsdemo\AppCode\left_menu.php on line 4273
[13-Feb-2023 11:40:33 Asia/Kolkata] PHP Stack trace:
[13-Feb-2023 11:40:33 Asia/Kolkata] PHP   1. {main}() C:\wamp64\www\emsdemo\View\index.php:0
[13-Feb-2023 11:40:33 Asia/Kolkata] PHP   2. require() C:\wamp64\www\emsdemo\View\index.php:14
[13-Feb-2023 11:40:33 Asia/Kolkata] PHP   3. require_once() C:\wamp64\www\emsdemo\AppCode\nHead.php:308
[13-Feb-2023 11:40:33 Asia/Kolkata] PHP Warning:  Undefined array key "__user_client_name" in C:\wamp64\www\emsdemo\AppCode\left_menu.php on line 4288
[13-Feb-2023 11:40:33 Asia/Kolkata] PHP Stack trace:
[13-Feb-2023 11:40:33 Asia/Kolkata] PHP   1. {main}() C:\wamp64\www\emsdemo\View\index.php:0
[13-Feb-2023 11:40:33 Asia/Kolkata] PHP   2. require() C:\wamp64\www\emsdemo\View\index.php:14
[13-Feb-2023 11:40:33 Asia/Kolkata] PHP   3. require_once() C:\wamp64\www\emsdemo\AppCode\nHead.php:308
[13-Feb-2023 11:40:33 Asia/Kolkata] PHP Warning:  Undefined array key "__user_client_name" in C:\wamp64\www\emsdemo\AppCode\left_menu.php on line 4304
[13-Feb-2023 11:40:33 Asia/Kolkata] PHP Stack trace:
[13-Feb-2023 11:40:33 Asia/Kolkata] PHP   1. {main}() C:\wamp64\www\emsdemo\View\index.php:0
[13-Feb-2023 11:40:33 Asia/Kolkata] PHP   2. require() C:\wamp64\www\emsdemo\View\index.php:14
[13-Feb-2023 11:40:33 Asia/Kolkata] PHP   3. require_once() C:\wamp64\www\emsdemo\AppCode\nHead.php:308
[13-Feb-2023 11:40:33 Asia/Kolkata] PHP Warning:  Undefined array key "__user_status" in C:\wamp64\www\emsdemo\AppCode\left_menu.php on line 4328
[13-Feb-2023 11:40:33 Asia/Kolkata] PHP Stack trace:
[13-Feb-2023 11:40:33 Asia/Kolkata] PHP   1. {main}() C:\wamp64\www\emsdemo\View\index.php:0
[13-Feb-2023 11:40:33 Asia/Kolkata] PHP   2. require() C:\wamp64\www\emsdemo\View\index.php:14
[13-Feb-2023 11:40:33 Asia/Kolkata] PHP   3. require_once() C:\wamp64\www\emsdemo\AppCode\nHead.php:308
[13-Feb-2023 11:40:34 Asia/Kolkata] PHP Warning:  Undefined array key "__status_vh" in C:\wamp64\www\emsdemo\AppCode\left_menu.php on line 4494
[13-Feb-2023 11:40:34 Asia/Kolkata] PHP Stack trace:
[13-Feb-2023 11:40:34 Asia/Kolkata] PHP   1. {main}() C:\wamp64\www\emsdemo\View\index.php:0
[13-Feb-2023 11:40:34 Asia/Kolkata] PHP   2. require() C:\wamp64\www\emsdemo\View\index.php:14
[13-Feb-2023 11:40:34 Asia/Kolkata] PHP   3. require_once() C:\wamp64\www\emsdemo\AppCode\nHead.php:308
[13-Feb-2023 11:40:34 Asia/Kolkata] PHP Warning:  Undefined array key "salEmp" in C:\wamp64\www\emsdemo\AppCode\left_menu.php on line 4590
[13-Feb-2023 11:40:34 Asia/Kolkata] PHP Stack trace:
[13-Feb-2023 11:40:34 Asia/Kolkata] PHP   1. {main}() C:\wamp64\www\emsdemo\View\index.php:0
[13-Feb-2023 11:40:34 Asia/Kolkata] PHP   2. require() C:\wamp64\www\emsdemo\View\index.php:14
[13-Feb-2023 11:40:34 Asia/Kolkata] PHP   3. require_once() C:\wamp64\www\emsdemo\AppCode\nHead.php:308
[13-Feb-2023 11:40:34 Asia/Kolkata] PHP Warning:  Undefined array key "__alert" in C:\wamp64\www\emsdemo\AppCode\nHead.php on line 325
[13-Feb-2023 11:40:34 Asia/Kolkata] PHP Stack trace:
[13-Feb-2023 11:40:34 Asia/Kolkata] PHP   1. {main}() C:\wamp64\www\emsdemo\View\index.php:0
[13-Feb-2023 11:40:34 Asia/Kolkata] PHP   2. require() C:\wamp64\www\emsdemo\View\index.php:14
[13-Feb-2023 11:40:34 Asia/Kolkata] PHP Warning:  Undefined array key "__announce" in C:\wamp64\www\emsdemo\AppCode\nHead.php on line 341
[13-Feb-2023 11:40:34 Asia/Kolkata] PHP Stack trace:
[13-Feb-2023 11:40:34 Asia/Kolkata] PHP   1. {main}() C:\wamp64\www\emsdemo\View\index.php:0
[13-Feb-2023 11:40:34 Asia/Kolkata] PHP   2. require() C:\wamp64\www\emsdemo\View\index.php:14
[13-Feb-2023 11:40:34 Asia/Kolkata] PHP Warning:  Undefined array key "__chatmsg" in C:\wamp64\www\emsdemo\AppCode\nHead.php on line 357
[13-Feb-2023 11:40:34 Asia/Kolkata] PHP Stack trace:
[13-Feb-2023 11:40:34 Asia/Kolkata] PHP   1. {main}() C:\wamp64\www\emsdemo\View\index.php:0
[13-Feb-2023 11:40:34 Asia/Kolkata] PHP   2. require() C:\wamp64\www\emsdemo\View\index.php:14
[13-Feb-2023 11:40:49 Asia/Kolkata] PHP Warning:  Trying to access array offset on value of type null in C:\wamp64\www\emsdemo\AppCode\nHead.php on line 24
[13-Feb-2023 11:40:49 Asia/Kolkata] PHP Stack trace:
[13-Feb-2023 11:40:49 Asia/Kolkata] PHP   1. {main}() C:\wamp64\www\emsdemo\View\index.php:0
[13-Feb-2023 11:40:49 Asia/Kolkata] PHP   2. require() C:\wamp64\www\emsdemo\View\index.php:14
[13-Feb-2023 11:40:49 Asia/Kolkata] PHP Warning:  Undefined array key "__location" in C:\wamp64\www\emsdemo\AppCode\left_menu.php on line 43
[13-Feb-2023 11:40:49 Asia/Kolkata] PHP Stack trace:
[13-Feb-2023 11:40:49 Asia/Kolkata] PHP   1. {main}() C:\wamp64\www\emsdemo\View\index.php:0
[13-Feb-2023 11:40:49 Asia/Kolkata] PHP   2. require() C:\wamp64\www\emsdemo\View\index.php:14
[13-Feb-2023 11:40:49 Asia/Kolkata] PHP   3. require_once() C:\wamp64\www\emsdemo\AppCode\nHead.php:308
[13-Feb-2023 11:40:49 Asia/Kolkata] PHP Warning:  Undefined array key "__user_logid" in C:\wamp64\www\emsdemo\AppCode\left_menu.php on line 44
[13-Feb-2023 11:40:49 Asia/Kolkata] PHP Stack trace:
[13-Feb-2023 11:40:49 Asia/Kolkata] PHP   1. {main}() C:\wamp64\www\emsdemo\View\index.php:0
[13-Feb-2023 11:40:49 Asia/Kolkata] PHP   2. require() C:\wamp64\www\emsdemo\View\index.php:14
[13-Feb-2023 11:40:49 Asia/Kolkata] PHP   3. require_once() C:\wamp64\www\emsdemo\AppCode\nHead.php:308
[13-Feb-2023 11:40:49 Asia/Kolkata] PHP Warning:  Undefined array key "__user_Name" in C:\wamp64\www\emsdemo\AppCode\left_menu.php on line 45
[13-Feb-2023 11:40:49 Asia/Kolkata] PHP Stack trace:
[13-Feb-2023 11:40:49 Asia/Kolkata] PHP   1. {main}() C:\wamp64\www\emsdemo\View\index.php:0
[13-Feb-2023 11:40:49 Asia/Kolkata] PHP   2. require() C:\wamp64\www\emsdemo\View\index.php:14
[13-Feb-2023 11:40:49 Asia/Kolkata] PHP   3. require_once() C:\wamp64\www\emsdemo\AppCode\nHead.php:308
[13-Feb-2023 11:40:49 Asia/Kolkata] PHP Warning:  Undefined array key "__user_profile" in C:\wamp64\www\emsdemo\AppCode\left_menu.php on line 46
[13-Feb-2023 11:40:49 Asia/Kolkata] PHP Stack trace:
[13-Feb-2023 11:40:49 Asia/Kolkata] PHP   1. {main}() C:\wamp64\www\emsdemo\View\index.php:0
[13-Feb-2023 11:40:49 Asia/Kolkata] PHP   2. require() C:\wamp64\www\emsdemo\View\index.php:14
[13-Feb-2023 11:40:49 Asia/Kolkata] PHP   3. require_once() C:\wamp64\www\emsdemo\AppCode\nHead.php:308
[13-Feb-2023 11:40:49 Asia/Kolkata] PHP Warning:  Undefined array key "__user_type" in C:\wamp64\www\emsdemo\AppCode\left_menu.php on line 47
[13-Feb-2023 11:40:49 Asia/Kolkata] PHP Stack trace:
[13-Feb-2023 11:40:49 Asia/Kolkata] PHP   1. {main}() C:\wamp64\www\emsdemo\View\index.php:0
[13-Feb-2023 11:40:49 Asia/Kolkata] PHP   2. require() C:\wamp64\www\emsdemo\View\index.php:14
[13-Feb-2023 11:40:49 Asia/Kolkata] PHP   3. require_once() C:\wamp64\www\emsdemo\AppCode\nHead.php:308
[13-Feb-2023 11:40:49 Asia/Kolkata] PHP Warning:  Undefined array key "__user_Desg" in C:\wamp64\www\emsdemo\AppCode\left_menu.php on line 48
[13-Feb-2023 11:40:49 Asia/Kolkata] PHP Stack trace:
[13-Feb-2023 11:40:49 Asia/Kolkata] PHP   1. {main}() C:\wamp64\www\emsdemo\View\index.php:0
[13-Feb-2023 11:40:49 Asia/Kolkata] PHP   2. require() C:\wamp64\www\emsdemo\View\index.php:14
[13-Feb-2023 11:40:49 Asia/Kolkata] PHP   3. require_once() C:\wamp64\www\emsdemo\AppCode\nHead.php:308
[13-Feb-2023 11:40:49 Asia/Kolkata] PHP Warning:  Undefined array key "__ut_temp_check" in C:\wamp64\www\emsdemo\AppCode\left_menu.php on line 49
[13-Feb-2023 11:40:49 Asia/Kolkata] PHP Stack trace:
[13-Feb-2023 11:40:49 Asia/Kolkata] PHP   1. {main}() C:\wamp64\www\emsdemo\View\index.php:0
[13-Feb-2023 11:40:49 Asia/Kolkata] PHP   2. require() C:\wamp64\www\emsdemo\View\index.php:14
[13-Feb-2023 11:40:49 Asia/Kolkata] PHP   3. require_once() C:\wamp64\www\emsdemo\AppCode\nHead.php:308
[13-Feb-2023 11:40:49 Asia/Kolkata] PHP Warning:  Undefined array key "__user_Dept" in C:\wamp64\www\emsdemo\AppCode\left_menu.php on line 50
[13-Feb-2023 11:40:49 Asia/Kolkata] PHP Stack trace:
[13-Feb-2023 11:40:49 Asia/Kolkata] PHP   1. {main}() C:\wamp64\www\emsdemo\View\index.php:0
[13-Feb-2023 11:40:49 Asia/Kolkata] PHP   2. require() C:\wamp64\www\emsdemo\View\index.php:14
[13-Feb-2023 11:40:49 Asia/Kolkata] PHP   3. require_once() C:\wamp64\www\emsdemo\AppCode\nHead.php:308
[13-Feb-2023 11:40:49 Asia/Kolkata] PHP Warning:  Undefined array key "__user_process" in C:\wamp64\www\emsdemo\AppCode\left_menu.php on line 51
[13-Feb-2023 11:40:49 Asia/Kolkata] PHP Stack trace:
[13-Feb-2023 11:40:49 Asia/Kolkata] PHP   1. {main}() C:\wamp64\www\emsdemo\View\index.php:0
[13-Feb-2023 11:40:49 Asia/Kolkata] PHP   2. require() C:\wamp64\www\emsdemo\View\index.php:14
[13-Feb-2023 11:40:49 Asia/Kolkata] PHP   3. require_once() C:\wamp64\www\emsdemo\AppCode\nHead.php:308
[13-Feb-2023 11:40:49 Asia/Kolkata] PHP Warning:  Undefined array key "__cm_id" in C:\wamp64\www\emsdemo\AppCode\left_menu.php on line 52
[13-Feb-2023 11:40:49 Asia/Kolkata] PHP Stack trace:
[13-Feb-2023 11:40:49 Asia/Kolkata] PHP   1. {main}() C:\wamp64\www\emsdemo\View\index.php:0
[13-Feb-2023 11:40:49 Asia/Kolkata] PHP   2. require() C:\wamp64\www\emsdemo\View\index.php:14
[13-Feb-2023 11:40:49 Asia/Kolkata] PHP   3. require_once() C:\wamp64\www\emsdemo\AppCode\nHead.php:308
[13-Feb-2023 11:40:49 Asia/Kolkata] PHP Warning:  Undefined array key "__status_th" in C:\wamp64\www\emsdemo\AppCode\left_menu.php on line 53
[13-Feb-2023 11:40:49 Asia/Kolkata] PHP Stack trace:
[13-Feb-2023 11:40:49 Asia/Kolkata] PHP   1. {main}() C:\wamp64\www\emsdemo\View\index.php:0
[13-Feb-2023 11:40:49 Asia/Kolkata] PHP   2. require() C:\wamp64\www\emsdemo\View\index.php:14
[13-Feb-2023 11:40:49 Asia/Kolkata] PHP   3. require_once() C:\wamp64\www\emsdemo\AppCode\nHead.php:308
[13-Feb-2023 11:40:49 Asia/Kolkata] PHP Warning:  Undefined array key "__status_oh" in C:\wamp64\www\emsdemo\AppCode\left_menu.php on line 54
[13-Feb-2023 11:40:49 Asia/Kolkata] PHP Stack trace:
[13-Feb-2023 11:40:49 Asia/Kolkata] PHP   1. {main}() C:\wamp64\www\emsdemo\View\index.php:0
[13-Feb-2023 11:40:49 Asia/Kolkata] PHP   2. require() C:\wamp64\www\emsdemo\View\index.php:14
[13-Feb-2023 11:40:49 Asia/Kolkata] PHP   3. require_once() C:\wamp64\www\emsdemo\AppCode\nHead.php:308
[13-Feb-2023 11:40:49 Asia/Kolkata] PHP Warning:  Undefined array key "__status_qh" in C:\wamp64\www\emsdemo\AppCode\left_menu.php on line 55
[13-Feb-2023 11:40:49 Asia/Kolkata] PHP Stack trace:
[13-Feb-2023 11:40:49 Asia/Kolkata] PHP   1. {main}() C:\wamp64\www\emsdemo\View\index.php:0
[13-Feb-2023 11:40:49 Asia/Kolkata] PHP   2. require() C:\wamp64\www\emsdemo\View\index.php:14
[13-Feb-2023 11:40:49 Asia/Kolkata] PHP   3. require_once() C:\wamp64\www\emsdemo\AppCode\nHead.php:308
[13-Feb-2023 11:40:49 Asia/Kolkata] PHP Warning:  Undefined array key "__status_ah" in C:\wamp64\www\emsdemo\AppCode\left_menu.php on line 56
[13-Feb-2023 11:40:49 Asia/Kolkata] PHP Stack trace:
[13-Feb-2023 11:40:49 Asia/Kolkata] PHP   1. {main}() C:\wamp64\www\emsdemo\View\index.php:0
[13-Feb-2023 11:40:49 Asia/Kolkata] PHP   2. require() C:\wamp64\www\emsdemo\View\index.php:14
[13-Feb-2023 11:40:49 Asia/Kolkata] PHP   3. require_once() C:\wamp64\www\emsdemo\AppCode\nHead.php:308
[13-Feb-2023 11:40:49 Asia/Kolkata] PHP Warning:  Undefined array key "__status_vh" in C:\wamp64\www\emsdemo\AppCode\left_menu.php on line 57
[13-Feb-2023 11:40:49 Asia/Kolkata] PHP Stack trace:
[13-Feb-2023 11:40:49 Asia/Kolkata] PHP   1. {main}() C:\wamp64\www\emsdemo\View\index.php:0
[13-Feb-2023 11:40:49 Asia/Kolkata] PHP   2. require() C:\wamp64\www\emsdemo\View\index.php:14
[13-Feb-2023 11:40:49 Asia/Kolkata] PHP   3. require_once() C:\wamp64\www\emsdemo\AppCode\nHead.php:308
[13-Feb-2023 11:40:49 Asia/Kolkata] PHP Warning:  Undefined array key "__status_rt" in C:\wamp64\www\emsdemo\AppCode\left_menu.php on line 58
[13-Feb-2023 11:40:49 Asia/Kolkata] PHP Stack trace:
[13-Feb-2023 11:40:49 Asia/Kolkata] PHP   1. {main}() C:\wamp64\www\emsdemo\View\index.php:0
[13-Feb-2023 11:40:49 Asia/Kolkata] PHP   2. require() C:\wamp64\www\emsdemo\View\index.php:14
[13-Feb-2023 11:40:49 Asia/Kolkata] PHP   3. require_once() C:\wamp64\www\emsdemo\AppCode\nHead.php:308
[13-Feb-2023 11:40:49 Asia/Kolkata] PHP Warning:  Undefined array key "__user_status" in C:\wamp64\www\emsdemo\AppCode\left_menu.php on line 59
[13-Feb-2023 11:40:49 Asia/Kolkata] PHP Stack trace:
[13-Feb-2023 11:40:49 Asia/Kolkata] PHP   1. {main}() C:\wamp64\www\emsdemo\View\index.php:0
[13-Feb-2023 11:40:49 Asia/Kolkata] PHP   2. require() C:\wamp64\www\emsdemo\View\index.php:14
[13-Feb-2023 11:40:49 Asia/Kolkata] PHP   3. require_once() C:\wamp64\www\emsdemo\AppCode\nHead.php:308
[13-Feb-2023 11:40:49 Asia/Kolkata] PHP Warning:  Undefined array key "__status_er" in C:\wamp64\www\emsdemo\AppCode\left_menu.php on line 60
[13-Feb-2023 11:40:49 Asia/Kolkata] PHP Stack trace:
[13-Feb-2023 11:40:49 Asia/Kolkata] PHP   1. {main}() C:\wamp64\www\emsdemo\View\index.php:0
[13-Feb-2023 11:40:49 Asia/Kolkata] PHP   2. require() C:\wamp64\www\emsdemo\View\index.php:14
[13-Feb-2023 11:40:49 Asia/Kolkata] PHP   3. require_once() C:\wamp64\www\emsdemo\AppCode\nHead.php:308
[13-Feb-2023 11:40:49 Asia/Kolkata] PHP Warning:  Undefined array key "__gender" in C:\wamp64\www\emsdemo\AppCode\left_menu.php on line 61
[13-Feb-2023 11:40:49 Asia/Kolkata] PHP Stack trace:
[13-Feb-2023 11:40:49 Asia/Kolkata] PHP   1. {main}() C:\wamp64\www\emsdemo\View\index.php:0
[13-Feb-2023 11:40:49 Asia/Kolkata] PHP   2. require() C:\wamp64\www\emsdemo\View\index.php:14
[13-Feb-2023 11:40:49 Asia/Kolkata] PHP   3. require_once() C:\wamp64\www\emsdemo\AppCode\nHead.php:308
[13-Feb-2023 11:40:49 Asia/Kolkata] PHP Warning:  Undefined array key "__status_tr" in C:\wamp64\www\emsdemo\AppCode\left_menu.php on line 62
[13-Feb-2023 11:40:49 Asia/Kolkata] PHP Stack trace:
[13-Feb-2023 11:40:49 Asia/Kolkata] PHP   1. {main}() C:\wamp64\www\emsdemo\View\index.php:0
[13-Feb-2023 11:40:49 Asia/Kolkata] PHP   2. require() C:\wamp64\www\emsdemo\View\index.php:14
[13-Feb-2023 11:40:49 Asia/Kolkata] PHP   3. require_once() C:\wamp64\www\emsdemo\AppCode\nHead.php:308
[13-Feb-2023 11:41:28 Asia/Kolkata] PHP Warning:  Undefined array key "to" in C:\wamp64\www\emsdemo\View\calcRange.php on line 42
[13-Feb-2023 11:41:28 Asia/Kolkata] PHP Stack trace:
[13-Feb-2023 11:41:28 Asia/Kolkata] PHP   1. {main}() C:\wamp64\www\emsdemo\View\calcRange.php:0
[13-Feb-2023 11:41:30 Asia/Kolkata] PHP Notice:  Object of class mysqli_result could not be converted to int in C:\wamp64\www\emsdemo\View\calcRange.php on line 412
[13-Feb-2023 11:41:30 Asia/Kolkata] PHP Stack trace:
[13-Feb-2023 11:41:30 Asia/Kolkata] PHP   1. {main}() C:\wamp64\www\emsdemo\View\calcRange.php:0
[13-Feb-2023 11:41:30 Asia/Kolkata] PHP   2. BioMetric->__construct($EmployeeID = 'CE1021940881', $DateFrom = '2023-02-12', $DateTo = '2023-02-12', $Emd_des = 'Executive', $Emp_status = 6, $emp_dod = NULL, $emp_module = '2021-10-27 00:00:00') C:\wamp64\www\emsdemo\View\calcRange.php:2358
[13-Feb-2023 11:41:30 Asia/Kolkata] PHP Warning:  Undefined array key "2023-02-12" in C:\wamp64\www\emsdemo\View\calcRange.php on line 583
[13-Feb-2023 11:41:30 Asia/Kolkata] PHP Stack trace:
[13-Feb-2023 11:41:30 Asia/Kolkata] PHP   1. {main}() C:\wamp64\www\emsdemo\View\calcRange.php:0
[13-Feb-2023 11:41:30 Asia/Kolkata] PHP   2. BioMetric->__construct($EmployeeID = 'CE1021940881', $DateFrom = '2023-02-12', $DateTo = '2023-02-12', $Emd_des = 'Executive', $Emp_status = 6, $emp_dod = NULL, $emp_module = '2021-10-27 00:00:00') C:\wamp64\www\emsdemo\View\calcRange.php:2358
[13-Feb-2023 11:41:30 Asia/Kolkata] PHP   3. BioMetric->__calculation_for_day($__date = '2023-02-12', $__EmpID = 'CE1021940881', $__des = 'Executive', $__status = 6) C:\wamp64\www\emsdemo\View\calcRange.php:558
[13-Feb-2023 11:41:30 Asia/Kolkata] PHP Warning:  Undefined array key "2023-02-12" in C:\wamp64\www\emsdemo\View\calcRange.php on line 932
[13-Feb-2023 11:41:30 Asia/Kolkata] PHP Stack trace:
[13-Feb-2023 11:41:30 Asia/Kolkata] PHP   1. {main}() C:\wamp64\www\emsdemo\View\calcRange.php:0
[13-Feb-2023 11:41:30 Asia/Kolkata] PHP   2. BioMetric->__construct($EmployeeID = 'CE1021940881', $DateFrom = '2023-02-12', $DateTo = '2023-02-12', $Emd_des = 'Executive', $Emp_status = 6, $emp_dod = NULL, $emp_module = '2021-10-27 00:00:00') C:\wamp64\www\emsdemo\View\calcRange.php:2358
[13-Feb-2023 11:41:30 Asia/Kolkata] PHP   3. BioMetric->__calculation_for_day($__date = '2023-02-12', $__EmpID = 'CE1021940881', $__des = 'Executive', $__status = 6) C:\wamp64\www\emsdemo\View\calcRange.php:558
[13-Feb-2023 11:41:30 Asia/Kolkata] PHP Warning:  Undefined array key "2023-02-12" in C:\wamp64\www\emsdemo\View\calcRange.php on line 1225
[13-Feb-2023 11:41:30 Asia/Kolkata] PHP Stack trace:
[13-Feb-2023 11:41:30 Asia/Kolkata] PHP   1. {main}() C:\wamp64\www\emsdemo\View\calcRange.php:0
[13-Feb-2023 11:41:30 Asia/Kolkata] PHP   2. BioMetric->__construct($EmployeeID = 'CE1021940881', $DateFrom = '2023-02-12', $DateTo = '2023-02-12', $Emd_des = 'Executive', $Emp_status = 6, $emp_dod = NULL, $emp_module = '2021-10-27 00:00:00') C:\wamp64\www\emsdemo\View\calcRange.php:2358
[13-Feb-2023 11:41:30 Asia/Kolkata] PHP   3. BioMetric->__calculation_for_day($__date = '2023-02-12', $__EmpID = 'CE1021940881', $__des = 'Executive', $__status = 6) C:\wamp64\www\emsdemo\View\calcRange.php:558
[13-Feb-2023 11:41:31 Asia/Kolkata] PHP Warning:  Undefined array key "2023-02-12" in C:\wamp64\www\emsdemo\View\calcRange.php on line 1516
[13-Feb-2023 11:41:31 Asia/Kolkata] PHP Stack trace:
[13-Feb-2023 11:41:31 Asia/Kolkata] PHP   1. {main}() C:\wamp64\www\emsdemo\View\calcRange.php:0
[13-Feb-2023 11:41:31 Asia/Kolkata] PHP   2. BioMetric->__construct($EmployeeID = 'CE1021940881', $DateFrom = '2023-02-12', $DateTo = '2023-02-12', $Emd_des = 'Executive', $Emp_status = 6, $emp_dod = NULL, $emp_module = '2021-10-27 00:00:00') C:\wamp64\www\emsdemo\View\calcRange.php:2358
[13-Feb-2023 11:41:31 Asia/Kolkata] PHP   3. BioMetric->__calculation_for_day($__date = '2023-02-12', $__EmpID = 'CE1021940881', $__des = 'Executive', $__status = 6) C:\wamp64\www\emsdemo\View\calcRange.php:558
[13-Feb-2023 11:41:31 Asia/Kolkata] PHP Warning:  Array to string conversion in C:\wamp64\www\emsdemo\View\calcRange.php on line 1559
[13-Feb-2023 11:41:31 Asia/Kolkata] PHP Stack trace:
[13-Feb-2023 11:41:31 Asia/Kolkata] PHP   1. {main}() C:\wamp64\www\emsdemo\View\calcRange.php:0
[13-Feb-2023 11:41:31 Asia/Kolkata] PHP   2. BioMetric->__construct($EmployeeID = 'CE1021940881', $DateFrom = '2023-02-12', $DateTo = '2023-02-12', $Emd_des = 'Executive', $Emp_status = 6, $emp_dod = NULL, $emp_module = '2021-10-27 00:00:00') C:\wamp64\www\emsdemo\View\calcRange.php:2358
[13-Feb-2023 11:41:31 Asia/Kolkata] PHP   3. BioMetric->__calculation_for_day($__date = '2023-02-12', $__EmpID = 'CE1021940881', $__des = 'Executive', $__status = 6) C:\wamp64\www\emsdemo\View\calcRange.php:558
[13-Feb-2023 11:41:54 Asia/Kolkata] PHP Warning:  Undefined array key "txt_dateFrom" in C:\wamp64\www\emsdemo\View\message-popup.php on line 28
[13-Feb-2023 11:41:54 Asia/Kolkata] PHP Stack trace:
[13-Feb-2023 11:41:54 Asia/Kolkata] PHP   1. {main}() C:\wamp64\www\emsdemo\View\message-popup.php:0
[13-Feb-2023 11:41:54 Asia/Kolkata] PHP Warning:  Undefined array key "txt_dateto" in C:\wamp64\www\emsdemo\View\message-popup.php on line 29
[13-Feb-2023 11:41:54 Asia/Kolkata] PHP Stack trace:
[13-Feb-2023 11:41:54 Asia/Kolkata] PHP   1. {main}() C:\wamp64\www\emsdemo\View\message-popup.php:0
