[30-Jan-2023 10:16:05 Asia/Kolkata] PHP Warning:  Undefined array key "to" in C:\wamp64\www\emsdemo\View\calcRange.php on line 42
[30-Jan-2023 10:16:05 Asia/Kolkata] PHP Stack trace:
[30-Jan-2023 10:16:05 Asia/Kolkata] PHP   1. {main}() C:\wamp64\www\emsdemo\View\calcRange.php:0
[30-Jan-2023 10:16:08 Asia/Kolkata] PHP Notice:  Object of class mysqli_result could not be converted to int in C:\wamp64\www\emsdemo\View\calcRange.php on line 412
[30-Jan-2023 10:16:08 Asia/Kolkata] PHP Stack trace:
[30-Jan-2023 10:16:08 Asia/Kolkata] PHP   1. {main}() C:\wamp64\www\emsdemo\View\calcRange.php:0
[30-Jan-2023 10:16:08 Asia/Kolkata] PHP   2. BioMetric->__construct($EmployeeID = 'CE01145570', $DateFrom = '2023-01-29', $DateTo = '2023-01-29', $Emd_des = 'Manager', $Emp_status = 6, $emp_dod = NULL, $emp_module = '2014-01-07 00:00:00') C:\wamp64\www\emsdemo\View\calcRange.php:2358
[30-Jan-2023 10:16:08 Asia/Kolkata] PHP Warning:  Undefined array key "2023-01-29" in C:\wamp64\www\emsdemo\View\calcRange.php on line 583
[30-Jan-2023 10:16:08 Asia/Kolkata] PHP Stack trace:
[30-Jan-2023 10:16:08 Asia/Kolkata] PHP   1. {main}() C:\wamp64\www\emsdemo\View\calcRange.php:0
[30-Jan-2023 10:16:08 Asia/Kolkata] PHP   2. BioMetric->__construct($EmployeeID = 'CE01145570', $DateFrom = '2023-01-29', $DateTo = '2023-01-29', $Emd_des = 'Manager', $Emp_status = 6, $emp_dod = NULL, $emp_module = '2014-01-07 00:00:00') C:\wamp64\www\emsdemo\View\calcRange.php:2358
[30-Jan-2023 10:16:08 Asia/Kolkata] PHP   3. BioMetric->__calculation_for_day($__date = '2023-01-29', $__EmpID = 'CE01145570', $__des = 'Manager', $__status = 6) C:\wamp64\www\emsdemo\View\calcRange.php:558
[30-Jan-2023 10:16:08 Asia/Kolkata] PHP Warning:  Undefined array key "2023-01-29" in C:\wamp64\www\emsdemo\View\calcRange.php on line 932
[30-Jan-2023 10:16:08 Asia/Kolkata] PHP Stack trace:
[30-Jan-2023 10:16:08 Asia/Kolkata] PHP   1. {main}() C:\wamp64\www\emsdemo\View\calcRange.php:0
[30-Jan-2023 10:16:08 Asia/Kolkata] PHP   2. BioMetric->__construct($EmployeeID = 'CE01145570', $DateFrom = '2023-01-29', $DateTo = '2023-01-29', $Emd_des = 'Manager', $Emp_status = 6, $emp_dod = NULL, $emp_module = '2014-01-07 00:00:00') C:\wamp64\www\emsdemo\View\calcRange.php:2358
[30-Jan-2023 10:16:08 Asia/Kolkata] PHP   3. BioMetric->__calculation_for_day($__date = '2023-01-29', $__EmpID = 'CE01145570', $__des = 'Manager', $__status = 6) C:\wamp64\www\emsdemo\View\calcRange.php:558
[30-Jan-2023 10:16:08 Asia/Kolkata] PHP Warning:  Undefined array key "2023-01-29" in C:\wamp64\www\emsdemo\View\calcRange.php on line 1225
[30-Jan-2023 10:16:08 Asia/Kolkata] PHP Stack trace:
[30-Jan-2023 10:16:08 Asia/Kolkata] PHP   1. {main}() C:\wamp64\www\emsdemo\View\calcRange.php:0
[30-Jan-2023 10:16:08 Asia/Kolkata] PHP   2. BioMetric->__construct($EmployeeID = 'CE01145570', $DateFrom = '2023-01-29', $DateTo = '2023-01-29', $Emd_des = 'Manager', $Emp_status = 6, $emp_dod = NULL, $emp_module = '2014-01-07 00:00:00') C:\wamp64\www\emsdemo\View\calcRange.php:2358
[30-Jan-2023 10:16:08 Asia/Kolkata] PHP   3. BioMetric->__calculation_for_day($__date = '2023-01-29', $__EmpID = 'CE01145570', $__des = 'Manager', $__status = 6) C:\wamp64\www\emsdemo\View\calcRange.php:558
[30-Jan-2023 10:16:10 Asia/Kolkata] PHP Warning:  Array to string conversion in C:\wamp64\www\emsdemo\View\calcRange.php on line 1559
[30-Jan-2023 10:16:10 Asia/Kolkata] PHP Stack trace:
[30-Jan-2023 10:16:10 Asia/Kolkata] PHP   1. {main}() C:\wamp64\www\emsdemo\View\calcRange.php:0
[30-Jan-2023 10:16:10 Asia/Kolkata] PHP   2. BioMetric->__construct($EmployeeID = 'CE01145570', $DateFrom = '2023-01-29', $DateTo = '2023-01-29', $Emd_des = 'Manager', $Emp_status = 6, $emp_dod = NULL, $emp_module = '2014-01-07 00:00:00') C:\wamp64\www\emsdemo\View\calcRange.php:2358
[30-Jan-2023 10:16:10 Asia/Kolkata] PHP   3. BioMetric->__calculation_for_day($__date = '2023-01-29', $__EmpID = 'CE01145570', $__des = 'Manager', $__status = 6) C:\wamp64\www\emsdemo\View\calcRange.php:558
[30-Jan-2023 10:32:58 Asia/Kolkata] PHP Warning:  Trying to access array offset on value of type null in C:\wamp64\www\emsdemo\View\index.php on line 356
[30-Jan-2023 10:32:58 Asia/Kolkata] PHP Stack trace:
[30-Jan-2023 10:32:58 Asia/Kolkata] PHP   1. {main}() C:\wamp64\www\emsdemo\View\index.php:0
