[06-Jan-2023 13:01:53 Asia/Kolkata] PHP Notice:  Undefined index: __user_logid in /var/www/html/erpm/AppCode/nHead.php on line 2
[06-Jan-2023 13:02:18 Asia/Kolkata] PHP Warning:  mysqli_stmt::bind_param(): Number of elements in type definition string doesn't match number of bind variables in /var/www/html/erpm/Controller/ConLog.php on line 464
[06-Jan-2023 13:02:24 Asia/Kolkata] PHP Notice:  Undefined index: req in /var/www/html/erpm/View/add_leave.php on line 412
[06-Jan-2023 13:02:24 Asia/Kolkata] PHP Notice:  Undefined index: req in /var/www/html/erpm/View/add_leave.php on line 416
[06-Jan-2023 13:02:24 Asia/Kolkata] PHP Notice:  Undefined variable: leave_Level in /var/www/html/erpm/View/add_leave.php on line 904
[06-Jan-2023 13:02:28 Asia/Kolkata] PHP Notice:  Undefined index: req in /var/www/html/erpm/View/add_leave.php on line 412
[06-Jan-2023 13:02:28 Asia/Kolkata] PHP Notice:  Undefined index: req in /var/www/html/erpm/View/add_leave.php on line 416
[06-Jan-2023 13:02:28 Asia/Kolkata] PHP Notice:  Undefined variable: leave_Level in /var/www/html/erpm/View/add_leave.php on line 904
[06-Jan-2023 13:02:39 Asia/Kolkata] PHP Notice:  Undefined index: __user_logid in /var/www/html/erpm/AppCode/nHead.php on line 2
[06-Jan-2023 13:02:46 Asia/Kolkata] PHP Notice:  Undefined index: __user_logid in /var/www/html/erpm/AppCode/nHead.php on line 2
[06-Jan-2023 13:02:48 Asia/Kolkata] PHP Warning:  Cannot modify header information - headers already sent by (output started at /var/www/html/erpm/AppCode/head.mpt:15) in /var/www/html/erpm/View/team_msg.php on line 21
[06-Jan-2023 13:03:05 Asia/Kolkata] PHP Warning:  mysqli_stmt::bind_param(): Number of elements in type definition string doesn't match number of bind variables in /var/www/html/erpm/Controller/ConLog.php on line 464
[06-Jan-2023 13:03:05 Asia/Kolkata] PHP Warning:  Use of undefined constant EMS_CenterName - assumed 'EMS_CenterName' (this will throw an Error in a future version of PHP) in /var/www/html/erpm/Controller/ConLog.php on line 470
[06-Jan-2023 13:03:05 Asia/Kolkata] PHP Warning:  Use of undefined constant EMAIL_HOST - assumed 'EMAIL_HOST' (this will throw an Error in a future version of PHP) in /var/www/html/erpm/Controller/ConLog.php on line 473
[06-Jan-2023 13:03:05 Asia/Kolkata] PHP Warning:  Use of undefined constant EMAIL_AUTH - assumed 'EMAIL_AUTH' (this will throw an Error in a future version of PHP) in /var/www/html/erpm/Controller/ConLog.php on line 474
[06-Jan-2023 13:03:05 Asia/Kolkata] PHP Warning:  Use of undefined constant EMAIL_USER - assumed 'EMAIL_USER' (this will throw an Error in a future version of PHP) in /var/www/html/erpm/Controller/ConLog.php on line 475
[06-Jan-2023 13:03:05 Asia/Kolkata] PHP Warning:  Use of undefined constant EMAIL_PASS - assumed 'EMAIL_PASS' (this will throw an Error in a future version of PHP) in /var/www/html/erpm/Controller/ConLog.php on line 476
[06-Jan-2023 13:03:05 Asia/Kolkata] PHP Warning:  Use of undefined constant EMAIL_SMTPSecure - assumed 'EMAIL_SMTPSecure' (this will throw an Error in a future version of PHP) in /var/www/html/erpm/Controller/ConLog.php on line 477
[06-Jan-2023 13:03:05 Asia/Kolkata] PHP Warning:  Use of undefined constant EMAIL_PORT - assumed 'EMAIL_PORT' (this will throw an Error in a future version of PHP) in /var/www/html/erpm/Controller/ConLog.php on line 478
[06-Jan-2023 13:03:05 Asia/Kolkata] PHP Warning:  Use of undefined constant EMAIL_FROM - assumed 'EMAIL_FROM' (this will throw an Error in a future version of PHP) in /var/www/html/erpm/Controller/ConLog.php on line 479
[06-Jan-2023 13:03:05 Asia/Kolkata] PHP Warning:  Use of undefined constant EMS_CenterName - assumed 'EMS_CenterName' (this will throw an Error in a future version of PHP) in /var/www/html/erpm/Controller/ConLog.php on line 482
[06-Jan-2023 13:03:29 Asia/Kolkata] PHP Notice:  Undefined variable: emp_mail in /var/www/html/erpm/View/employee_serach.php on line 347
[06-Jan-2023 13:03:49 Asia/Kolkata] PHP Notice:  Undefined index: location in /var/www/html/erpm/View/save_personal.php on line 27
[06-Jan-2023 13:03:49 Asia/Kolkata] PHP Notice:  Undefined index: txt_Personal_First in /var/www/html/erpm/View/save_personal.php on line 108
[06-Jan-2023 13:03:49 Asia/Kolkata] PHP Notice:  Undefined index: EmployeeID in /var/www/html/erpm/View/save_personal.php on line 109
[06-Jan-2023 13:03:49 Asia/Kolkata] PHP Notice:  Undefined index: intid in /var/www/html/erpm/View/save_personal.php on line 118
[06-Jan-2023 13:04:18 Asia/Kolkata] PHP Warning:  mysqli_stmt::bind_param(): Number of elements in type definition string doesn't match number of bind variables in /var/www/html/erpm/Controller/ConLog.php on line 464
[06-Jan-2023 13:04:35 Asia/Kolkata] PHP Notice:  Undefined index: location in /var/www/html/erpm/View/save_personal.php on line 27
[06-Jan-2023 13:04:35 Asia/Kolkata] PHP Notice:  Undefined index: txt_Personal_First in /var/www/html/erpm/View/save_personal.php on line 108
[06-Jan-2023 13:04:35 Asia/Kolkata] PHP Notice:  Undefined index: EmployeeID in /var/www/html/erpm/View/save_personal.php on line 109
[06-Jan-2023 13:04:35 Asia/Kolkata] PHP Notice:  Undefined index: intid in /var/www/html/erpm/View/save_personal.php on line 118
[06-Jan-2023 13:05:13 Asia/Kolkata] PHP Notice:  Undefined index: __user_logid in /var/www/html/erpm/AppCode/nHead.php on line 2
[06-Jan-2023 13:05:21 Asia/Kolkata] PHP Notice:  Undefined index: __user_logid in /var/www/html/erpm/AppCode/nHead.php on line 2
[06-Jan-2023 13:05:59 Asia/Kolkata] PHP Notice:  Undefined index: __user_logid in /var/www/html/erpm/AppCode/nHead.php on line 2
[06-Jan-2023 13:06:01 Asia/Kolkata] PHP Warning:  mysqli_stmt::bind_param(): Number of elements in type definition string doesn't match number of bind variables in /var/www/html/erpm/Controller/ConLog.php on line 464
[06-Jan-2023 13:06:01 Asia/Kolkata] PHP Warning:  Use of undefined constant EMS_CenterName - assumed 'EMS_CenterName' (this will throw an Error in a future version of PHP) in /var/www/html/erpm/Controller/ConLog.php on line 470
[06-Jan-2023 13:06:01 Asia/Kolkata] PHP Warning:  Use of undefined constant EMAIL_HOST - assumed 'EMAIL_HOST' (this will throw an Error in a future version of PHP) in /var/www/html/erpm/Controller/ConLog.php on line 473
[06-Jan-2023 13:06:01 Asia/Kolkata] PHP Warning:  Use of undefined constant EMAIL_AUTH - assumed 'EMAIL_AUTH' (this will throw an Error in a future version of PHP) in /var/www/html/erpm/Controller/ConLog.php on line 474
[06-Jan-2023 13:06:01 Asia/Kolkata] PHP Warning:  Use of undefined constant EMAIL_USER - assumed 'EMAIL_USER' (this will throw an Error in a future version of PHP) in /var/www/html/erpm/Controller/ConLog.php on line 475
[06-Jan-2023 13:06:01 Asia/Kolkata] PHP Warning:  Use of undefined constant EMAIL_PASS - assumed 'EMAIL_PASS' (this will throw an Error in a future version of PHP) in /var/www/html/erpm/Controller/ConLog.php on line 476
[06-Jan-2023 13:06:01 Asia/Kolkata] PHP Warning:  Use of undefined constant EMAIL_SMTPSecure - assumed 'EMAIL_SMTPSecure' (this will throw an Error in a future version of PHP) in /var/www/html/erpm/Controller/ConLog.php on line 477
[06-Jan-2023 13:06:01 Asia/Kolkata] PHP Warning:  Use of undefined constant EMAIL_PORT - assumed 'EMAIL_PORT' (this will throw an Error in a future version of PHP) in /var/www/html/erpm/Controller/ConLog.php on line 478
[06-Jan-2023 13:06:01 Asia/Kolkata] PHP Warning:  Use of undefined constant EMAIL_FROM - assumed 'EMAIL_FROM' (this will throw an Error in a future version of PHP) in /var/www/html/erpm/Controller/ConLog.php on line 479
[06-Jan-2023 13:06:01 Asia/Kolkata] PHP Warning:  Use of undefined constant EMS_CenterName - assumed 'EMS_CenterName' (this will throw an Error in a future version of PHP) in /var/www/html/erpm/Controller/ConLog.php on line 482
[06-Jan-2023 13:06:15 Asia/Kolkata] PHP Notice:  Undefined variable: stQr in /var/www/html/erpm/View/ohtooh-movement.php on line 515
[06-Jan-2023 13:06:15 Asia/Kolkata] PHP Fatal error:  Uncaught Error: Call to a member function execute() on null in /var/www/html/erpm/View/ohtooh-movement.php:515
Stack trace:
#0 {main}
  thrown in /var/www/html/erpm/View/ohtooh-movement.php on line 515
[06-Jan-2023 13:15:44 Asia/Kolkata] PHP Notice:  Undefined index: from_date in /var/www/html/erpm/View/onlineALreport.php on line 133
[06-Jan-2023 13:16:23 Asia/Kolkata] PHP Notice:  Undefined index: from_date in /var/www/html/erpm/View/onlineALreport.php on line 133
[06-Jan-2023 13:21:59 Asia/Kolkata] PHP Warning:  Cannot modify header information - headers already sent by (output started at /var/www/html/erpm/AppCode/head.mpt:15) in /var/www/html/erpm/View/posh_spoc.php on line 20
[06-Jan-2023 13:27:25 Asia/Kolkata] PHP Warning:  mysqli_stmt::bind_param(): Number of elements in type definition string doesn't match number of bind variables in /var/www/html/erpm/Controller/ConLog.php on line 464
[06-Jan-2023 13:27:27 Asia/Kolkata] PHP Notice:  Trying to access array offset on value of type null in /var/www/html/erpm/View/index.php on line 346
[06-Jan-2023 13:36:38 Asia/Kolkata] PHP Notice:  Undefined index: __user_logid in /var/www/html/erpm/AppCode/nHead.php on line 2
[06-Jan-2023 13:36:40 Asia/Kolkata] PHP Warning:  mysqli_stmt::bind_param(): Number of elements in type definition string doesn't match number of bind variables in /var/www/html/erpm/Controller/ConLog.php on line 464
[06-Jan-2023 13:36:40 Asia/Kolkata] PHP Warning:  Use of undefined constant EMS_CenterName - assumed 'EMS_CenterName' (this will throw an Error in a future version of PHP) in /var/www/html/erpm/Controller/ConLog.php on line 470
[06-Jan-2023 13:36:40 Asia/Kolkata] PHP Warning:  Use of undefined constant EMAIL_HOST - assumed 'EMAIL_HOST' (this will throw an Error in a future version of PHP) in /var/www/html/erpm/Controller/ConLog.php on line 473
[06-Jan-2023 13:36:40 Asia/Kolkata] PHP Warning:  Use of undefined constant EMAIL_AUTH - assumed 'EMAIL_AUTH' (this will throw an Error in a future version of PHP) in /var/www/html/erpm/Controller/ConLog.php on line 474
[06-Jan-2023 13:36:40 Asia/Kolkata] PHP Warning:  Use of undefined constant EMAIL_USER - assumed 'EMAIL_USER' (this will throw an Error in a future version of PHP) in /var/www/html/erpm/Controller/ConLog.php on line 475
[06-Jan-2023 13:36:40 Asia/Kolkata] PHP Warning:  Use of undefined constant EMAIL_PASS - assumed 'EMAIL_PASS' (this will throw an Error in a future version of PHP) in /var/www/html/erpm/Controller/ConLog.php on line 476
[06-Jan-2023 13:36:40 Asia/Kolkata] PHP Warning:  Use of undefined constant EMAIL_SMTPSecure - assumed 'EMAIL_SMTPSecure' (this will throw an Error in a future version of PHP) in /var/www/html/erpm/Controller/ConLog.php on line 477
[06-Jan-2023 13:36:40 Asia/Kolkata] PHP Warning:  Use of undefined constant EMAIL_PORT - assumed 'EMAIL_PORT' (this will throw an Error in a future version of PHP) in /var/www/html/erpm/Controller/ConLog.php on line 478
[06-Jan-2023 13:36:40 Asia/Kolkata] PHP Warning:  Use of undefined constant EMAIL_FROM - assumed 'EMAIL_FROM' (this will throw an Error in a future version of PHP) in /var/www/html/erpm/Controller/ConLog.php on line 479
[06-Jan-2023 13:36:40 Asia/Kolkata] PHP Warning:  Use of undefined constant EMS_CenterName - assumed 'EMS_CenterName' (this will throw an Error in a future version of PHP) in /var/www/html/erpm/Controller/ConLog.php on line 482
[06-Jan-2023 13:38:21 Asia/Kolkata] PHP Notice:  Undefined variable: date_From in /var/www/html/erpm/View/print_IDcard.php on line 114
[06-Jan-2023 13:38:21 Asia/Kolkata] PHP Notice:  Undefined variable: date_To in /var/www/html/erpm/View/print_IDcard.php on line 118
[06-Jan-2023 13:46:53 Asia/Kolkata] PHP Notice:  Trying to access array offset on value of type null in /var/www/html/erpm/View/profilealert.php on line 76
[06-Jan-2023 13:46:53 Asia/Kolkata] PHP Notice:  Trying to access array offset on value of type null in /var/www/html/erpm/View/profilealert.php on line 76
[06-Jan-2023 13:46:53 Asia/Kolkata] PHP Notice:  Trying to access array offset on value of type null in /var/www/html/erpm/View/profilealert.php on line 82
[06-Jan-2023 13:46:53 Asia/Kolkata] PHP Notice:  Trying to access array offset on value of type null in /var/www/html/erpm/View/profilealert.php on line 82
[06-Jan-2023 13:46:53 Asia/Kolkata] PHP Notice:  Trying to access array offset on value of type null in /var/www/html/erpm/View/profilealert.php on line 88
[06-Jan-2023 13:46:53 Asia/Kolkata] PHP Notice:  Trying to access array offset on value of type null in /var/www/html/erpm/View/profilealert.php on line 88
[06-Jan-2023 13:48:11 Asia/Kolkata] PHP Warning:  chr() expects parameter 1 to be int, string given in /var/www/html/erpm/TCPDF/include/tcpdf_fonts.php on line 1671
[06-Jan-2023 13:48:11 Asia/Kolkata] PHP Deprecated:  The each() function is deprecated. This message will be suppressed on further calls in /var/www/html/erpm/TCPDF/tcpdf.php on line 16548
[06-Jan-2023 13:48:11 Asia/Kolkata] PHP Notice:  Undefined index: thead in /var/www/html/erpm/TCPDF/tcpdf.php on line 16504
[06-Jan-2023 13:48:11 Asia/Kolkata] PHP Notice:  Undefined index: trids in /var/www/html/erpm/TCPDF/tcpdf.php on line 19484
[06-Jan-2023 13:48:11 Asia/Kolkata] PHP Warning:  Invalid argument supplied for foreach() in /var/www/html/erpm/TCPDF/tcpdf.php on line 19484
[06-Jan-2023 13:48:11 Asia/Kolkata] PHP Notice:  Undefined index: trids in /var/www/html/erpm/TCPDF/tcpdf.php on line 19513
[06-Jan-2023 13:48:11 Asia/Kolkata] PHP Warning:  count(): Parameter must be an array or an object that implements Countable in /var/www/html/erpm/TCPDF/tcpdf.php on line 19513
[06-Jan-2023 13:48:11 Asia/Kolkata] PHP Notice:  Undefined index: trids in /var/www/html/erpm/TCPDF/tcpdf.php on line 19516
[06-Jan-2023 13:48:11 Asia/Kolkata] PHP Warning:  Invalid argument supplied for foreach() in /var/www/html/erpm/TCPDF/tcpdf.php on line 19516
[06-Jan-2023 13:48:11 Asia/Kolkata] PHP Notice:  Undefined index: old_cell_padding in /var/www/html/erpm/TCPDF/tcpdf.php on line 19726
[06-Jan-2023 13:48:11 Asia/Kolkata] PHP Notice:  Trying to access array offset on value of type null in /var/www/html/erpm/TCPDF/tcpdf.php on line 2430
[06-Jan-2023 13:48:11 Asia/Kolkata] PHP Notice:  Trying to access array offset on value of type null in /var/www/html/erpm/TCPDF/tcpdf.php on line 2430
[06-Jan-2023 13:48:11 Asia/Kolkata] PHP Notice:  Trying to access array offset on value of type null in /var/www/html/erpm/TCPDF/tcpdf.php on line 2430
[06-Jan-2023 13:48:11 Asia/Kolkata] PHP Notice:  Trying to access array offset on value of type null in /var/www/html/erpm/TCPDF/tcpdf.php on line 2430
[06-Jan-2023 13:48:11 Asia/Kolkata] PHP Notice:  Trying to access array offset on value of type null in /var/www/html/erpm/TCPDF/tcpdf.php on line 2430
[06-Jan-2023 13:48:11 Asia/Kolkata] PHP Notice:  Trying to access array offset on value of type null in /var/www/html/erpm/TCPDF/tcpdf.php on line 2430
[06-Jan-2023 13:48:11 Asia/Kolkata] PHP Notice:  Trying to access array offset on value of type null in /var/www/html/erpm/TCPDF/tcpdf.php on line 7372
[06-Jan-2023 13:48:11 Asia/Kolkata] PHP Notice:  Trying to access array offset on value of type null in /var/www/html/erpm/TCPDF/tcpdf.php on line 2430
[06-Jan-2023 13:48:11 Asia/Kolkata] PHP Notice:  Trying to access array offset on value of type null in /var/www/html/erpm/TCPDF/tcpdf.php on line 2430
[06-Jan-2023 13:48:11 Asia/Kolkata] PHP Notice:  Trying to access array offset on value of type null in /var/www/html/erpm/TCPDF/tcpdf.php on line 2430
[06-Jan-2023 13:48:11 Asia/Kolkata] PHP Notice:  Trying to access array offset on value of type null in /var/www/html/erpm/TCPDF/tcpdf.php on line 2430
[06-Jan-2023 13:48:11 Asia/Kolkata] PHP Notice:  Trying to access array offset on value of type null in /var/www/html/erpm/TCPDF/tcpdf.php on line 2430
[06-Jan-2023 13:48:11 Asia/Kolkata] PHP Notice:  Trying to access array offset on value of type null in /var/www/html/erpm/TCPDF/tcpdf.php on line 2430
[06-Jan-2023 13:48:11 Asia/Kolkata] PHP Notice:  Trying to access array offset on value of type null in /var/www/html/erpm/TCPDF/tcpdf.php on line 2430
[06-Jan-2023 13:48:11 Asia/Kolkata] PHP Notice:  Trying to access array offset on value of type null in /var/www/html/erpm/TCPDF/tcpdf.php on line 2430
[06-Jan-2023 13:48:11 Asia/Kolkata] PHP Notice:  Trying to access array offset on value of type null in /var/www/html/erpm/TCPDF/tcpdf.php on line 2430
[06-Jan-2023 13:48:11 Asia/Kolkata] PHP Notice:  Trying to access array offset on value of type null in /var/www/html/erpm/TCPDF/tcpdf.php on line 2430
[06-Jan-2023 13:48:11 Asia/Kolkata] PHP Notice:  Trying to access array offset on value of type null in /var/www/html/erpm/TCPDF/tcpdf.php on line 2430
[06-Jan-2023 13:48:11 Asia/Kolkata] PHP Notice:  Trying to access array offset on value of type null in /var/www/html/erpm/TCPDF/tcpdf.php on line 2430
[06-Jan-2023 13:48:11 Asia/Kolkata] PHP Notice:  Trying to access array offset on value of type null in /var/www/html/erpm/TCPDF/tcpdf.php on line 18459
[06-Jan-2023 13:48:11 Asia/Kolkata] PHP Notice:  Trying to access array offset on value of type null in /var/www/html/erpm/TCPDF/tcpdf.php on line 2430
[06-Jan-2023 13:48:11 Asia/Kolkata] PHP Notice:  Trying to access array offset on value of type null in /var/www/html/erpm/TCPDF/tcpdf.php on line 2430
[06-Jan-2023 13:48:11 Asia/Kolkata] PHP Notice:  Trying to access array offset on value of type null in /var/www/html/erpm/TCPDF/tcpdf.php on line 2430
[06-Jan-2023 13:48:11 Asia/Kolkata] PHP Notice:  Trying to access array offset on value of type null in /var/www/html/erpm/TCPDF/tcpdf.php on line 2430
[06-Jan-2023 13:48:11 Asia/Kolkata] PHP Notice:  Trying to access array offset on value of type null in /var/www/html/erpm/TCPDF/tcpdf.php on line 2430
[06-Jan-2023 13:48:11 Asia/Kolkata] PHP Notice:  Trying to access array offset on value of type null in /var/www/html/erpm/TCPDF/tcpdf.php on line 2430
[06-Jan-2023 13:48:11 Asia/Kolkata] PHP Notice:  Trying to access array offset on value of type null in /var/www/html/erpm/TCPDF/tcpdf.php on line 7372
[06-Jan-2023 13:48:11 Asia/Kolkata] PHP Notice:  Trying to access array offset on value of type null in /var/www/html/erpm/TCPDF/tcpdf.php on line 2430
[06-Jan-2023 13:48:11 Asia/Kolkata] PHP Notice:  Trying to access array offset on value of type null in /var/www/html/erpm/TCPDF/tcpdf.php on line 2430
[06-Jan-2023 13:48:11 Asia/Kolkata] PHP Notice:  Trying to access array offset on value of type null in /var/www/html/erpm/TCPDF/tcpdf.php on line 2430
[06-Jan-2023 13:48:11 Asia/Kolkata] PHP Notice:  Trying to access array offset on value of type null in /var/www/html/erpm/TCPDF/tcpdf.php on line 2430
[06-Jan-2023 13:48:11 Asia/Kolkata] PHP Notice:  Trying to access array offset on value of type null in /var/www/html/erpm/TCPDF/tcpdf.php on line 2430
[06-Jan-2023 13:48:11 Asia/Kolkata] PHP Notice:  Trying to access array offset on value of type null in /var/www/html/erpm/TCPDF/tcpdf.php on line 2430
[06-Jan-2023 13:48:11 Asia/Kolkata] PHP Notice:  Trying to access array offset on value of type null in /var/www/html/erpm/TCPDF/tcpdf.php on line 7372
[06-Jan-2023 13:48:11 Asia/Kolkata] PHP Notice:  Trying to access array offset on value of type null in /var/www/html/erpm/TCPDF/tcpdf.php on line 2430
[06-Jan-2023 13:48:11 Asia/Kolkata] PHP Notice:  Trying to access array offset on value of type null in /var/www/html/erpm/TCPDF/tcpdf.php on line 2430
[06-Jan-2023 13:48:11 Asia/Kolkata] PHP Notice:  Trying to access array offset on value of type null in /var/www/html/erpm/TCPDF/tcpdf.php on line 2430
[06-Jan-2023 13:48:11 Asia/Kolkata] PHP Notice:  Trying to access array offset on value of type null in /var/www/html/erpm/TCPDF/tcpdf.php on line 2430
[06-Jan-2023 13:48:11 Asia/Kolkata] PHP Notice:  Trying to access array offset on value of type null in /var/www/html/erpm/TCPDF/tcpdf.php on line 2430
[06-Jan-2023 13:48:11 Asia/Kolkata] PHP Notice:  Trying to access array offset on value of type null in /var/www/html/erpm/TCPDF/tcpdf.php on line 2430
[06-Jan-2023 13:48:11 Asia/Kolkata] PHP Notice:  Trying to access array offset on value of type null in /var/www/html/erpm/TCPDF/tcpdf.php on line 7372
[06-Jan-2023 13:48:11 Asia/Kolkata] PHP Notice:  Trying to access array offset on value of type null in /var/www/html/erpm/TCPDF/tcpdf.php on line 2430
[06-Jan-2023 13:48:11 Asia/Kolkata] PHP Notice:  Trying to access array offset on value of type null in /var/www/html/erpm/TCPDF/tcpdf.php on line 2430
[06-Jan-2023 13:48:11 Asia/Kolkata] PHP Notice:  Trying to access array offset on value of type null in /var/www/html/erpm/TCPDF/tcpdf.php on line 2430
[06-Jan-2023 13:48:11 Asia/Kolkata] PHP Notice:  Trying to access array offset on value of type null in /var/www/html/erpm/TCPDF/tcpdf.php on line 2430
[06-Jan-2023 13:48:11 Asia/Kolkata] PHP Notice:  Trying to access array offset on value of type null in /var/www/html/erpm/TCPDF/tcpdf.php on line 2430
[06-Jan-2023 13:48:11 Asia/Kolkata] PHP Notice:  Trying to access array offset on value of type null in /var/www/html/erpm/TCPDF/tcpdf.php on line 2430
[06-Jan-2023 13:48:11 Asia/Kolkata] PHP Notice:  Trying to access array offset on value of type null in /var/www/html/erpm/TCPDF/tcpdf.php on line 7372
[06-Jan-2023 13:48:11 Asia/Kolkata] PHP Notice:  Trying to access array offset on value of type null in /var/www/html/erpm/TCPDF/tcpdf.php on line 2430
[06-Jan-2023 13:48:11 Asia/Kolkata] PHP Notice:  Trying to access array offset on value of type null in /var/www/html/erpm/TCPDF/tcpdf.php on line 2430
[06-Jan-2023 13:48:11 Asia/Kolkata] PHP Notice:  Trying to access array offset on value of type null in /var/www/html/erpm/TCPDF/tcpdf.php on line 2430
[06-Jan-2023 13:48:11 Asia/Kolkata] PHP Notice:  Trying to access array offset on value of type null in /var/www/html/erpm/TCPDF/tcpdf.php on line 2430
[06-Jan-2023 13:48:11 Asia/Kolkata] PHP Notice:  Trying to access array offset on value of type null in /var/www/html/erpm/TCPDF/tcpdf.php on line 2430
[06-Jan-2023 13:48:11 Asia/Kolkata] PHP Notice:  Trying to access array offset on value of type null in /var/www/html/erpm/TCPDF/tcpdf.php on line 2430
[06-Jan-2023 13:48:11 Asia/Kolkata] PHP Notice:  Trying to access array offset on value of type null in /var/www/html/erpm/TCPDF/tcpdf.php on line 7372
[06-Jan-2023 13:48:11 Asia/Kolkata] PHP Notice:  Trying to access array offset on value of type null in /var/www/html/erpm/TCPDF/tcpdf.php on line 2430
[06-Jan-2023 13:48:11 Asia/Kolkata] PHP Notice:  Trying to access array offset on value of type null in /var/www/html/erpm/TCPDF/tcpdf.php on line 2430
[06-Jan-2023 13:48:11 Asia/Kolkata] PHP Notice:  Trying to access array offset on value of type null in /var/www/html/erpm/TCPDF/tcpdf.php on line 2430
[06-Jan-2023 13:48:11 Asia/Kolkata] PHP Notice:  Trying to access array offset on value of type null in /var/www/html/erpm/TCPDF/tcpdf.php on line 2430
[06-Jan-2023 13:48:11 Asia/Kolkata] PHP Notice:  Trying to access array offset on value of type null in /var/www/html/erpm/TCPDF/tcpdf.php on line 2430
[06-Jan-2023 13:48:11 Asia/Kolkata] PHP Notice:  Trying to access array offset on value of type null in /var/www/html/erpm/TCPDF/tcpdf.php on line 2430
[06-Jan-2023 13:48:11 Asia/Kolkata] PHP Notice:  Trying to access array offset on value of type null in /var/www/html/erpm/TCPDF/tcpdf.php on line 7372
[06-Jan-2023 13:48:11 Asia/Kolkata] PHP Notice:  Trying to access array offset on value of type null in /var/www/html/erpm/TCPDF/tcpdf.php on line 2430
[06-Jan-2023 13:48:11 Asia/Kolkata] PHP Notice:  Trying to access array offset on value of type null in /var/www/html/erpm/TCPDF/tcpdf.php on line 2430
[06-Jan-2023 13:48:11 Asia/Kolkata] PHP Notice:  Trying to access array offset on value of type null in /var/www/html/erpm/TCPDF/tcpdf.php on line 2430
[06-Jan-2023 13:48:11 Asia/Kolkata] PHP Notice:  Trying to access array offset on value of type null in /var/www/html/erpm/TCPDF/tcpdf.php on line 2430
[06-Jan-2023 13:48:11 Asia/Kolkata] PHP Notice:  Trying to access array offset on value of type null in /var/www/html/erpm/TCPDF/tcpdf.php on line 18459
[06-Jan-2023 13:48:11 Asia/Kolkata] PHP Notice:  Trying to access array offset on value of type null in /var/www/html/erpm/TCPDF/tcpdf.php on line 2430
[06-Jan-2023 13:48:11 Asia/Kolkata] PHP Notice:  Trying to access array offset on value of type null in /var/www/html/erpm/TCPDF/tcpdf.php on line 2430
[06-Jan-2023 13:48:11 Asia/Kolkata] PHP Notice:  Trying to access array offset on value of type null in /var/www/html/erpm/TCPDF/tcpdf.php on line 2430
[06-Jan-2023 13:48:11 Asia/Kolkata] PHP Notice:  Trying to access array offset on value of type null in /var/www/html/erpm/TCPDF/tcpdf.php on line 2430
[06-Jan-2023 13:48:11 Asia/Kolkata] PHP Notice:  Trying to access array offset on value of type null in /var/www/html/erpm/TCPDF/tcpdf.php on line 2430
[06-Jan-2023 13:48:11 Asia/Kolkata] PHP Notice:  Trying to access array offset on value of type null in /var/www/html/erpm/TCPDF/tcpdf.php on line 2430
[06-Jan-2023 13:48:11 Asia/Kolkata] PHP Notice:  Trying to access array offset on value of type null in /var/www/html/erpm/TCPDF/tcpdf.php on line 7372
[06-Jan-2023 13:48:11 Asia/Kolkata] PHP Notice:  Trying to access array offset on value of type null in /var/www/html/erpm/TCPDF/tcpdf.php on line 2430
[06-Jan-2023 13:48:11 Asia/Kolkata] PHP Notice:  Trying to access array offset on value of type null in /var/www/html/erpm/TCPDF/tcpdf.php on line 2430
[06-Jan-2023 13:48:11 Asia/Kolkata] PHP Notice:  Trying to access array offset on value of type null in /var/www/html/erpm/TCPDF/tcpdf.php on line 2430
[06-Jan-2023 13:48:11 Asia/Kolkata] PHP Notice:  Trying to access array offset on value of type null in /var/www/html/erpm/TCPDF/tcpdf.php on line 2430
[06-Jan-2023 13:48:11 Asia/Kolkata] PHP Notice:  Trying to access array offset on value of type null in /var/www/html/erpm/TCPDF/tcpdf.php on line 2430
[06-Jan-2023 13:48:11 Asia/Kolkata] PHP Notice:  Trying to access array offset on value of type null in /var/www/html/erpm/TCPDF/tcpdf.php on line 2430
[06-Jan-2023 13:48:11 Asia/Kolkata] PHP Notice:  Trying to access array offset on value of type null in /var/www/html/erpm/TCPDF/tcpdf.php on line 7372
[06-Jan-2023 13:48:11 Asia/Kolkata] PHP Notice:  Trying to access array offset on value of type null in /var/www/html/erpm/TCPDF/tcpdf.php on line 2430
[06-Jan-2023 13:48:11 Asia/Kolkata] PHP Notice:  Trying to access array offset on value of type null in /var/www/html/erpm/TCPDF/tcpdf.php on line 2430
[06-Jan-2023 13:48:11 Asia/Kolkata] PHP Notice:  Trying to access array offset on value of type null in /var/www/html/erpm/TCPDF/tcpdf.php on line 2430
[06-Jan-2023 13:48:11 Asia/Kolkata] PHP Notice:  Trying to access array offset on value of type null in /var/www/html/erpm/TCPDF/tcpdf.php on line 2430
[06-Jan-2023 13:48:11 Asia/Kolkata] PHP Notice:  Trying to access array offset on value of type null in /var/www/html/erpm/TCPDF/tcpdf.php on line 2430
[06-Jan-2023 13:48:11 Asia/Kolkata] PHP Notice:  Trying to access array offset on value of type null in /var/www/html/erpm/TCPDF/tcpdf.php on line 2430
[06-Jan-2023 13:48:11 Asia/Kolkata] PHP Notice:  Trying to access array offset on value of type null in /var/www/html/erpm/TCPDF/tcpdf.php on line 7372
[06-Jan-2023 13:48:11 Asia/Kolkata] PHP Notice:  Trying to access array offset on value of type null in /var/www/html/erpm/TCPDF/tcpdf.php on line 2430
[06-Jan-2023 13:48:11 Asia/Kolkata] PHP Notice:  Trying to access array offset on value of type null in /var/www/html/erpm/TCPDF/tcpdf.php on line 2430
[06-Jan-2023 13:48:11 Asia/Kolkata] PHP Notice:  Trying to access array offset on value of type null in /var/www/html/erpm/TCPDF/tcpdf.php on line 2430
[06-Jan-2023 13:48:11 Asia/Kolkata] PHP Notice:  Trying to access array offset on value of type null in /var/www/html/erpm/TCPDF/tcpdf.php on line 2430
[06-Jan-2023 13:48:11 Asia/Kolkata] PHP Notice:  Trying to access array offset on value of type null in /var/www/html/erpm/TCPDF/tcpdf.php on line 2430
[06-Jan-2023 13:48:11 Asia/Kolkata] PHP Notice:  Trying to access array offset on value of type null in /var/www/html/erpm/TCPDF/tcpdf.php on line 2430
[06-Jan-2023 13:48:11 Asia/Kolkata] PHP Notice:  Trying to access array offset on value of type null in /var/www/html/erpm/TCPDF/tcpdf.php on line 7372
[06-Jan-2023 13:48:11 Asia/Kolkata] PHP Notice:  Trying to access array offset on value of type null in /var/www/html/erpm/TCPDF/tcpdf.php on line 2430
[06-Jan-2023 13:48:11 Asia/Kolkata] PHP Notice:  Trying to access array offset on value of type null in /var/www/html/erpm/TCPDF/tcpdf.php on line 2430
[06-Jan-2023 13:48:11 Asia/Kolkata] PHP Notice:  Trying to access array offset on value of type null in /var/www/html/erpm/TCPDF/tcpdf.php on line 2430
[06-Jan-2023 13:48:11 Asia/Kolkata] PHP Notice:  Trying to access array offset on value of type null in /var/www/html/erpm/TCPDF/tcpdf.php on line 2430
[06-Jan-2023 13:48:11 Asia/Kolkata] PHP Notice:  Trying to access array offset on value of type null in /var/www/html/erpm/TCPDF/tcpdf.php on line 2430
[06-Jan-2023 13:48:11 Asia/Kolkata] PHP Notice:  Trying to access array offset on value of type null in /var/www/html/erpm/TCPDF/tcpdf.php on line 2430
[06-Jan-2023 13:48:11 Asia/Kolkata] PHP Notice:  Trying to access array offset on value of type null in /var/www/html/erpm/TCPDF/tcpdf.php on line 7372
[06-Jan-2023 13:48:11 Asia/Kolkata] PHP Notice:  Trying to access array offset on value of type null in /var/www/html/erpm/TCPDF/tcpdf.php on line 2430
[06-Jan-2023 13:48:11 Asia/Kolkata] PHP Notice:  Trying to access array offset on value of type null in /var/www/html/erpm/TCPDF/tcpdf.php on line 2430
[06-Jan-2023 13:48:11 Asia/Kolkata] PHP Notice:  Trying to access array offset on value of type null in /var/www/html/erpm/TCPDF/tcpdf.php on line 2430
[06-Jan-2023 13:48:11 Asia/Kolkata] PHP Notice:  Trying to access array offset on value of type null in /var/www/html/erpm/TCPDF/tcpdf.php on line 2430
[06-Jan-2023 13:48:11 Asia/Kolkata] PHP Notice:  Trying to access array offset on value of type null in /var/www/html/erpm/TCPDF/tcpdf.php on line 2430
[06-Jan-2023 13:48:11 Asia/Kolkata] PHP Notice:  Trying to access array offset on value of type null in /var/www/html/erpm/TCPDF/tcpdf.php on line 2430
[06-Jan-2023 13:48:11 Asia/Kolkata] PHP Notice:  Trying to access array offset on value of type null in /var/www/html/erpm/TCPDF/tcpdf.php on line 7372
[06-Jan-2023 13:48:11 Asia/Kolkata] PHP Notice:  Trying to access array offset on value of type null in /var/www/html/erpm/TCPDF/tcpdf.php on line 2430
[06-Jan-2023 13:48:11 Asia/Kolkata] PHP Notice:  Trying to access array offset on value of type null in /var/www/html/erpm/TCPDF/tcpdf.php on line 2430
[06-Jan-2023 13:48:11 Asia/Kolkata] PHP Notice:  Trying to access array offset on value of type null in /var/www/html/erpm/TCPDF/tcpdf.php on line 2430
[06-Jan-2023 13:48:11 Asia/Kolkata] PHP Notice:  Trying to access array offset on value of type null in /var/www/html/erpm/TCPDF/tcpdf.php on line 2430
[06-Jan-2023 13:48:11 Asia/Kolkata] PHP Notice:  Trying to access array offset on value of type null in /var/www/html/erpm/TCPDF/tcpdf.php on line 2430
[06-Jan-2023 13:48:11 Asia/Kolkata] PHP Notice:  Trying to access array offset on value of type null in /var/www/html/erpm/TCPDF/tcpdf.php on line 2430
[06-Jan-2023 13:48:11 Asia/Kolkata] PHP Notice:  Trying to access array offset on value of type null in /var/www/html/erpm/TCPDF/tcpdf.php on line 7372
[06-Jan-2023 13:48:11 Asia/Kolkata] PHP Notice:  Trying to access array offset on value of type null in /var/www/html/erpm/TCPDF/tcpdf.php on line 2430
[06-Jan-2023 13:48:11 Asia/Kolkata] PHP Notice:  Trying to access array offset on value of type null in /var/www/html/erpm/TCPDF/tcpdf.php on line 2430
[06-Jan-2023 13:48:11 Asia/Kolkata] PHP Notice:  Trying to access array offset on value of type null in /var/www/html/erpm/TCPDF/tcpdf.php on line 2430
[06-Jan-2023 13:48:11 Asia/Kolkata] PHP Notice:  Trying to access array offset on value of type null in /var/www/html/erpm/TCPDF/tcpdf.php on line 2430
[06-Jan-2023 13:48:11 Asia/Kolkata] PHP Notice:  Trying to access array offset on value of type null in /var/www/html/erpm/TCPDF/tcpdf.php on line 2430
[06-Jan-2023 13:48:11 Asia/Kolkata] PHP Notice:  Trying to access array offset on value of type null in /var/www/html/erpm/TCPDF/tcpdf.php on line 2430
[06-Jan-2023 13:48:11 Asia/Kolkata] PHP Notice:  Trying to access array offset on value of type null in /var/www/html/erpm/TCPDF/tcpdf.php on line 7372
[06-Jan-2023 13:48:11 Asia/Kolkata] PHP Notice:  Trying to access array offset on value of type null in /var/www/html/erpm/TCPDF/tcpdf.php on line 2430
[06-Jan-2023 13:48:11 Asia/Kolkata] PHP Notice:  Trying to access array offset on value of type null in /var/www/html/erpm/TCPDF/tcpdf.php on line 2430
[06-Jan-2023 13:48:11 Asia/Kolkata] PHP Notice:  Trying to access array offset on value of type null in /var/www/html/erpm/TCPDF/tcpdf.php on line 2430
[06-Jan-2023 13:48:11 Asia/Kolkata] PHP Notice:  Trying to access array offset on value of type null in /var/www/html/erpm/TCPDF/tcpdf.php on line 2430
[06-Jan-2023 13:48:11 Asia/Kolkata] PHP Notice:  Trying to access array offset on value of type null in /var/www/html/erpm/TCPDF/tcpdf.php on line 2430
[06-Jan-2023 13:48:11 Asia/Kolkata] PHP Notice:  Trying to access array offset on value of type null in /var/www/html/erpm/TCPDF/tcpdf.php on line 2430
[06-Jan-2023 13:48:11 Asia/Kolkata] PHP Notice:  Trying to access array offset on value of type null in /var/www/html/erpm/TCPDF/tcpdf.php on line 2430
[06-Jan-2023 13:48:11 Asia/Kolkata] PHP Notice:  Trying to access array offset on value of type null in /var/www/html/erpm/TCPDF/tcpdf.php on line 2430
[06-Jan-2023 13:48:11 Asia/Kolkata] PHP Notice:  Trying to access array offset on value of type null in /var/www/html/erpm/TCPDF/tcpdf.php on line 2430
[06-Jan-2023 13:48:11 Asia/Kolkata] PHP Notice:  Trying to access array offset on value of type null in /var/www/html/erpm/TCPDF/tcpdf.php on line 2430
[06-Jan-2023 13:48:11 Asia/Kolkata] PHP Notice:  Trying to access array offset on value of type null in /var/www/html/erpm/TCPDF/tcpdf.php on line 2430
[06-Jan-2023 13:48:11 Asia/Kolkata] PHP Notice:  Trying to access array offset on value of type null in /var/www/html/erpm/TCPDF/tcpdf.php on line 2430
[06-Jan-2023 13:48:11 Asia/Kolkata] PHP Notice:  Trying to access array offset on value of type null in /var/www/html/erpm/TCPDF/tcpdf.php on line 7372
[06-Jan-2023 13:48:11 Asia/Kolkata] PHP Notice:  Trying to access array offset on value of type null in /var/www/html/erpm/TCPDF/tcpdf.php on line 2430
[06-Jan-2023 13:48:11 Asia/Kolkata] PHP Notice:  Trying to access array offset on value of type null in /var/www/html/erpm/TCPDF/tcpdf.php on line 2430
[06-Jan-2023 13:48:11 Asia/Kolkata] PHP Notice:  Trying to access array offset on value of type null in /var/www/html/erpm/TCPDF/tcpdf.php on line 2430
[06-Jan-2023 13:48:11 Asia/Kolkata] PHP Notice:  Trying to access array offset on value of type null in /var/www/html/erpm/TCPDF/tcpdf.php on line 2430
[06-Jan-2023 13:48:11 Asia/Kolkata] PHP Notice:  Trying to access array offset on value of type null in /var/www/html/erpm/TCPDF/tcpdf.php on line 2430
[06-Jan-2023 13:48:11 Asia/Kolkata] PHP Notice:  Trying to access array offset on value of type null in /var/www/html/erpm/TCPDF/tcpdf.php on line 2430
[06-Jan-2023 13:48:11 Asia/Kolkata] PHP Notice:  Trying to access array offset on value of type null in /var/www/html/erpm/TCPDF/tcpdf.php on line 2430
[06-Jan-2023 13:48:11 Asia/Kolkata] PHP Notice:  Trying to access array offset on value of type null in /var/www/html/erpm/TCPDF/tcpdf.php on line 2430
[06-Jan-2023 13:48:11 Asia/Kolkata] PHP Notice:  Trying to access array offset on value of type null in /var/www/html/erpm/TCPDF/tcpdf.php on line 7372
[06-Jan-2023 13:48:11 Asia/Kolkata] PHP Warning:  Use of undefined constant EMAIL_HOST - assumed 'EMAIL_HOST' (this will throw an Error in a future version of PHP) in /var/www/html/erpm/View/promotion_Ack.php on line 202
[06-Jan-2023 13:48:11 Asia/Kolkata] PHP Warning:  Use of undefined constant EMAIL_AUTH - assumed 'EMAIL_AUTH' (this will throw an Error in a future version of PHP) in /var/www/html/erpm/View/promotion_Ack.php on line 203
[06-Jan-2023 13:48:11 Asia/Kolkata] PHP Warning:  Use of undefined constant EMAIL_USER - assumed 'EMAIL_USER' (this will throw an Error in a future version of PHP) in /var/www/html/erpm/View/promotion_Ack.php on line 204
[06-Jan-2023 13:48:11 Asia/Kolkata] PHP Warning:  Use of undefined constant EMAIL_PASS - assumed 'EMAIL_PASS' (this will throw an Error in a future version of PHP) in /var/www/html/erpm/View/promotion_Ack.php on line 205
[06-Jan-2023 13:48:11 Asia/Kolkata] PHP Warning:  Use of undefined constant EMAIL_SMTPSecure - assumed 'EMAIL_SMTPSecure' (this will throw an Error in a future version of PHP) in /var/www/html/erpm/View/promotion_Ack.php on line 206
[06-Jan-2023 13:48:11 Asia/Kolkata] PHP Warning:  Use of undefined constant EMAIL_PORT - assumed 'EMAIL_PORT' (this will throw an Error in a future version of PHP) in /var/www/html/erpm/View/promotion_Ack.php on line 207
[06-Jan-2023 13:48:11 Asia/Kolkata] PHP Warning:  Use of undefined constant EMAIL_FROM - assumed 'EMAIL_FROM' (this will throw an Error in a future version of PHP) in /var/www/html/erpm/View/promotion_Ack.php on line 208
[06-Jan-2023 13:48:11 Asia/Kolkata] PHP Deprecated:  Function get_magic_quotes_runtime() is deprecated in /var/www/html/erpm/AppData/lib/PHPMailer-master/class.phpmailer.php on line 2574
[06-Jan-2023 13:48:11 Asia/Kolkata] PHP Warning:  chr() expects parameter 1 to be int, string given in /var/www/html/erpm/TCPDF/include/tcpdf_fonts.php on line 1671
[06-Jan-2023 13:48:11 Asia/Kolkata] PHP Notice:  Undefined index: thead in /var/www/html/erpm/TCPDF/tcpdf.php on line 16504
[06-Jan-2023 13:48:11 Asia/Kolkata] PHP Notice:  Undefined index: trids in /var/www/html/erpm/TCPDF/tcpdf.php on line 19484
[06-Jan-2023 13:48:11 Asia/Kolkata] PHP Warning:  Invalid argument supplied for foreach() in /var/www/html/erpm/TCPDF/tcpdf.php on line 19484
[06-Jan-2023 13:48:11 Asia/Kolkata] PHP Notice:  Undefined index: trids in /var/www/html/erpm/TCPDF/tcpdf.php on line 19513
[06-Jan-2023 13:48:11 Asia/Kolkata] PHP Warning:  count(): Parameter must be an array or an object that implements Countable in /var/www/html/erpm/TCPDF/tcpdf.php on line 19513
[06-Jan-2023 13:48:11 Asia/Kolkata] PHP Notice:  Undefined index: trids in /var/www/html/erpm/TCPDF/tcpdf.php on line 19516
[06-Jan-2023 13:48:11 Asia/Kolkata] PHP Warning:  Invalid argument supplied for foreach() in /var/www/html/erpm/TCPDF/tcpdf.php on line 19516
[06-Jan-2023 13:48:11 Asia/Kolkata] PHP Notice:  Undefined index: old_cell_padding in /var/www/html/erpm/TCPDF/tcpdf.php on line 19726
[06-Jan-2023 13:48:11 Asia/Kolkata] PHP Notice:  Trying to access array offset on value of type null in /var/www/html/erpm/TCPDF/tcpdf.php on line 2430
[06-Jan-2023 13:48:11 Asia/Kolkata] PHP Notice:  Trying to access array offset on value of type null in /var/www/html/erpm/TCPDF/tcpdf.php on line 2430
[06-Jan-2023 13:48:11 Asia/Kolkata] PHP Notice:  Trying to access array offset on value of type null in /var/www/html/erpm/TCPDF/tcpdf.php on line 2430
[06-Jan-2023 13:48:11 Asia/Kolkata] PHP Notice:  Trying to access array offset on value of type null in /var/www/html/erpm/TCPDF/tcpdf.php on line 2430
[06-Jan-2023 13:48:11 Asia/Kolkata] PHP Notice:  Trying to access array offset on value of type null in /var/www/html/erpm/TCPDF/tcpdf.php on line 2430
[06-Jan-2023 13:48:11 Asia/Kolkata] PHP Notice:  Trying to access array offset on value of type null in /var/www/html/erpm/TCPDF/tcpdf.php on line 2430
[06-Jan-2023 13:48:11 Asia/Kolkata] PHP Notice:  Trying to access array offset on value of type null in /var/www/html/erpm/TCPDF/tcpdf.php on line 7372
[06-Jan-2023 13:48:11 Asia/Kolkata] PHP Notice:  Trying to access array offset on value of type null in /var/www/html/erpm/TCPDF/tcpdf.php on line 2430
[06-Jan-2023 13:48:11 Asia/Kolkata] PHP Notice:  Trying to access array offset on value of type null in /var/www/html/erpm/TCPDF/tcpdf.php on line 2430
[06-Jan-2023 13:48:11 Asia/Kolkata] PHP Notice:  Trying to access array offset on value of type null in /var/www/html/erpm/TCPDF/tcpdf.php on line 2430
[06-Jan-2023 13:48:11 Asia/Kolkata] PHP Notice:  Trying to access array offset on value of type null in /var/www/html/erpm/TCPDF/tcpdf.php on line 2430
[06-Jan-2023 13:48:11 Asia/Kolkata] PHP Notice:  Trying to access array offset on value of type null in /var/www/html/erpm/TCPDF/tcpdf.php on line 2430
[06-Jan-2023 13:48:11 Asia/Kolkata] PHP Notice:  Trying to access array offset on value of type null in /var/www/html/erpm/TCPDF/tcpdf.php on line 2430
[06-Jan-2023 13:48:11 Asia/Kolkata] PHP Notice:  Trying to access array offset on value of type null in /var/www/html/erpm/TCPDF/tcpdf.php on line 2430
[06-Jan-2023 13:48:11 Asia/Kolkata] PHP Notice:  Trying to access array offset on value of type null in /var/www/html/erpm/TCPDF/tcpdf.php on line 2430
[06-Jan-2023 13:48:11 Asia/Kolkata] PHP Notice:  Trying to access array offset on value of type null in /var/www/html/erpm/TCPDF/tcpdf.php on line 2430
[06-Jan-2023 13:48:11 Asia/Kolkata] PHP Notice:  Trying to access array offset on value of type null in /var/www/html/erpm/TCPDF/tcpdf.php on line 2430
[06-Jan-2023 13:48:11 Asia/Kolkata] PHP Notice:  Trying to access array offset on value of type null in /var/www/html/erpm/TCPDF/tcpdf.php on line 2430
[06-Jan-2023 13:48:11 Asia/Kolkata] PHP Notice:  Trying to access array offset on value of type null in /var/www/html/erpm/TCPDF/tcpdf.php on line 2430
[06-Jan-2023 13:48:11 Asia/Kolkata] PHP Notice:  Trying to access array offset on value of type null in /var/www/html/erpm/TCPDF/tcpdf.php on line 18459
[06-Jan-2023 13:48:11 Asia/Kolkata] PHP Notice:  Trying to access array offset on value of type null in /var/www/html/erpm/TCPDF/tcpdf.php on line 2430
[06-Jan-2023 13:48:11 Asia/Kolkata] PHP Notice:  Trying to access array offset on value of type null in /var/www/html/erpm/TCPDF/tcpdf.php on line 2430
[06-Jan-2023 13:48:11 Asia/Kolkata] PHP Notice:  Trying to access array offset on value of type null in /var/www/html/erpm/TCPDF/tcpdf.php on line 2430
[06-Jan-2023 13:48:11 Asia/Kolkata] PHP Notice:  Trying to access array offset on value of type null in /var/www/html/erpm/TCPDF/tcpdf.php on line 2430
[06-Jan-2023 13:48:11 Asia/Kolkata] PHP Notice:  Trying to access array offset on value of type null in /var/www/html/erpm/TCPDF/tcpdf.php on line 2430
[06-Jan-2023 13:48:11 Asia/Kolkata] PHP Notice:  Trying to access array offset on value of type null in /var/www/html/erpm/TCPDF/tcpdf.php on line 2430
[06-Jan-2023 13:48:11 Asia/Kolkata] PHP Notice:  Trying to access array offset on value of type null in /var/www/html/erpm/TCPDF/tcpdf.php on line 7372
[06-Jan-2023 13:48:11 Asia/Kolkata] PHP Notice:  Trying to access array offset on value of type null in /var/www/html/erpm/TCPDF/tcpdf.php on line 2430
[06-Jan-2023 13:48:11 Asia/Kolkata] PHP Notice:  Trying to access array offset on value of type null in /var/www/html/erpm/TCPDF/tcpdf.php on line 2430
[06-Jan-2023 13:48:11 Asia/Kolkata] PHP Notice:  Trying to access array offset on value of type null in /var/www/html/erpm/TCPDF/tcpdf.php on line 2430
[06-Jan-2023 13:48:11 Asia/Kolkata] PHP Notice:  Trying to access array offset on value of type null in /var/www/html/erpm/TCPDF/tcpdf.php on line 2430
[06-Jan-2023 13:48:11 Asia/Kolkata] PHP Notice:  Trying to access array offset on value of type null in /var/www/html/erpm/TCPDF/tcpdf.php on line 2430
[06-Jan-2023 13:48:11 Asia/Kolkata] PHP Notice:  Trying to access array offset on value of type null in /var/www/html/erpm/TCPDF/tcpdf.php on line 2430
[06-Jan-2023 13:48:11 Asia/Kolkata] PHP Notice:  Trying to access array offset on value of type null in /var/www/html/erpm/TCPDF/tcpdf.php on line 7372
[06-Jan-2023 13:48:11 Asia/Kolkata] PHP Notice:  Trying to access array offset on value of type null in /var/www/html/erpm/TCPDF/tcpdf.php on line 2430
[06-Jan-2023 13:48:11 Asia/Kolkata] PHP Notice:  Trying to access array offset on value of type null in /var/www/html/erpm/TCPDF/tcpdf.php on line 2430
[06-Jan-2023 13:48:11 Asia/Kolkata] PHP Notice:  Trying to access array offset on value of type null in /var/www/html/erpm/TCPDF/tcpdf.php on line 2430
[06-Jan-2023 13:48:11 Asia/Kolkata] PHP Notice:  Trying to access array offset on value of type null in /var/www/html/erpm/TCPDF/tcpdf.php on line 2430
[06-Jan-2023 13:48:11 Asia/Kolkata] PHP Notice:  Trying to access array offset on value of type null in /var/www/html/erpm/TCPDF/tcpdf.php on line 2430
[06-Jan-2023 13:48:11 Asia/Kolkata] PHP Notice:  Trying to access array offset on value of type null in /var/www/html/erpm/TCPDF/tcpdf.php on line 2430
[06-Jan-2023 13:48:11 Asia/Kolkata] PHP Notice:  Trying to access array offset on value of type null in /var/www/html/erpm/TCPDF/tcpdf.php on line 7372
[06-Jan-2023 13:48:11 Asia/Kolkata] PHP Notice:  Trying to access array offset on value of type null in /var/www/html/erpm/TCPDF/tcpdf.php on line 2430
[06-Jan-2023 13:48:11 Asia/Kolkata] PHP Notice:  Trying to access array offset on value of type null in /var/www/html/erpm/TCPDF/tcpdf.php on line 2430
[06-Jan-2023 13:48:11 Asia/Kolkata] PHP Notice:  Trying to access array offset on value of type null in /var/www/html/erpm/TCPDF/tcpdf.php on line 2430
[06-Jan-2023 13:48:11 Asia/Kolkata] PHP Notice:  Trying to access array offset on value of type null in /var/www/html/erpm/TCPDF/tcpdf.php on line 2430
[06-Jan-2023 13:48:11 Asia/Kolkata] PHP Notice:  Trying to access array offset on value of type null in /var/www/html/erpm/TCPDF/tcpdf.php on line 2430
[06-Jan-2023 13:48:11 Asia/Kolkata] PHP Notice:  Trying to access array offset on value of type null in /var/www/html/erpm/TCPDF/tcpdf.php on line 2430
[06-Jan-2023 13:48:11 Asia/Kolkata] PHP Notice:  Trying to access array offset on value of type null in /var/www/html/erpm/TCPDF/tcpdf.php on line 7372
[06-Jan-2023 13:48:11 Asia/Kolkata] PHP Notice:  Trying to access array offset on value of type null in /var/www/html/erpm/TCPDF/tcpdf.php on line 2430
[06-Jan-2023 13:48:11 Asia/Kolkata] PHP Notice:  Trying to access array offset on value of type null in /var/www/html/erpm/TCPDF/tcpdf.php on line 2430
[06-Jan-2023 13:48:11 Asia/Kolkata] PHP Notice:  Trying to access array offset on value of type null in /var/www/html/erpm/TCPDF/tcpdf.php on line 2430
[06-Jan-2023 13:48:11 Asia/Kolkata] PHP Notice:  Trying to access array offset on value of type null in /var/www/html/erpm/TCPDF/tcpdf.php on line 2430
[06-Jan-2023 13:48:11 Asia/Kolkata] PHP Notice:  Trying to access array offset on value of type null in /var/www/html/erpm/TCPDF/tcpdf.php on line 2430
[06-Jan-2023 13:48:11 Asia/Kolkata] PHP Notice:  Trying to access array offset on value of type null in /var/www/html/erpm/TCPDF/tcpdf.php on line 2430
[06-Jan-2023 13:48:11 Asia/Kolkata] PHP Notice:  Trying to access array offset on value of type null in /var/www/html/erpm/TCPDF/tcpdf.php on line 7372
[06-Jan-2023 13:48:11 Asia/Kolkata] PHP Notice:  Trying to access array offset on value of type null in /var/www/html/erpm/TCPDF/tcpdf.php on line 2430
[06-Jan-2023 13:48:11 Asia/Kolkata] PHP Notice:  Trying to access array offset on value of type null in /var/www/html/erpm/TCPDF/tcpdf.php on line 2430
[06-Jan-2023 13:48:11 Asia/Kolkata] PHP Notice:  Trying to access array offset on value of type null in /var/www/html/erpm/TCPDF/tcpdf.php on line 2430
[06-Jan-2023 13:48:11 Asia/Kolkata] PHP Notice:  Trying to access array offset on value of type null in /var/www/html/erpm/TCPDF/tcpdf.php on line 2430
[06-Jan-2023 13:48:11 Asia/Kolkata] PHP Notice:  Trying to access array offset on value of type null in /var/www/html/erpm/TCPDF/tcpdf.php on line 2430
[06-Jan-2023 13:48:11 Asia/Kolkata] PHP Notice:  Trying to access array offset on value of type null in /var/www/html/erpm/TCPDF/tcpdf.php on line 2430
[06-Jan-2023 13:48:11 Asia/Kolkata] PHP Notice:  Trying to access array offset on value of type null in /var/www/html/erpm/TCPDF/tcpdf.php on line 7372
[06-Jan-2023 13:48:11 Asia/Kolkata] PHP Notice:  Trying to access array offset on value of type null in /var/www/html/erpm/TCPDF/tcpdf.php on line 2430
[06-Jan-2023 13:48:11 Asia/Kolkata] PHP Notice:  Trying to access array offset on value of type null in /var/www/html/erpm/TCPDF/tcpdf.php on line 2430
[06-Jan-2023 13:48:11 Asia/Kolkata] PHP Notice:  Trying to access array offset on value of type null in /var/www/html/erpm/TCPDF/tcpdf.php on line 2430
[06-Jan-2023 13:48:11 Asia/Kolkata] PHP Notice:  Trying to access array offset on value of type null in /var/www/html/erpm/TCPDF/tcpdf.php on line 2430
[06-Jan-2023 13:48:11 Asia/Kolkata] PHP Notice:  Trying to access array offset on value of type null in /var/www/html/erpm/TCPDF/tcpdf.php on line 18459
[06-Jan-2023 13:48:11 Asia/Kolkata] PHP Notice:  Trying to access array offset on value of type null in /var/www/html/erpm/TCPDF/tcpdf.php on line 2430
[06-Jan-2023 13:48:11 Asia/Kolkata] PHP Notice:  Trying to access array offset on value of type null in /var/www/html/erpm/TCPDF/tcpdf.php on line 2430
[06-Jan-2023 13:48:11 Asia/Kolkata] PHP Notice:  Trying to access array offset on value of type null in /var/www/html/erpm/TCPDF/tcpdf.php on line 2430
[06-Jan-2023 13:48:11 Asia/Kolkata] PHP Notice:  Trying to access array offset on value of type null in /var/www/html/erpm/TCPDF/tcpdf.php on line 2430
[06-Jan-2023 13:48:11 Asia/Kolkata] PHP Notice:  Trying to access array offset on value of type null in /var/www/html/erpm/TCPDF/tcpdf.php on line 2430
[06-Jan-2023 13:48:11 Asia/Kolkata] PHP Notice:  Trying to access array offset on value of type null in /var/www/html/erpm/TCPDF/tcpdf.php on line 2430
[06-Jan-2023 13:48:11 Asia/Kolkata] PHP Notice:  Trying to access array offset on value of type null in /var/www/html/erpm/TCPDF/tcpdf.php on line 7372
[06-Jan-2023 13:48:11 Asia/Kolkata] PHP Notice:  Trying to access array offset on value of type null in /var/www/html/erpm/TCPDF/tcpdf.php on line 2430
[06-Jan-2023 13:48:11 Asia/Kolkata] PHP Notice:  Trying to access array offset on value of type null in /var/www/html/erpm/TCPDF/tcpdf.php on line 2430
[06-Jan-2023 13:48:11 Asia/Kolkata] PHP Notice:  Trying to access array offset on value of type null in /var/www/html/erpm/TCPDF/tcpdf.php on line 2430
[06-Jan-2023 13:48:11 Asia/Kolkata] PHP Notice:  Trying to access array offset on value of type null in /var/www/html/erpm/TCPDF/tcpdf.php on line 2430
[06-Jan-2023 13:48:11 Asia/Kolkata] PHP Notice:  Trying to access array offset on value of type null in /var/www/html/erpm/TCPDF/tcpdf.php on line 2430
[06-Jan-2023 13:48:11 Asia/Kolkata] PHP Notice:  Trying to access array offset on value of type null in /var/www/html/erpm/TCPDF/tcpdf.php on line 2430
[06-Jan-2023 13:48:11 Asia/Kolkata] PHP Notice:  Trying to access array offset on value of type null in /var/www/html/erpm/TCPDF/tcpdf.php on line 7372
[06-Jan-2023 13:48:11 Asia/Kolkata] PHP Notice:  Trying to access array offset on value of type null in /var/www/html/erpm/TCPDF/tcpdf.php on line 2430
[06-Jan-2023 13:48:11 Asia/Kolkata] PHP Notice:  Trying to access array offset on value of type null in /var/www/html/erpm/TCPDF/tcpdf.php on line 2430
[06-Jan-2023 13:48:11 Asia/Kolkata] PHP Notice:  Trying to access array offset on value of type null in /var/www/html/erpm/TCPDF/tcpdf.php on line 2430
[06-Jan-2023 13:48:11 Asia/Kolkata] PHP Notice:  Trying to access array offset on value of type null in /var/www/html/erpm/TCPDF/tcpdf.php on line 2430
[06-Jan-2023 13:48:11 Asia/Kolkata] PHP Notice:  Trying to access array offset on value of type null in /var/www/html/erpm/TCPDF/tcpdf.php on line 2430
[06-Jan-2023 13:48:11 Asia/Kolkata] PHP Notice:  Trying to access array offset on value of type null in /var/www/html/erpm/TCPDF/tcpdf.php on line 2430
[06-Jan-2023 13:48:11 Asia/Kolkata] PHP Notice:  Trying to access array offset on value of type null in /var/www/html/erpm/TCPDF/tcpdf.php on line 7372
[06-Jan-2023 13:48:11 Asia/Kolkata] PHP Notice:  Trying to access array offset on value of type null in /var/www/html/erpm/TCPDF/tcpdf.php on line 2430
[06-Jan-2023 13:48:11 Asia/Kolkata] PHP Notice:  Trying to access array offset on value of type null in /var/www/html/erpm/TCPDF/tcpdf.php on line 2430
[06-Jan-2023 13:48:11 Asia/Kolkata] PHP Notice:  Trying to access array offset on value of type null in /var/www/html/erpm/TCPDF/tcpdf.php on line 2430
[06-Jan-2023 13:48:11 Asia/Kolkata] PHP Notice:  Trying to access array offset on value of type null in /var/www/html/erpm/TCPDF/tcpdf.php on line 2430
[06-Jan-2023 13:48:11 Asia/Kolkata] PHP Notice:  Trying to access array offset on value of type null in /var/www/html/erpm/TCPDF/tcpdf.php on line 2430
[06-Jan-2023 13:48:11 Asia/Kolkata] PHP Notice:  Trying to access array offset on value of type null in /var/www/html/erpm/TCPDF/tcpdf.php on line 2430
[06-Jan-2023 13:48:11 Asia/Kolkata] PHP Notice:  Trying to access array offset on value of type null in /var/www/html/erpm/TCPDF/tcpdf.php on line 7372
[06-Jan-2023 13:48:11 Asia/Kolkata] PHP Notice:  Trying to access array offset on value of type null in /var/www/html/erpm/TCPDF/tcpdf.php on line 2430
[06-Jan-2023 13:48:11 Asia/Kolkata] PHP Notice:  Trying to access array offset on value of type null in /var/www/html/erpm/TCPDF/tcpdf.php on line 2430
[06-Jan-2023 13:48:11 Asia/Kolkata] PHP Notice:  Trying to access array offset on value of type null in /var/www/html/erpm/TCPDF/tcpdf.php on line 2430
[06-Jan-2023 13:48:11 Asia/Kolkata] PHP Notice:  Trying to access array offset on value of type null in /var/www/html/erpm/TCPDF/tcpdf.php on line 2430
[06-Jan-2023 13:48:11 Asia/Kolkata] PHP Notice:  Trying to access array offset on value of type null in /var/www/html/erpm/TCPDF/tcpdf.php on line 2430
[06-Jan-2023 13:48:11 Asia/Kolkata] PHP Notice:  Trying to access array offset on value of type null in /var/www/html/erpm/TCPDF/tcpdf.php on line 2430
[06-Jan-2023 13:48:11 Asia/Kolkata] PHP Notice:  Trying to access array offset on value of type null in /var/www/html/erpm/TCPDF/tcpdf.php on line 7372
[06-Jan-2023 13:48:11 Asia/Kolkata] PHP Notice:  Trying to access array offset on value of type null in /var/www/html/erpm/TCPDF/tcpdf.php on line 2430
[06-Jan-2023 13:48:11 Asia/Kolkata] PHP Notice:  Trying to access array offset on value of type null in /var/www/html/erpm/TCPDF/tcpdf.php on line 2430
[06-Jan-2023 13:48:11 Asia/Kolkata] PHP Notice:  Trying to access array offset on value of type null in /var/www/html/erpm/TCPDF/tcpdf.php on line 2430
[06-Jan-2023 13:48:11 Asia/Kolkata] PHP Notice:  Trying to access array offset on value of type null in /var/www/html/erpm/TCPDF/tcpdf.php on line 2430
[06-Jan-2023 13:48:11 Asia/Kolkata] PHP Notice:  Trying to access array offset on value of type null in /var/www/html/erpm/TCPDF/tcpdf.php on line 2430
[06-Jan-2023 13:48:11 Asia/Kolkata] PHP Notice:  Trying to access array offset on value of type null in /var/www/html/erpm/TCPDF/tcpdf.php on line 2430
[06-Jan-2023 13:48:11 Asia/Kolkata] PHP Notice:  Trying to access array offset on value of type null in /var/www/html/erpm/TCPDF/tcpdf.php on line 7372
[06-Jan-2023 13:48:11 Asia/Kolkata] PHP Notice:  Trying to access array offset on value of type null in /var/www/html/erpm/TCPDF/tcpdf.php on line 2430
[06-Jan-2023 13:48:11 Asia/Kolkata] PHP Notice:  Trying to access array offset on value of type null in /var/www/html/erpm/TCPDF/tcpdf.php on line 2430
[06-Jan-2023 13:48:11 Asia/Kolkata] PHP Notice:  Trying to access array offset on value of type null in /var/www/html/erpm/TCPDF/tcpdf.php on line 2430
[06-Jan-2023 13:48:11 Asia/Kolkata] PHP Notice:  Trying to access array offset on value of type null in /var/www/html/erpm/TCPDF/tcpdf.php on line 2430
[06-Jan-2023 13:48:11 Asia/Kolkata] PHP Notice:  Trying to access array offset on value of type null in /var/www/html/erpm/TCPDF/tcpdf.php on line 2430
[06-Jan-2023 13:48:11 Asia/Kolkata] PHP Notice:  Trying to access array offset on value of type null in /var/www/html/erpm/TCPDF/tcpdf.php on line 2430
[06-Jan-2023 13:48:11 Asia/Kolkata] PHP Notice:  Trying to access array offset on value of type null in /var/www/html/erpm/TCPDF/tcpdf.php on line 7372
[06-Jan-2023 13:48:11 Asia/Kolkata] PHP Notice:  Trying to access array offset on value of type null in /var/www/html/erpm/TCPDF/tcpdf.php on line 2430
[06-Jan-2023 13:48:11 Asia/Kolkata] PHP Notice:  Trying to access array offset on value of type null in /var/www/html/erpm/TCPDF/tcpdf.php on line 2430
[06-Jan-2023 13:48:11 Asia/Kolkata] PHP Notice:  Trying to access array offset on value of type null in /var/www/html/erpm/TCPDF/tcpdf.php on line 2430
[06-Jan-2023 13:48:11 Asia/Kolkata] PHP Notice:  Trying to access array offset on value of type null in /var/www/html/erpm/TCPDF/tcpdf.php on line 2430
[06-Jan-2023 13:48:11 Asia/Kolkata] PHP Notice:  Trying to access array offset on value of type null in /var/www/html/erpm/TCPDF/tcpdf.php on line 2430
[06-Jan-2023 13:48:11 Asia/Kolkata] PHP Notice:  Trying to access array offset on value of type null in /var/www/html/erpm/TCPDF/tcpdf.php on line 2430
[06-Jan-2023 13:48:11 Asia/Kolkata] PHP Notice:  Trying to access array offset on value of type null in /var/www/html/erpm/TCPDF/tcpdf.php on line 7372
[06-Jan-2023 13:48:11 Asia/Kolkata] PHP Notice:  Trying to access array offset on value of type null in /var/www/html/erpm/TCPDF/tcpdf.php on line 2430
[06-Jan-2023 13:48:11 Asia/Kolkata] PHP Notice:  Trying to access array offset on value of type null in /var/www/html/erpm/TCPDF/tcpdf.php on line 2430
[06-Jan-2023 13:48:11 Asia/Kolkata] PHP Notice:  Trying to access array offset on value of type null in /var/www/html/erpm/TCPDF/tcpdf.php on line 2430
[06-Jan-2023 13:48:11 Asia/Kolkata] PHP Notice:  Trying to access array offset on value of type null in /var/www/html/erpm/TCPDF/tcpdf.php on line 2430
[06-Jan-2023 13:48:11 Asia/Kolkata] PHP Notice:  Trying to access array offset on value of type null in /var/www/html/erpm/TCPDF/tcpdf.php on line 2430
[06-Jan-2023 13:48:11 Asia/Kolkata] PHP Notice:  Trying to access array offset on value of type null in /var/www/html/erpm/TCPDF/tcpdf.php on line 2430
[06-Jan-2023 13:48:11 Asia/Kolkata] PHP Notice:  Trying to access array offset on value of type null in /var/www/html/erpm/TCPDF/tcpdf.php on line 2430
[06-Jan-2023 13:48:11 Asia/Kolkata] PHP Notice:  Trying to access array offset on value of type null in /var/www/html/erpm/TCPDF/tcpdf.php on line 2430
[06-Jan-2023 13:48:11 Asia/Kolkata] PHP Notice:  Trying to access array offset on value of type null in /var/www/html/erpm/TCPDF/tcpdf.php on line 2430
[06-Jan-2023 13:48:11 Asia/Kolkata] PHP Notice:  Trying to access array offset on value of type null in /var/www/html/erpm/TCPDF/tcpdf.php on line 2430
[06-Jan-2023 13:48:11 Asia/Kolkata] PHP Notice:  Trying to access array offset on value of type null in /var/www/html/erpm/TCPDF/tcpdf.php on line 2430
[06-Jan-2023 13:48:11 Asia/Kolkata] PHP Notice:  Trying to access array offset on value of type null in /var/www/html/erpm/TCPDF/tcpdf.php on line 2430
[06-Jan-2023 13:48:11 Asia/Kolkata] PHP Notice:  Trying to access array offset on value of type null in /var/www/html/erpm/TCPDF/tcpdf.php on line 7372
[06-Jan-2023 13:48:11 Asia/Kolkata] PHP Notice:  Trying to access array offset on value of type null in /var/www/html/erpm/TCPDF/tcpdf.php on line 2430
[06-Jan-2023 13:48:11 Asia/Kolkata] PHP Notice:  Trying to access array offset on value of type null in /var/www/html/erpm/TCPDF/tcpdf.php on line 2430
[06-Jan-2023 13:48:11 Asia/Kolkata] PHP Notice:  Trying to access array offset on value of type null in /var/www/html/erpm/TCPDF/tcpdf.php on line 2430
[06-Jan-2023 13:48:11 Asia/Kolkata] PHP Notice:  Trying to access array offset on value of type null in /var/www/html/erpm/TCPDF/tcpdf.php on line 2430
[06-Jan-2023 13:48:11 Asia/Kolkata] PHP Notice:  Trying to access array offset on value of type null in /var/www/html/erpm/TCPDF/tcpdf.php on line 2430
[06-Jan-2023 13:48:11 Asia/Kolkata] PHP Notice:  Trying to access array offset on value of type null in /var/www/html/erpm/TCPDF/tcpdf.php on line 2430
[06-Jan-2023 13:48:11 Asia/Kolkata] PHP Notice:  Trying to access array offset on value of type null in /var/www/html/erpm/TCPDF/tcpdf.php on line 2430
[06-Jan-2023 13:48:11 Asia/Kolkata] PHP Notice:  Trying to access array offset on value of type null in /var/www/html/erpm/TCPDF/tcpdf.php on line 2430
[06-Jan-2023 13:48:11 Asia/Kolkata] PHP Notice:  Trying to access array offset on value of type null in /var/www/html/erpm/TCPDF/tcpdf.php on line 7372
[06-Jan-2023 13:48:11 Asia/Kolkata] PHP Warning:  Use of undefined constant EMAIL_HOST - assumed 'EMAIL_HOST' (this will throw an Error in a future version of PHP) in /var/www/html/erpm/View/promotion_Ack.php on line 202
[06-Jan-2023 13:48:11 Asia/Kolkata] PHP Warning:  Use of undefined constant EMAIL_AUTH - assumed 'EMAIL_AUTH' (this will throw an Error in a future version of PHP) in /var/www/html/erpm/View/promotion_Ack.php on line 203
[06-Jan-2023 13:48:11 Asia/Kolkata] PHP Warning:  Use of undefined constant EMAIL_USER - assumed 'EMAIL_USER' (this will throw an Error in a future version of PHP) in /var/www/html/erpm/View/promotion_Ack.php on line 204
[06-Jan-2023 13:48:11 Asia/Kolkata] PHP Warning:  Use of undefined constant EMAIL_PASS - assumed 'EMAIL_PASS' (this will throw an Error in a future version of PHP) in /var/www/html/erpm/View/promotion_Ack.php on line 205
[06-Jan-2023 13:48:11 Asia/Kolkata] PHP Warning:  Use of undefined constant EMAIL_SMTPSecure - assumed 'EMAIL_SMTPSecure' (this will throw an Error in a future version of PHP) in /var/www/html/erpm/View/promotion_Ack.php on line 206
[06-Jan-2023 13:48:11 Asia/Kolkata] PHP Warning:  Use of undefined constant EMAIL_PORT - assumed 'EMAIL_PORT' (this will throw an Error in a future version of PHP) in /var/www/html/erpm/View/promotion_Ack.php on line 207
[06-Jan-2023 13:48:11 Asia/Kolkata] PHP Warning:  Use of undefined constant EMAIL_FROM - assumed 'EMAIL_FROM' (this will throw an Error in a future version of PHP) in /var/www/html/erpm/View/promotion_Ack.php on line 208
[06-Jan-2023 13:48:11 Asia/Kolkata] PHP Deprecated:  Function get_magic_quotes_runtime() is deprecated in /var/www/html/erpm/AppData/lib/PHPMailer-master/class.phpmailer.php on line 2574
