[23-Jan-2023 10:11:12 Asia/Kolkata] PHP Warning:  Undefined array key "__user_logid" in C:\wamp64\www\emsdemo\AppCode\nHead.php on line 2
[23-Jan-2023 10:11:12 Asia/Kolkata] PHP Stack trace:
[23-Jan-2023 10:11:12 Asia/Kolkata] PHP   1. {main}() C:\wamp64\www\emsdemo\View\index.php:0
[23-Jan-2023 10:11:12 Asia/Kolkata] PHP   2. require() C:\wamp64\www\emsdemo\View\index.php:14
[23-Jan-2023 10:11:46 Asia/Kolkata] PHP Warning:  Undefined array key "to" in C:\wamp64\www\emsdemo\View\calcRange.php on line 42
[23-Jan-2023 10:11:46 Asia/Kolkata] PHP Stack trace:
[23-Jan-2023 10:11:46 Asia/Kolkata] PHP   1. {main}() C:\wamp64\www\emsdemo\View\calcRange.php:0
[23-Jan-2023 10:11:49 Asia/Kolkata] PHP Notice:  Object of class mysqli_result could not be converted to int in C:\wamp64\www\emsdemo\View\calcRange.php on line 412
[23-Jan-2023 10:11:49 Asia/Kolkata] PHP Stack trace:
[23-Jan-2023 10:11:49 Asia/Kolkata] PHP   1. {main}() C:\wamp64\www\emsdemo\View\calcRange.php:0
[23-Jan-2023 10:11:49 Asia/Kolkata] PHP   2. BioMetric->__construct($EmployeeID = 'CE01145570', $DateFrom = '2023-01-22', $DateTo = '2023-01-22', $Emd_des = 'Manager', $Emp_status = 6, $emp_dod = NULL, $emp_module = '2014-01-07 00:00:00') C:\wamp64\www\emsdemo\View\calcRange.php:2358
[23-Jan-2023 10:11:49 Asia/Kolkata] PHP Warning:  Undefined array key "2023-01-22" in C:\wamp64\www\emsdemo\View\calcRange.php on line 583
[23-Jan-2023 10:11:49 Asia/Kolkata] PHP Stack trace:
[23-Jan-2023 10:11:49 Asia/Kolkata] PHP   1. {main}() C:\wamp64\www\emsdemo\View\calcRange.php:0
[23-Jan-2023 10:11:49 Asia/Kolkata] PHP   2. BioMetric->__construct($EmployeeID = 'CE01145570', $DateFrom = '2023-01-22', $DateTo = '2023-01-22', $Emd_des = 'Manager', $Emp_status = 6, $emp_dod = NULL, $emp_module = '2014-01-07 00:00:00') C:\wamp64\www\emsdemo\View\calcRange.php:2358
[23-Jan-2023 10:11:49 Asia/Kolkata] PHP   3. BioMetric->__calculation_for_day($__date = '2023-01-22', $__EmpID = 'CE01145570', $__des = 'Manager', $__status = 6) C:\wamp64\www\emsdemo\View\calcRange.php:558
[23-Jan-2023 10:11:49 Asia/Kolkata] PHP Warning:  Undefined array key "2023-01-22" in C:\wamp64\www\emsdemo\View\calcRange.php on line 932
[23-Jan-2023 10:11:49 Asia/Kolkata] PHP Stack trace:
[23-Jan-2023 10:11:49 Asia/Kolkata] PHP   1. {main}() C:\wamp64\www\emsdemo\View\calcRange.php:0
[23-Jan-2023 10:11:49 Asia/Kolkata] PHP   2. BioMetric->__construct($EmployeeID = 'CE01145570', $DateFrom = '2023-01-22', $DateTo = '2023-01-22', $Emd_des = 'Manager', $Emp_status = 6, $emp_dod = NULL, $emp_module = '2014-01-07 00:00:00') C:\wamp64\www\emsdemo\View\calcRange.php:2358
[23-Jan-2023 10:11:49 Asia/Kolkata] PHP   3. BioMetric->__calculation_for_day($__date = '2023-01-22', $__EmpID = 'CE01145570', $__des = 'Manager', $__status = 6) C:\wamp64\www\emsdemo\View\calcRange.php:558
[23-Jan-2023 10:11:49 Asia/Kolkata] PHP Warning:  Undefined array key "2023-01-22" in C:\wamp64\www\emsdemo\View\calcRange.php on line 1225
[23-Jan-2023 10:11:49 Asia/Kolkata] PHP Stack trace:
[23-Jan-2023 10:11:49 Asia/Kolkata] PHP   1. {main}() C:\wamp64\www\emsdemo\View\calcRange.php:0
[23-Jan-2023 10:11:49 Asia/Kolkata] PHP   2. BioMetric->__construct($EmployeeID = 'CE01145570', $DateFrom = '2023-01-22', $DateTo = '2023-01-22', $Emd_des = 'Manager', $Emp_status = 6, $emp_dod = NULL, $emp_module = '2014-01-07 00:00:00') C:\wamp64\www\emsdemo\View\calcRange.php:2358
[23-Jan-2023 10:11:49 Asia/Kolkata] PHP   3. BioMetric->__calculation_for_day($__date = '2023-01-22', $__EmpID = 'CE01145570', $__des = 'Manager', $__status = 6) C:\wamp64\www\emsdemo\View\calcRange.php:558
[23-Jan-2023 10:11:50 Asia/Kolkata] PHP Warning:  Array to string conversion in C:\wamp64\www\emsdemo\View\calcRange.php on line 1559
[23-Jan-2023 10:11:50 Asia/Kolkata] PHP Stack trace:
[23-Jan-2023 10:11:50 Asia/Kolkata] PHP   1. {main}() C:\wamp64\www\emsdemo\View\calcRange.php:0
[23-Jan-2023 10:11:50 Asia/Kolkata] PHP   2. BioMetric->__construct($EmployeeID = 'CE01145570', $DateFrom = '2023-01-22', $DateTo = '2023-01-22', $Emd_des = 'Manager', $Emp_status = 6, $emp_dod = NULL, $emp_module = '2014-01-07 00:00:00') C:\wamp64\www\emsdemo\View\calcRange.php:2358
[23-Jan-2023 10:11:50 Asia/Kolkata] PHP   3. BioMetric->__calculation_for_day($__date = '2023-01-22', $__EmpID = 'CE01145570', $__des = 'Manager', $__status = 6) C:\wamp64\www\emsdemo\View\calcRange.php:558
[23-Jan-2023 10:41:14 Asia/Kolkata] PHP Notice:  Undefined index: __user_logid in C:\wamp64\www\emsdemo\AppCode\nHead.php on line 2
[23-Jan-2023 10:41:14 Asia/Kolkata] PHP Stack trace:
[23-Jan-2023 10:41:14 Asia/Kolkata] PHP   1. {main}() C:\wamp64\www\emsdemo\View\EmployeInfo.php:0
[23-Jan-2023 10:41:14 Asia/Kolkata] PHP   2. require() C:\wamp64\www\emsdemo\View\EmployeInfo.php:6
[23-Jan-2023 10:41:41 Asia/Kolkata] PHP Notice:  Undefined variable: locationdir in C:\wamp64\www\emsdemo\View\EmployeInfo.php on line 160
[23-Jan-2023 10:41:41 Asia/Kolkata] PHP Stack trace:
[23-Jan-2023 10:41:41 Asia/Kolkata] PHP   1. {main}() C:\wamp64\www\emsdemo\View\EmployeInfo.php:0
[23-Jan-2023 10:41:45 Asia/Kolkata] PHP Notice:  Trying to access array offset on value of type int in C:\wamp64\www\emsdemo\View\EmployeInfo.php on line 879
[23-Jan-2023 10:41:45 Asia/Kolkata] PHP Stack trace:
[23-Jan-2023 10:41:45 Asia/Kolkata] PHP   1. {main}() C:\wamp64\www\emsdemo\View\EmployeInfo.php:0
[23-Jan-2023 10:41:45 Asia/Kolkata] PHP Notice:  Trying to access array offset on value of type int in C:\wamp64\www\emsdemo\View\EmployeInfo.php on line 879
[23-Jan-2023 10:41:45 Asia/Kolkata] PHP Stack trace:
[23-Jan-2023 10:41:45 Asia/Kolkata] PHP   1. {main}() C:\wamp64\www\emsdemo\View\EmployeInfo.php:0
[23-Jan-2023 10:41:45 Asia/Kolkata] PHP Notice:  Trying to access array offset on value of type int in C:\wamp64\www\emsdemo\View\EmployeInfo.php on line 879
[23-Jan-2023 10:41:45 Asia/Kolkata] PHP Stack trace:
[23-Jan-2023 10:41:45 Asia/Kolkata] PHP   1. {main}() C:\wamp64\www\emsdemo\View\EmployeInfo.php:0
[23-Jan-2023 10:41:46 Asia/Kolkata] PHP Notice:  Undefined variable: imsrc_rrrt in C:\wamp64\www\emsdemo\View\EmployeInfo.php on line 1367
[23-Jan-2023 10:41:46 Asia/Kolkata] PHP Stack trace:
[23-Jan-2023 10:41:46 Asia/Kolkata] PHP   1. {main}() C:\wamp64\www\emsdemo\View\EmployeInfo.php:0
[23-Jan-2023 10:43:02 Asia/Kolkata] PHP Notice:  Undefined variable: locationdir in C:\wamp64\www\emsdemo\View\EmployeInfo.php on line 160
[23-Jan-2023 10:43:02 Asia/Kolkata] PHP Stack trace:
[23-Jan-2023 10:43:02 Asia/Kolkata] PHP   1. {main}() C:\wamp64\www\emsdemo\View\EmployeInfo.php:0
[23-Jan-2023 10:43:05 Asia/Kolkata] PHP Notice:  Trying to access array offset on value of type int in C:\wamp64\www\emsdemo\View\EmployeInfo.php on line 879
[23-Jan-2023 10:43:05 Asia/Kolkata] PHP Stack trace:
[23-Jan-2023 10:43:05 Asia/Kolkata] PHP   1. {main}() C:\wamp64\www\emsdemo\View\EmployeInfo.php:0
[23-Jan-2023 10:43:05 Asia/Kolkata] PHP Notice:  Trying to access array offset on value of type int in C:\wamp64\www\emsdemo\View\EmployeInfo.php on line 879
[23-Jan-2023 10:43:05 Asia/Kolkata] PHP Stack trace:
[23-Jan-2023 10:43:05 Asia/Kolkata] PHP   1. {main}() C:\wamp64\www\emsdemo\View\EmployeInfo.php:0
[23-Jan-2023 10:43:05 Asia/Kolkata] PHP Notice:  Trying to access array offset on value of type int in C:\wamp64\www\emsdemo\View\EmployeInfo.php on line 879
[23-Jan-2023 10:43:05 Asia/Kolkata] PHP Stack trace:
[23-Jan-2023 10:43:05 Asia/Kolkata] PHP   1. {main}() C:\wamp64\www\emsdemo\View\EmployeInfo.php:0
[23-Jan-2023 10:43:07 Asia/Kolkata] PHP Notice:  Undefined variable: imsrc_rrrt in C:\wamp64\www\emsdemo\View\EmployeInfo.php on line 1367
[23-Jan-2023 10:43:07 Asia/Kolkata] PHP Stack trace:
[23-Jan-2023 10:43:07 Asia/Kolkata] PHP   1. {main}() C:\wamp64\www\emsdemo\View\EmployeInfo.php:0
