[05-Jan-2023 17:18:20 Asia/Kolkata] PHP Notice:  Undefined index: __user_logid in /var/www/html/erpm/AppCode/nHead.php on line 2
[05-Jan-2023 17:18:22 Asia/Kolkata] PHP Warning:  mysqli_stmt::bind_param(): Number of elements in type definition string doesn't match number of bind variables in /var/www/html/erpm/Controller/ConLog.php on line 464
[05-Jan-2023 17:18:24 Asia/Kolkata] PHP Notice:  Trying to access array offset on value of type null in /var/www/html/erpm/View/index.php on line 346
[05-Jan-2023 17:24:28 Asia/Kolkata] PHP Notice:  Undefined variable: clean_from_date in /var/www/html/erpm/View/site_master_report.php on line 22
[05-Jan-2023 17:24:28 Asia/Kolkata] PHP Notice:  Undefined index: location in /var/www/html/erpm/View/site_master_report.php on line 154
[05-Jan-2023 17:24:28 Asia/Kolkata] PHP Notice:  Undefined index: site in /var/www/html/erpm/View/site_master_report.php on line 155
[05-Jan-2023 17:24:28 Asia/Kolkata] PHP Notice:  Undefined index: capacity in /var/www/html/erpm/View/site_master_report.php on line 156
[05-Jan-2023 17:24:28 Asia/Kolkata] PHP Notice:  Undefined index: ClientName in /var/www/html/erpm/View/site_master_report.php on line 157
[05-Jan-2023 17:24:28 Asia/Kolkata] PHP Notice:  Undefined index: process in /var/www/html/erpm/View/site_master_report.php on line 158
[05-Jan-2023 17:24:28 Asia/Kolkata] PHP Notice:  Undefined index: seat in /var/www/html/erpm/View/site_master_report.php on line 159
[05-Jan-2023 17:24:28 Asia/Kolkata] PHP Notice:  Undefined index: item in /var/www/html/erpm/View/site_master_report.php on line 161
[05-Jan-2023 17:24:28 Asia/Kolkata] PHP Notice:  Undefined index: price in /var/www/html/erpm/View/site_master_report.php on line 162
[05-Jan-2023 17:30:59 Asia/Kolkata] PHP Notice:  Undefined index: __user_logid in /var/www/html/erpm/AppCode/nHead.php on line 2
[05-Jan-2023 17:31:17 Asia/Kolkata] PHP Warning:  mysqli_stmt::bind_param(): Number of elements in type definition string doesn't match number of bind variables in /var/www/html/erpm/Controller/ConLog.php on line 464
[05-Jan-2023 17:32:37 Asia/Kolkata] PHP Notice:  Undefined index: txt_dateMonth in /var/www/html/erpm/View/team_atnd.php on line 32
[05-Jan-2023 17:32:40 Asia/Kolkata] PHP Notice:  Trying to access array offset on value of type null in /var/www/html/erpm/View/team_atnd.php on line 247
[05-Jan-2023 17:32:40 Asia/Kolkata] PHP Notice:  Trying to access array offset on value of type null in /var/www/html/erpm/View/team_atnd.php on line 319
[05-Jan-2023 17:32:46 Asia/Kolkata] PHP Notice:  Undefined index: __user_logid in /var/www/html/erpm/AppCode/nHead.php on line 2
[05-Jan-2023 17:32:48 Asia/Kolkata] PHP Notice:  Undefined index: emp_status in /var/www/html/erpm/View/rpt_Roster_for_rt.php on line 176
[05-Jan-2023 17:32:48 Asia/Kolkata] PHP Notice:  Undefined index: emp_status in /var/www/html/erpm/View/rpt_Roster_for_rt.php on line 180
[05-Jan-2023 17:32:49 Asia/Kolkata] PHP Warning:  mysqli_stmt::bind_param(): Number of elements in type definition string doesn't match number of bind variables in /var/www/html/erpm/Controller/ConLog.php on line 464
[05-Jan-2023 17:32:49 Asia/Kolkata] PHP Warning:  Use of undefined constant EMS_CenterName - assumed 'EMS_CenterName' (this will throw an Error in a future version of PHP) in /var/www/html/erpm/Controller/ConLog.php on line 470
[05-Jan-2023 17:32:49 Asia/Kolkata] PHP Warning:  Use of undefined constant EMAIL_HOST - assumed 'EMAIL_HOST' (this will throw an Error in a future version of PHP) in /var/www/html/erpm/Controller/ConLog.php on line 473
[05-Jan-2023 17:32:49 Asia/Kolkata] PHP Warning:  Use of undefined constant EMAIL_AUTH - assumed 'EMAIL_AUTH' (this will throw an Error in a future version of PHP) in /var/www/html/erpm/Controller/ConLog.php on line 474
[05-Jan-2023 17:32:49 Asia/Kolkata] PHP Warning:  Use of undefined constant EMAIL_USER - assumed 'EMAIL_USER' (this will throw an Error in a future version of PHP) in /var/www/html/erpm/Controller/ConLog.php on line 475
[05-Jan-2023 17:32:49 Asia/Kolkata] PHP Warning:  Use of undefined constant EMAIL_PASS - assumed 'EMAIL_PASS' (this will throw an Error in a future version of PHP) in /var/www/html/erpm/Controller/ConLog.php on line 476
[05-Jan-2023 17:32:49 Asia/Kolkata] PHP Warning:  Use of undefined constant EMAIL_SMTPSecure - assumed 'EMAIL_SMTPSecure' (this will throw an Error in a future version of PHP) in /var/www/html/erpm/Controller/ConLog.php on line 477
[05-Jan-2023 17:32:49 Asia/Kolkata] PHP Warning:  Use of undefined constant EMAIL_PORT - assumed 'EMAIL_PORT' (this will throw an Error in a future version of PHP) in /var/www/html/erpm/Controller/ConLog.php on line 478
[05-Jan-2023 17:32:49 Asia/Kolkata] PHP Warning:  Use of undefined constant EMAIL_FROM - assumed 'EMAIL_FROM' (this will throw an Error in a future version of PHP) in /var/www/html/erpm/Controller/ConLog.php on line 479
[05-Jan-2023 17:32:49 Asia/Kolkata] PHP Warning:  Use of undefined constant EMS_CenterName - assumed 'EMS_CenterName' (this will throw an Error in a future version of PHP) in /var/www/html/erpm/Controller/ConLog.php on line 482
[05-Jan-2023 17:32:53 Asia/Kolkata] PHP Notice:  Undefined index: txt_dateFrom in /var/www/html/erpm/View/message-popup.php on line 27
[05-Jan-2023 17:32:53 Asia/Kolkata] PHP Notice:  Undefined index: txt_dateto in /var/www/html/erpm/View/message-popup.php on line 34
[05-Jan-2023 17:32:54 Asia/Kolkata] PHP Notice:  Undefined index: txt_dateFor in /var/www/html/erpm/View/rpt_WeeklyRoster.php on line 30
[05-Jan-2023 17:32:54 Asia/Kolkata] PHP Notice:  Undefined index: txt_Process in /var/www/html/erpm/View/rpt_WeeklyRoster.php on line 37
[05-Jan-2023 17:32:54 Asia/Kolkata] PHP Notice:  Undefined index: txt_Process in /var/www/html/erpm/View/rpt_WeeklyRoster.php on line 191
[05-Jan-2023 17:33:02 Asia/Kolkata] PHP Notice:  Undefined index: __user_logid in /var/www/html/erpm/AppCode/nHead.php on line 2
[05-Jan-2023 17:33:06 Asia/Kolkata] PHP Warning:  mysqli_stmt::bind_param(): Number of elements in type definition string doesn't match number of bind variables in /var/www/html/erpm/Controller/ConLog.php on line 464
[05-Jan-2023 17:33:08 Asia/Kolkata] PHP Notice:  Trying to access array offset on value of type null in /var/www/html/erpm/View/index.php on line 346
[05-Jan-2023 17:35:31 Asia/Kolkata] PHP Notice:  Undefined index: travel_date in /var/www/html/erpm/View/expenses.php on line 60
[05-Jan-2023 17:35:31 Asia/Kolkata] PHP Notice:  Undefined index: placeFrom in /var/www/html/erpm/View/expenses.php on line 61
[05-Jan-2023 17:35:31 Asia/Kolkata] PHP Notice:  Undefined index: placeTO in /var/www/html/erpm/View/expenses.php on line 62
[05-Jan-2023 17:35:31 Asia/Kolkata] PHP Notice:  Undefined index: modeOftravel in /var/www/html/erpm/View/expenses.php on line 63
[05-Jan-2023 17:35:31 Asia/Kolkata] PHP Notice:  Undefined index: receipt_no in /var/www/html/erpm/View/expenses.php on line 66
[05-Jan-2023 17:35:31 Asia/Kolkata] PHP Notice:  Undefined index: remarks in /var/www/html/erpm/View/expenses.php on line 68
[05-Jan-2023 17:35:31 Asia/Kolkata] PHP Notice:  Undefined index: returnDate in /var/www/html/erpm/View/expenses.php on line 74
[05-Jan-2023 17:35:31 Asia/Kolkata] PHP Notice:  Undefined index: car_km in /var/www/html/erpm/View/expenses.php on line 75
[05-Jan-2023 17:35:43 Asia/Kolkata] PHP Notice:  Undefined index: travel_date in /var/www/html/erpm/View/expenses.php on line 60
[05-Jan-2023 17:35:43 Asia/Kolkata] PHP Notice:  Undefined index: placeFrom in /var/www/html/erpm/View/expenses.php on line 61
[05-Jan-2023 17:35:43 Asia/Kolkata] PHP Notice:  Undefined index: placeTO in /var/www/html/erpm/View/expenses.php on line 62
[05-Jan-2023 17:35:43 Asia/Kolkata] PHP Notice:  Undefined index: modeOftravel in /var/www/html/erpm/View/expenses.php on line 63
[05-Jan-2023 17:35:43 Asia/Kolkata] PHP Notice:  Undefined index: receipt_no in /var/www/html/erpm/View/expenses.php on line 66
[05-Jan-2023 17:35:43 Asia/Kolkata] PHP Notice:  Undefined index: remarks in /var/www/html/erpm/View/expenses.php on line 68
[05-Jan-2023 17:35:43 Asia/Kolkata] PHP Notice:  Undefined index: returnDate in /var/www/html/erpm/View/expenses.php on line 74
[05-Jan-2023 17:35:43 Asia/Kolkata] PHP Notice:  Undefined index: car_km in /var/www/html/erpm/View/expenses.php on line 75
[05-Jan-2023 17:35:45 Asia/Kolkata] PHP Notice:  Undefined index: travel_date in /var/www/html/erpm/View/expenses.php on line 60
[05-Jan-2023 17:35:45 Asia/Kolkata] PHP Notice:  Undefined index: placeFrom in /var/www/html/erpm/View/expenses.php on line 61
[05-Jan-2023 17:35:45 Asia/Kolkata] PHP Notice:  Undefined index: placeTO in /var/www/html/erpm/View/expenses.php on line 62
[05-Jan-2023 17:35:45 Asia/Kolkata] PHP Notice:  Undefined index: modeOftravel in /var/www/html/erpm/View/expenses.php on line 63
[05-Jan-2023 17:35:45 Asia/Kolkata] PHP Notice:  Undefined index: receipt_no in /var/www/html/erpm/View/expenses.php on line 66
[05-Jan-2023 17:35:45 Asia/Kolkata] PHP Notice:  Undefined index: remarks in /var/www/html/erpm/View/expenses.php on line 68
[05-Jan-2023 17:35:45 Asia/Kolkata] PHP Notice:  Undefined index: returnDate in /var/www/html/erpm/View/expenses.php on line 74
[05-Jan-2023 17:35:45 Asia/Kolkata] PHP Notice:  Undefined index: car_km in /var/www/html/erpm/View/expenses.php on line 75
[05-Jan-2023 17:36:05 Asia/Kolkata] PHP Warning:  include_once(../Services/sendsms_API1.php): failed to open stream: No such file or directory in /var/www/html/erpm/View/ALsendOnEmail.php on line 12
[05-Jan-2023 17:36:05 Asia/Kolkata] PHP Warning:  include_once(): Failed opening '../Services/sendsms_API1.php' for inclusion (include_path='.:/usr/share/php') in /var/www/html/erpm/View/ALsendOnEmail.php on line 12
[05-Jan-2023 17:36:26 Asia/Kolkata] PHP Notice:  Undefined index: module_name in /var/www/html/erpm/View/manage_module.php on line 47
[05-Jan-2023 17:36:26 Asia/Kolkata] PHP Notice:  Undefined index: addmodule in /var/www/html/erpm/View/manage_module.php on line 48
[05-Jan-2023 17:36:26 Asia/Kolkata] PHP Notice:  Undefined index: id in /var/www/html/erpm/View/manage_module.php on line 80
[05-Jan-2023 17:39:14 Asia/Kolkata] PHP Notice:  Undefined index: empid in /var/www/html/erpm/Controller/GetEmployee.php on line 10
[05-Jan-2023 17:41:16 Asia/Kolkata] PHP Notice:  Undefined index: __user_logid in /var/www/html/erpm/AppCode/nHead.php on line 2
[05-Jan-2023 17:41:34 Asia/Kolkata] PHP Warning:  mysqli_stmt::bind_param(): Number of elements in type definition string doesn't match number of bind variables in /var/www/html/erpm/Controller/ConLog.php on line 464
[05-Jan-2023 17:41:53 Asia/Kolkata] PHP Notice:  Undefined index: addmodule in /var/www/html/erpm/View/manage_module.php on line 48
[05-Jan-2023 17:42:03 Asia/Kolkata] PHP Warning:  mysqli_stmt::bind_param(): Number of elements in type definition string doesn't match number of bind variables in /var/www/html/erpm/Controller/ConLog.php on line 464
[05-Jan-2023 17:42:04 Asia/Kolkata] PHP Notice:  Trying to access array offset on value of type null in /var/www/html/erpm/View/index.php on line 346
[05-Jan-2023 17:55:48 Asia/Kolkata] PHP Notice:  Undefined index: __user_logid in /var/www/html/erpm/AppCode/nHead.php on line 2
[05-Jan-2023 17:56:31 Asia/Kolkata] PHP Warning:  mysqli_stmt::bind_param(): Number of elements in type definition string doesn't match number of bind variables in /var/www/html/erpm/Controller/ConLog.php on line 464
[05-Jan-2023 17:56:31 Asia/Kolkata] PHP Warning:  Use of undefined constant EMS_CenterName - assumed 'EMS_CenterName' (this will throw an Error in a future version of PHP) in /var/www/html/erpm/Controller/ConLog.php on line 470
[05-Jan-2023 17:56:31 Asia/Kolkata] PHP Warning:  Use of undefined constant EMAIL_HOST - assumed 'EMAIL_HOST' (this will throw an Error in a future version of PHP) in /var/www/html/erpm/Controller/ConLog.php on line 473
[05-Jan-2023 17:56:31 Asia/Kolkata] PHP Warning:  Use of undefined constant EMAIL_AUTH - assumed 'EMAIL_AUTH' (this will throw an Error in a future version of PHP) in /var/www/html/erpm/Controller/ConLog.php on line 474
[05-Jan-2023 17:56:31 Asia/Kolkata] PHP Warning:  Use of undefined constant EMAIL_USER - assumed 'EMAIL_USER' (this will throw an Error in a future version of PHP) in /var/www/html/erpm/Controller/ConLog.php on line 475
[05-Jan-2023 17:56:31 Asia/Kolkata] PHP Warning:  Use of undefined constant EMAIL_PASS - assumed 'EMAIL_PASS' (this will throw an Error in a future version of PHP) in /var/www/html/erpm/Controller/ConLog.php on line 476
[05-Jan-2023 17:56:31 Asia/Kolkata] PHP Warning:  Use of undefined constant EMAIL_SMTPSecure - assumed 'EMAIL_SMTPSecure' (this will throw an Error in a future version of PHP) in /var/www/html/erpm/Controller/ConLog.php on line 477
[05-Jan-2023 17:56:31 Asia/Kolkata] PHP Warning:  Use of undefined constant EMAIL_PORT - assumed 'EMAIL_PORT' (this will throw an Error in a future version of PHP) in /var/www/html/erpm/Controller/ConLog.php on line 478
[05-Jan-2023 17:56:31 Asia/Kolkata] PHP Warning:  Use of undefined constant EMAIL_FROM - assumed 'EMAIL_FROM' (this will throw an Error in a future version of PHP) in /var/www/html/erpm/Controller/ConLog.php on line 479
[05-Jan-2023 17:56:31 Asia/Kolkata] PHP Warning:  Use of undefined constant EMS_CenterName - assumed 'EMS_CenterName' (this will throw an Error in a future version of PHP) in /var/www/html/erpm/Controller/ConLog.php on line 482
[05-Jan-2023 17:56:35 Asia/Kolkata] PHP Notice:  Undefined index: txt_dateFrom in /var/www/html/erpm/View/message-popup.php on line 27
[05-Jan-2023 17:56:35 Asia/Kolkata] PHP Notice:  Undefined index: txt_dateto in /var/www/html/erpm/View/message-popup.php on line 34
