[01-Feb-2023 11:00:41 Asia/Kolkata] PHP Warning:  Undefined array key "__user_logid" in C:\wamp64\www\emsdemo\AppCode\nHead.php on line 2
[01-Feb-2023 11:00:41 Asia/Kolkata] PHP Stack trace:
[01-Feb-2023 11:00:41 Asia/Kolkata] PHP   1. {main}() C:\wamp64\www\emsdemo\View\changepwd.php:0
[01-Feb-2023 11:00:41 Asia/Kolkata] PHP   2. require() C:\wamp64\www\emsdemo\View\changepwd.php:9
[01-Feb-2023 11:00:58 Asia/Kolkata] PHP Warning:  Trying to access array offset on value of type null in C:\wamp64\www\emsdemo\View\index.php on line 356
[01-Feb-2023 11:00:58 Asia/Kolkata] PHP Stack trace:
[01-Feb-2023 11:00:58 Asia/Kolkata] PHP   1. {main}() C:\wamp64\www\emsdemo\View\index.php:0
[01-Feb-2023 11:02:01 Asia/Kolkata] PHP Warning:  Trying to access array offset on value of type null in C:\wamp64\www\emsdemo\View\index.php on line 356
[01-Feb-2023 11:02:01 Asia/Kolkata] PHP Stack trace:
[01-Feb-2023 11:02:01 Asia/Kolkata] PHP   1. {main}() C:\wamp64\www\emsdemo\View\index.php:0
[01-Feb-2023 11:11:44 Asia/Kolkata] PHP Warning:  Trying to access array offset on value of type null in C:\wamp64\www\emsdemo\View\index.php on line 356
[01-Feb-2023 11:11:44 Asia/Kolkata] PHP Stack trace:
[01-Feb-2023 11:11:44 Asia/Kolkata] PHP   1. {main}() C:\wamp64\www\emsdemo\View\index.php:0
[01-Feb-2023 11:11:55 Asia/Kolkata] PHP Warning:  Undefined array key "__user_logid" in C:\wamp64\www\emsdemo\AppCode\nHead.php on line 2
[01-Feb-2023 11:11:55 Asia/Kolkata] PHP Stack trace:
[01-Feb-2023 11:11:55 Asia/Kolkata] PHP   1. {main}() C:\wamp64\www\emsdemo\View\index.php:0
[01-Feb-2023 11:11:55 Asia/Kolkata] PHP   2. require() C:\wamp64\www\emsdemo\View\index.php:14
[01-Feb-2023 11:12:16 Asia/Kolkata] PHP Warning:  Trying to access array offset on value of type null in C:\wamp64\www\emsdemo\View\index.php on line 356
[01-Feb-2023 11:12:16 Asia/Kolkata] PHP Stack trace:
[01-Feb-2023 11:12:16 Asia/Kolkata] PHP   1. {main}() C:\wamp64\www\emsdemo\View\index.php:0
[01-Feb-2023 11:12:25 Asia/Kolkata] PHP Warning:  Trying to access array offset on value of type null in C:\wamp64\www\emsdemo\View\index.php on line 356
[01-Feb-2023 11:12:25 Asia/Kolkata] PHP Stack trace:
[01-Feb-2023 11:12:25 Asia/Kolkata] PHP   1. {main}() C:\wamp64\www\emsdemo\View\index.php:0
[01-Feb-2023 11:13:06 Asia/Kolkata] PHP Warning:  Trying to access array offset on value of type null in C:\wamp64\www\emsdemo\View\index.php on line 356
[01-Feb-2023 11:13:06 Asia/Kolkata] PHP Stack trace:
[01-Feb-2023 11:13:06 Asia/Kolkata] PHP   1. {main}() C:\wamp64\www\emsdemo\View\index.php:0
[01-Feb-2023 11:13:14 Asia/Kolkata] PHP Warning:  Trying to access array offset on value of type null in C:\wamp64\www\emsdemo\View\index.php on line 356
[01-Feb-2023 11:13:14 Asia/Kolkata] PHP Stack trace:
[01-Feb-2023 11:13:14 Asia/Kolkata] PHP   1. {main}() C:\wamp64\www\emsdemo\View\index.php:0
[01-Feb-2023 11:13:30 Asia/Kolkata] PHP Warning:  Trying to access array offset on value of type null in C:\wamp64\www\emsdemo\View\index.php on line 356
[01-Feb-2023 11:13:30 Asia/Kolkata] PHP Stack trace:
[01-Feb-2023 11:13:30 Asia/Kolkata] PHP   1. {main}() C:\wamp64\www\emsdemo\View\index.php:0
[01-Feb-2023 11:13:36 Asia/Kolkata] PHP Warning:  Trying to access array offset on value of type null in C:\wamp64\www\emsdemo\View\index.php on line 356
[01-Feb-2023 11:13:36 Asia/Kolkata] PHP Stack trace:
[01-Feb-2023 11:13:36 Asia/Kolkata] PHP   1. {main}() C:\wamp64\www\emsdemo\View\index.php:0
[01-Feb-2023 11:54:41 Asia/Kolkata] PHP Warning:  Undefined array key "__user_logid" in C:\wamp64\www\emsdemo\AppCode\nHead.php on line 2
[01-Feb-2023 11:54:41 Asia/Kolkata] PHP Stack trace:
[01-Feb-2023 11:54:41 Asia/Kolkata] PHP   1. {main}() C:\wamp64\www\emsdemo\View\index.php:0
[01-Feb-2023 11:54:41 Asia/Kolkata] PHP   2. require() C:\wamp64\www\emsdemo\View\index.php:14
[01-Feb-2023 11:54:49 Asia/Kolkata] PHP Warning:  Undefined array key "__user_logid" in C:\wamp64\www\emsdemo\AppCode\nHead.php on line 2
[01-Feb-2023 11:54:49 Asia/Kolkata] PHP Stack trace:
[01-Feb-2023 11:54:49 Asia/Kolkata] PHP   1. {main}() C:\wamp64\www\emsdemo\View\index.php:0
[01-Feb-2023 11:54:49 Asia/Kolkata] PHP   2. require() C:\wamp64\www\emsdemo\View\index.php:14
[01-Feb-2023 11:54:50 Asia/Kolkata] PHP Warning:  Trying to access array offset on value of type null in C:\wamp64\www\emsdemo\View\index.php on line 356
[01-Feb-2023 11:54:50 Asia/Kolkata] PHP Stack trace:
[01-Feb-2023 11:54:50 Asia/Kolkata] PHP   1. {main}() C:\wamp64\www\emsdemo\View\index.php:0
[01-Feb-2023 11:55:26 Asia/Kolkata] PHP Warning:  Trying to access array offset on value of type null in C:\wamp64\www\emsdemo\View\index.php on line 356
[01-Feb-2023 11:55:26 Asia/Kolkata] PHP Stack trace:
[01-Feb-2023 11:55:26 Asia/Kolkata] PHP   1. {main}() C:\wamp64\www\emsdemo\View\index.php:0
