[10-Jan-2023 11:15:08 Asia/Kolkata] PHP Warning:  mysqli_stmt::bind_param(): Number of elements in type definition string doesn't match number of bind variables in /var/www/html/erpm/Controller/ConLog.php on line 464
[10-Jan-2023 11:15:08 Asia/Kolkata] PHP Warning:  Use of undefined constant EMS_CenterName - assumed 'EMS_CenterName' (this will throw an Error in a future version of PHP) in /var/www/html/erpm/Controller/ConLog.php on line 470
[10-Jan-2023 11:15:08 Asia/Kolkata] PHP Warning:  Use of undefined constant EMAIL_HOST - assumed 'EMAIL_HOST' (this will throw an Error in a future version of PHP) in /var/www/html/erpm/Controller/ConLog.php on line 473
[10-Jan-2023 11:15:08 Asia/Kolkata] PHP Warning:  Use of undefined constant EMAIL_AUTH - assumed 'EMAIL_AUTH' (this will throw an Error in a future version of PHP) in /var/www/html/erpm/Controller/ConLog.php on line 474
[10-Jan-2023 11:15:08 Asia/Kolkata] PHP Warning:  Use of undefined constant EMAIL_USER - assumed 'EMAIL_USER' (this will throw an Error in a future version of PHP) in /var/www/html/erpm/Controller/ConLog.php on line 475
[10-Jan-2023 11:15:08 Asia/Kolkata] PHP Warning:  Use of undefined constant EMAIL_PASS - assumed 'EMAIL_PASS' (this will throw an Error in a future version of PHP) in /var/www/html/erpm/Controller/ConLog.php on line 476
[10-Jan-2023 11:15:08 Asia/Kolkata] PHP Warning:  Use of undefined constant EMAIL_SMTPSecure - assumed 'EMAIL_SMTPSecure' (this will throw an Error in a future version of PHP) in /var/www/html/erpm/Controller/ConLog.php on line 477
[10-Jan-2023 11:15:08 Asia/Kolkata] PHP Warning:  Use of undefined constant EMAIL_PORT - assumed 'EMAIL_PORT' (this will throw an Error in a future version of PHP) in /var/www/html/erpm/Controller/ConLog.php on line 478
[10-Jan-2023 11:15:08 Asia/Kolkata] PHP Warning:  Use of undefined constant EMAIL_FROM - assumed 'EMAIL_FROM' (this will throw an Error in a future version of PHP) in /var/www/html/erpm/Controller/ConLog.php on line 479
[10-Jan-2023 11:15:08 Asia/Kolkata] PHP Warning:  Use of undefined constant EMS_CenterName - assumed 'EMS_CenterName' (this will throw an Error in a future version of PHP) in /var/www/html/erpm/Controller/ConLog.php on line 482
[10-Jan-2023 11:20:39 Asia/Kolkata] PHP Notice:  Undefined index: __user_logid in /var/www/html/erpm/AppCode/nHead.php on line 2
[10-Jan-2023 11:20:40 Asia/Kolkata] PHP Warning:  mysqli_stmt::bind_param(): Number of elements in type definition string doesn't match number of bind variables in /var/www/html/erpm/Controller/ConLog.php on line 464
[10-Jan-2023 11:20:40 Asia/Kolkata] PHP Warning:  Use of undefined constant EMS_CenterName - assumed 'EMS_CenterName' (this will throw an Error in a future version of PHP) in /var/www/html/erpm/Controller/ConLog.php on line 470
[10-Jan-2023 11:20:40 Asia/Kolkata] PHP Warning:  Use of undefined constant EMAIL_HOST - assumed 'EMAIL_HOST' (this will throw an Error in a future version of PHP) in /var/www/html/erpm/Controller/ConLog.php on line 473
[10-Jan-2023 11:20:40 Asia/Kolkata] PHP Warning:  Use of undefined constant EMAIL_AUTH - assumed 'EMAIL_AUTH' (this will throw an Error in a future version of PHP) in /var/www/html/erpm/Controller/ConLog.php on line 474
[10-Jan-2023 11:20:40 Asia/Kolkata] PHP Warning:  Use of undefined constant EMAIL_USER - assumed 'EMAIL_USER' (this will throw an Error in a future version of PHP) in /var/www/html/erpm/Controller/ConLog.php on line 475
[10-Jan-2023 11:20:40 Asia/Kolkata] PHP Warning:  Use of undefined constant EMAIL_PASS - assumed 'EMAIL_PASS' (this will throw an Error in a future version of PHP) in /var/www/html/erpm/Controller/ConLog.php on line 476
[10-Jan-2023 11:20:40 Asia/Kolkata] PHP Warning:  Use of undefined constant EMAIL_SMTPSecure - assumed 'EMAIL_SMTPSecure' (this will throw an Error in a future version of PHP) in /var/www/html/erpm/Controller/ConLog.php on line 477
[10-Jan-2023 11:20:40 Asia/Kolkata] PHP Warning:  Use of undefined constant EMAIL_PORT - assumed 'EMAIL_PORT' (this will throw an Error in a future version of PHP) in /var/www/html/erpm/Controller/ConLog.php on line 478
[10-Jan-2023 11:20:40 Asia/Kolkata] PHP Warning:  Use of undefined constant EMAIL_FROM - assumed 'EMAIL_FROM' (this will throw an Error in a future version of PHP) in /var/www/html/erpm/Controller/ConLog.php on line 479
[10-Jan-2023 11:20:40 Asia/Kolkata] PHP Warning:  Use of undefined constant EMS_CenterName - assumed 'EMS_CenterName' (this will throw an Error in a future version of PHP) in /var/www/html/erpm/Controller/ConLog.php on line 482
[10-Jan-2023 11:20:53 Asia/Kolkata] PHP Notice:  Undefined index: EmployeeID in /var/www/html/erpm/View/welcome_mail_template.php on line 16
[10-Jan-2023 11:21:24 Asia/Kolkata] PHP Notice:  Undefined variable: emp_mail in /var/www/html/erpm/View/employee_serach.php on line 347
[10-Jan-2023 11:21:34 Asia/Kolkata] PHP Notice:  Undefined index: location in /var/www/html/erpm/View/save_personal.php on line 27
[10-Jan-2023 11:21:34 Asia/Kolkata] PHP Notice:  Undefined index: txt_Personal_First in /var/www/html/erpm/View/save_personal.php on line 108
[10-Jan-2023 11:21:34 Asia/Kolkata] PHP Notice:  Undefined index: EmployeeID in /var/www/html/erpm/View/save_personal.php on line 109
[10-Jan-2023 11:21:34 Asia/Kolkata] PHP Notice:  Undefined index: intid in /var/www/html/erpm/View/save_personal.php on line 118
[10-Jan-2023 11:21:44 Asia/Kolkata] PHP Notice:  Undefined index: testscore in /var/www/html/erpm/View/save_test.php on line 72
[10-Jan-2023 11:21:44 Asia/Kolkata] PHP Notice:  Undefined index: tfilename in /var/www/html/erpm/View/save_test.php on line 73
[10-Jan-2023 11:21:44 Asia/Kolkata] PHP Notice:  Undefined index: testname in /var/www/html/erpm/View/save_test.php on line 74
[10-Jan-2023 11:21:54 Asia/Kolkata] PHP Notice:  Undefined index: location in /var/www/html/erpm/View/save_personal.php on line 27
[10-Jan-2023 11:21:54 Asia/Kolkata] PHP Notice:  Undefined index: txt_Personal_First in /var/www/html/erpm/View/save_personal.php on line 108
[10-Jan-2023 11:21:54 Asia/Kolkata] PHP Notice:  Undefined index: EmployeeID in /var/www/html/erpm/View/save_personal.php on line 109
[10-Jan-2023 11:21:54 Asia/Kolkata] PHP Notice:  Undefined index: intid in /var/www/html/erpm/View/save_personal.php on line 118
[10-Jan-2023 11:22:10 Asia/Kolkata] PHP Notice:  Undefined index: txt_exp_desg in /var/www/html/erpm/View/save_experience.php on line 53
[10-Jan-2023 11:22:10 Asia/Kolkata] PHP Notice:  Undefined index: EmployeeID in /var/www/html/erpm/View/save_experience.php on line 64
[10-Jan-2023 11:22:10 Asia/Kolkata] PHP Notice:  Undefined index: expselect in /var/www/html/erpm/View/save_experience.php on line 239
[10-Jan-2023 11:24:34 Asia/Kolkata] PHP Notice:  Undefined variable: txt_doc_stype in /var/www/html/erpm/View/save_document.php on line 334
[10-Jan-2023 11:24:34 Asia/Kolkata] PHP Notice:  Undefined variable: txt_doc_stype in /var/www/html/erpm/View/save_document.php on line 334
[10-Jan-2023 11:24:34 Asia/Kolkata] PHP Notice:  Undefined variable: txt_doc_stype in /var/www/html/erpm/View/save_document.php on line 334
[10-Jan-2023 11:24:34 Asia/Kolkata] PHP Notice:  Undefined variable: txt_doc_stype in /var/www/html/erpm/View/save_document.php on line 334
[10-Jan-2023 11:25:25 Asia/Kolkata] PHP Notice:  Undefined index: __user_logid in /var/www/html/erpm/AppCode/nHead.php on line 2
[10-Jan-2023 11:25:34 Asia/Kolkata] PHP Notice:  Undefined index: __user_logid in /var/www/html/erpm/AppCode/nHead.php on line 2
[10-Jan-2023 11:26:47 Asia/Kolkata] PHP Notice:  Undefined variable: txt_doc_stype in /var/www/html/erpm/View/save_document.php on line 334
[10-Jan-2023 11:26:47 Asia/Kolkata] PHP Notice:  Undefined variable: txt_doc_stype in /var/www/html/erpm/View/save_document.php on line 334
[10-Jan-2023 11:26:47 Asia/Kolkata] PHP Notice:  Undefined variable: txt_doc_stype in /var/www/html/erpm/View/save_document.php on line 334
[10-Jan-2023 11:26:47 Asia/Kolkata] PHP Notice:  Undefined variable: txt_doc_stype in /var/www/html/erpm/View/save_document.php on line 334
[10-Jan-2023 11:28:04 Asia/Kolkata] PHP Notice:  Undefined offset: 3 in /var/www/html/erpm/View/save_infra.php on line 200
[10-Jan-2023 11:28:04 Asia/Kolkata] PHP Notice:  Undefined offset: 4 in /var/www/html/erpm/View/save_infra.php on line 201
[10-Jan-2023 11:28:04 Asia/Kolkata] PHP Notice:  Undefined offset: 5 in /var/www/html/erpm/View/save_infra.php on line 202
[10-Jan-2023 11:28:04 Asia/Kolkata] PHP Notice:  Undefined offset: 6 in /var/www/html/erpm/View/save_infra.php on line 203
[10-Jan-2023 11:28:04 Asia/Kolkata] PHP Notice:  Undefined offset: 7 in /var/www/html/erpm/View/save_infra.php on line 204
[10-Jan-2023 11:28:04 Asia/Kolkata] PHP Notice:  Undefined offset: 8 in /var/www/html/erpm/View/save_infra.php on line 205
[10-Jan-2023 11:28:04 Asia/Kolkata] PHP Notice:  Undefined offset: 9 in /var/www/html/erpm/View/save_infra.php on line 206
[10-Jan-2023 11:28:04 Asia/Kolkata] PHP Notice:  Undefined offset: 10 in /var/www/html/erpm/View/save_infra.php on line 207
[10-Jan-2023 11:28:04 Asia/Kolkata] PHP Notice:  Undefined offset: 11 in /var/www/html/erpm/View/save_infra.php on line 208
[10-Jan-2023 11:28:20 Asia/Kolkata] PHP Warning:  require_once(/var/www/html/erpm/View/../Config/DBConfig_interview_array.php): failed to open stream: No such file or directory in /var/www/html/erpm/View/save_salary_mglr.php on line 5
[10-Jan-2023 11:28:20 Asia/Kolkata] PHP Fatal error:  require_once(): Failed opening required '/var/www/html/erpm/View/../Config/DBConfig_interview_array.php' (include_path='.:/usr/share/php') in /var/www/html/erpm/View/save_salary_mglr.php on line 5
[10-Jan-2023 11:28:28 Asia/Kolkata] PHP Warning:  require_once(/var/www/html/erpm/View/../Config/DBConfig_interview_array.php): failed to open stream: No such file or directory in /var/www/html/erpm/View/save_salary_mglr.php on line 5
[10-Jan-2023 11:28:28 Asia/Kolkata] PHP Fatal error:  require_once(): Failed opening required '/var/www/html/erpm/View/../Config/DBConfig_interview_array.php' (include_path='.:/usr/share/php') in /var/www/html/erpm/View/save_salary_mglr.php on line 5
[10-Jan-2023 11:29:00 Asia/Kolkata] PHP Warning:  mysqli_stmt::bind_param(): Number of elements in type definition string doesn't match number of bind variables in /var/www/html/erpm/Controller/ConLog.php on line 464
[10-Jan-2023 11:29:00 Asia/Kolkata] PHP Warning:  Use of undefined constant EMS_CenterName - assumed 'EMS_CenterName' (this will throw an Error in a future version of PHP) in /var/www/html/erpm/Controller/ConLog.php on line 470
[10-Jan-2023 11:29:00 Asia/Kolkata] PHP Warning:  Use of undefined constant EMAIL_HOST - assumed 'EMAIL_HOST' (this will throw an Error in a future version of PHP) in /var/www/html/erpm/Controller/ConLog.php on line 473
[10-Jan-2023 11:29:00 Asia/Kolkata] PHP Warning:  Use of undefined constant EMAIL_AUTH - assumed 'EMAIL_AUTH' (this will throw an Error in a future version of PHP) in /var/www/html/erpm/Controller/ConLog.php on line 474
[10-Jan-2023 11:29:00 Asia/Kolkata] PHP Warning:  Use of undefined constant EMAIL_USER - assumed 'EMAIL_USER' (this will throw an Error in a future version of PHP) in /var/www/html/erpm/Controller/ConLog.php on line 475
[10-Jan-2023 11:29:00 Asia/Kolkata] PHP Warning:  Use of undefined constant EMAIL_PASS - assumed 'EMAIL_PASS' (this will throw an Error in a future version of PHP) in /var/www/html/erpm/Controller/ConLog.php on line 476
[10-Jan-2023 11:29:00 Asia/Kolkata] PHP Warning:  Use of undefined constant EMAIL_SMTPSecure - assumed 'EMAIL_SMTPSecure' (this will throw an Error in a future version of PHP) in /var/www/html/erpm/Controller/ConLog.php on line 477
[10-Jan-2023 11:29:00 Asia/Kolkata] PHP Warning:  Use of undefined constant EMAIL_PORT - assumed 'EMAIL_PORT' (this will throw an Error in a future version of PHP) in /var/www/html/erpm/Controller/ConLog.php on line 478
[10-Jan-2023 11:29:00 Asia/Kolkata] PHP Warning:  Use of undefined constant EMAIL_FROM - assumed 'EMAIL_FROM' (this will throw an Error in a future version of PHP) in /var/www/html/erpm/Controller/ConLog.php on line 479
[10-Jan-2023 11:29:00 Asia/Kolkata] PHP Warning:  Use of undefined constant EMS_CenterName - assumed 'EMS_CenterName' (this will throw an Error in a future version of PHP) in /var/www/html/erpm/Controller/ConLog.php on line 482
[10-Jan-2023 11:29:14 Asia/Kolkata] PHP Notice:  Undefined index: employment_type in /var/www/html/erpm/View/save_employeemap.php on line 124
[10-Jan-2023 11:29:14 Asia/Kolkata] PHP Notice:  Undefined index: EmployeeID in /var/www/html/erpm/View/save_employeemap.php on line 159
[10-Jan-2023 11:29:14 Asia/Kolkata] PHP Notice:  Undefined index: btn_empmap_Save in /var/www/html/erpm/View/save_employeemap.php on line 222
[10-Jan-2023 11:29:14 Asia/Kolkata] PHP Notice:  Undefined index: rt_type in /var/www/html/erpm/View/save_employeemap.php on line 223
[10-Jan-2023 11:29:15 Asia/Kolkata] PHP Notice:  Undefined index: travel_date in /var/www/html/erpm/View/expenses.php on line 60
[10-Jan-2023 11:29:15 Asia/Kolkata] PHP Notice:  Undefined index: placeFrom in /var/www/html/erpm/View/expenses.php on line 61
[10-Jan-2023 11:29:15 Asia/Kolkata] PHP Notice:  Undefined index: placeTO in /var/www/html/erpm/View/expenses.php on line 62
[10-Jan-2023 11:29:15 Asia/Kolkata] PHP Notice:  Undefined index: modeOftravel in /var/www/html/erpm/View/expenses.php on line 63
[10-Jan-2023 11:29:15 Asia/Kolkata] PHP Notice:  Undefined index: receipt_no in /var/www/html/erpm/View/expenses.php on line 66
[10-Jan-2023 11:29:15 Asia/Kolkata] PHP Notice:  Undefined index: remarks in /var/www/html/erpm/View/expenses.php on line 68
[10-Jan-2023 11:29:15 Asia/Kolkata] PHP Notice:  Undefined index: returnDate in /var/www/html/erpm/View/expenses.php on line 74
[10-Jan-2023 11:29:15 Asia/Kolkata] PHP Notice:  Undefined index: car_km in /var/www/html/erpm/View/expenses.php on line 75
[10-Jan-2023 11:29:20 Asia/Kolkata] PHP Notice:  Undefined index: travel_date in /var/www/html/erpm/View/expenses.php on line 60
[10-Jan-2023 11:29:20 Asia/Kolkata] PHP Notice:  Undefined index: placeFrom in /var/www/html/erpm/View/expenses.php on line 61
[10-Jan-2023 11:29:20 Asia/Kolkata] PHP Notice:  Undefined index: placeTO in /var/www/html/erpm/View/expenses.php on line 62
[10-Jan-2023 11:29:20 Asia/Kolkata] PHP Notice:  Undefined index: modeOftravel in /var/www/html/erpm/View/expenses.php on line 63
[10-Jan-2023 11:29:20 Asia/Kolkata] PHP Notice:  Undefined index: receipt_no in /var/www/html/erpm/View/expenses.php on line 66
[10-Jan-2023 11:29:20 Asia/Kolkata] PHP Notice:  Undefined index: remarks in /var/www/html/erpm/View/expenses.php on line 68
[10-Jan-2023 11:29:20 Asia/Kolkata] PHP Notice:  Undefined index: returnDate in /var/www/html/erpm/View/expenses.php on line 74
[10-Jan-2023 11:29:20 Asia/Kolkata] PHP Notice:  Undefined index: car_km in /var/www/html/erpm/View/expenses.php on line 75
[10-Jan-2023 11:29:21 Asia/Kolkata] PHP Notice:  Undefined index: testscore in /var/www/html/erpm/View/save_test.php on line 72
[10-Jan-2023 11:29:21 Asia/Kolkata] PHP Notice:  Undefined index: tfilename in /var/www/html/erpm/View/save_test.php on line 73
[10-Jan-2023 11:29:21 Asia/Kolkata] PHP Notice:  Undefined index: testname in /var/www/html/erpm/View/save_test.php on line 74
[10-Jan-2023 11:29:57 Asia/Kolkata] PHP Notice:  Undefined index: revoke in /var/www/html/erpm/View/alert_module.php on line 13
[10-Jan-2023 11:30:32 Asia/Kolkata] PHP Notice:  Undefined variable: emp_mail in /var/www/html/erpm/View/employee_serach.php on line 347
[10-Jan-2023 11:30:50 Asia/Kolkata] PHP Notice:  Undefined index: location in /var/www/html/erpm/View/save_personal.php on line 27
[10-Jan-2023 11:30:50 Asia/Kolkata] PHP Notice:  Undefined index: txt_Personal_First in /var/www/html/erpm/View/save_personal.php on line 108
[10-Jan-2023 11:30:50 Asia/Kolkata] PHP Notice:  Undefined index: EmployeeID in /var/www/html/erpm/View/save_personal.php on line 109
[10-Jan-2023 11:30:50 Asia/Kolkata] PHP Notice:  Undefined index: intid in /var/www/html/erpm/View/save_personal.php on line 118
[10-Jan-2023 11:31:00 Asia/Kolkata] PHP Notice:  Undefined index: location in /var/www/html/erpm/View/save_personal.php on line 27
[10-Jan-2023 11:31:00 Asia/Kolkata] PHP Notice:  Undefined index: txt_Personal_First in /var/www/html/erpm/View/save_personal.php on line 108
[10-Jan-2023 11:31:00 Asia/Kolkata] PHP Notice:  Undefined index: EmployeeID in /var/www/html/erpm/View/save_personal.php on line 109
[10-Jan-2023 11:31:00 Asia/Kolkata] PHP Notice:  Undefined index: intid in /var/www/html/erpm/View/save_personal.php on line 118
[10-Jan-2023 11:31:43 Asia/Kolkata] PHP Warning:  move_uploaded_file(/var/www/html/erpm/View/../ExpenseFood/CE03070003_2023-01-10_113143.png): failed to open stream: No such file or directory in /var/www/html/erpm/View/expenses.php on line 35
[10-Jan-2023 11:31:43 Asia/Kolkata] PHP Warning:  move_uploaded_file(): Unable to move '/tmp/phpTUTwJU' to '/var/www/html/erpm/View/../ExpenseFood/CE03070003_2023-01-10_113143.png' in /var/www/html/erpm/View/expenses.php on line 35
[10-Jan-2023 11:31:43 Asia/Kolkata] PHP Notice:  Undefined index: travel_date in /var/www/html/erpm/View/expenses.php on line 60
[10-Jan-2023 11:31:43 Asia/Kolkata] PHP Notice:  Undefined index: placeFrom in /var/www/html/erpm/View/expenses.php on line 61
[10-Jan-2023 11:31:43 Asia/Kolkata] PHP Notice:  Undefined index: placeTO in /var/www/html/erpm/View/expenses.php on line 62
[10-Jan-2023 11:31:43 Asia/Kolkata] PHP Notice:  Undefined index: modeOftravel in /var/www/html/erpm/View/expenses.php on line 63
[10-Jan-2023 11:31:43 Asia/Kolkata] PHP Notice:  Undefined index: returnDate in /var/www/html/erpm/View/expenses.php on line 74
[10-Jan-2023 11:31:43 Asia/Kolkata] PHP Notice:  Undefined index: car_km in /var/www/html/erpm/View/expenses.php on line 75
[10-Jan-2023 11:33:48 Asia/Kolkata] PHP Notice:  Undefined index: travel_date in /var/www/html/erpm/View/expenses.php on line 60
[10-Jan-2023 11:33:48 Asia/Kolkata] PHP Notice:  Undefined index: placeFrom in /var/www/html/erpm/View/expenses.php on line 61
[10-Jan-2023 11:33:48 Asia/Kolkata] PHP Notice:  Undefined index: placeTO in /var/www/html/erpm/View/expenses.php on line 62
[10-Jan-2023 11:33:48 Asia/Kolkata] PHP Notice:  Undefined index: modeOftravel in /var/www/html/erpm/View/expenses.php on line 63
[10-Jan-2023 11:33:48 Asia/Kolkata] PHP Notice:  Undefined index: returnDate in /var/www/html/erpm/View/expenses.php on line 74
[10-Jan-2023 11:33:48 Asia/Kolkata] PHP Notice:  Undefined index: car_km in /var/www/html/erpm/View/expenses.php on line 75
[10-Jan-2023 11:34:17 Asia/Kolkata] PHP Notice:  Undefined index: travel_date in /var/www/html/erpm/View/expenses.php on line 60
[10-Jan-2023 11:34:17 Asia/Kolkata] PHP Notice:  Undefined index: placeFrom in /var/www/html/erpm/View/expenses.php on line 61
[10-Jan-2023 11:34:17 Asia/Kolkata] PHP Notice:  Undefined index: placeTO in /var/www/html/erpm/View/expenses.php on line 62
[10-Jan-2023 11:34:17 Asia/Kolkata] PHP Notice:  Undefined index: modeOftravel in /var/www/html/erpm/View/expenses.php on line 63
[10-Jan-2023 11:34:17 Asia/Kolkata] PHP Notice:  Undefined index: returnDate in /var/www/html/erpm/View/expenses.php on line 74
[10-Jan-2023 11:34:17 Asia/Kolkata] PHP Notice:  Undefined index: car_km in /var/www/html/erpm/View/expenses.php on line 75
[10-Jan-2023 11:34:25 Asia/Kolkata] PHP Notice:  Undefined index: travel_date in /var/www/html/erpm/View/expenses.php on line 60
[10-Jan-2023 11:34:25 Asia/Kolkata] PHP Notice:  Undefined index: placeFrom in /var/www/html/erpm/View/expenses.php on line 61
[10-Jan-2023 11:34:25 Asia/Kolkata] PHP Notice:  Undefined index: placeTO in /var/www/html/erpm/View/expenses.php on line 62
[10-Jan-2023 11:34:25 Asia/Kolkata] PHP Notice:  Undefined index: modeOftravel in /var/www/html/erpm/View/expenses.php on line 63
[10-Jan-2023 11:34:25 Asia/Kolkata] PHP Notice:  Undefined index: returnDate in /var/www/html/erpm/View/expenses.php on line 74
[10-Jan-2023 11:34:25 Asia/Kolkata] PHP Notice:  Undefined index: car_km in /var/www/html/erpm/View/expenses.php on line 75
[10-Jan-2023 11:59:37 Asia/Kolkata] PHP Warning:  mysqli_stmt::bind_param(): Number of elements in type definition string doesn't match number of bind variables in /var/www/html/erpm/Controller/ConLog.php on line 464
[10-Jan-2023 11:59:37 Asia/Kolkata] PHP Warning:  Use of undefined constant EMS_CenterName - assumed 'EMS_CenterName' (this will throw an Error in a future version of PHP) in /var/www/html/erpm/Controller/ConLog.php on line 470
[10-Jan-2023 11:59:37 Asia/Kolkata] PHP Warning:  Use of undefined constant EMAIL_HOST - assumed 'EMAIL_HOST' (this will throw an Error in a future version of PHP) in /var/www/html/erpm/Controller/ConLog.php on line 473
[10-Jan-2023 11:59:37 Asia/Kolkata] PHP Warning:  Use of undefined constant EMAIL_AUTH - assumed 'EMAIL_AUTH' (this will throw an Error in a future version of PHP) in /var/www/html/erpm/Controller/ConLog.php on line 474
[10-Jan-2023 11:59:37 Asia/Kolkata] PHP Warning:  Use of undefined constant EMAIL_USER - assumed 'EMAIL_USER' (this will throw an Error in a future version of PHP) in /var/www/html/erpm/Controller/ConLog.php on line 475
[10-Jan-2023 11:59:37 Asia/Kolkata] PHP Warning:  Use of undefined constant EMAIL_PASS - assumed 'EMAIL_PASS' (this will throw an Error in a future version of PHP) in /var/www/html/erpm/Controller/ConLog.php on line 476
[10-Jan-2023 11:59:37 Asia/Kolkata] PHP Warning:  Use of undefined constant EMAIL_SMTPSecure - assumed 'EMAIL_SMTPSecure' (this will throw an Error in a future version of PHP) in /var/www/html/erpm/Controller/ConLog.php on line 477
[10-Jan-2023 11:59:37 Asia/Kolkata] PHP Warning:  Use of undefined constant EMAIL_PORT - assumed 'EMAIL_PORT' (this will throw an Error in a future version of PHP) in /var/www/html/erpm/Controller/ConLog.php on line 478
[10-Jan-2023 11:59:37 Asia/Kolkata] PHP Warning:  Use of undefined constant EMAIL_FROM - assumed 'EMAIL_FROM' (this will throw an Error in a future version of PHP) in /var/www/html/erpm/Controller/ConLog.php on line 479
[10-Jan-2023 11:59:37 Asia/Kolkata] PHP Warning:  Use of undefined constant EMS_CenterName - assumed 'EMS_CenterName' (this will throw an Error in a future version of PHP) in /var/www/html/erpm/Controller/ConLog.php on line 482
[10-Jan-2023 11:59:52 Asia/Kolkata] PHP Notice:  Undefined index: travel_date in /var/www/html/erpm/View/expenses.php on line 60
[10-Jan-2023 11:59:52 Asia/Kolkata] PHP Notice:  Undefined index: placeFrom in /var/www/html/erpm/View/expenses.php on line 61
[10-Jan-2023 11:59:52 Asia/Kolkata] PHP Notice:  Undefined index: placeTO in /var/www/html/erpm/View/expenses.php on line 62
[10-Jan-2023 11:59:52 Asia/Kolkata] PHP Notice:  Undefined index: modeOftravel in /var/www/html/erpm/View/expenses.php on line 63
[10-Jan-2023 11:59:52 Asia/Kolkata] PHP Notice:  Undefined index: receipt_no in /var/www/html/erpm/View/expenses.php on line 66
[10-Jan-2023 11:59:52 Asia/Kolkata] PHP Notice:  Undefined index: remarks in /var/www/html/erpm/View/expenses.php on line 68
[10-Jan-2023 11:59:52 Asia/Kolkata] PHP Notice:  Undefined index: returnDate in /var/www/html/erpm/View/expenses.php on line 74
[10-Jan-2023 11:59:52 Asia/Kolkata] PHP Notice:  Undefined index: car_km in /var/www/html/erpm/View/expenses.php on line 75
[10-Jan-2023 11:59:56 Asia/Kolkata] PHP Notice:  Undefined index: travel_date in /var/www/html/erpm/View/expenses.php on line 60
[10-Jan-2023 11:59:56 Asia/Kolkata] PHP Notice:  Undefined index: placeFrom in /var/www/html/erpm/View/expenses.php on line 61
[10-Jan-2023 11:59:56 Asia/Kolkata] PHP Notice:  Undefined index: placeTO in /var/www/html/erpm/View/expenses.php on line 62
[10-Jan-2023 11:59:56 Asia/Kolkata] PHP Notice:  Undefined index: modeOftravel in /var/www/html/erpm/View/expenses.php on line 63
[10-Jan-2023 11:59:56 Asia/Kolkata] PHP Notice:  Undefined index: receipt_no in /var/www/html/erpm/View/expenses.php on line 66
[10-Jan-2023 11:59:56 Asia/Kolkata] PHP Notice:  Undefined index: remarks in /var/www/html/erpm/View/expenses.php on line 68
[10-Jan-2023 11:59:56 Asia/Kolkata] PHP Notice:  Undefined index: returnDate in /var/www/html/erpm/View/expenses.php on line 74
[10-Jan-2023 11:59:56 Asia/Kolkata] PHP Notice:  Undefined index: car_km in /var/www/html/erpm/View/expenses.php on line 75
