[10-Jan-2023 12:12:08 Asia/Kolkata] PHP Notice:  Undefined index: __user_logid in /var/www/html/erpm/AppCode/nHead.php on line 2
[10-Jan-2023 12:13:23 Asia/Kolkata] PHP Notice:  Undefined index: __user_logid in /var/www/html/erpm/AppCode/nHead.php on line 2
[10-Jan-2023 12:13:25 Asia/Kolkata] PHP Warning:  mysqli_stmt::bind_param(): Number of elements in type definition string doesn't match number of bind variables in /var/www/html/erpm/Controller/ConLog.php on line 464
[10-Jan-2023 12:13:25 Asia/Kolkata] PHP Warning:  Use of undefined constant EMS_CenterName - assumed 'EMS_CenterName' (this will throw an Error in a future version of PHP) in /var/www/html/erpm/Controller/ConLog.php on line 470
[10-Jan-2023 12:13:25 Asia/Kolkata] PHP Warning:  Use of undefined constant EMAIL_HOST - assumed 'EMAIL_HOST' (this will throw an Error in a future version of PHP) in /var/www/html/erpm/Controller/ConLog.php on line 473
[10-Jan-2023 12:13:25 Asia/Kolkata] PHP Warning:  Use of undefined constant EMAIL_AUTH - assumed 'EMAIL_AUTH' (this will throw an Error in a future version of PHP) in /var/www/html/erpm/Controller/ConLog.php on line 474
[10-Jan-2023 12:13:25 Asia/Kolkata] PHP Warning:  Use of undefined constant EMAIL_USER - assumed 'EMAIL_USER' (this will throw an Error in a future version of PHP) in /var/www/html/erpm/Controller/ConLog.php on line 475
[10-Jan-2023 12:13:25 Asia/Kolkata] PHP Warning:  Use of undefined constant EMAIL_PASS - assumed 'EMAIL_PASS' (this will throw an Error in a future version of PHP) in /var/www/html/erpm/Controller/ConLog.php on line 476
[10-Jan-2023 12:13:25 Asia/Kolkata] PHP Warning:  Use of undefined constant EMAIL_SMTPSecure - assumed 'EMAIL_SMTPSecure' (this will throw an Error in a future version of PHP) in /var/www/html/erpm/Controller/ConLog.php on line 477
[10-Jan-2023 12:13:25 Asia/Kolkata] PHP Warning:  Use of undefined constant EMAIL_PORT - assumed 'EMAIL_PORT' (this will throw an Error in a future version of PHP) in /var/www/html/erpm/Controller/ConLog.php on line 478
[10-Jan-2023 12:13:25 Asia/Kolkata] PHP Warning:  Use of undefined constant EMAIL_FROM - assumed 'EMAIL_FROM' (this will throw an Error in a future version of PHP) in /var/www/html/erpm/Controller/ConLog.php on line 479
[10-Jan-2023 12:13:25 Asia/Kolkata] PHP Warning:  Use of undefined constant EMS_CenterName - assumed 'EMS_CenterName' (this will throw an Error in a future version of PHP) in /var/www/html/erpm/Controller/ConLog.php on line 482
[10-Jan-2023 12:13:28 Asia/Kolkata] PHP Notice:  Undefined index: __user_logid in /var/www/html/erpm/AppCode/nHead.php on line 2
[10-Jan-2023 12:13:31 Asia/Kolkata] PHP Warning:  mysqli_stmt::bind_param(): Number of elements in type definition string doesn't match number of bind variables in /var/www/html/erpm/Controller/ConLog.php on line 464
[10-Jan-2023 12:13:31 Asia/Kolkata] PHP Warning:  Use of undefined constant EMS_CenterName - assumed 'EMS_CenterName' (this will throw an Error in a future version of PHP) in /var/www/html/erpm/Controller/ConLog.php on line 470
[10-Jan-2023 12:13:31 Asia/Kolkata] PHP Warning:  Use of undefined constant EMAIL_HOST - assumed 'EMAIL_HOST' (this will throw an Error in a future version of PHP) in /var/www/html/erpm/Controller/ConLog.php on line 473
[10-Jan-2023 12:13:31 Asia/Kolkata] PHP Warning:  Use of undefined constant EMAIL_AUTH - assumed 'EMAIL_AUTH' (this will throw an Error in a future version of PHP) in /var/www/html/erpm/Controller/ConLog.php on line 474
[10-Jan-2023 12:13:31 Asia/Kolkata] PHP Warning:  Use of undefined constant EMAIL_USER - assumed 'EMAIL_USER' (this will throw an Error in a future version of PHP) in /var/www/html/erpm/Controller/ConLog.php on line 475
[10-Jan-2023 12:13:31 Asia/Kolkata] PHP Warning:  Use of undefined constant EMAIL_PASS - assumed 'EMAIL_PASS' (this will throw an Error in a future version of PHP) in /var/www/html/erpm/Controller/ConLog.php on line 476
[10-Jan-2023 12:13:31 Asia/Kolkata] PHP Warning:  Use of undefined constant EMAIL_SMTPSecure - assumed 'EMAIL_SMTPSecure' (this will throw an Error in a future version of PHP) in /var/www/html/erpm/Controller/ConLog.php on line 477
[10-Jan-2023 12:13:31 Asia/Kolkata] PHP Warning:  Use of undefined constant EMAIL_PORT - assumed 'EMAIL_PORT' (this will throw an Error in a future version of PHP) in /var/www/html/erpm/Controller/ConLog.php on line 478
[10-Jan-2023 12:13:31 Asia/Kolkata] PHP Warning:  Use of undefined constant EMAIL_FROM - assumed 'EMAIL_FROM' (this will throw an Error in a future version of PHP) in /var/www/html/erpm/Controller/ConLog.php on line 479
[10-Jan-2023 12:13:31 Asia/Kolkata] PHP Warning:  Use of undefined constant EMS_CenterName - assumed 'EMS_CenterName' (this will throw an Error in a future version of PHP) in /var/www/html/erpm/Controller/ConLog.php on line 482
[10-Jan-2023 12:13:43 Asia/Kolkata] PHP Notice:  Undefined index: emp_status in /var/www/html/erpm/View/rpt_Roster.php on line 241
[10-Jan-2023 12:13:43 Asia/Kolkata] PHP Notice:  Undefined index: emp_status in /var/www/html/erpm/View/rpt_Roster.php on line 245
[10-Jan-2023 12:16:04 Asia/Kolkata] PHP Notice:  Undefined variable: dept in /var/www/html/erpm/View/rpt_Roster.php on line 198
[10-Jan-2023 12:16:04 Asia/Kolkata] PHP Notice:  Undefined variable: dept in /var/www/html/erpm/View/rpt_Roster.php on line 205
[10-Jan-2023 12:16:04 Asia/Kolkata] PHP Notice:  Undefined variable: dept in /var/www/html/erpm/View/rpt_Roster.php on line 205
[10-Jan-2023 12:16:04 Asia/Kolkata] PHP Notice:  Undefined variable: dept in /var/www/html/erpm/View/rpt_Roster.php on line 205
[10-Jan-2023 12:16:04 Asia/Kolkata] PHP Notice:  Undefined variable: dept in /var/www/html/erpm/View/rpt_Roster.php on line 205
[10-Jan-2023 12:16:04 Asia/Kolkata] PHP Notice:  Undefined variable: dept in /var/www/html/erpm/View/rpt_Roster.php on line 205
[10-Jan-2023 12:16:04 Asia/Kolkata] PHP Notice:  Undefined variable: dept in /var/www/html/erpm/View/rpt_Roster.php on line 205
[10-Jan-2023 12:16:04 Asia/Kolkata] PHP Notice:  Undefined variable: dept in /var/www/html/erpm/View/rpt_Roster.php on line 205
[10-Jan-2023 12:16:04 Asia/Kolkata] PHP Notice:  Undefined variable: dept in /var/www/html/erpm/View/rpt_Roster.php on line 205
[10-Jan-2023 12:16:04 Asia/Kolkata] PHP Notice:  Undefined variable: dept in /var/www/html/erpm/View/rpt_Roster.php on line 205
[10-Jan-2023 12:16:04 Asia/Kolkata] PHP Notice:  Undefined variable: dept in /var/www/html/erpm/View/rpt_Roster.php on line 205
[10-Jan-2023 12:16:04 Asia/Kolkata] PHP Notice:  Undefined variable: dept in /var/www/html/erpm/View/rpt_Roster.php on line 205
[10-Jan-2023 12:16:04 Asia/Kolkata] PHP Notice:  Undefined variable: dept in /var/www/html/erpm/View/rpt_Roster.php on line 205
[10-Jan-2023 12:16:04 Asia/Kolkata] PHP Notice:  Undefined variable: dept in /var/www/html/erpm/View/rpt_Roster.php on line 205
[10-Jan-2023 12:16:04 Asia/Kolkata] PHP Notice:  Undefined variable: dept in /var/www/html/erpm/View/rpt_Roster.php on line 205
[10-Jan-2023 12:16:04 Asia/Kolkata] PHP Notice:  Undefined variable: dept in /var/www/html/erpm/View/rpt_Roster.php on line 205
[10-Jan-2023 12:16:04 Asia/Kolkata] PHP Notice:  Undefined variable: dept in /var/www/html/erpm/View/rpt_Roster.php on line 205
[10-Jan-2023 12:16:04 Asia/Kolkata] PHP Notice:  Undefined variable: dept in /var/www/html/erpm/View/rpt_Roster.php on line 205
[10-Jan-2023 12:16:04 Asia/Kolkata] PHP Notice:  Undefined variable: dept in /var/www/html/erpm/View/rpt_Roster.php on line 205
[10-Jan-2023 12:16:04 Asia/Kolkata] PHP Notice:  Undefined variable: dept in /var/www/html/erpm/View/rpt_Roster.php on line 205
[10-Jan-2023 12:16:04 Asia/Kolkata] PHP Notice:  Undefined variable: dept in /var/www/html/erpm/View/rpt_Roster.php on line 205
[10-Jan-2023 12:16:04 Asia/Kolkata] PHP Notice:  Undefined variable: dept in /var/www/html/erpm/View/rpt_Roster.php on line 205
[10-Jan-2023 12:16:04 Asia/Kolkata] PHP Notice:  Undefined variable: dept in /var/www/html/erpm/View/rpt_Roster.php on line 205
[10-Jan-2023 12:16:04 Asia/Kolkata] PHP Notice:  Undefined variable: dept in /var/www/html/erpm/View/rpt_Roster.php on line 205
[10-Jan-2023 12:16:04 Asia/Kolkata] PHP Notice:  Undefined variable: dept in /var/www/html/erpm/View/rpt_Roster.php on line 205
[10-Jan-2023 12:16:04 Asia/Kolkata] PHP Notice:  Undefined variable: dept in /var/www/html/erpm/View/rpt_Roster.php on line 205
[10-Jan-2023 12:16:04 Asia/Kolkata] PHP Notice:  Undefined variable: dept in /var/www/html/erpm/View/rpt_Roster.php on line 205
[10-Jan-2023 12:16:04 Asia/Kolkata] PHP Notice:  Undefined variable: dept in /var/www/html/erpm/View/rpt_Roster.php on line 205
[10-Jan-2023 12:16:04 Asia/Kolkata] PHP Notice:  Undefined variable: dept in /var/www/html/erpm/View/rpt_Roster.php on line 205
[10-Jan-2023 12:16:04 Asia/Kolkata] PHP Notice:  Undefined variable: dept in /var/www/html/erpm/View/rpt_Roster.php on line 205
[10-Jan-2023 12:16:04 Asia/Kolkata] PHP Notice:  Undefined variable: dept in /var/www/html/erpm/View/rpt_Roster.php on line 205
[10-Jan-2023 12:16:04 Asia/Kolkata] PHP Notice:  Undefined variable: dept in /var/www/html/erpm/View/rpt_Roster.php on line 205
[10-Jan-2023 12:16:04 Asia/Kolkata] PHP Notice:  Undefined variable: dept in /var/www/html/erpm/View/rpt_Roster.php on line 205
[10-Jan-2023 12:16:04 Asia/Kolkata] PHP Notice:  Undefined variable: dept in /var/www/html/erpm/View/rpt_Roster.php on line 205
[10-Jan-2023 12:16:04 Asia/Kolkata] PHP Notice:  Undefined variable: dept in /var/www/html/erpm/View/rpt_Roster.php on line 205
[10-Jan-2023 12:16:04 Asia/Kolkata] PHP Notice:  Undefined variable: dept in /var/www/html/erpm/View/rpt_Roster.php on line 205
[10-Jan-2023 12:16:04 Asia/Kolkata] PHP Notice:  Undefined variable: dept in /var/www/html/erpm/View/rpt_Roster.php on line 205
[10-Jan-2023 12:16:04 Asia/Kolkata] PHP Notice:  Undefined variable: dept in /var/www/html/erpm/View/rpt_Roster.php on line 205
[10-Jan-2023 12:16:04 Asia/Kolkata] PHP Notice:  Undefined variable: dept in /var/www/html/erpm/View/rpt_Roster.php on line 205
[10-Jan-2023 12:16:04 Asia/Kolkata] PHP Notice:  Undefined variable: dept in /var/www/html/erpm/View/rpt_Roster.php on line 205
[10-Jan-2023 12:16:04 Asia/Kolkata] PHP Notice:  Undefined variable: dept in /var/www/html/erpm/View/rpt_Roster.php on line 205
[10-Jan-2023 12:16:04 Asia/Kolkata] PHP Notice:  Undefined variable: dept in /var/www/html/erpm/View/rpt_Roster.php on line 205
[10-Jan-2023 12:16:04 Asia/Kolkata] PHP Notice:  Undefined variable: dept in /var/www/html/erpm/View/rpt_Roster.php on line 205
[10-Jan-2023 12:16:04 Asia/Kolkata] PHP Notice:  Undefined variable: dept in /var/www/html/erpm/View/rpt_Roster.php on line 205
[10-Jan-2023 12:16:04 Asia/Kolkata] PHP Notice:  Undefined variable: dept in /var/www/html/erpm/View/rpt_Roster.php on line 205
[10-Jan-2023 12:16:04 Asia/Kolkata] PHP Notice:  Undefined variable: dept in /var/www/html/erpm/View/rpt_Roster.php on line 205
[10-Jan-2023 12:16:04 Asia/Kolkata] PHP Notice:  Undefined variable: dept in /var/www/html/erpm/View/rpt_Roster.php on line 205
[10-Jan-2023 12:16:04 Asia/Kolkata] PHP Notice:  Undefined variable: dept in /var/www/html/erpm/View/rpt_Roster.php on line 205
[10-Jan-2023 12:16:04 Asia/Kolkata] PHP Notice:  Undefined variable: dept in /var/www/html/erpm/View/rpt_Roster.php on line 205
[10-Jan-2023 12:16:04 Asia/Kolkata] PHP Notice:  Undefined variable: dept in /var/www/html/erpm/View/rpt_Roster.php on line 205
[10-Jan-2023 12:16:04 Asia/Kolkata] PHP Notice:  Undefined variable: dept in /var/www/html/erpm/View/rpt_Roster.php on line 205
[10-Jan-2023 12:16:04 Asia/Kolkata] PHP Notice:  Undefined variable: dept in /var/www/html/erpm/View/rpt_Roster.php on line 205
[10-Jan-2023 12:16:04 Asia/Kolkata] PHP Notice:  Undefined variable: dept in /var/www/html/erpm/View/rpt_Roster.php on line 205
[10-Jan-2023 12:16:04 Asia/Kolkata] PHP Notice:  Undefined variable: dept in /var/www/html/erpm/View/rpt_Roster.php on line 205
[10-Jan-2023 12:16:04 Asia/Kolkata] PHP Notice:  Undefined variable: dept in /var/www/html/erpm/View/rpt_Roster.php on line 205
[10-Jan-2023 12:16:04 Asia/Kolkata] PHP Notice:  Undefined variable: dept in /var/www/html/erpm/View/rpt_Roster.php on line 205
[10-Jan-2023 12:16:04 Asia/Kolkata] PHP Notice:  Undefined variable: dept in /var/www/html/erpm/View/rpt_Roster.php on line 205
[10-Jan-2023 12:16:04 Asia/Kolkata] PHP Notice:  Undefined variable: dept in /var/www/html/erpm/View/rpt_Roster.php on line 205
[10-Jan-2023 12:16:04 Asia/Kolkata] PHP Notice:  Undefined variable: dept in /var/www/html/erpm/View/rpt_Roster.php on line 205
[10-Jan-2023 12:16:04 Asia/Kolkata] PHP Notice:  Undefined variable: dept in /var/www/html/erpm/View/rpt_Roster.php on line 205
[10-Jan-2023 12:16:04 Asia/Kolkata] PHP Notice:  Undefined variable: dept in /var/www/html/erpm/View/rpt_Roster.php on line 205
[10-Jan-2023 12:16:04 Asia/Kolkata] PHP Notice:  Undefined variable: dept in /var/www/html/erpm/View/rpt_Roster.php on line 205
[10-Jan-2023 12:16:04 Asia/Kolkata] PHP Notice:  Undefined variable: dept in /var/www/html/erpm/View/rpt_Roster.php on line 205
[10-Jan-2023 12:16:04 Asia/Kolkata] PHP Notice:  Undefined variable: dept in /var/www/html/erpm/View/rpt_Roster.php on line 205
[10-Jan-2023 12:16:04 Asia/Kolkata] PHP Notice:  Undefined variable: dept in /var/www/html/erpm/View/rpt_Roster.php on line 205
[10-Jan-2023 12:16:04 Asia/Kolkata] PHP Notice:  Undefined variable: dept in /var/www/html/erpm/View/rpt_Roster.php on line 205
[10-Jan-2023 12:16:04 Asia/Kolkata] PHP Notice:  Undefined variable: dept in /var/www/html/erpm/View/rpt_Roster.php on line 205
[10-Jan-2023 12:16:04 Asia/Kolkata] PHP Notice:  Undefined variable: dept in /var/www/html/erpm/View/rpt_Roster.php on line 205
[10-Jan-2023 12:16:04 Asia/Kolkata] PHP Notice:  Undefined variable: dept in /var/www/html/erpm/View/rpt_Roster.php on line 205
[10-Jan-2023 12:16:04 Asia/Kolkata] PHP Notice:  Undefined variable: dept in /var/www/html/erpm/View/rpt_Roster.php on line 205
[10-Jan-2023 12:16:04 Asia/Kolkata] PHP Notice:  Undefined variable: dept in /var/www/html/erpm/View/rpt_Roster.php on line 205
[10-Jan-2023 12:16:04 Asia/Kolkata] PHP Notice:  Undefined variable: dept in /var/www/html/erpm/View/rpt_Roster.php on line 205
[10-Jan-2023 12:16:04 Asia/Kolkata] PHP Notice:  Undefined variable: dept in /var/www/html/erpm/View/rpt_Roster.php on line 205
[10-Jan-2023 12:16:04 Asia/Kolkata] PHP Notice:  Undefined variable: dept in /var/www/html/erpm/View/rpt_Roster.php on line 205
[10-Jan-2023 12:16:04 Asia/Kolkata] PHP Notice:  Undefined variable: dept in /var/www/html/erpm/View/rpt_Roster.php on line 205
[10-Jan-2023 12:16:04 Asia/Kolkata] PHP Notice:  Undefined variable: dept in /var/www/html/erpm/View/rpt_Roster.php on line 205
[10-Jan-2023 12:16:04 Asia/Kolkata] PHP Notice:  Undefined variable: dept in /var/www/html/erpm/View/rpt_Roster.php on line 205
[10-Jan-2023 12:16:04 Asia/Kolkata] PHP Notice:  Undefined variable: dept in /var/www/html/erpm/View/rpt_Roster.php on line 205
[10-Jan-2023 12:16:04 Asia/Kolkata] PHP Notice:  Undefined variable: dept in /var/www/html/erpm/View/rpt_Roster.php on line 205
[10-Jan-2023 12:16:04 Asia/Kolkata] PHP Notice:  Undefined variable: dept in /var/www/html/erpm/View/rpt_Roster.php on line 205
[10-Jan-2023 12:16:04 Asia/Kolkata] PHP Notice:  Undefined variable: dept in /var/www/html/erpm/View/rpt_Roster.php on line 205
[10-Jan-2023 12:16:04 Asia/Kolkata] PHP Notice:  Undefined variable: dept in /var/www/html/erpm/View/rpt_Roster.php on line 205
[10-Jan-2023 12:16:04 Asia/Kolkata] PHP Notice:  Undefined variable: dept in /var/www/html/erpm/View/rpt_Roster.php on line 205
[10-Jan-2023 12:16:04 Asia/Kolkata] PHP Notice:  Undefined variable: dept in /var/www/html/erpm/View/rpt_Roster.php on line 205
[10-Jan-2023 12:16:04 Asia/Kolkata] PHP Notice:  Undefined variable: dept in /var/www/html/erpm/View/rpt_Roster.php on line 205
[10-Jan-2023 12:16:04 Asia/Kolkata] PHP Notice:  Undefined variable: dept in /var/www/html/erpm/View/rpt_Roster.php on line 205
[10-Jan-2023 12:16:04 Asia/Kolkata] PHP Notice:  Undefined variable: dept in /var/www/html/erpm/View/rpt_Roster.php on line 205
[10-Jan-2023 12:16:04 Asia/Kolkata] PHP Notice:  Undefined variable: dept in /var/www/html/erpm/View/rpt_Roster.php on line 205
[10-Jan-2023 12:16:04 Asia/Kolkata] PHP Notice:  Undefined variable: dept in /var/www/html/erpm/View/rpt_Roster.php on line 205
[10-Jan-2023 12:16:04 Asia/Kolkata] PHP Notice:  Undefined variable: dept in /var/www/html/erpm/View/rpt_Roster.php on line 205
[10-Jan-2023 12:16:04 Asia/Kolkata] PHP Notice:  Undefined variable: dept in /var/www/html/erpm/View/rpt_Roster.php on line 205
[10-Jan-2023 12:16:04 Asia/Kolkata] PHP Notice:  Undefined variable: dept in /var/www/html/erpm/View/rpt_Roster.php on line 205
[10-Jan-2023 12:16:04 Asia/Kolkata] PHP Notice:  Undefined variable: dept in /var/www/html/erpm/View/rpt_Roster.php on line 205
[10-Jan-2023 12:16:04 Asia/Kolkata] PHP Notice:  Undefined variable: dept in /var/www/html/erpm/View/rpt_Roster.php on line 205
[10-Jan-2023 12:16:04 Asia/Kolkata] PHP Notice:  Undefined variable: dept in /var/www/html/erpm/View/rpt_Roster.php on line 205
[10-Jan-2023 12:16:04 Asia/Kolkata] PHP Notice:  Undefined variable: dept in /var/www/html/erpm/View/rpt_Roster.php on line 205
[10-Jan-2023 12:16:04 Asia/Kolkata] PHP Notice:  Undefined variable: dept in /var/www/html/erpm/View/rpt_Roster.php on line 205
[10-Jan-2023 12:16:04 Asia/Kolkata] PHP Notice:  Undefined variable: dept in /var/www/html/erpm/View/rpt_Roster.php on line 205
[10-Jan-2023 12:16:04 Asia/Kolkata] PHP Notice:  Undefined variable: dept in /var/www/html/erpm/View/rpt_Roster.php on line 205
[10-Jan-2023 12:16:04 Asia/Kolkata] PHP Notice:  Undefined variable: dept in /var/www/html/erpm/View/rpt_Roster.php on line 205
[10-Jan-2023 12:16:04 Asia/Kolkata] PHP Notice:  Undefined variable: dept in /var/www/html/erpm/View/rpt_Roster.php on line 205
[10-Jan-2023 12:16:04 Asia/Kolkata] PHP Notice:  Undefined variable: dept in /var/www/html/erpm/View/rpt_Roster.php on line 205
[10-Jan-2023 12:16:04 Asia/Kolkata] PHP Notice:  Undefined variable: dept in /var/www/html/erpm/View/rpt_Roster.php on line 205
[10-Jan-2023 12:16:04 Asia/Kolkata] PHP Notice:  Undefined variable: dept in /var/www/html/erpm/View/rpt_Roster.php on line 205
[10-Jan-2023 12:16:04 Asia/Kolkata] PHP Notice:  Undefined variable: dept in /var/www/html/erpm/View/rpt_Roster.php on line 205
[10-Jan-2023 12:16:04 Asia/Kolkata] PHP Notice:  Undefined variable: dept in /var/www/html/erpm/View/rpt_Roster.php on line 205
[10-Jan-2023 12:16:04 Asia/Kolkata] PHP Notice:  Undefined variable: dept in /var/www/html/erpm/View/rpt_Roster.php on line 205
[10-Jan-2023 12:16:04 Asia/Kolkata] PHP Notice:  Undefined variable: dept in /var/www/html/erpm/View/rpt_Roster.php on line 205
[10-Jan-2023 12:16:04 Asia/Kolkata] PHP Notice:  Undefined variable: dept in /var/www/html/erpm/View/rpt_Roster.php on line 205
[10-Jan-2023 12:16:04 Asia/Kolkata] PHP Notice:  Undefined variable: dept in /var/www/html/erpm/View/rpt_Roster.php on line 205
[10-Jan-2023 12:16:04 Asia/Kolkata] PHP Notice:  Undefined variable: dept in /var/www/html/erpm/View/rpt_Roster.php on line 205
[10-Jan-2023 12:16:04 Asia/Kolkata] PHP Notice:  Undefined variable: dept in /var/www/html/erpm/View/rpt_Roster.php on line 205
[10-Jan-2023 12:16:04 Asia/Kolkata] PHP Notice:  Undefined variable: dept in /var/www/html/erpm/View/rpt_Roster.php on line 205
[10-Jan-2023 12:16:04 Asia/Kolkata] PHP Notice:  Undefined variable: dept in /var/www/html/erpm/View/rpt_Roster.php on line 205
[10-Jan-2023 12:16:04 Asia/Kolkata] PHP Notice:  Undefined variable: dept in /var/www/html/erpm/View/rpt_Roster.php on line 205
[10-Jan-2023 12:16:04 Asia/Kolkata] PHP Notice:  Undefined variable: dept in /var/www/html/erpm/View/rpt_Roster.php on line 205
[10-Jan-2023 12:16:04 Asia/Kolkata] PHP Notice:  Undefined variable: dept in /var/www/html/erpm/View/rpt_Roster.php on line 205
[10-Jan-2023 12:16:04 Asia/Kolkata] PHP Notice:  Undefined variable: dept in /var/www/html/erpm/View/rpt_Roster.php on line 205
[10-Jan-2023 12:16:04 Asia/Kolkata] PHP Notice:  Undefined variable: dept in /var/www/html/erpm/View/rpt_Roster.php on line 205
[10-Jan-2023 12:16:04 Asia/Kolkata] PHP Notice:  Undefined variable: dept in /var/www/html/erpm/View/rpt_Roster.php on line 205
[10-Jan-2023 12:16:04 Asia/Kolkata] PHP Notice:  Undefined variable: dept in /var/www/html/erpm/View/rpt_Roster.php on line 205
[10-Jan-2023 12:16:04 Asia/Kolkata] PHP Notice:  Undefined variable: dept in /var/www/html/erpm/View/rpt_Roster.php on line 205
[10-Jan-2023 12:16:04 Asia/Kolkata] PHP Notice:  Undefined variable: dept in /var/www/html/erpm/View/rpt_Roster.php on line 205
[10-Jan-2023 12:16:04 Asia/Kolkata] PHP Notice:  Undefined variable: dept in /var/www/html/erpm/View/rpt_Roster.php on line 205
[10-Jan-2023 12:16:04 Asia/Kolkata] PHP Notice:  Undefined variable: dept in /var/www/html/erpm/View/rpt_Roster.php on line 205
[10-Jan-2023 12:16:04 Asia/Kolkata] PHP Notice:  Undefined variable: dept in /var/www/html/erpm/View/rpt_Roster.php on line 205
[10-Jan-2023 12:16:04 Asia/Kolkata] PHP Notice:  Undefined variable: dept in /var/www/html/erpm/View/rpt_Roster.php on line 205
[10-Jan-2023 12:16:04 Asia/Kolkata] PHP Notice:  Undefined variable: dept in /var/www/html/erpm/View/rpt_Roster.php on line 205
[10-Jan-2023 12:16:04 Asia/Kolkata] PHP Notice:  Undefined variable: dept in /var/www/html/erpm/View/rpt_Roster.php on line 205
[10-Jan-2023 12:16:04 Asia/Kolkata] PHP Notice:  Undefined variable: dept in /var/www/html/erpm/View/rpt_Roster.php on line 205
[10-Jan-2023 12:16:04 Asia/Kolkata] PHP Notice:  Undefined variable: dept in /var/www/html/erpm/View/rpt_Roster.php on line 205
[10-Jan-2023 12:16:04 Asia/Kolkata] PHP Notice:  Undefined variable: dept in /var/www/html/erpm/View/rpt_Roster.php on line 205
[10-Jan-2023 12:16:04 Asia/Kolkata] PHP Notice:  Undefined variable: dept in /var/www/html/erpm/View/rpt_Roster.php on line 205
[10-Jan-2023 12:16:04 Asia/Kolkata] PHP Notice:  Undefined variable: dept in /var/www/html/erpm/View/rpt_Roster.php on line 205
[10-Jan-2023 12:16:04 Asia/Kolkata] PHP Notice:  Undefined variable: dept in /var/www/html/erpm/View/rpt_Roster.php on line 205
[10-Jan-2023 12:16:04 Asia/Kolkata] PHP Notice:  Undefined variable: dept in /var/www/html/erpm/View/rpt_Roster.php on line 205
[10-Jan-2023 12:16:04 Asia/Kolkata] PHP Notice:  Undefined variable: dept in /var/www/html/erpm/View/rpt_Roster.php on line 205
[10-Jan-2023 12:16:04 Asia/Kolkata] PHP Notice:  Undefined variable: dept in /var/www/html/erpm/View/rpt_Roster.php on line 205
[10-Jan-2023 12:16:04 Asia/Kolkata] PHP Notice:  Undefined variable: dept in /var/www/html/erpm/View/rpt_Roster.php on line 205
[10-Jan-2023 12:16:04 Asia/Kolkata] PHP Notice:  Undefined variable: dept in /var/www/html/erpm/View/rpt_Roster.php on line 205
[10-Jan-2023 12:16:04 Asia/Kolkata] PHP Notice:  Undefined variable: dept in /var/www/html/erpm/View/rpt_Roster.php on line 205
[10-Jan-2023 12:16:04 Asia/Kolkata] PHP Notice:  Undefined variable: dept in /var/www/html/erpm/View/rpt_Roster.php on line 205
[10-Jan-2023 12:16:04 Asia/Kolkata] PHP Notice:  Undefined variable: dept in /var/www/html/erpm/View/rpt_Roster.php on line 205
[10-Jan-2023 12:16:04 Asia/Kolkata] PHP Notice:  Undefined variable: dept in /var/www/html/erpm/View/rpt_Roster.php on line 205
[10-Jan-2023 12:16:04 Asia/Kolkata] PHP Notice:  Undefined variable: dept in /var/www/html/erpm/View/rpt_Roster.php on line 205
[10-Jan-2023 12:16:04 Asia/Kolkata] PHP Notice:  Undefined variable: dept in /var/www/html/erpm/View/rpt_Roster.php on line 205
[10-Jan-2023 12:16:04 Asia/Kolkata] PHP Notice:  Undefined variable: dept in /var/www/html/erpm/View/rpt_Roster.php on line 205
[10-Jan-2023 12:16:04 Asia/Kolkata] PHP Notice:  Undefined variable: dept in /var/www/html/erpm/View/rpt_Roster.php on line 205
[10-Jan-2023 12:16:04 Asia/Kolkata] PHP Notice:  Undefined variable: dept in /var/www/html/erpm/View/rpt_Roster.php on line 205
[10-Jan-2023 12:16:04 Asia/Kolkata] PHP Notice:  Undefined variable: dept in /var/www/html/erpm/View/rpt_Roster.php on line 205
[10-Jan-2023 12:16:04 Asia/Kolkata] PHP Notice:  Undefined variable: dept in /var/www/html/erpm/View/rpt_Roster.php on line 205
[10-Jan-2023 12:16:04 Asia/Kolkata] PHP Notice:  Undefined variable: dept in /var/www/html/erpm/View/rpt_Roster.php on line 205
[10-Jan-2023 12:16:04 Asia/Kolkata] PHP Notice:  Undefined variable: dept in /var/www/html/erpm/View/rpt_Roster.php on line 205
[10-Jan-2023 12:16:04 Asia/Kolkata] PHP Notice:  Undefined variable: dept in /var/www/html/erpm/View/rpt_Roster.php on line 205
[10-Jan-2023 12:16:04 Asia/Kolkata] PHP Notice:  Undefined variable: dept in /var/www/html/erpm/View/rpt_Roster.php on line 205
[10-Jan-2023 12:16:04 Asia/Kolkata] PHP Notice:  Undefined variable: dept in /var/www/html/erpm/View/rpt_Roster.php on line 205
[10-Jan-2023 12:16:04 Asia/Kolkata] PHP Notice:  Undefined variable: dept in /var/www/html/erpm/View/rpt_Roster.php on line 205
[10-Jan-2023 12:16:04 Asia/Kolkata] PHP Notice:  Undefined variable: dept in /var/www/html/erpm/View/rpt_Roster.php on line 205
[10-Jan-2023 12:16:04 Asia/Kolkata] PHP Notice:  Undefined variable: dept in /var/www/html/erpm/View/rpt_Roster.php on line 205
[10-Jan-2023 12:16:04 Asia/Kolkata] PHP Notice:  Undefined variable: dept in /var/www/html/erpm/View/rpt_Roster.php on line 205
[10-Jan-2023 12:16:04 Asia/Kolkata] PHP Notice:  Undefined variable: dept in /var/www/html/erpm/View/rpt_Roster.php on line 205
[10-Jan-2023 12:16:04 Asia/Kolkata] PHP Notice:  Undefined variable: dept in /var/www/html/erpm/View/rpt_Roster.php on line 205
[10-Jan-2023 12:16:04 Asia/Kolkata] PHP Notice:  Undefined variable: dept in /var/www/html/erpm/View/rpt_Roster.php on line 205
[10-Jan-2023 12:16:04 Asia/Kolkata] PHP Notice:  Undefined variable: dept in /var/www/html/erpm/View/rpt_Roster.php on line 205
[10-Jan-2023 12:16:04 Asia/Kolkata] PHP Notice:  Undefined variable: dept in /var/www/html/erpm/View/rpt_Roster.php on line 205
[10-Jan-2023 12:16:04 Asia/Kolkata] PHP Notice:  Undefined variable: dept in /var/www/html/erpm/View/rpt_Roster.php on line 205
[10-Jan-2023 12:16:04 Asia/Kolkata] PHP Notice:  Undefined variable: dept in /var/www/html/erpm/View/rpt_Roster.php on line 205
[10-Jan-2023 12:16:04 Asia/Kolkata] PHP Notice:  Undefined variable: dept in /var/www/html/erpm/View/rpt_Roster.php on line 205
[10-Jan-2023 12:16:04 Asia/Kolkata] PHP Notice:  Undefined variable: dept in /var/www/html/erpm/View/rpt_Roster.php on line 205
[10-Jan-2023 12:16:04 Asia/Kolkata] PHP Notice:  Undefined variable: dept in /var/www/html/erpm/View/rpt_Roster.php on line 205
[10-Jan-2023 12:16:04 Asia/Kolkata] PHP Notice:  Undefined variable: dept in /var/www/html/erpm/View/rpt_Roster.php on line 205
[10-Jan-2023 12:16:04 Asia/Kolkata] PHP Notice:  Undefined variable: dept in /var/www/html/erpm/View/rpt_Roster.php on line 205
[10-Jan-2023 12:16:04 Asia/Kolkata] PHP Notice:  Undefined variable: dept in /var/www/html/erpm/View/rpt_Roster.php on line 205
[10-Jan-2023 12:16:04 Asia/Kolkata] PHP Notice:  Undefined variable: dept in /var/www/html/erpm/View/rpt_Roster.php on line 205
[10-Jan-2023 12:16:04 Asia/Kolkata] PHP Notice:  Undefined variable: dept in /var/www/html/erpm/View/rpt_Roster.php on line 205
[10-Jan-2023 12:16:04 Asia/Kolkata] PHP Notice:  Undefined variable: dept in /var/www/html/erpm/View/rpt_Roster.php on line 205
[10-Jan-2023 12:16:04 Asia/Kolkata] PHP Notice:  Undefined variable: dept in /var/www/html/erpm/View/rpt_Roster.php on line 205
[10-Jan-2023 12:16:04 Asia/Kolkata] PHP Notice:  Undefined variable: dept in /var/www/html/erpm/View/rpt_Roster.php on line 205
[10-Jan-2023 12:16:04 Asia/Kolkata] PHP Notice:  Undefined variable: dept in /var/www/html/erpm/View/rpt_Roster.php on line 205
[10-Jan-2023 12:16:04 Asia/Kolkata] PHP Notice:  Undefined variable: dept in /var/www/html/erpm/View/rpt_Roster.php on line 205
[10-Jan-2023 12:16:04 Asia/Kolkata] PHP Notice:  Undefined variable: dept in /var/www/html/erpm/View/rpt_Roster.php on line 205
[10-Jan-2023 12:16:04 Asia/Kolkata] PHP Notice:  Undefined variable: dept in /var/www/html/erpm/View/rpt_Roster.php on line 205
[10-Jan-2023 12:16:04 Asia/Kolkata] PHP Notice:  Undefined variable: dept in /var/www/html/erpm/View/rpt_Roster.php on line 205
[10-Jan-2023 12:16:04 Asia/Kolkata] PHP Notice:  Undefined variable: dept in /var/www/html/erpm/View/rpt_Roster.php on line 205
[10-Jan-2023 12:16:04 Asia/Kolkata] PHP Notice:  Undefined variable: dept in /var/www/html/erpm/View/rpt_Roster.php on line 205
[10-Jan-2023 12:16:04 Asia/Kolkata] PHP Notice:  Undefined variable: dept in /var/www/html/erpm/View/rpt_Roster.php on line 205
[10-Jan-2023 12:16:04 Asia/Kolkata] PHP Notice:  Undefined variable: dept in /var/www/html/erpm/View/rpt_Roster.php on line 205
[10-Jan-2023 12:16:04 Asia/Kolkata] PHP Notice:  Undefined variable: dept in /var/www/html/erpm/View/rpt_Roster.php on line 205
[10-Jan-2023 12:16:04 Asia/Kolkata] PHP Notice:  Undefined variable: dept in /var/www/html/erpm/View/rpt_Roster.php on line 205
[10-Jan-2023 12:16:04 Asia/Kolkata] PHP Notice:  Undefined variable: dept in /var/www/html/erpm/View/rpt_Roster.php on line 205
[10-Jan-2023 12:16:04 Asia/Kolkata] PHP Notice:  Undefined variable: dept in /var/www/html/erpm/View/rpt_Roster.php on line 205
[10-Jan-2023 12:16:04 Asia/Kolkata] PHP Notice:  Undefined variable: dept in /var/www/html/erpm/View/rpt_Roster.php on line 205
[10-Jan-2023 12:16:04 Asia/Kolkata] PHP Notice:  Undefined variable: dept in /var/www/html/erpm/View/rpt_Roster.php on line 205
[10-Jan-2023 12:16:04 Asia/Kolkata] PHP Notice:  Undefined variable: dept in /var/www/html/erpm/View/rpt_Roster.php on line 205
[10-Jan-2023 12:16:04 Asia/Kolkata] PHP Notice:  Undefined variable: dept in /var/www/html/erpm/View/rpt_Roster.php on line 205
[10-Jan-2023 12:16:04 Asia/Kolkata] PHP Notice:  Undefined variable: dept in /var/www/html/erpm/View/rpt_Roster.php on line 205
[10-Jan-2023 12:16:04 Asia/Kolkata] PHP Notice:  Undefined variable: dept in /var/www/html/erpm/View/rpt_Roster.php on line 205
[10-Jan-2023 12:16:04 Asia/Kolkata] PHP Notice:  Undefined variable: dept in /var/www/html/erpm/View/rpt_Roster.php on line 205
[10-Jan-2023 12:16:04 Asia/Kolkata] PHP Notice:  Undefined variable: dept in /var/www/html/erpm/View/rpt_Roster.php on line 205
[10-Jan-2023 12:16:04 Asia/Kolkata] PHP Notice:  Undefined variable: dept in /var/www/html/erpm/View/rpt_Roster.php on line 205
[10-Jan-2023 12:16:04 Asia/Kolkata] PHP Notice:  Undefined variable: dept in /var/www/html/erpm/View/rpt_Roster.php on line 205
[10-Jan-2023 12:16:04 Asia/Kolkata] PHP Notice:  Undefined variable: dept in /var/www/html/erpm/View/rpt_Roster.php on line 205
[10-Jan-2023 12:16:04 Asia/Kolkata] PHP Notice:  Undefined variable: dept in /var/www/html/erpm/View/rpt_Roster.php on line 205
[10-Jan-2023 12:16:04 Asia/Kolkata] PHP Notice:  Undefined variable: dept in /var/www/html/erpm/View/rpt_Roster.php on line 205
[10-Jan-2023 12:16:04 Asia/Kolkata] PHP Notice:  Undefined variable: date_From in /var/www/html/erpm/View/rpt_Roster.php on line 279
[10-Jan-2023 12:23:15 Asia/Kolkata] PHP Notice:  Undefined index: emp_status in /var/www/html/erpm/View/rpt_Roster_for_rt.php on line 185
[10-Jan-2023 12:23:15 Asia/Kolkata] PHP Notice:  Undefined index: emp_status in /var/www/html/erpm/View/rpt_Roster_for_rt.php on line 189
[10-Jan-2023 12:23:59 Asia/Kolkata] PHP Notice:  Undefined index: __user_logid in /var/www/html/erpm/AppCode/nHead.php on line 2
[10-Jan-2023 12:24:10 Asia/Kolkata] PHP Notice:  Undefined variable: date_To in /var/www/html/erpm/View/rpt_Roster_for_rt.php on line 158
[10-Jan-2023 12:24:10 Asia/Kolkata] PHP Notice:  Undefined variable: date_To in /var/www/html/erpm/View/rpt_Roster_for_rt.php on line 159
[10-Jan-2023 12:24:10 Asia/Kolkata] PHP Notice:  Undefined variable: date_To in /var/www/html/erpm/View/rpt_Roster_for_rt.php on line 160
[10-Jan-2023 12:24:10 Asia/Kolkata] PHP Notice:  Undefined variable: date_To in /var/www/html/erpm/View/rpt_Roster_for_rt.php on line 161
[10-Jan-2023 12:24:10 Asia/Kolkata] PHP Notice:  Undefined variable: date_To in /var/www/html/erpm/View/rpt_Roster_for_rt.php on line 162
[10-Jan-2023 12:24:10 Asia/Kolkata] PHP Notice:  Undefined variable: date_To in /var/www/html/erpm/View/rpt_Roster_for_rt.php on line 163
[10-Jan-2023 12:24:10 Asia/Kolkata] PHP Notice:  Undefined variable: date_To in /var/www/html/erpm/View/rpt_Roster_for_rt.php on line 164
[10-Jan-2023 12:24:10 Asia/Kolkata] PHP Notice:  Undefined variable: date_To in /var/www/html/erpm/View/rpt_Roster_for_rt.php on line 165
[10-Jan-2023 12:24:10 Asia/Kolkata] PHP Notice:  Undefined variable: date_To in /var/www/html/erpm/View/rpt_Roster_for_rt.php on line 166
[10-Jan-2023 12:24:10 Asia/Kolkata] PHP Notice:  Undefined variable: date_To in /var/www/html/erpm/View/rpt_Roster_for_rt.php on line 167
[10-Jan-2023 12:24:10 Asia/Kolkata] PHP Notice:  Undefined variable: date_To in /var/www/html/erpm/View/rpt_Roster_for_rt.php on line 168
[10-Jan-2023 12:24:10 Asia/Kolkata] PHP Notice:  Undefined variable: date_To in /var/www/html/erpm/View/rpt_Roster_for_rt.php on line 169
[10-Jan-2023 12:24:10 Asia/Kolkata] PHP Notice:  Undefined variable: date_From in /var/www/html/erpm/View/rpt_Roster_for_rt.php on line 174
[10-Jan-2023 12:24:10 Asia/Kolkata] PHP Notice:  Undefined variable: date_From in /var/www/html/erpm/View/rpt_Roster_for_rt.php on line 175
[10-Jan-2023 12:24:10 Asia/Kolkata] PHP Notice:  Undefined variable: date_From in /var/www/html/erpm/View/rpt_Roster_for_rt.php on line 176
[10-Jan-2023 12:24:10 Asia/Kolkata] PHP Notice:  Undefined variable: date_From in /var/www/html/erpm/View/rpt_Roster_for_rt.php on line 177
[10-Jan-2023 12:24:10 Asia/Kolkata] PHP Notice:  Undefined variable: date_From in /var/www/html/erpm/View/rpt_Roster_for_rt.php on line 178
[10-Jan-2023 12:24:10 Asia/Kolkata] PHP Notice:  Undefined variable: date_From in /var/www/html/erpm/View/rpt_Roster_for_rt.php on line 216
[10-Jan-2023 12:24:10 Asia/Kolkata] PHP Notice:  Undefined variable: monthCount in /var/www/html/erpm/View/rpt_Roster_for_rt.php on line 216
[10-Jan-2023 12:24:11 Asia/Kolkata] PHP Notice:  Undefined index: __user_logid in /var/www/html/erpm/AppCode/nHead.php on line 2
[10-Jan-2023 12:24:16 Asia/Kolkata] PHP Notice:  Undefined index: cm_id in /var/www/html/erpm/View/manage_consultancy.php on line 235
[10-Jan-2023 12:24:16 Asia/Kolkata] PHP Notice:  Undefined index: client_id in /var/www/html/erpm/View/manage_consultancy.php on line 240
[10-Jan-2023 12:24:16 Asia/Kolkata] PHP Notice:  Undefined index: sub_process in /var/www/html/erpm/View/manage_consultancy.php on line 240
[10-Jan-2023 12:24:16 Asia/Kolkata] PHP Notice:  Undefined index: cm_id in /var/www/html/erpm/View/manage_consultancy.php on line 240
[10-Jan-2023 12:24:16 Asia/Kolkata] PHP Notice:  Undefined index: Client_info in /var/www/html/erpm/View/manage_consultancy.php on line 240
[10-Jan-2023 12:24:16 Asia/Kolkata] PHP Notice:  Undefined index: cm_id in /var/www/html/erpm/View/manage_consultancy.php on line 235
[10-Jan-2023 12:24:16 Asia/Kolkata] PHP Notice:  Undefined index: client_id in /var/www/html/erpm/View/manage_consultancy.php on line 240
[10-Jan-2023 12:24:16 Asia/Kolkata] PHP Notice:  Undefined index: sub_process in /var/www/html/erpm/View/manage_consultancy.php on line 240
[10-Jan-2023 12:24:16 Asia/Kolkata] PHP Notice:  Undefined index: cm_id in /var/www/html/erpm/View/manage_consultancy.php on line 240
[10-Jan-2023 12:24:16 Asia/Kolkata] PHP Notice:  Undefined index: Client_info in /var/www/html/erpm/View/manage_consultancy.php on line 240
[10-Jan-2023 12:24:16 Asia/Kolkata] PHP Notice:  Undefined index: cm_id in /var/www/html/erpm/View/manage_consultancy.php on line 235
[10-Jan-2023 12:24:16 Asia/Kolkata] PHP Notice:  Undefined index: client_id in /var/www/html/erpm/View/manage_consultancy.php on line 240
[10-Jan-2023 12:24:16 Asia/Kolkata] PHP Notice:  Undefined index: sub_process in /var/www/html/erpm/View/manage_consultancy.php on line 240
[10-Jan-2023 12:24:16 Asia/Kolkata] PHP Notice:  Undefined index: cm_id in /var/www/html/erpm/View/manage_consultancy.php on line 240
[10-Jan-2023 12:24:16 Asia/Kolkata] PHP Notice:  Undefined index: Client_info in /var/www/html/erpm/View/manage_consultancy.php on line 240
[10-Jan-2023 12:24:16 Asia/Kolkata] PHP Notice:  Undefined index: cm_id in /var/www/html/erpm/View/manage_consultancy.php on line 235
[10-Jan-2023 12:24:16 Asia/Kolkata] PHP Notice:  Undefined index: client_id in /var/www/html/erpm/View/manage_consultancy.php on line 240
[10-Jan-2023 12:24:16 Asia/Kolkata] PHP Notice:  Undefined index: sub_process in /var/www/html/erpm/View/manage_consultancy.php on line 240
[10-Jan-2023 12:24:16 Asia/Kolkata] PHP Notice:  Undefined index: cm_id in /var/www/html/erpm/View/manage_consultancy.php on line 240
[10-Jan-2023 12:24:16 Asia/Kolkata] PHP Notice:  Undefined index: Client_info in /var/www/html/erpm/View/manage_consultancy.php on line 240
[10-Jan-2023 12:24:16 Asia/Kolkata] PHP Notice:  Undefined index: cm_id in /var/www/html/erpm/View/manage_consultancy.php on line 235
[10-Jan-2023 12:24:16 Asia/Kolkata] PHP Notice:  Undefined index: client_id in /var/www/html/erpm/View/manage_consultancy.php on line 240
[10-Jan-2023 12:24:16 Asia/Kolkata] PHP Notice:  Undefined index: sub_process in /var/www/html/erpm/View/manage_consultancy.php on line 240
[10-Jan-2023 12:24:16 Asia/Kolkata] PHP Notice:  Undefined index: cm_id in /var/www/html/erpm/View/manage_consultancy.php on line 240
[10-Jan-2023 12:24:16 Asia/Kolkata] PHP Notice:  Undefined index: Client_info in /var/www/html/erpm/View/manage_consultancy.php on line 240
[10-Jan-2023 12:24:16 Asia/Kolkata] PHP Notice:  Undefined index: cm_id in /var/www/html/erpm/View/manage_consultancy.php on line 235
[10-Jan-2023 12:24:16 Asia/Kolkata] PHP Notice:  Undefined index: client_id in /var/www/html/erpm/View/manage_consultancy.php on line 240
[10-Jan-2023 12:24:16 Asia/Kolkata] PHP Notice:  Undefined index: sub_process in /var/www/html/erpm/View/manage_consultancy.php on line 240
[10-Jan-2023 12:24:16 Asia/Kolkata] PHP Notice:  Undefined index: cm_id in /var/www/html/erpm/View/manage_consultancy.php on line 240
[10-Jan-2023 12:24:16 Asia/Kolkata] PHP Notice:  Undefined index: Client_info in /var/www/html/erpm/View/manage_consultancy.php on line 240
[10-Jan-2023 12:24:16 Asia/Kolkata] PHP Notice:  Undefined index: cm_id in /var/www/html/erpm/View/manage_consultancy.php on line 235
[10-Jan-2023 12:24:16 Asia/Kolkata] PHP Notice:  Undefined index: client_id in /var/www/html/erpm/View/manage_consultancy.php on line 240
[10-Jan-2023 12:24:16 Asia/Kolkata] PHP Notice:  Undefined index: sub_process in /var/www/html/erpm/View/manage_consultancy.php on line 240
[10-Jan-2023 12:24:16 Asia/Kolkata] PHP Notice:  Undefined index: cm_id in /var/www/html/erpm/View/manage_consultancy.php on line 240
[10-Jan-2023 12:24:16 Asia/Kolkata] PHP Notice:  Undefined index: Client_info in /var/www/html/erpm/View/manage_consultancy.php on line 240
[10-Jan-2023 12:24:16 Asia/Kolkata] PHP Notice:  Undefined index: cm_id in /var/www/html/erpm/View/manage_consultancy.php on line 235
[10-Jan-2023 12:24:16 Asia/Kolkata] PHP Notice:  Undefined index: client_id in /var/www/html/erpm/View/manage_consultancy.php on line 240
[10-Jan-2023 12:24:16 Asia/Kolkata] PHP Notice:  Undefined index: sub_process in /var/www/html/erpm/View/manage_consultancy.php on line 240
[10-Jan-2023 12:24:16 Asia/Kolkata] PHP Notice:  Undefined index: cm_id in /var/www/html/erpm/View/manage_consultancy.php on line 240
[10-Jan-2023 12:24:16 Asia/Kolkata] PHP Notice:  Undefined index: Client_info in /var/www/html/erpm/View/manage_consultancy.php on line 240
[10-Jan-2023 12:24:16 Asia/Kolkata] PHP Notice:  Undefined index: cm_id in /var/www/html/erpm/View/manage_consultancy.php on line 235
[10-Jan-2023 12:24:16 Asia/Kolkata] PHP Notice:  Undefined index: client_id in /var/www/html/erpm/View/manage_consultancy.php on line 240
[10-Jan-2023 12:24:16 Asia/Kolkata] PHP Notice:  Undefined index: sub_process in /var/www/html/erpm/View/manage_consultancy.php on line 240
[10-Jan-2023 12:24:16 Asia/Kolkata] PHP Notice:  Undefined index: cm_id in /var/www/html/erpm/View/manage_consultancy.php on line 240
[10-Jan-2023 12:24:16 Asia/Kolkata] PHP Notice:  Undefined index: Client_info in /var/www/html/erpm/View/manage_consultancy.php on line 240
[10-Jan-2023 12:25:23 Asia/Kolkata] PHP Notice:  Undefined index: emp_status in /var/www/html/erpm/View/rpt_Roster_for_rt.php on line 185
[10-Jan-2023 12:25:23 Asia/Kolkata] PHP Notice:  Undefined index: emp_status in /var/www/html/erpm/View/rpt_Roster_for_rt.php on line 189
[10-Jan-2023 12:26:00 Asia/Kolkata] PHP Warning:  mysqli_stmt::bind_param(): Number of elements in type definition string doesn't match number of bind variables in /var/www/html/erpm/Controller/ConLog.php on line 464
[10-Jan-2023 12:26:01 Asia/Kolkata] PHP Notice:  Trying to access array offset on value of type null in /var/www/html/erpm/View/index.php on line 346
[10-Jan-2023 12:26:18 Asia/Kolkata] PHP Notice:  Undefined variable: date_To in /var/www/html/erpm/View/rpt_Roster_for_rt.php on line 159
[10-Jan-2023 12:26:18 Asia/Kolkata] PHP Notice:  Undefined variable: date_To in /var/www/html/erpm/View/rpt_Roster_for_rt.php on line 160
[10-Jan-2023 12:26:18 Asia/Kolkata] PHP Notice:  Undefined variable: date_To in /var/www/html/erpm/View/rpt_Roster_for_rt.php on line 161
[10-Jan-2023 12:26:18 Asia/Kolkata] PHP Notice:  Undefined variable: date_To in /var/www/html/erpm/View/rpt_Roster_for_rt.php on line 162
[10-Jan-2023 12:26:18 Asia/Kolkata] PHP Notice:  Undefined variable: date_To in /var/www/html/erpm/View/rpt_Roster_for_rt.php on line 163
[10-Jan-2023 12:26:18 Asia/Kolkata] PHP Notice:  Undefined variable: date_To in /var/www/html/erpm/View/rpt_Roster_for_rt.php on line 164
[10-Jan-2023 12:26:18 Asia/Kolkata] PHP Notice:  Undefined variable: date_To in /var/www/html/erpm/View/rpt_Roster_for_rt.php on line 165
[10-Jan-2023 12:26:18 Asia/Kolkata] PHP Notice:  Undefined variable: date_To in /var/www/html/erpm/View/rpt_Roster_for_rt.php on line 166
[10-Jan-2023 12:26:18 Asia/Kolkata] PHP Notice:  Undefined variable: date_To in /var/www/html/erpm/View/rpt_Roster_for_rt.php on line 167
[10-Jan-2023 12:26:18 Asia/Kolkata] PHP Notice:  Undefined variable: date_To in /var/www/html/erpm/View/rpt_Roster_for_rt.php on line 168
[10-Jan-2023 12:26:18 Asia/Kolkata] PHP Notice:  Undefined variable: date_To in /var/www/html/erpm/View/rpt_Roster_for_rt.php on line 169
[10-Jan-2023 12:26:18 Asia/Kolkata] PHP Notice:  Undefined variable: date_To in /var/www/html/erpm/View/rpt_Roster_for_rt.php on line 170
[10-Jan-2023 12:26:18 Asia/Kolkata] PHP Notice:  Undefined variable: date_From in /var/www/html/erpm/View/rpt_Roster_for_rt.php on line 175
[10-Jan-2023 12:26:18 Asia/Kolkata] PHP Notice:  Undefined variable: date_From in /var/www/html/erpm/View/rpt_Roster_for_rt.php on line 176
[10-Jan-2023 12:26:18 Asia/Kolkata] PHP Notice:  Undefined variable: date_From in /var/www/html/erpm/View/rpt_Roster_for_rt.php on line 177
[10-Jan-2023 12:26:18 Asia/Kolkata] PHP Notice:  Undefined variable: date_From in /var/www/html/erpm/View/rpt_Roster_for_rt.php on line 178
[10-Jan-2023 12:26:18 Asia/Kolkata] PHP Notice:  Undefined variable: date_From in /var/www/html/erpm/View/rpt_Roster_for_rt.php on line 179
[10-Jan-2023 12:26:18 Asia/Kolkata] PHP Notice:  Undefined variable: date_From in /var/www/html/erpm/View/rpt_Roster_for_rt.php on line 217
[10-Jan-2023 12:26:18 Asia/Kolkata] PHP Notice:  Undefined variable: monthCount in /var/www/html/erpm/View/rpt_Roster_for_rt.php on line 217
[10-Jan-2023 12:26:26 Asia/Kolkata] PHP Warning:  count(): Parameter must be an array or an object that implements Countable in /var/www/html/erpm/View/ref_registration.php on line 306
[10-Jan-2023 12:26:26 Asia/Kolkata] PHP Warning:  count(): Parameter must be an array or an object that implements Countable in /var/www/html/erpm/View/ref_registration.php on line 328
[10-Jan-2023 12:26:48 Asia/Kolkata] PHP Notice:  Trying to access array offset on value of type null in /var/www/html/erpm/View/index.php on line 346
[10-Jan-2023 12:27:00 Asia/Kolkata] PHP Notice:  Trying to access array offset on value of type null in /var/www/html/erpm/View/index.php on line 346
[10-Jan-2023 12:27:00 Asia/Kolkata] PHP Notice:  Trying to access array offset on value of type null in /var/www/html/erpm/View/index.php on line 346
[10-Jan-2023 12:27:01 Asia/Kolkata] PHP Notice:  Trying to access array offset on value of type null in /var/www/html/erpm/View/index.php on line 346
[10-Jan-2023 12:27:02 Asia/Kolkata] PHP Notice:  Trying to access array offset on value of type null in /var/www/html/erpm/View/index.php on line 346
[10-Jan-2023 12:27:02 Asia/Kolkata] PHP Notice:  Trying to access array offset on value of type null in /var/www/html/erpm/View/index.php on line 346
[10-Jan-2023 12:27:03 Asia/Kolkata] PHP Notice:  Trying to access array offset on value of type null in /var/www/html/erpm/View/index.php on line 346
[10-Jan-2023 12:27:04 Asia/Kolkata] PHP Notice:  Trying to access array offset on value of type null in /var/www/html/erpm/View/index.php on line 346
[10-Jan-2023 12:27:04 Asia/Kolkata] PHP Notice:  Trying to access array offset on value of type null in /var/www/html/erpm/View/index.php on line 346
[10-Jan-2023 12:27:05 Asia/Kolkata] PHP Notice:  Trying to access array offset on value of type null in /var/www/html/erpm/View/index.php on line 346
[10-Jan-2023 12:27:05 Asia/Kolkata] PHP Notice:  Trying to access array offset on value of type null in /var/www/html/erpm/View/index.php on line 346
[10-Jan-2023 12:27:06 Asia/Kolkata] PHP Notice:  Trying to access array offset on value of type null in /var/www/html/erpm/View/index.php on line 346
[10-Jan-2023 12:27:07 Asia/Kolkata] PHP Notice:  Trying to access array offset on value of type null in /var/www/html/erpm/View/index.php on line 346
[10-Jan-2023 12:27:07 Asia/Kolkata] PHP Notice:  Trying to access array offset on value of type null in /var/www/html/erpm/View/index.php on line 346
[10-Jan-2023 12:27:08 Asia/Kolkata] PHP Notice:  Trying to access array offset on value of type null in /var/www/html/erpm/View/index.php on line 346
[10-Jan-2023 12:27:09 Asia/Kolkata] PHP Notice:  Trying to access array offset on value of type null in /var/www/html/erpm/View/index.php on line 346
[10-Jan-2023 12:27:09 Asia/Kolkata] PHP Notice:  Trying to access array offset on value of type null in /var/www/html/erpm/View/index.php on line 346
[10-Jan-2023 12:27:10 Asia/Kolkata] PHP Notice:  Trying to access array offset on value of type null in /var/www/html/erpm/View/index.php on line 346
[10-Jan-2023 12:27:10 Asia/Kolkata] PHP Notice:  Trying to access array offset on value of type null in /var/www/html/erpm/View/index.php on line 346
[10-Jan-2023 12:27:11 Asia/Kolkata] PHP Notice:  Trying to access array offset on value of type null in /var/www/html/erpm/View/index.php on line 346
[10-Jan-2023 12:27:12 Asia/Kolkata] PHP Notice:  Trying to access array offset on value of type null in /var/www/html/erpm/View/index.php on line 346
[10-Jan-2023 12:27:12 Asia/Kolkata] PHP Notice:  Trying to access array offset on value of type null in /var/www/html/erpm/View/index.php on line 346
[10-Jan-2023 12:27:13 Asia/Kolkata] PHP Notice:  Trying to access array offset on value of type null in /var/www/html/erpm/View/index.php on line 346
[10-Jan-2023 12:27:14 Asia/Kolkata] PHP Notice:  Trying to access array offset on value of type null in /var/www/html/erpm/View/index.php on line 346
[10-Jan-2023 12:27:14 Asia/Kolkata] PHP Notice:  Trying to access array offset on value of type null in /var/www/html/erpm/View/index.php on line 346
[10-Jan-2023 12:27:15 Asia/Kolkata] PHP Notice:  Trying to access array offset on value of type null in /var/www/html/erpm/View/index.php on line 346
[10-Jan-2023 12:27:15 Asia/Kolkata] PHP Notice:  Trying to access array offset on value of type null in /var/www/html/erpm/View/index.php on line 346
[10-Jan-2023 12:27:16 Asia/Kolkata] PHP Notice:  Trying to access array offset on value of type null in /var/www/html/erpm/View/index.php on line 346
[10-Jan-2023 12:27:17 Asia/Kolkata] PHP Notice:  Trying to access array offset on value of type null in /var/www/html/erpm/View/index.php on line 346
[10-Jan-2023 12:27:17 Asia/Kolkata] PHP Notice:  Undefined variable: date_To in /var/www/html/erpm/View/rpt_Roster_for_rt.php on line 159
[10-Jan-2023 12:27:17 Asia/Kolkata] PHP Notice:  Undefined variable: date_To in /var/www/html/erpm/View/rpt_Roster_for_rt.php on line 160
[10-Jan-2023 12:27:17 Asia/Kolkata] PHP Notice:  Undefined variable: date_To in /var/www/html/erpm/View/rpt_Roster_for_rt.php on line 161
[10-Jan-2023 12:27:17 Asia/Kolkata] PHP Notice:  Undefined variable: date_To in /var/www/html/erpm/View/rpt_Roster_for_rt.php on line 162
[10-Jan-2023 12:27:17 Asia/Kolkata] PHP Notice:  Undefined variable: date_To in /var/www/html/erpm/View/rpt_Roster_for_rt.php on line 163
[10-Jan-2023 12:27:17 Asia/Kolkata] PHP Notice:  Undefined variable: date_To in /var/www/html/erpm/View/rpt_Roster_for_rt.php on line 164
[10-Jan-2023 12:27:17 Asia/Kolkata] PHP Notice:  Undefined variable: date_To in /var/www/html/erpm/View/rpt_Roster_for_rt.php on line 165
[10-Jan-2023 12:27:17 Asia/Kolkata] PHP Notice:  Undefined variable: date_To in /var/www/html/erpm/View/rpt_Roster_for_rt.php on line 166
[10-Jan-2023 12:27:17 Asia/Kolkata] PHP Notice:  Undefined variable: date_To in /var/www/html/erpm/View/rpt_Roster_for_rt.php on line 167
[10-Jan-2023 12:27:17 Asia/Kolkata] PHP Notice:  Undefined variable: date_To in /var/www/html/erpm/View/rpt_Roster_for_rt.php on line 168
[10-Jan-2023 12:27:17 Asia/Kolkata] PHP Notice:  Undefined variable: date_To in /var/www/html/erpm/View/rpt_Roster_for_rt.php on line 169
[10-Jan-2023 12:27:17 Asia/Kolkata] PHP Notice:  Undefined variable: date_To in /var/www/html/erpm/View/rpt_Roster_for_rt.php on line 170
[10-Jan-2023 12:27:17 Asia/Kolkata] PHP Notice:  Undefined variable: date_From in /var/www/html/erpm/View/rpt_Roster_for_rt.php on line 175
[10-Jan-2023 12:27:17 Asia/Kolkata] PHP Notice:  Undefined variable: date_From in /var/www/html/erpm/View/rpt_Roster_for_rt.php on line 176
[10-Jan-2023 12:27:17 Asia/Kolkata] PHP Notice:  Undefined variable: date_From in /var/www/html/erpm/View/rpt_Roster_for_rt.php on line 177
[10-Jan-2023 12:27:17 Asia/Kolkata] PHP Notice:  Undefined variable: date_From in /var/www/html/erpm/View/rpt_Roster_for_rt.php on line 178
[10-Jan-2023 12:27:17 Asia/Kolkata] PHP Notice:  Undefined variable: date_From in /var/www/html/erpm/View/rpt_Roster_for_rt.php on line 179
[10-Jan-2023 12:27:17 Asia/Kolkata] PHP Notice:  Undefined variable: date_From in /var/www/html/erpm/View/rpt_Roster_for_rt.php on line 217
[10-Jan-2023 12:27:17 Asia/Kolkata] PHP Notice:  Undefined variable: monthCount in /var/www/html/erpm/View/rpt_Roster_for_rt.php on line 217
[10-Jan-2023 12:27:17 Asia/Kolkata] PHP Notice:  Trying to access array offset on value of type null in /var/www/html/erpm/View/index.php on line 346
[10-Jan-2023 12:27:18 Asia/Kolkata] PHP Notice:  Trying to access array offset on value of type null in /var/www/html/erpm/View/index.php on line 346
[10-Jan-2023 12:27:19 Asia/Kolkata] PHP Notice:  Trying to access array offset on value of type null in /var/www/html/erpm/View/index.php on line 346
[10-Jan-2023 12:27:19 Asia/Kolkata] PHP Notice:  Trying to access array offset on value of type null in /var/www/html/erpm/View/index.php on line 346
[10-Jan-2023 12:27:20 Asia/Kolkata] PHP Notice:  Trying to access array offset on value of type null in /var/www/html/erpm/View/index.php on line 346
[10-Jan-2023 12:27:21 Asia/Kolkata] PHP Notice:  Trying to access array offset on value of type null in /var/www/html/erpm/View/index.php on line 346
[10-Jan-2023 12:27:21 Asia/Kolkata] PHP Notice:  Trying to access array offset on value of type null in /var/www/html/erpm/View/index.php on line 346
[10-Jan-2023 12:27:22 Asia/Kolkata] PHP Notice:  Trying to access array offset on value of type null in /var/www/html/erpm/View/index.php on line 346
[10-Jan-2023 12:27:22 Asia/Kolkata] PHP Notice:  Trying to access array offset on value of type null in /var/www/html/erpm/View/index.php on line 346
[10-Jan-2023 12:27:23 Asia/Kolkata] PHP Notice:  Trying to access array offset on value of type null in /var/www/html/erpm/View/index.php on line 346
[10-Jan-2023 12:27:24 Asia/Kolkata] PHP Notice:  Trying to access array offset on value of type null in /var/www/html/erpm/View/index.php on line 346
[10-Jan-2023 12:27:24 Asia/Kolkata] PHP Notice:  Trying to access array offset on value of type null in /var/www/html/erpm/View/index.php on line 346
[10-Jan-2023 12:27:25 Asia/Kolkata] PHP Notice:  Trying to access array offset on value of type null in /var/www/html/erpm/View/index.php on line 346
[10-Jan-2023 12:27:26 Asia/Kolkata] PHP Notice:  Trying to access array offset on value of type null in /var/www/html/erpm/View/index.php on line 346
[10-Jan-2023 12:27:26 Asia/Kolkata] PHP Notice:  Trying to access array offset on value of type null in /var/www/html/erpm/View/index.php on line 346
[10-Jan-2023 12:27:55 Asia/Kolkata] PHP Notice:  Undefined index: emp_status in /var/www/html/erpm/View/rpt_Roster_for_rt.php on line 186
[10-Jan-2023 12:27:55 Asia/Kolkata] PHP Notice:  Undefined index: emp_status in /var/www/html/erpm/View/rpt_Roster_for_rt.php on line 190
[10-Jan-2023 12:28:29 Asia/Kolkata] PHP Notice:  Undefined index: emp_status in /var/www/html/erpm/View/rpt_Roster_for_rt.php on line 186
[10-Jan-2023 12:28:29 Asia/Kolkata] PHP Notice:  Undefined index: emp_status in /var/www/html/erpm/View/rpt_Roster_for_rt.php on line 190
[10-Jan-2023 12:32:50 Asia/Kolkata] PHP Warning:  mysqli_stmt::bind_param(): Number of elements in type definition string doesn't match number of bind variables in /var/www/html/erpm/Controller/ConLog.php on line 464
[10-Jan-2023 12:32:50 Asia/Kolkata] PHP Notice:  Trying to access array offset on value of type null in /var/www/html/erpm/View/index.php on line 346
[10-Jan-2023 12:33:50 Asia/Kolkata] PHP Notice:  Undefined variable: empid in /var/www/html/erpm/Services/Get_Process_ForReport.php on line 24
[10-Jan-2023 12:33:50 Asia/Kolkata] PHP Notice:  Undefined variable: empid in /var/www/html/erpm/Services/Get_Process_ForReport.php on line 40
[10-Jan-2023 12:33:50 Asia/Kolkata] PHP Notice:  Undefined variable: empid in /var/www/html/erpm/Services/Get_Process_ForReport.php on line 40
[10-Jan-2023 12:33:51 Asia/Kolkata] PHP Notice:  Undefined variable: empid in /var/www/html/erpm/Services/Get_Process_ForReport.php on line 24
[10-Jan-2023 12:33:51 Asia/Kolkata] PHP Notice:  Undefined variable: empid in /var/www/html/erpm/Services/Get_Process_ForReport.php on line 40
[10-Jan-2023 12:33:51 Asia/Kolkata] PHP Notice:  Undefined variable: empid in /var/www/html/erpm/Services/Get_Process_ForReport.php on line 40
[10-Jan-2023 12:33:56 Asia/Kolkata] PHP Notice:  Undefined variable: empid in /var/www/html/erpm/Services/Get_Process_ForReport.php on line 24
[10-Jan-2023 12:33:56 Asia/Kolkata] PHP Notice:  Undefined variable: empid in /var/www/html/erpm/Services/Get_Process_ForReport.php on line 40
[10-Jan-2023 12:33:56 Asia/Kolkata] PHP Notice:  Undefined variable: empid in /var/www/html/erpm/Services/Get_Process_ForReport.php on line 40
[10-Jan-2023 12:33:56 Asia/Kolkata] PHP Notice:  Undefined variable: empid in /var/www/html/erpm/Services/Get_Process_ForReport.php on line 24
[10-Jan-2023 12:33:56 Asia/Kolkata] PHP Notice:  Undefined variable: empid in /var/www/html/erpm/Services/Get_Process_ForReport.php on line 40
[10-Jan-2023 12:33:56 Asia/Kolkata] PHP Notice:  Undefined variable: empid in /var/www/html/erpm/Services/Get_Process_ForReport.php on line 40
[10-Jan-2023 12:41:33 Asia/Kolkata] PHP Notice:  Undefined index: emp_status in /var/www/html/erpm/View/rpt_Roster_new.php on line 199
[10-Jan-2023 12:41:33 Asia/Kolkata] PHP Notice:  Undefined index: emp_status in /var/www/html/erpm/View/rpt_Roster_new.php on line 203
[10-Jan-2023 12:41:49 Asia/Kolkata] PHP Notice:  Undefined index: emp_status in /var/www/html/erpm/View/rpt_Roster_new.php on line 199
[10-Jan-2023 12:41:49 Asia/Kolkata] PHP Notice:  Undefined index: emp_status in /var/www/html/erpm/View/rpt_Roster_new.php on line 203
[10-Jan-2023 12:42:00 Asia/Kolkata] PHP Notice:  Undefined index: txt_dept in /var/www/html/erpm/View/rpt_Roster_new.php on line 45
[10-Jan-2023 12:42:10 Asia/Kolkata] PHP Notice:  Undefined index: handler in /var/www/html/erpm/View/add_issue.php on line 23
[10-Jan-2023 12:43:28 Asia/Kolkata] PHP Notice:  Undefined index: __user_logid in /var/www/html/erpm/AppCode/nHead.php on line 2
[10-Jan-2023 12:44:53 Asia/Kolkata] PHP Notice:  Undefined index: __user_logid in /var/www/html/erpm/AppCode/nHead.php on line 2
[10-Jan-2023 12:44:55 Asia/Kolkata] PHP Warning:  mysqli_stmt::bind_param(): Number of elements in type definition string doesn't match number of bind variables in /var/www/html/erpm/Controller/ConLog.php on line 464
[10-Jan-2023 12:44:55 Asia/Kolkata] PHP Warning:  Use of undefined constant EMS_CenterName - assumed 'EMS_CenterName' (this will throw an Error in a future version of PHP) in /var/www/html/erpm/Controller/ConLog.php on line 470
[10-Jan-2023 12:44:55 Asia/Kolkata] PHP Warning:  Use of undefined constant EMAIL_HOST - assumed 'EMAIL_HOST' (this will throw an Error in a future version of PHP) in /var/www/html/erpm/Controller/ConLog.php on line 473
[10-Jan-2023 12:44:55 Asia/Kolkata] PHP Warning:  Use of undefined constant EMAIL_AUTH - assumed 'EMAIL_AUTH' (this will throw an Error in a future version of PHP) in /var/www/html/erpm/Controller/ConLog.php on line 474
[10-Jan-2023 12:44:55 Asia/Kolkata] PHP Warning:  Use of undefined constant EMAIL_USER - assumed 'EMAIL_USER' (this will throw an Error in a future version of PHP) in /var/www/html/erpm/Controller/ConLog.php on line 475
[10-Jan-2023 12:44:55 Asia/Kolkata] PHP Warning:  Use of undefined constant EMAIL_PASS - assumed 'EMAIL_PASS' (this will throw an Error in a future version of PHP) in /var/www/html/erpm/Controller/ConLog.php on line 476
[10-Jan-2023 12:44:55 Asia/Kolkata] PHP Warning:  Use of undefined constant EMAIL_SMTPSecure - assumed 'EMAIL_SMTPSecure' (this will throw an Error in a future version of PHP) in /var/www/html/erpm/Controller/ConLog.php on line 477
[10-Jan-2023 12:44:55 Asia/Kolkata] PHP Warning:  Use of undefined constant EMAIL_PORT - assumed 'EMAIL_PORT' (this will throw an Error in a future version of PHP) in /var/www/html/erpm/Controller/ConLog.php on line 478
[10-Jan-2023 12:44:55 Asia/Kolkata] PHP Warning:  Use of undefined constant EMAIL_FROM - assumed 'EMAIL_FROM' (this will throw an Error in a future version of PHP) in /var/www/html/erpm/Controller/ConLog.php on line 479
[10-Jan-2023 12:44:55 Asia/Kolkata] PHP Warning:  Use of undefined constant EMS_CenterName - assumed 'EMS_CenterName' (this will throw an Error in a future version of PHP) in /var/www/html/erpm/Controller/ConLog.php on line 482
[10-Jan-2023 12:46:26 Asia/Kolkata] PHP Warning:  mysqli_stmt::bind_param(): Number of elements in type definition string doesn't match number of bind variables in /var/www/html/erpm/Controller/ConLog.php on line 464
[10-Jan-2023 12:46:26 Asia/Kolkata] PHP Warning:  Use of undefined constant EMS_CenterName - assumed 'EMS_CenterName' (this will throw an Error in a future version of PHP) in /var/www/html/erpm/Controller/ConLog.php on line 470
[10-Jan-2023 12:46:26 Asia/Kolkata] PHP Warning:  Use of undefined constant EMAIL_HOST - assumed 'EMAIL_HOST' (this will throw an Error in a future version of PHP) in /var/www/html/erpm/Controller/ConLog.php on line 473
[10-Jan-2023 12:46:26 Asia/Kolkata] PHP Warning:  Use of undefined constant EMAIL_AUTH - assumed 'EMAIL_AUTH' (this will throw an Error in a future version of PHP) in /var/www/html/erpm/Controller/ConLog.php on line 474
[10-Jan-2023 12:46:26 Asia/Kolkata] PHP Warning:  Use of undefined constant EMAIL_USER - assumed 'EMAIL_USER' (this will throw an Error in a future version of PHP) in /var/www/html/erpm/Controller/ConLog.php on line 475
[10-Jan-2023 12:46:26 Asia/Kolkata] PHP Warning:  Use of undefined constant EMAIL_PASS - assumed 'EMAIL_PASS' (this will throw an Error in a future version of PHP) in /var/www/html/erpm/Controller/ConLog.php on line 476
[10-Jan-2023 12:46:26 Asia/Kolkata] PHP Warning:  Use of undefined constant EMAIL_SMTPSecure - assumed 'EMAIL_SMTPSecure' (this will throw an Error in a future version of PHP) in /var/www/html/erpm/Controller/ConLog.php on line 477
[10-Jan-2023 12:46:26 Asia/Kolkata] PHP Warning:  Use of undefined constant EMAIL_PORT - assumed 'EMAIL_PORT' (this will throw an Error in a future version of PHP) in /var/www/html/erpm/Controller/ConLog.php on line 478
[10-Jan-2023 12:46:26 Asia/Kolkata] PHP Warning:  Use of undefined constant EMAIL_FROM - assumed 'EMAIL_FROM' (this will throw an Error in a future version of PHP) in /var/www/html/erpm/Controller/ConLog.php on line 479
[10-Jan-2023 12:46:26 Asia/Kolkata] PHP Warning:  Use of undefined constant EMS_CenterName - assumed 'EMS_CenterName' (this will throw an Error in a future version of PHP) in /var/www/html/erpm/Controller/ConLog.php on line 482
[10-Jan-2023 12:47:40 Asia/Kolkata] PHP Notice:  Undefined index: __user_logid in /var/www/html/erpm/AppCode/nHead.php on line 2
[10-Jan-2023 12:51:08 Asia/Kolkata] PHP Notice:  Trying to get property 'status' of non-object in /var/www/html/erpm/View/sign_up.php on line 44
[10-Jan-2023 12:51:08 Asia/Kolkata] PHP Notice:  Trying to get property 'status' of non-object in /var/www/html/erpm/View/sign_up.php on line 48
[10-Jan-2023 12:57:04 Asia/Kolkata] PHP Notice:  Undefined index: __user_logid in /var/www/html/erpm/AppCode/nHead.php on line 2
[10-Jan-2023 12:57:30 Asia/Kolkata] PHP Notice:  Undefined index: __user_logid in /var/www/html/erpm/AppCode/nHead.php on line 2
[10-Jan-2023 12:57:48 Asia/Kolkata] PHP Notice:  Undefined index: emp_status in /var/www/html/erpm/View/rpt_sentMessageAck.php on line 125
[10-Jan-2023 12:58:13 Asia/Kolkata] PHP Notice:  Undefined index: emp_status in /var/www/html/erpm/View/rpt_sentMessageAck.php on line 125
